{"activity_id":99,"activity_name":"Object Access","actor":{"session":{"uid":"0xce383f52"},"user":{"account":{"name":"qqwu$","type":"Windows Account","type_id":2,"uid":"SOI\\qqwu"},"domain":"SOI","name":"qqwu$","uid":"SOI\\qqwu"}},"category_name":"Identity & Access Management","category_uid":3,"class_name":"Entity Management","class_uid":3004,"device":{"hostname":"szusoidc1.soi.dir.acme080.com","os":{"name":"Windows","type":"Windows","type_id":100},"type":"Unknown","type_id":0},"entity":{"name":"CN=STLRDC4,OU=RDS,OU=Servers,OU=NetMan,DC=soi,DC=dir,DC=acme080,DC=com","type":"computer","uid":"0x0"},"message":"An operation was performed on an object.","metadata":{"event_code":"4662","log_name":"Security","log_provider":"Microsoft Windows security auditing.","original_time":"01/14/2015 02:39:37 PM","product":{"name":"Microsoft Windows","vendor_name":"Microsoft"},"profiles":["host"],"sequence":989131367,"uid":"8ab58aafaa05ee47df31c92ef43e8ef3","version":"1.4.0"},"observables":[{"name":"device","type":"Endpoint","type_id":20},{"name":"device.hostname","type":"Hostname","type_id":1,"value":"szusoidc1.soi.dir.acme080.com"},{"name":"actor.user","type":"User","type_id":21},{"name":"actor.user.account.uid","type":"Account Object: uid","type_id":35,"value":"SOI\\qqwu"},{"name":"actor.user.account.name","type":"Account Object: name","type_id":34,"value":"qqwu$"},{"name":"actor.user.name","type":"User Name","type_id":4,"value":"qqwu$"},{"name":"actor.user.uid","type":"User Object: uid","type_id":31,"value":"SOI\\qqwu"}],"raw_data":"01/14/2015 02:39:37 PM\nLogName=Security\nSourceName=Microsoft Windows security auditing.\nEventCode=4662\nEventType=0\nType=Information\nComputerName=szusoidc1.soi.dir.acme080.com\nTaskCategory=Directory Service Access\nOpCode=Info\nRecordNumber=989131367\nCaseID=AD_4662\nKeywords=Audit Success\nMessage=An operation was performed on an object.\nSubject :\n    Security ID:        SOI\\qqwu\n    Account Name:       qqwu$\n    Account Domain:     SOI\n    Logon ID:       0xce383f52\nObject:\n    Object Server:      DS\n    Object Type:        computer\n    Object Name:        CN=STLRDC4,OU=RDS,OU=Servers,OU=NetMan,DC=soi,DC=dir,DC=acme080,DC=com\n    Handle ID:      0x0\nOperation:\n    Operation Type:     Object Access\n    Accesses:       Read Property\n\n    Access Mask:        0x10\n    Properties:     Read Property\n        Public Information\n            objectClass\n    computer\nAdditional Information:\n    Parameter 1:        -\n    Parameter 2:\n","severity":"Informational","severity_id":1,"status":"Success","status_id":1,"time":1421246377000,"type_name":"Entity Management: Other","type_uid":300499,"unmapped":{"Access Mask":"0x10","Additional Information":{"Parameter 1":"-","Parameter 2":""},"CaseID":"AD_4662","EventType":"0","Object":{"Object Server":"DS"},"OpCode":"Info","Operation":{"Accesses":"Read Property"},"Properties":["Read Property","Public Information","objectClass","computer"],"TaskCategory":"Directory Service Access"}}
{"activity_id":99,"activity_name":"Object Access","actor":{"session":{"uid":"0xce383f52"},"user":{"account":{"name":"qqwu$hello","type":"Windows Account","type_id":2,"uid":"SOI\\qqwu"},"domain":"SOI","name":"qqwu$hello","uid":"SOI\\qqwu"}},"category_name":"Identity & Access Management","category_uid":3,"class_name":"Entity Management","class_uid":3004,"device":{"hostname":"szusoidc1.soi.dir.acme080.com","os":{"name":"Windows","type":"Windows","type_id":100},"type":"Unknown","type_id":0},"entity":{"name":"CN=STLRDC4,OU=RDS,OU=Servers,OU=NetMan,DC=soi,DC=dir,DC=acme080,DC=com","type":"computer","uid":"0x0"},"message":"An operation was performed on an object.","metadata":{"event_code":"4662","log_name":"Security","log_provider":"Microsoft Windows security auditing.","original_time":"01/14/2015 02:39:37 PM","product":{"name":"Microsoft Windows","vendor_name":"Microsoft"},"profiles":["host"],"sequence":989131367,"uid":"eab1702e8a42fd19eabfb8a54bb8687e","version":"1.4.0"},"observables":[{"name":"actor.user","type":"User","type_id":21},{"name":"actor.user.account.uid","type":"Account Object: uid","type_id":35,"value":"SOI\\qqwu"},{"name":"actor.user.account.name","type":"Account Object: name","type_id":34,"value":"qqwu$hello"},{"name":"actor.user.name","type":"User Name","type_id":4,"value":"qqwu$hello"},{"name":"actor.user.uid","type":"User Object: uid","type_id":31,"value":"SOI\\qqwu"},{"name":"device","type":"Endpoint","type_id":20},{"name":"device.hostname","type":"Hostname","type_id":1,"value":"szusoidc1.soi.dir.acme080.com"}],"raw_data":"01/14/2015 02:39:37 PM\nLogName=Security\nSourceName=Microsoft Windows security auditing.\nEventCode=4662\nEventType=0\nType=Information\nComputerName=szusoidc1.soi.dir.acme080.com\nTaskCategory=Directory Service Access\nOpCode=Info\nRecordNumber=989131367\nCaseID=AD_4662\nKeywords=Audit Success\nMessage=An operation was performed on an object.\nSubject :\n    Security ID:        SOI\\qqwu\n    Account Name:       qqwu$hello\n    Account Domain:     SOI\n    Logon ID:       0xce383f52\nObject:\n    Object Server:      DS\n    Object Type:        computer\n    Object Name:        CN=STLRDC4,OU=RDS,OU=Servers,OU=NetMan,DC=soi,DC=dir,DC=acme080,DC=com\n    Handle ID:      0x0\nOperation:\n    Operation Type:     Object Access\n    Accesses:       Read Property\n\n    Access Mask:        0x10\n    Properties:     Read Property\n        Public Information\n            objectClass\n    computer\nAdditional Information:\n    Parameter 1:        -\n    Parameter 2:\n","severity":"Informational","severity_id":1,"status":"Success","status_id":1,"time":1421246377000,"type_name":"Entity Management: Other","type_uid":300499,"unmapped":{"Access Mask":"0x10","Additional Information":{"Parameter 1":"-","Parameter 2":""},"CaseID":"AD_4662","EventType":"0","Object":{"Object Server":"DS"},"OpCode":"Info","Operation":{"Accesses":"Read Property"},"Properties":["Read Property","Public Information","objectClass","computer"],"TaskCategory":"Directory Service Access"}}
{"activity_id":1,"activity_name":"Access","actor":{"process":{"file":{"name":"services.exe","parent_folder":"C:\\Windows\\System32","path":"C:\\Windows\\System32\\services.exe","type":"Regular File","type_id":1},"pid":532},"session":{"uid":"0x3e7"},"user":{"account":{"name":"SZUSOIDC1$","type":"Windows Account","type_id":2,"uid":"NT AUTHORITY\\SYSTEM"},"domain":"SOI","name":"SZUSOIDC1$","uid":"NT AUTHORITY\\SYSTEM"}},"category_name":"System Activity","category_uid":1,"class_name":"Windows Resource Activity","class_uid":201003,"device":{"hostname":"szusoidc1.soi.dir.acme080.com","os":{"name":"Windows","type":"Windows","type_id":100},"type":"Unknown","type_id":0},"message":"An attempt was made to access an object.","metadata":{"event_code":"4663","log_name":"Security","log_provider":"Microsoft Windows security auditing.","original_time":"01/14/2015 08:30:54 PM","product":{"name":"Microsoft Windows","vendor_name":"Microsoft"},"profiles":["host"],"sequence":989202992,"uid":"278abdf8b274bad11f6edd05b003b29f","version":"1.4.0"},"observables":[{"name":"actor.process","type":"Process","type_id":25},{"name":"actor.process.file","type":"File","type_id":24},{"name":"actor.process.file.name","type":"File Name","type_id":7,"value":"services.exe"},{"name":"actor.process.pid","type":"Process ID","type_id":15,"value":"532"},{"name":"actor.user","type":"User","type_id":21},{"name":"actor.user.uid","type":"User Object: uid","type_id":31,"value":"NT AUTHORITY\\SYSTEM"},{"name":"actor.user.account.uid","type":"Account Object: uid","type_id":35,"value":"NT AUTHORITY\\SYSTEM"},{"name":"actor.user.account.name","type":"Account Object: name","type_id":34,"value":"SZUSOIDC1$"},{"name":"actor.user.name","type":"User Name","type_id":4,"value":"SZUSOIDC1$"},{"name":"device","type":"Endpoint","type_id":20},{"name":"device.hostname","type":"Hostname","type_id":1,"value":"szusoidc1.soi.dir.acme080.com"}],"raw_data":"01/14/2015 08:30:54 PM\nLogName=Security\nSourceName=Microsoft Windows security auditing.\nEventCode=4663\nEventType=0\nType=Information\nComputerName=szusoidc1.soi.dir.acme080.com\nTaskCategory=Registry\nOpCode=Info\nRecordNumber=989202992\nCaseID=AD_4663\nKeywords=Audit Success\nMessage=An attempt was made to access an object.\nSubject:\n    Security ID:        NT AUTHORITY\\SYSTEM\n    Account Name:       SZUSOIDC1$\n    Account Domain:     SOI\n    Logon ID:       0x3e7\nObject:\n    Object Server:  Security\n    Object Type:    Key\n    Object Name:    \\REGISTRY\\MACHINE\\SYSTEM\\ControlSet001\\Services\\EventLog\\Security\n    Handle ID:  0x564\nProcess Information:\n    Process ID: 0x214\n    Process Name:   C:\\Windows\\System32\\services.exe\nAccess Request Information:\n    Accesses:   Set key value\n\n    Access Mask:    0x2\n","severity":"Informational","severity_id":1,"status":"Success","status_id":1,"time":1421267454000,"type_name":"Windows Resource Activity: Access","type_uid":20100301,"unmapped":{"Access Mask":"0x2","Access Request Information":{"Accesses":"Set key value"},"CaseID":"AD_4663","EventType":"0","Object":{"Object Server":"Security"},"OpCode":"Info","TaskCategory":"Registry"},"win_resource":{"name":"\\REGISTRY\\MACHINE\\SYSTEM\\ControlSet001\\Services\\EventLog\\Security","type":"Key","type_id":25,"uid":"0x564"}}
{"activity_id":1,"activity_name":"Access","actor":{"process":{"file":{"name":"osqueryd.exe","parent_folder":"C:\\Program Files\\Kolide\\Launcher-launcher\\bin","path":"C:\\Program Files\\Kolide\\Launcher-launcher\\bin\\osqueryd.exe","type":"Regular File","type_id":1},"pid":5728},"session":{"uid":"0x3E7"},"user":{"account":{"name":"SESWIN2019DC1$","type":"Windows Account","type_id":2,"uid":"S-1-5-18"},"domain":"SESTEST","name":"SESWIN2019DC1$","uid":"S-1-5-18"}},"category_name":"System Activity","category_uid":1,"class_name":"Windows Resource Activity","class_uid":201003,"device":{"hostname":"SesWin2019DC1.SesTest.local","os":{"name":"Windows","type":"Windows","type_id":100},"type":"Unknown","type_id":0},"message":"An attempt was made to access an object.","metadata":{"event_code":"4663","log_name":"Security","log_provider":"Microsoft Windows security auditing.","original_time":"01/12/2022 05:41:54 PM","product":{"name":"Microsoft Windows","vendor_name":"Microsoft"},"profiles":["host"],"sequence":312883,"uid":"10f4a8e5fa72a4481007a9e1efae2198","version":"1.4.0"},"observables":[{"name":"actor.user","type":"User","type_id":21},{"name":"actor.user.account.uid","type":"Account Object: uid","type_id":35,"value":"S-1-5-18"},{"name":"actor.user.account.name","type":"Account Object: name","type_id":34,"value":"SESWIN2019DC1$"},{"name":"actor.user.name","type":"User Name","type_id":4,"value":"SESWIN2019DC1$"},{"name":"actor.user.uid","type":"User Object: uid","type_id":31,"value":"S-1-5-18"},{"name":"actor.process","type":"Process","type_id":25},{"name":"actor.process.file","type":"File","type_id":24},{"name":"actor.process.file.name","type":"File Name","type_id":7,"value":"osqueryd.exe"},{"name":"actor.process.pid","type":"Process ID","type_id":15,"value":"5728"},{"name":"device","type":"Endpoint","type_id":20},{"name":"device.hostname","type":"Hostname","type_id":1,"value":"SesWin2019DC1.SesTest.local"}],"raw_data":"01/12/2022 05:41:54 PM\nLogName=Security\nEventCode=4663\nEventType=0\nComputerName=SesWin2019DC1.SesTest.local\nSourceName=Microsoft Windows security auditing.\nType=Information\nRecordNumber=312883\nKeywords=Audit Success\nTaskCategory=Kernel Object\nOpCode=Info\nMessage=An attempt was made to access an object.\n\nSubject:\n\tSecurity ID:\t\tS-1-5-18\n\tAccount Name:\t\tSESWIN2019DC1$\n\tAccount Domain:\t\tSESTEST\n\tLogon ID:\t\t0x3E7\n\nObject:\n\tObject Server:\t\tSecurity\n\tObject Type:\t\tProcess\n\tObject Name:\t\t\\Device\\HarddiskVolume1\\Windows\\System32\\lsass.exe\n\tHandle ID:\t\t0x75c\n\tResource Attributes:\t-\n\nProcess Information:\n\tProcess ID:\t\t0x1660\n\tProcess Name:\t\tC:\\Program Files\\Kolide\\Launcher-launcher\\bin\\osqueryd.exe\n\nAccess Request Information:\n\tAccesses:\t\tRead from process memory\n\t\t\t\t\n\tAccess Mask:\t\t0x10","severity":"Informational","severity_id":1,"status":"Success","status_id":1,"time":1642009314000,"type_name":"Windows Resource Activity: Access","type_uid":20100301,"unmapped":{"Access Mask":"0x10","Access Request Information":{"Accesses":"Read from process memory"},"EventType":"0","Object":{"Object Server":"Security","Resource Attributes":"-"},"OpCode":"Info","TaskCategory":"Kernel Object"},"win_resource":{"name":"\\Device\\HarddiskVolume1\\Windows\\System32\\lsass.exe","type":"Process","type_id":20,"uid":"0x75c"}}
{"activity_id":1,"activity_name":"Access","actor":{"process":{"file":{"name":"wevtutil.exe","parent_folder":"C:\\Windows\\System32","path":"C:\\Windows\\System32\\wevtutil.exe","type":"Regular File","type_id":1},"pid":4500},"session":{"uid":"0x3E7"},"user":{"account":{"name":"SESWIN2019DC1$","type":"Windows Account","type_id":2,"uid":"NT AUTHORITY\\SYSTEM"},"domain":"SESTEST","name":"SESWIN2019DC1$","uid":"NT AUTHORITY\\SYSTEM"}},"category_name":"System Activity","category_uid":1,"class_name":"Windows Resource Activity","class_uid":201003,"device":{"hostname":"SesWin2019DC1.SesTest.local","os":{"name":"Windows","type":"Windows","type_id":100},"type":"Unknown","type_id":0},"message":"An attempt was made to access an object.","metadata":{"event_code":"4663","log_name":"Security","log_provider":"Microsoft Windows security auditing.","original_time":"01/20/2022 07:47:01 AM","product":{"name":"Microsoft Windows","vendor_name":"Microsoft"},"profiles":["host"],"sequence":335940,"uid":"fb772e6454d8bf26732de87d224ab052","version":"1.4.0"},"observables":[{"name":"device","type":"Endpoint","type_id":20},{"name":"device.hostname","type":"Hostname","type_id":1,"value":"SesWin2019DC1.SesTest.local"},{"name":"actor.process","type":"Process","type_id":25},{"name":"actor.process.pid","type":"Process ID","type_id":15,"value":"4500"},{"name":"actor.process.file","type":"File","type_id":24},{"name":"actor.process.file.name","type":"File Name","type_id":7,"value":"wevtutil.exe"},{"name":"actor.user","type":"User","type_id":21},{"name":"actor.user.uid","type":"User Object: uid","type_id":31,"value":"NT AUTHORITY\\SYSTEM"},{"name":"actor.user.account.uid","type":"Account Object: uid","type_id":35,"value":"NT AUTHORITY\\SYSTEM"},{"name":"actor.user.account.name","type":"Account Object: name","type_id":34,"value":"SESWIN2019DC1$"},{"name":"actor.user.name","type":"User Name","type_id":4,"value":"SESWIN2019DC1$"}],"raw_data":"01/20/2022 07:47:01 AM\nLogName=Security\nEventCode=4663\nEventType=0\nComputerName=SesWin2019DC1.SesTest.local\nSourceName=Microsoft Windows security auditing.\nType=Information\nRecordNumber=335940\nKeywords=Audit Success\nTaskCategory=Registry\nOpCode=Info\nMessage=An attempt was made to access an object.\n\nSubject:\n\tSecurity ID:\t\tNT AUTHORITY\\SYSTEM\n\tAccount Name:\t\tSESWIN2019DC1$\n\tAccount Domain:\t\tSESTEST\n\tLogon ID:\t\t0x3E7\n\nObject:\n\tObject Server:\t\tSecurity\n\tObject Type:\t\tKey\n\tObject Name:\t\t\\REGISTRY\\MACHINE\\SYSTEM\\ControlSet001\\Control\\WMI\\Autologger\\EventLog-System\\{11cd958a-c507-4ef3-b3f2-5fd9dfbd2c78}\n\tHandle ID:\t\t0x1e0\n\tResource Attributes:\t-\n\nProcess Information:\n\tProcess ID:\t\t0x1194\n\tProcess Name:\t\tC:\\Windows\\System32\\wevtutil.exe\n\nAccess Request Information:\n\tAccesses:\t\tSet key value\n\t\t\t\t\n\tAccess Mask:\t\t0x2","severity":"Informational","severity_id":1,"status":"Success","status_id":1,"time":1642664821000,"type_name":"Windows Resource Activity: Access","type_uid":20100301,"unmapped":{"Access Mask":"0x2","Access Request Information":{"Accesses":"Set key value"},"EventType":"0","Object":{"Object Server":"Security","Resource Attributes":"-"},"OpCode":"Info","TaskCategory":"Registry"},"win_resource":{"name":"\\REGISTRY\\MACHINE\\SYSTEM\\ControlSet001\\Control\\WMI\\Autologger\\EventLog-System\\{11cd958a-c507-4ef3-b3f2-5fd9dfbd2c78}","type":"Key","type_id":25,"uid":"0x1e0"}}
{"activity_id":1,"activity_name":"Access","actor":{"process":{"file":{"name":"GoogleUpdate.exe","parent_folder":"C:\\Program Files (x86)\\Google\\Update","path":"C:\\Program Files (x86)\\Google\\Update\\GoogleUpdate.exe","type":"Regular File","type_id":1},"pid":316},"session":{"uid":"0x3E7"},"user":{"account":{"name":"SESWIN2012-1$","type":"Windows Account","type_id":2,"uid":"NT AUTHORITY\\SYSTEM"},"domain":"SESTEST","name":"SESWIN2012-1$","uid":"NT AUTHORITY\\SYSTEM"}},"category_name":"System Activity","category_uid":1,"class_name":"Windows Resource Activity","class_uid":201003,"device":{"hostname":"SesWin2012-1.SesTest.local","os":{"name":"Windows","type":"Windows","type_id":100},"type":"Unknown","type_id":0},"message":"An attempt was made to access an object.","metadata":{"event_code":"4663","log_name":"Security","log_provider":"Microsoft Windows security auditing.","original_time":"01/20/2022 01:10:15 PM","product":{"name":"Microsoft Windows","vendor_name":"Microsoft"},"profiles":["host"],"sequence":148578,"uid":"77d3a424bdab2ac4fc8b3b4fa8bd3480","version":"1.4.0"},"observables":[{"name":"device","type":"Endpoint","type_id":20},{"name":"device.hostname","type":"Hostname","type_id":1,"value":"SesWin2012-1.SesTest.local"},{"name":"actor.process","type":"Process","type_id":25},{"name":"actor.process.file","type":"File","type_id":24},{"name":"actor.process.file.name","type":"File Name","type_id":7,"value":"GoogleUpdate.exe"},{"name":"actor.process.pid","type":"Process ID","type_id":15,"value":"316"},{"name":"actor.user","type":"User","type_id":21},{"name":"actor.user.name","type":"User Name","type_id":4,"value":"SESWIN2012-1$"},{"name":"actor.user.uid","type":"User Object: uid","type_id":31,"value":"NT AUTHORITY\\SYSTEM"},{"name":"actor.user.account.uid","type":"Account Object: uid","type_id":35,"value":"NT AUTHORITY\\SYSTEM"},{"name":"actor.user.account.name","type":"Account Object: name","type_id":34,"value":"SESWIN2012-1$"}],"raw_data":"01/20/2022 01:10:15 PM\nLogName=Security\nEventCode=4663\nEventType=0\nComputerName=SesWin2012-1.SesTest.local\nSourceName=Microsoft Windows security auditing.\nType=Information\nRecordNumber=148578\nKeywords=Audit Success\nTaskCategory=Kernel Object\nOpCode=Info\nMessage=An attempt was made to access an object.\n\nSubject:\n\tSecurity ID:\t\tNT AUTHORITY\\SYSTEM\n\tAccount Name:\t\tSESWIN2012-1$\n\tAccount Domain:\t\tSESTEST\n\tLogon ID:\t\t0x3E7\n\nObject:\n\tObject Server:\t\tSecurity\n\tObject Type:\t\tProcess\n\tObject Name:\t\t\\Device\\HarddiskVolume2\\Windows\\System32\\lsass.exe\n\tHandle ID:\t\t0x4ec\n\tResource Attributes:\t-\n\nProcess Information:\n\tProcess ID:\t\t0x13c\n\tProcess Name:\t\tC:\\Program Files (x86)\\Google\\Update\\GoogleUpdate.exe\n\nAccess Request Information:\n\tAccesses:\t\tRead from process memory\n\t\t\t\t\n\tAccess Mask:\t\t0x10","severity":"Informational","severity_id":1,"status":"Success","status_id":1,"time":1642684215000,"type_name":"Windows Resource Activity: Access","type_uid":20100301,"unmapped":{"Access Mask":"0x10","Access Request Information":{"Accesses":"Read from process memory"},"EventType":"0","Object":{"Object Server":"Security","Resource Attributes":"-"},"OpCode":"Info","TaskCategory":"Kernel Object"},"win_resource":{"name":"\\Device\\HarddiskVolume2\\Windows\\System32\\lsass.exe","type":"Process","type_id":20,"uid":"0x4ec"}}
{"activity_id":1,"activity_name":"Access","actor":{"process":{"file":{"name":"MsMpEng.exe","parent_folder":"C:\\ProgramData\\Microsoft\\Windows Defender\\Platform\\4.18.2111.5-0","path":"C:\\ProgramData\\Microsoft\\Windows Defender\\Platform\\4.18.2111.5-0\\MsMpEng.exe","type":"Regular File","type_id":1},"pid":3348},"session":{"uid":"0x3E7"},"user":{"account":{"name":"SESWIN2019DC1$","type":"Windows Account","type_id":2,"uid":"NT AUTHORITY\\SYSTEM"},"domain":"SESTEST","name":"SESWIN2019DC1$","uid":"NT AUTHORITY\\SYSTEM"}},"category_name":"System Activity","category_uid":1,"class_name":"Windows Resource Activity","class_uid":201003,"device":{"hostname":"SesWin2019DC1.SesTest.local","os":{"name":"Windows","type":"Windows","type_id":100},"type":"Unknown","type_id":0},"message":"An attempt was made to access an object.","metadata":{"event_code":"4663","log_name":"Security","log_provider":"Microsoft Windows security auditing.","original_time":"01/20/2022 07:58:17 AM","product":{"name":"Microsoft Windows","vendor_name":"Microsoft"},"profiles":["host"],"sequence":336147,"uid":"08c67f203fe28fce99a7ae27639c6c40","version":"1.4.0"},"observables":[{"name":"actor.user","type":"User","type_id":21},{"name":"actor.user.account.uid","type":"Account Object: uid","type_id":35,"value":"NT AUTHORITY\\SYSTEM"},{"name":"actor.user.account.name","type":"Account Object: name","type_id":34,"value":"SESWIN2019DC1$"},{"name":"actor.user.name","type":"User Name","type_id":4,"value":"SESWIN2019DC1$"},{"name":"actor.user.uid","type":"User Object: uid","type_id":31,"value":"NT AUTHORITY\\SYSTEM"},{"name":"actor.process","type":"Process","type_id":25},{"name":"actor.process.file","type":"File","type_id":24},{"name":"actor.process.file.name","type":"File Name","type_id":7,"value":"MsMpEng.exe"},{"name":"actor.process.pid","type":"Process ID","type_id":15,"value":"3348"},{"name":"device","type":"Endpoint","type_id":20},{"name":"device.hostname","type":"Hostname","type_id":1,"value":"SesWin2019DC1.SesTest.local"}],"raw_data":"01/20/2022 07:58:17 AM\nLogName=Security\nEventCode=4663\nEventType=0\nComputerName=SesWin2019DC1.SesTest.local\nSourceName=Microsoft Windows security auditing.\nType=Information\nRecordNumber=336147\nKeywords=Audit Success\nTaskCategory=Kernel Object\nOpCode=Info\nMessage=An attempt was made to access an object.\n\nSubject:\n\tSecurity ID:\t\tNT AUTHORITY\\SYSTEM\n\tAccount Name:\t\tSESWIN2019DC1$\n\tAccount Domain:\t\tSESTEST\n\tLogon ID:\t\t0x3E7\n\nObject:\n\tObject Server:\t\tSecurity\n\tObject Type:\t\tProcess\n\tObject Name:\t\t\\Device\\HarddiskVolume1\\Windows\\System32\\lsass.exe\n\tHandle ID:\t\t0xd9c\n\tResource Attributes:\t-\n\nProcess Information:\n\tProcess ID:\t\t0xd14\n\tProcess Name:\t\tC:\\ProgramData\\Microsoft\\Windows Defender\\Platform\\4.18.2111.5-0\\MsMpEng.exe\n\nAccess Request Information:\n\tAccesses:\t\tRead from process memory\n\t\t\t\t\n\tAccess Mask:\t\t0x10","severity":"Informational","severity_id":1,"status":"Success","status_id":1,"time":1642665497000,"type_name":"Windows Resource Activity: Access","type_uid":20100301,"unmapped":{"Access Mask":"0x10","Access Request Information":{"Accesses":"Read from process memory"},"EventType":"0","Object":{"Object Server":"Security","Resource Attributes":"-"},"OpCode":"Info","TaskCategory":"Kernel Object"},"win_resource":{"name":"\\Device\\HarddiskVolume1\\Windows\\System32\\lsass.exe","type":"Process","type_id":20,"uid":"0xd9c"}}
{"activity_id":1,"activity_name":"Access","actor":{"process":{"file":{"name":"WmiPrvSE.exe","parent_folder":"C:\\Windows\\System32\\wbem","path":"C:\\Windows\\System32\\wbem\\WmiPrvSE.exe","type":"Regular File","type_id":1},"pid":3328},"session":{"uid":"0x3E7"},"user":{"account":{"name":"SESWIN2012-1$","type":"Windows Account","type_id":2,"uid":"NT AUTHORITY\\SYSTEM"},"domain":"SESTEST","name":"SESWIN2012-1$","uid":"NT AUTHORITY\\SYSTEM"}},"category_name":"System Activity","category_uid":1,"class_name":"Windows Resource Activity","class_uid":201003,"device":{"hostname":"SesWin2012-1.SesTest.local","os":{"name":"Windows","type":"Windows","type_id":100},"type":"Unknown","type_id":0},"message":"An attempt was made to access an object.","metadata":{"event_code":"4663","log_name":"Security","log_provider":"Microsoft Windows security auditing.","original_time":"01/20/2022 12:47:51 PM","product":{"name":"Microsoft Windows","vendor_name":"Microsoft"},"profiles":["host"],"sequence":148572,"uid":"6a08ae88d123b5c966ce2b7589140f1f","version":"1.4.0"},"observables":[{"name":"actor.process","type":"Process","type_id":25},{"name":"actor.process.file","type":"File","type_id":24},{"name":"actor.process.file.name","type":"File Name","type_id":7,"value":"WmiPrvSE.exe"},{"name":"actor.process.pid","type":"Process ID","type_id":15,"value":"3328"},{"name":"actor.user","type":"User","type_id":21},{"name":"actor.user.account.name","type":"Account Object: name","type_id":34,"value":"SESWIN2012-1$"},{"name":"actor.user.account.uid","type":"Account Object: uid","type_id":35,"value":"NT AUTHORITY\\SYSTEM"},{"name":"actor.user.name","type":"User Name","type_id":4,"value":"SESWIN2012-1$"},{"name":"actor.user.uid","type":"User Object: uid","type_id":31,"value":"NT AUTHORITY\\SYSTEM"},{"name":"device","type":"Endpoint","type_id":20},{"name":"device.hostname","type":"Hostname","type_id":1,"value":"SesWin2012-1.SesTest.local"}],"raw_data":"01/20/2022 12:47:51 PM\nLogName=Security\nEventCode=4663\nEventType=0\nComputerName=SesWin2012-1.SesTest.local\nSourceName=Microsoft Windows security auditing.\nType=Information\nRecordNumber=148572\nKeywords=Audit Success\nTaskCategory=Kernel Object\nOpCode=Info\nMessage=An attempt was made to access an object.\n\nSubject:\n\tSecurity ID:\t\tNT AUTHORITY\\SYSTEM\n\tAccount Name:\t\tSESWIN2012-1$\n\tAccount Domain:\t\tSESTEST\n\tLogon ID:\t\t0x3E7\n\nObject:\n\tObject Server:\t\tSecurity\n\tObject Type:\t\tProcess\n\tObject Name:\t\t\\Device\\HarddiskVolume2\\Windows\\System32\\lsass.exe\n\tHandle ID:\t\t0x42c\n\tResource Attributes:\t-\n\nProcess Information:\n\tProcess ID:\t\t0xd00\n\tProcess Name:\t\tC:\\Windows\\System32\\wbem\\WmiPrvSE.exe\n\nAccess Request Information:\n\tAccesses:\t\tRead from process memory\n\t\t\t\t\n\tAccess Mask:\t\t0x10","severity":"Informational","severity_id":1,"status":"Success","status_id":1,"time":1642682871000,"type_name":"Windows Resource Activity: Access","type_uid":20100301,"unmapped":{"Access Mask":"0x10","Access Request Information":{"Accesses":"Read from process memory"},"EventType":"0","Object":{"Object Server":"Security","Resource Attributes":"-"},"OpCode":"Info","TaskCategory":"Kernel Object"},"win_resource":{"name":"\\Device\\HarddiskVolume2\\Windows\\System32\\lsass.exe","type":"Process","type_id":20,"uid":"0x42c"}}
{"activity_id":1,"activity_name":"Assign Privileges","category_name":"Identity & Access Management","category_uid":3,"class_name":"Authorize Session","class_uid":3003,"device":{"hostname":"W177-RaviR.CDSYS.LOCAL","os":{"name":"Windows","type":"Windows","type_id":100},"type":"Unknown","type_id":0},"dst_endpoint":{"hostname":"W177-RaviR.CDSYS.LOCAL"},"message":"Special privileges assigned to new logon.","metadata":{"event_code":"4672","log_name":"Security","log_provider":"Microsoft Windows security auditing.","original_time":"11/30/2020 05:27:13 PM","product":{"name":"Microsoft Windows","vendor_name":"Microsoft"},"profiles":["host"],"sequence":33285,"uid":"5d80684b734930cc908b154b6c375d92","version":"1.4.0"},"observables":[{"name":"dst_endpoint","type":"Endpoint","type_id":20},{"name":"dst_endpoint.hostname","type":"Hostname","type_id":1,"value":"W177-RaviR.CDSYS.LOCAL"},{"name":"device","type":"Endpoint","type_id":20},{"name":"device.hostname","type":"Hostname","type_id":1,"value":"W177-RaviR.CDSYS.LOCAL"},{"name":"user","type":"User","type_id":21},{"name":"user.account.uid","type":"Account Object: uid","type_id":35,"value":"S-1-5-18"},{"name":"user.account.name","type":"Account Object: name","type_id":34,"value":"admin"},{"name":"user.uid","type":"User Object: uid","type_id":31,"value":"S-1-5-18"},{"name":"user.name","type":"User Name","type_id":4,"value":"admin"}],"privileges":["SeAssignPrimaryTokenPrivilege","SeTcbPrivilege","SeSecurityPrivilege","SeTakeOwnershipPrivilege","SeLoadDriverPrivilege","SeBackupPrivilege","SeRestorePrivilege","SeDebugPrivilege","SeAuditPrivilege","SeSystemEnvironmentPrivilege","SeImpersonatePrivilege","SeDelegateSessionUserImpersonatePrivilege"],"raw_data":"11/30/2020 05:27:13 PM\nLogName=Security\nEventCode=4672\nEventType=0\nComputerName=W177-RaviR.CDSYS.LOCAL\nSourceName=Microsoft Windows security auditing.\nType=Information\nRecordNumber=33285\nKeywords=Audit Success\nTaskCategory=Special Logon\nOpCode=Info\nMessage=Special privileges assigned to new logon.\n\nSubject:\n        Security ID:                S-1-5-18\n        Account Name:                admin\n        Account Domain:                NT AUTHORITY\n        Logon ID:                0x3E7\n\nPrivileges:                SeAssignPrimaryTokenPrivilege\n                        SeTcbPrivilege\n                        SeSecurityPrivilege\n                        SeTakeOwnershipPrivilege\n                        SeLoadDriverPrivilege\n                        SeBackupPrivilege\n                        SeRestorePrivilege\n                        SeDebugPrivilege\n                        SeAuditPrivilege\n                        SeSystemEnvironmentPrivilege\n                        SeImpersonatePrivilege\n                        SeDelegateSessionUserImpersonatePrivilege","session":{"uid":"0x3E7"},"severity":"Informational","severity_id":1,"status":"Success","status_id":1,"time":1606757233000,"type_name":"Authorize Session: Assign Privileges","type_uid":300301,"unmapped":{"EventType":"0","OpCode":"Info","TaskCategory":"Special Logon"},"user":{"account":{"name":"admin","type":"Windows Account","type_id":2,"uid":"S-1-5-18"},"domain":"NT AUTHORITY","name":"admin","uid":"S-1-5-18"}}
{"activity_id":1,"activity_name":"Assign Privileges","category_name":"Identity & Access Management","category_uid":3,"class_name":"Authorize Session","class_uid":3003,"device":{"hostname":"W177-RaviR.CDSYS.LOCAL","os":{"name":"Windows","type":"Windows","type_id":100},"type":"Unknown","type_id":0},"dst_endpoint":{"hostname":"W177-RaviR.CDSYS.LOCAL"},"message":"Special privileges assigned to new logon.","metadata":{"event_code":"4672","log_name":"Security","log_provider":"Microsoft Windows security auditing.","original_time":"11/30/2020 05:27:13 PM","product":{"name":"Microsoft Windows","vendor_name":"Microsoft"},"profiles":["host"],"sequence":33285,"uid":"63a04d1a04ab5c960c03b4c2cf222888","version":"1.4.0"},"observables":[{"name":"dst_endpoint","type":"Endpoint","type_id":20},{"name":"dst_endpoint.hostname","type":"Hostname","type_id":1,"value":"W177-RaviR.CDSYS.LOCAL"},{"name":"device","type":"Endpoint","type_id":20},{"name":"device.hostname","type":"Hostname","type_id":1,"value":"W177-RaviR.CDSYS.LOCAL"},{"name":"user","type":"User","type_id":21},{"name":"user.name","type":"User Name","type_id":4,"value":"W177-RaviR$"},{"name":"user.account.name","type":"Account Object: name","type_id":34,"value":"W177-RaviR$"},{"name":"user.account.uid","type":"Account Object: uid","type_id":35,"value":"S-1-5-18"},{"name":"user.uid","type":"User Object: uid","type_id":31,"value":"S-1-5-18"}],"privileges":["SeAssignPrimaryTokenPrivilege","SeTcbPrivilege","SeSecurityPrivilege","SeTakeOwnershipPrivilege","SeLoadDriverPrivilege","SeBackupPrivilege","SeRestorePrivilege","SeDebugPrivilege","SeAuditPrivilege","SeSystemEnvironmentPrivilege","SeImpersonatePrivilege","SeDelegateSessionUserImpersonatePrivilege"],"raw_data":"11/30/2020 05:27:13 PM\nLogName=Security\nEventCode=4672\nEventType=0\nComputerName=W177-RaviR.CDSYS.LOCAL\nSourceName=Microsoft Windows security auditing.\nType=Information\nRecordNumber=33285\nKeywords=Audit Success\nTaskCategory=Special Logon\nOpCode=Info\nMessage=Special privileges assigned to new logon.\n\nSubject:\n        Security ID:                S-1-5-18\n        Account Name:                W177-RaviR$\n        Account Domain:                NT AUTHORITY\n        Logon ID:                0x3E7\n\nPrivileges:                SeAssignPrimaryTokenPrivilege\n                        SeTcbPrivilege\n                        SeSecurityPrivilege\n                        SeTakeOwnershipPrivilege\n                        SeLoadDriverPrivilege\n                        SeBackupPrivilege\n                        SeRestorePrivilege\n                        SeDebugPrivilege\n                        SeAuditPrivilege\n                        SeSystemEnvironmentPrivilege\n                        SeImpersonatePrivilege\n                        SeDelegateSessionUserImpersonatePrivilege","session":{"uid":"0x3E7"},"severity":"Informational","severity_id":1,"status":"Success","status_id":1,"time":1606757233000,"type_name":"Authorize Session: Assign Privileges","type_uid":300301,"unmapped":{"EventType":"0","OpCode":"Info","TaskCategory":"Special Logon"},"user":{"account":{"name":"W177-RaviR$","type":"Windows Account","type_id":2,"uid":"S-1-5-18"},"domain":"NT AUTHORITY","name":"W177-RaviR$","uid":"S-1-5-18"}}
{"activity_id":1,"activity_name":"Assign Privileges","category_name":"Identity & Access Management","category_uid":3,"class_name":"Authorize Session","class_uid":3003,"device":{"hostname":"SesWin2012-1.SesTest.local","os":{"name":"Windows","type":"Windows","type_id":100},"type":"Unknown","type_id":0},"dst_endpoint":{"hostname":"SesWin2012-1.SesTest.local"},"message":"Special privileges assigned to new logon.","metadata":{"event_code":"4672","log_name":"Security","log_provider":"Microsoft Windows security auditing.","original_time":"01/07/2022 12:06:59 PM","product":{"name":"Microsoft Windows","vendor_name":"Microsoft"},"profiles":["host"],"sequence":131873,"uid":"927f586d9e2d2394d11cff44860644db","version":"1.4.0"},"observables":[{"name":"device","type":"Endpoint","type_id":20},{"name":"device.hostname","type":"Hostname","type_id":1,"value":"SesWin2012-1.SesTest.local"},{"name":"dst_endpoint","type":"Endpoint","type_id":20},{"name":"dst_endpoint.hostname","type":"Hostname","type_id":1,"value":"SesWin2012-1.SesTest.local"},{"name":"user","type":"User","type_id":21},{"name":"user.name","type":"User Name","type_id":4,"value":"SESWIN2012-1$"},{"name":"user.account.uid","type":"Account Object: uid","type_id":35,"value":"NT AUTHORITY\\SYSTEM"},{"name":"user.account.name","type":"Account Object: name","type_id":34,"value":"SESWIN2012-1$"},{"name":"user.uid","type":"User Object: uid","type_id":31,"value":"NT AUTHORITY\\SYSTEM"}],"privileges":["SeSecurityPrivilege","SeBackupPrivilege","SeRestorePrivilege","SeTakeOwnershipPrivilege","SeDebugPrivilege","SeSystemEnvironmentPrivilege","SeLoadDriverPrivilege","SeImpersonatePrivilege"],"raw_data":"01/07/2022 12:06:59 PM\nLogName=Security\nEventCode=4672\nEventType=0\nComputerName=SesWin2012-1.SesTest.local\nSourceName=Microsoft Windows security auditing.\nType=Information\nRecordNumber=131873\nKeywords=Audit Success\nTaskCategory=Special Logon\nOpCode=Info\nMessage=Special privileges assigned to new logon.\n\nSubject:\n\tSecurity ID:\t\tNT AUTHORITY\\SYSTEM\n\tAccount Name:\t\tSESWIN2012-1$\n\tAccount Domain:\t\tSESTEST\n\tLogon ID:\t\t0x106F3A9\n\nPrivileges:\t\tSeSecurityPrivilege\n\t\t\tSeBackupPrivilege\n\t\t\tSeRestorePrivilege\n\t\t\tSeTakeOwnershipPrivilege\n\t\t\tSeDebugPrivilege\n\t\t\tSeSystemEnvironmentPrivilege\n\t\t\tSeLoadDriverPrivilege\n\t\t\tSeImpersonatePrivilege","session":{"uid":"0x106F3A9"},"severity":"Informational","severity_id":1,"status":"Success","status_id":1,"time":1641557219000,"type_name":"Authorize Session: Assign Privileges","type_uid":300301,"unmapped":{"EventType":"0","OpCode":"Info","TaskCategory":"Special Logon"},"user":{"account":{"name":"SESWIN2012-1$","type":"Windows Account","type_id":2,"uid":"NT AUTHORITY\\SYSTEM"},"domain":"SESTEST","name":"SESWIN2012-1$","uid":"NT AUTHORITY\\SYSTEM"}}
{"activity_id":1,"activity_name":"Assign Privileges","category_name":"Identity & Access Management","category_uid":3,"class_name":"Authorize Session","class_uid":3003,"device":{"hostname":"SesWin2012-1.SesTest.local","os":{"name":"Windows","type":"Windows","type_id":100},"type":"Unknown","type_id":0},"dst_endpoint":{"hostname":"SesWin2012-1.SesTest.local"},"message":"Special privileges assigned to new logon.","metadata":{"event_code":"4672","log_name":"Security","log_provider":"Microsoft Windows security auditing.","original_time":"01/07/2022 12:00:52 PM","product":{"name":"Microsoft Windows","vendor_name":"Microsoft"},"profiles":["host"],"sequence":131854,"uid":"dbfa4e7f785f011046837347fed67a44","version":"1.4.0"},"observables":[{"name":"device","type":"Endpoint","type_id":20},{"name":"device.hostname","type":"Hostname","type_id":1,"value":"SesWin2012-1.SesTest.local"},{"name":"dst_endpoint","type":"Endpoint","type_id":20},{"name":"dst_endpoint.hostname","type":"Hostname","type_id":1,"value":"SesWin2012-1.SesTest.local"},{"name":"user","type":"User","type_id":21},{"name":"user.uid","type":"User Object: uid","type_id":31,"value":"SESWIN2012-1\\splunker"},{"name":"user.name","type":"User Name","type_id":4,"value":"splunker"},{"name":"user.account.uid","type":"Account Object: uid","type_id":35,"value":"SESWIN2012-1\\splunker"},{"name":"user.account.name","type":"Account Object: name","type_id":34,"value":"splunker"}],"privileges":["SeSecurityPrivilege","SeTakeOwnershipPrivilege","SeLoadDriverPrivilege","SeBackupPrivilege","SeRestorePrivilege","SeDebugPrivilege","SeSystemEnvironmentPrivilege","SeImpersonatePrivilege"],"raw_data":"01/07/2022 12:00:52 PM\nLogName=Security\nEventCode=4672\nEventType=0\nComputerName=SesWin2012-1.SesTest.local\nSourceName=Microsoft Windows security auditing.\nType=Information\nRecordNumber=131854\nKeywords=Audit Success\nTaskCategory=Special Logon\nOpCode=Info\nMessage=Special privileges assigned to new logon.\n\nSubject:\n\tSecurity ID:\t\tSESWIN2012-1\\splunker\n\tAccount Name:\t\tsplunker\n\tAccount Domain:\t\tSESWIN2012-1\n\tLogon ID:\t\t0x101A2AE\n\nPrivileges:\t\tSeSecurityPrivilege\n\t\t\tSeTakeOwnershipPrivilege\n\t\t\tSeLoadDriverPrivilege\n\t\t\tSeBackupPrivilege\n\t\t\tSeRestorePrivilege\n\t\t\tSeDebugPrivilege\n\t\t\tSeSystemEnvironmentPrivilege\n\t\t\tSeImpersonatePrivilege","session":{"uid":"0x101A2AE"},"severity":"Informational","severity_id":1,"status":"Success","status_id":1,"time":1641556852000,"type_name":"Authorize Session: Assign Privileges","type_uid":300301,"unmapped":{"EventType":"0","OpCode":"Info","TaskCategory":"Special Logon"},"user":{"account":{"name":"splunker","type":"Windows Account","type_id":2,"uid":"SESWIN2012-1\\splunker"},"domain":"SESWIN2012-1","name":"splunker","uid":"SESWIN2012-1\\splunker"}}
{"activity_id":1,"activity_name":"Assign Privileges","category_name":"Identity & Access Management","category_uid":3,"class_name":"Authorize Session","class_uid":3003,"device":{"hostname":"SesWin2012-1.SesTest.local","os":{"name":"Windows","type":"Windows","type_id":100},"type":"Unknown","type_id":0},"dst_endpoint":{"hostname":"SesWin2012-1.SesTest.local"},"message":"Special privileges assigned to new logon.","metadata":{"event_code":"4672","log_name":"Security","log_provider":"Microsoft Windows security auditing.","original_time":"01/07/2022 12:00:52 PM","product":{"name":"Microsoft Windows","vendor_name":"Microsoft"},"profiles":["host"],"sequence":131849,"uid":"a41d0adcb2236f0bec30b7d5242a8fcd","version":"1.4.0"},"observables":[{"name":"device","type":"Endpoint","type_id":20},{"name":"device.hostname","type":"Hostname","type_id":1,"value":"SesWin2012-1.SesTest.local"},{"name":"dst_endpoint","type":"Endpoint","type_id":20},{"name":"dst_endpoint.hostname","type":"Hostname","type_id":1,"value":"SesWin2012-1.SesTest.local"},{"name":"user","type":"User","type_id":21},{"name":"user.account.uid","type":"Account Object: uid","type_id":35,"value":"Window Manager\\DWM-3"},{"name":"user.account.name","type":"Account Object: name","type_id":34,"value":"DWM-3"},{"name":"user.uid","type":"User Object: uid","type_id":31,"value":"Window Manager\\DWM-3"},{"name":"user.name","type":"User Name","type_id":4,"value":"DWM-3"}],"privileges":["SeAssignPrimaryTokenPrivilege"],"raw_data":"01/07/2022 12:00:52 PM\nLogName=Security\nEventCode=4672\nEventType=0\nComputerName=SesWin2012-1.SesTest.local\nSourceName=Microsoft Windows security auditing.\nType=Information\nRecordNumber=131849\nKeywords=Audit Success\nTaskCategory=Special Logon\nOpCode=Info\nMessage=Special privileges assigned to new logon.\n\nSubject:\n\tSecurity ID:\t\tWindow Manager\\DWM-3\n\tAccount Name:\t\tDWM-3\n\tAccount Domain:\t\tWindow Manager\n\tLogon ID:\t\t0x1018BBF\n\nPrivileges:\t\tSeAssignPrimaryTokenPrivilege\n\t\t\tSeAuditPrivilege","session":{"uid":"0x1018BBF"},"severity":"Informational","severity_id":1,"status":"Success","status_id":1,"time":1641556852000,"type_name":"Authorize Session: Assign Privileges","type_uid":300301,"unmapped":{"EventType":"0","OpCode":"Info","TaskCategory":"Special Logon"},"user":{"account":{"name":"DWM-3","type":"Windows Account","type_id":2,"uid":"Window Manager\\DWM-3"},"domain":"Window Manager","name":"DWM-3","uid":"Window Manager\\DWM-3"}}
{"activity_id":1,"activity_name":"Assign Privileges","category_name":"Identity & Access Management","category_uid":3,"class_name":"Authorize Session","class_uid":3003,"device":{"hostname":"SesWin2012-1.SesTest.local","os":{"name":"Windows","type":"Windows","type_id":100},"type":"Unknown","type_id":0},"dst_endpoint":{"hostname":"SesWin2012-1.SesTest.local"},"message":"Special privileges assigned to new logon.","metadata":{"event_code":"4672","log_name":"Security","log_provider":"Microsoft Windows security auditing.","original_time":"01/07/2022 11:56:14 AM","product":{"name":"Microsoft Windows","vendor_name":"Microsoft"},"profiles":["host"],"sequence":131834,"uid":"6675908afed4749cd13baf3e4499da8b","version":"1.4.0"},"observables":[{"name":"dst_endpoint","type":"Endpoint","type_id":20},{"name":"dst_endpoint.hostname","type":"Hostname","type_id":1,"value":"SesWin2012-1.SesTest.local"},{"name":"user","type":"User","type_id":21},{"name":"user.account.uid","type":"Account Object: uid","type_id":35,"value":"S-1-5-111-3847866527-469524349-687026318-516638107-1125189541-3300"},{"name":"user.account.name","type":"Account Object: name","type_id":34,"value":"sshd_3300"},{"name":"user.uid","type":"User Object: uid","type_id":31,"value":"S-1-5-111-3847866527-469524349-687026318-516638107-1125189541-3300"},{"name":"user.name","type":"User Name","type_id":4,"value":"sshd_3300"},{"name":"device","type":"Endpoint","type_id":20},{"name":"device.hostname","type":"Hostname","type_id":1,"value":"SesWin2012-1.SesTest.local"}],"privileges":["SeImpersonatePrivilege"],"raw_data":"01/07/2022 11:56:14 AM\nLogName=Security\nEventCode=4672\nEventType=0\nComputerName=SesWin2012-1.SesTest.local\nSourceName=Microsoft Windows security auditing.\nType=Information\nRecordNumber=131834\nKeywords=Audit Success\nTaskCategory=Special Logon\nOpCode=Info\nMessage=Special privileges assigned to new logon.\n\nSubject:\n\tSecurity ID:\t\tS-1-5-111-3847866527-469524349-687026318-516638107-1125189541-3300\n\tAccount Name:\t\tsshd_3300\n\tAccount Domain:\t\tVIRTUAL USERS\n\tLogon ID:\t\t0x100D5D6\n\nPrivileges:\t\tSeImpersonatePrivilege","session":{"uid":"0x100D5D6"},"severity":"Informational","severity_id":1,"status":"Success","status_id":1,"time":1641556574000,"type_name":"Authorize Session: Assign Privileges","type_uid":300301,"unmapped":{"EventType":"0","OpCode":"Info","TaskCategory":"Special Logon"},"user":{"account":{"name":"sshd_3300","type":"Windows Account","type_id":2,"uid":"S-1-5-111-3847866527-469524349-687026318-516638107-1125189541-3300"},"domain":"VIRTUAL USERS","name":"sshd_3300","uid":"S-1-5-111-3847866527-469524349-687026318-516638107-1125189541-3300"}}
{"activity_id":1,"activity_name":"Assign Privileges","category_name":"Identity & Access Management","category_uid":3,"class_name":"Authorize Session","class_uid":3003,"device":{"hostname":"SesWin2012-1.SesTest.local","os":{"name":"Windows","type":"Windows","type_id":100},"type":"Unknown","type_id":0},"dst_endpoint":{"hostname":"SesWin2012-1.SesTest.local"},"message":"Special privileges assigned to new logon.","metadata":{"event_code":"4672","log_name":"Security","log_provider":"Microsoft Windows security auditing.","original_time":"01/07/2022 11:46:13 AM","product":{"name":"Microsoft Windows","vendor_name":"Microsoft"},"profiles":["host"],"sequence":131794,"uid":"a640b3d560de03e0d4225798e54b3ece","version":"1.4.0"},"observables":[{"name":"device","type":"Endpoint","type_id":20},{"name":"device.hostname","type":"Hostname","type_id":1,"value":"SesWin2012-1.SesTest.local"},{"name":"user","type":"User","type_id":21},{"name":"user.uid","type":"User Object: uid","type_id":31,"value":"NT AUTHORITY\\SYSTEM"},{"name":"user.name","type":"User Name","type_id":4,"value":"SYSTEM"},{"name":"user.account.uid","type":"Account Object: uid","type_id":35,"value":"NT AUTHORITY\\SYSTEM"},{"name":"user.account.name","type":"Account Object: name","type_id":34,"value":"SYSTEM"},{"name":"dst_endpoint","type":"Endpoint","type_id":20},{"name":"dst_endpoint.hostname","type":"Hostname","type_id":1,"value":"SesWin2012-1.SesTest.local"}],"privileges":["SeAssignPrimaryTokenPrivilege","SeTcbPrivilege","SeSecurityPrivilege","SeTakeOwnershipPrivilege","SeLoadDriverPrivilege","SeBackupPrivilege","SeRestorePrivilege","SeDebugPrivilege","SeAuditPrivilege","SeSystemEnvironmentPrivilege","SeImpersonatePrivilege"],"raw_data":"01/07/2022 11:46:13 AM\nLogName=Security\nEventCode=4672\nEventType=0\nComputerName=SesWin2012-1.SesTest.local\nSourceName=Microsoft Windows security auditing.\nType=Information\nRecordNumber=131794\nKeywords=Audit Success\nTaskCategory=Special Logon\nOpCode=Info\nMessage=Special privileges assigned to new logon.\n\nSubject:\n\tSecurity ID:\t\tNT AUTHORITY\\SYSTEM\n\tAccount Name:\t\tSYSTEM\n\tAccount Domain:\t\tNT AUTHORITY\n\tLogon ID:\t\t0x3E7\n\nPrivileges:\t\tSeAssignPrimaryTokenPrivilege\n\t\t\tSeTcbPrivilege\n\t\t\tSeSecurityPrivilege\n\t\t\tSeTakeOwnershipPrivilege\n\t\t\tSeLoadDriverPrivilege\n\t\t\tSeBackupPrivilege\n\t\t\tSeRestorePrivilege\n\t\t\tSeDebugPrivilege\n\t\t\tSeAuditPrivilege\n\t\t\tSeSystemEnvironmentPrivilege\n\t\t\tSeImpersonatePrivilege","session":{"uid":"0x3E7"},"severity":"Informational","severity_id":1,"status":"Success","status_id":1,"time":1641555973000,"type_name":"Authorize Session: Assign Privileges","type_uid":300301,"unmapped":{"EventType":"0","OpCode":"Info","TaskCategory":"Special Logon"},"user":{"account":{"name":"SYSTEM","type":"Windows Account","type_id":2,"uid":"NT AUTHORITY\\SYSTEM"},"domain":"NT AUTHORITY","name":"SYSTEM","uid":"NT AUTHORITY\\SYSTEM"}}
{"activity_id":1,"activity_name":"Access","actor":{"process":{"file":{"name":"explorer.exe","parent_folder":"C:\\Windows","path":"C:\\Windows\\explorer.exe","type":"Regular File","type_id":1},"pid":1704},"session":{"uid":"0xDE9AD8"},"user":{"account":{"name":"splunker","type":"Windows Account","type_id":2,"uid":"SESTEST\\splunker"},"domain":"SESTEST","name":"splunker","uid":"SESTEST\\splunker"}},"category_name":"System Activity","category_uid":1,"class_name":"Windows Resource Activity","class_uid":201003,"device":{"hostname":"SesWin2019DC1.SesTest.local","os":{"name":"Windows","type":"Windows","type_id":100},"type":"Unknown","type_id":0},"message":"A privileged service was called.","metadata":{"event_code":"4673","log_name":"Security","log_provider":"Microsoft Windows security auditing.","original_time":"01/28/2022 04:12:19 PM","product":{"name":"Microsoft Windows","vendor_name":"Microsoft"},"profiles":["host"],"sequence":374060,"uid":"be177ce2af205b0f6f546863456169a9","version":"1.4.0"},"observables":[{"name":"device","type":"Endpoint","type_id":20},{"name":"device.hostname","type":"Hostname","type_id":1,"value":"SesWin2019DC1.SesTest.local"},{"name":"actor.process","type":"Process","type_id":25},{"name":"actor.process.file","type":"File","type_id":24},{"name":"actor.process.file.name","type":"File Name","type_id":7,"value":"explorer.exe"},{"name":"actor.process.pid","type":"Process ID","type_id":15,"value":"1704"},{"name":"actor.user","type":"User","type_id":21},{"name":"actor.user.uid","type":"User Object: uid","type_id":31,"value":"SESTEST\\splunker"},{"name":"actor.user.account.uid","type":"Account Object: uid","type_id":35,"value":"SESTEST\\splunker"},{"name":"actor.user.account.name","type":"Account Object: name","type_id":34,"value":"splunker"},{"name":"actor.user.name","type":"User Name","type_id":4,"value":"splunker"}],"raw_data":"01/28/2022 04:12:19 PM\nLogName=Security\nEventCode=4673\nEventType=0\nComputerName=SesWin2019DC1.SesTest.local\nSourceName=Microsoft Windows security auditing.\nType=Information\nRecordNumber=374060\nKeywords=Audit Failure\nTaskCategory=Sensitive Privilege Use\nOpCode=Info\nMessage=A privileged service was called.\n\nSubject:\n\tSecurity ID:\t\tSESTEST\\splunker\n\tAccount Name:\t\tsplunker\n\tAccount Domain:\t\tSESTEST\n\tLogon ID:\t\t0xDE9AD8\n\nService:\n\tServer:\tSecurity\n\tService Name:\t-\n\nProcess:\n\tProcess ID:\t0x6a8\n\tProcess Name:\tC:\\Windows\\explorer.exe\n\nService Request Information:\n\tPrivileges:\t\tSeTcbPrivilege","severity":"Informational","severity_id":1,"status":"Failure","status_id":2,"time":1643386339000,"type_name":"Windows Resource Activity: Access","type_uid":20100301,"unmapped":{"EventType":"0","OpCode":"Info","Service Request Information":{"Privileges":"SeTcbPrivilege"},"TaskCategory":"Sensitive Privilege Use"},"win_resource":{"name":"-","svc_name":"Security","type":"Unknown","type_id":0}}
