{"activity_id":4,"activity_name":"Service Ticket Request","auth_protocol":"Kerberos","auth_protocol_id":2,"category_name":"Identity & Access Management","category_uid":3,"class_name":"Authentication","class_uid":3002,"device":{"hostname":"WSDCKPTC4.acme.com","os":{"name":"Windows","type":"Windows","type_id":100},"type":"Unknown","type_id":0},"dst_endpoint":{"hostname":"WSDCKPTC4.acme.com"},"message":"A Kerberos service ticket was requested.","metadata":{"event_code":"4769","log_name":"Security","log_provider":"Microsoft Windows security auditing.","original_time":"04/22/2022 04:34:26 PM","product":{"name":"Microsoft Windows","vendor_name":"Microsoft"},"profiles":["host"],"sequence":4224166980,"uid":"3f2c93ec12b40aa99db88ee88ba45feb","version":"1.4.0"},"observables":[{"name":"user","type":"User","type_id":21},{"name":"user.account.name","type":"Account Object: name","type_id":34,"value":"carbanak"},{"name":"user.name","type":"User Name","type_id":4,"value":"carbanak"},{"name":"src_endpoint","type":"Endpoint","type_id":20},{"name":"src_endpoint.ip","type":"IP Address","type_id":2,"value":"::ffff:168.136.112.69"},{"name":"src_endpoint.port","type":"Port","type_id":11,"value":"60220"},{"name":"dst_endpoint","type":"Endpoint","type_id":20},{"name":"dst_endpoint.hostname","type":"Hostname","type_id":1,"value":"WSDCKPTC4.acme.com"},{"name":"device","type":"Endpoint","type_id":20},{"name":"device.hostname","type":"Hostname","type_id":1,"value":"WSDCKPTC4.acme.com"}],"raw_data":"04/22/2022 04:34:26 PM\nLogName=Security\nSourceName=Microsoft Windows security auditing.\nEventCode=4769\nEventType=0\nType=Information\nComputerName=WSDCKPTC4.acme.com\nTaskCategory=Kerberos Service Ticket Operations\nOpCode=Info\nRecordNumber=4224166980\nKeywords=Audit Success\nMessage=A Kerberos service ticket was requested.\nAccount Information:\n\tAccount Name:\t\tcarbanak\n\tAccount Domain:\t\tacme.com\n\tLogon GUID:\t\t{B54E1912-4456-C7FC-52DE-CA7A2418ADD0}\nService Information:\n\tService Name:\t\tCNU2509KYQ$\n\tService ID:\t\tacme\\CNU2509KYQ$\nNetwork Information:\n\tClient Address:\t\t::ffff:168.136.112.69\n\tClient Port:\t\t60220\nAdditional Information:\n\tTicket Options:\t\t0x40800000\n\tTicket Encryption Type:\t0x12\n\tFailure Code:\t\t0x0\n\tTransited Services:\t-\n","session":{"uuid":"{B54E1912-4456-C7FC-52DE-CA7A2418ADD0}"},"severity":"Informational","severity_id":1,"src_endpoint":{"ip":"::ffff:168.136.112.69","port":60220},"status":"Success","status_code":"0x0","status_id":1,"time":1650645266000,"type_name":"Authentication: Service Ticket Request","type_uid":300204,"unmapped":{"Additional Information":{"Ticket Encryption Type":"0x12","Ticket Options":"0x40800000","Transited Services":"-"},"EventType":"0","OpCode":"Info","Service Information":{"Service ID":"acme\\CNU2509KYQ$","Service Name":"CNU2509KYQ$"},"TaskCategory":"Kerberos Service Ticket Operations"},"user":{"account":{"name":"carbanak","type":"Windows Account","type_id":2},"domain":"acme.com","name":"carbanak"}}
{"activity_id":4,"activity_name":"Service Ticket Request","auth_protocol":"Kerberos","auth_protocol_id":2,"category_name":"Identity & Access Management","category_uid":3,"class_name":"Authentication","class_uid":3002,"device":{"hostname":"WSDCKPTC4.acme.com","os":{"name":"Windows","type":"Windows","type_id":100},"type":"Unknown","type_id":0},"dst_endpoint":{"hostname":"WSDCKPTC4.acme.com"},"message":"A Kerberos service ticket was requested.","metadata":{"event_code":"4769","log_name":"Security","log_provider":"Microsoft Windows security auditing.","original_time":"04/23/2022 04:34:25 PM","product":{"name":"Microsoft Windows","vendor_name":"Microsoft"},"profiles":["host"],"sequence":4224166935,"uid":"7db4975f13bcb8dfece3bdcedd1d782a","version":"1.4.0"},"observables":[{"name":"device","type":"Endpoint","type_id":20},{"name":"device.hostname","type":"Hostname","type_id":1,"value":"WSDCKPTC4.acme.com"},{"name":"src_endpoint","type":"Endpoint","type_id":20},{"name":"src_endpoint.ip","type":"IP Address","type_id":2,"value":"::ffff:168.136.112.69"},{"name":"src_endpoint.port","type":"Port","type_id":11,"value":"60210"},{"name":"dst_endpoint","type":"Endpoint","type_id":20},{"name":"dst_endpoint.hostname","type":"Hostname","type_id":1,"value":"WSDCKPTC4.acme.com"},{"name":"user","type":"User","type_id":21},{"name":"user.account.name","type":"Account Object: name","type_id":34,"value":"carbanak@acme.com"},{"name":"user.name","type":"User Name","type_id":4,"value":"carbanak@acme.com"}],"raw_data":"04/23/2022 04:34:25 PM\nLogName=Security\nSourceName=Microsoft Windows security auditing.\nEventCode=4769\nEventType=0\nType=Information\nComputerName=WSDCKPTC4.acme.com\nTaskCategory=Kerberos Service Ticket Operations\nOpCode=Info\nRecordNumber=4224166935\nKeywords=Audit Success\nMessage=A Kerberos service ticket was requested.\nAccount Information:\n\tAccount Name:\t\tcarbanak@acme.com\n\tAccount Domain:\t\tacme.com\n\tLogon GUID:\t\t{5422BC08-314D-7945-E403-E393C583C00A}\nService Information:\n\tService Name:\t\tCNU2509KYQ-A$\n\tService ID:\t\tacme\\CNU2509KYQ-A$\nNetwork Information:\n\tClient Address:\t\t::ffff:168.136.112.69\n\tClient Port:\t\t60210\nAdditional Information:\n\tTicket Options:\t\t0x40810000\n\tTicket Encryption Type:\t0x12\n\tFailure Code:\t\t0x0\n\tTransited Services:\t-\n","session":{"uuid":"{5422BC08-314D-7945-E403-E393C583C00A}"},"severity":"Informational","severity_id":1,"src_endpoint":{"ip":"::ffff:168.136.112.69","port":60210},"status":"Success","status_code":"0x0","status_id":1,"time":1650731665000,"type_name":"Authentication: Service Ticket Request","type_uid":300204,"unmapped":{"Additional Information":{"Ticket Encryption Type":"0x12","Ticket Options":"0x40810000","Transited Services":"-"},"EventType":"0","OpCode":"Info","Service Information":{"Service ID":"acme\\CNU2509KYQ-A$","Service Name":"CNU2509KYQ-A$"},"TaskCategory":"Kerberos Service Ticket Operations"},"user":{"account":{"name":"carbanak@acme.com","type":"Windows Account","type_id":2},"domain":"acme.com","name":"carbanak@acme.com"}}
{"activity_id":4,"activity_name":"Service Ticket Request","auth_protocol":"Kerberos","auth_protocol_id":2,"category_name":"Identity & Access Management","category_uid":3,"class_name":"Authentication","class_uid":3002,"device":{"hostname":"WSDCKPTC4.acme.com","os":{"name":"Windows","type":"Windows","type_id":100},"type":"Unknown","type_id":0},"dst_endpoint":{"hostname":"WSDCKPTC4.acme.com"},"message":"A Kerberos service ticket was requested.","metadata":{"event_code":"4769","log_name":"Security","log_provider":"Microsoft Windows security auditing.","original_time":"04/17/2022 04:34:26 PM","product":{"name":"Microsoft Windows","vendor_name":"Microsoft"},"profiles":["host"],"sequence":4224166980,"uid":"fd3cd2eb2cf4403489b1e62836feb2f9","version":"1.4.0"},"observables":[{"name":"src_endpoint","type":"Endpoint","type_id":20},{"name":"src_endpoint.port","type":"Port","type_id":11,"value":"60220"},{"name":"src_endpoint.ip","type":"IP Address","type_id":2,"value":"::ffff:168.136.112.69"},{"name":"device","type":"Endpoint","type_id":20},{"name":"device.hostname","type":"Hostname","type_id":1,"value":"WSDCKPTC4.acme.com"},{"name":"user","type":"User","type_id":21},{"name":"user.name","type":"User Name","type_id":4,"value":"carbanak"},{"name":"user.account.name","type":"Account Object: name","type_id":34,"value":"carbanak"},{"name":"dst_endpoint","type":"Endpoint","type_id":20},{"name":"dst_endpoint.hostname","type":"Hostname","type_id":1,"value":"WSDCKPTC4.acme.com"}],"raw_data":"04/17/2022 04:34:26 PM\nLogName=Security\nSourceName=Microsoft Windows security auditing.\nEventCode=4769\nEventType=0\nType=Information\nComputerName=WSDCKPTC4.acme.com\nTaskCategory=Kerberos Service Ticket Operations\nOpCode=Info\nRecordNumber=4224166980\nKeywords=Audit Success\nMessage=A Kerberos service ticket was requested.\nAccount Information:\n\tAccount Name:\t\tcarbanak\n\tAccount Domain:\t\tacme.com\n\tLogon GUID:\t\t{B54E1912-4456-C7FC-52DE-CA7A2418ADD0}\nService Information:\n\tService Name:\t\tCNU2509KYQ$\n\tService ID:\t\tacme\\CNU2509KYQ$\nNetwork Information:\n\tClient Address:\t\t::ffff:168.136.112.69\n\tClient Port:\t\t60220\nAdditional Information:\n\tTicket Options:\t\t0x40800000\n\tTicket Encryption Type:\t0x12\n\tFailure Code:\t\t0x0\n\tTransited Services:\t-","session":{"uuid":"{B54E1912-4456-C7FC-52DE-CA7A2418ADD0}"},"severity":"Informational","severity_id":1,"src_endpoint":{"ip":"::ffff:168.136.112.69","port":60220},"status":"Success","status_code":"0x0","status_id":1,"time":1650213266000,"type_name":"Authentication: Service Ticket Request","type_uid":300204,"unmapped":{"Additional Information":{"Ticket Encryption Type":"0x12","Ticket Options":"0x40800000","Transited Services":"-"},"EventType":"0","OpCode":"Info","Service Information":{"Service ID":"acme\\CNU2509KYQ$","Service Name":"CNU2509KYQ$"},"TaskCategory":"Kerberos Service Ticket Operations"},"user":{"account":{"name":"carbanak","type":"Windows Account","type_id":2},"domain":"acme.com","name":"carbanak"}}
{"activity_id":4,"activity_name":"Service Ticket Request","auth_protocol":"Kerberos","auth_protocol_id":2,"category_name":"Identity & Access Management","category_uid":3,"class_name":"Authentication","class_uid":3002,"device":{"hostname":"WSDCKPTC4.acme.com","os":{"name":"Windows","type":"Windows","type_id":100},"type":"Unknown","type_id":0},"dst_endpoint":{"hostname":"WSDCKPTC4.acme.com"},"message":"A Kerberos service ticket was requested.","metadata":{"event_code":"4769","log_name":"Security","log_provider":"Microsoft Windows security auditing.","original_time":"04/23/2022 04:34:26 PM","product":{"name":"Microsoft Windows","vendor_name":"Microsoft"},"profiles":["host"],"sequence":4224166980,"uid":"00549be4705ff09dc836167a307ae057","version":"1.4.0"},"observables":[{"name":"device","type":"Endpoint","type_id":20},{"name":"device.hostname","type":"Hostname","type_id":1,"value":"WSDCKPTC4.acme.com"},{"name":"dst_endpoint","type":"Endpoint","type_id":20},{"name":"dst_endpoint.hostname","type":"Hostname","type_id":1,"value":"WSDCKPTC4.acme.com"},{"name":"src_endpoint","type":"Endpoint","type_id":20},{"name":"src_endpoint.ip","type":"IP Address","type_id":2,"value":"::ffff:168.136.112.69"},{"name":"src_endpoint.port","type":"Port","type_id":11,"value":"60220"},{"name":"user","type":"User","type_id":21},{"name":"user.account.name","type":"Account Object: name","type_id":34,"value":"carbanak"},{"name":"user.name","type":"User Name","type_id":4,"value":"carbanak"}],"raw_data":"04/23/2022 04:34:26 PM\nLogName=Security\nSourceName=Microsoft Windows security auditing.\nEventCode=4769\nEventType=0\nType=Information\nComputerName=WSDCKPTC4.acme.com\nTaskCategory=Kerberos Service Ticket Operations\nOpCode=Info\nRecordNumber=4224166980\nKeywords=Audit Success\nMessage=A Kerberos service ticket was requested.\nAccount Information:\n\tAccount Name:\t\tcarbanak\n\tAccount Domain:\t\tacme.com\n\tLogon GUID:\t\t{B54E1912-4456-C7FC-52DE-CA7A2418ADD0}\nService Information:\n\tService Name:\t\tCNU2509KYQ$\n\tService ID:\t\tacme\\CNU2509KYQ$\nNetwork Information:\n\tClient Address:\t\t::ffff:168.136.112.69\n\tClient Port:\t\t60220\nAdditional Information:\n\tTicket Options:\t\t0x40800000\n\tTicket Encryption Type:\t0x12\n\tFailure Code:\t\t0x0\n\tTransited Services:\t-\n","session":{"uuid":"{B54E1912-4456-C7FC-52DE-CA7A2418ADD0}"},"severity":"Informational","severity_id":1,"src_endpoint":{"ip":"::ffff:168.136.112.69","port":60220},"status":"Success","status_code":"0x0","status_id":1,"time":1650731666000,"type_name":"Authentication: Service Ticket Request","type_uid":300204,"unmapped":{"Additional Information":{"Ticket Encryption Type":"0x12","Ticket Options":"0x40800000","Transited Services":"-"},"EventType":"0","OpCode":"Info","Service Information":{"Service ID":"acme\\CNU2509KYQ$","Service Name":"CNU2509KYQ$"},"TaskCategory":"Kerberos Service Ticket Operations"},"user":{"account":{"name":"carbanak","type":"Windows Account","type_id":2},"domain":"acme.com","name":"carbanak"}}
{"activity_id":4,"activity_name":"Service Ticket Request","auth_protocol":"Kerberos","auth_protocol_id":2,"category_name":"Identity & Access Management","category_uid":3,"class_name":"Authentication","class_uid":3002,"device":{"hostname":"WSDCKPTC4.acme.com","os":{"name":"Windows","type":"Windows","type_id":100},"type":"Unknown","type_id":0},"dst_endpoint":{"hostname":"WSDCKPTC4.acme.com"},"message":"A Kerberos service ticket was requested.","metadata":{"event_code":"4769","log_name":"Security","log_provider":"Microsoft Windows security auditing.","original_time":"04/23/2022 04:34:26 PM","product":{"name":"Microsoft Windows","vendor_name":"Microsoft"},"profiles":["host"],"sequence":4224166980,"uid":"2e313df32afc7e1742047222ec9ffeb3","version":"1.4.0"},"observables":[{"name":"dst_endpoint","type":"Endpoint","type_id":20},{"name":"dst_endpoint.hostname","type":"Hostname","type_id":1,"value":"WSDCKPTC4.acme.com"},{"name":"device","type":"Endpoint","type_id":20},{"name":"device.hostname","type":"Hostname","type_id":1,"value":"WSDCKPTC4.acme.com"},{"name":"src_endpoint","type":"Endpoint","type_id":20},{"name":"src_endpoint.ip","type":"IP Address","type_id":2,"value":"::ffff:168.136.112.69"},{"name":"src_endpoint.port","type":"Port","type_id":11,"value":"60220"},{"name":"user","type":"User","type_id":21},{"name":"user.account.name","type":"Account Object: name","type_id":34,"value":"carbanak"},{"name":"user.name","type":"User Name","type_id":4,"value":"carbanak"}],"raw_data":"04/23/2022 04:34:26 PM\nLogName=Security\nSourceName=Microsoft Windows security auditing.\nEventCode=4769\nEventType=0\nType=Information\nComputerName=WSDCKPTC4.acme.com\nTaskCategory=Kerberos Service Ticket Operations\nOpCode=Info\nRecordNumber=4224166980\nKeywords=Audit Success\nMessage=A Kerberos service ticket was requested.\nAccount Information:\n\tAccount Name:\t\tcarbanak\n\tAccount Domain:\t\tacme.com\n\tLogon GUID:\t\t{B54E1912-4456-C7FC-52DE-CA7A2418ADD0}\nService Information:\n\tService Name:\t\tCNU2509KYQ$\n\tService ID:\t\tacme\\CNU2509KYQ$\nNetwork Information:\n\tClient Address:\t\t::ffff:168.136.112.69\n\tClient Port:\t\t60220\nAdditional Information:\n\tTicket Options:\t\t0x40800000\n\tTicket Encryption Type:\t0x12\n\tFailure Code:\t\t0x10\n\tTransited Services:\t-\n","session":{"uuid":"{B54E1912-4456-C7FC-52DE-CA7A2418ADD0}"},"severity":"Informational","severity_id":1,"src_endpoint":{"ip":"::ffff:168.136.112.69","port":60220},"status":"Success","status_code":"0x10","status_id":1,"time":1650731666000,"type_name":"Authentication: Service Ticket Request","type_uid":300204,"unmapped":{"Additional Information":{"Ticket Encryption Type":"0x12","Ticket Options":"0x40800000","Transited Services":"-"},"EventType":"0","OpCode":"Info","Service Information":{"Service ID":"acme\\CNU2509KYQ$","Service Name":"CNU2509KYQ$"},"TaskCategory":"Kerberos Service Ticket Operations"},"user":{"account":{"name":"carbanak","type":"Windows Account","type_id":2},"domain":"acme.com","name":"carbanak"}}
{"activity_id":4,"activity_name":"Service Ticket Request","auth_protocol":"Kerberos","auth_protocol_id":2,"category_name":"Identity & Access Management","category_uid":3,"class_name":"Authentication","class_uid":3002,"device":{"hostname":"WSDCKPTC4.acme.com","os":{"name":"Windows","type":"Windows","type_id":100},"type":"Unknown","type_id":0},"dst_endpoint":{"hostname":"WSDCKPTC4.acme.com"},"message":"A Kerberos service ticket was requested.","metadata":{"event_code":"4769","log_name":"Security","log_provider":"Microsoft Windows security auditing.","original_time":"04/24/2022 04:34:25 PM","product":{"name":"Microsoft Windows","vendor_name":"Microsoft"},"profiles":["host"],"sequence":4224166935,"uid":"0bc7ade30bbcb167531ad638565f0dfb","version":"1.4.0"},"observables":[{"name":"dst_endpoint","type":"Endpoint","type_id":20},{"name":"dst_endpoint.hostname","type":"Hostname","type_id":1,"value":"WSDCKPTC4.acme.com"},{"name":"device","type":"Endpoint","type_id":20},{"name":"device.hostname","type":"Hostname","type_id":1,"value":"WSDCKPTC4.acme.com"},{"name":"user","type":"User","type_id":21},{"name":"user.account.name","type":"Account Object: name","type_id":34,"value":"carbanak@acme.com"},{"name":"user.name","type":"User Name","type_id":4,"value":"carbanak@acme.com"},{"name":"src_endpoint","type":"Endpoint","type_id":20},{"name":"src_endpoint.ip","type":"IP Address","type_id":2,"value":"::ffff:168.136.112.69"},{"name":"src_endpoint.port","type":"Port","type_id":11,"value":"60210"}],"raw_data":"04/24/2022 04:34:25 PM\nLogName=Security\nSourceName=Microsoft Windows security auditing.\nEventCode=4769\nEventType=0\nType=Information\nComputerName=WSDCKPTC4.acme.com\nTaskCategory=Kerberos Service Ticket Operations\nOpCode=Info\nRecordNumber=4224166935\nKeywords=Audit Success\nMessage=A Kerberos service ticket was requested.\nAccount Information:\n\tAccount Name:\t\tcarbanak@acme.com\n\tAccount Domain:\t\tacme.com\n\tLogon GUID:\t\t{5422BC08-314D-7945-E403-E393C583C00A}\nService Information:\n\tService Name:\t\tCNU2509KYQ-A$\n\tService ID:\t\tacme\\CNU2509KYQ-A$\nNetwork Information:\n\tClient Address:\t\t::ffff:168.136.112.69\n\tClient Port:\t\t60210\nAdditional Information:\n\tTicket Options:\t\t0x40810000\n\tTicket Encryption Type:\t0x12\n\tFailure Code:\t\t0x0\n\tTransited Services:\t-\n","session":{"uuid":"{5422BC08-314D-7945-E403-E393C583C00A}"},"severity":"Informational","severity_id":1,"src_endpoint":{"ip":"::ffff:168.136.112.69","port":60210},"status":"Success","status_code":"0x0","status_id":1,"time":1650818065000,"type_name":"Authentication: Service Ticket Request","type_uid":300204,"unmapped":{"Additional Information":{"Ticket Encryption Type":"0x12","Ticket Options":"0x40810000","Transited Services":"-"},"EventType":"0","OpCode":"Info","Service Information":{"Service ID":"acme\\CNU2509KYQ-A$","Service Name":"CNU2509KYQ-A$"},"TaskCategory":"Kerberos Service Ticket Operations"},"user":{"account":{"name":"carbanak@acme.com","type":"Windows Account","type_id":2},"domain":"acme.com","name":"carbanak@acme.com"}}
{"activity_id":4,"activity_name":"Service Ticket Request","auth_protocol":"Kerberos","auth_protocol_id":2,"category_name":"Identity & Access Management","category_uid":3,"class_name":"Authentication","class_uid":3002,"device":{"hostname":"WSDCKPTC4.acme.com","os":{"name":"Windows","type":"Windows","type_id":100},"type":"Unknown","type_id":0},"dst_endpoint":{"hostname":"WSDCKPTC4.acme.com"},"message":"A Kerberos service ticket was requested.","metadata":{"event_code":"4769","log_name":"Security","log_provider":"Microsoft Windows security auditing.","original_time":"04/24/2022 04:34:26 PM","product":{"name":"Microsoft Windows","vendor_name":"Microsoft"},"profiles":["host"],"sequence":4224166980,"uid":"5fea9e9a6361cf37940fcc7fa4c20d39","version":"1.4.0"},"observables":[{"name":"user","type":"User","type_id":21},{"name":"user.account.name","type":"Account Object: name","type_id":34,"value":"carbanak"},{"name":"user.name","type":"User Name","type_id":4,"value":"carbanak"},{"name":"src_endpoint","type":"Endpoint","type_id":20},{"name":"src_endpoint.ip","type":"IP Address","type_id":2,"value":"::ffff:168.136.112.69"},{"name":"src_endpoint.port","type":"Port","type_id":11,"value":"60220"},{"name":"device","type":"Endpoint","type_id":20},{"name":"device.hostname","type":"Hostname","type_id":1,"value":"WSDCKPTC4.acme.com"},{"name":"dst_endpoint","type":"Endpoint","type_id":20},{"name":"dst_endpoint.hostname","type":"Hostname","type_id":1,"value":"WSDCKPTC4.acme.com"}],"raw_data":"04/24/2022 04:34:26 PM\nLogName=Security\nSourceName=Microsoft Windows security auditing.\nEventCode=4769\nEventType=0\nType=Information\nComputerName=WSDCKPTC4.acme.com\nTaskCategory=Kerberos Service Ticket Operations\nOpCode=Info\nRecordNumber=4224166980\nKeywords=Audit Success\nMessage=A Kerberos service ticket was requested.\nAccount Information:\n\tAccount Name:\t\tcarbanak\n\tAccount Domain:\t\tacme.com\n\tLogon GUID:\t\t{B54E1912-4456-C7FC-52DE-CA7A2418ADD0}\nService Information:\n\tService Name:\t\tCNU2509KYQ$\n\tService ID:\t\tacme\\CNU2509KYQ$\nNetwork Information:\n\tClient Address:\t\t::ffff:168.136.112.69\n\tClient Port:\t\t60220\nAdditional Information:\n\tTicket Options:\t\t0x40800000\n\tTicket Encryption Type:\t0x12\n\tFailure Code:\t\t0x10\n\tTransited Services:\t-\n","session":{"uuid":"{B54E1912-4456-C7FC-52DE-CA7A2418ADD0}"},"severity":"Informational","severity_id":1,"src_endpoint":{"ip":"::ffff:168.136.112.69","port":60220},"status":"Success","status_code":"0x10","status_id":1,"time":1650818066000,"type_name":"Authentication: Service Ticket Request","type_uid":300204,"unmapped":{"Additional Information":{"Ticket Encryption Type":"0x12","Ticket Options":"0x40800000","Transited Services":"-"},"EventType":"0","OpCode":"Info","Service Information":{"Service ID":"acme\\CNU2509KYQ$","Service Name":"CNU2509KYQ$"},"TaskCategory":"Kerberos Service Ticket Operations"},"user":{"account":{"name":"carbanak","type":"Windows Account","type_id":2},"domain":"acme.com","name":"carbanak"}}
{"activity_id":4,"activity_name":"Service Ticket Request","auth_protocol":"Kerberos","auth_protocol_id":2,"category_name":"Identity & Access Management","category_uid":3,"class_name":"Authentication","class_uid":3002,"device":{"hostname":"WSDCKPTC4.acme.com","os":{"name":"Windows","type":"Windows","type_id":100},"type":"Unknown","type_id":0},"dst_endpoint":{"hostname":"WSDCKPTC4.acme.com"},"message":"A Kerberos service ticket was requested.","metadata":{"event_code":"4769","log_name":"Security","log_provider":"Microsoft Windows security auditing.","original_time":"04/24/2022 04:34:26 PM","product":{"name":"Microsoft Windows","vendor_name":"Microsoft"},"profiles":["host"],"sequence":4224166980,"uid":"97627b8cf38bcaa59d8771b17b3fc163","version":"1.4.0"},"observables":[{"name":"device","type":"Endpoint","type_id":20},{"name":"device.hostname","type":"Hostname","type_id":1,"value":"WSDCKPTC4.acme.com"},{"name":"user","type":"User","type_id":21},{"name":"user.name","type":"User Name","type_id":4,"value":"carbanak"},{"name":"user.account.name","type":"Account Object: name","type_id":34,"value":"carbanak"},{"name":"dst_endpoint","type":"Endpoint","type_id":20},{"name":"dst_endpoint.hostname","type":"Hostname","type_id":1,"value":"WSDCKPTC4.acme.com"},{"name":"src_endpoint","type":"Endpoint","type_id":20},{"name":"src_endpoint.ip","type":"IP Address","type_id":2,"value":"::ffff:168.136.112.69"},{"name":"src_endpoint.port","type":"Port","type_id":11,"value":"60220"}],"raw_data":"04/24/2022 04:34:26 PM\nLogName=Security\nSourceName=Microsoft Windows security auditing.\nEventCode=4769\nEventType=0\nType=Information\nComputerName=WSDCKPTC4.acme.com\nTaskCategory=Kerberos Service Ticket Operations\nOpCode=Info\nRecordNumber=4224166980\nKeywords=Audit Success\nMessage=A Kerberos service ticket was requested.\nAccount Information:\n\tAccount Name:\t\tcarbanak\n\tAccount Domain:\t\tacme.com\n\tLogon GUID:\t\t{B54E1912-4456-C7FC-52DE-CA7A2418ADD0}\nService Information:\n\tService Name:\t\tCNU2509KYQ$\n\tService ID:\t\tacme\\CNU2509KYQ$\nNetwork Information:\n\tClient Address:\t\t::ffff:168.136.112.69\n\tClient Port:\t\t60220\nAdditional Information:\n\tTicket Options:\t\t0x40800000\n\tTicket Encryption Type:\t0x12\n\tFailure Code:\t\t0x0\n\tTransited Services:\t-\n","session":{"uuid":"{B54E1912-4456-C7FC-52DE-CA7A2418ADD0}"},"severity":"Informational","severity_id":1,"src_endpoint":{"ip":"::ffff:168.136.112.69","port":60220},"status":"Success","status_code":"0x0","status_id":1,"time":1650818066000,"type_name":"Authentication: Service Ticket Request","type_uid":300204,"unmapped":{"Additional Information":{"Ticket Encryption Type":"0x12","Ticket Options":"0x40800000","Transited Services":"-"},"EventType":"0","OpCode":"Info","Service Information":{"Service ID":"acme\\CNU2509KYQ$","Service Name":"CNU2509KYQ$"},"TaskCategory":"Kerberos Service Ticket Operations"},"user":{"account":{"name":"carbanak","type":"Windows Account","type_id":2},"domain":"acme.com","name":"carbanak"}}
{"activity_id":4,"activity_name":"Service Ticket Request","auth_protocol":"Kerberos","auth_protocol_id":2,"category_name":"Identity & Access Management","category_uid":3,"class_name":"Authentication","class_uid":3002,"device":{"hostname":"WSDCKPTC4.acme.com","os":{"name":"Windows","type":"Windows","type_id":100},"type":"Unknown","type_id":0},"dst_endpoint":{"hostname":"WSDCKPTC4.acme.com"},"message":"A Kerberos service ticket was requested.","metadata":{"event_code":"4769","log_name":"Security","log_provider":"Microsoft Windows security auditing.","original_time":"04/25/2022 04:34:25 PM","product":{"name":"Microsoft Windows","vendor_name":"Microsoft"},"profiles":["host"],"sequence":4224166935,"uid":"7b4461f6d07f0167b6c7666a04a56d93","version":"1.4.0"},"observables":[{"name":"user","type":"User","type_id":21},{"name":"user.name","type":"User Name","type_id":4,"value":"carbanak@acme.com"},{"name":"user.account.name","type":"Account Object: name","type_id":34,"value":"carbanak@acme.com"},{"name":"src_endpoint","type":"Endpoint","type_id":20},{"name":"src_endpoint.ip","type":"IP Address","type_id":2,"value":"::ffff:168.136.112.69"},{"name":"src_endpoint.port","type":"Port","type_id":11,"value":"60210"},{"name":"device","type":"Endpoint","type_id":20},{"name":"device.hostname","type":"Hostname","type_id":1,"value":"WSDCKPTC4.acme.com"},{"name":"dst_endpoint","type":"Endpoint","type_id":20},{"name":"dst_endpoint.hostname","type":"Hostname","type_id":1,"value":"WSDCKPTC4.acme.com"}],"raw_data":"04/25/2022 04:34:25 PM\nLogName=Security\nSourceName=Microsoft Windows security auditing.\nEventCode=4769\nEventType=0\nType=Information\nComputerName=WSDCKPTC4.acme.com\nTaskCategory=Kerberos Service Ticket Operations\nOpCode=Info\nRecordNumber=4224166935\nKeywords=Audit Success\nMessage=A Kerberos service ticket was requested.\nAccount Information:\n\tAccount Name:\t\tcarbanak@acme.com\n\tAccount Domain:\t\tacme.com\n\tLogon GUID:\t\t{5422BC08-314D-7945-E403-E393C583C00A}\nService Information:\n\tService Name:\t\tCNU2509KYQ-A$\n\tService ID:\t\tacme\\CNU2509KYQ-A$\nNetwork Information:\n\tClient Address:\t\t::ffff:168.136.112.69\n\tClient Port:\t\t60210\nAdditional Information:\n\tTicket Options:\t\t0x40810000\n\tTicket Encryption Type:\t0x12\n\tFailure Code:\t\t0x0\n\tTransited Services:\t-\n","session":{"uuid":"{5422BC08-314D-7945-E403-E393C583C00A}"},"severity":"Informational","severity_id":1,"src_endpoint":{"ip":"::ffff:168.136.112.69","port":60210},"status":"Success","status_code":"0x0","status_id":1,"time":1650904465000,"type_name":"Authentication: Service Ticket Request","type_uid":300204,"unmapped":{"Additional Information":{"Ticket Encryption Type":"0x12","Ticket Options":"0x40810000","Transited Services":"-"},"EventType":"0","OpCode":"Info","Service Information":{"Service ID":"acme\\CNU2509KYQ-A$","Service Name":"CNU2509KYQ-A$"},"TaskCategory":"Kerberos Service Ticket Operations"},"user":{"account":{"name":"carbanak@acme.com","type":"Windows Account","type_id":2},"domain":"acme.com","name":"carbanak@acme.com"}}
{"activity_id":4,"activity_name":"Service Ticket Request","auth_protocol":"Kerberos","auth_protocol_id":2,"category_name":"Identity & Access Management","category_uid":3,"class_name":"Authentication","class_uid":3002,"device":{"hostname":"WSDCKPTC4.acme.com","os":{"name":"Windows","type":"Windows","type_id":100},"type":"Unknown","type_id":0},"dst_endpoint":{"hostname":"WSDCKPTC4.acme.com"},"message":"A Kerberos service ticket was requested.","metadata":{"event_code":"4769","log_name":"Security","log_provider":"Microsoft Windows security auditing.","original_time":"04/25/2022 04:34:26 PM","product":{"name":"Microsoft Windows","vendor_name":"Microsoft"},"profiles":["host"],"sequence":4224166980,"uid":"6f799019e03ebee093ebf69cc9f53a96","version":"1.4.0"},"observables":[{"name":"device","type":"Endpoint","type_id":20},{"name":"device.hostname","type":"Hostname","type_id":1,"value":"WSDCKPTC4.acme.com"},{"name":"user","type":"User","type_id":21},{"name":"user.name","type":"User Name","type_id":4,"value":"carbanak"},{"name":"user.account.name","type":"Account Object: name","type_id":34,"value":"carbanak"},{"name":"dst_endpoint","type":"Endpoint","type_id":20},{"name":"dst_endpoint.hostname","type":"Hostname","type_id":1,"value":"WSDCKPTC4.acme.com"},{"name":"src_endpoint","type":"Endpoint","type_id":20},{"name":"src_endpoint.ip","type":"IP Address","type_id":2,"value":"::ffff:168.136.112.69"},{"name":"src_endpoint.port","type":"Port","type_id":11,"value":"60220"}],"raw_data":"04/25/2022 04:34:26 PM\nLogName=Security\nSourceName=Microsoft Windows security auditing.\nEventCode=4769\nEventType=0\nType=Information\nComputerName=WSDCKPTC4.acme.com\nTaskCategory=Kerberos Service Ticket Operations\nOpCode=Info\nRecordNumber=4224166980\nKeywords=Audit Success\nMessage=A Kerberos service ticket was requested.\nAccount Information:\n\tAccount Name:\t\tcarbanak\n\tAccount Domain:\t\tacme.com\n\tLogon GUID:\t\t{B54E1912-4456-C7FC-52DE-CA7A2418ADD0}\nService Information:\n\tService Name:\t\tCNU2509KYQ$\n\tService ID:\t\tacme\\CNU2509KYQ$\nNetwork Information:\n\tClient Address:\t\t::ffff:168.136.112.69\n\tClient Port:\t\t60220\nAdditional Information:\n\tTicket Options:\t\t0x40800000\n\tTicket Encryption Type:\t0x12\n\tFailure Code:\t\t0x10\n\tTransited Services:\t-\n","session":{"uuid":"{B54E1912-4456-C7FC-52DE-CA7A2418ADD0}"},"severity":"Informational","severity_id":1,"src_endpoint":{"ip":"::ffff:168.136.112.69","port":60220},"status":"Success","status_code":"0x10","status_id":1,"time":1650904466000,"type_name":"Authentication: Service Ticket Request","type_uid":300204,"unmapped":{"Additional Information":{"Ticket Encryption Type":"0x12","Ticket Options":"0x40800000","Transited Services":"-"},"EventType":"0","OpCode":"Info","Service Information":{"Service ID":"acme\\CNU2509KYQ$","Service Name":"CNU2509KYQ$"},"TaskCategory":"Kerberos Service Ticket Operations"},"user":{"account":{"name":"carbanak","type":"Windows Account","type_id":2},"domain":"acme.com","name":"carbanak"}}
{"activity_id":4,"activity_name":"Service Ticket Request","auth_protocol":"Kerberos","auth_protocol_id":2,"category_name":"Identity & Access Management","category_uid":3,"class_name":"Authentication","class_uid":3002,"device":{"hostname":"WSDCKPTC4.acme.com","os":{"name":"Windows","type":"Windows","type_id":100},"type":"Unknown","type_id":0},"dst_endpoint":{"hostname":"WSDCKPTC4.acme.com"},"message":"A Kerberos service ticket was requested.","metadata":{"event_code":"4769","log_name":"Security","log_provider":"Microsoft Windows security auditing.","original_time":"04/25/2022 04:34:26 PM","product":{"name":"Microsoft Windows","vendor_name":"Microsoft"},"profiles":["host"],"sequence":4224166980,"uid":"bc26b7409f69a8c996a5aca5011d5d50","version":"1.4.0"},"observables":[{"name":"src_endpoint","type":"Endpoint","type_id":20},{"name":"src_endpoint.ip","type":"IP Address","type_id":2,"value":"::ffff:168.136.112.69"},{"name":"src_endpoint.port","type":"Port","type_id":11,"value":"60220"},{"name":"user","type":"User","type_id":21},{"name":"user.account.name","type":"Account Object: name","type_id":34,"value":"carbanak"},{"name":"user.name","type":"User Name","type_id":4,"value":"carbanak"},{"name":"dst_endpoint","type":"Endpoint","type_id":20},{"name":"dst_endpoint.hostname","type":"Hostname","type_id":1,"value":"WSDCKPTC4.acme.com"},{"name":"device","type":"Endpoint","type_id":20},{"name":"device.hostname","type":"Hostname","type_id":1,"value":"WSDCKPTC4.acme.com"}],"raw_data":"04/25/2022 04:34:26 PM\nLogName=Security\nSourceName=Microsoft Windows security auditing.\nEventCode=4769\nEventType=0\nType=Information\nComputerName=WSDCKPTC4.acme.com\nTaskCategory=Kerberos Service Ticket Operations\nOpCode=Info\nRecordNumber=4224166980\nKeywords=Audit Success\nMessage=A Kerberos service ticket was requested.\nAccount Information:\n\tAccount Name:\t\tcarbanak\n\tAccount Domain:\t\tacme.com\n\tLogon GUID:\t\t{B54E1912-4456-C7FC-52DE-CA7A2418ADD0}\nService Information:\n\tService Name:\t\tCNU2509KYQ$\n\tService ID:\t\tacme\\CNU2509KYQ$\nNetwork Information:\n\tClient Address:\t\t::ffff:168.136.112.69\n\tClient Port:\t\t60220\nAdditional Information:\n\tTicket Options:\t\t0x40800000\n\tTicket Encryption Type:\t0x12\n\tFailure Code:\t\t0x0\n\tTransited Services:\t-\n","session":{"uuid":"{B54E1912-4456-C7FC-52DE-CA7A2418ADD0}"},"severity":"Informational","severity_id":1,"src_endpoint":{"ip":"::ffff:168.136.112.69","port":60220},"status":"Success","status_code":"0x0","status_id":1,"time":1650904466000,"type_name":"Authentication: Service Ticket Request","type_uid":300204,"unmapped":{"Additional Information":{"Ticket Encryption Type":"0x12","Ticket Options":"0x40800000","Transited Services":"-"},"EventType":"0","OpCode":"Info","Service Information":{"Service ID":"acme\\CNU2509KYQ$","Service Name":"CNU2509KYQ$"},"TaskCategory":"Kerberos Service Ticket Operations"},"user":{"account":{"name":"carbanak","type":"Windows Account","type_id":2},"domain":"acme.com","name":"carbanak"}}
{"activity_id":4,"activity_name":"Service Ticket Request","auth_protocol":"Kerberos","auth_protocol_id":2,"category_name":"Identity & Access Management","category_uid":3,"class_name":"Authentication","class_uid":3002,"device":{"hostname":"WSDCKPTC4.acme.com","os":{"name":"Windows","type":"Windows","type_id":100},"type":"Unknown","type_id":0},"dst_endpoint":{"hostname":"WSDCKPTC4.acme.com"},"message":"A Kerberos service ticket was requested.","metadata":{"event_code":"4769","log_name":"Security","log_provider":"Microsoft Windows security auditing.","original_time":"04/26/2022 04:34:25 PM","product":{"name":"Microsoft Windows","vendor_name":"Microsoft"},"profiles":["host"],"sequence":4224166935,"uid":"93e1019906980a633fce4d9d4916f7c9","version":"1.4.0"},"observables":[{"name":"user","type":"User","type_id":21},{"name":"user.account.name","type":"Account Object: name","type_id":34,"value":"carbanak@acme.com"},{"name":"user.name","type":"User Name","type_id":4,"value":"carbanak@acme.com"},{"name":"dst_endpoint","type":"Endpoint","type_id":20},{"name":"dst_endpoint.hostname","type":"Hostname","type_id":1,"value":"WSDCKPTC4.acme.com"},{"name":"src_endpoint","type":"Endpoint","type_id":20},{"name":"src_endpoint.ip","type":"IP Address","type_id":2,"value":"::ffff:168.136.112.69"},{"name":"src_endpoint.port","type":"Port","type_id":11,"value":"60210"},{"name":"device","type":"Endpoint","type_id":20},{"name":"device.hostname","type":"Hostname","type_id":1,"value":"WSDCKPTC4.acme.com"}],"raw_data":"04/26/2022 04:34:25 PM\nLogName=Security\nSourceName=Microsoft Windows security auditing.\nEventCode=4769\nEventType=0\nType=Information\nComputerName=WSDCKPTC4.acme.com\nTaskCategory=Kerberos Service Ticket Operations\nOpCode=Info\nRecordNumber=4224166935\nKeywords=Audit Success\nMessage=A Kerberos service ticket was requested.\nAccount Information:\n\tAccount Name:\t\tcarbanak@acme.com\n\tAccount Domain:\t\tacme.com\n\tLogon GUID:\t\t{5422BC08-314D-7945-E403-E393C583C00A}\nService Information:\n\tService Name:\t\tCNU2509KYQ-A$\n\tService ID:\t\tacme\\CNU2509KYQ-A$\nNetwork Information:\n\tClient Address:\t\t::ffff:168.136.112.69\n\tClient Port:\t\t60210\nAdditional Information:\n\tTicket Options:\t\t0x40810000\n\tTicket Encryption Type:\t0x12\n\tFailure Code:\t\t0x0\n\tTransited Services:\t-\n","session":{"uuid":"{5422BC08-314D-7945-E403-E393C583C00A}"},"severity":"Informational","severity_id":1,"src_endpoint":{"ip":"::ffff:168.136.112.69","port":60210},"status":"Success","status_code":"0x0","status_id":1,"time":1650990865000,"type_name":"Authentication: Service Ticket Request","type_uid":300204,"unmapped":{"Additional Information":{"Ticket Encryption Type":"0x12","Ticket Options":"0x40810000","Transited Services":"-"},"EventType":"0","OpCode":"Info","Service Information":{"Service ID":"acme\\CNU2509KYQ-A$","Service Name":"CNU2509KYQ-A$"},"TaskCategory":"Kerberos Service Ticket Operations"},"user":{"account":{"name":"carbanak@acme.com","type":"Windows Account","type_id":2},"domain":"acme.com","name":"carbanak@acme.com"}}
{"activity_id":4,"activity_name":"Service Ticket Request","auth_protocol":"Kerberos","auth_protocol_id":2,"category_name":"Identity & Access Management","category_uid":3,"class_name":"Authentication","class_uid":3002,"device":{"hostname":"WSDCKPTC4.acme.com","os":{"name":"Windows","type":"Windows","type_id":100},"type":"Unknown","type_id":0},"dst_endpoint":{"hostname":"WSDCKPTC4.acme.com"},"message":"A Kerberos service ticket was requested.","metadata":{"event_code":"4769","log_name":"Security","log_provider":"Microsoft Windows security auditing.","original_time":"04/26/2022 04:34:26 PM","product":{"name":"Microsoft Windows","vendor_name":"Microsoft"},"profiles":["host"],"sequence":4224166980,"uid":"dfb89ce1e5a56836a421591cd3139f61","version":"1.4.0"},"observables":[{"name":"src_endpoint","type":"Endpoint","type_id":20},{"name":"src_endpoint.ip","type":"IP Address","type_id":2,"value":"::ffff:168.136.112.69"},{"name":"src_endpoint.port","type":"Port","type_id":11,"value":"60220"},{"name":"dst_endpoint","type":"Endpoint","type_id":20},{"name":"dst_endpoint.hostname","type":"Hostname","type_id":1,"value":"WSDCKPTC4.acme.com"},{"name":"device","type":"Endpoint","type_id":20},{"name":"device.hostname","type":"Hostname","type_id":1,"value":"WSDCKPTC4.acme.com"},{"name":"user","type":"User","type_id":21},{"name":"user.account.name","type":"Account Object: name","type_id":34,"value":"carbanak"},{"name":"user.name","type":"User Name","type_id":4,"value":"carbanak"}],"raw_data":"04/26/2022 04:34:26 PM\nLogName=Security\nSourceName=Microsoft Windows security auditing.\nEventCode=4769\nEventType=0\nType=Information\nComputerName=WSDCKPTC4.acme.com\nTaskCategory=Kerberos Service Ticket Operations\nOpCode=Info\nRecordNumber=4224166980\nKeywords=Audit Success\nMessage=A Kerberos service ticket was requested.\nAccount Information:\n\tAccount Name:\t\tcarbanak\n\tAccount Domain:\t\tacme.com\n\tLogon GUID:\t\t{B54E1912-4456-C7FC-52DE-CA7A2418ADD0}\nService Information:\n\tService Name:\t\tCNU2509KYQ$\n\tService ID:\t\tacme\\CNU2509KYQ$\nNetwork Information:\n\tClient Address:\t\t::ffff:168.136.112.69\n\tClient Port:\t\t60220\nAdditional Information:\n\tTicket Options:\t\t0x40800000\n\tTicket Encryption Type:\t0x12\n\tFailure Code:\t\t0x0\n\tTransited Services:\t-\n","session":{"uuid":"{B54E1912-4456-C7FC-52DE-CA7A2418ADD0}"},"severity":"Informational","severity_id":1,"src_endpoint":{"ip":"::ffff:168.136.112.69","port":60220},"status":"Success","status_code":"0x0","status_id":1,"time":1650990866000,"type_name":"Authentication: Service Ticket Request","type_uid":300204,"unmapped":{"Additional Information":{"Ticket Encryption Type":"0x12","Ticket Options":"0x40800000","Transited Services":"-"},"EventType":"0","OpCode":"Info","Service Information":{"Service ID":"acme\\CNU2509KYQ$","Service Name":"CNU2509KYQ$"},"TaskCategory":"Kerberos Service Ticket Operations"},"user":{"account":{"name":"carbanak","type":"Windows Account","type_id":2},"domain":"acme.com","name":"carbanak"}}
{"activity_id":4,"activity_name":"Service Ticket Request","auth_protocol":"Kerberos","auth_protocol_id":2,"category_name":"Identity & Access Management","category_uid":3,"class_name":"Authentication","class_uid":3002,"device":{"hostname":"WSDCKPTC4.acme.com","os":{"name":"Windows","type":"Windows","type_id":100},"type":"Unknown","type_id":0},"dst_endpoint":{"hostname":"WSDCKPTC4.acme.com"},"message":"A Kerberos service ticket was requested.","metadata":{"event_code":"4769","log_name":"Security","log_provider":"Microsoft Windows security auditing.","original_time":"04/17/2022 04:34:26 PM","product":{"name":"Microsoft Windows","vendor_name":"Microsoft"},"profiles":["host"],"sequence":4224166980,"uid":"9b4f39adc2021925726bd7c35804ac2c","version":"1.4.0"},"observables":[{"name":"dst_endpoint","type":"Endpoint","type_id":20},{"name":"dst_endpoint.hostname","type":"Hostname","type_id":1,"value":"WSDCKPTC4.acme.com"},{"name":"user","type":"User","type_id":21},{"name":"user.account.name","type":"Account Object: name","type_id":34,"value":"carbanak"},{"name":"user.name","type":"User Name","type_id":4,"value":"carbanak"},{"name":"src_endpoint","type":"Endpoint","type_id":20},{"name":"src_endpoint.ip","type":"IP Address","type_id":2,"value":"::ffff:168.136.112.69"},{"name":"src_endpoint.port","type":"Port","type_id":11,"value":"60220"},{"name":"device","type":"Endpoint","type_id":20},{"name":"device.hostname","type":"Hostname","type_id":1,"value":"WSDCKPTC4.acme.com"}],"raw_data":"04/17/2022 04:34:26 PM\nLogName=Security\nSourceName=Microsoft Windows security auditing.\nEventCode=4769\nEventType=0\nType=Information\nComputerName=WSDCKPTC4.acme.com\nTaskCategory=Kerberos Service Ticket Operations\nOpCode=Info\nRecordNumber=4224166980\nKeywords=Audit Success\nMessage=A Kerberos service ticket was requested.\nAccount Information:\n\tAccount Name:\t\tcarbanak\n\tAccount Domain:\t\tacme.com\n\tLogon GUID:\t\t{B54E1912-4456-C7FC-52DE-CA7A2418ADD0}\nService Information:\n\tService Name:\t\tCNU2509KYQ$\n\tService ID:\t\tacme\\CNU2509KYQ$\nNetwork Information:\n\tClient Address:\t\t::ffff:168.136.112.69\n\tClient Port:\t\t60220\nAdditional Information:\n\tTicket Options:\t\t0x40800000\n\tTicket Encryption Type:\t0x12\n\tFailure Code:\t\t0x10\n\tTransited Services:\t-\n","session":{"uuid":"{B54E1912-4456-C7FC-52DE-CA7A2418ADD0}"},"severity":"Informational","severity_id":1,"src_endpoint":{"ip":"::ffff:168.136.112.69","port":60220},"status":"Success","status_code":"0x10","status_id":1,"time":1650213266000,"type_name":"Authentication: Service Ticket Request","type_uid":300204,"unmapped":{"Additional Information":{"Ticket Encryption Type":"0x12","Ticket Options":"0x40800000","Transited Services":"-"},"EventType":"0","OpCode":"Info","Service Information":{"Service ID":"acme\\CNU2509KYQ$","Service Name":"CNU2509KYQ$"},"TaskCategory":"Kerberos Service Ticket Operations"},"user":{"account":{"name":"carbanak","type":"Windows Account","type_id":2},"domain":"acme.com","name":"carbanak"}}
{"activity_id":4,"activity_name":"Service Ticket Request","auth_protocol":"Kerberos","auth_protocol_id":2,"category_name":"Identity & Access Management","category_uid":3,"class_name":"Authentication","class_uid":3002,"device":{"hostname":"WSDCKPTC4.acme.com","os":{"name":"Windows","type":"Windows","type_id":100},"type":"Unknown","type_id":0},"dst_endpoint":{"hostname":"WSDCKPTC4.acme.com"},"message":"A Kerberos service ticket was requested.","metadata":{"event_code":"4769","log_name":"Security","log_provider":"Microsoft Windows security auditing.","original_time":"04/26/2022 04:34:26 PM","product":{"name":"Microsoft Windows","vendor_name":"Microsoft"},"profiles":["host"],"sequence":4224166980,"uid":"668394c38a0ef427a687e1f2f55dbedd","version":"1.4.0"},"observables":[{"name":"device","type":"Endpoint","type_id":20},{"name":"device.hostname","type":"Hostname","type_id":1,"value":"WSDCKPTC4.acme.com"},{"name":"dst_endpoint","type":"Endpoint","type_id":20},{"name":"dst_endpoint.hostname","type":"Hostname","type_id":1,"value":"WSDCKPTC4.acme.com"},{"name":"src_endpoint","type":"Endpoint","type_id":20},{"name":"src_endpoint.port","type":"Port","type_id":11,"value":"60220"},{"name":"src_endpoint.ip","type":"IP Address","type_id":2,"value":"::ffff:168.136.112.69"},{"name":"user","type":"User","type_id":21},{"name":"user.account.name","type":"Account Object: name","type_id":34,"value":"carbanak"},{"name":"user.name","type":"User Name","type_id":4,"value":"carbanak"}],"raw_data":"04/26/2022 04:34:26 PM\nLogName=Security\nSourceName=Microsoft Windows security auditing.\nEventCode=4769\nEventType=0\nType=Information\nComputerName=WSDCKPTC4.acme.com\nTaskCategory=Kerberos Service Ticket Operations\nOpCode=Info\nRecordNumber=4224166980\nKeywords=Audit Success\nMessage=A Kerberos service ticket was requested.\nAccount Information:\n\tAccount Name:\t\tcarbanak\n\tAccount Domain:\t\tacme.com\n\tLogon GUID:\t\t{B54E1912-4456-C7FC-52DE-CA7A2418ADD0}\nService Information:\n\tService Name:\t\tCNU2509KYQ$\n\tService ID:\t\tacme\\CNU2509KYQ$\nNetwork Information:\n\tClient Address:\t\t::ffff:168.136.112.69\n\tClient Port:\t\t60220\nAdditional Information:\n\tTicket Options:\t\t0x40800000\n\tTicket Encryption Type:\t0x12\n\tFailure Code:\t\t0x10\n\tTransited Services:\t-\n","session":{"uuid":"{B54E1912-4456-C7FC-52DE-CA7A2418ADD0}"},"severity":"Informational","severity_id":1,"src_endpoint":{"ip":"::ffff:168.136.112.69","port":60220},"status":"Success","status_code":"0x10","status_id":1,"time":1650990866000,"type_name":"Authentication: Service Ticket Request","type_uid":300204,"unmapped":{"Additional Information":{"Ticket Encryption Type":"0x12","Ticket Options":"0x40800000","Transited Services":"-"},"EventType":"0","OpCode":"Info","Service Information":{"Service ID":"acme\\CNU2509KYQ$","Service Name":"CNU2509KYQ$"},"TaskCategory":"Kerberos Service Ticket Operations"},"user":{"account":{"name":"carbanak","type":"Windows Account","type_id":2},"domain":"acme.com","name":"carbanak"}}
{"activity_id":4,"activity_name":"Service Ticket Request","auth_protocol":"Kerberos","auth_protocol_id":2,"category_name":"Identity & Access Management","category_uid":3,"class_name":"Authentication","class_uid":3002,"device":{"hostname":"WSDCKPTC4.acme.com","os":{"name":"Windows","type":"Windows","type_id":100},"type":"Unknown","type_id":0},"dst_endpoint":{"hostname":"WSDCKPTC4.acme.com"},"message":"A Kerberos service ticket was requested.","metadata":{"event_code":"4769","log_name":"Security","log_provider":"Microsoft Windows security auditing.","original_time":"04/27/2022 04:34:25 PM","product":{"name":"Microsoft Windows","vendor_name":"Microsoft"},"profiles":["host"],"sequence":4224166935,"uid":"7d7e70cb0140b2d88bdf4a647dfc4873","version":"1.4.0"},"observables":[{"name":"user","type":"User","type_id":21},{"name":"user.account.name","type":"Account Object: name","type_id":34,"value":"carbanak@acme.com"},{"name":"user.name","type":"User Name","type_id":4,"value":"carbanak@acme.com"},{"name":"dst_endpoint","type":"Endpoint","type_id":20},{"name":"dst_endpoint.hostname","type":"Hostname","type_id":1,"value":"WSDCKPTC4.acme.com"},{"name":"src_endpoint","type":"Endpoint","type_id":20},{"name":"src_endpoint.ip","type":"IP Address","type_id":2,"value":"::ffff:168.136.112.69"},{"name":"src_endpoint.port","type":"Port","type_id":11,"value":"60210"},{"name":"device","type":"Endpoint","type_id":20},{"name":"device.hostname","type":"Hostname","type_id":1,"value":"WSDCKPTC4.acme.com"}],"raw_data":"04/27/2022 04:34:25 PM\nLogName=Security\nSourceName=Microsoft Windows security auditing.\nEventCode=4769\nEventType=0\nType=Information\nComputerName=WSDCKPTC4.acme.com\nTaskCategory=Kerberos Service Ticket Operations\nOpCode=Info\nRecordNumber=4224166935\nKeywords=Audit Success\nMessage=A Kerberos service ticket was requested.\nAccount Information:\n\tAccount Name:\t\tcarbanak@acme.com\n\tAccount Domain:\t\tacme.com\n\tLogon GUID:\t\t{5422BC08-314D-7945-E403-E393C583C00A}\nService Information:\n\tService Name:\t\tCNU2509KYQ-A$\n\tService ID:\t\tacme\\CNU2509KYQ-A$\nNetwork Information:\n\tClient Address:\t\t::ffff:168.136.112.69\n\tClient Port:\t\t60210\nAdditional Information:\n\tTicket Options:\t\t0x40810000\n\tTicket Encryption Type:\t0x12\n\tFailure Code:\t\t0x0\n\tTransited Services:\t-\n","session":{"uuid":"{5422BC08-314D-7945-E403-E393C583C00A}"},"severity":"Informational","severity_id":1,"src_endpoint":{"ip":"::ffff:168.136.112.69","port":60210},"status":"Success","status_code":"0x0","status_id":1,"time":1651077265000,"type_name":"Authentication: Service Ticket Request","type_uid":300204,"unmapped":{"Additional Information":{"Ticket Encryption Type":"0x12","Ticket Options":"0x40810000","Transited Services":"-"},"EventType":"0","OpCode":"Info","Service Information":{"Service ID":"acme\\CNU2509KYQ-A$","Service Name":"CNU2509KYQ-A$"},"TaskCategory":"Kerberos Service Ticket Operations"},"user":{"account":{"name":"carbanak@acme.com","type":"Windows Account","type_id":2},"domain":"acme.com","name":"carbanak@acme.com"}}
