{"activity_id":1,"activity_name":"Logon","actor":{"process":{"file":{"name":"-","path":"-","type":"Regular File","type_id":1},"pid":0},"session":{"uid":"0x0"},"user":{"account":{"name":"-","type":"Windows Account","type_id":2,"uid":"NULL SID"},"domain":"-","name":"-","uid":"NULL SID"}},"auth_protocol":"Kerberos","auth_protocol_id":2,"category_name":"Identity & Access Management","category_uid":3,"class_name":"Authentication","class_uid":3002,"device":{"hostname":"WSDCKPTA4.emn.com","os":{"name":"Windows","type":"Windows","type_id":100},"type":"Unknown","type_id":0},"dst_endpoint":{"hostname":"WSDCKPTA4.emn.com"},"logon_process":{"name":"Kerberos","pid":-1},"logon_type":"Network","logon_type_id":3,"message":"An account failed to log on.","metadata":{"event_code":"4625","log_name":"Security","log_provider":"Microsoft Windows security auditing.","original_time":"01/13/2015 07:38:39 PM","product":{"name":"Microsoft Windows","vendor_name":"Microsoft"},"profiles":["host"],"sequence":4513901569,"uid":"baeeb8ef18075bce690b48b67a4e5dc3","version":"1.4.0"},"observables":[{"name":"user","type":"User","type_id":21},{"name":"user.account.uid","type":"Account Object: uid","type_id":35,"value":"NULL SID"},{"name":"user.account.name","type":"Account Object: name","type_id":34,"value":"ATEBWEB03$"},{"name":"user.name","type":"User Name","type_id":4,"value":"ATEBWEB03$"},{"name":"user.uid","type":"User Object: uid","type_id":31,"value":"NULL SID"},{"name":"logon_process","type":"Process","type_id":25},{"name":"logon_process.name","type":"Process Name","type_id":9,"value":"Kerberos"},{"name":"logon_process.pid","type":"Process ID","type_id":15,"value":"-1"},{"name":"src_endpoint","type":"Endpoint","type_id":20},{"name":"src_endpoint.ip","type":"IP Address","type_id":2,"value":"-"},{"name":"src_endpoint.port","type":"Port","type_id":11,"value":"0"},{"name":"actor.process","type":"Process","type_id":25},{"name":"actor.process.pid","type":"Process ID","type_id":15,"value":"0"},{"name":"actor.process.file","type":"File","type_id":24},{"name":"actor.process.file.name","type":"File Name","type_id":7,"value":"-"},{"name":"actor.user","type":"User","type_id":21},{"name":"actor.user.account.uid","type":"Account Object: uid","type_id":35,"value":"NULL SID"},{"name":"actor.user.account.name","type":"Account Object: name","type_id":34,"value":"-"},{"name":"actor.user.name","type":"User Name","type_id":4,"value":"-"},{"name":"actor.user.uid","type":"User Object: uid","type_id":31,"value":"NULL SID"},{"name":"device","type":"Endpoint","type_id":20},{"name":"device.hostname","type":"Hostname","type_id":1,"value":"WSDCKPTA4.emn.com"},{"name":"dst_endpoint","type":"Endpoint","type_id":20},{"name":"dst_endpoint.hostname","type":"Hostname","type_id":1,"value":"WSDCKPTA4.emn.com"}],"raw_data":"01/13/2015 07:38:39 PM\nLogName=Security\nSourceName=Microsoft Windows security auditing.\nEventCode=4625\nEventType=0\nType=Information\nComputerName=WSDCKPTA4.emn.com\nTaskCategory=Logon\nOpCode=Info\nRecordNumber=4513901569\nCaseID=AD_4625_1_5\nKeywords=Audit Failure\nMessage=An account failed to log on.\nSubject:\n    Security ID:        NULL SID\n    Account Name:       -\n    Account Domain:     -\n    Logon ID:       0x0\nLogon Type:         3\nAccount For Which Logon Failed:\n    Security ID:        NULL SID\n    Account Name:       ATEBWEB03$\n    Account Domain:     EASTMAN\nFailure Information:\n    Failure Reason:     An Error occured during Logon.\n    Status:         0xc00002ee\n    Sub Status:     0x0\nProcess Information:\n    Caller Process ID:  0x0\n    Caller Process Name:    -\nNetwork Information:\n    Workstation Name:   -\n    Source Network Address: -\n    Source Port:        -\nDetailed Authentication Information:\n    Logon Process:      Kerberos\n    Authentication Package: Kerberos\n    Transited Services: -\n    Package Name (NTLM only):   -\n    Key Length:     0 ","severity":"Informational","severity_id":1,"src_endpoint":{"ip":"-","name":"-","port":0},"status":"Failure","status_code":"0xc00002ee","status_detail":"An Error occured during Logon.","status_id":2,"time":1421177919000,"type_name":"Authentication: Logon","type_uid":300201,"unmapped":{"CaseID":"AD_4625_1_5","Detailed Authentication Information":{"Key Length":"0 ","Package Name (NTLM only)":"-","Transited Services":"-"},"EventType":"0","Failure Information":{"Sub Status":"0x0"},"OpCode":"Info","TaskCategory":"Logon"},"user":{"account":{"name":"ATEBWEB03$","type":"Windows Account","type_id":2,"uid":"NULL SID"},"domain":"EASTMAN","name":"ATEBWEB03$","uid":"NULL SID"}}
{"activity_id":1,"activity_name":"Logon","actor":{"process":{"file":{"name":"-","path":"-","type":"Regular File","type_id":1},"pid":0},"session":{"uid":"0x0"},"user":{"account":{"name":"-","type":"Windows Account","type_id":2,"uid":"NULL SID"},"domain":"-","name":"-","uid":"NULL SID"}},"auth_protocol":"NTLM","auth_protocol_id":1,"category_name":"Identity & Access Management","category_uid":3,"class_name":"Authentication","class_uid":3002,"device":{"hostname":"uba-win9.UBA_DSlab_DOMAIN.local","os":{"name":"Windows","type":"Windows","type_id":100},"type":"Unknown","type_id":0},"dst_endpoint":{"hostname":"uba-win9.UBA_DSlab_DOMAIN.local"},"logon_process":{"name":"NtLmSsp","pid":-1},"logon_type":"Network","logon_type_id":3,"message":"An account failed to log on.","metadata":{"event_code":"4625","log_name":"Security","log_provider":"Microsoft Windows security auditing.","original_time":"1/18/2017 6:25:31 PM","product":{"name":"Microsoft Windows","vendor_name":"Microsoft"},"profiles":["host"],"sequence":548391624,"uid":"dd7da51bdbc3adfd6ae77284d64f3f2c","version":"1.4.0"},"observables":[{"name":"device","type":"Endpoint","type_id":20},{"name":"device.hostname","type":"Hostname","type_id":1,"value":"uba-win9.UBA_DSlab_DOMAIN.local"},{"name":"user","type":"User","type_id":21},{"name":"user.account.uid","type":"Account Object: uid","type_id":35,"value":"NULL SID"},{"name":"user.account.name","type":"Account Object: name","type_id":34,"value":"ad_user1"},{"name":"user.name","type":"User Name","type_id":4,"value":"ad_user1"},{"name":"user.uid","type":"User Object: uid","type_id":31,"value":"NULL SID"},{"name":"dst_endpoint","type":"Endpoint","type_id":20},{"name":"dst_endpoint.hostname","type":"Hostname","type_id":1,"value":"uba-win9.UBA_DSlab_DOMAIN.local"},{"name":"logon_process","type":"Process","type_id":25},{"name":"logon_process.name","type":"Process Name","type_id":9,"value":"NtLmSsp"},{"name":"logon_process.pid","type":"Process ID","type_id":15,"value":"-1"},{"name":"actor.user","type":"User","type_id":21},{"name":"actor.user.account.uid","type":"Account Object: uid","type_id":35,"value":"NULL SID"},{"name":"actor.user.account.name","type":"Account Object: name","type_id":34,"value":"-"},{"name":"actor.user.name","type":"User Name","type_id":4,"value":"-"},{"name":"actor.user.uid","type":"User Object: uid","type_id":31,"value":"NULL SID"},{"name":"actor.process","type":"Process","type_id":25},{"name":"actor.process.pid","type":"Process ID","type_id":15,"value":"0"},{"name":"actor.process.file","type":"File","type_id":24},{"name":"actor.process.file.name","type":"File Name","type_id":7,"value":"-"},{"name":"src_endpoint","type":"Endpoint","type_id":20},{"name":"src_endpoint.ip","type":"IP Address","type_id":2,"value":"10.141.38.92"},{"name":"src_endpoint.port","type":"Port","type_id":11,"value":"49369"}],"raw_data":"# The login was performed from src Win12 (10.141.38.92) to destination account ad_user1 on machine Win9 (10.141.38.82)\n  \n1/18/2017 6:25:31 PM\nLogName=Security\nSourceName=Microsoft Windows security auditing.\nEventCode=4625\nEventType=0\nType=Information\nComputerName=uba-win9.UBA_DSlab_DOMAIN.local\nTaskCategory=Logon\nOpCode=Info\nRecordNumber=548391624\nCaseID=AD_4625_2_1\nKeywords=Audit Failure\nMessage=An account failed to log on.\nSubject:\n    Security ID:        NULL SID\n    Account Name:       -\n    Account Domain:     -\n    Logon ID:       0x0\nLogon Type:         3\nAccount For Which Logon Failed:\n    Security ID:        NULL SID\n    Account Name:       ad_user1\n    Account Domain:     UBA-WIN12\nFailure Information:\n    Failure Reason:     Unknown user name or bad password.\n    Status:         0xC000006D\n    Sub Status:     0xC0000064\nProcess Information:\n    Caller Process ID:  0x0\n    Caller Process Name:    -\nNetwork Information:\n    Workstation Name:   UBA-WIN12\n    Source Network Address: 10.141.38.92\n    Source Port:        49369\nDetailed Authentication Information:\n    Logon Process:      NtLmSsp\n    Authentication Package: NTLM\n    Transited Services: -\n    Package Name (NTLM only):   -\n    Key Length:     0","severity":"Informational","severity_id":1,"src_endpoint":{"ip":"10.141.38.92","name":"UBA-WIN12","port":49369},"status":"Failure","status_code":"0xC000006D","status_detail":"Unknown user name or bad password.","status_id":2,"time":1484763931000,"type_name":"Authentication: Logon","type_uid":300201,"unmapped":{"CaseID":"AD_4625_2_1","Detailed Authentication Information":{"Key Length":"0","Package Name (NTLM only)":"-","Transited Services":"-"},"EventType":"0","Failure Information":{"Sub Status":"0xC0000064"},"OpCode":"Info","TaskCategory":"Logon"},"user":{"account":{"name":"ad_user1","type":"Windows Account","type_id":2,"uid":"NULL SID"},"domain":"UBA-WIN12","name":"ad_user1","uid":"NULL SID"}}
{"activity_id":1,"activity_name":"Logon","actor":{"process":{"file":{"name":"-","path":"-","type":"Regular File","type_id":1},"pid":0},"session":{"uid":"0x0"},"user":{"account":{"name":"-","type":"Windows Account","type_id":2,"uid":"NULL SID"},"domain":"-","name":"-","uid":"NULL SID"}},"auth_protocol":"NTLM","auth_protocol_id":1,"category_name":"Identity & Access Management","category_uid":3,"class_name":"Authentication","class_uid":3002,"device":{"hostname":"WSDCZUG1.emn.com","os":{"name":"Windows","type":"Windows","type_id":100},"type":"Unknown","type_id":0},"dst_endpoint":{"hostname":"WSDCZUG1.emn.com"},"logon_process":{"name":"NtLmSsp","pid":-1},"logon_type":"Network","logon_type_id":3,"message":"An account failed to log on.","metadata":{"event_code":"4625","log_name":"Security","log_provider":"Microsoft Windows security auditing.","original_time":"01/14/2015 06:31:36 PM","product":{"name":"Microsoft Windows","vendor_name":"Microsoft"},"profiles":["host"],"sequence":548390624,"uid":"725363179a4edde994d9f344300bd02b","version":"1.4.0"},"observables":[{"name":"src_endpoint","type":"Endpoint","type_id":20},{"name":"src_endpoint.ip","type":"IP Address","type_id":2,"value":"10.14.180.15"},{"name":"src_endpoint.port","type":"Port","type_id":11,"value":"59991"},{"name":"device","type":"Endpoint","type_id":20},{"name":"device.hostname","type":"Hostname","type_id":1,"value":"WSDCZUG1.emn.com"},{"name":"logon_process","type":"Process","type_id":25},{"name":"logon_process.name","type":"Process Name","type_id":9,"value":"NtLmSsp"},{"name":"logon_process.pid","type":"Process ID","type_id":15,"value":"-1"},{"name":"dst_endpoint","type":"Endpoint","type_id":20},{"name":"dst_endpoint.hostname","type":"Hostname","type_id":1,"value":"WSDCZUG1.emn.com"},{"name":"actor.user","type":"User","type_id":21},{"name":"actor.user.account.name","type":"Account Object: name","type_id":34,"value":"-"},{"name":"actor.user.account.uid","type":"Account Object: uid","type_id":35,"value":"NULL SID"},{"name":"actor.user.name","type":"User Name","type_id":4,"value":"-"},{"name":"actor.user.uid","type":"User Object: uid","type_id":31,"value":"NULL SID"},{"name":"actor.process","type":"Process","type_id":25},{"name":"actor.process.pid","type":"Process ID","type_id":15,"value":"0"},{"name":"actor.process.file","type":"File","type_id":24},{"name":"actor.process.file.name","type":"File Name","type_id":7,"value":"-"},{"name":"user","type":"User","type_id":21},{"name":"user.account.uid","type":"Account Object: uid","type_id":35,"value":"NULL SID"},{"name":"user.account.name","type":"Account Object: name","type_id":34,"value":"3YMM95J-A$"},{"name":"user.name","type":"User Name","type_id":4,"value":"3YMM95J-A$"},{"name":"user.uid","type":"User Object: uid","type_id":31,"value":"NULL SID"}],"raw_data":"01/14/2015 06:31:36 PM\nLogName=Security\nSourceName=Microsoft Windows security auditing.\nEventCode=4625\nEventType=0\nType=Information\nComputerName=WSDCZUG1.emn.com\nTaskCategory=Logon\nOpCode=Info\nRecordNumber=548390624\nCaseID=AD_4625_2_2\nKeywords=Audit Failure\nMessage=An account failed to log on.\nSubject:\n    Security ID:        NULL SID\n    Account Name:       -\n    Account Domain:     -\n    Logon ID:       0x0\nLogon Type:         3\nAccount For Which Logon Failed:\n    Security ID:        NULL SID\n    Account Name:       3YMM95J-A$\n    Account Domain:     EASTMAN\nFailure Information:\n    Failure Reason:     Unknown user name or bad password.\n    Status:         0xc000006d\n    Sub Status:     0xc0000064\nProcess Information:\n    Caller Process ID:  0x0\n    Caller Process Name:    -\nNetwork Information:\n    Workstation Name:   3YMM95J-A\n    Source Network Address: 10.14.180.15\n    Source Port:        59991\nDetailed Authentication Information:\n    Logon Process:      NtLmSsp\n    Authentication Package: NTLM\n    Transited Services: -\n    Package Name (NTLM only):   -\n    Key Length:     0","severity":"Informational","severity_id":1,"src_endpoint":{"ip":"10.14.180.15","name":"3YMM95J-A","port":59991},"status":"Failure","status_code":"0xc000006d","status_detail":"Unknown user name or bad password.","status_id":2,"time":1421260296000,"type_name":"Authentication: Logon","type_uid":300201,"unmapped":{"CaseID":"AD_4625_2_2","Detailed Authentication Information":{"Key Length":"0","Package Name (NTLM only)":"-","Transited Services":"-"},"EventType":"0","Failure Information":{"Sub Status":"0xc0000064"},"OpCode":"Info","TaskCategory":"Logon"},"user":{"account":{"name":"3YMM95J-A$","type":"Windows Account","type_id":2,"uid":"NULL SID"},"domain":"EASTMAN","name":"3YMM95J-A$","uid":"NULL SID"}}
{"activity_id":1,"activity_name":"Logon","actor":{"process":{"file":{"name":"lsass.exe","parent_folder":"C:\\Windows\\System32","path":"C:\\Windows\\System32\\lsass.exe","type":"Regular File","type_id":1},"pid":596},"session":{"uid":"0x3E7"},"user":{"account":{"name":"WSDCKPTA2$","type":"Windows Account","type_id":2,"uid":"NT AUTHORITY\\SYSTEM"},"domain":"EASTMAN","name":"WSDCKPTA2$","uid":"NT AUTHORITY\\SYSTEM"}},"auth_protocol":"MICROSOFT_AUTHENTICATION_PACKAGE_V1_0","auth_protocol_id":99,"category_name":"Identity & Access Management","category_uid":3,"class_name":"Authentication","class_uid":3002,"device":{"hostname":"WSDCKPTA2.emn.com","os":{"name":"Windows","type":"Windows","type_id":100},"type":"Unknown","type_id":0},"dst_endpoint":{"hostname":"WSDCKPTA2.emn.com"},"logon_process":{"name":"Advapi","pid":-1},"logon_type":"Network","logon_type_id":3,"message":"An account failed to log on.","metadata":{"event_code":"4625","log_name":"Security","log_provider":"Microsoft Windows security auditing.","original_time":"01/06/2015 11:12:33 AM","product":{"name":"Microsoft Windows","vendor_name":"Microsoft"},"profiles":["host"],"sequence":1237037669,"uid":"72ba5dbcc535814c210ba86e44812d6f","version":"1.4.0"},"observables":[{"name":"device","type":"Endpoint","type_id":20},{"name":"device.hostname","type":"Hostname","type_id":1,"value":"WSDCKPTA2.emn.com"},{"name":"dst_endpoint","type":"Endpoint","type_id":20},{"name":"dst_endpoint.hostname","type":"Hostname","type_id":1,"value":"WSDCKPTA2.emn.com"},{"name":"actor.user","type":"User","type_id":21},{"name":"actor.user.uid","type":"User Object: uid","type_id":31,"value":"NT AUTHORITY\\SYSTEM"},{"name":"actor.user.account.uid","type":"Account Object: uid","type_id":35,"value":"NT AUTHORITY\\SYSTEM"},{"name":"actor.user.account.name","type":"Account Object: name","type_id":34,"value":"WSDCKPTA2$"},{"name":"actor.user.name","type":"User Name","type_id":4,"value":"WSDCKPTA2$"},{"name":"actor.process","type":"Process","type_id":25},{"name":"actor.process.pid","type":"Process ID","type_id":15,"value":"596"},{"name":"actor.process.file","type":"File","type_id":24},{"name":"actor.process.file.name","type":"File Name","type_id":7,"value":"lsass.exe"},{"name":"user","type":"User","type_id":21},{"name":"user.account.uid","type":"Account Object: uid","type_id":35,"value":"NULL SID"},{"name":"user.account.name","type":"Account Object: name","type_id":34,"value":"u773860"},{"name":"user.name","type":"User Name","type_id":4,"value":"u773860"},{"name":"user.uid","type":"User Object: uid","type_id":31,"value":"NULL SID"},{"name":"logon_process","type":"Process","type_id":25},{"name":"logon_process.pid","type":"Process ID","type_id":15,"value":"-1"},{"name":"logon_process.name","type":"Process Name","type_id":9,"value":"Advapi"},{"name":"src_endpoint","type":"Endpoint","type_id":20},{"name":"src_endpoint.ip","type":"IP Address","type_id":2,"value":"168.136.160.163"},{"name":"src_endpoint.port","type":"Port","type_id":11,"value":"56690"}],"raw_data":"01/06/2015 11:12:33 AM\nLogName=Security\nSourceName=Microsoft Windows security auditing.\nEventCode=4625\nEventType=0\nType=Information\nComputerName=WSDCKPTA2.emn.com\nTaskCategory=Logon\nOpCode=Info\nRecordNumber=1237037669\nCaseID=AD_4625_3_1\nKeywords=Audit Failure\nMessage=An account failed to log on.\nSubject:\n    Security ID:        NT AUTHORITY\\SYSTEM\n    Account Name:       WSDCKPTA2$\n    Account Domain:     EASTMAN\n    Logon ID:       0x3E7\nLogon Type:         3\nAccount For Which Logon Failed:\n    Security ID:        NULL SID\n    Account Name:       u773860\n    Account Domain:     EASTMAN\nFailure Information:\n    Failure Reason:     Unknown user name or bad password.\n    Status:         0xC000006D\n    Sub Status:     0xC000006A\nProcess Information:\n    Caller Process ID:  0x254\n    Caller Process Name:    C:\\Windows\\System32\\lsass.exe\nNetwork Information:\n    Workstation Name:   WSDCKPTA2\n    Source Network Address: 168.136.160.163\n    Source Port:        56690\nDetailed Authentication Information:\n    Logon Process:      Advapi\n    Authentication Package: MICROSOFT_AUTHENTICATION_PACKAGE_V1_0\n    Transited Services: -\n    Package Name (NTLM only):   -\n    Key Length:     0","severity":"Informational","severity_id":1,"src_endpoint":{"ip":"168.136.160.163","name":"WSDCKPTA2","port":56690},"status":"Failure","status_code":"0xC000006D","status_detail":"Unknown user name or bad password.","status_id":2,"time":1420542753000,"type_name":"Authentication: Logon","type_uid":300201,"unmapped":{"CaseID":"AD_4625_3_1","Detailed Authentication Information":{"Key Length":"0","Package Name (NTLM only)":"-","Transited Services":"-"},"EventType":"0","Failure Information":{"Sub Status":"0xC000006A"},"OpCode":"Info","TaskCategory":"Logon"},"user":{"account":{"name":"u773860","type":"Windows Account","type_id":2,"uid":"NULL SID"},"domain":"EASTMAN","name":"u773860","uid":"NULL SID"}}
{"activity_id":1,"activity_name":"Logon","actor":{"process":{"file":{"name":"services.exe","parent_folder":"C:\\Windows\\System32","path":"C:\\Windows\\System32\\services.exe","type":"Regular File","type_id":1},"pid":532},"session":{"uid":"0x3e7"},"user":{"account":{"name":"WSSECECAT1$","type":"Windows Account","type_id":2,"uid":"NT AUTHORITY\\SYSTEM"},"domain":"EASTMAN","name":"WSSECECAT1$","uid":"NT AUTHORITY\\SYSTEM"}},"auth_protocol":"Negotiate","auth_protocol_id":99,"category_name":"Identity & Access Management","category_uid":3,"class_name":"Authentication","class_uid":3002,"device":{"hostname":"WSSECECAT1.emn.com","os":{"name":"Windows","type":"Windows","type_id":100},"type":"Unknown","type_id":0},"dst_endpoint":{"hostname":"WSSECECAT1.emn.com"},"logon_process":{"name":"Advapi","pid":-1},"logon_type":"OS Service","logon_type_id":5,"message":"An account failed to log on.","metadata":{"event_code":"4625","log_name":"Security","log_provider":"Microsoft Windows security auditing.","original_time":"01/12/2015 12:56:27 PM","product":{"name":"Microsoft Windows","vendor_name":"Microsoft"},"profiles":["host"],"sequence":7332335,"uid":"703a2f5a0c577309911593795cbaf90f","version":"1.4.0"},"observables":[{"name":"device","type":"Endpoint","type_id":20},{"name":"device.hostname","type":"Hostname","type_id":1,"value":"WSSECECAT1.emn.com"},{"name":"logon_process","type":"Process","type_id":25},{"name":"logon_process.name","type":"Process Name","type_id":9,"value":"Advapi"},{"name":"logon_process.pid","type":"Process ID","type_id":15,"value":"-1"},{"name":"src_endpoint","type":"Endpoint","type_id":20},{"name":"src_endpoint.ip","type":"IP Address","type_id":2,"value":"-"},{"name":"src_endpoint.port","type":"Port","type_id":11,"value":"0"},{"name":"dst_endpoint","type":"Endpoint","type_id":20},{"name":"dst_endpoint.hostname","type":"Hostname","type_id":1,"value":"WSSECECAT1.emn.com"},{"name":"actor.user","type":"User","type_id":21},{"name":"actor.user.account.uid","type":"Account Object: uid","type_id":35,"value":"NT AUTHORITY\\SYSTEM"},{"name":"actor.user.account.name","type":"Account Object: name","type_id":34,"value":"WSSECECAT1$"},{"name":"actor.user.name","type":"User Name","type_id":4,"value":"WSSECECAT1$"},{"name":"actor.user.uid","type":"User Object: uid","type_id":31,"value":"NT AUTHORITY\\SYSTEM"},{"name":"actor.process","type":"Process","type_id":25},{"name":"actor.process.pid","type":"Process ID","type_id":15,"value":"532"},{"name":"actor.process.file","type":"File","type_id":24},{"name":"actor.process.file.name","type":"File Name","type_id":7,"value":"services.exe"},{"name":"user","type":"User","type_id":21},{"name":"user.account.uid","type":"Account Object: uid","type_id":35,"value":"NULL SID"},{"name":"user.account.name","type":"Account Object: name","type_id":34,"value":"ecatimpl"},{"name":"user.name","type":"User Name","type_id":4,"value":"ecatimpl"},{"name":"user.uid","type":"User Object: uid","type_id":31,"value":"NULL SID"}],"raw_data":"01/12/2015 12:56:27 PM\nLogName=Security\nSourceName=Microsoft Windows security auditing.\nEventCode=4625\nEventType=0\nType=Information\nComputerName=WSSECECAT1.emn.com\nTaskCategory=Logon\nOpCode=Info\nRecordNumber=7332335\nCaseID=AD_4625_3_2\nKeywords=Audit Failure\nMessage=An account failed to log on.\nSubject:\n    Security ID:        NT AUTHORITY\\SYSTEM\n    Account Name:       WSSECECAT1$\n    Account Domain:     EASTMAN\n    Logon ID:       0x3e7\nLogon Type:         5\nAccount For Which Logon Failed:\n    Security ID:        NULL SID\n    Account Name:       ecatimpl\n    Account Domain:     eastman\nFailure Information:\n    Failure Reason:     An Error occured during Logon.\n    Status:         0xc000005e\n    Sub Status:     0x0\nProcess Information:\n    Caller Process ID:  0x214\n    Caller Process Name:    C:\\Windows\\System32\\services.exe\nNetwork Information:\n    Workstation Name:   WSSECECAT1\n    Source Network Address: -\n    Source Port:        -\nDetailed Authentication Information:\n    Logon Process:      Advapi\n    Authentication Package: Negotiate\n    Transited Services: -\n    Package Name (NTLM only):   -\n    Key Length:     0","severity":"Informational","severity_id":1,"src_endpoint":{"ip":"-","name":"WSSECECAT1","port":0},"status":"Failure","status_code":"0xc000005e","status_detail":"An Error occured during Logon.","status_id":2,"time":1421067387000,"type_name":"Authentication: Logon","type_uid":300201,"unmapped":{"CaseID":"AD_4625_3_2","Detailed Authentication Information":{"Key Length":"0","Package Name (NTLM only)":"-","Transited Services":"-"},"EventType":"0","Failure Information":{"Sub Status":"0x0"},"OpCode":"Info","TaskCategory":"Logon"},"user":{"account":{"name":"ecatimpl","type":"Windows Account","type_id":2,"uid":"NULL SID"},"domain":"eastman","name":"ecatimpl","uid":"NULL SID"}}
{"activity_id":1,"activity_name":"Logon","actor":{"process":{"file":{"name":"lsass.exe","parent_folder":"C:\\Windows\\System32","path":"C:\\Windows\\System32\\lsass.exe","type":"Regular File","type_id":1},"pid":596},"session":{"uid":"0x3E7"},"user":{"account":{"name":"WSDCKPTA2$","type":"Windows Account","type_id":2,"uid":"NT AUTHORITY\\SYSTEM"},"domain":"EASTMAN","name":"WSDCKPTA2$","uid":"NT AUTHORITY\\SYSTEM"}},"auth_protocol":"MICROSOFT_AUTHENTICATION_PACKAGE_V1_0","auth_protocol_id":99,"category_name":"Identity & Access Management","category_uid":3,"class_name":"Authentication","class_uid":3002,"device":{"hostname":"WSDCKPTA2.emn.com","os":{"name":"Windows","type":"Windows","type_id":100},"type":"Unknown","type_id":0},"dst_endpoint":{"hostname":"WSDCKPTA2.emn.com"},"logon_process":{"name":"Advapi","pid":-1},"logon_type":"Network","logon_type_id":3,"message":"An account failed to log on.","metadata":{"event_code":"4625","log_name":"Security","log_provider":"Microsoft Windows security auditing.","original_time":"01/14/2015 02:16:23 PM","product":{"name":"Microsoft Windows","vendor_name":"Microsoft"},"profiles":["host"],"sequence":1265579591,"uid":"5f9ea9d5b6ff82a2d79d1c38586bd60f","version":"1.4.0"},"observables":[{"name":"dst_endpoint","type":"Endpoint","type_id":20},{"name":"dst_endpoint.hostname","type":"Hostname","type_id":1,"value":"WSDCKPTA2.emn.com"},{"name":"logon_process","type":"Process","type_id":25},{"name":"logon_process.name","type":"Process Name","type_id":9,"value":"Advapi"},{"name":"logon_process.pid","type":"Process ID","type_id":15,"value":"-1"},{"name":"actor.user","type":"User","type_id":21},{"name":"actor.user.account.uid","type":"Account Object: uid","type_id":35,"value":"NT AUTHORITY\\SYSTEM"},{"name":"actor.user.account.name","type":"Account Object: name","type_id":34,"value":"WSDCKPTA2$"},{"name":"actor.user.name","type":"User Name","type_id":4,"value":"WSDCKPTA2$"},{"name":"actor.user.uid","type":"User Object: uid","type_id":31,"value":"NT AUTHORITY\\SYSTEM"},{"name":"actor.process","type":"Process","type_id":25},{"name":"actor.process.pid","type":"Process ID","type_id":15,"value":"596"},{"name":"actor.process.file","type":"File","type_id":24},{"name":"actor.process.file.name","type":"File Name","type_id":7,"value":"lsass.exe"},{"name":"user","type":"User","type_id":21},{"name":"user.uid","type":"User Object: uid","type_id":31,"value":"NULL SID"},{"name":"user.account.uid","type":"Account Object: uid","type_id":35,"value":"NULL SID"},{"name":"user.account.name","type":"Account Object: name","type_id":34,"value":"WSA45601$"},{"name":"user.name","type":"User Name","type_id":4,"value":"WSA45601$"},{"name":"src_endpoint","type":"Endpoint","type_id":20},{"name":"src_endpoint.ip","type":"IP Address","type_id":2,"value":"10.253.0.23"},{"name":"src_endpoint.port","type":"Port","type_id":11,"value":"55380"},{"name":"device","type":"Endpoint","type_id":20},{"name":"device.hostname","type":"Hostname","type_id":1,"value":"WSDCKPTA2.emn.com"}],"raw_data":"01/14/2015 02:16:23 PM\nLogName=Security\nSourceName=Microsoft Windows security auditing.\nEventCode=4625\nEventType=0\nType=Information\nComputerName=WSDCKPTA2.emn.com\nTaskCategory=Logon\nOpCode=Info\nRecordNumber=1265579591\nCaseID=AD_4625_3_3\nKeywords=Audit Failure\nMessage=An account failed to log on.\nSubject:\n    Security ID:        NT AUTHORITY\\SYSTEM\n    Account Name:       WSDCKPTA2$\n    Account Domain:     EASTMAN\n    Logon ID:       0x3E7\nLogon Type:         3\nAccount For Which Logon Failed:\n    Security ID:        NULL SID\n    Account Name:       WSA45601$\n    Account Domain:     EASTMAN\nFailure Information:\n    Failure Reason:     An Error occured during Logon.\n    Status:         0xC0000199\n    Sub Status:     0x0\nProcess Information:\n    Caller Process ID:  0x254\n    Caller Process Name:    C:\\Windows\\System32\\lsass.exe\nNetwork Information:\n    Workstation Name:   WSDCKPTA2\n    Source Network Address: 10.253.0.23\n    Source Port:        55380\nDetailed Authentication Information:\n    Logon Process:      Advapi\n    Authentication Package: MICROSOFT_AUTHENTICATION_PACKAGE_V1_0\n    Transited Services: -\n    Package Name (NTLM only):   -\n    Key Length:     0","severity":"Informational","severity_id":1,"src_endpoint":{"ip":"10.253.0.23","name":"WSDCKPTA2","port":55380},"status":"Failure","status_code":"0xC0000199","status_detail":"An Error occured during Logon.","status_id":2,"time":1421244983000,"type_name":"Authentication: Logon","type_uid":300201,"unmapped":{"CaseID":"AD_4625_3_3","Detailed Authentication Information":{"Key Length":"0","Package Name (NTLM only)":"-","Transited Services":"-"},"EventType":"0","Failure Information":{"Sub Status":"0x0"},"OpCode":"Info","TaskCategory":"Logon"},"user":{"account":{"name":"WSA45601$","type":"Windows Account","type_id":2,"uid":"NULL SID"},"domain":"EASTMAN","name":"WSA45601$","uid":"NULL SID"}}
{"activity_id":1,"activity_name":"Logon","actor":{"process":{"file":{"name":"winlogon.exe","parent_folder":"C:\\Windows\\System32","path":"C:\\Windows\\System32\\winlogon.exe","type":"Regular File","type_id":1},"pid":488},"session":{"uid":"0x3e7"},"user":{"account":{"name":"WSDCWOR1$","type":"Windows Account","type_id":2,"uid":"NT AUTHORITY\\SYSTEM"},"domain":"EASTMAN","name":"WSDCWOR1$","uid":"NT AUTHORITY\\SYSTEM"}},"auth_protocol":"Negotiate","auth_protocol_id":99,"category_name":"Identity & Access Management","category_uid":3,"class_name":"Authentication","class_uid":3002,"device":{"hostname":"WSDCWOR1.emn.com","os":{"name":"Windows","type":"Windows","type_id":100},"type":"Unknown","type_id":0},"dst_endpoint":{"hostname":"WSDCWOR1.emn.com"},"logon_process":{"name":"User32","pid":-1},"logon_type":"Interactive","logon_type_id":2,"message":"An account failed to log on.","metadata":{"event_code":"4625","log_name":"Security","log_provider":"Microsoft Windows security auditing.","original_time":"01/14/2015 06:43:39 PM","product":{"name":"Microsoft Windows","vendor_name":"Microsoft"},"profiles":["host"],"sequence":870297008,"uid":"5593c432e230da8debf26a061c01ec61","version":"1.4.0"},"observables":[{"name":"src_endpoint","type":"Endpoint","type_id":20},{"name":"src_endpoint.ip","type":"IP Address","type_id":2,"value":"127.0.0.1"},{"name":"src_endpoint.port","type":"Port","type_id":11,"value":"0"},{"name":"actor.user","type":"User","type_id":21},{"name":"actor.user.name","type":"User Name","type_id":4,"value":"WSDCWOR1$"},{"name":"actor.user.uid","type":"User Object: uid","type_id":31,"value":"NT AUTHORITY\\SYSTEM"},{"name":"actor.user.account.uid","type":"Account Object: uid","type_id":35,"value":"NT AUTHORITY\\SYSTEM"},{"name":"actor.user.account.name","type":"Account Object: name","type_id":34,"value":"WSDCWOR1$"},{"name":"actor.process","type":"Process","type_id":25},{"name":"actor.process.pid","type":"Process ID","type_id":15,"value":"488"},{"name":"actor.process.file","type":"File","type_id":24},{"name":"actor.process.file.name","type":"File Name","type_id":7,"value":"winlogon.exe"},{"name":"user","type":"User","type_id":21},{"name":"user.account.uid","type":"Account Object: uid","type_id":35,"value":"NULL SID"},{"name":"user.account.name","type":"Account Object: name","type_id":34,"value":"p838097"},{"name":"user.name","type":"User Name","type_id":4,"value":"p838097"},{"name":"user.uid","type":"User Object: uid","type_id":31,"value":"NULL SID"},{"name":"device","type":"Endpoint","type_id":20},{"name":"device.hostname","type":"Hostname","type_id":1,"value":"WSDCWOR1.emn.com"},{"name":"dst_endpoint","type":"Endpoint","type_id":20},{"name":"dst_endpoint.hostname","type":"Hostname","type_id":1,"value":"WSDCWOR1.emn.com"},{"name":"logon_process","type":"Process","type_id":25},{"name":"logon_process.name","type":"Process Name","type_id":9,"value":"User32"},{"name":"logon_process.pid","type":"Process ID","type_id":15,"value":"-1"}],"raw_data":"01/14/2015 06:43:39 PM\nLogName=Security\nSourceName=Microsoft Windows security auditing.\nEventCode=4625\nEventType=0\nType=Information\nComputerName=WSDCWOR1.emn.com\nTaskCategory=Logon\nOpCode=Info\nRecordNumber=870297008\nCaseID=AD_4625_4_1\nKeywords=Audit Failure\nMessage=An account failed to log on.\nSubject:\n    Security ID:        NT AUTHORITY\\SYSTEM\n    Account Name:       WSDCWOR1$\n    Account Domain:     EASTMAN\n    Logon ID:       0x3e7\nLogon Type:         2\nAccount For Which Logon Failed:\n    Security ID:        NULL SID\n    Account Name:       p838097\n    Account Domain:     EASTMAN\nFailure Information:\n    Failure Reason:     The user has not been granted the requested logon type at this machine.\n    Status:         0xc000015b\n    Sub Status:     0x0\nProcess Information:\n    Caller Process ID:  0x1e8\n    Caller Process Name:    C:\\Windows\\System32\\winlogon.exe\nNetwork Information:\n    Workstation Name:   WSDCWOR1\n    Source Network Address: 127.0.0.1\n    Source Port:        0\nDetailed Authentication Information:\n    Logon Process:      User32\n    Authentication Package: Negotiate\n    Transited Services: -\n    Package Name (NTLM only):   -\n    Key Length:     0","severity":"Informational","severity_id":1,"src_endpoint":{"ip":"127.0.0.1","name":"WSDCWOR1","port":0},"status":"Failure","status_code":"0xc000015b","status_detail":"The user has not been granted the requested logon type at this machine.","status_id":2,"time":1421261019000,"type_name":"Authentication: Logon","type_uid":300201,"unmapped":{"CaseID":"AD_4625_4_1","Detailed Authentication Information":{"Key Length":"0","Package Name (NTLM only)":"-","Transited Services":"-"},"EventType":"0","Failure Information":{"Sub Status":"0x0"},"OpCode":"Info","TaskCategory":"Logon"},"user":{"account":{"name":"p838097","type":"Windows Account","type_id":2,"uid":"NULL SID"},"domain":"EASTMAN","name":"p838097","uid":"NULL SID"}}
{"activity_id":1,"activity_name":"Logon","actor":{"process":{"file":{"name":"winlogon.exe","parent_folder":"C:\\Windows\\System32","path":"C:\\Windows\\System32\\winlogon.exe","type":"Regular File","type_id":1},"pid":1912},"session":{"uid":"0x3E7"},"user":{"account":{"name":"UBA-WIN9$","type":"Windows Account","type_id":2,"uid":"SYSTEM"},"domain":"UBA_DSLAB_DOMAI","name":"UBA-WIN9$","uid":"SYSTEM"}},"auth_protocol":"Negotiate","auth_protocol_id":99,"category_name":"Identity & Access Management","category_uid":3,"class_name":"Authentication","class_uid":3002,"device":{"hostname":"uba-win9.UBA_DSlab_DOMAIN.local","os":{"name":"Windows","type":"Windows","type_id":100},"type":"Unknown","type_id":0},"dst_endpoint":{"hostname":"uba-win9.UBA_DSlab_DOMAIN.local"},"logon_process":{"name":"User32","pid":-1},"logon_type":"Remote Interactive","logon_type_id":10,"message":"An account failed to log on.","metadata":{"event_code":"4625","log_name":"Security","log_provider":"Microsoft Windows security auditing.","original_time":"1/18/2017 6:44:34 PM","product":{"name":"Microsoft Windows","vendor_name":"Microsoft"},"profiles":["host"],"sequence":7342335,"uid":"d23442bc0faedb3e4ccf36fd64bb872c","version":"1.4.0"},"observables":[{"name":"src_endpoint","type":"Endpoint","type_id":20},{"name":"src_endpoint.port","type":"Port","type_id":11,"value":"0"},{"name":"src_endpoint.ip","type":"IP Address","type_id":2,"value":"10.26.69.42"},{"name":"device","type":"Endpoint","type_id":20},{"name":"device.hostname","type":"Hostname","type_id":1,"value":"uba-win9.UBA_DSlab_DOMAIN.local"},{"name":"dst_endpoint","type":"Endpoint","type_id":20},{"name":"dst_endpoint.hostname","type":"Hostname","type_id":1,"value":"uba-win9.UBA_DSlab_DOMAIN.local"},{"name":"actor.user","type":"User","type_id":21},{"name":"actor.user.account.uid","type":"Account Object: uid","type_id":35,"value":"SYSTEM"},{"name":"actor.user.account.name","type":"Account Object: name","type_id":34,"value":"UBA-WIN9$"},{"name":"actor.user.name","type":"User Name","type_id":4,"value":"UBA-WIN9$"},{"name":"actor.user.uid","type":"User Object: uid","type_id":31,"value":"SYSTEM"},{"name":"actor.process","type":"Process","type_id":25},{"name":"actor.process.pid","type":"Process ID","type_id":15,"value":"1912"},{"name":"actor.process.file","type":"File","type_id":24},{"name":"actor.process.file.name","type":"File Name","type_id":7,"value":"winlogon.exe"},{"name":"logon_process","type":"Process","type_id":25},{"name":"logon_process.name","type":"Process Name","type_id":9,"value":"User32"},{"name":"logon_process.pid","type":"Process ID","type_id":15,"value":"-1"},{"name":"user","type":"User","type_id":21},{"name":"user.account.uid","type":"Account Object: uid","type_id":35,"value":"NULL SID"},{"name":"user.account.name","type":"Account Object: name","type_id":34,"value":"doesNotExist"},{"name":"user.name","type":"User Name","type_id":4,"value":"doesNotExist"},{"name":"user.uid","type":"User Object: uid","type_id":31,"value":"NULL SID"}],"raw_data":"# Scenario - Login from source 10.26.69.42, to destination user doesNotExist at destination machine UBA-WIN9 (10.141.38.82)\n\n1/18/2017 6:44:34 PM\nLogName=Security\nSourceName=Microsoft Windows security auditing.\nEventCode=4625\nEventType=0\nType=Information\nComputerName=uba-win9.UBA_DSlab_DOMAIN.local\nTaskCategory=Logon\nOpCode=Info\nRecordNumber=7342335\nCaseID=AD_4625_4_2\nKeywords=Audit Failure\nMessage=An account failed to log on.\nSubject:\n    Security ID:        SYSTEM\n    Account Name:       UBA-WIN9$\n    Account Domain:     UBA_DSLAB_DOMAI\n    Logon ID:       0x3E7\nLogon Type:         10\nAccount For Which Logon Failed:\n    Security ID:        NULL SID\n    Account Name:       doesNotExist\n    Account Domain:     UBA-WIN9\nFailure Information:\n    Failure Reason:     Unknown user name or bad password.\n    Status:         0xC000006D\n    Sub Status:     0xC0000064\nProcess Information:\n    Caller Process ID:  0x778\n    Caller Process Name:    C:\\Windows\\System32\\winlogon.exe\nNetwork Information:\n    Workstation Name:   UBA-WIN9\n    Source Network Address: 10.26.69.42\n    Source Port:        0\nDetailed Authentication Information:\n    Logon Process:      User32\n    Authentication Package: Negotiate\n    Transited Services: -\n    Package Name (NTLM only):   -\n    Key Length:     0","severity":"Informational","severity_id":1,"src_endpoint":{"ip":"10.26.69.42","name":"UBA-WIN9","port":0},"status":"Failure","status_code":"0xC000006D","status_detail":"Unknown user name or bad password.","status_id":2,"time":1484765074000,"type_name":"Authentication: Logon","type_uid":300201,"unmapped":{"CaseID":"AD_4625_4_2","Detailed Authentication Information":{"Key Length":"0","Package Name (NTLM only)":"-","Transited Services":"-"},"EventType":"0","Failure Information":{"Sub Status":"0xC0000064"},"OpCode":"Info","TaskCategory":"Logon"},"user":{"account":{"name":"doesNotExist","type":"Windows Account","type_id":2,"uid":"NULL SID"},"domain":"UBA-WIN9","name":"doesNotExist","uid":"NULL SID"}}
{"activity_id":1,"activity_name":"Logon","actor":{"process":{"file":{"name":"-","path":"-","type":"Regular File","type_id":1},"pid":0},"session":{"uid":"0x0"},"user":{"account":{"name":"-","type":"Windows Account","type_id":2,"uid":"NULL SID"},"domain":"-","name":"-","uid":"NULL SID"}},"auth_protocol":"WDigest","auth_protocol_id":99,"category_name":"Identity & Access Management","category_uid":3,"class_name":"Authentication","class_uid":3002,"device":{"hostname":"WSDCKPTC3.emn.com","os":{"name":"Windows","type":"Windows","type_id":100},"type":"Unknown","type_id":0},"dst_endpoint":{"hostname":"WSDCKPTC3.emn.com"},"logon_process":{"name":"WDIGEST","pid":-1},"logon_type":"Network","logon_type_id":3,"message":"An account failed to log on.","metadata":{"event_code":"4625","log_name":"Security","log_provider":"Microsoft Windows security auditing.","original_time":"01/13/2015 02:58:33 PM","product":{"name":"Microsoft Windows","vendor_name":"Microsoft"},"profiles":["host"],"sequence":4276161401,"uid":"40007a76f2391ae5e5f62627925eb469","version":"1.4.0"},"observables":[{"name":"device","type":"Endpoint","type_id":20},{"name":"device.hostname","type":"Hostname","type_id":1,"value":"WSDCKPTC3.emn.com"},{"name":"dst_endpoint","type":"Endpoint","type_id":20},{"name":"dst_endpoint.hostname","type":"Hostname","type_id":1,"value":"WSDCKPTC3.emn.com"},{"name":"actor.process","type":"Process","type_id":25},{"name":"actor.process.pid","type":"Process ID","type_id":15,"value":"0"},{"name":"actor.process.file","type":"File","type_id":24},{"name":"actor.process.file.name","type":"File Name","type_id":7,"value":"-"},{"name":"actor.user","type":"User","type_id":21},{"name":"actor.user.account.uid","type":"Account Object: uid","type_id":35,"value":"NULL SID"},{"name":"actor.user.account.name","type":"Account Object: name","type_id":34,"value":"-"},{"name":"actor.user.name","type":"User Name","type_id":4,"value":"-"},{"name":"actor.user.uid","type":"User Object: uid","type_id":31,"value":"NULL SID"},{"name":"src_endpoint","type":"Endpoint","type_id":20},{"name":"src_endpoint.ip","type":"IP Address","type_id":2,"value":"10.64.210.209"},{"name":"src_endpoint.port","type":"Port","type_id":11,"value":"26759"},{"name":"user","type":"User","type_id":21},{"name":"user.account.uid","type":"Account Object: uid","type_id":35,"value":"NULL SID"},{"name":"user.account.name","type":"Account Object: name","type_id":34,"value":"U212523"},{"name":"user.name","type":"User Name","type_id":4,"value":"U212523"},{"name":"user.uid","type":"User Object: uid","type_id":31,"value":"NULL SID"},{"name":"logon_process","type":"Process","type_id":25},{"name":"logon_process.pid","type":"Process ID","type_id":15,"value":"-1"},{"name":"logon_process.name","type":"Process Name","type_id":9,"value":"WDIGEST"}],"raw_data":"01/13/2015 02:58:33 PM\nLogName=Security\nSourceName=Microsoft Windows security auditing.\nEventCode=4625\nEventType=0\nType=Information\nComputerName=WSDCKPTC3.emn.com\nTaskCategory=Logon\nOpCode=Info\nRecordNumber=4276161401\nCaseID=AD_4625_6\nKeywords=Audit Failure\nMessage=An account failed to log on.\nSubject:\n    Security ID:        NULL SID\n    Account Name:       -\n    Account Domain:     -\n    Logon ID:       0x0\nLogon Type:         3\nAccount For Which Logon Failed:\n    Security ID:        NULL SID\n    Account Name:       U212523\n    Account Domain:     emn.com\nFailure Information:\n    Failure Reason:     An Error occured during Logon.\n    Status:         0xc000006d\n    Sub Status:     0xc000006d\nProcess Information:\n    Caller Process ID:  0x0\n    Caller Process Name:    -\nNetwork Information:\n    Workstation Name:   -\n    Source Network Address: 10.64.210.209\n    Source Port:        26759\nDetailed Authentication Information:\n    Logon Process:      WDIGEST\n    Authentication Package: WDigest\n    Transited Services: -\n    Package Name (NTLM only):   -\n    Key Length:     0","severity":"Informational","severity_id":1,"src_endpoint":{"ip":"10.64.210.209","name":"-","port":26759},"status":"Failure","status_code":"0xc000006d","status_detail":"An Error occured during Logon.","status_id":2,"time":1421161113000,"type_name":"Authentication: Logon","type_uid":300201,"unmapped":{"CaseID":"AD_4625_6","Detailed Authentication Information":{"Key Length":"0","Package Name (NTLM only)":"-","Transited Services":"-"},"EventType":"0","Failure Information":{"Sub Status":"0xc000006d"},"OpCode":"Info","TaskCategory":"Logon"},"user":{"account":{"name":"U212523","type":"Windows Account","type_id":2,"uid":"NULL SID"},"domain":"emn.com","name":"U212523","uid":"NULL SID"}}
{"activity_id":1,"activity_name":"Logon","actor":{"process":{"file":{"name":"svchost.exe","parent_folder":"C:\\Windows\\System32","path":"C:\\Windows\\System32\\svchost.exe","type":"Regular File","type_id":1},"pid":1064},"session":{"uid":"0x3e7"},"user":{"account":{"name":"CPFSOIDC2$","type":"Windows Account","type_id":2,"uid":"NT AUTHORITY\\SYSTEMYEs"},"domain":"SOI","name":"CPFSOIDC2$","uid":"NT AUTHORITY\\SYSTEMYEs"}},"auth_protocol":"MICROSOFT_AUTHENTICATION_PACKAGE_V1_0","auth_protocol_id":99,"category_name":"Identity & Access Management","category_uid":3,"class_name":"Authentication","class_uid":3002,"device":{"hostname":"CPFSOIDC2.soi.dir.solutia.com","os":{"name":"Windows","type":"Windows","type_id":100},"type":"Unknown","type_id":0},"dst_endpoint":{"hostname":"CPFSOIDC2.soi.dir.solutia.com"},"logon_process":{"name":"CHAP","pid":-1},"logon_type":"Network","logon_type_id":3,"message":"An account failed to log on.","metadata":{"event_code":"4625","log_name":"Security","log_provider":"Microsoft Windows security auditing.","original_time":"01/14/2015 01:32:52 PM","product":{"name":"Microsoft Windows","vendor_name":"Microsoft"},"profiles":["host"],"sequence":949781644,"uid":"a8e990d863eb1a77f443b93524879419","version":"1.4.0"},"observables":[{"name":"device","type":"Endpoint","type_id":20},{"name":"device.hostname","type":"Hostname","type_id":1,"value":"CPFSOIDC2.soi.dir.solutia.com"},{"name":"user","type":"User","type_id":21},{"name":"user.uid","type":"User Object: uid","type_id":31,"value":"NULL SID"},{"name":"user.account.uid","type":"Account Object: uid","type_id":35,"value":"NULL SID"},{"name":"user.account.name","type":"Account Object: name","type_id":34,"value":"rdraper"},{"name":"user.name","type":"User Name","type_id":4,"value":"rdraper"},{"name":"logon_process","type":"Process","type_id":25},{"name":"logon_process.pid","type":"Process ID","type_id":15,"value":"-1"},{"name":"logon_process.name","type":"Process Name","type_id":9,"value":"CHAP"},{"name":"src_endpoint","type":"Endpoint","type_id":20},{"name":"src_endpoint.ip","type":"IP Address","type_id":2,"value":"-"},{"name":"src_endpoint.port","type":"Port","type_id":11,"value":"0"},{"name":"dst_endpoint","type":"Endpoint","type_id":20},{"name":"dst_endpoint.hostname","type":"Hostname","type_id":1,"value":"CPFSOIDC2.soi.dir.solutia.com"},{"name":"actor.user","type":"User","type_id":21},{"name":"actor.user.uid","type":"User Object: uid","type_id":31,"value":"NT AUTHORITY\\SYSTEMYEs"},{"name":"actor.user.account.uid","type":"Account Object: uid","type_id":35,"value":"NT AUTHORITY\\SYSTEMYEs"},{"name":"actor.user.account.name","type":"Account Object: name","type_id":34,"value":"CPFSOIDC2$"},{"name":"actor.user.name","type":"User Name","type_id":4,"value":"CPFSOIDC2$"},{"name":"actor.process","type":"Process","type_id":25},{"name":"actor.process.pid","type":"Process ID","type_id":15,"value":"1064"},{"name":"actor.process.file","type":"File","type_id":24},{"name":"actor.process.file.name","type":"File Name","type_id":7,"value":"svchost.exe"}],"raw_data":"01/14/2015 01:32:52 PM\nLogName=Security\nSourceName=Microsoft Windows security auditing.\nEventCode=4625\nEventType=0\nType=Information\nComputerName=CPFSOIDC2.soi.dir.solutia.com\nTaskCategory=Logon\nOpCode=Info\nRecordNumber=949781644\nCaseID=AD_4625_7\nKeywords=Audit Failure\nMessage=An account failed to log on.\nSubject:\n    Security ID:        NT AUTHORITY\\SYSTEMYEs\n    Account Name:       CPFSOIDC2$\n    Account Domain:     SOI\n    Logon ID:       0x3e7\nLogon Type:         3\nAccount For Which Logon Failed:\n    Security ID:        NULL SID\n    Account Name:       rdraper\n    Account Domain:     SOI\nFailure Information:\n    Failure Reason:     The specified account's password has expired.\n    Status:         0xc000006e\n    Sub Status:     0xc0000071\nProcess Information:\n    Caller Process ID:  0x428\n    Caller Process Name:    C:\\Windows\\System32\\svchost.exe\nNetwork Information:\n    Workstation Name:\n    Source Network Address: -\n    Source Port: -\nDetailed Authentication Information:\n    Logon Process:      CHAP\n    Authentication Package: MICROSOFT_AUTHENTICATION_PACKAGE_V1_0\n    Transited Services: -\n    Package Name (NTLM only):   -\n    Key Length:     0","severity":"Informational","severity_id":1,"src_endpoint":{"ip":"-","name":"","port":0},"status":"Failure","status_code":"0xc000006e","status_detail":"The specified account's password has expired.","status_id":2,"time":1421242372000,"type_name":"Authentication: Logon","type_uid":300201,"unmapped":{"CaseID":"AD_4625_7","Detailed Authentication Information":{"Key Length":"0","Package Name (NTLM only)":"-","Transited Services":"-"},"EventType":"0","Failure Information":{"Sub Status":"0xc0000071"},"OpCode":"Info","TaskCategory":"Logon"},"user":{"account":{"name":"rdraper","type":"Windows Account","type_id":2,"uid":"NULL SID"},"domain":"SOI","name":"rdraper","uid":"NULL SID"}}
