{"activity_id":1,"activity_name":"Launch","actor":{"process":{"pid":7836},"session":{"uid":"0x3E7"},"user":{"account":{"name":"MBX111-VIP-CA-1$","type":"Windows Account","type_id":2,"uid":"NT AUTHORITY\\SYSTEM"},"domain":"PEXCH111","name":"MBX111-VIP-CA-1$","uid":"NT AUTHORITY\\SYSTEM"}},"category_name":"System Activity","category_uid":1,"class_name":"Process Activity","class_uid":1007,"device":{"hostname":"MBX111-VIP-CA-1.pexch111.serverpod.net","os":{"name":"Windows","type":"Windows","type_id":100},"type":"Unknown","type_id":0},"message":"A new process has been created.","metadata":{"event_code":"4688","log_name":"Security","log_provider":"Microsoft Windows security auditing.","original_time":"11/18/2021 02:25:45 PM","product":{"name":"Microsoft Windows","vendor_name":"Microsoft"},"profiles":["host"],"sequence":2115813977,"uid":"47cb5267f153718c3f4caf4f8828e737","version":"1.4.0"},"observables":[{"name":"device","type":"Endpoint","type_id":20},{"name":"device.hostname","type":"Hostname","type_id":1,"value":"MBX111-VIP-CA-1.pexch111.serverpod.net"},{"name":"process","type":"Process","type_id":25},{"name":"process.pid","type":"Process ID","type_id":15,"value":"19664"},{"name":"process.user","type":"User","type_id":21},{"name":"process.user.name","type":"User Name","type_id":4,"value":"-"},{"name":"process.user.uid","type":"User Object: uid","type_id":31,"value":"NULL SID"},{"name":"process.cmd_line","type":"Command Line","type_id":13,"value":"\"netsh\" interface tcp show global"},{"name":"process.file","type":"File","type_id":24},{"name":"process.file.name","type":"File Name","type_id":7,"value":"netsh.exe"},{"name":"actor.process","type":"Process","type_id":25},{"name":"actor.process.pid","type":"Process ID","type_id":15,"value":"7836"},{"name":"actor.user","type":"User","type_id":21},{"name":"actor.user.account.uid","type":"Account Object: uid","type_id":35,"value":"NT AUTHORITY\\SYSTEM"},{"name":"actor.user.account.name","type":"Account Object: name","type_id":34,"value":"MBX111-VIP-CA-1$"},{"name":"actor.user.name","type":"User Name","type_id":4,"value":"MBX111-VIP-CA-1$"},{"name":"actor.user.uid","type":"User Object: uid","type_id":31,"value":"NT AUTHORITY\\SYSTEM"}],"process":{"cmd_line":"\"netsh\" interface tcp show global","file":{"name":"netsh.exe","parent_folder":"C:\\Windows\\System32","path":"C:\\Windows\\System32\\netsh.exe","type":"Regular File","type_id":1},"pid":19664,"session":{"uid":"0x0"},"user":{"domain":"-","name":"-","uid":"NULL SID"}},"raw_data":"11/18/2021 02:25:45 PM\nLogName=Security\nEventCode=4688\nEventType=0\nComputerName=MBX111-VIP-CA-1.pexch111.serverpod.net\nSourceName=Microsoft Windows security auditing.\nType=Information\nRecordNumber=2115813977\nKeywords=Audit Success\nTaskCategory=Process Creation\nOpCode=Info\nMessage=A new process has been created.\n\nCreator Subject:\n\tSecurity ID:\t\tNT AUTHORITY\\SYSTEM\n\tAccount Name:\t\tMBX111-VIP-CA-1$\n\tAccount Domain:\t\tPEXCH111\n\tLogon ID:\t\t0x3E7\n\nTarget Subject:\n\tSecurity ID:\t\tNULL SID\n\tAccount Name:\t\t-\n\tAccount Domain:\t\t-\n\tLogon ID:\t\t0x0\n\nProcess Information:\n\tNew Process ID:\t\t0x4cd0\n\tNew Process Name:\tC:\\Windows\\System32\\netsh.exe\n\tToken Elevation Type:\tTokenElevationTypeDefault (1)\n\tCreator Process ID:\t0x1e9c\n\tProcess Command Line:\t\"netsh\" interface tcp show global\n\nToken Elevation Type indicates the type of token that was assigned to the new process in accordance with User Account Control policy.\n\nType 1 is a full token with no privileges removed or groups disabled.  A full token is only used if User Account Control is disabled or if the user is the built-in Administrator account or a service account.\n\nType 2 is an elevated token with no privileges removed or groups disabled.  An elevated token is used when User Account Control is enabled and the user chooses to start the program using Run as administrator.  An elevated token is also used when an application is configured to always require administrative privilege or to always require maximum privilege, and the user is a member of the Administrators group.\n\nType 3 is a limited token with administrative privileges removed and administrative groups disabled.  The limited token is used when User Account Control is enabled, the application does not require administrative privilege, and the user does not choose to start the program using Run as administrator.","severity":"Informational","severity_id":1,"status":"Success","status_id":1,"time":1637245545000,"type_name":"Process Activity: Launch","type_uid":100701,"unmapped":{"EventType":"0","OpCode":"Info","Process Information":{"Token Elevation Type":"TokenElevationTypeDefault (1)"},"TaskCategory":"Process Creation"}}
{"activity_id":1,"activity_name":"Launch","actor":{"process":{"pid":7836},"session":{"uid":"0x3E7"},"user":{"account":{"name":"MBX111-VIP-CA-1$","type":"Windows Account","type_id":2,"uid":"NT AUTHORITY\\SYSTEM"},"domain":"PEXCH111","name":"MBX111-VIP-CA-1$","uid":"NT AUTHORITY\\SYSTEM"}},"category_name":"System Activity","category_uid":1,"class_name":"Process Activity","class_uid":1007,"device":{"hostname":"MBX111-VIP-CA-1.pexch111.serverpod.net","os":{"name":"Windows","type":"Windows","type_id":100},"type":"Unknown","type_id":0},"message":"A new process has been created.","metadata":{"event_code":"4688","log_name":"Security","log_provider":"Microsoft Windows security auditing.","original_time":"11/18/2021 02:14:09 PM","product":{"name":"Microsoft Windows","vendor_name":"Microsoft"},"profiles":["host"],"sequence":2115808343,"uid":"a2025fa145bfce0462ce07c845a6b2af","version":"1.4.0"},"observables":[{"name":"process","type":"Process","type_id":25},{"name":"process.cmd_line","type":"Command Line","type_id":13,"value":"\"C:\\Windows\\system32\\nslookup.exe\" -type=A MBX111-VIP-CA-1.pexch111.serverpod.net. 10.254.185.10"},{"name":"process.file","type":"File","type_id":24},{"name":"process.file.name","type":"File Name","type_id":7,"value":"nslookup.exe"},{"name":"process.pid","type":"Process ID","type_id":15,"value":"19960"},{"name":"process.user","type":"User","type_id":21},{"name":"process.user.name","type":"User Name","type_id":4,"value":"-"},{"name":"process.user.uid","type":"User Object: uid","type_id":31,"value":"NULL SID"},{"name":"device","type":"Endpoint","type_id":20},{"name":"device.hostname","type":"Hostname","type_id":1,"value":"MBX111-VIP-CA-1.pexch111.serverpod.net"},{"name":"actor.process","type":"Process","type_id":25},{"name":"actor.process.pid","type":"Process ID","type_id":15,"value":"7836"},{"name":"actor.user","type":"User","type_id":21},{"name":"actor.user.account.uid","type":"Account Object: uid","type_id":35,"value":"NT AUTHORITY\\SYSTEM"},{"name":"actor.user.account.name","type":"Account Object: name","type_id":34,"value":"MBX111-VIP-CA-1$"},{"name":"actor.user.name","type":"User Name","type_id":4,"value":"MBX111-VIP-CA-1$"},{"name":"actor.user.uid","type":"User Object: uid","type_id":31,"value":"NT AUTHORITY\\SYSTEM"}],"process":{"cmd_line":"\"C:\\Windows\\system32\\nslookup.exe\" -type=A MBX111-VIP-CA-1.pexch111.serverpod.net. 10.254.185.10","file":{"name":"nslookup.exe","parent_folder":"C:\\Windows\\System32","path":"C:\\Windows\\System32\\nslookup.exe","type":"Regular File","type_id":1},"pid":19960,"session":{"uid":"0x0"},"user":{"domain":"-","name":"-","uid":"NULL SID"}},"raw_data":"11/18/2021 02:14:09 PM\nLogName=Security\nEventCode=4688\nEventType=0\nComputerName=MBX111-VIP-CA-1.pexch111.serverpod.net\nSourceName=Microsoft Windows security auditing.\nType=Information\nRecordNumber=2115808343\nKeywords=Audit Success\nTaskCategory=Process Creation\nOpCode=Info\nMessage=A new process has been created.\n\nCreator Subject:\n\tSecurity ID:\t\tNT AUTHORITY\\SYSTEM\n\tAccount Name:\t\tMBX111-VIP-CA-1$\n\tAccount Domain:\t\tPEXCH111\n\tLogon ID:\t\t0x3E7\n\nTarget Subject:\n\tSecurity ID:\t\tNULL SID\n\tAccount Name:\t\t-\n\tAccount Domain:\t\t-\n\tLogon ID:\t\t0x0\n\nProcess Information:\n\tNew Process ID:\t\t0x4df8\n\tNew Process Name:\tC:\\Windows\\System32\\nslookup.exe\n\tToken Elevation Type:\tTokenElevationTypeDefault (1)\n\tCreator Process ID:\t0x1e9c\n\tProcess Command Line:\t\"C:\\Windows\\system32\\nslookup.exe\" -type=A MBX111-VIP-CA-1.pexch111.serverpod.net. 10.254.185.10\n\nToken Elevation Type indicates the type of token that was assigned to the new process in accordance with User Account Control policy.\n\nType 1 is a full token with no privileges removed or groups disabled.  A full token is only used if User Account Control is disabled or if the user is the built-in Administrator account or a service account.\n\nType 2 is an elevated token with no privileges removed or groups disabled.  An elevated token is used when User Account Control is enabled and the user chooses to start the program using Run as administrator.  An elevated token is also used when an application is configured to always require administrative privilege or to always require maximum privilege, and the user is a member of the Administrators group.\n\nType 3 is a limited token with administrative privileges removed and administrative groups disabled.  The limited token is used when User Account Control is enabled, the application does not require administrative privilege, and the user does not choose to start the program using Run as administrator.","severity":"Informational","severity_id":1,"status":"Success","status_id":1,"time":1637244849000,"type_name":"Process Activity: Launch","type_uid":100701,"unmapped":{"EventType":"0","OpCode":"Info","Process Information":{"Token Elevation Type":"TokenElevationTypeDefault (1)"},"TaskCategory":"Process Creation"}}
{"activity_id":1,"activity_name":"Launch","actor":{"process":{"file":{"name":"splunkd.exe","parent_folder":"C:\\ProgramData\\CPE\\splunkforwarderEP\\bin","path":"C:\\ProgramData\\CPE\\splunkforwarderEP\\bin\\splunkd.exe","type":"Regular File","type_id":1},"pid":3596},"session":{"uid":"0x3E7"},"user":{"account":{"name":"DESKTOP-Q1C7KIN$","type":"Windows Account","type_id":2,"uid":"NT AUTHORITY\\SYSTEM"},"domain":"SPLUNKCORP","name":"DESKTOP-Q1C7KIN$","uid":"NT AUTHORITY\\SYSTEM"}},"category_name":"System Activity","category_uid":1,"class_name":"Process Activity","class_uid":1007,"device":{"hostname":"DESKTOP-Q1C7KIN.splunkcorp.com","os":{"name":"Windows","type":"Windows","type_id":100},"type":"Unknown","type_id":0},"message":"A new process has been created.","metadata":{"event_code":"4688","log_name":"Security","log_provider":"Microsoft Windows security auditing.","original_time":"11/18/2021 09:54:35 PM","product":{"name":"Microsoft Windows","vendor_name":"Microsoft"},"profiles":["host"],"sequence":3764820,"uid":"e0fad170f02faf500d6ffafb280a9d67","version":"1.4.0"},"observables":[{"name":"process","type":"Process","type_id":25},{"name":"process.user","type":"User","type_id":21},{"name":"process.user.name","type":"User Name","type_id":4,"value":"-"},{"name":"process.user.uid","type":"User Object: uid","type_id":31,"value":"NULL SID"},{"name":"process.file","type":"File","type_id":24},{"name":"process.file.name","type":"File Name","type_id":7,"value":"splunk-netmon.exe"},{"name":"process.pid","type":"Process ID","type_id":15,"value":"97884"},{"name":"device","type":"Endpoint","type_id":20},{"name":"device.hostname","type":"Hostname","type_id":1,"value":"DESKTOP-Q1C7KIN.splunkcorp.com"},{"name":"actor.process","type":"Process","type_id":25},{"name":"actor.process.file","type":"File","type_id":24},{"name":"actor.process.file.name","type":"File Name","type_id":7,"value":"splunkd.exe"},{"name":"actor.process.pid","type":"Process ID","type_id":15,"value":"3596"},{"name":"actor.user","type":"User","type_id":21},{"name":"actor.user.account.name","type":"Account Object: name","type_id":34,"value":"DESKTOP-Q1C7KIN$"},{"name":"actor.user.account.uid","type":"Account Object: uid","type_id":35,"value":"NT AUTHORITY\\SYSTEM"},{"name":"actor.user.name","type":"User Name","type_id":4,"value":"DESKTOP-Q1C7KIN$"},{"name":"actor.user.uid","type":"User Object: uid","type_id":31,"value":"NT AUTHORITY\\SYSTEM"}],"process":{"cmd_line":"","file":{"name":"splunk-netmon.exe","parent_folder":"C:\\ProgramData\\CPE\\splunkforwarderEP\\bin","path":"C:\\ProgramData\\CPE\\splunkforwarderEP\\bin\\splunk-netmon.exe","type":"Regular File","type_id":1},"pid":97884,"session":{"uid":"0x0"},"user":{"domain":"-","name":"-","uid":"NULL SID"}},"raw_data":"11/18/2021 09:54:35 PM\nLogName=Security\nEventCode=4688\nEventType=0\nComputerName=DESKTOP-Q1C7KIN.splunkcorp.com\nSourceName=Microsoft Windows security auditing.\nType=Information\nRecordNumber=3764820\nKeywords=Audit Success\nTaskCategory=Process Creation\nOpCode=Info\nMessage=A new process has been created.\n\nCreator Subject:\n\tSecurity ID:\t\tNT AUTHORITY\\SYSTEM\n\tAccount Name:\t\tDESKTOP-Q1C7KIN$\n\tAccount Domain:\t\tSPLUNKCORP\n\tLogon ID:\t\t0x3E7\n\nTarget Subject:\n\tSecurity ID:\t\tNULL SID\n\tAccount Name:\t\t-\n\tAccount Domain:\t\t-\n\tLogon ID:\t\t0x0\n\nProcess Information:\n\tNew Process ID:\t\t0x17e5c\n\tNew Process Name:\tC:\\ProgramData\\CPE\\splunkforwarderEP\\bin\\splunk-netmon.exe\n\tToken Elevation Type:\t%%1936\n\tMandatory Label:\t\tMandatory Label\\System Mandatory Level\n\tCreator Process ID:\t0xe0c\n\tCreator Process Name:\tC:\\ProgramData\\CPE\\splunkforwarderEP\\bin\\splunkd.exe\n\tProcess Command Line:\t\n\nToken Elevation Type indicates the type of token that was assigned to the new process in accordance with User Account Control policy.\n\nType 1 is a full token with no privileges removed or groups disabled.  A full token is only used if User Account Control is disabled or if the user is the built-in Administrator account or a service account.\n\nType 2 is an elevated token with no privileges removed or groups disabled.  An elevated token is used when User Account Control is enabled and the user chooses to start the program using Run as administrator.  An elevated token is also used when an application is configured to always require administrative privilege or to always require maximum privilege, and the user is a member of the Administrators group.\n\nType 3 is a limited token with administrative privileges removed and administrative groups disabled.  The limited token is used when User Account Control is enabled, the application does not require administrative privilege, and the user does not choose to start the program using Run as administrator.","severity":"Informational","severity_id":1,"status":"Success","status_id":1,"time":1637272475000,"type_name":"Process Activity: Launch","type_uid":100701,"unmapped":{"EventType":"0","OpCode":"Info","Process Information":{"Mandatory Label":"Mandatory Label\\System Mandatory Level","Token Elevation Type":"%%1936"},"TaskCategory":"Process Creation"}}
{"activity_id":1,"activity_name":"Launch","actor":{"process":{"file":{"name":"chrome.exe","parent_folder":"C:\\Program Files\\Google\\Chrome\\Application","path":"C:\\Program Files\\Google\\Chrome\\Application\\chrome.exe","type":"Regular File","type_id":1},"pid":12260},"session":{"uid":"0x1C2D417"},"user":{"account":{"name":"lsolano","type":"Windows Account","type_id":2,"uid":"SPLUNKCORP\\lsolano"},"domain":"SPLUNKCORP","name":"lsolano","uid":"SPLUNKCORP\\lsolano"}},"category_name":"System Activity","category_uid":1,"class_name":"Process Activity","class_uid":1007,"device":{"hostname":"DESKTOP-K9HT3M2.splunkcorp.com","os":{"name":"Windows","type":"Windows","type_id":100},"type":"Unknown","type_id":0},"message":"A new process has been created.","metadata":{"event_code":"4688","log_name":"Security","log_provider":"Microsoft Windows security auditing.","original_time":"11/18/2021 09:58:48 PM","product":{"name":"Microsoft Windows","vendor_name":"Microsoft"},"profiles":["host"],"sequence":863550,"uid":"748354f4d4852c6823175947ce5ff580","version":"1.4.0"},"observables":[{"name":"device","type":"Endpoint","type_id":20},{"name":"device.hostname","type":"Hostname","type_id":1,"value":"DESKTOP-K9HT3M2.splunkcorp.com"},{"name":"actor.process","type":"Process","type_id":25},{"name":"actor.process.file","type":"File","type_id":24},{"name":"actor.process.file.name","type":"File Name","type_id":7,"value":"chrome.exe"},{"name":"actor.process.pid","type":"Process ID","type_id":15,"value":"12260"},{"name":"actor.user","type":"User","type_id":21},{"name":"actor.user.name","type":"User Name","type_id":4,"value":"lsolano"},{"name":"actor.user.uid","type":"User Object: uid","type_id":31,"value":"SPLUNKCORP\\lsolano"},{"name":"actor.user.account.uid","type":"Account Object: uid","type_id":35,"value":"SPLUNKCORP\\lsolano"},{"name":"actor.user.account.name","type":"Account Object: name","type_id":34,"value":"lsolano"},{"name":"process","type":"Process","type_id":25},{"name":"process.file","type":"File","type_id":24},{"name":"process.file.name","type":"File Name","type_id":7,"value":"chrome.exe"},{"name":"process.pid","type":"Process ID","type_id":15,"value":"2516"},{"name":"process.user","type":"User","type_id":21},{"name":"process.user.name","type":"User Name","type_id":4,"value":"-"},{"name":"process.user.uid","type":"User Object: uid","type_id":31,"value":"NULL SID"}],"process":{"cmd_line":"","file":{"name":"chrome.exe","parent_folder":"C:\\Program Files\\Google\\Chrome\\Application","path":"C:\\Program Files\\Google\\Chrome\\Application\\chrome.exe","type":"Regular File","type_id":1},"pid":2516,"session":{"uid":"0x0"},"user":{"domain":"-","name":"-","uid":"NULL SID"}},"raw_data":"11/18/2021 09:58:48 PM\nLogName=Security\nEventCode=4688\nEventType=0\nComputerName=DESKTOP-K9HT3M2.splunkcorp.com\nSourceName=Microsoft Windows security auditing.\nType=Information\nRecordNumber=863550\nKeywords=Audit Success\nTaskCategory=Process Creation\nOpCode=Info\nMessage=A new process has been created.\n\nCreator Subject:\n\tSecurity ID:\t\tSPLUNKCORP\\lsolano\n\tAccount Name:\t\tlsolano\n\tAccount Domain:\t\tSPLUNKCORP\n\tLogon ID:\t\t0x1C2D417\n\nTarget Subject:\n\tSecurity ID:\t\tNULL SID\n\tAccount Name:\t\t-\n\tAccount Domain:\t\t-\n\tLogon ID:\t\t0x0\n\nProcess Information:\n\tNew Process ID:\t\t0x9d4\n\tNew Process Name:\tC:\\Program Files\\Google\\Chrome\\Application\\chrome.exe\n\tToken Elevation Type:\t%%1936\n\tMandatory Label:\t\tMandatory Label\\Low Mandatory Level\n\tCreator Process ID:\t0x2fe4\n\tCreator Process Name:\tC:\\Program Files\\Google\\Chrome\\Application\\chrome.exe\n\tProcess Command Line:\t\n\nToken Elevation Type indicates the type of token that was assigned to the new process in accordance with User Account Control policy.\n\nType 1 is a full token with no privileges removed or groups disabled.  A full token is only used if User Account Control is disabled or if the user is the built-in Administrator account or a service account.\n\nType 2 is an elevated token with no privileges removed or groups disabled.  An elevated token is used when User Account Control is enabled and the user chooses to start the program using Run as administrator.  An elevated token is also used when an application is configured to always require administrative privilege or to always require maximum privilege, and the user is a member of the Administrators group.\n\nType 3 is a limited token with administrative privileges removed and administrative groups disabled.  The limited token is used when User Account Control is enabled, the application does not require administrative privilege, and the user does not choose to start the program using Run as administrator.","severity":"Informational","severity_id":1,"status":"Success","status_id":1,"time":1637272728000,"type_name":"Process Activity: Launch","type_uid":100701,"unmapped":{"EventType":"0","OpCode":"Info","Process Information":{"Mandatory Label":"Mandatory Label\\Low Mandatory Level","Token Elevation Type":"%%1936"},"TaskCategory":"Process Creation"}}
{"activity_id":1,"activity_name":"Launch","actor":{"process":{"file":{"name":"choco.exe","parent_folder":"C:\\ProgramData\\chocolatey","path":"C:\\ProgramData\\chocolatey\\choco.exe","type":"Regular File","type_id":1},"pid":83080},"session":{"uid":"0x3E7"},"user":{"account":{"name":"DESKTOP-3295GR3$","type":"Windows Account","type_id":2,"uid":"NT AUTHORITY\\SYSTEM"},"domain":"SPLUNKCORP","name":"DESKTOP-3295GR3$","uid":"NT AUTHORITY\\SYSTEM"}},"category_name":"System Activity","category_uid":1,"class_name":"Process Activity","class_uid":1007,"device":{"hostname":"DESKTOP-3295GR3.splunkcorp.com","os":{"name":"Windows","type":"Windows","type_id":100},"type":"Unknown","type_id":0},"message":"A new process has been created.","metadata":{"event_code":"4688","log_name":"Security","log_provider":"Microsoft Windows security auditing.","original_time":"11/18/2021 04:15:39 PM","product":{"name":"Microsoft Windows","vendor_name":"Microsoft"},"profiles":["host"],"sequence":25755005,"uid":"6d3decb660ef816c3ed427c55bebf818","version":"1.4.0"},"observables":[{"name":"device","type":"Endpoint","type_id":20},{"name":"device.hostname","type":"Hostname","type_id":1,"value":"DESKTOP-3295GR3.splunkcorp.com"},{"name":"actor.process","type":"Process","type_id":25},{"name":"actor.process.file","type":"File","type_id":24},{"name":"actor.process.file.name","type":"File Name","type_id":7,"value":"choco.exe"},{"name":"actor.process.pid","type":"Process ID","type_id":15,"value":"83080"},{"name":"actor.user","type":"User","type_id":21},{"name":"actor.user.account.uid","type":"Account Object: uid","type_id":35,"value":"NT AUTHORITY\\SYSTEM"},{"name":"actor.user.account.name","type":"Account Object: name","type_id":34,"value":"DESKTOP-3295GR3$"},{"name":"actor.user.name","type":"User Name","type_id":4,"value":"DESKTOP-3295GR3$"},{"name":"actor.user.uid","type":"User Object: uid","type_id":31,"value":"NT AUTHORITY\\SYSTEM"},{"name":"process","type":"Process","type_id":25},{"name":"process.file","type":"File","type_id":24},{"name":"process.file.name","type":"File Name","type_id":7,"value":"checksum.exe"},{"name":"process.pid","type":"Process ID","type_id":15,"value":"79640"},{"name":"process.user","type":"User","type_id":21},{"name":"process.user.name","type":"User Name","type_id":4,"value":"-"},{"name":"process.user.uid","type":"User Object: uid","type_id":31,"value":"NULL SID"}],"process":{"cmd_line":"","file":{"name":"checksum.exe","parent_folder":"C:\\ProgramData\\chocolatey\\tools","path":"C:\\ProgramData\\chocolatey\\tools\\checksum.exe","type":"Regular File","type_id":1},"pid":79640,"session":{"uid":"0x0"},"user":{"domain":"-","name":"-","uid":"NULL SID"}},"raw_data":"11/18/2021 04:15:39 PM\nLogName=Security\nSourceName=Microsoft Windows security auditing.\nEventCode=4688\nEventType=0\nType=Information\nComputerName=DESKTOP-3295GR3.splunkcorp.com\nTaskCategory=Process Creation\nOpCode=Info\nRecordNumber=25755005\nKeywords=Audit Success\nMessage=A new process has been created.\n\nCreator Subject:\n\tSecurity ID:\t\tNT AUTHORITY\\SYSTEM\n\tAccount Name:\t\tDESKTOP-3295GR3$\n\tAccount Domain:\t\tSPLUNKCORP\n\tLogon ID:\t\t0x3E7\n\nTarget Subject:\n\tSecurity ID:\t\tNULL SID\n\tAccount Name:\t\t-\n\tAccount Domain:\t\t-\n\tLogon ID:\t\t0x0\n\nProcess Information:\n\tNew Process ID:\t\t0x13718\n\tNew Process Name:\tC:\\ProgramData\\chocolatey\\tools\\checksum.exe\n\tToken Elevation Type:\t%%1936\n\tMandatory Label:\t\tMandatory Label\\System Mandatory Level\n\tCreator Process ID:\t0x14488\n\tCreator Process Name:\tC:\\ProgramData\\chocolatey\\choco.exe\n\tProcess Command Line:\t\n\nToken Elevation Type indicates the type of token that was assigned to the new process in accordance with User Account Control policy.\n\nType 1 is a full token with no privileges removed or groups disabled.  A full token is only used if User Account Control is disabled or if the user is the built-in Administrator account or a service account.\n\nType 2 is an elevated token with no privileges removed or groups disabled.  An elevated token is used when User Account Control is enabled and the user chooses to start the program using Run as administrator.  An elevated token is also used when an application is configured to always require administrative privilege or to always require maximum privilege, and the user is a member of the Administrators group.\n\nType 3 is a limited token with administrative privileges removed and administrative groups disabled.  The limited token is used when User Account Control is enabled, the application does not require administrative privilege, and the user does not choose to start the program using Run as administrator.","severity":"Informational","severity_id":1,"status":"Success","status_id":1,"time":1637252139000,"type_name":"Process Activity: Launch","type_uid":100701,"unmapped":{"EventType":"0","OpCode":"Info","Process Information":{"Mandatory Label":"Mandatory Label\\System Mandatory Level","Token Elevation Type":"%%1936"},"TaskCategory":"Process Creation"}}
{"activity_id":1,"activity_name":"Launch","actor":{"process":{"file":{"name":"go.exe","parent_folder":"C:\\Program Files\\Go\\bin","path":"C:\\Program Files\\Go\\bin\\go.exe","type":"Regular File","type_id":1},"pid":14008},"session":{"uid":"0x497F88B"},"user":{"account":{"name":"vluna","type":"Windows Account","type_id":2,"uid":"SPLUNKCORP\\vluna"},"domain":"SPLUNKCORP","name":"vluna","uid":"SPLUNKCORP\\vluna"}},"category_name":"System Activity","category_uid":1,"class_name":"Process Activity","class_uid":1007,"device":{"hostname":"DESKTOP-QKBLPI3.splunkcorp.com","os":{"name":"Windows","type":"Windows","type_id":100},"type":"Unknown","type_id":0},"message":"A new process has been created.","metadata":{"event_code":"4688","log_name":"Security","log_provider":"Microsoft Windows security auditing.","original_time":"11/18/2021 04:01:20 PM","product":{"name":"Microsoft Windows","vendor_name":"Microsoft"},"profiles":["host"],"sequence":21487513,"uid":"d42e5d6764075944c40cccd12d946569","version":"1.4.0"},"observables":[{"name":"device","type":"Endpoint","type_id":20},{"name":"device.hostname","type":"Hostname","type_id":1,"value":"DESKTOP-QKBLPI3.splunkcorp.com"},{"name":"actor.process","type":"Process","type_id":25},{"name":"actor.process.file","type":"File","type_id":24},{"name":"actor.process.file.name","type":"File Name","type_id":7,"value":"go.exe"},{"name":"actor.process.pid","type":"Process ID","type_id":15,"value":"14008"},{"name":"actor.user","type":"User","type_id":21},{"name":"actor.user.name","type":"User Name","type_id":4,"value":"vluna"},{"name":"actor.user.uid","type":"User Object: uid","type_id":31,"value":"SPLUNKCORP\\vluna"},{"name":"actor.user.account.uid","type":"Account Object: uid","type_id":35,"value":"SPLUNKCORP\\vluna"},{"name":"actor.user.account.name","type":"Account Object: name","type_id":34,"value":"vluna"},{"name":"process","type":"Process","type_id":25},{"name":"process.file","type":"File","type_id":24},{"name":"process.file.name","type":"File Name","type_id":7,"value":"link.exe"},{"name":"process.pid","type":"Process ID","type_id":15,"value":"30224"},{"name":"process.user","type":"User","type_id":21},{"name":"process.user.uid","type":"User Object: uid","type_id":31,"value":"NULL SID"},{"name":"process.user.name","type":"User Name","type_id":4,"value":"-"}],"process":{"cmd_line":"","file":{"name":"link.exe","parent_folder":"C:\\Program Files\\Go\\pkg\\tool\\windows_amd64","path":"C:\\Program Files\\Go\\pkg\\tool\\windows_amd64\\link.exe","type":"Regular File","type_id":1},"pid":30224,"session":{"uid":"0x0"},"user":{"domain":"-","name":"-","uid":"NULL SID"}},"raw_data":"11/18/2021 04:01:20 PM\nLogName=Security\nSourceName=Microsoft Windows security auditing.\nEventCode=4688\nEventType=0\nType=Information\nComputerName=DESKTOP-QKBLPI3.splunkcorp.com\nTaskCategory=Process Creation\nOpCode=Info\nRecordNumber=21487513\nKeywords=Audit Success\nMessage=A new process has been created.\n\nCreator Subject:\n\tSecurity ID:\t\tSPLUNKCORP\\vluna\n\tAccount Name:\t\tvluna\n\tAccount Domain:\t\tSPLUNKCORP\n\tLogon ID:\t\t0x497F88B\n\nTarget Subject:\n\tSecurity ID:\t\tNULL SID\n\tAccount Name:\t\t-\n\tAccount Domain:\t\t-\n\tLogon ID:\t\t0x0\n\nProcess Information:\n\tNew Process ID:\t\t0x7610\n\tNew Process Name:\tC:\\Program Files\\Go\\pkg\\tool\\windows_amd64\\link.exe\n\tToken Elevation Type:\t%%1937\n\tMandatory Label:\t\tMandatory Label\\High Mandatory Level\n\tCreator Process ID:\t0x36b8\n\tCreator Process Name:\tC:\\Program Files\\Go\\bin\\go.exe\n\tProcess Command Line:\t\n\nToken Elevation Type indicates the type of token that was assigned to the new process in accordance with User Account Control policy.\n\nType 1 is a full token with no privileges removed or groups disabled.  A full token is only used if User Account Control is disabled or if the user is the built-in Administrator account or a service account.\n\nType 2 is an elevated token with no privileges removed or groups disabled.  An elevated token is used when User Account Control is enabled and the user chooses to start the program using Run as administrator.  An elevated token is also used when an application is configured to always require administrative privilege or to always require maximum privilege, and the user is a member of the Administrators group.\n\nType 3 is a limited token with administrative privileges removed and administrative groups disabled.  The limited token is used when User Account Control is enabled, the application does not require administrative privilege, and the user does not choose to start the program using Run as administrator.","severity":"Informational","severity_id":1,"status":"Success","status_id":1,"time":1637251280000,"type_name":"Process Activity: Launch","type_uid":100701,"unmapped":{"EventType":"0","OpCode":"Info","Process Information":{"Mandatory Label":"Mandatory Label\\High Mandatory Level","Token Elevation Type":"%%1937"},"TaskCategory":"Process Creation"}}
{"activity_id":1,"activity_name":"Launch","actor":{"process":{"file":{"name":"cleanmgr.exe","parent_folder":"C:\\Windows\\System32","path":"C:\\Windows\\System32\\cleanmgr.exe","type":"Regular File","type_id":1},"pid":21352},"session":{"uid":"0x2264E2"},"user":{"account":{"name":"brpham","type":"Windows Account","type_id":2,"uid":"SPLUNKCORP\\brpham"},"domain":"SPLUNKCORP","name":"brpham","uid":"SPLUNKCORP\\brpham"}},"category_name":"System Activity","category_uid":1,"class_name":"Process Activity","class_uid":1007,"device":{"hostname":"MJ0B122X.splunkcorp.com","os":{"name":"Windows","type":"Windows","type_id":100},"type":"Unknown","type_id":0},"message":"A new process has been created.","metadata":{"event_code":"4688","log_name":"Security","log_provider":"Microsoft Windows security auditing.","original_time":"10/26/2021 11:04:41 AM","product":{"name":"Microsoft Windows","vendor_name":"Microsoft"},"profiles":["host"],"sequence":7914249,"uid":"ad6d05fdcf7761080986bc3ca2081cde","version":"1.4.0"},"observables":[{"name":"actor.process","type":"Process","type_id":25},{"name":"actor.process.file","type":"File","type_id":24},{"name":"actor.process.file.name","type":"File Name","type_id":7,"value":"cleanmgr.exe"},{"name":"actor.process.pid","type":"Process ID","type_id":15,"value":"21352"},{"name":"actor.user","type":"User","type_id":21},{"name":"actor.user.account.uid","type":"Account Object: uid","type_id":35,"value":"SPLUNKCORP\\brpham"},{"name":"actor.user.account.name","type":"Account Object: name","type_id":34,"value":"brpham"},{"name":"actor.user.name","type":"User Name","type_id":4,"value":"brpham"},{"name":"actor.user.uid","type":"User Object: uid","type_id":31,"value":"SPLUNKCORP\\brpham"},{"name":"process","type":"Process","type_id":25},{"name":"process.pid","type":"Process ID","type_id":15,"value":"18052"},{"name":"process.user","type":"User","type_id":21},{"name":"process.user.name","type":"User Name","type_id":4,"value":"-"},{"name":"process.user.uid","type":"User Object: uid","type_id":31,"value":"NULL SID"},{"name":"process.file","type":"File","type_id":24},{"name":"process.file.name","type":"File Name","type_id":7,"value":"DismHost.exe"},{"name":"device","type":"Endpoint","type_id":20},{"name":"device.hostname","type":"Hostname","type_id":1,"value":"MJ0B122X.splunkcorp.com"}],"process":{"cmd_line":"","file":{"name":"DismHost.exe","parent_folder":"C:\\Users\\brpham\\AppData\\Local\\Temp\\7B1097F4-15DF-4273-B09E-3DCBD3A49369","path":"C:\\Users\\brpham\\AppData\\Local\\Temp\\7B1097F4-15DF-4273-B09E-3DCBD3A49369\\DismHost.exe","type":"Regular File","type_id":1},"pid":18052,"session":{"uid":"0x0"},"user":{"domain":"-","name":"-","uid":"NULL SID"}},"raw_data":"10/26/2021 11:04:41 AM\nLogName=Security\nSourceName=Microsoft Windows security auditing.\nEventCode=4688\nEventType=0\nType=Information\nComputerName=MJ0B122X.splunkcorp.com\nTaskCategory=Process Creation\nOpCode=Info\nRecordNumber=7914249\nKeywords=Audit Success\nMessage=A new process has been created.\n\nCreator Subject:\n\tSecurity ID:\t\tSPLUNKCORP\\brpham\n\tAccount Name:\t\tbrpham\n\tAccount Domain:\t\tSPLUNKCORP\n\tLogon ID:\t\t0x2264E2\n\nTarget Subject:\n\tSecurity ID:\t\tNULL SID\n\tAccount Name:\t\t-\n\tAccount Domain:\t\t-\n\tLogon ID:\t\t0x0\n\nProcess Information:\n\tNew Process ID:\t\t0x4684\n\tNew Process Name:\tC:\\Users\\brpham\\AppData\\Local\\Temp\\7B1097F4-15DF-4273-B09E-3DCBD3A49369\\DismHost.exe\n\tToken Elevation Type:\t%%1937\n\tMandatory Label:\t\tMandatory Label\\High Mandatory Level\n\tCreator Process ID:\t0x5368\n\tCreator Process Name:\tC:\\Windows\\System32\\cleanmgr.exe\n\tProcess Command Line:\t\n\nToken Elevation Type indicates the type of token that was assigned to the new process in accordance with User Account Control policy.\n\nType 1 is a full token with no privileges removed or groups disabled.  A full token is only used if User Account Control is disabled or if the user is the built-in Administrator account or a service account.\n\nType 2 is an elevated token with no privileges removed or groups disabled.  An elevated token is used when User Account Control is enabled and the user chooses to start the program using Run as administrator.  An elevated token is also used when an application is configured to always require administrative privilege or to always require maximum privilege, and the user is a member of the Administrators group.\n\nType 3 is a limited token with administrative privileges removed and administrative groups disabled.  The limited token is used when User Account Control is enabled, the application does not require administrative privilege, and the user does not choose to start the program using Run as administrator.","severity":"Informational","severity_id":1,"status":"Success","status_id":1,"time":1635246281000,"type_name":"Process Activity: Launch","type_uid":100701,"unmapped":{"EventType":"0","OpCode":"Info","Process Information":{"Mandatory Label":"Mandatory Label\\High Mandatory Level","Token Elevation Type":"%%1937"},"TaskCategory":"Process Creation"}}
{"activity_id":1,"activity_name":"Launch","actor":{"process":{"file":{"name":"OfficeSetup.exe","parent_folder":"C:\\Users\\mkaif\\Downloads","path":"C:\\Users\\mkaif\\Downloads\\OfficeSetup.exe","type":"Regular File","type_id":1},"pid":1160},"session":{"uid":"0x3E7"},"user":{"account":{"name":"SPKWTC1PA02$","type":"Windows Account","type_id":2,"uid":"S-1-5-18"},"domain":"SAPAPPS","name":"SPKWTC1PA02$","uid":"S-1-5-18"}},"category_name":"System Activity","category_uid":1,"class_name":"Process Activity","class_uid":1007,"device":{"hostname":"spkwtc1pa02.sapapps.splunkopencloud.com","os":{"name":"Windows","type":"Windows","type_id":100},"type":"Unknown","type_id":0},"message":"A new process has been created.","metadata":{"event_code":"4688","log_name":"Security","log_provider":"Microsoft Windows security auditing.","original_time":"10/19/2021 02:08:24 PM","product":{"name":"Microsoft Windows","vendor_name":"Microsoft"},"profiles":["host"],"sequence":15330815,"uid":"f8fb1f51d934db68c0889fba164cc321","version":"1.4.0"},"observables":[{"name":"device","type":"Endpoint","type_id":20},{"name":"device.hostname","type":"Hostname","type_id":1,"value":"spkwtc1pa02.sapapps.splunkopencloud.com"},{"name":"process","type":"Process","type_id":25},{"name":"process.file","type":"File","type_id":24},{"name":"process.file.name","type":"File Name","type_id":7,"value":"OfficeSetup.exe"},{"name":"process.pid","type":"Process ID","type_id":15,"value":"33320"},{"name":"process.user","type":"User","type_id":21},{"name":"process.user.name","type":"User Name","type_id":4,"value":"mkaif"},{"name":"process.user.uid","type":"User Object: uid","type_id":31,"value":"S-1-5-21-1428002879-2913536215-2667854684-1070"},{"name":"actor.process","type":"Process","type_id":25},{"name":"actor.process.pid","type":"Process ID","type_id":15,"value":"1160"},{"name":"actor.process.file","type":"File","type_id":24},{"name":"actor.process.file.name","type":"File Name","type_id":7,"value":"OfficeSetup.exe"},{"name":"actor.user","type":"User","type_id":21},{"name":"actor.user.name","type":"User Name","type_id":4,"value":"SPKWTC1PA02$"},{"name":"actor.user.uid","type":"User Object: uid","type_id":31,"value":"S-1-5-18"},{"name":"actor.user.account.uid","type":"Account Object: uid","type_id":35,"value":"S-1-5-18"},{"name":"actor.user.account.name","type":"Account Object: name","type_id":34,"value":"SPKWTC1PA02$"}],"process":{"cmd_line":"","file":{"name":"OfficeSetup.exe","parent_folder":"C:\\Users\\mkaif\\Downloads","path":"C:\\Users\\mkaif\\Downloads\\OfficeSetup.exe","type":"Regular File","type_id":1},"pid":33320,"session":{"uid":"0x19F8AAB4B"},"user":{"domain":"SPKWTC1PA02","name":"mkaif","uid":"S-1-5-21-1428002879-2913536215-2667854684-1070"}},"raw_data":"10/19/2021 02:08:24 PM\nLogName=Security\nEventCode=4688\nEventType=0\nComputerName=spkwtc1pa02.sapapps.splunkopencloud.com\nSourceName=Microsoft Windows security auditing.\nType=Information\nRecordNumber=15330815\nKeywords=Audit Success\nTaskCategory=Process Creation\nOpCode=Info\nMessage=A new process has been created.\n\nCreator Subject:\n\tSecurity ID:\t\tS-1-5-18\n\tAccount Name:\t\tSPKWTC1PA02$\n\tAccount Domain:\t\tSAPAPPS\n\tLogon ID:\t\t0x3E7\n\nTarget Subject:\n\tSecurity ID:\t\tS-1-5-21-1428002879-2913536215-2667854684-1070\n\tAccount Name:\t\tmkaif\n\tAccount Domain:\t\tSPKWTC1PA02\n\tLogon ID:\t\t0x19F8AAB4B\n\nProcess Information:\n\tNew Process ID:\t\t0x8228\n\tNew Process Name:\tC:\\Users\\mkaif\\Downloads\\OfficeSetup.exe\n\tToken Elevation Type:\t%%1937\n\tMandatory Label:\t\tS-1-16-12288\n\tCreator Process ID:\t0x488\n\tCreator Process Name:\tC:\\Users\\mkaif\\Downloads\\OfficeSetup.exe\n\tProcess Command Line:\t\n\nToken Elevation Type indicates the type of token that was assigned to the new process in accordance with User Account Control policy.\n\nType 1 is a full token with no privileges removed or groups disabled.  A full token is only used if User Account Control is disabled or if the user is the built-in Administrator account or a service account.\n\nType 2 is an elevated token with no privileges removed or groups disabled.  An elevated token is used when User Account Control is enabled and the user chooses to start the program using Run as administrator.  An elevated token is also used when an application is configured to always require administrative privilege or to always require maximum privilege, and the user is a member of the Administrators group.\n\nType 3 is a limited token with administrative privileges removed and administrative groups disabled.  The limited token is used when User Account Control is enabled, the application does not require administrative privilege, and the user does not choose to start the program using Run as administrator.","severity":"Informational","severity_id":1,"status":"Success","status_id":1,"time":1634652504000,"type_name":"Process Activity: Launch","type_uid":100701,"unmapped":{"EventType":"0","OpCode":"Info","Process Information":{"Mandatory Label":"S-1-16-12288","Token Elevation Type":"%%1937"},"TaskCategory":"Process Creation"}}
{"activity_id":1,"activity_name":"Launch","actor":{"process":{"file":{"name":"net.exe","parent_folder":"C:\\Windows\\SysWOW64","path":"C:\\Windows\\SysWOW64\\net.exe","type":"Regular File","type_id":1},"pid":1796},"session":{"uid":"0x3C10A2F"},"user":{"account":{"name":"tniemela","type":"Windows Account","type_id":2,"uid":"SPLUNKCORP\\tniemela"},"domain":"SPLUNKCORP","name":"tniemela","uid":"SPLUNKCORP\\tniemela"}},"category_name":"System Activity","category_uid":1,"class_name":"Process Activity","class_uid":1007,"device":{"hostname":"R90NEVFF.splunkcorp.com","os":{"name":"Windows","type":"Windows","type_id":100},"type":"Unknown","type_id":0},"message":"A new process has been created.","metadata":{"event_code":"4688","log_name":"Security","log_provider":"Microsoft Windows security auditing.","original_time":"11/16/2021 03:40:44 PM","product":{"name":"Microsoft Windows","vendor_name":"Microsoft"},"profiles":["host"],"sequence":1770930,"uid":"3d18e20e294c80e4b123af6eb9617386","version":"1.4.0"},"observables":[{"name":"process","type":"Process","type_id":25},{"name":"process.file","type":"File","type_id":24},{"name":"process.file.name","type":"File Name","type_id":7,"value":"net1.exe"},{"name":"process.pid","type":"Process ID","type_id":15,"value":"2164"},{"name":"process.user","type":"User","type_id":21},{"name":"process.user.name","type":"User Name","type_id":4,"value":"-"},{"name":"process.user.uid","type":"User Object: uid","type_id":31,"value":"NULL SID"},{"name":"device","type":"Endpoint","type_id":20},{"name":"device.hostname","type":"Hostname","type_id":1,"value":"R90NEVFF.splunkcorp.com"},{"name":"actor.process","type":"Process","type_id":25},{"name":"actor.process.file","type":"File","type_id":24},{"name":"actor.process.file.name","type":"File Name","type_id":7,"value":"net.exe"},{"name":"actor.process.pid","type":"Process ID","type_id":15,"value":"1796"},{"name":"actor.user","type":"User","type_id":21},{"name":"actor.user.name","type":"User Name","type_id":4,"value":"tniemela"},{"name":"actor.user.uid","type":"User Object: uid","type_id":31,"value":"SPLUNKCORP\\tniemela"},{"name":"actor.user.account.uid","type":"Account Object: uid","type_id":35,"value":"SPLUNKCORP\\tniemela"},{"name":"actor.user.account.name","type":"Account Object: name","type_id":34,"value":"tniemela"}],"process":{"cmd_line":"","file":{"name":"net1.exe","parent_folder":"C:\\Windows\\SysWOW64","path":"C:\\Windows\\SysWOW64\\net1.exe","type":"Regular File","type_id":1},"pid":2164,"session":{"uid":"0x0"},"user":{"domain":"-","name":"-","uid":"NULL SID"}},"raw_data":"11/16/2021 03:40:44 PM\nLogName=Security\nSourceName=Microsoft Windows security auditing.\nEventCode=4688\nEventType=0\nType=Information\nComputerName=R90NEVFF.splunkcorp.com\nTaskCategory=Process Creation\nOpCode=Info\nRecordNumber=1770930\nKeywords=Audit Success\nMessage=A new process has been created.\n\nCreator Subject:\n\tSecurity ID:\t\tSPLUNKCORP\\tniemela\n\tAccount Name:\t\ttniemela\n\tAccount Domain:\t\tSPLUNKCORP\n\tLogon ID:\t\t0x3C10A2F\n\nTarget Subject:\n\tSecurity ID:\t\tNULL SID\n\tAccount Name:\t\t-\n\tAccount Domain:\t\t-\n\tLogon ID:\t\t0x0\n\nProcess Information:\n\tNew Process ID:\t\t0x874\n\tNew Process Name:\tC:\\Windows\\SysWOW64\\net1.exe\n\tToken Elevation Type:\t%%1937\n\tMandatory Label:\t\tMandatory Label\\High Mandatory Level\n\tCreator Process ID:\t0x704\n\tCreator Process Name:\tC:\\Windows\\SysWOW64\\net.exe\n\tProcess Command Line:\t\n\nToken Elevation Type indicates the type of token that was assigned to the new process in accordance with User Account Control policy.\n\nType 1 is a full token with no privileges removed or groups disabled.  A full token is only used if User Account Control is disabled or if the user is the built-in Administrator account or a service account.\n\nType 2 is an elevated token with no privileges removed or groups disabled.  An elevated token is used when User Account Control is enabled and the user chooses to start the program using Run as administrator.  An elevated token is also used when an application is configured to always require administrative privilege or to always require maximum privilege, and the user is a member of the Administrators group.\n\nType 3 is a limited token with administrative privileges removed and administrative groups disabled.  The limited token is used when User Account Control is enabled, the application does not require administrative privilege, and the user does not choose to start the program using Run as administrator.","severity":"Informational","severity_id":1,"status":"Success","status_id":1,"time":1637077244000,"type_name":"Process Activity: Launch","type_uid":100701,"unmapped":{"EventType":"0","OpCode":"Info","Process Information":{"Mandatory Label":"Mandatory Label\\High Mandatory Level","Token Elevation Type":"%%1937"},"TaskCategory":"Process Creation"}}
{"activity_id":1,"activity_name":"Launch","actor":{"process":{"file":{"name":"Code42UserHelper.exe","parent_folder":"C:\\Program Files\\Code42\\nlib","path":"C:\\Program Files\\Code42\\nlib\\Code42UserHelper.exe","type":"Regular File","type_id":1},"pid":73136},"session":{"uid":"0x106AF3CC"},"user":{"account":{"name":"rithape","type":"Windows Account","type_id":2,"uid":"SPLUNKCORP\\rithape"},"domain":"SPLUNKCORP","name":"rithape","uid":"SPLUNKCORP\\rithape"}},"category_name":"System Activity","category_uid":1,"class_name":"Process Activity","class_uid":1007,"device":{"hostname":"DESKTOP-F1EF38H.splunkcorp.com","os":{"name":"Windows","type":"Windows","type_id":100},"type":"Unknown","type_id":0},"message":"A new process has been created.","metadata":{"event_code":"4688","log_name":"Security","log_provider":"Microsoft Windows security auditing.","original_time":"11/19/2021 03:38:07 AM","product":{"name":"Microsoft Windows","vendor_name":"Microsoft"},"profiles":["host"],"sequence":20679321,"uid":"4fa9e713234156cf2db5f0d28faf3a60","version":"1.4.0"},"observables":[{"name":"actor.process","type":"Process","type_id":25},{"name":"actor.process.file","type":"File","type_id":24},{"name":"actor.process.file.name","type":"File Name","type_id":7,"value":"Code42UserHelper.exe"},{"name":"actor.process.pid","type":"Process ID","type_id":15,"value":"73136"},{"name":"actor.user","type":"User","type_id":21},{"name":"actor.user.account.uid","type":"Account Object: uid","type_id":35,"value":"SPLUNKCORP\\rithape"},{"name":"actor.user.account.name","type":"Account Object: name","type_id":34,"value":"rithape"},{"name":"actor.user.name","type":"User Name","type_id":4,"value":"rithape"},{"name":"actor.user.uid","type":"User Object: uid","type_id":31,"value":"SPLUNKCORP\\rithape"},{"name":"process","type":"Process","type_id":25},{"name":"process.file","type":"File","type_id":24},{"name":"process.file.name","type":"File Name","type_id":7,"value":"conhost.exe"},{"name":"process.pid","type":"Process ID","type_id":15,"value":"143148"},{"name":"process.user","type":"User","type_id":21},{"name":"process.user.name","type":"User Name","type_id":4,"value":"-"},{"name":"process.user.uid","type":"User Object: uid","type_id":31,"value":"NULL SID"},{"name":"device","type":"Endpoint","type_id":20},{"name":"device.hostname","type":"Hostname","type_id":1,"value":"DESKTOP-F1EF38H.splunkcorp.com"}],"process":{"cmd_line":"","file":{"name":"conhost.exe","parent_folder":"C:\\Windows\\System32","path":"C:\\Windows\\System32\\conhost.exe","type":"Regular File","type_id":1},"pid":143148,"session":{"uid":"0x0"},"user":{"domain":"-","name":"-","uid":"NULL SID"}},"raw_data":"11/19/2021 03:38:07 AM\nLogName=Security\nSourceName=Microsoft Windows security auditing.\nEventCode=4688\nEventType=0\nType=Information\nComputerName=DESKTOP-F1EF38H.splunkcorp.com\nTaskCategory=Process Creation\nOpCode=Info\nRecordNumber=20679321\nKeywords=Audit Success\nMessage=A new process has been created.\n\nCreator Subject:\n\tSecurity ID:\t\tSPLUNKCORP\\rithape\n\tAccount Name:\t\trithape\n\tAccount Domain:\t\tSPLUNKCORP\n\tLogon ID:\t\t0x106AF3CC\n\nTarget Subject:\n\tSecurity ID:\t\tNULL SID\n\tAccount Name:\t\t-\n\tAccount Domain:\t\t-\n\tLogon ID:\t\t0x0\n\nProcess Information:\n\tNew Process ID:\t\t0x22f2c\n\tNew Process Name:\tC:\\Windows\\System32\\conhost.exe\n\tToken Elevation Type:\t%%1938\n\tMandatory Label:\t\tMandatory Label\\Medium Mandatory Level\n\tCreator Process ID:\t0x11db0\n\tCreator Process Name:\tC:\\Program Files\\Code42\\nlib\\Code42UserHelper.exe\n\tProcess Command Line:\t\n\nToken Elevation Type indicates the type of token that was assigned to the new process in accordance with User Account Control policy.\n\nType 1 is a full token with no privileges removed or groups disabled.  A full token is only used if User Account Control is disabled or if the user is the built-in Administrator account or a service account.\n\nType 2 is an elevated token with no privileges removed or groups disabled.  An elevated token is used when User Account Control is enabled and the user chooses to start the program using Run as administrator.  An elevated token is also used when an application is configured to always require administrative privilege or to always require maximum privilege, and the user is a member of the Administrators group.\n\nType 3 is a limited token with administrative privileges removed and administrative groups disabled.  The limited token is used when User Account Control is enabled, the application does not require administrative privilege, and the user does not choose to start the program using Run as administrator.","severity":"Informational","severity_id":1,"status":"Success","status_id":1,"time":1637293087000,"type_name":"Process Activity: Launch","type_uid":100701,"unmapped":{"EventType":"0","OpCode":"Info","Process Information":{"Mandatory Label":"Mandatory Label\\Medium Mandatory Level","Token Elevation Type":"%%1938"},"TaskCategory":"Process Creation"}}
