{"activity_id":1,"activity_name":"Logon","actor":{"process":{"file":{"name":"-","path":"-","type":"Regular File","type_id":1},"pid":0},"session":{"uid":"0x0"},"user":{"account":{"name":"-","type":"Windows Account","type_id":2,"uid":"NULL SID"},"domain":"-","name":"-","uid":"NULL SID"}},"auth_protocol":"NTLM","auth_protocol_id":1,"category_name":"Identity & Access Management","category_uid":3,"class_name":"Authentication","class_uid":3002,"device":{"hostname":"WSDCKAS1.emn.com","os":{"name":"Windows","type":"Windows","type_id":100},"type":"Unknown","type_id":0},"dst_endpoint":{"hostname":"WSDCKAS1.emn.com"},"logon_process":{"name":"NtLmSsp","pid":-1},"logon_type":"Network","logon_type_id":3,"message":"An account failed to log on.","metadata":{"event_code":"4625","log_name":"Security","log_provider":"Microsoft Windows security auditing.","original_time":"01/09/2019 05:01:12 PM","product":{"name":"Microsoft Windows","vendor_name":"Microsoft"},"profiles":["host"],"sequence":565192348,"uid":"d75c0e4c1752b587c1c67c847d3def6d","version":"1.4.0"},"observables":[{"name":"device","type":"Endpoint","type_id":20},{"name":"device.hostname","type":"Hostname","type_id":1,"value":"WSDCKAS1.emn.com"},{"name":"dst_endpoint","type":"Endpoint","type_id":20},{"name":"dst_endpoint.hostname","type":"Hostname","type_id":1,"value":"WSDCKAS1.emn.com"},{"name":"logon_process","type":"Process","type_id":25},{"name":"logon_process.name","type":"Process Name","type_id":9,"value":"NtLmSsp"},{"name":"logon_process.pid","type":"Process ID","type_id":15,"value":"-1"},{"name":"src_endpoint","type":"Endpoint","type_id":20},{"name":"src_endpoint.ip","type":"IP Address","type_id":2,"value":"168.136.54.26"},{"name":"src_endpoint.port","type":"Port","type_id":11,"value":"63388"},{"name":"actor.process","type":"Process","type_id":25},{"name":"actor.process.file","type":"File","type_id":24},{"name":"actor.process.file.name","type":"File Name","type_id":7,"value":"-"},{"name":"actor.process.pid","type":"Process ID","type_id":15,"value":"0"},{"name":"actor.user","type":"User","type_id":21},{"name":"actor.user.account.name","type":"Account Object: name","type_id":34,"value":"-"},{"name":"actor.user.account.uid","type":"Account Object: uid","type_id":35,"value":"NULL SID"},{"name":"actor.user.name","type":"User Name","type_id":4,"value":"-"},{"name":"actor.user.uid","type":"User Object: uid","type_id":31,"value":"NULL SID"},{"name":"user","type":"User","type_id":21},{"name":"user.uid","type":"User Object: uid","type_id":31,"value":"NULL SID"},{"name":"user.account.uid","type":"Account Object: uid","type_id":35,"value":"NULL SID"},{"name":"user.account.name","type":"Account Object: name","type_id":34,"value":"[\"username1\", \"username2\"]"},{"name":"user.name","type":"User Name","type_id":4,"value":"[\"username1\", \"username2\"]"}],"raw_data":"01/09/2019 05:01:12 PM\nLogName=Security\nSourceName=Microsoft Windows security auditing.\nEventCode=4625\nEventType=0\nType=Information\nComputerName=WSDCKAS1.emn.com\nTaskCategory=Logon\nOpCode=Info\nRecordNumber=565192348\nKeywords=Audit Failure\nMessage=An account failed to log on.\nSubject:\n\tSecurity ID:\t\tNULL SID\n\tAccount Name:\t\t-\n\tAccount Domain:\t\t-\n\tLogon ID:\t\t0x0\nLogon Type:\t\t\t3\nAccount For Which Logon Failed:\n\tSecurity ID:\t\tNULL SID\n\tAccount Name:\t\t[\"username1\", \"username2\"]\n\tAccount Domain:\t\tCSE\nFailure Information:\n\tFailure Reason:\t\tUnknown user name or bad password.\n\tStatus:\t\t\t0xc000006d\n\tSub Status:\t\t0xc0000064\nProcess Information:\n\tCaller Process ID:\t0x0\n\tCaller Process Name:\t-\nNetwork Information:\n\tWorkstation Name:\tENGCSEAPEX01\n\tSource Network Address:\t168.136.54.26\n\tSource Port:\t\t63388\nDetailed Authentication Information:\n\tLogon Process:\t\tNtLmSsp\n\tAuthentication Package:\tNTLM\n\tTransited Services:\t-\n\tPackage Name (NTLM only):\t-\n\tKey Length:\t\t0","severity":"Informational","severity_id":1,"src_endpoint":{"ip":"168.136.54.26","name":"ENGCSEAPEX01","port":63388},"status":"Failure","status_code":"0xc000006d","status_detail":"Unknown user name or bad password.","status_id":2,"time":1547053272000,"type_name":"Authentication: Logon","type_uid":300201,"unmapped":{"Detailed Authentication Information":{"Key Length":"0","Package Name (NTLM only)":"-","Transited Services":"-"},"EventType":"0","Failure Information":{"Sub Status":"0xc0000064"},"OpCode":"Info","TaskCategory":"Logon"},"user":{"account":{"name":"[\"username1\", \"username2\"]","type":"Windows Account","type_id":2,"uid":"NULL SID"},"domain":"CSE","name":"[\"username1\", \"username2\"]","uid":"NULL SID"}}
{"activity_id":1,"activity_name":"Logon","actor":{"process":{"file":{"name":"-","path":"-","type":"Regular File","type_id":1},"pid":0},"session":{"uid":"0x0"},"user":{"account":{"name":"-","type":"Windows Account","type_id":2,"uid":"NULL SID"},"domain":"-","name":"-","uid":"NULL SID"}},"auth_protocol":"NTLM","auth_protocol_id":1,"category_name":"Identity & Access Management","category_uid":3,"class_name":"Authentication","class_uid":3002,"device":{"hostname":"WSDCKAS1.emn.com","os":{"name":"Windows","type":"Windows","type_id":100},"type":"Unknown","type_id":0},"dst_endpoint":{"hostname":"WSDCKAS1.emn.com"},"logon_process":{"name":"NtLmSsp","pid":-1},"logon_type":"Network","logon_type_id":3,"message":"An account failed to log on.","metadata":{"event_code":"4625","log_name":"Security","log_provider":"Microsoft Windows security auditing.","original_time":"01/09/2019 05:01:12 PM","product":{"name":"Microsoft Windows","vendor_name":"Microsoft"},"profiles":["host"],"sequence":565192348,"uid":"480521296356e9a8cb979dd60b3cfc0d","version":"1.4.0"},"observables":[{"name":"device","type":"Endpoint","type_id":20},{"name":"device.hostname","type":"Hostname","type_id":1,"value":"WSDCKAS1.emn.com"},{"name":"dst_endpoint","type":"Endpoint","type_id":20},{"name":"dst_endpoint.hostname","type":"Hostname","type_id":1,"value":"WSDCKAS1.emn.com"},{"name":"src_endpoint","type":"Endpoint","type_id":20},{"name":"src_endpoint.ip","type":"IP Address","type_id":2,"value":"168.136.54.26"},{"name":"src_endpoint.port","type":"Port","type_id":11,"value":"63388"},{"name":"actor.process","type":"Process","type_id":25},{"name":"actor.process.pid","type":"Process ID","type_id":15,"value":"0"},{"name":"actor.process.file","type":"File","type_id":24},{"name":"actor.process.file.name","type":"File Name","type_id":7,"value":"-"},{"name":"actor.user","type":"User","type_id":21},{"name":"actor.user.uid","type":"User Object: uid","type_id":31,"value":"NULL SID"},{"name":"actor.user.account.uid","type":"Account Object: uid","type_id":35,"value":"NULL SID"},{"name":"actor.user.account.name","type":"Account Object: name","type_id":34,"value":"-"},{"name":"actor.user.name","type":"User Name","type_id":4,"value":"-"},{"name":"logon_process","type":"Process","type_id":25},{"name":"logon_process.name","type":"Process Name","type_id":9,"value":"NtLmSsp"},{"name":"logon_process.pid","type":"Process ID","type_id":15,"value":"-1"},{"name":"user","type":"User","type_id":21},{"name":"user.name","type":"User Name","type_id":4,"value":"id : user"},{"name":"user.uid","type":"User Object: uid","type_id":31,"value":"NULL SID"},{"name":"user.account.uid","type":"Account Object: uid","type_id":35,"value":"NULL SID"},{"name":"user.account.name","type":"Account Object: name","type_id":34,"value":"id : user"}],"raw_data":"01/09/2019 05:01:12 PM\nLogName=Security\nSourceName=Microsoft Windows security auditing.\nEventCode=4625\nEventType=0\nType=Information\nComputerName=WSDCKAS1.emn.com\nTaskCategory=Logon\nOpCode=Info\nRecordNumber=565192348\nKeywords=Audit Failure\nMessage=An account failed to log on.\nSubject:\n\tSecurity ID:\t\tNULL SID\n\tAccount Name:\t\t-\n\tAccount Domain:\t\t-\n\tLogon ID:\t\t0x0\nLogon Type:\t\t\t3\nAccount For Which Logon Failed:\n\tSecurity ID:\t\tNULL SID\n\tAccount Name:\t\tid : user\n\tAccount Domain:\t\tCSE\nFailure Information:\n\tFailure Reason:\t\tUnknown user name or bad password.\n\tStatus:\t\t\t0xc000006d\n\tSub Status:\t\t0xc0000064\nProcess Information:\n\tCaller Process ID:\t0x0\n\tCaller Process Name:\t-\nNetwork Information:\n\tWorkstation Name:\tENGCSEAPEX01\n\tSource Network Address:\t168.136.54.26\n\tSource Port:\t\t63388\nDetailed Authentication Information:\n\tLogon Process:\t\tNtLmSsp\n\tAuthentication Package:\tNTLM\n\tTransited Services:\t-\n\tPackage Name (NTLM only):\t-\n\tKey Length:\t\t0","severity":"Informational","severity_id":1,"src_endpoint":{"ip":"168.136.54.26","name":"ENGCSEAPEX01","port":63388},"status":"Failure","status_code":"0xc000006d","status_detail":"Unknown user name or bad password.","status_id":2,"time":1547053272000,"type_name":"Authentication: Logon","type_uid":300201,"unmapped":{"Detailed Authentication Information":{"Key Length":"0","Package Name (NTLM only)":"-","Transited Services":"-"},"EventType":"0","Failure Information":{"Sub Status":"0xc0000064"},"OpCode":"Info","TaskCategory":"Logon"},"user":{"account":{"name":"id : user","type":"Windows Account","type_id":2,"uid":"NULL SID"},"domain":"CSE","name":"id : user","uid":"NULL SID"}}
{"activity_id":1,"activity_name":"Logon","actor":{"process":{"file":{"name":"-","path":"-","type":"Regular File","type_id":1},"pid":0},"session":{"uid":"0x0"},"user":{"account":{"name":"-","type":"Windows Account","type_id":2,"uid":"NULL SID"},"domain":"-","name":"-","uid":"NULL SID"}},"auth_protocol":"NTLM","auth_protocol_id":1,"category_name":"Identity & Access Management","category_uid":3,"class_name":"Authentication","class_uid":3002,"device":{"hostname":"WSDCKAS1.emn.com","os":{"name":"Windows","type":"Windows","type_id":100},"type":"Unknown","type_id":0},"dst_endpoint":{"hostname":"WSDCKAS1.emn.com"},"logon_process":{"name":"NtLmSsp","pid":-1},"logon_type":"Network","logon_type_id":3,"message":"An account failed to log on.","metadata":{"event_code":"4625","log_name":"Security","log_provider":"Microsoft Windows security auditing.","original_time":"01/09/2019 05:01:12 PM","product":{"name":"Microsoft Windows","vendor_name":"Microsoft"},"profiles":["host"],"sequence":565192348,"uid":"a664980a08fbca3bd45b3c22f2113803","version":"1.4.0"},"observables":[{"name":"logon_process","type":"Process","type_id":25},{"name":"logon_process.pid","type":"Process ID","type_id":15,"value":"-1"},{"name":"logon_process.name","type":"Process Name","type_id":9,"value":"NtLmSsp"},{"name":"device","type":"Endpoint","type_id":20},{"name":"device.hostname","type":"Hostname","type_id":1,"value":"WSDCKAS1.emn.com"},{"name":"dst_endpoint","type":"Endpoint","type_id":20},{"name":"dst_endpoint.hostname","type":"Hostname","type_id":1,"value":"WSDCKAS1.emn.com"},{"name":"src_endpoint","type":"Endpoint","type_id":20},{"name":"src_endpoint.port","type":"Port","type_id":11,"value":"63388"},{"name":"src_endpoint.ip","type":"IP Address","type_id":2,"value":"168.136.54.26"},{"name":"actor.user","type":"User","type_id":21},{"name":"actor.user.name","type":"User Name","type_id":4,"value":"-"},{"name":"actor.user.uid","type":"User Object: uid","type_id":31,"value":"NULL SID"},{"name":"actor.user.account.uid","type":"Account Object: uid","type_id":35,"value":"NULL SID"},{"name":"actor.user.account.name","type":"Account Object: name","type_id":34,"value":"-"},{"name":"actor.process","type":"Process","type_id":25},{"name":"actor.process.pid","type":"Process ID","type_id":15,"value":"0"},{"name":"actor.process.file","type":"File","type_id":24},{"name":"actor.process.file.name","type":"File Name","type_id":7,"value":"-"},{"name":"user","type":"User","type_id":21},{"name":"user.account.uid","type":"Account Object: uid","type_id":35,"value":"NULL SID"},{"name":"user.uid","type":"User Object: uid","type_id":31,"value":"NULL SID"}],"raw_data":"01/09/2019 05:01:12 PM\nLogName=Security\nSourceName=Microsoft Windows security auditing.\nEventCode=4625\nEventType=0\nType=Information\nComputerName=WSDCKAS1.emn.com\nTaskCategory=Logon\nOpCode=Info\nRecordNumber=565192348\nKeywords=Audit Failure\nMessage=An account failed to log on.\nSubject:\n\tSecurity ID:\t\tNULL SID\n\tAccount Name:\t\t-\n\tAccount Domain:\t\t-\n\tLogon ID:\t\t0x0\nLogon Type:\t\t\t3\nAccount For Which Logon Failed:\n\tSecurity ID:\t\tNULL SID\n\tAccount Name:\t\t\n\t\tid : user\n\tAccount Domain:\t\tCSE\nFailure Information:\n\tFailure Reason:\t\tUnknown user name or bad password.\n\tStatus:\t\t\t0xc000006d\n\tSub Status:\t\t0xc0000064\nProcess Information:\n\tCaller Process ID:\t0x0\n\tCaller Process Name:\t-\nNetwork Information:\n\tWorkstation Name:\tENGCSEAPEX01\n\tSource Network Address:\t168.136.54.26\n\tSource Port:\t\t63388\nDetailed Authentication Information:\n\tLogon Process:\t\tNtLmSsp\n\tAuthentication Package:\tNTLM\n\tTransited Services:\t-\n\tPackage Name (NTLM only):\t-\n\tKey Length:\t\t0","severity":"Informational","severity_id":1,"src_endpoint":{"ip":"168.136.54.26","name":"ENGCSEAPEX01","port":63388},"status":"Failure","status_code":"0xc000006d","status_detail":"Unknown user name or bad password.","status_id":2,"time":1547053272000,"type_name":"Authentication: Logon","type_uid":300201,"unmapped":{"Account For Which Logon Failed":{"id":"user"},"Detailed Authentication Information":{"Key Length":"0","Package Name (NTLM only)":"-","Transited Services":"-"},"EventType":"0","Failure Information":{"Sub Status":"0xc0000064"},"OpCode":"Info","TaskCategory":"Logon"},"user":{"account":{"name":"","type":"Windows Account","type_id":2,"uid":"NULL SID"},"domain":"CSE","name":"","uid":"NULL SID"}}
{"activity_id":1,"activity_name":"Logon","actor":{"process":{"file":{"name":"-","path":"-","type":"Regular File","type_id":1},"pid":0},"session":{"uid":"0x0"},"user":{"account":{"name":"-","type":"Windows Account","type_id":2,"uid":"NULL SID"},"domain":"-","name":"-","uid":"NULL SID"}},"auth_protocol":"NTLM","auth_protocol_id":1,"category_name":"Identity & Access Management","category_uid":3,"class_name":"Authentication","class_uid":3002,"device":{"hostname":"WSDCKAS1.emn.com","os":{"name":"Windows","type":"Windows","type_id":100},"type":"Unknown","type_id":0},"dst_endpoint":{"hostname":"WSDCKAS1.emn.com"},"logon_process":{"name":"NtLmSsp","pid":-1},"logon_type":"Network","logon_type_id":3,"message":"An account failed to log on.","metadata":{"event_code":"4625","log_name":"Security","log_provider":"Microsoft Windows security auditing.","original_time":"01/09/2019 05:01:12 PM","product":{"name":"Microsoft Windows","vendor_name":"Microsoft"},"profiles":["host"],"sequence":565192348,"uid":"52147e3e94860d7626dae0933aa2f9de","version":"1.4.0"},"observables":[{"name":"dst_endpoint","type":"Endpoint","type_id":20},{"name":"dst_endpoint.hostname","type":"Hostname","type_id":1,"value":"WSDCKAS1.emn.com"},{"name":"src_endpoint","type":"Endpoint","type_id":20},{"name":"src_endpoint.ip","type":"IP Address","type_id":2,"value":"168.136.54.26"},{"name":"src_endpoint.port","type":"Port","type_id":11,"value":"63388"},{"name":"logon_process","type":"Process","type_id":25},{"name":"logon_process.name","type":"Process Name","type_id":9,"value":"NtLmSsp"},{"name":"logon_process.pid","type":"Process ID","type_id":15,"value":"-1"},{"name":"actor.user","type":"User","type_id":21},{"name":"actor.user.account.uid","type":"Account Object: uid","type_id":35,"value":"NULL SID"},{"name":"actor.user.account.name","type":"Account Object: name","type_id":34,"value":"-"},{"name":"actor.user.name","type":"User Name","type_id":4,"value":"-"},{"name":"actor.user.uid","type":"User Object: uid","type_id":31,"value":"NULL SID"},{"name":"actor.process","type":"Process","type_id":25},{"name":"actor.process.pid","type":"Process ID","type_id":15,"value":"0"},{"name":"actor.process.file","type":"File","type_id":24},{"name":"actor.process.file.name","type":"File Name","type_id":7,"value":"-"},{"name":"user","type":"User","type_id":21},{"name":"user.account.uid","type":"Account Object: uid","type_id":35,"value":"NULL SID"},{"name":"user.account.name","type":"Account Object: name","type_id":34,"value":"user,name"},{"name":"user.name","type":"User Name","type_id":4,"value":"user,name"},{"name":"user.uid","type":"User Object: uid","type_id":31,"value":"NULL SID"},{"name":"device","type":"Endpoint","type_id":20},{"name":"device.hostname","type":"Hostname","type_id":1,"value":"WSDCKAS1.emn.com"}],"raw_data":"01/09/2019 05:01:12 PM\nLogName=Security\nSourceName=Microsoft Windows security auditing.\nEventCode=4625\nEventType=0\nType=Information\nComputerName=WSDCKAS1.emn.com\nTaskCategory=Logon\nOpCode=Info\nRecordNumber=565192348\nKeywords=Audit Failure\nMessage=An account failed to log on.\nSubject:\n\tSecurity ID:\t\tNULL SID\n\tAccount Name:\t\t-\n\tAccount Domain:\t\t-\n\tLogon ID:\t\t0x0\nLogon Type:\t\t\t3\nAccount For Which Logon Failed:\n\tSecurity ID:\t\tNULL SID\n\tAccount Name:\t\tuser,name\n\tAccount Domain:\t\tCSE\nFailure Information:\n\tFailure Reason:\t\tUnknown user name or bad password.\n\tStatus:\t\t\t0xc000006d\n\tSub Status:\t\t0xc0000064\nProcess Information:\n\tCaller Process ID:\t0x0\n\tCaller Process Name:\t-\nNetwork Information:\n\tWorkstation Name:\tENGCSEAPEX01\n\tSource Network Address:\t168.136.54.26\n\tSource Port:\t\t63388\nDetailed Authentication Information:\n\tLogon Process:\t\tNtLmSsp\n\tAuthentication Package:\tNTLM\n\tTransited Services:\t-\n\tPackage Name (NTLM only):\t-\n\tKey Length:\t\t0","severity":"Informational","severity_id":1,"src_endpoint":{"ip":"168.136.54.26","name":"ENGCSEAPEX01","port":63388},"status":"Failure","status_code":"0xc000006d","status_detail":"Unknown user name or bad password.","status_id":2,"time":1547053272000,"type_name":"Authentication: Logon","type_uid":300201,"unmapped":{"Detailed Authentication Information":{"Key Length":"0","Package Name (NTLM only)":"-","Transited Services":"-"},"EventType":"0","Failure Information":{"Sub Status":"0xc0000064"},"OpCode":"Info","TaskCategory":"Logon"},"user":{"account":{"name":"user,name","type":"Windows Account","type_id":2,"uid":"NULL SID"},"domain":"CSE","name":"user,name","uid":"NULL SID"}}
{"activity_id":1,"activity_name":"Logon","actor":{"process":{"file":{"name":"-","path":"-","type":"Regular File","type_id":1},"pid":0},"session":{"uid":"0x0"},"user":{"account":{"name":"-","type":"Windows Account","type_id":2,"uid":"NULL SID"},"domain":"-","name":"-","uid":"NULL SID"}},"auth_protocol":"NTLM","auth_protocol_id":1,"category_name":"Identity & Access Management","category_uid":3,"class_name":"Authentication","class_uid":3002,"device":{"hostname":"WSDCKAS1.emn.com","os":{"name":"Windows","type":"Windows","type_id":100},"type":"Unknown","type_id":0},"dst_endpoint":{"hostname":"WSDCKAS1.emn.com"},"logon_process":{"name":"NtLmSsp","pid":-1},"logon_type":"Network","logon_type_id":3,"message":"An account failed to log on.","metadata":{"event_code":"4625","log_name":"Security","log_provider":"Microsoft Windows security auditing.","original_time":"01/09/2019 05:01:12 PM","product":{"name":"Microsoft Windows","vendor_name":"Microsoft"},"profiles":["host"],"sequence":565192348,"uid":"9801561c6936922271fab7a54c4acaeb","version":"1.4.0"},"observables":[{"name":"device","type":"Endpoint","type_id":20},{"name":"device.hostname","type":"Hostname","type_id":1,"value":"WSDCKAS1.emn.com"},{"name":"dst_endpoint","type":"Endpoint","type_id":20},{"name":"dst_endpoint.hostname","type":"Hostname","type_id":1,"value":"WSDCKAS1.emn.com"},{"name":"src_endpoint","type":"Endpoint","type_id":20},{"name":"src_endpoint.ip","type":"IP Address","type_id":2,"value":"168.136.54.26"},{"name":"src_endpoint.port","type":"Port","type_id":11,"value":"63388"},{"name":"logon_process","type":"Process","type_id":25},{"name":"logon_process.name","type":"Process Name","type_id":9,"value":"NtLmSsp"},{"name":"logon_process.pid","type":"Process ID","type_id":15,"value":"-1"},{"name":"actor.user","type":"User","type_id":21},{"name":"actor.user.account.name","type":"Account Object: name","type_id":34,"value":"-"},{"name":"actor.user.account.uid","type":"Account Object: uid","type_id":35,"value":"NULL SID"},{"name":"actor.user.name","type":"User Name","type_id":4,"value":"-"},{"name":"actor.user.uid","type":"User Object: uid","type_id":31,"value":"NULL SID"},{"name":"actor.process","type":"Process","type_id":25},{"name":"actor.process.pid","type":"Process ID","type_id":15,"value":"0"},{"name":"actor.process.file","type":"File","type_id":24},{"name":"actor.process.file.name","type":"File Name","type_id":7,"value":"-"},{"name":"user","type":"User","type_id":21},{"name":"user.account.name","type":"Account Object: name","type_id":34,"value":"$"},{"name":"user.account.uid","type":"Account Object: uid","type_id":35,"value":"NULL SID"},{"name":"user.name","type":"User Name","type_id":4,"value":"$"},{"name":"user.uid","type":"User Object: uid","type_id":31,"value":"NULL SID"}],"raw_data":"01/09/2019 05:01:12 PM\nLogName=Security\nSourceName=Microsoft Windows security auditing.\nEventCode=4625\nEventType=0\nType=Information\nComputerName=WSDCKAS1.emn.com\nTaskCategory=Logon\nOpCode=Info\nRecordNumber=565192348\nKeywords=Audit Failure\nMessage=An account failed to log on.\nSubject:\n\tSecurity ID:\t\tNULL SID\n\tAccount Name:\t\t-\n\tAccount Domain:\t\t-\n\tLogon ID:\t\t0x0\nLogon Type:\t\t\t3\nAccount For Which Logon Failed:\n\tSecurity ID:\t\tNULL SID\n\tAccount Name:\t\t$\n\tAccount Domain:\t\tCSE\nFailure Information:\n\tFailure Reason:\t\tUnknown user name or bad password.\n\tStatus:\t\t\t0xc000006d\n\tSub Status:\t\t0xc0000064\nProcess Information:\n\tCaller Process ID:\t0x0\n\tCaller Process Name:\t-\nNetwork Information:\n\tWorkstation Name:\tENGCSEAPEX01\n\tSource Network Address:\t168.136.54.26\n\tSource Port:\t\t63388\nDetailed Authentication Information:\n\tLogon Process:\t\tNtLmSsp\n\tAuthentication Package:\tNTLM\n\tTransited Services:\t-\n\tPackage Name (NTLM only):\t-\n\tKey Length:\t\t0","severity":"Informational","severity_id":1,"src_endpoint":{"ip":"168.136.54.26","name":"ENGCSEAPEX01","port":63388},"status":"Failure","status_code":"0xc000006d","status_detail":"Unknown user name or bad password.","status_id":2,"time":1547053272000,"type_name":"Authentication: Logon","type_uid":300201,"unmapped":{"Detailed Authentication Information":{"Key Length":"0","Package Name (NTLM only)":"-","Transited Services":"-"},"EventType":"0","Failure Information":{"Sub Status":"0xc0000064"},"OpCode":"Info","TaskCategory":"Logon"},"user":{"account":{"name":"$","type":"Windows Account","type_id":2,"uid":"NULL SID"},"domain":"CSE","name":"$","uid":"NULL SID"}}
{"activity_id":1,"activity_name":"Logon","actor":{"process":{"file":{"name":"-","path":"-","type":"Regular File","type_id":1},"pid":0},"session":{"uid":"0x0"},"user":{"account":{"name":"-","type":"Windows Account","type_id":2,"uid":"NULL SID"},"domain":"-","name":"-","uid":"NULL SID"}},"auth_protocol":"NTLM","auth_protocol_id":1,"category_name":"Identity & Access Management","category_uid":3,"class_name":"Authentication","class_uid":3002,"device":{"hostname":"WSDCKAS1.emn.com","os":{"name":"Windows","type":"Windows","type_id":100},"type":"Unknown","type_id":0},"dst_endpoint":{"hostname":"WSDCKAS1.emn.com"},"logon_process":{"name":"NtLmSsp","pid":-1},"logon_type":"Network","logon_type_id":3,"message":"An account failed to log on.","metadata":{"event_code":"4625","log_name":"Security","log_provider":"Microsoft Windows security auditing.","original_time":"01/09/2019 05:01:12 PM","product":{"name":"Microsoft Windows","vendor_name":"Microsoft"},"profiles":["host"],"sequence":565192348,"uid":"1352c74aa20b9735a1926dae9097c1e1","version":"1.4.0"},"observables":[{"name":"dst_endpoint","type":"Endpoint","type_id":20},{"name":"dst_endpoint.hostname","type":"Hostname","type_id":1,"value":"WSDCKAS1.emn.com"},{"name":"logon_process","type":"Process","type_id":25},{"name":"logon_process.name","type":"Process Name","type_id":9,"value":"NtLmSsp"},{"name":"logon_process.pid","type":"Process ID","type_id":15,"value":"-1"},{"name":"src_endpoint","type":"Endpoint","type_id":20},{"name":"src_endpoint.ip","type":"IP Address","type_id":2,"value":"168.136.54.26"},{"name":"src_endpoint.port","type":"Port","type_id":11,"value":"63388"},{"name":"device","type":"Endpoint","type_id":20},{"name":"device.hostname","type":"Hostname","type_id":1,"value":"WSDCKAS1.emn.com"},{"name":"actor.process","type":"Process","type_id":25},{"name":"actor.process.file","type":"File","type_id":24},{"name":"actor.process.file.name","type":"File Name","type_id":7,"value":"-"},{"name":"actor.process.pid","type":"Process ID","type_id":15,"value":"0"},{"name":"actor.user","type":"User","type_id":21},{"name":"actor.user.account.uid","type":"Account Object: uid","type_id":35,"value":"NULL SID"},{"name":"actor.user.account.name","type":"Account Object: name","type_id":34,"value":"-"},{"name":"actor.user.name","type":"User Name","type_id":4,"value":"-"},{"name":"actor.user.uid","type":"User Object: uid","type_id":31,"value":"NULL SID"},{"name":"user","type":"User","type_id":21},{"name":"user.uid","type":"User Object: uid","type_id":31,"value":"NULL SID"},{"name":"user.account.uid","type":"Account Object: uid","type_id":35,"value":"NULL SID"},{"name":"user.account.name","type":"Account Object: name","type_id":34,"value":"fname.lname@domain.com"},{"name":"user.name","type":"User Name","type_id":4,"value":"fname.lname@domain.com"}],"raw_data":"01/09/2019 05:01:12 PM\nLogName=Security\nSourceName=Microsoft Windows security auditing.\nEventCode=4625\nEventType=0\nType=Information\nComputerName=WSDCKAS1.emn.com\nTaskCategory=Logon\nOpCode=Info\nRecordNumber=565192348\nKeywords=Audit Failure\nMessage=An account failed to log on.\nSubject:\n\tSecurity ID:\t\tNULL SID\n\tAccount Name:\t\t-\n\tAccount Domain:\t\t-\n\tLogon ID:\t\t0x0\nLogon Type:\t\t\t3\nAccount For Which Logon Failed:\n\tSecurity ID:\t\tNULL SID\n\tAccount Name:\t\tfname.lname@domain.com\n\tAccount Domain:\t\tCSE\nFailure Information:\n\tFailure Reason:\t\tUnknown user name or bad password.\n\tStatus:\t\t\t0xc000006d\n\tSub Status:\t\t0xc0000064\nProcess Information:\n\tCaller Process ID:\t0x0\n\tCaller Process Name:\t-\nNetwork Information:\n\tWorkstation Name:\tENGCSEAPEX01\n\tSource Network Address:\t168.136.54.26\n\tSource Port:\t\t63388\nDetailed Authentication Information:\n\tLogon Process:\t\tNtLmSsp\n\tAuthentication Package:\tNTLM\n\tTransited Services:\t-\n\tPackage Name (NTLM only):\t-\n\tKey Length:\t\t0","severity":"Informational","severity_id":1,"src_endpoint":{"ip":"168.136.54.26","name":"ENGCSEAPEX01","port":63388},"status":"Failure","status_code":"0xc000006d","status_detail":"Unknown user name or bad password.","status_id":2,"time":1547053272000,"type_name":"Authentication: Logon","type_uid":300201,"unmapped":{"Detailed Authentication Information":{"Key Length":"0","Package Name (NTLM only)":"-","Transited Services":"-"},"EventType":"0","Failure Information":{"Sub Status":"0xc0000064"},"OpCode":"Info","TaskCategory":"Logon"},"user":{"account":{"name":"fname.lname@domain.com","type":"Windows Account","type_id":2,"uid":"NULL SID"},"domain":"CSE","name":"fname.lname@domain.com","uid":"NULL SID"}}
{"activity_id":1,"activity_name":"Logon","actor":{"process":{"file":{"name":"-","path":"-","type":"Regular File","type_id":1},"pid":0},"session":{"uid":"0x0"},"user":{"account":{"name":"-","type":"Windows Account","type_id":2,"uid":"NULL SID"},"domain":"-","name":"-","uid":"NULL SID"}},"auth_protocol":"NTLM","auth_protocol_id":1,"category_name":"Identity & Access Management","category_uid":3,"class_name":"Authentication","class_uid":3002,"device":{"hostname":"WSDCKAS1.emn.com","os":{"name":"Windows","type":"Windows","type_id":100},"type":"Unknown","type_id":0},"dst_endpoint":{"hostname":"WSDCKAS1.emn.com"},"logon_process":{"name":"NtLmSsp","pid":-1},"logon_type":"Network","logon_type_id":3,"message":"An account failed to log on.","metadata":{"event_code":"4625","log_name":"Security","log_provider":"Microsoft Windows security auditing.","original_time":"01/09/2019 05:01:12 PM","product":{"name":"Microsoft Windows","vendor_name":"Microsoft"},"profiles":["host"],"sequence":565192348,"uid":"5ef9c046470b330bce41cbd790960fb6","version":"1.4.0"},"observables":[{"name":"dst_endpoint","type":"Endpoint","type_id":20},{"name":"dst_endpoint.hostname","type":"Hostname","type_id":1,"value":"WSDCKAS1.emn.com"},{"name":"actor.user","type":"User","type_id":21},{"name":"actor.user.account.uid","type":"Account Object: uid","type_id":35,"value":"NULL SID"},{"name":"actor.user.account.name","type":"Account Object: name","type_id":34,"value":"-"},{"name":"actor.user.name","type":"User Name","type_id":4,"value":"-"},{"name":"actor.user.uid","type":"User Object: uid","type_id":31,"value":"NULL SID"},{"name":"actor.process","type":"Process","type_id":25},{"name":"actor.process.pid","type":"Process ID","type_id":15,"value":"0"},{"name":"actor.process.file","type":"File","type_id":24},{"name":"actor.process.file.name","type":"File Name","type_id":7,"value":"-"},{"name":"user","type":"User","type_id":21},{"name":"user.account.uid","type":"Account Object: uid","type_id":35,"value":"NULL SID"},{"name":"user.account.name","type":"Account Object: name","type_id":34,"value":"a_test@splunklocal"},{"name":"user.name","type":"User Name","type_id":4,"value":"a_test@splunklocal"},{"name":"user.uid","type":"User Object: uid","type_id":31,"value":"NULL SID"},{"name":"device","type":"Endpoint","type_id":20},{"name":"device.hostname","type":"Hostname","type_id":1,"value":"WSDCKAS1.emn.com"},{"name":"logon_process","type":"Process","type_id":25},{"name":"logon_process.name","type":"Process Name","type_id":9,"value":"NtLmSsp"},{"name":"logon_process.pid","type":"Process ID","type_id":15,"value":"-1"},{"name":"src_endpoint","type":"Endpoint","type_id":20},{"name":"src_endpoint.ip","type":"IP Address","type_id":2,"value":"168.136.54.26"},{"name":"src_endpoint.port","type":"Port","type_id":11,"value":"63388"}],"raw_data":"01/09/2019 05:01:12 PM\nLogName=Security\nSourceName=Microsoft Windows security auditing.\nEventCode=4625\nEventType=0\nType=Information\nComputerName=WSDCKAS1.emn.com\nTaskCategory=Logon\nOpCode=Info\nRecordNumber=565192348\nKeywords=Audit Failure\nMessage=An account failed to log on.\nSubject:\n\tSecurity ID:\t\tNULL SID\n\tAccount Name:\t\t-\n\tAccount Domain:\t\t-\n\tLogon ID:\t\t0x0\nLogon Type:\t\t\t3\nAccount For Which Logon Failed:\n\tSecurity ID:\t\tNULL SID\n\tAccount Name:\t\ta_test@splunklocal\n\tAccount Domain:\t\tCSE\nFailure Information:\n\tFailure Reason:\t\tUnknown user name or bad password.\n\tStatus:\t\t\t0xc000006d\n\tSub Status:\t\t0xc0000064\nProcess Information:\n\tCaller Process ID:\t0x0\n\tCaller Process Name:\t-\nNetwork Information:\n\tWorkstation Name:\tENGCSEAPEX01\n\tSource Network Address:\t168.136.54.26\n\tSource Port:\t\t63388\nDetailed Authentication Information:\n\tLogon Process:\t\tNtLmSsp\n\tAuthentication Package:\tNTLM\n\tTransited Services:\t-\n\tPackage Name (NTLM only):\t-\n\tKey Length:\t\t0","severity":"Informational","severity_id":1,"src_endpoint":{"ip":"168.136.54.26","name":"ENGCSEAPEX01","port":63388},"status":"Failure","status_code":"0xc000006d","status_detail":"Unknown user name or bad password.","status_id":2,"time":1547053272000,"type_name":"Authentication: Logon","type_uid":300201,"unmapped":{"Detailed Authentication Information":{"Key Length":"0","Package Name (NTLM only)":"-","Transited Services":"-"},"EventType":"0","Failure Information":{"Sub Status":"0xc0000064"},"OpCode":"Info","TaskCategory":"Logon"},"user":{"account":{"name":"a_test@splunklocal","type":"Windows Account","type_id":2,"uid":"NULL SID"},"domain":"CSE","name":"a_test@splunklocal","uid":"NULL SID"}}
{"activity_id":1,"activity_name":"Logon","actor":{"process":{"file":{"name":"-","path":"-","type":"Regular File","type_id":1},"pid":0},"session":{"uid":"0x0"},"user":{"account":{"name":"-","type":"Windows Account","type_id":2,"uid":"NULL SID"},"domain":"-","name":"-","uid":"NULL SID"}},"auth_protocol":"NTLM","auth_protocol_id":1,"category_name":"Identity & Access Management","category_uid":3,"class_name":"Authentication","class_uid":3002,"device":{"hostname":"WSDCKAS1.emn.com","os":{"name":"Windows","type":"Windows","type_id":100},"type":"Unknown","type_id":0},"dst_endpoint":{"hostname":"WSDCKAS1.emn.com"},"logon_process":{"name":"NtLmSsp","pid":-1},"logon_type":"Network","logon_type_id":3,"message":"An account failed to log on.","metadata":{"event_code":"4625","log_name":"Security","log_provider":"Microsoft Windows security auditing.","original_time":"01/09/2019 05:01:12 PM","product":{"name":"Microsoft Windows","vendor_name":"Microsoft"},"profiles":["host"],"sequence":565192348,"uid":"4b540ea4807ece47f366696aa920bb96","version":"1.4.0"},"observables":[{"name":"src_endpoint","type":"Endpoint","type_id":20},{"name":"src_endpoint.port","type":"Port","type_id":11,"value":"63388"},{"name":"src_endpoint.ip","type":"IP Address","type_id":2,"value":"168.136.54.26"},{"name":"actor.process","type":"Process","type_id":25},{"name":"actor.process.file","type":"File","type_id":24},{"name":"actor.process.file.name","type":"File Name","type_id":7,"value":"-"},{"name":"actor.process.pid","type":"Process ID","type_id":15,"value":"0"},{"name":"actor.user","type":"User","type_id":21},{"name":"actor.user.account.uid","type":"Account Object: uid","type_id":35,"value":"NULL SID"},{"name":"actor.user.account.name","type":"Account Object: name","type_id":34,"value":"-"},{"name":"actor.user.name","type":"User Name","type_id":4,"value":"-"},{"name":"actor.user.uid","type":"User Object: uid","type_id":31,"value":"NULL SID"},{"name":"logon_process","type":"Process","type_id":25},{"name":"logon_process.name","type":"Process Name","type_id":9,"value":"NtLmSsp"},{"name":"logon_process.pid","type":"Process ID","type_id":15,"value":"-1"},{"name":"dst_endpoint","type":"Endpoint","type_id":20},{"name":"dst_endpoint.hostname","type":"Hostname","type_id":1,"value":"WSDCKAS1.emn.com"},{"name":"user","type":"User","type_id":21},{"name":"user.account.uid","type":"Account Object: uid","type_id":35,"value":"NULL SID"},{"name":"user.account.name","type":"Account Object: name","type_id":34,"value":"{user1=username1, user2=username2, user3=username3}"},{"name":"user.name","type":"User Name","type_id":4,"value":"{user1=username1, user2=username2, user3=username3}"},{"name":"user.uid","type":"User Object: uid","type_id":31,"value":"NULL SID"},{"name":"device","type":"Endpoint","type_id":20},{"name":"device.hostname","type":"Hostname","type_id":1,"value":"WSDCKAS1.emn.com"}],"raw_data":"01/09/2019 05:01:12 PM\nLogName=Security\nSourceName=Microsoft Windows security auditing.\nEventCode=4625\nEventType=0\nType=Information\nComputerName=WSDCKAS1.emn.com\nTaskCategory=Logon\nOpCode=Info\nRecordNumber=565192348\nKeywords=Audit Failure\nMessage=An account failed to log on.\nSubject:\n\tSecurity ID:\t\tNULL SID\n\tAccount Name:\t\t-\n\tAccount Domain:\t\t-\n\tLogon ID:\t\t0x0\nLogon Type:\t\t\t3\nAccount For Which Logon Failed:\n\tSecurity ID:\t\tNULL SID\n\tAccount Name:\t\t{user1=username1, user2=username2, user3=username3}\n\tAccount Domain:\t\tCSE\nFailure Information:\n\tFailure Reason:\t\tUnknown user name or bad password.\n\tStatus:\t\t\t0xc000006d\n\tSub Status:\t\t0xc0000064\nProcess Information:\n\tCaller Process ID:\t0x0\n\tCaller Process Name:\t-\nNetwork Information:\n\tWorkstation Name:\tENGCSEAPEX01\n\tSource Network Address:\t168.136.54.26\n\tSource Port:\t\t63388\nDetailed Authentication Information:\n\tLogon Process:\t\tNtLmSsp\n\tAuthentication Package:\tNTLM\n\tTransited Services:\t-\n\tPackage Name (NTLM only):\t-\n\tKey Length:\t\t0","severity":"Informational","severity_id":1,"src_endpoint":{"ip":"168.136.54.26","name":"ENGCSEAPEX01","port":63388},"status":"Failure","status_code":"0xc000006d","status_detail":"Unknown user name or bad password.","status_id":2,"time":1547053272000,"type_name":"Authentication: Logon","type_uid":300201,"unmapped":{"Detailed Authentication Information":{"Key Length":"0","Package Name (NTLM only)":"-","Transited Services":"-"},"EventType":"0","Failure Information":{"Sub Status":"0xc0000064"},"OpCode":"Info","TaskCategory":"Logon"},"user":{"account":{"name":"{user1=username1, user2=username2, user3=username3}","type":"Windows Account","type_id":2,"uid":"NULL SID"},"domain":"CSE","name":"{user1=username1, user2=username2, user3=username3}","uid":"NULL SID"}}
{"activity_id":1,"activity_name":"Logon","actor":{"process":{"file":{"name":"-","path":"-","type":"Regular File","type_id":1},"pid":0},"session":{"uid":"0x0"},"user":{"account":{"name":"-","type":"Windows Account","type_id":2,"uid":"NULL SID"},"domain":"-","name":"-","uid":"NULL SID"}},"auth_protocol":"NTLM","auth_protocol_id":1,"category_name":"Identity & Access Management","category_uid":3,"class_name":"Authentication","class_uid":3002,"device":{"hostname":"WSDCKAS1.emn.com","os":{"name":"Windows","type":"Windows","type_id":100},"type":"Unknown","type_id":0},"dst_endpoint":{"hostname":"WSDCKAS1.emn.com"},"logon_process":{"name":"NtLmSsp","pid":-1},"logon_type":"Network","logon_type_id":3,"message":"An account failed to log on.","metadata":{"event_code":"4625","log_name":"Security","log_provider":"Microsoft Windows security auditing.","original_time":"01/09/2019 05:01:12 PM","product":{"name":"Microsoft Windows","vendor_name":"Microsoft"},"profiles":["host"],"sequence":565192348,"uid":"a1ffe136206019446c118047cf5803be","version":"1.4.0"},"observables":[{"name":"logon_process","type":"Process","type_id":25},{"name":"logon_process.name","type":"Process Name","type_id":9,"value":"NtLmSsp"},{"name":"logon_process.pid","type":"Process ID","type_id":15,"value":"-1"},{"name":"src_endpoint","type":"Endpoint","type_id":20},{"name":"src_endpoint.ip","type":"IP Address","type_id":2,"value":"168.136.54.26"},{"name":"src_endpoint.port","type":"Port","type_id":11,"value":"63388"},{"name":"actor.user","type":"User","type_id":21},{"name":"actor.user.name","type":"User Name","type_id":4,"value":"-"},{"name":"actor.user.uid","type":"User Object: uid","type_id":31,"value":"NULL SID"},{"name":"actor.user.account.name","type":"Account Object: name","type_id":34,"value":"-"},{"name":"actor.user.account.uid","type":"Account Object: uid","type_id":35,"value":"NULL SID"},{"name":"actor.process","type":"Process","type_id":25},{"name":"actor.process.pid","type":"Process ID","type_id":15,"value":"0"},{"name":"actor.process.file","type":"File","type_id":24},{"name":"actor.process.file.name","type":"File Name","type_id":7,"value":"-"},{"name":"device","type":"Endpoint","type_id":20},{"name":"device.hostname","type":"Hostname","type_id":1,"value":"WSDCKAS1.emn.com"},{"name":"dst_endpoint","type":"Endpoint","type_id":20},{"name":"dst_endpoint.hostname","type":"Hostname","type_id":1,"value":"WSDCKAS1.emn.com"},{"name":"user","type":"User","type_id":21},{"name":"user.account.uid","type":"Account Object: uid","type_id":35,"value":"NULL SID"},{"name":"user.uid","type":"User Object: uid","type_id":31,"value":"NULL SID"}],"raw_data":"01/09/2019 05:01:12 PM\nLogName=Security\nSourceName=Microsoft Windows security auditing.\nEventCode=4625\nEventType=0\nType=Information\nComputerName=WSDCKAS1.emn.com\nTaskCategory=Logon\nOpCode=Info\nRecordNumber=565192348\nKeywords=Audit Failure\nMessage=An account failed to log on.\nSubject:\n\tSecurity ID:\t\tNULL SID\n\tAccount Name:\t\t-\n\tAccount Domain:\t\t-\n\tLogon ID:\t\t0x0\nLogon Type:\t\t\t3\nAccount For Which Logon Failed:\n\tSecurity ID:\t\tNULL SID\n\tAccount Name:\t\t\n\tAccount Domain:\t\tCSE\nFailure Information:\n\tFailure Reason:\t\tUnknown user name or bad password.\n\tStatus:\t\t\t0xc000006d\n\tSub Status:\t\t0xc0000064\nProcess Information:\n\tCaller Process ID:\t0x0\n\tCaller Process Name:\t-\nNetwork Information:\n\tWorkstation Name:\tENGCSEAPEX01\n\tSource Network Address:\t168.136.54.26\n\tSource Port:\t\t63388\nDetailed Authentication Information:\n\tLogon Process:\t\tNtLmSsp\n\tAuthentication Package:\tNTLM\n\tTransited Services:\t-\n\tPackage Name (NTLM only):\t-\n\tKey Length:\t\t0","severity":"Informational","severity_id":1,"src_endpoint":{"ip":"168.136.54.26","name":"ENGCSEAPEX01","port":63388},"status":"Failure","status_code":"0xc000006d","status_detail":"Unknown user name or bad password.","status_id":2,"time":1547053272000,"type_name":"Authentication: Logon","type_uid":300201,"unmapped":{"Detailed Authentication Information":{"Key Length":"0","Package Name (NTLM only)":"-","Transited Services":"-"},"EventType":"0","Failure Information":{"Sub Status":"0xc0000064"},"OpCode":"Info","TaskCategory":"Logon"},"user":{"account":{"name":"","type":"Windows Account","type_id":2,"uid":"NULL SID"},"domain":"CSE","name":"","uid":"NULL SID"}}
{"activity_id":1,"activity_name":"Logon","actor":{"process":{"file":{"name":"-","path":"-","type":"Regular File","type_id":1},"pid":0},"session":{"uid":"0x0"},"user":{"account":{"name":"-","type":"Windows Account","type_id":2,"uid":"NULL SID"},"domain":"-","name":"-","uid":"NULL SID"}},"auth_protocol":"NTLM","auth_protocol_id":1,"category_name":"Identity & Access Management","category_uid":3,"class_name":"Authentication","class_uid":3002,"device":{"hostname":"WSDCKAS1.emn.com","os":{"name":"Windows","type":"Windows","type_id":100},"type":"Unknown","type_id":0},"dst_endpoint":{"hostname":"WSDCKAS1.emn.com"},"logon_process":{"name":"NtLmSsp","pid":-1},"logon_type":"Network","logon_type_id":3,"message":"An account failed to log on.","metadata":{"event_code":"4625","log_name":"Security","log_provider":"Microsoft Windows security auditing.","original_time":"01/09/2019 05:01:12 PM","product":{"name":"Microsoft Windows","vendor_name":"Microsoft"},"profiles":["host"],"sequence":565192348,"uid":"7315cd0b82f0036b8c6dd5e05d17c691","version":"1.4.0"},"observables":[{"name":"device","type":"Endpoint","type_id":20},{"name":"device.hostname","type":"Hostname","type_id":1,"value":"WSDCKAS1.emn.com"},{"name":"logon_process","type":"Process","type_id":25},{"name":"logon_process.name","type":"Process Name","type_id":9,"value":"NtLmSsp"},{"name":"logon_process.pid","type":"Process ID","type_id":15,"value":"-1"},{"name":"src_endpoint","type":"Endpoint","type_id":20},{"name":"src_endpoint.ip","type":"IP Address","type_id":2,"value":"168.136.54.26"},{"name":"src_endpoint.port","type":"Port","type_id":11,"value":"63388"},{"name":"dst_endpoint","type":"Endpoint","type_id":20},{"name":"dst_endpoint.hostname","type":"Hostname","type_id":1,"value":"WSDCKAS1.emn.com"},{"name":"user","type":"User","type_id":21},{"name":"user.account.uid","type":"Account Object: uid","type_id":35,"value":"NULL SID"},{"name":"user.account.name","type":"Account Object: name","type_id":34,"value":"./FolderPath/FolderName"},{"name":"user.name","type":"User Name","type_id":4,"value":"./FolderPath/FolderName"},{"name":"user.uid","type":"User Object: uid","type_id":31,"value":"NULL SID"},{"name":"actor.user","type":"User","type_id":21},{"name":"actor.user.name","type":"User Name","type_id":4,"value":"-"},{"name":"actor.user.uid","type":"User Object: uid","type_id":31,"value":"NULL SID"},{"name":"actor.user.account.uid","type":"Account Object: uid","type_id":35,"value":"NULL SID"},{"name":"actor.user.account.name","type":"Account Object: name","type_id":34,"value":"-"},{"name":"actor.process","type":"Process","type_id":25},{"name":"actor.process.pid","type":"Process ID","type_id":15,"value":"0"},{"name":"actor.process.file","type":"File","type_id":24},{"name":"actor.process.file.name","type":"File Name","type_id":7,"value":"-"}],"raw_data":"01/09/2019 05:01:12 PM\nLogName=Security\nSourceName=Microsoft Windows security auditing.\nEventCode=4625\nEventType=0\nType=Information\nComputerName=WSDCKAS1.emn.com\nTaskCategory=Logon\nOpCode=Info\nRecordNumber=565192348\nKeywords=Audit Failure\nMessage=An account failed to log on.\nSubject:\n\tSecurity ID:\t\tNULL SID\n\tAccount Name:\t\t-\n\tAccount Domain:\t\t-\n\tLogon ID:\t\t0x0\nLogon Type:\t\t\t3\nAccount For Which Logon Failed:\n\tSecurity ID:\t\tNULL SID\n\tAccount Name:\t\t./FolderPath/FolderName\n\tAccount Domain:\t\tCSE\nFailure Information:\n\tFailure Reason:\t\tUnknown user name or bad password.\n\tStatus:\t\t\t0xc000006d\n\tSub Status:\t\t0xc0000064\nProcess Information:\n\tCaller Process ID:\t0x0\n\tCaller Process Name:\t-\nNetwork Information:\n\tWorkstation Name:\tENGCSEAPEX01\n\tSource Network Address:\t168.136.54.26\n\tSource Port:\t\t63388\nDetailed Authentication Information:\n\tLogon Process:\t\tNtLmSsp\n\tAuthentication Package:\tNTLM\n\tTransited Services:\t-\n\tPackage Name (NTLM only):\t-\n\tKey Length:\t\t0","severity":"Informational","severity_id":1,"src_endpoint":{"ip":"168.136.54.26","name":"ENGCSEAPEX01","port":63388},"status":"Failure","status_code":"0xc000006d","status_detail":"Unknown user name or bad password.","status_id":2,"time":1547053272000,"type_name":"Authentication: Logon","type_uid":300201,"unmapped":{"Detailed Authentication Information":{"Key Length":"0","Package Name (NTLM only)":"-","Transited Services":"-"},"EventType":"0","Failure Information":{"Sub Status":"0xc0000064"},"OpCode":"Info","TaskCategory":"Logon"},"user":{"account":{"name":"./FolderPath/FolderName","type":"Windows Account","type_id":2,"uid":"NULL SID"},"domain":"CSE","name":"./FolderPath/FolderName","uid":"NULL SID"}}
