{"activity_id":3,"activity_name":"Authentication Ticket","auth_protocol":"Kerberos","auth_protocol_id":2,"category_name":"Identity & Access Management","category_uid":3,"class_name":"Authentication","class_uid":3002,"device":{"hostname":"win-dc-697.attackrange.local","os":{"name":"Windows","type":"Windows","type_id":100},"type":"Unknown","type_id":0},"dst_endpoint":{"hostname":"win-dc-697.attackrange.local"},"message":"Kerberos pre-authentication failed.","metadata":{"event_code":"4771","log_name":"Security","log_provider":"Microsoft Windows security auditing.","original_time":"04/20/2021 04:51:52 PM","product":{"name":"Microsoft Windows","vendor_name":"Microsoft"},"profiles":["host"],"sequence":3578072,"uid":"cab180b3dc5823f80791364fcf3ca9b2","version":"1.4.0"},"observables":[{"name":"device","type":"Endpoint","type_id":20},{"name":"device.hostname","type":"Hostname","type_id":1,"value":"win-dc-697.attackrange.local"},{"name":"dst_endpoint","type":"Endpoint","type_id":20},{"name":"dst_endpoint.hostname","type":"Hostname","type_id":1,"value":"win-dc-697.attackrange.local"},{"name":"src_endpoint","type":"Endpoint","type_id":20},{"name":"src_endpoint.ip","type":"IP Address","type_id":2,"value":"::ffff:10.0.1.15"},{"name":"src_endpoint.port","type":"Port","type_id":11,"value":"53444"},{"name":"user","type":"User","type_id":21},{"name":"user.account.uid","type":"Account Object: uid","type_id":35,"value":"ATTACKRANGE\\DOLLY_GREER"},{"name":"user.account.name","type":"Account Object: name","type_id":34,"value":"DOLLY_GREER"},{"name":"user.name","type":"User Name","type_id":4,"value":"DOLLY_GREER"},{"name":"user.uid","type":"User Object: uid","type_id":31,"value":"ATTACKRANGE\\DOLLY_GREER"}],"raw_data":"04/20/2021 04:51:52 PM\nLogName=Security\nSourceName=Microsoft Windows security auditing.\nEventCode=4771\nEventType=0\nType=Information\nComputerName=win-dc-697.attackrange.local\nTaskCategory=Kerberos Authentication Service\nOpCode=Info\nRecordNumber=3578072\nKeywords=Audit Failure\nMessage=Kerberos pre-authentication failed.\nAccount Information:\n\tSecurity ID:\t\tATTACKRANGE\\DOLLY_GREER\n\tAccount Name:\t\tDOLLY_GREER\nService Information:\n\tService Name:\t\tkrbtgt/attackrange.local\nNetwork Information:\n\tClient Address:\t\t::ffff:10.0.1.15\n\tClient Port:\t\t53444\nAdditional Information:\n\tTicket Options:\t\t0x40810010\n\tFailure Code:\t\t0x18\n\tPre-Authentication Type:\t2\nCertificate Information:\n\tCertificate Issuer Name:\t\t\n\tCertificate Serial Number: \t\n\tCertificate Thumbprint:\t\t\nCertificate information is only provided if a certificate was used for pre-authentication.\nPre-authentication types, ticket options and failure codes are defined in RFC 4120.\nIf the ticket was malformed or damaged during transit and could not be decrypted, then many fields in this event might not be present.","severity":"Informational","severity_id":1,"src_endpoint":{"ip":"::ffff:10.0.1.15","port":53444},"status":"Failure","status_code":"0x18","status_id":2,"time":1618937512000,"type_name":"Authentication: Authentication Ticket","type_uid":300203,"unmapped":{"Additional Information":{"Pre-Authentication Type":"2","Ticket Options":"0x40810010"},"Certificate Information":{"Certificate Issuer Name":"","Certificate Serial Number":"","Certificate Thumbprint":""},"EventType":"0","OpCode":"Info","Service Information":{"Service Name":"krbtgt/attackrange.local"},"TaskCategory":"Kerberos Authentication Service"},"user":{"account":{"name":"DOLLY_GREER","type":"Windows Account","type_id":2,"uid":"ATTACKRANGE\\DOLLY_GREER"},"name":"DOLLY_GREER","uid":"ATTACKRANGE\\DOLLY_GREER"}}
{"activity_id":3,"activity_name":"Authentication Ticket","auth_protocol":"Kerberos","auth_protocol_id":2,"category_name":"Identity & Access Management","category_uid":3,"class_name":"Authentication","class_uid":3002,"device":{"hostname":"win-dc-697.attackrange.local","os":{"name":"Windows","type":"Windows","type_id":100},"type":"Unknown","type_id":0},"dst_endpoint":{"hostname":"win-dc-697.attackrange.local"},"message":"Kerberos pre-authentication failed.","metadata":{"event_code":"4771","log_name":"Security","log_provider":"Microsoft Windows security auditing.","original_time":"04/20/2021 04:51:52 PM","product":{"name":"Microsoft Windows","vendor_name":"Microsoft"},"profiles":["host"],"sequence":3578051,"uid":"af4e430474540f8a6466e5809567f3da","version":"1.4.0"},"observables":[{"name":"dst_endpoint","type":"Endpoint","type_id":20},{"name":"dst_endpoint.hostname","type":"Hostname","type_id":1,"value":"win-dc-697.attackrange.local"},{"name":"src_endpoint","type":"Endpoint","type_id":20},{"name":"src_endpoint.ip","type":"IP Address","type_id":2,"value":"::ffff:10.0.1.15"},{"name":"src_endpoint.port","type":"Port","type_id":11,"value":"53430"},{"name":"device","type":"Endpoint","type_id":20},{"name":"device.hostname","type":"Hostname","type_id":1,"value":"win-dc-697.attackrange.local"},{"name":"user","type":"User","type_id":21},{"name":"user.account.uid","type":"Account Object: uid","type_id":35,"value":"ATTACKRANGE\\2036485924SA"},{"name":"user.account.name","type":"Account Object: name","type_id":34,"value":"2036485924SA"},{"name":"user.name","type":"User Name","type_id":4,"value":"2036485924SA"},{"name":"user.uid","type":"User Object: uid","type_id":31,"value":"ATTACKRANGE\\2036485924SA"}],"raw_data":"04/20/2021 04:51:52 PM\nLogName=Security\nSourceName=Microsoft Windows security auditing.\nEventCode=4771\nEventType=0\nType=Information\nComputerName=win-dc-697.attackrange.local\nTaskCategory=Kerberos Authentication Service\nOpCode=Info\nRecordNumber=3578051\nKeywords=Audit Failure\nMessage=Kerberos pre-authentication failed.\nAccount Information:\n\tSecurity ID:\t\tATTACKRANGE\\2036485924SA\n\tAccount Name:\t\t2036485924SA\nService Information:\n\tService Name:\t\tkrbtgt/attackrange.local\nNetwork Information:\n\tClient Address:\t\t::ffff:10.0.1.15\n\tClient Port:\t\t53430\nAdditional Information:\n\tTicket Options:\t\t0x40810010\n\tFailure Code:\t\t0x18\n\tPre-Authentication Type:\t2\nCertificate Information:\n\tCertificate Issuer Name:\t\t\n\tCertificate Serial Number: \t\n\tCertificate Thumbprint:\t\t\nCertificate information is only provided if a certificate was used for pre-authentication.\nPre-authentication types, ticket options and failure codes are defined in RFC 4120.\nIf the ticket was malformed or damaged during transit and could not be decrypted, then many fields in this event might not be present.","severity":"Informational","severity_id":1,"src_endpoint":{"ip":"::ffff:10.0.1.15","port":53430},"status":"Failure","status_code":"0x18","status_id":2,"time":1618937512000,"type_name":"Authentication: Authentication Ticket","type_uid":300203,"unmapped":{"Additional Information":{"Pre-Authentication Type":"2","Ticket Options":"0x40810010"},"Certificate Information":{"Certificate Issuer Name":"","Certificate Serial Number":"","Certificate Thumbprint":""},"EventType":"0","OpCode":"Info","Service Information":{"Service Name":"krbtgt/attackrange.local"},"TaskCategory":"Kerberos Authentication Service"},"user":{"account":{"name":"2036485924SA","type":"Windows Account","type_id":2,"uid":"ATTACKRANGE\\2036485924SA"},"name":"2036485924SA","uid":"ATTACKRANGE\\2036485924SA"}}
{"activity_id":3,"activity_name":"Authentication Ticket","auth_protocol":"Kerberos","auth_protocol_id":2,"category_name":"Identity & Access Management","category_uid":3,"class_name":"Authentication","class_uid":3002,"device":{"hostname":"win-dc-697.attackrange.local","os":{"name":"Windows","type":"Windows","type_id":100},"type":"Unknown","type_id":0},"dst_endpoint":{"hostname":"win-dc-697.attackrange.local"},"message":"Kerberos pre-authentication failed.","metadata":{"event_code":"4771","log_name":"Security","log_provider":"Microsoft Windows security auditing.","original_time":"04/20/2021 04:51:52 PM","product":{"name":"Microsoft Windows","vendor_name":"Microsoft"},"profiles":["host"],"sequence":3578054,"uid":"a995a046c31926d38a6755c2b7c252f5","version":"1.4.0"},"observables":[{"name":"src_endpoint","type":"Endpoint","type_id":20},{"name":"src_endpoint.ip","type":"IP Address","type_id":2,"value":"::ffff:10.0.1.15"},{"name":"src_endpoint.port","type":"Port","type_id":11,"value":"53432"},{"name":"device","type":"Endpoint","type_id":20},{"name":"device.hostname","type":"Hostname","type_id":1,"value":"win-dc-697.attackrange.local"},{"name":"user","type":"User","type_id":21},{"name":"user.account.uid","type":"Account Object: uid","type_id":35,"value":"ATTACKRANGE\\ESTELLA_MANNING"},{"name":"user.account.name","type":"Account Object: name","type_id":34,"value":"ESTELLA_MANNING"},{"name":"user.name","type":"User Name","type_id":4,"value":"ESTELLA_MANNING"},{"name":"user.uid","type":"User Object: uid","type_id":31,"value":"ATTACKRANGE\\ESTELLA_MANNING"},{"name":"dst_endpoint","type":"Endpoint","type_id":20},{"name":"dst_endpoint.hostname","type":"Hostname","type_id":1,"value":"win-dc-697.attackrange.local"}],"raw_data":"04/20/2021 04:51:52 PM\nLogName=Security\nSourceName=Microsoft Windows security auditing.\nEventCode=4771\nEventType=0\nType=Information\nComputerName=win-dc-697.attackrange.local\nTaskCategory=Kerberos Authentication Service\nOpCode=Info\nRecordNumber=3578054\nKeywords=Audit Failure\nMessage=Kerberos pre-authentication failed.\nAccount Information:\n\tSecurity ID:\t\tATTACKRANGE\\ESTELLA_MANNING\n\tAccount Name:\t\tESTELLA_MANNING\nService Information:\n\tService Name:\t\tkrbtgt/attackrange.local\nNetwork Information:\n\tClient Address:\t\t::ffff:10.0.1.15\n\tClient Port:\t\t53432\nAdditional Information:\n\tTicket Options:\t\t0x40810010\n\tFailure Code:\t\t0x18\n\tPre-Authentication Type:\t2\nCertificate Information:\n\tCertificate Issuer Name:\t\t\n\tCertificate Serial Number: \t\n\tCertificate Thumbprint:\t\t\nCertificate information is only provided if a certificate was used for pre-authentication.\nPre-authentication types, ticket options and failure codes are defined in RFC 4120.\nIf the ticket was malformed or damaged during transit and could not be decrypted, then many fields in this event might not be present.","severity":"Informational","severity_id":1,"src_endpoint":{"ip":"::ffff:10.0.1.15","port":53432},"status":"Failure","status_code":"0x18","status_id":2,"time":1618937512000,"type_name":"Authentication: Authentication Ticket","type_uid":300203,"unmapped":{"Additional Information":{"Pre-Authentication Type":"2","Ticket Options":"0x40810010"},"Certificate Information":{"Certificate Issuer Name":"","Certificate Serial Number":"","Certificate Thumbprint":""},"EventType":"0","OpCode":"Info","Service Information":{"Service Name":"krbtgt/attackrange.local"},"TaskCategory":"Kerberos Authentication Service"},"user":{"account":{"name":"ESTELLA_MANNING","type":"Windows Account","type_id":2,"uid":"ATTACKRANGE\\ESTELLA_MANNING"},"name":"ESTELLA_MANNING","uid":"ATTACKRANGE\\ESTELLA_MANNING"}}
{"activity_id":3,"activity_name":"Authentication Ticket","auth_protocol":"Kerberos","auth_protocol_id":2,"category_name":"Identity & Access Management","category_uid":3,"class_name":"Authentication","class_uid":3002,"device":{"hostname":"win-dc-697.attackrange.local","os":{"name":"Windows","type":"Windows","type_id":100},"type":"Unknown","type_id":0},"dst_endpoint":{"hostname":"win-dc-697.attackrange.local"},"message":"Kerberos pre-authentication failed.","metadata":{"event_code":"4771","log_name":"Security","log_provider":"Microsoft Windows security auditing.","original_time":"04/20/2021 04:51:52 PM","product":{"name":"Microsoft Windows","vendor_name":"Microsoft"},"profiles":["host"],"sequence":3578057,"uid":"62b845e6fdb992797d82019f6a4d0b71","version":"1.4.0"},"observables":[{"name":"dst_endpoint","type":"Endpoint","type_id":20},{"name":"dst_endpoint.hostname","type":"Hostname","type_id":1,"value":"win-dc-697.attackrange.local"},{"name":"user","type":"User","type_id":21},{"name":"user.account.uid","type":"Account Object: uid","type_id":35,"value":"ATTACKRANGE\\RENE_REYNOLDS"},{"name":"user.account.name","type":"Account Object: name","type_id":34,"value":"RENE_REYNOLDS"},{"name":"user.name","type":"User Name","type_id":4,"value":"RENE_REYNOLDS"},{"name":"user.uid","type":"User Object: uid","type_id":31,"value":"ATTACKRANGE\\RENE_REYNOLDS"},{"name":"device","type":"Endpoint","type_id":20},{"name":"device.hostname","type":"Hostname","type_id":1,"value":"win-dc-697.attackrange.local"},{"name":"src_endpoint","type":"Endpoint","type_id":20},{"name":"src_endpoint.ip","type":"IP Address","type_id":2,"value":"::ffff:10.0.1.15"},{"name":"src_endpoint.port","type":"Port","type_id":11,"value":"53434"}],"raw_data":"04/20/2021 04:51:52 PM\nLogName=Security\nSourceName=Microsoft Windows security auditing.\nEventCode=4771\nEventType=0\nType=Information\nComputerName=win-dc-697.attackrange.local\nTaskCategory=Kerberos Authentication Service\nOpCode=Info\nRecordNumber=3578057\nKeywords=Audit Failure\nMessage=Kerberos pre-authentication failed.\nAccount Information:\n\tSecurity ID:\t\tATTACKRANGE\\RENE_REYNOLDS\n\tAccount Name:\t\tRENE_REYNOLDS\nService Information:\n\tService Name:\t\tkrbtgt/attackrange.local\nNetwork Information:\n\tClient Address:\t\t::ffff:10.0.1.15\n\tClient Port:\t\t53434\nAdditional Information:\n\tTicket Options:\t\t0x40810010\n\tFailure Code:\t\t0x18\n\tPre-Authentication Type:\t2\nCertificate Information:\n\tCertificate Issuer Name:\t\t\n\tCertificate Serial Number: \t\n\tCertificate Thumbprint:\t\t\nCertificate information is only provided if a certificate was used for pre-authentication.\nPre-authentication types, ticket options and failure codes are defined in RFC 4120.\nIf the ticket was malformed or damaged during transit and could not be decrypted, then many fields in this event might not be present.","severity":"Informational","severity_id":1,"src_endpoint":{"ip":"::ffff:10.0.1.15","port":53434},"status":"Failure","status_code":"0x18","status_id":2,"time":1618937512000,"type_name":"Authentication: Authentication Ticket","type_uid":300203,"unmapped":{"Additional Information":{"Pre-Authentication Type":"2","Ticket Options":"0x40810010"},"Certificate Information":{"Certificate Issuer Name":"","Certificate Serial Number":"","Certificate Thumbprint":""},"EventType":"0","OpCode":"Info","Service Information":{"Service Name":"krbtgt/attackrange.local"},"TaskCategory":"Kerberos Authentication Service"},"user":{"account":{"name":"RENE_REYNOLDS","type":"Windows Account","type_id":2,"uid":"ATTACKRANGE\\RENE_REYNOLDS"},"name":"RENE_REYNOLDS","uid":"ATTACKRANGE\\RENE_REYNOLDS"}}
{"activity_id":3,"activity_name":"Authentication Ticket","auth_protocol":"Kerberos","auth_protocol_id":2,"category_name":"Identity & Access Management","category_uid":3,"class_name":"Authentication","class_uid":3002,"device":{"hostname":"win-dc-697.attackrange.local","os":{"name":"Windows","type":"Windows","type_id":100},"type":"Unknown","type_id":0},"dst_endpoint":{"hostname":"win-dc-697.attackrange.local"},"message":"Kerberos pre-authentication failed.","metadata":{"event_code":"4771","log_name":"Security","log_provider":"Microsoft Windows security auditing.","original_time":"04/20/2021 04:51:52 PM","product":{"name":"Microsoft Windows","vendor_name":"Microsoft"},"profiles":["host"],"sequence":3578060,"uid":"2c851bd6522525a419333befabaee7e0","version":"1.4.0"},"observables":[{"name":"dst_endpoint","type":"Endpoint","type_id":20},{"name":"dst_endpoint.hostname","type":"Hostname","type_id":1,"value":"win-dc-697.attackrange.local"},{"name":"src_endpoint","type":"Endpoint","type_id":20},{"name":"src_endpoint.ip","type":"IP Address","type_id":2,"value":"::ffff:10.0.1.15"},{"name":"src_endpoint.port","type":"Port","type_id":11,"value":"53436"},{"name":"user","type":"User","type_id":21},{"name":"user.name","type":"User Name","type_id":4,"value":"MEL_MUELLER"},{"name":"user.uid","type":"User Object: uid","type_id":31,"value":"ATTACKRANGE\\MEL_MUELLER"},{"name":"user.account.uid","type":"Account Object: uid","type_id":35,"value":"ATTACKRANGE\\MEL_MUELLER"},{"name":"user.account.name","type":"Account Object: name","type_id":34,"value":"MEL_MUELLER"},{"name":"device","type":"Endpoint","type_id":20},{"name":"device.hostname","type":"Hostname","type_id":1,"value":"win-dc-697.attackrange.local"}],"raw_data":"04/20/2021 04:51:52 PM\nLogName=Security\nSourceName=Microsoft Windows security auditing.\nEventCode=4771\nEventType=0\nType=Information\nComputerName=win-dc-697.attackrange.local\nTaskCategory=Kerberos Authentication Service\nOpCode=Info\nRecordNumber=3578060\nKeywords=Audit Failure\nMessage=Kerberos pre-authentication failed.\nAccount Information:\n\tSecurity ID:\t\tATTACKRANGE\\MEL_MUELLER\n\tAccount Name:\t\tMEL_MUELLER\nService Information:\n\tService Name:\t\tkrbtgt/attackrange.local\nNetwork Information:\n\tClient Address:\t\t::ffff:10.0.1.15\n\tClient Port:\t\t53436\nAdditional Information:\n\tTicket Options:\t\t0x40810010\n\tFailure Code:\t\t0x18\n\tPre-Authentication Type:\t2\nCertificate Information:\n\tCertificate Issuer Name:\t\t\n\tCertificate Serial Number: \t\n\tCertificate Thumbprint:\t\t\nCertificate information is only provided if a certificate was used for pre-authentication.\nPre-authentication types, ticket options and failure codes are defined in RFC 4120.\nIf the ticket was malformed or damaged during transit and could not be decrypted, then many fields in this event might not be present.","severity":"Informational","severity_id":1,"src_endpoint":{"ip":"::ffff:10.0.1.15","port":53436},"status":"Failure","status_code":"0x18","status_id":2,"time":1618937512000,"type_name":"Authentication: Authentication Ticket","type_uid":300203,"unmapped":{"Additional Information":{"Pre-Authentication Type":"2","Ticket Options":"0x40810010"},"Certificate Information":{"Certificate Issuer Name":"","Certificate Serial Number":"","Certificate Thumbprint":""},"EventType":"0","OpCode":"Info","Service Information":{"Service Name":"krbtgt/attackrange.local"},"TaskCategory":"Kerberos Authentication Service"},"user":{"account":{"name":"MEL_MUELLER","type":"Windows Account","type_id":2,"uid":"ATTACKRANGE\\MEL_MUELLER"},"name":"MEL_MUELLER","uid":"ATTACKRANGE\\MEL_MUELLER"}}
{"activity_id":3,"activity_name":"Authentication Ticket","auth_protocol":"Kerberos","auth_protocol_id":2,"category_name":"Identity & Access Management","category_uid":3,"class_name":"Authentication","class_uid":3002,"device":{"hostname":"win-dc-697.attackrange.local","os":{"name":"Windows","type":"Windows","type_id":100},"type":"Unknown","type_id":0},"dst_endpoint":{"hostname":"win-dc-697.attackrange.local"},"message":"Kerberos pre-authentication failed.","metadata":{"event_code":"4771","log_name":"Security","log_provider":"Microsoft Windows security auditing.","original_time":"04/20/2021 04:51:52 PM","product":{"name":"Microsoft Windows","vendor_name":"Microsoft"},"profiles":["host"],"sequence":3578039,"uid":"ffc08b1c0d9e81052fe0b928579a83a1","version":"1.4.0"},"observables":[{"name":"user","type":"User","type_id":21},{"name":"user.account.uid","type":"Account Object: uid","type_id":35,"value":"ATTACKRANGE\\4613706650SA"},{"name":"user.account.name","type":"Account Object: name","type_id":34,"value":"4613706650SA"},{"name":"user.name","type":"User Name","type_id":4,"value":"4613706650SA"},{"name":"user.uid","type":"User Object: uid","type_id":31,"value":"ATTACKRANGE\\4613706650SA"},{"name":"device","type":"Endpoint","type_id":20},{"name":"device.hostname","type":"Hostname","type_id":1,"value":"win-dc-697.attackrange.local"},{"name":"src_endpoint","type":"Endpoint","type_id":20},{"name":"src_endpoint.ip","type":"IP Address","type_id":2,"value":"::ffff:10.0.1.15"},{"name":"src_endpoint.port","type":"Port","type_id":11,"value":"53424"},{"name":"dst_endpoint","type":"Endpoint","type_id":20},{"name":"dst_endpoint.hostname","type":"Hostname","type_id":1,"value":"win-dc-697.attackrange.local"}],"raw_data":"04/20/2021 04:51:52 PM\nLogName=Security\nSourceName=Microsoft Windows security auditing.\nEventCode=4771\nEventType=0\nType=Information\nComputerName=win-dc-697.attackrange.local\nTaskCategory=Kerberos Authentication Service\nOpCode=Info\nRecordNumber=3578039\nKeywords=Audit Failure\nMessage=Kerberos pre-authentication failed.\nAccount Information:\n\tSecurity ID:\t\tATTACKRANGE\\4613706650SA\n\tAccount Name:\t\t4613706650SA\nService Information:\n\tService Name:\t\tkrbtgt/attackrange.local\nNetwork Information:\n\tClient Address:\t\t::ffff:10.0.1.15\n\tClient Port:\t\t53424\nAdditional Information:\n\tTicket Options:\t\t0x40810010\n\tFailure Code:\t\t0x18\n\tPre-Authentication Type:\t2\nCertificate Information:\n\tCertificate Issuer Name:\t\t\n\tCertificate Serial Number: \t\n\tCertificate Thumbprint:\t\t\nCertificate information is only provided if a certificate was used for pre-authentication.\nPre-authentication types, ticket options and failure codes are defined in RFC 4120.\nIf the ticket was malformed or damaged during transit and could not be decrypted, then many fields in this event might not be present.","severity":"Informational","severity_id":1,"src_endpoint":{"ip":"::ffff:10.0.1.15","port":53424},"status":"Failure","status_code":"0x18","status_id":2,"time":1618937512000,"type_name":"Authentication: Authentication Ticket","type_uid":300203,"unmapped":{"Additional Information":{"Pre-Authentication Type":"2","Ticket Options":"0x40810010"},"Certificate Information":{"Certificate Issuer Name":"","Certificate Serial Number":"","Certificate Thumbprint":""},"EventType":"0","OpCode":"Info","Service Information":{"Service Name":"krbtgt/attackrange.local"},"TaskCategory":"Kerberos Authentication Service"},"user":{"account":{"name":"4613706650SA","type":"Windows Account","type_id":2,"uid":"ATTACKRANGE\\4613706650SA"},"name":"4613706650SA","uid":"ATTACKRANGE\\4613706650SA"}}
{"activity_id":3,"activity_name":"Authentication Ticket","auth_protocol":"Kerberos","auth_protocol_id":2,"category_name":"Identity & Access Management","category_uid":3,"class_name":"Authentication","class_uid":3002,"device":{"hostname":"win-dc-697.attackrange.local","os":{"name":"Windows","type":"Windows","type_id":100},"type":"Unknown","type_id":0},"dst_endpoint":{"hostname":"win-dc-697.attackrange.local"},"message":"Kerberos pre-authentication failed.","metadata":{"event_code":"4771","log_name":"Security","log_provider":"Microsoft Windows security auditing.","original_time":"04/20/2021 04:51:52 PM","product":{"name":"Microsoft Windows","vendor_name":"Microsoft"},"profiles":["host"],"sequence":3578042,"uid":"4ae73439381dec26fac895146619a758","version":"1.4.0"},"observables":[{"name":"dst_endpoint","type":"Endpoint","type_id":20},{"name":"dst_endpoint.hostname","type":"Hostname","type_id":1,"value":"win-dc-697.attackrange.local"},{"name":"src_endpoint","type":"Endpoint","type_id":20},{"name":"src_endpoint.ip","type":"IP Address","type_id":2,"value":"::ffff:10.0.1.15"},{"name":"src_endpoint.port","type":"Port","type_id":11,"value":"53426"},{"name":"user","type":"User","type_id":21},{"name":"user.account.uid","type":"Account Object: uid","type_id":35,"value":"ATTACKRANGE\\EFRAIN_DURAN"},{"name":"user.account.name","type":"Account Object: name","type_id":34,"value":"EFRAIN_DURAN"},{"name":"user.name","type":"User Name","type_id":4,"value":"EFRAIN_DURAN"},{"name":"user.uid","type":"User Object: uid","type_id":31,"value":"ATTACKRANGE\\EFRAIN_DURAN"},{"name":"device","type":"Endpoint","type_id":20},{"name":"device.hostname","type":"Hostname","type_id":1,"value":"win-dc-697.attackrange.local"}],"raw_data":"04/20/2021 04:51:52 PM\nLogName=Security\nSourceName=Microsoft Windows security auditing.\nEventCode=4771\nEventType=0\nType=Information\nComputerName=win-dc-697.attackrange.local\nTaskCategory=Kerberos Authentication Service\nOpCode=Info\nRecordNumber=3578042\nKeywords=Audit Failure\nMessage=Kerberos pre-authentication failed.\nAccount Information:\n\tSecurity ID:\t\tATTACKRANGE\\EFRAIN_DURAN\n\tAccount Name:\t\tEFRAIN_DURAN\nService Information:\n\tService Name:\t\tkrbtgt/attackrange.local\nNetwork Information:\n\tClient Address:\t\t::ffff:10.0.1.15\n\tClient Port:\t\t53426\nAdditional Information:\n\tTicket Options:\t\t0x40810010\n\tFailure Code:\t\t0x18\n\tPre-Authentication Type:\t2\nCertificate Information:\n\tCertificate Issuer Name:\t\t\n\tCertificate Serial Number: \t\n\tCertificate Thumbprint:\t\t\nCertificate information is only provided if a certificate was used for pre-authentication.\nPre-authentication types, ticket options and failure codes are defined in RFC 4120.\nIf the ticket was malformed or damaged during transit and could not be decrypted, then many fields in this event might not be present.","severity":"Informational","severity_id":1,"src_endpoint":{"ip":"::ffff:10.0.1.15","port":53426},"status":"Failure","status_code":"0x18","status_id":2,"time":1618937512000,"type_name":"Authentication: Authentication Ticket","type_uid":300203,"unmapped":{"Additional Information":{"Pre-Authentication Type":"2","Ticket Options":"0x40810010"},"Certificate Information":{"Certificate Issuer Name":"","Certificate Serial Number":"","Certificate Thumbprint":""},"EventType":"0","OpCode":"Info","Service Information":{"Service Name":"krbtgt/attackrange.local"},"TaskCategory":"Kerberos Authentication Service"},"user":{"account":{"name":"EFRAIN_DURAN","type":"Windows Account","type_id":2,"uid":"ATTACKRANGE\\EFRAIN_DURAN"},"name":"EFRAIN_DURAN","uid":"ATTACKRANGE\\EFRAIN_DURAN"}}
{"activity_id":3,"activity_name":"Authentication Ticket","auth_protocol":"Kerberos","auth_protocol_id":2,"category_name":"Identity & Access Management","category_uid":3,"class_name":"Authentication","class_uid":3002,"device":{"hostname":"win-dc-697.attackrange.local","os":{"name":"Windows","type":"Windows","type_id":100},"type":"Unknown","type_id":0},"dst_endpoint":{"hostname":"win-dc-697.attackrange.local"},"message":"Kerberos pre-authentication failed.","metadata":{"event_code":"4771","log_name":"Security","log_provider":"Microsoft Windows security auditing.","original_time":"04/20/2021 04:51:52 PM","product":{"name":"Microsoft Windows","vendor_name":"Microsoft"},"profiles":["host"],"sequence":3578047,"uid":"a0210417efa9ba17b3ac85b826df4618","version":"1.4.0"},"observables":[{"name":"user","type":"User","type_id":21},{"name":"user.uid","type":"User Object: uid","type_id":31,"value":"ATTACKRANGE\\EDWARD_BOWMAN"},{"name":"user.account.uid","type":"Account Object: uid","type_id":35,"value":"ATTACKRANGE\\EDWARD_BOWMAN"},{"name":"user.account.name","type":"Account Object: name","type_id":34,"value":"EDWARD_BOWMAN"},{"name":"user.name","type":"User Name","type_id":4,"value":"EDWARD_BOWMAN"},{"name":"src_endpoint","type":"Endpoint","type_id":20},{"name":"src_endpoint.ip","type":"IP Address","type_id":2,"value":"::ffff:10.0.1.15"},{"name":"src_endpoint.port","type":"Port","type_id":11,"value":"53428"},{"name":"device","type":"Endpoint","type_id":20},{"name":"device.hostname","type":"Hostname","type_id":1,"value":"win-dc-697.attackrange.local"},{"name":"dst_endpoint","type":"Endpoint","type_id":20},{"name":"dst_endpoint.hostname","type":"Hostname","type_id":1,"value":"win-dc-697.attackrange.local"}],"raw_data":"04/20/2021 04:51:52 PM\nLogName=Security\nSourceName=Microsoft Windows security auditing.\nEventCode=4771\nEventType=0\nType=Information\nComputerName=win-dc-697.attackrange.local\nTaskCategory=Kerberos Authentication Service\nOpCode=Info\nRecordNumber=3578047\nKeywords=Audit Failure\nMessage=Kerberos pre-authentication failed.\nAccount Information:\n\tSecurity ID:\t\tATTACKRANGE\\EDWARD_BOWMAN\n\tAccount Name:\t\tEDWARD_BOWMAN\nService Information:\n\tService Name:\t\tkrbtgt/attackrange.local\nNetwork Information:\n\tClient Address:\t\t::ffff:10.0.1.15\n\tClient Port:\t\t53428\nAdditional Information:\n\tTicket Options:\t\t0x40810010\n\tFailure Code:\t\t0x18\n\tPre-Authentication Type:\t2\nCertificate Information:\n\tCertificate Issuer Name:\t\t\n\tCertificate Serial Number: \t\n\tCertificate Thumbprint:\t\t\nCertificate information is only provided if a certificate was used for pre-authentication.\nPre-authentication types, ticket options and failure codes are defined in RFC 4120.\nIf the ticket was malformed or damaged during transit and could not be decrypted, then many fields in this event might not be present.","severity":"Informational","severity_id":1,"src_endpoint":{"ip":"::ffff:10.0.1.15","port":53428},"status":"Failure","status_code":"0x18","status_id":2,"time":1618937512000,"type_name":"Authentication: Authentication Ticket","type_uid":300203,"unmapped":{"Additional Information":{"Pre-Authentication Type":"2","Ticket Options":"0x40810010"},"Certificate Information":{"Certificate Issuer Name":"","Certificate Serial Number":"","Certificate Thumbprint":""},"EventType":"0","OpCode":"Info","Service Information":{"Service Name":"krbtgt/attackrange.local"},"TaskCategory":"Kerberos Authentication Service"},"user":{"account":{"name":"EDWARD_BOWMAN","type":"Windows Account","type_id":2,"uid":"ATTACKRANGE\\EDWARD_BOWMAN"},"name":"EDWARD_BOWMAN","uid":"ATTACKRANGE\\EDWARD_BOWMAN"}}
{"activity_id":3,"activity_name":"Authentication Ticket","auth_protocol":"Kerberos","auth_protocol_id":2,"category_name":"Identity & Access Management","category_uid":3,"class_name":"Authentication","class_uid":3002,"device":{"hostname":"win-dc-697.attackrange.local","os":{"name":"Windows","type":"Windows","type_id":100},"type":"Unknown","type_id":0},"dst_endpoint":{"hostname":"win-dc-697.attackrange.local"},"message":"Kerberos pre-authentication failed.","metadata":{"event_code":"4771","log_name":"Security","log_provider":"Microsoft Windows security auditing.","original_time":"04/20/2021 04:51:52 PM","product":{"name":"Microsoft Windows","vendor_name":"Microsoft"},"profiles":["host"],"sequence":3578090,"uid":"50212e0ad35bb6ac537ed8e33b6a7734","version":"1.4.0"},"observables":[{"name":"device","type":"Endpoint","type_id":20},{"name":"device.hostname","type":"Hostname","type_id":1,"value":"win-dc-697.attackrange.local"},{"name":"src_endpoint","type":"Endpoint","type_id":20},{"name":"src_endpoint.ip","type":"IP Address","type_id":2,"value":"::ffff:10.0.1.15"},{"name":"src_endpoint.port","type":"Port","type_id":11,"value":"53456"},{"name":"dst_endpoint","type":"Endpoint","type_id":20},{"name":"dst_endpoint.hostname","type":"Hostname","type_id":1,"value":"win-dc-697.attackrange.local"},{"name":"user","type":"User","type_id":21},{"name":"user.account.uid","type":"Account Object: uid","type_id":35,"value":"ATTACKRANGE\\MINERVA_MORENO"},{"name":"user.account.name","type":"Account Object: name","type_id":34,"value":"MINERVA_MORENO"},{"name":"user.name","type":"User Name","type_id":4,"value":"MINERVA_MORENO"},{"name":"user.uid","type":"User Object: uid","type_id":31,"value":"ATTACKRANGE\\MINERVA_MORENO"}],"raw_data":"04/20/2021 04:51:52 PM\nLogName=Security\nSourceName=Microsoft Windows security auditing.\nEventCode=4771\nEventType=0\nType=Information\nComputerName=win-dc-697.attackrange.local\nTaskCategory=Kerberos Authentication Service\nOpCode=Info\nRecordNumber=3578090\nKeywords=Audit Failure\nMessage=Kerberos pre-authentication failed.\nAccount Information:\n\tSecurity ID:\t\tATTACKRANGE\\MINERVA_MORENO\n\tAccount Name:\t\tMINERVA_MORENO\nService Information:\n\tService Name:\t\tkrbtgt/attackrange.local\nNetwork Information:\n\tClient Address:\t\t::ffff:10.0.1.15\n\tClient Port:\t\t53456\nAdditional Information:\n\tTicket Options:\t\t0x40810010\n\tFailure Code:\t\t0x18\n\tPre-Authentication Type:\t2\nCertificate Information:\n\tCertificate Issuer Name:\t\t\n\tCertificate Serial Number: \t\n\tCertificate Thumbprint:\t\t\nCertificate information is only provided if a certificate was used for pre-authentication.\nPre-authentication types, ticket options and failure codes are defined in RFC 4120.\nIf the ticket was malformed or damaged during transit and could not be decrypted, then many fields in this event might not be present.","severity":"Informational","severity_id":1,"src_endpoint":{"ip":"::ffff:10.0.1.15","port":53456},"status":"Failure","status_code":"0x18","status_id":2,"time":1618937512000,"type_name":"Authentication: Authentication Ticket","type_uid":300203,"unmapped":{"Additional Information":{"Pre-Authentication Type":"2","Ticket Options":"0x40810010"},"Certificate Information":{"Certificate Issuer Name":"","Certificate Serial Number":"","Certificate Thumbprint":""},"EventType":"0","OpCode":"Info","Service Information":{"Service Name":"krbtgt/attackrange.local"},"TaskCategory":"Kerberos Authentication Service"},"user":{"account":{"name":"MINERVA_MORENO","type":"Windows Account","type_id":2,"uid":"ATTACKRANGE\\MINERVA_MORENO"},"name":"MINERVA_MORENO","uid":"ATTACKRANGE\\MINERVA_MORENO"}}
{"activity_id":3,"activity_name":"Authentication Ticket","auth_protocol":"Kerberos","auth_protocol_id":2,"category_name":"Identity & Access Management","category_uid":3,"class_name":"Authentication","class_uid":3002,"device":{"hostname":"win-dc-697.attackrange.local","os":{"name":"Windows","type":"Windows","type_id":100},"type":"Unknown","type_id":0},"dst_endpoint":{"hostname":"win-dc-697.attackrange.local"},"message":"Kerberos pre-authentication failed.","metadata":{"event_code":"4771","log_name":"Security","log_provider":"Microsoft Windows security auditing.","original_time":"04/20/2021 04:51:52 PM","product":{"name":"Microsoft Windows","vendor_name":"Microsoft"},"profiles":["host"],"sequence":3578036,"uid":"b47ce3883cdff31c87f568b202272db0","version":"1.4.0"},"observables":[{"name":"user","type":"User","type_id":21},{"name":"user.account.uid","type":"Account Object: uid","type_id":35,"value":"ATTACKRANGE\\HOMER_WILLIAMSON"},{"name":"user.account.name","type":"Account Object: name","type_id":34,"value":"HOMER_WILLIAMSON"},{"name":"user.name","type":"User Name","type_id":4,"value":"HOMER_WILLIAMSON"},{"name":"user.uid","type":"User Object: uid","type_id":31,"value":"ATTACKRANGE\\HOMER_WILLIAMSON"},{"name":"device","type":"Endpoint","type_id":20},{"name":"device.hostname","type":"Hostname","type_id":1,"value":"win-dc-697.attackrange.local"},{"name":"dst_endpoint","type":"Endpoint","type_id":20},{"name":"dst_endpoint.hostname","type":"Hostname","type_id":1,"value":"win-dc-697.attackrange.local"},{"name":"src_endpoint","type":"Endpoint","type_id":20},{"name":"src_endpoint.ip","type":"IP Address","type_id":2,"value":"::ffff:10.0.1.15"},{"name":"src_endpoint.port","type":"Port","type_id":11,"value":"53422"}],"raw_data":"04/20/2021 04:51:52 PM\nLogName=Security\nSourceName=Microsoft Windows security auditing.\nEventCode=4771\nEventType=0\nType=Information\nComputerName=win-dc-697.attackrange.local\nTaskCategory=Kerberos Authentication Service\nOpCode=Info\nRecordNumber=3578036\nKeywords=Audit Failure\nMessage=Kerberos pre-authentication failed.\nAccount Information:\n\tSecurity ID:\t\tATTACKRANGE\\HOMER_WILLIAMSON\n\tAccount Name:\t\tHOMER_WILLIAMSON\nService Information:\n\tService Name:\t\tkrbtgt/attackrange.local\nNetwork Information:\n\tClient Address:\t\t::ffff:10.0.1.15\n\tClient Port:\t\t53422\nAdditional Information:\n\tTicket Options:\t\t0x40810010\n\tFailure Code:\t\t0x18\n\tPre-Authentication Type:\t2\nCertificate Information:\n\tCertificate Issuer Name:\t\t\n\tCertificate Serial Number: \t\n\tCertificate Thumbprint:\t\t\nCertificate information is only provided if a certificate was used for pre-authentication.\nPre-authentication types, ticket options and failure codes are defined in RFC 4120.\nIf the ticket was malformed or damaged during transit and could not be decrypted, then many fields in this event might not be present.","severity":"Informational","severity_id":1,"src_endpoint":{"ip":"::ffff:10.0.1.15","port":53422},"status":"Failure","status_code":"0x18","status_id":2,"time":1618937512000,"type_name":"Authentication: Authentication Ticket","type_uid":300203,"unmapped":{"Additional Information":{"Pre-Authentication Type":"2","Ticket Options":"0x40810010"},"Certificate Information":{"Certificate Issuer Name":"","Certificate Serial Number":"","Certificate Thumbprint":""},"EventType":"0","OpCode":"Info","Service Information":{"Service Name":"krbtgt/attackrange.local"},"TaskCategory":"Kerberos Authentication Service"},"user":{"account":{"name":"HOMER_WILLIAMSON","type":"Windows Account","type_id":2,"uid":"ATTACKRANGE\\HOMER_WILLIAMSON"},"name":"HOMER_WILLIAMSON","uid":"ATTACKRANGE\\HOMER_WILLIAMSON"}}
{"activity_id":3,"activity_name":"Authentication Ticket","auth_protocol":"Kerberos","auth_protocol_id":2,"category_name":"Identity & Access Management","category_uid":3,"class_name":"Authentication","class_uid":3002,"device":{"hostname":"win-dc-697.attackrange.local","os":{"name":"Windows","type":"Windows","type_id":100},"type":"Unknown","type_id":0},"dst_endpoint":{"hostname":"win-dc-697.attackrange.local"},"message":"Kerberos pre-authentication failed.","metadata":{"event_code":"4771","log_name":"Security","log_provider":"Microsoft Windows security auditing.","original_time":"04/20/2021 04:51:52 PM","product":{"name":"Microsoft Windows","vendor_name":"Microsoft"},"profiles":["host"],"sequence":3578093,"uid":"50463b85dbce79cdacec8749151092ac","version":"1.4.0"},"observables":[{"name":"user","type":"User","type_id":21},{"name":"user.account.uid","type":"Account Object: uid","type_id":35,"value":"ATTACKRANGE\\KERRI_RIVERS"},{"name":"user.account.name","type":"Account Object: name","type_id":34,"value":"KERRI_RIVERS"},{"name":"user.name","type":"User Name","type_id":4,"value":"KERRI_RIVERS"},{"name":"user.uid","type":"User Object: uid","type_id":31,"value":"ATTACKRANGE\\KERRI_RIVERS"},{"name":"device","type":"Endpoint","type_id":20},{"name":"device.hostname","type":"Hostname","type_id":1,"value":"win-dc-697.attackrange.local"},{"name":"dst_endpoint","type":"Endpoint","type_id":20},{"name":"dst_endpoint.hostname","type":"Hostname","type_id":1,"value":"win-dc-697.attackrange.local"},{"name":"src_endpoint","type":"Endpoint","type_id":20},{"name":"src_endpoint.port","type":"Port","type_id":11,"value":"53458"},{"name":"src_endpoint.ip","type":"IP Address","type_id":2,"value":"::ffff:10.0.1.15"}],"raw_data":"04/20/2021 04:51:52 PM\nLogName=Security\nSourceName=Microsoft Windows security auditing.\nEventCode=4771\nEventType=0\nType=Information\nComputerName=win-dc-697.attackrange.local\nTaskCategory=Kerberos Authentication Service\nOpCode=Info\nRecordNumber=3578093\nKeywords=Audit Failure\nMessage=Kerberos pre-authentication failed.\nAccount Information:\n\tSecurity ID:\t\tATTACKRANGE\\KERRI_RIVERS\n\tAccount Name:\t\tKERRI_RIVERS\nService Information:\n\tService Name:\t\tkrbtgt/attackrange.local\nNetwork Information:\n\tClient Address:\t\t::ffff:10.0.1.15\n\tClient Port:\t\t53458\nAdditional Information:\n\tTicket Options:\t\t0x40810010\n\tFailure Code:\t\t0x18\n\tPre-Authentication Type:\t2\nCertificate Information:\n\tCertificate Issuer Name:\t\t\n\tCertificate Serial Number: \t\n\tCertificate Thumbprint:\t\t\nCertificate information is only provided if a certificate was used for pre-authentication.\nPre-authentication types, ticket options and failure codes are defined in RFC 4120.\nIf the ticket was malformed or damaged during transit and could not be decrypted, then many fields in this event might not be present.","severity":"Informational","severity_id":1,"src_endpoint":{"ip":"::ffff:10.0.1.15","port":53458},"status":"Failure","status_code":"0x18","status_id":2,"time":1618937512000,"type_name":"Authentication: Authentication Ticket","type_uid":300203,"unmapped":{"Additional Information":{"Pre-Authentication Type":"2","Ticket Options":"0x40810010"},"Certificate Information":{"Certificate Issuer Name":"","Certificate Serial Number":"","Certificate Thumbprint":""},"EventType":"0","OpCode":"Info","Service Information":{"Service Name":"krbtgt/attackrange.local"},"TaskCategory":"Kerberos Authentication Service"},"user":{"account":{"name":"KERRI_RIVERS","type":"Windows Account","type_id":2,"uid":"ATTACKRANGE\\KERRI_RIVERS"},"name":"KERRI_RIVERS","uid":"ATTACKRANGE\\KERRI_RIVERS"}}
{"activity_id":3,"activity_name":"Authentication Ticket","auth_protocol":"Kerberos","auth_protocol_id":2,"category_name":"Identity & Access Management","category_uid":3,"class_name":"Authentication","class_uid":3002,"device":{"hostname":"win-dc-697.attackrange.local","os":{"name":"Windows","type":"Windows","type_id":100},"type":"Unknown","type_id":0},"dst_endpoint":{"hostname":"win-dc-697.attackrange.local"},"message":"Kerberos pre-authentication failed.","metadata":{"event_code":"4771","log_name":"Security","log_provider":"Microsoft Windows security auditing.","original_time":"04/20/2021 04:51:51 PM","product":{"name":"Microsoft Windows","vendor_name":"Microsoft"},"profiles":["host"],"sequence":3578033,"uid":"0004ae2ad672ed70598733bbe43201ca","version":"1.4.0"},"observables":[{"name":"device","type":"Endpoint","type_id":20},{"name":"device.hostname","type":"Hostname","type_id":1,"value":"win-dc-697.attackrange.local"},{"name":"dst_endpoint","type":"Endpoint","type_id":20},{"name":"dst_endpoint.hostname","type":"Hostname","type_id":1,"value":"win-dc-697.attackrange.local"},{"name":"user","type":"User","type_id":21},{"name":"user.name","type":"User Name","type_id":4,"value":"NORRIS_MOORE"},{"name":"user.uid","type":"User Object: uid","type_id":31,"value":"ATTACKRANGE\\NORRIS_MOORE"},{"name":"user.account.name","type":"Account Object: name","type_id":34,"value":"NORRIS_MOORE"},{"name":"user.account.uid","type":"Account Object: uid","type_id":35,"value":"ATTACKRANGE\\NORRIS_MOORE"},{"name":"src_endpoint","type":"Endpoint","type_id":20},{"name":"src_endpoint.ip","type":"IP Address","type_id":2,"value":"::ffff:10.0.1.15"},{"name":"src_endpoint.port","type":"Port","type_id":11,"value":"53420"}],"raw_data":"04/20/2021 04:51:51 PM\nLogName=Security\nSourceName=Microsoft Windows security auditing.\nEventCode=4771\nEventType=0\nType=Information\nComputerName=win-dc-697.attackrange.local\nTaskCategory=Kerberos Authentication Service\nOpCode=Info\nRecordNumber=3578033\nKeywords=Audit Failure\nMessage=Kerberos pre-authentication failed.\nAccount Information:\n\tSecurity ID:\t\tATTACKRANGE\\NORRIS_MOORE\n\tAccount Name:\t\tNORRIS_MOORE\nService Information:\n\tService Name:\t\tkrbtgt/attackrange.local\nNetwork Information:\n\tClient Address:\t\t::ffff:10.0.1.15\n\tClient Port:\t\t53420\nAdditional Information:\n\tTicket Options:\t\t0x40810010\n\tFailure Code:\t\t0x18\n\tPre-Authentication Type:\t2\nCertificate Information:\n\tCertificate Issuer Name:\t\t\n\tCertificate Serial Number: \t\n\tCertificate Thumbprint:\t\t\nCertificate information is only provided if a certificate was used for pre-authentication.\nPre-authentication types, ticket options and failure codes are defined in RFC 4120.\nIf the ticket was malformed or damaged during transit and could not be decrypted, then many fields in this event might not be present.","severity":"Informational","severity_id":1,"src_endpoint":{"ip":"::ffff:10.0.1.15","port":53420},"status":"Failure","status_code":"0x18","status_id":2,"time":1618937511000,"type_name":"Authentication: Authentication Ticket","type_uid":300203,"unmapped":{"Additional Information":{"Pre-Authentication Type":"2","Ticket Options":"0x40810010"},"Certificate Information":{"Certificate Issuer Name":"","Certificate Serial Number":"","Certificate Thumbprint":""},"EventType":"0","OpCode":"Info","Service Information":{"Service Name":"krbtgt/attackrange.local"},"TaskCategory":"Kerberos Authentication Service"},"user":{"account":{"name":"NORRIS_MOORE","type":"Windows Account","type_id":2,"uid":"ATTACKRANGE\\NORRIS_MOORE"},"name":"NORRIS_MOORE","uid":"ATTACKRANGE\\NORRIS_MOORE"}}
{"activity_id":3,"activity_name":"Authentication Ticket","auth_protocol":"Kerberos","auth_protocol_id":2,"category_name":"Identity & Access Management","category_uid":3,"class_name":"Authentication","class_uid":3002,"device":{"hostname":"win-dc-697.attackrange.local","os":{"name":"Windows","type":"Windows","type_id":100},"type":"Unknown","type_id":0},"dst_endpoint":{"hostname":"win-dc-697.attackrange.local"},"message":"Kerberos pre-authentication failed.","metadata":{"event_code":"4771","log_name":"Security","log_provider":"Microsoft Windows security auditing.","original_time":"04/20/2021 04:51:52 PM","product":{"name":"Microsoft Windows","vendor_name":"Microsoft"},"profiles":["host"],"sequence":3578075,"uid":"3b85af36adddcbe4be8786ff46c20040","version":"1.4.0"},"observables":[{"name":"device","type":"Endpoint","type_id":20},{"name":"device.hostname","type":"Hostname","type_id":1,"value":"win-dc-697.attackrange.local"},{"name":"dst_endpoint","type":"Endpoint","type_id":20},{"name":"dst_endpoint.hostname","type":"Hostname","type_id":1,"value":"win-dc-697.attackrange.local"},{"name":"src_endpoint","type":"Endpoint","type_id":20},{"name":"src_endpoint.ip","type":"IP Address","type_id":2,"value":"::ffff:10.0.1.15"},{"name":"src_endpoint.port","type":"Port","type_id":11,"value":"53446"},{"name":"user","type":"User","type_id":21},{"name":"user.uid","type":"User Object: uid","type_id":31,"value":"ATTACKRANGE\\GLEN_DAVID"},{"name":"user.account.uid","type":"Account Object: uid","type_id":35,"value":"ATTACKRANGE\\GLEN_DAVID"},{"name":"user.account.name","type":"Account Object: name","type_id":34,"value":"GLEN_DAVID"},{"name":"user.name","type":"User Name","type_id":4,"value":"GLEN_DAVID"}],"raw_data":"04/20/2021 04:51:52 PM\nLogName=Security\nSourceName=Microsoft Windows security auditing.\nEventCode=4771\nEventType=0\nType=Information\nComputerName=win-dc-697.attackrange.local\nTaskCategory=Kerberos Authentication Service\nOpCode=Info\nRecordNumber=3578075\nKeywords=Audit Failure\nMessage=Kerberos pre-authentication failed.\nAccount Information:\n\tSecurity ID:\t\tATTACKRANGE\\GLEN_DAVID\n\tAccount Name:\t\tGLEN_DAVID\nService Information:\n\tService Name:\t\tkrbtgt/attackrange.local\nNetwork Information:\n\tClient Address:\t\t::ffff:10.0.1.15\n\tClient Port:\t\t53446\nAdditional Information:\n\tTicket Options:\t\t0x40810010\n\tFailure Code:\t\t0x18\n\tPre-Authentication Type:\t2\nCertificate Information:\n\tCertificate Issuer Name:\t\t\n\tCertificate Serial Number: \t\n\tCertificate Thumbprint:\t\t\nCertificate information is only provided if a certificate was used for pre-authentication.\nPre-authentication types, ticket options and failure codes are defined in RFC 4120.\nIf the ticket was malformed or damaged during transit and could not be decrypted, then many fields in this event might not be present.","severity":"Informational","severity_id":1,"src_endpoint":{"ip":"::ffff:10.0.1.15","port":53446},"status":"Failure","status_code":"0x18","status_id":2,"time":1618937512000,"type_name":"Authentication: Authentication Ticket","type_uid":300203,"unmapped":{"Additional Information":{"Pre-Authentication Type":"2","Ticket Options":"0x40810010"},"Certificate Information":{"Certificate Issuer Name":"","Certificate Serial Number":"","Certificate Thumbprint":""},"EventType":"0","OpCode":"Info","Service Information":{"Service Name":"krbtgt/attackrange.local"},"TaskCategory":"Kerberos Authentication Service"},"user":{"account":{"name":"GLEN_DAVID","type":"Windows Account","type_id":2,"uid":"ATTACKRANGE\\GLEN_DAVID"},"name":"GLEN_DAVID","uid":"ATTACKRANGE\\GLEN_DAVID"}}
