{"activity_id":1,"activity_name":"Logon","actor":{"process":{"file":{"name":"lsass.exe","parent_folder":"C:\\Windows\\System32","path":"C:\\Windows\\System32\\lsass.exe","type":"Regular File","type_id":1}},"user":{"account":{"name":"","type":"Windows Account","type_id":2},"name":""}},"auth_protocol":"Unknown","auth_protocol_id":0,"category_name":"Identity & Access Management","category_uid":3,"class_name":"Authentication","class_uid":3002,"device":{"hostname":"DESKTOP-TNDH0EE.splunkcorp.com","os":{"name":"Windows","type":"Windows","type_id":100},"type":"Unknown","type_id":0},"dst_endpoint":{"hostname":"DESKTOP-TNDH0EE.splunkcorp.com"},"logon_process":{"pid":-1},"logon_type":"Unlock","logon_type_id":7,"message":"An account was successfully logged on.","metadata":{"event_code":"4624","log_name":"Security","log_provider":"Microsoft Windows security auditing.","original_time":"11/03/2021 05:04:12 PM","product":{"name":"Microsoft Windows","vendor_name":"Microsoft"},"profiles":["host"],"sequence":19669244,"uid":"1395daa8d0454516772468a8acdecd24","version":"1.4.0"},"observables":[{"name":"src_endpoint","type":"Endpoint","type_id":20},{"name":"src_endpoint.ip","type":"IP Address","type_id":2,"value":"-"},{"name":"src_endpoint.port","type":"Port","type_id":11,"value":"0"},{"name":"user","type":"User","type_id":21},{"name":"actor.user","type":"User","type_id":21},{"name":"actor.process","type":"Process","type_id":25},{"name":"actor.process.file","type":"File","type_id":24},{"name":"actor.process.file.name","type":"File Name","type_id":7,"value":"lsass.exe"},{"name":"dst_endpoint","type":"Endpoint","type_id":20},{"name":"dst_endpoint.hostname","type":"Hostname","type_id":1,"value":"DESKTOP-TNDH0EE.splunkcorp.com"},{"name":"logon_process","type":"Process","type_id":25},{"name":"logon_process.pid","type":"Process ID","type_id":15,"value":"-1"},{"name":"device","type":"Endpoint","type_id":20},{"name":"device.hostname","type":"Hostname","type_id":1,"value":"DESKTOP-TNDH0EE.splunkcorp.com"}],"raw_data":"11/03/2021 05:04:12 PM\nLogName=Security\nSourceName=Microsoft Windows security auditing.\nEventCode=4624\nEventType=0\nType=Information\nComputerName=DESKTOP-TNDH0EE.splunkcorp.com\nTaskCategory=Logon\nOpCode=Info\nRecordNumber=19669244\nKeywords=Audit Success\nMessage=An account was successfully logged on.\n\n\n\nSubject:\n\n\tSecurity ID:\t\tNT AUTHORITY\\SYSTEM\n\n\tAccount Name:\t\tDESKTOP-TNDH0EE$\n\n\tAccount Domain:\t\tSPLUNKCORP\n\n\tLogon ID:\t\t0x3E7\n\n\n\nLogon Information:\n\n\tLogon Type:\t\t7\n\n\tRestricted Admin Mode:\t-\n\n\tVirtual Account:\t\tNo\n\n\tElevated Token:\t\tNo\n\n\n\nImpersonation Level:\t\tImpersonation\n\n\n\nNew Logon:\n\n\tSecurity ID:\t\tSPLUNKCORP\\jstatt\n\n\tAccount Name:\t\tjstatt\n\n\tAccount Domain:\t\tSPLUNKCORP\n\n\tLogon ID:\t\t0x8E0046AF\n\n\tLinked Logon ID:\t\t0x8E0043B0\n\n\tNetwork Account Name:\t-\n\n\tNetwork Account Domain:\t-\n\n\tLogon GUID:\t\t{00000000-0000-0000-0000-000000000000}\n\n\n\nProcess Information:\n\n\tProcess ID:\t\t0x3f0\n\n\tProcess Name:\t\tC:\\Windows\\System32\\lsass.exe\n\n\n\nNetwork Information:\n\n\tWorkstation Name:\tDESKTOP-TNDH0EE\n\n\tSource Network Address:\t-\n\n\tSource Port:\t\t-\n\n\n\nDetailed Authentication Information:\n\n\tLogon Process:\t\tNegotiat\n\n\tAuthentication Package:\tNegotiate\n\n\tTransited Services:\t-\n\n\tPackage Name (NTLM only):\t-\n\n\tKey Length:\t\t0\n\n\n\nThis event is generated when a logon session is created. It is generated on the computer that was accessed.\n\n\n\nThe subject fields indicate the account on the local system which requested the logon. This is most commonly a service such as the Server service, or a local process such as Winlogon.exe or Services.exe.\n\n\n\nThe logon type field indicates the kind of logon that occurred. The most common types are 2 (interactive) and 3 (network).\n\n\n\nThe New Logon fields indicate the account for whom the new logon was created, i.e. the account that was logged on.\n\n\n\nThe network fields indicate where a remote logon request originated. Workstation name is not always available and may be left blank in some cases.\n\n\n\nThe impersonation level field indicates the extent to which a process in the logon session can impersonate.\n\n\n\nThe authentication information fields provide detailed information about this specific logon request.\n\n\t- Logon GUID is a unique identifier that can be used to correlate this event with a KDC event.\n\n\t- Transited services indicate which intermediate services have participated in this logon request.\n\n\t- Package name indicates which sub-protocol was used among the NTLM protocols.\n\n\t- Key length indicates the length of the generated session key. This will be 0 if no session key was requested.\n","severity":"Informational","severity_id":1,"src_endpoint":{"ip":"-","port":0},"status":"Success","status_id":1,"time":1635959052000,"type_name":"Authentication: Logon","type_uid":300201,"unmapped":{"Account Domain":"SPLUNKCORP","Account Name":"jstatt","Authentication Package":"Negotiate","Detailed Authentication Information":"","Elevated Token":"No","EventType":"0","Impersonation Level":"Impersonation","Key Length":"0","Linked Logon ID":"0x8E0043B0","Logon GUID":"{00000000-0000-0000-0000-000000000000}","Logon ID":"0x8E0046AF","Logon Information":"","Logon Process":"Negotiat","Network Account Domain":"-","Network Account Name":"-","Network Information":"","New Logon":"","OpCode":"Info","Package Name (NTLM only)":"-","Process ID":"0x3f0","Process Information":"","Restricted Admin Mode":"-","Security ID":"SPLUNKCORP\\jstatt","Subject":"","TaskCategory":"Logon","Transited Services":"-","Virtual Account":"No","Workstation Name":"DESKTOP-TNDH0EE"},"user":{"account":{"type":"Windows Account","type_id":2}}}
{"activity_id":1,"activity_name":"Logon","actor":{"process":{"file":{"name":"MSExchangeHMWorker.exe","parent_folder":"C:\\Program Files\\Microsoft\\Exchange Server\\V15\\Bin","path":"C:\\Program Files\\Microsoft\\Exchange Server\\V15\\Bin\\MSExchangeHMWorker.exe","type":"Regular File","type_id":1},"pid":7836},"session":{"uid":"0x3E7"},"user":{"account":{"name":"MBX111-VIP-CA-1$","type":"Windows Account","type_id":2,"uid":"NT AUTHORITY\\SYSTEM"},"domain":"PEXCH111","name":"MBX111-VIP-CA-1$","uid":"NT AUTHORITY\\SYSTEM"}},"auth_protocol":"Negotiate","auth_protocol_id":99,"category_name":"Identity & Access Management","category_uid":3,"class_name":"Authentication","class_uid":3002,"device":{"hostname":"MBX111-VIP-CA-1.pexch111.serverpod.net","os":{"name":"Windows","type":"Windows","type_id":100},"type":"Unknown","type_id":0},"dst_endpoint":{"hostname":"MBX111-VIP-CA-1.pexch111.serverpod.net"},"logon_process":{"name":"Advapi","pid":-1},"logon_type":"Network Cleartext","logon_type_id":8,"message":"An account was successfully logged on.","metadata":{"event_code":"4624","log_name":"Security","log_provider":"Microsoft Windows security auditing.","original_time":"11/03/2021 10:06:34 AM","product":{"name":"Microsoft Windows","vendor_name":"Microsoft"},"profiles":["host"],"sequence":2105842415,"uid":"0c7452f8f1add1abf39d8dd593715e6d","version":"1.4.0"},"observables":[{"name":"logon_process","type":"Process","type_id":25},{"name":"logon_process.name","type":"Process Name","type_id":9,"value":"Advapi"},{"name":"logon_process.pid","type":"Process ID","type_id":15,"value":"-1"},{"name":"device","type":"Endpoint","type_id":20},{"name":"device.hostname","type":"Hostname","type_id":1,"value":"MBX111-VIP-CA-1.pexch111.serverpod.net"},{"name":"actor.user","type":"User","type_id":21},{"name":"actor.user.uid","type":"User Object: uid","type_id":31,"value":"NT AUTHORITY\\SYSTEM"},{"name":"actor.user.account.uid","type":"Account Object: uid","type_id":35,"value":"NT AUTHORITY\\SYSTEM"},{"name":"actor.user.account.name","type":"Account Object: name","type_id":34,"value":"MBX111-VIP-CA-1$"},{"name":"actor.user.name","type":"User Name","type_id":4,"value":"MBX111-VIP-CA-1$"},{"name":"actor.process","type":"Process","type_id":25},{"name":"actor.process.pid","type":"Process ID","type_id":15,"value":"7836"},{"name":"actor.process.file","type":"File","type_id":24},{"name":"actor.process.file.name","type":"File Name","type_id":7,"value":"MSExchangeHMWorker.exe"},{"name":"user","type":"User","type_id":21},{"name":"user.name","type":"User Name","type_id":4,"value":"HealthMailboxfd2a069"},{"name":"user.uid","type":"User Object: uid","type_id":31,"value":"PEXCH111\\HealthMailboxfd2a069"},{"name":"user.account.uid","type":"Account Object: uid","type_id":35,"value":"PEXCH111\\HealthMailboxfd2a069"},{"name":"user.account.name","type":"Account Object: name","type_id":34,"value":"HealthMailboxfd2a069"},{"name":"dst_endpoint","type":"Endpoint","type_id":20},{"name":"dst_endpoint.hostname","type":"Hostname","type_id":1,"value":"MBX111-VIP-CA-1.pexch111.serverpod.net"},{"name":"src_endpoint","type":"Endpoint","type_id":20},{"name":"src_endpoint.ip","type":"IP Address","type_id":2,"value":"-"},{"name":"src_endpoint.port","type":"Port","type_id":11,"value":"0"}],"raw_data":"11/03/2021 10:06:34 AM\nLogName=Security\nEventCode=4624\nEventType=0\nComputerName=MBX111-VIP-CA-1.pexch111.serverpod.net\nSourceName=Microsoft Windows security auditing.\nType=Information\nRecordNumber=2105842415\nKeywords=Audit Success\nTaskCategory=Logon\nOpCode=Info\nMessage=An account was successfully logged on.\n\nSubject:\n\tSecurity ID:\t\tNT AUTHORITY\\SYSTEM\n\tAccount Name:\t\tMBX111-VIP-CA-1$\n\tAccount Domain:\t\tPEXCH111\n\tLogon ID:\t\t0x3E7\n\nLogon Type:\t\t\t8\n\nImpersonation Level:\t\tImpersonation\n\nNew Logon:\n\tSecurity ID:\t\tPEXCH111\\HealthMailboxfd2a069\n\tAccount Name:\t\tHealthMailboxfd2a069\n\tAccount Domain:\t\tPEXCH111\n\tLogon ID:\t\t0x147E680A2\n\tLogon GUID:\t\t{6D3A499C-5C1E-507A-3358-8A8334893C5B}\n\nProcess Information:\n\tProcess ID:\t\t0x1e9c\n\tProcess Name:\t\tC:\\Program Files\\Microsoft\\Exchange Server\\V15\\Bin\\MSExchangeHMWorker.exe\n\nNetwork Information:\n\tWorkstation Name:\tMBX111-VIP-CA-1\n\tSource Network Address:\t-\n\tSource Port:\t\t-\n\nDetailed Authentication Information:\n\tLogon Process:\t\tAdvapi\n\tAuthentication Package:\tNegotiate\n\tTransited Services:\t-\n\tPackage Name (NTLM only):\t-\n\tKey Length:\t\t0\n\nThis event is generated when a logon session is created. It is generated on the computer that was accessed.\n\nThe subject fields indicate the account on the local system which requested the logon. This is most commonly a service such as the Server service, or a local process such as Winlogon.exe or Services.exe.\n\nThe logon type field indicates the kind of logon that occurred. The most common types are 2 (interactive) and 3 (network).\n\nThe New Logon fields indicate the account for whom the new logon was created, i.e. the account that was logged on.\n\nThe network fields indicate where a remote logon request originated. Workstation name is not always available and may be left blank in some cases.\n\nThe impersonation level field indicates the extent to which a process in the logon session can impersonate.\n\nThe authentication information fields provide detailed information about this specific logon request.\n\t- Logon GUID is a unique identifier that can be used to correlate this event with a KDC event.\n\t- Transited services indicate which intermediate services have participated in this logon request.\n\t- Package name indicates which sub-protocol was used among the NTLM protocols.\n\t- Key length indicates the length of the generated session key. This will be 0 if no session key was requested.\n","session":{"uid":"0x147E680A2","uuid":"{6D3A499C-5C1E-507A-3358-8A8334893C5B}"},"severity":"Informational","severity_id":1,"src_endpoint":{"ip":"-","name":"MBX111-VIP-CA-1","port":0},"status":"Success","status_id":1,"time":1635933994000,"type_name":"Authentication: Logon","type_uid":300201,"unmapped":{"Detailed Authentication Information":{"Key Length":"0","Package Name (NTLM only)":"-","Transited Services":"-"},"EventType":"0","Impersonation Level":"Impersonation","OpCode":"Info","TaskCategory":"Logon"},"user":{"account":{"name":"HealthMailboxfd2a069","type":"Windows Account","type_id":2,"uid":"PEXCH111\\HealthMailboxfd2a069"},"domain":"PEXCH111","name":"HealthMailboxfd2a069","uid":"PEXCH111\\HealthMailboxfd2a069"}}
{"activity_id":1,"activity_name":"Logon","actor":{"process":{"file":{"name":"w3wp.exe","parent_folder":"C:\\Windows\\System32\\inetsrv","path":"C:\\Windows\\System32\\inetsrv\\w3wp.exe","type":"Regular File","type_id":1},"pid":12796},"session":{"uid":"0x2AB51"},"user":{"account":{"name":"srv-gid-sql","type":"Windows Account","type_id":2,"uid":"SPLUNKCORP\\srv-gid-sql"},"domain":"SPLUNKCORP","name":"srv-gid-sql","uid":"SPLUNKCORP\\srv-gid-sql"}},"auth_protocol":"Negotiate","auth_protocol_id":99,"category_name":"Identity & Access Management","category_uid":3,"class_name":"Authentication","class_uid":3002,"device":{"hostname":"SV3-ITO-GID001.splunkcorp.com","os":{"name":"Windows","type":"Windows","type_id":100},"type":"Unknown","type_id":0},"dst_endpoint":{"hostname":"SV3-ITO-GID001.splunkcorp.com"},"logon_process":{"name":"Advapi","pid":-1},"logon_type":"New Credentials","logon_type_id":9,"message":"An account was successfully logged on.","metadata":{"event_code":"4624","log_name":"Security","log_provider":"Microsoft Windows security auditing.","original_time":"11/03/2021 10:07:20 AM","product":{"name":"Microsoft Windows","vendor_name":"Microsoft"},"profiles":["host"],"sequence":17153257,"uid":"9f49939289511d10b01db9196e16bc79","version":"1.4.0"},"observables":[{"name":"actor.user","type":"User","type_id":21},{"name":"actor.user.account.uid","type":"Account Object: uid","type_id":35,"value":"SPLUNKCORP\\srv-gid-sql"},{"name":"actor.user.account.name","type":"Account Object: name","type_id":34,"value":"srv-gid-sql"},{"name":"actor.user.name","type":"User Name","type_id":4,"value":"srv-gid-sql"},{"name":"actor.user.uid","type":"User Object: uid","type_id":31,"value":"SPLUNKCORP\\srv-gid-sql"},{"name":"actor.process","type":"Process","type_id":25},{"name":"actor.process.pid","type":"Process ID","type_id":15,"value":"12796"},{"name":"actor.process.file","type":"File","type_id":24},{"name":"actor.process.file.name","type":"File Name","type_id":7,"value":"w3wp.exe"},{"name":"user","type":"User","type_id":21},{"name":"user.uid","type":"User Object: uid","type_id":31,"value":"SPLUNKCORP\\srv-gid-sql"},{"name":"user.account.uid","type":"Account Object: uid","type_id":35,"value":"SPLUNKCORP\\srv-gid-sql"},{"name":"user.account.name","type":"Account Object: name","type_id":34,"value":"srv-gid-sql"},{"name":"user.name","type":"User Name","type_id":4,"value":"srv-gid-sql"},{"name":"device","type":"Endpoint","type_id":20},{"name":"device.hostname","type":"Hostname","type_id":1,"value":"SV3-ITO-GID001.splunkcorp.com"},{"name":"logon_process","type":"Process","type_id":25},{"name":"logon_process.pid","type":"Process ID","type_id":15,"value":"-1"},{"name":"logon_process.name","type":"Process Name","type_id":9,"value":"Advapi"},{"name":"dst_endpoint","type":"Endpoint","type_id":20},{"name":"dst_endpoint.hostname","type":"Hostname","type_id":1,"value":"SV3-ITO-GID001.splunkcorp.com"},{"name":"src_endpoint","type":"Endpoint","type_id":20},{"name":"src_endpoint.ip","type":"IP Address","type_id":2,"value":"-"},{"name":"src_endpoint.port","type":"Port","type_id":11,"value":"0"}],"raw_data":"11/03/2021 10:07:20 AM\nLogName=Security\nSourceName=Microsoft Windows security auditing.\nEventCode=4624\nEventType=0\nType=Information\nComputerName=SV3-ITO-GID001.splunkcorp.com\nTaskCategory=Logon\nOpCode=Info\nRecordNumber=17153257\nKeywords=Audit Success\nMessage=An account was successfully logged on.\n\nSubject:\n\tSecurity ID:\t\tSPLUNKCORP\\srv-gid-sql\n\tAccount Name:\t\tsrv-gid-sql\n\tAccount Domain:\t\tSPLUNKCORP\n\tLogon ID:\t\t0x2AB51\n\nLogon Information:\n\tLogon Type:\t\t9\n\tRestricted Admin Mode:\t-\n\tVirtual Account:\t\tNo\n\tElevated Token:\t\tYes\n\nImpersonation Level:\t\tImpersonation\n\nNew Logon:\n\tSecurity ID:\t\tSPLUNKCORP\\srv-gid-sql\n\tAccount Name:\t\tsrv-gid-sql\n\tAccount Domain:\t\tSPLUNKCORP\n\tLogon ID:\t\t0xA398BF8E\n\tLinked Logon ID:\t\t0x0\n\tNetwork Account Name:\tsrv-gid-adm\n\tNetwork Account Domain:\tsplunkcorp.com\n\tLogon GUID:\t\t{00000000-0000-0000-0000-000000000000}\n\nProcess Information:\n\tProcess ID:\t\t0x31fc\n\tProcess Name:\t\tC:\\Windows\\System32\\inetsrv\\w3wp.exe\n\nNetwork Information:\n\tWorkstation Name:\t-\n\tSource Network Address:\t-\n\tSource Port:\t\t-\n\nDetailed Authentication Information:\n\tLogon Process:\t\tAdvapi\n\tAuthentication Package:\tNegotiate\n\tTransited Services:\t-\n\tPackage Name (NTLM only):\t-\n\tKey Length:\t\t0\n\nThis event is generated when a logon session is created. It is generated on the computer that was accessed.\n\nThe subject fields indicate the account on the local system which requested the logon. This is most commonly a service such as the Server service, or a local process such as Winlogon.exe or Services.exe.\n\nThe logon type field indicates the kind of logon that occurred. The most common types are 2 (interactive) and 3 (network).\n\nThe New Logon fields indicate the account for whom the new logon was created, i.e. the account that was logged on.\n\nThe network fields indicate where a remote logon request originated. Workstation name is not always available and may be left blank in some cases.\n\nThe impersonation level field indicates the extent to which a process in the logon session can impersonate.\n\nThe authentication information fields provide detailed information about this specific logon request.\n\t- Logon GUID is a unique identifier that can be used to correlate this event with a KDC event.\n\t- Transited services indicate which intermediate services have participated in this logon request.\n\t- Package name indicates which sub-protocol was used among the NTLM protocols.\n\t- Key length indicates the length of the generated session key. This will be 0 if no session key was requested.\n","session":{"uid":"0xA398BF8E","uuid":"{00000000-0000-0000-0000-000000000000}"},"severity":"Informational","severity_id":1,"src_endpoint":{"ip":"-","name":"-","port":0},"status":"Success","status_id":1,"time":1635934040000,"type_name":"Authentication: Logon","type_uid":300201,"unmapped":{"Detailed Authentication Information":{"Key Length":"0","Package Name (NTLM only)":"-","Transited Services":"-"},"EventType":"0","Impersonation Level":"Impersonation","Logon Information":{"Elevated Token":"Yes","Restricted Admin Mode":"-","Virtual Account":"No"},"New Logon":{"Linked Logon ID":"0x0","Network Account Domain":"splunkcorp.com","Network Account Name":"srv-gid-adm"},"OpCode":"Info","TaskCategory":"Logon"},"user":{"account":{"name":"srv-gid-sql","type":"Windows Account","type_id":2,"uid":"SPLUNKCORP\\srv-gid-sql"},"domain":"SPLUNKCORP","name":"srv-gid-sql","uid":"SPLUNKCORP\\srv-gid-sql"}}
{"activity_id":1,"activity_name":"Logon","actor":{"process":{"file":{"name":"services.exe","parent_folder":"C:\\Windows\\System32","path":"C:\\Windows\\System32\\services.exe","type":"Regular File","type_id":1},"pid":848},"session":{"uid":"0x3E7"},"user":{"account":{"name":"WIN-DC-725$","type":"Windows Account","type_id":2,"uid":"NT AUTHORITY\\SYSTEM"},"domain":"ATTACKRANGE","name":"WIN-DC-725$","uid":"NT AUTHORITY\\SYSTEM"}},"auth_protocol":"Negotiate","auth_protocol_id":99,"category_name":"Identity & Access Management","category_uid":3,"class_name":"Authentication","class_uid":3002,"device":{"hostname":"win-dc-725.attackrange.local","os":{"name":"Windows","type":"Windows","type_id":100},"type":"Unknown","type_id":0},"dst_endpoint":{"hostname":"win-dc-725.attackrange.local"},"logon_process":{"name":"Advapi  ","pid":-1},"logon_type":"OS Service","logon_type_id":5,"message":"An account was successfully logged on.","metadata":{"event_code":"4624","log_name":"Security","log_provider":"Microsoft Windows security auditing.","original_time":"03/12/2021 10:48:14 AM","product":{"name":"Microsoft Windows","vendor_name":"Microsoft"},"profiles":["host"],"sequence":257879,"uid":"f392b565b72618c13de64cde38fd8d7f","version":"1.4.0"},"observables":[{"name":"device","type":"Endpoint","type_id":20},{"name":"device.hostname","type":"Hostname","type_id":1,"value":"win-dc-725.attackrange.local"},{"name":"dst_endpoint","type":"Endpoint","type_id":20},{"name":"dst_endpoint.hostname","type":"Hostname","type_id":1,"value":"win-dc-725.attackrange.local"},{"name":"actor.process","type":"Process","type_id":25},{"name":"actor.process.file","type":"File","type_id":24},{"name":"actor.process.file.name","type":"File Name","type_id":7,"value":"services.exe"},{"name":"actor.process.pid","type":"Process ID","type_id":15,"value":"848"},{"name":"actor.user","type":"User","type_id":21},{"name":"actor.user.account.uid","type":"Account Object: uid","type_id":35,"value":"NT AUTHORITY\\SYSTEM"},{"name":"actor.user.account.name","type":"Account Object: name","type_id":34,"value":"WIN-DC-725$"},{"name":"actor.user.name","type":"User Name","type_id":4,"value":"WIN-DC-725$"},{"name":"actor.user.uid","type":"User Object: uid","type_id":31,"value":"NT AUTHORITY\\SYSTEM"},{"name":"user","type":"User","type_id":21},{"name":"user.uid","type":"User Object: uid","type_id":31,"value":"NT AUTHORITY\\SYSTEM"},{"name":"user.account.uid","type":"Account Object: uid","type_id":35,"value":"NT AUTHORITY\\SYSTEM"},{"name":"user.account.name","type":"Account Object: name","type_id":34,"value":"SYSTEM"},{"name":"user.name","type":"User Name","type_id":4,"value":"SYSTEM"},{"name":"logon_process","type":"Process","type_id":25},{"name":"logon_process.name","type":"Process Name","type_id":9,"value":"Advapi  "},{"name":"logon_process.pid","type":"Process ID","type_id":15,"value":"-1"},{"name":"src_endpoint","type":"Endpoint","type_id":20},{"name":"src_endpoint.ip","type":"IP Address","type_id":2,"value":"-"},{"name":"src_endpoint.port","type":"Port","type_id":11,"value":"0"}],"raw_data":"03/12/2021 10:48:14 AM\nLogName=Security\nSourceName=Microsoft Windows security auditing.\nEventCode=4624\nEventType=0\nType=Information\nComputerName=win-dc-725.attackrange.local\nTaskCategory=Logon\nOpCode=Info\nRecordNumber=257879\nKeywords=Audit Success\nMessage=An account was successfully logged on.\n\nSubject:\n\tSecurity ID:\t\tNT AUTHORITY\\SYSTEM\n\tAccount Name:\t\tWIN-DC-725$\n\tAccount Domain:\t\tATTACKRANGE\n\tLogon ID:\t\t0x3E7\n\nLogon Information:\n\tLogon Type:\t\t5\n\tRestricted Admin Mode:\t-\n\tVirtual Account:\t\tNo\n\tElevated Token:\t\tYes\n\nImpersonation Level:\t\tImpersonation\n\nNew Logon:\n\tSecurity ID:\t\tNT AUTHORITY\\SYSTEM\n\tAccount Name:\t\tSYSTEM\n\tAccount Domain:\t\tNT AUTHORITY\n\tLogon ID:\t\t0x3E7\n\tLinked Logon ID:\t\t0x0\n\tNetwork Account Name:\t-\n\tNetwork Account Domain:\t-\n\tLogon GUID:\t\t{00000000-0000-0000-0000-000000000000}\n\nProcess Information:\n\tProcess ID:\t\t0x350\n\tProcess Name:\t\tC:\\Windows\\System32\\services.exe\n\nNetwork Information:\n\tWorkstation Name:\t-\n\tSource Network Address:\t-\n\tSource Port:\t\t-\n\nDetailed Authentication Information:\n\tLogon Process:\t\tAdvapi  \n\tAuthentication Package:\tNegotiate\n\tTransited Services:\t-\n\tPackage Name (NTLM only):\t-\n\tKey Length:\t\t0\n\nThis event is generated when a logon session is created. It is generated on the computer that was accessed.\n\nThe subject fields indicate the account on the local system which requested the logon. This is most commonly a service such as the Server service, or a local process such as Winlogon.exe or Services.exe.\n\nThe logon type field indicates the kind of logon that occurred. The most common types are 2 (interactive) and 3 (network).\n\nThe New Logon fields indicate the account for whom the new logon was created, i.e. the account that was logged on.\n\nThe network fields indicate where a remote logon request originated. Workstation name is not always available and may be left blank in some cases.\n\nThe impersonation level field indicates the extent to which a process in the logon session can impersonate.","session":{"uid":"0x3E7","uuid":"{00000000-0000-0000-0000-000000000000}"},"severity":"Informational","severity_id":1,"src_endpoint":{"ip":"-","name":"-","port":0},"status":"Success","status_id":1,"time":1615546094000,"type_name":"Authentication: Logon","type_uid":300201,"unmapped":{"Detailed Authentication Information":{"Key Length":"0","Package Name (NTLM only)":"-","Transited Services":"-"},"EventType":"0","Impersonation Level":"Impersonation","Logon Information":{"Elevated Token":"Yes","Restricted Admin Mode":"-","Virtual Account":"No"},"New Logon":{"Linked Logon ID":"0x0","Network Account Domain":"-","Network Account Name":"-"},"OpCode":"Info","TaskCategory":"Logon"},"user":{"account":{"name":"SYSTEM","type":"Windows Account","type_id":2,"uid":"NT AUTHORITY\\SYSTEM"},"domain":"NT AUTHORITY","name":"SYSTEM","uid":"NT AUTHORITY\\SYSTEM"}}
{"activity_id":1,"activity_name":"Logon","actor":{"process":{"file":{"name":"-","path":"-","type":"Regular File","type_id":1},"pid":0},"session":{"uid":"0x0"},"user":{"account":{"name":"-","type":"Windows Account","type_id":2,"uid":"NULL SID"},"domain":"-","name":"-","uid":"NULL SID"}},"auth_protocol":"NTLM","auth_protocol_id":1,"category_name":"Identity & Access Management","category_uid":3,"class_name":"Authentication","class_uid":3002,"device":{"hostname":"WSDCKAS1.emn.com","os":{"name":"Windows","type":"Windows","type_id":100},"type":"Unknown","type_id":0},"dst_endpoint":{"hostname":"WSDCKAS1.emn.com"},"logon_process":{"name":"NtLmSsp","pid":-1},"logon_type":"Network","logon_type_id":3,"message":"An account failed to log on.","metadata":{"event_code":"4625","log_name":"Security","log_provider":"Microsoft Windows security auditing.","original_time":"01/09/2019 05:01:12 PM","product":{"name":"Microsoft Windows","vendor_name":"Microsoft"},"profiles":["host"],"sequence":565192348,"uid":"36b8750bb6d8627fb63a61f77050d37e","version":"1.4.0"},"observables":[{"name":"src_endpoint","type":"Endpoint","type_id":20},{"name":"src_endpoint.ip","type":"IP Address","type_id":2,"value":"168.136.54.26"},{"name":"src_endpoint.port","type":"Port","type_id":11,"value":"63388"},{"name":"user","type":"User","type_id":21},{"name":"user.account.uid","type":"Account Object: uid","type_id":35,"value":"NULL SID"},{"name":"user.account.name","type":"Account Object: name","type_id":34,"value":"ENGCSEAPEX01$"},{"name":"user.name","type":"User Name","type_id":4,"value":"ENGCSEAPEX01$"},{"name":"user.uid","type":"User Object: uid","type_id":31,"value":"NULL SID"},{"name":"logon_process","type":"Process","type_id":25},{"name":"logon_process.name","type":"Process Name","type_id":9,"value":"NtLmSsp"},{"name":"logon_process.pid","type":"Process ID","type_id":15,"value":"-1"},{"name":"device","type":"Endpoint","type_id":20},{"name":"device.hostname","type":"Hostname","type_id":1,"value":"WSDCKAS1.emn.com"},{"name":"dst_endpoint","type":"Endpoint","type_id":20},{"name":"dst_endpoint.hostname","type":"Hostname","type_id":1,"value":"WSDCKAS1.emn.com"},{"name":"actor.user","type":"User","type_id":21},{"name":"actor.user.name","type":"User Name","type_id":4,"value":"-"},{"name":"actor.user.uid","type":"User Object: uid","type_id":31,"value":"NULL SID"},{"name":"actor.user.account.uid","type":"Account Object: uid","type_id":35,"value":"NULL SID"},{"name":"actor.user.account.name","type":"Account Object: name","type_id":34,"value":"-"},{"name":"actor.process","type":"Process","type_id":25},{"name":"actor.process.pid","type":"Process ID","type_id":15,"value":"0"},{"name":"actor.process.file","type":"File","type_id":24},{"name":"actor.process.file.name","type":"File Name","type_id":7,"value":"-"}],"raw_data":"01/09/2019 05:01:12 PM\nLogName=Security\nSourceName=Microsoft Windows security auditing.\nEventCode=4625\nEventType=0\nType=Information\nComputerName=WSDCKAS1.emn.com\nTaskCategory=Logon\nOpCode=Info\nRecordNumber=565192348\nKeywords=Audit Failure\nMessage=An account failed to log on.\nSubject:\n\tSecurity ID:\t\tNULL SID\n\tAccount Name:\t\t-\n\tAccount Domain:\t\t-\n\tLogon ID:\t\t0x0\nLogon Type:\t\t\t3\nAccount For Which Logon Failed:\n\tSecurity ID:\t\tNULL SID\n\tAccount Name:\t\tENGCSEAPEX01$\n\tAccount Domain:\t\tCSE\nFailure Information:\n\tFailure Reason:\t\tUnknown user name or bad password.\n\tStatus:\t\t\t0xc000006d\n\tSub Status:\t\t0xc0000064\nProcess Information:\n\tCaller Process ID:\t0x0\n\tCaller Process Name:\t-\nNetwork Information:\n\tWorkstation Name:\tENGCSEAPEX01\n\tSource Network Address:\t168.136.54.26\n\tSource Port:\t\t63388\nDetailed Authentication Information:\n\tLogon Process:\t\tNtLmSsp\n\tAuthentication Package:\tNTLM\n\tTransited Services:\t-\n\tPackage Name (NTLM only):\t-\n\tKey Length:\t\t0","severity":"Informational","severity_id":1,"src_endpoint":{"ip":"168.136.54.26","name":"ENGCSEAPEX01","port":63388},"status":"Failure","status_code":"0xc000006d","status_detail":"Unknown user name or bad password.","status_id":2,"time":1547053272000,"type_name":"Authentication: Logon","type_uid":300201,"unmapped":{"Detailed Authentication Information":{"Key Length":"0","Package Name (NTLM only)":"-","Transited Services":"-"},"EventType":"0","Failure Information":{"Sub Status":"0xc0000064"},"OpCode":"Info","TaskCategory":"Logon"},"user":{"account":{"name":"ENGCSEAPEX01$","type":"Windows Account","type_id":2,"uid":"NULL SID"},"domain":"CSE","name":"ENGCSEAPEX01$","uid":"NULL SID"}}
{"activity_id":1,"activity_name":"Logon","actor":{"process":{"file":{"name":"-","path":"-","type":"Regular File","type_id":1},"pid":0},"session":{"uid":"0x0"},"user":{"account":{"name":"-","type":"Windows Account","type_id":2,"uid":"NULL SID"},"domain":"-","name":"-","uid":"NULL SID"}},"auth_protocol":"Kerberos","auth_protocol_id":2,"category_name":"Identity & Access Management","category_uid":3,"class_name":"Authentication","class_uid":3002,"device":{"hostname":"mngsoidc1.soi.dir.solutia.com","os":{"name":"Windows","type":"Windows","type_id":100},"type":"Unknown","type_id":0},"dst_endpoint":{"hostname":"mngsoidc1.soi.dir.solutia.com"},"logon_process":{"name":"Kerberos","pid":-1},"logon_type":"Network","logon_type_id":3,"message":"An account failed to log on.","metadata":{"event_code":"4625","log_name":"Security","log_provider":"Microsoft Windows security auditing.","original_time":"01/05/2015 02:03:17 PM","product":{"name":"Microsoft Windows","vendor_name":"Microsoft"},"profiles":["host"],"sequence":768120415,"uid":"5943db2eb6e64fb8c9b38fdf08a0f102","version":"1.4.0"},"observables":[{"name":"dst_endpoint","type":"Endpoint","type_id":20},{"name":"dst_endpoint.hostname","type":"Hostname","type_id":1,"value":"mngsoidc1.soi.dir.solutia.com"},{"name":"logon_process","type":"Process","type_id":25},{"name":"logon_process.pid","type":"Process ID","type_id":15,"value":"-1"},{"name":"logon_process.name","type":"Process Name","type_id":9,"value":"Kerberos"},{"name":"src_endpoint","type":"Endpoint","type_id":20},{"name":"src_endpoint.ip","type":"IP Address","type_id":2,"value":"10.7.125.245"},{"name":"src_endpoint.port","type":"Port","type_id":11,"value":"55310"},{"name":"user","type":"User","type_id":21},{"name":"user.uid","type":"User Object: uid","type_id":31,"value":"NULL SID"},{"name":"user.account.uid","type":"Account Object: uid","type_id":35,"value":"NULL SID"},{"name":"device","type":"Endpoint","type_id":20},{"name":"device.hostname","type":"Hostname","type_id":1,"value":"mngsoidc1.soi.dir.solutia.com"},{"name":"actor.process","type":"Process","type_id":25},{"name":"actor.process.pid","type":"Process ID","type_id":15,"value":"0"},{"name":"actor.process.file","type":"File","type_id":24},{"name":"actor.process.file.name","type":"File Name","type_id":7,"value":"-"},{"name":"actor.user","type":"User","type_id":21},{"name":"actor.user.account.uid","type":"Account Object: uid","type_id":35,"value":"NULL SID"},{"name":"actor.user.account.name","type":"Account Object: name","type_id":34,"value":"-"},{"name":"actor.user.name","type":"User Name","type_id":4,"value":"-"},{"name":"actor.user.uid","type":"User Object: uid","type_id":31,"value":"NULL SID"}],"raw_data":"01/05/2015 02:03:17 PM\nLogName=Security\nSourceName=Microsoft Windows security auditing.\nEventCode=4625\nEventType=0\nType=Information\nComputerName=mngsoidc1.soi.dir.solutia.com\nTaskCategory=Logon\nOpCode=Info\nRecordNumber=768120415\nCaseID=AD_4625_1_1\nKeywords=Audit Failure\nMessage=An account failed to log on.\nSubject:\n    Security ID:        NULL SID\n    Account Name:       -\n    Account Domain:     -\n    Logon ID:       0x0\nLogon Type:         3\nAccount For Which Logon Failed:\n    Security ID:        NULL SID\n    Account Name:\n    Account Domain:\nFailure Information:\n    Failure Reason:     An Error occured during Logon.\n    Status:         0xc000006d\n    Sub Status:     0xc0000133\nProcess Information:\n    Caller Process ID:  0x0\n    Caller Process Name:    -\nNetwork Information:\n    Workstation Name:   -\n    Source Network Address: 10.7.125.245\n    Source Port:        55310\nDetailed Authentication Information:\n    Logon Process:      Kerberos\n    Authentication Package: Kerberos\n    Transited Services: -\n    Package Name (NTLM only):   -\n    Key Length:     0","severity":"Informational","severity_id":1,"src_endpoint":{"ip":"10.7.125.245","name":"-","port":55310},"status":"Failure","status_code":"0xc000006d","status_detail":"An Error occured during Logon.","status_id":2,"time":1420466597000,"type_name":"Authentication: Logon","type_uid":300201,"unmapped":{"CaseID":"AD_4625_1_1","Detailed Authentication Information":{"Key Length":"0","Package Name (NTLM only)":"-","Transited Services":"-"},"EventType":"0","Failure Information":{"Sub Status":"0xc0000133"},"OpCode":"Info","TaskCategory":"Logon"},"user":{"account":{"name":"","type":"Windows Account","type_id":2,"uid":"NULL SID"},"domain":"","name":"","uid":"NULL SID"}}
{"activity_id":1,"activity_name":"Logon","actor":{"process":{"file":{"name":"-","path":"-","type":"Regular File","type_id":1},"pid":0},"session":{"uid":"0x0"},"user":{"account":{"name":"-","type":"Windows Account","type_id":2,"uid":"NULL SID"},"domain":"-","name":"-","uid":"NULL SID"}},"auth_protocol":"Kerberos","auth_protocol_id":2,"category_name":"Identity & Access Management","category_uid":3,"class_name":"Authentication","class_uid":3002,"device":{"hostname":"WSRODCKIR1.emn.com","os":{"name":"Windows","type":"Windows","type_id":100},"type":"Unknown","type_id":0},"dst_endpoint":{"hostname":"WSRODCKIR1.emn.com"},"logon_process":{"name":"Kerberos","pid":-1},"logon_type":"Network","logon_type_id":3,"message":"An account failed to log on.","metadata":{"event_code":"4625","log_name":"Security","log_provider":"Microsoft Windows security auditing.","original_time":"01/09/2015 09:49:41 AM","product":{"name":"Microsoft Windows","vendor_name":"Microsoft"},"profiles":["host"],"sequence":237663826,"uid":"f4981ef31105f6de5826254b524d06b3","version":"1.4.0"},"observables":[{"name":"logon_process","type":"Process","type_id":25},{"name":"logon_process.pid","type":"Process ID","type_id":15,"value":"-1"},{"name":"logon_process.name","type":"Process Name","type_id":9,"value":"Kerberos"},{"name":"src_endpoint","type":"Endpoint","type_id":20},{"name":"src_endpoint.port","type":"Port","type_id":11,"value":"0"},{"name":"src_endpoint.ip","type":"IP Address","type_id":2,"value":"-"},{"name":"user","type":"User","type_id":21},{"name":"user.account.uid","type":"Account Object: uid","type_id":35,"value":"NULL SID"},{"name":"user.account.name","type":"Account Object: name","type_id":34,"value":"kirlab"},{"name":"user.name","type":"User Name","type_id":4,"value":"kirlab"},{"name":"user.uid","type":"User Object: uid","type_id":31,"value":"NULL SID"},{"name":"dst_endpoint","type":"Endpoint","type_id":20},{"name":"dst_endpoint.hostname","type":"Hostname","type_id":1,"value":"WSRODCKIR1.emn.com"},{"name":"actor.process","type":"Process","type_id":25},{"name":"actor.process.pid","type":"Process ID","type_id":15,"value":"0"},{"name":"actor.process.file","type":"File","type_id":24},{"name":"actor.process.file.name","type":"File Name","type_id":7,"value":"-"},{"name":"actor.user","type":"User","type_id":21},{"name":"actor.user.name","type":"User Name","type_id":4,"value":"-"},{"name":"actor.user.uid","type":"User Object: uid","type_id":31,"value":"NULL SID"},{"name":"actor.user.account.uid","type":"Account Object: uid","type_id":35,"value":"NULL SID"},{"name":"actor.user.account.name","type":"Account Object: name","type_id":34,"value":"-"},{"name":"device","type":"Endpoint","type_id":20},{"name":"device.hostname","type":"Hostname","type_id":1,"value":"WSRODCKIR1.emn.com"}],"raw_data":"01/09/2015 09:49:41 AM\nLogName=Security\nSourceName=Microsoft Windows security auditing.\nEventCode=4625\nEventType=0\nType=Information\nComputerName=WSRODCKIR1.emn.com\nTaskCategory=Logon\nOpCode=Info\nRecordNumber=237663826\nCaseID=AD_4625_1_2\nKeywords=Audit Failure\nMessage=An account failed to log on.\nSubject:\n    Security ID:        NULL SID\n    Account Name:       -\n    Account Domain:     -\n    Logon ID:       0x0\nLogon Type:         3\nAccount For Which Logon Failed:\n    Security ID:        NULL SID\n    Account Name:       kirlab\n    Account Domain:     EASTMAN\nFailure Information:\n    Failure Reason:     An Error occured during Logon.\n    Status:         0xc00002ee\n    Sub Status:     0x0\nProcess Information:\n    Caller Process ID:  0x0\n    Caller Process Name:    -\nNetwork Information:\n    Workstation Name:   -\n    Source Network Address: -\n    Source Port:        -\nDetailed Authentication Information:\n    Logon Process:      Kerberos\n    Authentication Package: Kerberos\n    Transited Services: -\n    Package Name (NTLM only):   -\n    Key Length:     0","severity":"Informational","severity_id":1,"src_endpoint":{"ip":"-","name":"-","port":0},"status":"Failure","status_code":"0xc00002ee","status_detail":"An Error occured during Logon.","status_id":2,"time":1420796981000,"type_name":"Authentication: Logon","type_uid":300201,"unmapped":{"CaseID":"AD_4625_1_2","Detailed Authentication Information":{"Key Length":"0","Package Name (NTLM only)":"-","Transited Services":"-"},"EventType":"0","Failure Information":{"Sub Status":"0x0"},"OpCode":"Info","TaskCategory":"Logon"},"user":{"account":{"name":"kirlab","type":"Windows Account","type_id":2,"uid":"NULL SID"},"domain":"EASTMAN","name":"kirlab","uid":"NULL SID"}}
{"activity_id":1,"activity_name":"Logon","actor":{"process":{"file":{"name":"-","path":"-","type":"Regular File","type_id":1},"pid":0},"session":{"uid":"0x0"},"user":{"account":{"name":"-","type":"Windows Account","type_id":2,"uid":"S-1-0-0"},"domain":"-","name":"-","uid":"S-1-0-0"}},"auth_protocol":"Kerberos","auth_protocol_id":2,"category_name":"Identity & Access Management","category_uid":3,"class_name":"Authentication","class_uid":3002,"device":{"hostname":"win2k12sdc.kkctf.local","os":{"name":"Windows","type":"Windows","type_id":100},"type":"Unknown","type_id":0},"dst_endpoint":{"hostname":"win2k12sdc.kkctf.local"},"logon_process":{"name":"Kerberos","pid":-1},"logon_type":"Network","logon_type_id":3,"message":"An account failed to log on.","metadata":{"event_code":"4625","log_name":"Security","log_provider":"Microsoft Windows security auditing.","original_time":"11/24/2016 09:00:06 AM","product":{"name":"Microsoft Windows","vendor_name":"Microsoft"},"profiles":["host"],"sequence":16707962,"uid":"0d2efe591b8f27ffa722d93e09e4e960","version":"1.4.0"},"observables":[{"name":"actor.process","type":"Process","type_id":25},{"name":"actor.process.file","type":"File","type_id":24},{"name":"actor.process.file.name","type":"File Name","type_id":7,"value":"-"},{"name":"actor.process.pid","type":"Process ID","type_id":15,"value":"0"},{"name":"actor.user","type":"User","type_id":21},{"name":"actor.user.account.name","type":"Account Object: name","type_id":34,"value":"-"},{"name":"actor.user.account.uid","type":"Account Object: uid","type_id":35,"value":"S-1-0-0"},{"name":"actor.user.name","type":"User Name","type_id":4,"value":"-"},{"name":"actor.user.uid","type":"User Object: uid","type_id":31,"value":"S-1-0-0"},{"name":"device","type":"Endpoint","type_id":20},{"name":"device.hostname","type":"Hostname","type_id":1,"value":"win2k12sdc.kkctf.local"},{"name":"dst_endpoint","type":"Endpoint","type_id":20},{"name":"dst_endpoint.hostname","type":"Hostname","type_id":1,"value":"win2k12sdc.kkctf.local"},{"name":"user","type":"User","type_id":21},{"name":"user.uid","type":"User Object: uid","type_id":31,"value":"S-1-0-0"},{"name":"user.account.uid","type":"Account Object: uid","type_id":35,"value":"S-1-0-0"},{"name":"user.account.name","type":"Account Object: name","type_id":34,"value":"Administrator"},{"name":"user.name","type":"User Name","type_id":4,"value":"Administrator"},{"name":"logon_process","type":"Process","type_id":25},{"name":"logon_process.name","type":"Process Name","type_id":9,"value":"Kerberos"},{"name":"logon_process.pid","type":"Process ID","type_id":15,"value":"-1"},{"name":"src_endpoint","type":"Endpoint","type_id":20},{"name":"src_endpoint.ip","type":"IP Address","type_id":2,"value":"192.168.4.23"},{"name":"src_endpoint.port","type":"Port","type_id":11,"value":"3118"}],"raw_data":"11/24/2016 09:00:06 AM\nLogName=Security\nSourceName=Microsoft Windows security auditing.\nEventCode=4625\nEventType=0\nType=Information\nComputerName=win2k12sdc.kkctf.local\nTaskCategory=Logon\nOpCode=Info\nRecordNumber=16707962\nCaseID=AD_4625_1_3\nKeywords=Audit Failure\nMessage=An account failed to log on.\nSubject:\n    Security ID:        S-1-0-0\n    Account Name:       -\n    Account Domain:     -\n    Logon ID:       0x0\nLogon Type:         3\nAccount For Which Logon Failed:\n    Security ID:        S-1-0-0\n    Account Name:       Administrator\n    Account Domain:     KKCTF.LOCAL\nFailure Information:\n    Failure Reason:     The user has not been granted the requested logon type at this machine.\n    Status:         0xC000015B\n    Sub Status:     0x0\nProcess Information:\n    Caller Process ID:  0x0\n    Caller Process Name:    -\nNetwork Information:\n    Workstation Name:   -\n    Source Network Address: 192.168.4.23\n    Source Port:        3118\nDetailed Authentication Information:\n    Logon Process:      Kerberos\n    Authentication Package: Kerberos\n    Transited Services: -\n    Package Name (NTLM only):   -\n    Key Length:     0","severity":"Informational","severity_id":1,"src_endpoint":{"ip":"192.168.4.23","name":"-","port":3118},"status":"Failure","status_code":"0xC000015B","status_detail":"The user has not been granted the requested logon type at this machine.","status_id":2,"time":1479978006000,"type_name":"Authentication: Logon","type_uid":300201,"unmapped":{"CaseID":"AD_4625_1_3","Detailed Authentication Information":{"Key Length":"0","Package Name (NTLM only)":"-","Transited Services":"-"},"EventType":"0","Failure Information":{"Sub Status":"0x0"},"OpCode":"Info","TaskCategory":"Logon"},"user":{"account":{"name":"Administrator","type":"Windows Account","type_id":2,"uid":"S-1-0-0"},"domain":"KKCTF.LOCAL","name":"Administrator","uid":"S-1-0-0"}}
{"activity_id":1,"activity_name":"Logon","actor":{"process":{"file":{"name":"-","path":"-","type":"Regular File","type_id":1},"pid":0},"session":{"uid":"0x0"},"user":{"account":{"name":"-","type":"Windows Account","type_id":2,"uid":"S-1-0-0"},"domain":"-","name":"-","uid":"S-1-0-0"}},"auth_protocol":"Kerberos","auth_protocol_id":2,"category_name":"Identity & Access Management","category_uid":3,"class_name":"Authentication","class_uid":3002,"device":{"hostname":"win2k12sdc.kkctf.local","os":{"name":"Windows","type":"Windows","type_id":100},"type":"Unknown","type_id":0},"dst_endpoint":{"hostname":"win2k12sdc.kkctf.local"},"logon_process":{"name":"Kerberos","pid":-1},"logon_type":"Network","logon_type_id":3,"message":"An account failed to log on.","metadata":{"event_code":"4625","log_name":"Security","log_provider":"Microsoft Windows security auditing.","original_time":"11/24/2016 09:00:06 AM","product":{"name":"Microsoft Windows","vendor_name":"Microsoft"},"profiles":["host"],"sequence":16707962,"uid":"9b312dcc2fb5c0e8e36e45d2045ee634","version":"1.4.0"},"observables":[{"name":"user","type":"User","type_id":21},{"name":"user.account.uid","type":"Account Object: uid","type_id":35,"value":"S-1-0-0"},{"name":"user.account.name","type":"Account Object: name","type_id":34,"value":"WinABCD$"},{"name":"user.name","type":"User Name","type_id":4,"value":"WinABCD$"},{"name":"user.uid","type":"User Object: uid","type_id":31,"value":"S-1-0-0"},{"name":"dst_endpoint","type":"Endpoint","type_id":20},{"name":"dst_endpoint.hostname","type":"Hostname","type_id":1,"value":"win2k12sdc.kkctf.local"},{"name":"logon_process","type":"Process","type_id":25},{"name":"logon_process.name","type":"Process Name","type_id":9,"value":"Kerberos"},{"name":"logon_process.pid","type":"Process ID","type_id":15,"value":"-1"},{"name":"actor.process","type":"Process","type_id":25},{"name":"actor.process.file","type":"File","type_id":24},{"name":"actor.process.file.name","type":"File Name","type_id":7,"value":"-"},{"name":"actor.process.pid","type":"Process ID","type_id":15,"value":"0"},{"name":"actor.user","type":"User","type_id":21},{"name":"actor.user.name","type":"User Name","type_id":4,"value":"-"},{"name":"actor.user.uid","type":"User Object: uid","type_id":31,"value":"S-1-0-0"},{"name":"actor.user.account.uid","type":"Account Object: uid","type_id":35,"value":"S-1-0-0"},{"name":"actor.user.account.name","type":"Account Object: name","type_id":34,"value":"-"},{"name":"src_endpoint","type":"Endpoint","type_id":20},{"name":"src_endpoint.ip","type":"IP Address","type_id":2,"value":"192.168.4.23"},{"name":"src_endpoint.port","type":"Port","type_id":11,"value":"3118"},{"name":"device","type":"Endpoint","type_id":20},{"name":"device.hostname","type":"Hostname","type_id":1,"value":"win2k12sdc.kkctf.local"}],"raw_data":"11/24/2016 09:00:06 AM\nLogName=Security\nSourceName=Microsoft Windows security auditing.\nEventCode=4625\nEventType=0\nType=Information\nComputerName=win2k12sdc.kkctf.local\nTaskCategory=Logon\nOpCode=Info\nRecordNumber=16707962\nCaseID=AD_4625_1_4\nKeywords=Audit Failure\nMessage=An account failed to log on.\nSubject:\n    Security ID:        S-1-0-0\n    Account Name:       -\n    Account Domain:     -\n    Logon ID:       0x0\nLogon Type:         3\nAccount For Which Logon Failed:\n    Security ID:        S-1-0-0\n    Account Name:       WinABCD$\n    Account Domain:     KKCTF.LOCAL\nFailure Information:\n    Failure Reason:     The user has not been granted the requested logon type at this machine.\n    Status:         0xC000015B\n    Sub Status:     0x0\nProcess Information:\n    Caller Process ID:  0x0\n    Caller Process Name:    -\nNetwork Information:\n    Workstation Name:   -\n    Source Network Address: 192.168.4.23\n    Source Port:        3118\nDetailed Authentication Information:\n    Logon Process:      Kerberos\n    Authentication Package: Kerberos\n    Transited Services: -\n    Package Name (NTLM only):   -\n    Key Length:     0","severity":"Informational","severity_id":1,"src_endpoint":{"ip":"192.168.4.23","name":"-","port":3118},"status":"Failure","status_code":"0xC000015B","status_detail":"The user has not been granted the requested logon type at this machine.","status_id":2,"time":1479978006000,"type_name":"Authentication: Logon","type_uid":300201,"unmapped":{"CaseID":"AD_4625_1_4","Detailed Authentication Information":{"Key Length":"0","Package Name (NTLM only)":"-","Transited Services":"-"},"EventType":"0","Failure Information":{"Sub Status":"0x0"},"OpCode":"Info","TaskCategory":"Logon"},"user":{"account":{"name":"WinABCD$","type":"Windows Account","type_id":2,"uid":"S-1-0-0"},"domain":"KKCTF.LOCAL","name":"WinABCD$","uid":"S-1-0-0"}}
