{"activity_id":4,"activity_name":"Remove User","actor":{"session":{"uid":"0x1406FE"},"user":{"account":{"name":"administrator","type":"Windows Account","type_id":2,"uid":"LOCAL\\Administrator"},"domain":"LOCAL","name":"administrator","uid":"LOCAL\\Administrator"}},"category_name":"Identity & Access Management","category_uid":3,"class_name":"Group Management","class_uid":3006,"device":{"hostname":"C9154492706.local.domain","os":{"name":"Windows","type":"Windows","type_id":100},"type":"Unknown","type_id":0},"group":{"domain":"LOCAL","name":"glb","uid":"LOCAL\\glb"},"message":"A member was removed from a security-enabled global group.","metadata":{"event_code":"4729","log_name":"Security","log_provider":"Microsoft Windows security auditing.","original_time":"01/06/2023 05:18:27 AM","product":{"name":"Microsoft Windows","vendor_name":"Microsoft"},"profiles":["host"],"sequence":25516,"uid":"5ecf90b71683919c86ac3cbce58aaa46","version":"1.4.0"},"observables":[{"name":"device","type":"Endpoint","type_id":20},{"name":"device.hostname","type":"Hostname","type_id":1,"value":"C9154492706.local.domain"},{"name":"actor.user","type":"User","type_id":21},{"name":"actor.user.account.uid","type":"Account Object: uid","type_id":35,"value":"LOCAL\\Administrator"},{"name":"actor.user.account.name","type":"Account Object: name","type_id":34,"value":"administrator"},{"name":"actor.user.name","type":"User Name","type_id":4,"value":"administrator"},{"name":"actor.user.uid","type":"User Object: uid","type_id":31,"value":"LOCAL\\Administrator"},{"name":"user","type":"User","type_id":21},{"name":"user.account.uid","type":"Account Object: uid","type_id":35,"value":"LOCAL\\ddd"},{"name":"user.account.name","type":"Account Object: name","type_id":34,"value":"ddd"},{"name":"user.uid","type":"User Object: uid","type_id":31,"value":"LOCAL\\ddd"},{"name":"user.name","type":"User Name","type_id":4,"value":"ddd"},{"name":"group.name","type":"Group Object: name","type_id":32,"value":"glb"},{"name":"group.uid","type":"Group Object: uid","type_id":33,"value":"LOCAL\\glb"}],"raw_data":"01/06/2023 05:18:27 AM\nLogName=Security\nEventCode=4729\nEventType=0\nComputerName=C9154492706.local.domain\nSourceName=Microsoft Windows security auditing.\nType=Information\nRecordNumber=25516\nKeywords=Audit Success\nTaskCategory=Security Group Management\nOpCode=Info\nMessage=A member was removed from a security-enabled global group.\n\nSubject:\n        Security ID:                LOCAL\\Administrator\n        Account Name:                administrator\n        Account Domain:                LOCAL\n        Logon ID:                0x1406FE\n\nMember:\n        Security ID:                LOCAL\\ddd\n        Account Name:                CN=ddd daas.,CN=Users,DC=local,DC=domain\n\nGroup:\n        Security ID:                LOCAL\\glb\n        Group Name:                glb\n        Group Domain:                LOCAL\n\nAdditional Information:\n        Privileges:                -","severity":"Informational","severity_id":1,"status":"Success","status_id":1,"time":1672982307000,"type_name":"Group Management: Remove User","type_uid":300604,"unmapped":{"Additional Information":{"Privileges":"-"},"EventType":"0","Member":{"Account Name":"CN=ddd daas.,CN=Users,DC=local,DC=domain"},"OpCode":"Info","TaskCategory":"Security Group Management","event_data":{"toplevel":"domain","usergroup":"Users"}},"user":{"account":{"name":"ddd","type":"Windows Account","type_id":2,"uid":"LOCAL\\ddd"},"domain":"LOCAL","name":"ddd","uid":"LOCAL\\ddd"}}
{"activity_id":4,"activity_name":"Remove User","actor":{"session":{"uid":"0x13D5E027"},"user":{"account":{"name":"ravi","type":"Windows Account","type_id":2,"uid":"S-1-5-21-1406531526-4149269749-34710086-1104"},"domain":"SPLUNK","name":"ravi","uid":"S-1-5-21-1406531526-4149269749-34710086-1104"}},"category_name":"Identity & Access Management","category_uid":3,"class_name":"Group Management","class_uid":3006,"device":{"hostname":"C3748226038.local.domain","os":{"name":"Windows","type":"Windows","type_id":100},"type":"Unknown","type_id":0},"group":{"domain":"SPLUNK","name":"crest-global1","uid":"S-1-5-21-1406531526-4149269749-34710086-1110"},"message":"A member was removed from a security-enabled global group.","metadata":{"event_code":"4729","log_name":"Security","log_provider":"Microsoft Windows security auditing.","original_time":"12/29/2022 10:41:59 PM","product":{"name":"Microsoft Windows","vendor_name":"Microsoft"},"profiles":["host"],"sequence":41260,"uid":"951f6a93ffc19cbabb83b35ba9ea2c95","version":"1.4.0"},"observables":[{"name":"actor.user","type":"User","type_id":21},{"name":"actor.user.account.name","type":"Account Object: name","type_id":34,"value":"ravi"},{"name":"actor.user.account.uid","type":"Account Object: uid","type_id":35,"value":"S-1-5-21-1406531526-4149269749-34710086-1104"},{"name":"actor.user.name","type":"User Name","type_id":4,"value":"ravi"},{"name":"actor.user.uid","type":"User Object: uid","type_id":31,"value":"S-1-5-21-1406531526-4149269749-34710086-1104"},{"name":"group.name","type":"Group Object: name","type_id":32,"value":"crest-global1"},{"name":"group.uid","type":"Group Object: uid","type_id":33,"value":"S-1-5-21-1406531526-4149269749-34710086-1110"},{"name":"device","type":"Endpoint","type_id":20},{"name":"device.hostname","type":"Hostname","type_id":1,"value":"C3748226038.local.domain"},{"name":"user","type":"User","type_id":21},{"name":"user.account.uid","type":"Account Object: uid","type_id":35,"value":"S-1-5-21-1406531526-4149269749-34710086-1103"},{"name":"user.account.name","type":"Account Object: name","type_id":34,"value":"new user"},{"name":"user.uid","type":"User Object: uid","type_id":31,"value":"S-1-5-21-1406531526-4149269749-34710086-1103"},{"name":"user.name","type":"User Name","type_id":4,"value":"new user"}],"raw_data":"12/29/2022 10:41:59 PM\nLogName=Security\nEventCode=4729\nEventType=0\nComputerName=C3748226038.local.domain\nSourceName=Microsoft Windows security auditing.\nType=Information\nRecordNumber=41260\nKeywords=Audit Success\nTaskCategory=Security Group Management\nOpCode=Info\nMessage=A member was removed from a security-enabled global group.\n\n\nSubject:\n  Security ID:  S-1-5-21-1406531526-4149269749-34710086-1104\n  Account Name:  ravi\n  Account Domain:  SPLUNK\n  Logon ID:  0x13D5E027\n\n\nMember:\n  Security ID:  S-1-5-21-1406531526-4149269749-34710086-1103\n  Account Name:  CN=new user,CN=Users,DC=local,DC=domain\n\n\nGroup:\n  Security ID:  S-1-5-21-1406531526-4149269749-34710086-1110\n  Group Name:  crest-global1\n  Group Domain:  SPLUNK\n\n\nAdditional Information:\n  Privileges:  -","severity":"Informational","severity_id":1,"status":"Success","status_id":1,"time":1672353719000,"type_name":"Group Management: Remove User","type_uid":300604,"unmapped":{"Additional Information":{"Privileges":"-"},"EventType":"0","Member":{"Account Name":"CN=new user,CN=Users,DC=local,DC=domain"},"OpCode":"Info","TaskCategory":"Security Group Management","event_data":{"toplevel":"domain","usergroup":"Users"}},"user":{"account":{"name":"new user","type":"Windows Account","type_id":2,"uid":"S-1-5-21-1406531526-4149269749-34710086-1103"},"domain":"local","name":"new user","uid":"S-1-5-21-1406531526-4149269749-34710086-1103"}}
{"activity_id":3,"activity_name":"Add User","actor":{"session":{"uid":"0x1328A6"},"user":{"account":{"name":"administrator","type":"Windows Account","type_id":2,"uid":"TAF\\Administrator"},"domain":"TAF","name":"administrator","uid":"TAF\\Administrator"}},"category_name":"Identity & Access Management","category_uid":3,"class_name":"Group Management","class_uid":3006,"device":{"hostname":"WIN-9A3SFCUS26U.taf.local","os":{"name":"Windows","type":"Windows","type_id":100},"type":"Unknown","type_id":0},"group":{"domain":"Builtin","name":"Administrators","uid":"BUILTIN\\Administrators"},"message":"A member was added to a security-enabled local group.","metadata":{"event_code":"4732","log_name":"Security","log_provider":"Microsoft Windows security auditing.","original_time":"12/02/2021 10:26:46 AM","product":{"name":"Microsoft Windows","vendor_name":"Microsoft"},"profiles":["host"],"sequence":2266548,"uid":"49dad13f3429a995bcf4d1ed8c9bcdf5","version":"1.4.0"},"observables":[{"name":"group.name","type":"Group Object: name","type_id":32,"value":"Administrators"},{"name":"group.uid","type":"Group Object: uid","type_id":33,"value":"BUILTIN\\Administrators"},{"name":"device","type":"Endpoint","type_id":20},{"name":"device.hostname","type":"Hostname","type_id":1,"value":"WIN-9A3SFCUS26U.taf.local"},{"name":"actor.user","type":"User","type_id":21},{"name":"actor.user.uid","type":"User Object: uid","type_id":31,"value":"TAF\\Administrator"},{"name":"actor.user.account.uid","type":"Account Object: uid","type_id":35,"value":"TAF\\Administrator"},{"name":"actor.user.account.name","type":"Account Object: name","type_id":34,"value":"administrator"},{"name":"actor.user.name","type":"User Name","type_id":4,"value":"administrator"},{"name":"user","type":"User","type_id":21},{"name":"user.account.uid","type":"Account Object: uid","type_id":35,"value":"TAF\\dsurti"},{"name":"user.account.name","type":"Account Object: name","type_id":34,"value":"dsurti"},{"name":"user.uid","type":"User Object: uid","type_id":31,"value":"TAF\\dsurti"},{"name":"user.name","type":"User Name","type_id":4,"value":"dsurti"}],"raw_data":"12/02/2021 10:26:46 AM\nLogName=Security\nEventCode=4732\nEventType=0\nComputerName=WIN-9A3SFCUS26U.taf.local\nSourceName=Microsoft Windows security auditing.\nType=Information\nRecordNumber=2266548\nKeywords=Audit Success\nTaskCategory=Security Group Management\nOpCode=Info\nMessage=A member was added to a security-enabled local group.\n\nSubject:\n        Security ID:                TAF\\Administrator\n        Account Name:                administrator\n        Account Domain:                TAF\n        Logon ID:                0x1328A6\n\nMember:\n        Security ID:                TAF\\dsurti\n        Account Name:                CN=dsurti,CN=Users,DC=taf,DC=local\n\nGroup:\n        Security ID:                BUILTIN\\Administrators\n        Group Name:                Administrators\n        Group Domain:                Builtin\n\nAdditional Information:\n        Privileges:                -","severity":"Informational","severity_id":1,"status":"Success","status_id":1,"time":1638440806000,"type_name":"Group Management: Add User","type_uid":300603,"unmapped":{"Additional Information":{"Privileges":"-"},"EventType":"0","Member":{"Account Name":"CN=dsurti,CN=Users,DC=taf,DC=local"},"OpCode":"Info","TaskCategory":"Security Group Management","event_data":{"toplevel":"local","usergroup":"Users"}},"user":{"account":{"name":"dsurti","type":"Windows Account","type_id":2,"uid":"TAF\\dsurti"},"domain":"TAF","name":"dsurti","uid":"TAF\\dsurti"}}
{"activity_id":3,"activity_name":"Add User","actor":{"session":{"uid":"0x884BB"},"user":{"account":{"name":"Administrator","type":"Windows Account","type_id":2,"uid":"S-1-5-21-405064170-846588972-3451157811-500"},"domain":"TAF","name":"Administrator","uid":"S-1-5-21-405064170-846588972-3451157811-500"}},"category_name":"Identity & Access Management","category_uid":3,"class_name":"Group Management","class_uid":3006,"device":{"hostname":"WIN-9A3SFCUS26U.taf.local","os":{"name":"Windows","type":"Windows","type_id":100},"type":"Unknown","type_id":0},"group":{"domain":"Builtin","name":"Administrators","uid":"S-1-5-32-544"},"message":"A member was added to a security-enabled local group.","metadata":{"event_code":"4732","log_name":"Security","log_provider":"Microsoft Windows security auditing.","original_time":"04/05/2022 06:52:04 AM","product":{"name":"Microsoft Windows","vendor_name":"Microsoft"},"profiles":["host"],"sequence":8728718,"uid":"ec42abfa3e97450d5b95fdba6328725b","version":"1.4.0"},"observables":[{"name":"user","type":"User","type_id":21},{"name":"user.uid","type":"User Object: uid","type_id":31,"value":"S-1-5-21-405064170-846588972-3451157811-1605"},{"name":"user.name","type":"User Name","type_id":4,"value":"dsurti"},{"name":"user.account.name","type":"Account Object: name","type_id":34,"value":"dsurti"},{"name":"user.account.uid","type":"Account Object: uid","type_id":35,"value":"S-1-5-21-405064170-846588972-3451157811-1605"},{"name":"group.name","type":"Group Object: name","type_id":32,"value":"Administrators"},{"name":"group.uid","type":"Group Object: uid","type_id":33,"value":"S-1-5-32-544"},{"name":"device","type":"Endpoint","type_id":20},{"name":"device.hostname","type":"Hostname","type_id":1,"value":"WIN-9A3SFCUS26U.taf.local"},{"name":"actor.user","type":"User","type_id":21},{"name":"actor.user.account.uid","type":"Account Object: uid","type_id":35,"value":"S-1-5-21-405064170-846588972-3451157811-500"},{"name":"actor.user.account.name","type":"Account Object: name","type_id":34,"value":"Administrator"},{"name":"actor.user.name","type":"User Name","type_id":4,"value":"Administrator"},{"name":"actor.user.uid","type":"User Object: uid","type_id":31,"value":"S-1-5-21-405064170-846588972-3451157811-500"}],"raw_data":"04/05/2022 06:52:04 AM\nLogName=Security\nEventCode=4732\nEventType=0\nComputerName=WIN-9A3SFCUS26U.taf.local\nSourceName=Microsoft Windows security auditing.\nType=Information\nRecordNumber=8728718\nKeywords=Audit Success\nTaskCategory=Security Group Management\nOpCode=Info\nMessage=A member was added to a security-enabled local group.\n\nSubject:\n\tSecurity ID:\t\tS-1-5-21-405064170-846588972-3451157811-500\n\tAccount Name:\t\tAdministrator\n\tAccount Domain:\t\tTAF\n\tLogon ID:\t\t0x884BB\n\nMember:\n\tSecurity ID:\t\tS-1-5-21-405064170-846588972-3451157811-1605\n\tAccount Name:\t\tCN=dsurti,CN=Users,DC=taf,DC=local\n\nGroup:\n\tSecurity ID:\t\tS-1-5-32-544\n\tGroup Name:\t\tAdministrators\n\tGroup Domain:\t\tBuiltin\n\nAdditional Information:\n\tPrivileges:\t\t-","severity":"Informational","severity_id":1,"status":"Success","status_id":1,"time":1649141524000,"type_name":"Group Management: Add User","type_uid":300603,"unmapped":{"Additional Information":{"Privileges":"-"},"EventType":"0","Member":{"Account Name":"CN=dsurti,CN=Users,DC=taf,DC=local"},"OpCode":"Info","TaskCategory":"Security Group Management","event_data":{"toplevel":"local","usergroup":"Users"}},"user":{"account":{"name":"dsurti","type":"Windows Account","type_id":2,"uid":"S-1-5-21-405064170-846588972-3451157811-1605"},"domain":"taf","name":"dsurti","uid":"S-1-5-21-405064170-846588972-3451157811-1605"}}
{"activity_id":3,"activity_name":"Add User","actor":{"session":{"uid":"0x884BB"},"user":{"account":{"name":"Administrator","type":"Windows Account","type_id":2,"uid":"S-1-5-21-405064170-846588972-3451157811-500"},"domain":"TAF","name":"Administrator","uid":"S-1-5-21-405064170-846588972-3451157811-500"}},"category_name":"Identity & Access Management","category_uid":3,"class_name":"Group Management","class_uid":3006,"device":{"hostname":"WIN-9A3SFCUS26U.taf.local","os":{"name":"Windows","type":"Windows","type_id":100},"type":"Unknown","type_id":0},"group":{"domain":"Builtin","name":"Administrators","uid":"S-1-5-32-544"},"message":"A member was added to a security-enabled local group.","metadata":{"event_code":"4732","log_name":"Security","log_provider":"Microsoft Windows security auditing.","original_time":"04/05/2022 06:44:21 AM","product":{"name":"Microsoft Windows","vendor_name":"Microsoft"},"profiles":["host"],"sequence":8727053,"uid":"e1830ba980b173ffece724b2e4af9227","version":"1.4.0"},"observables":[{"name":"actor.user","type":"User","type_id":21},{"name":"actor.user.account.uid","type":"Account Object: uid","type_id":35,"value":"S-1-5-21-405064170-846588972-3451157811-500"},{"name":"actor.user.account.name","type":"Account Object: name","type_id":34,"value":"Administrator"},{"name":"actor.user.name","type":"User Name","type_id":4,"value":"Administrator"},{"name":"actor.user.uid","type":"User Object: uid","type_id":31,"value":"S-1-5-21-405064170-846588972-3451157811-500"},{"name":"user","type":"User","type_id":21},{"name":"user.account.uid","type":"Account Object: uid","type_id":35,"value":"S-1-5-21-405064170-846588972-3451157811-2602"},{"name":"user.account.name","type":"Account Object: name","type_id":34,"value":"firstname\\, lastname"},{"name":"user.uid","type":"User Object: uid","type_id":31,"value":"S-1-5-21-405064170-846588972-3451157811-2602"},{"name":"user.name","type":"User Name","type_id":4,"value":"firstname\\, lastname"},{"name":"group.name","type":"Group Object: name","type_id":32,"value":"Administrators"},{"name":"group.uid","type":"Group Object: uid","type_id":33,"value":"S-1-5-32-544"},{"name":"device","type":"Endpoint","type_id":20},{"name":"device.hostname","type":"Hostname","type_id":1,"value":"WIN-9A3SFCUS26U.taf.local"}],"raw_data":"04/05/2022 06:44:21 AM\nLogName=Security\nEventCode=4732\nEventType=0\nComputerName=WIN-9A3SFCUS26U.taf.local\nSourceName=Microsoft Windows security auditing.\nType=Information\nRecordNumber=8727053\nKeywords=Audit Success\nTaskCategory=Security Group Management\nOpCode=Info\nMessage=A member was added to a security-enabled local group.\n\nSubject:\n\tSecurity ID:\t\tS-1-5-21-405064170-846588972-3451157811-500\n\tAccount Name:\t\tAdministrator\n\tAccount Domain:\t\tTAF\n\tLogon ID:\t\t0x884BB\n\nMember:\n\tSecurity ID:\t\tS-1-5-21-405064170-846588972-3451157811-2602\n\tAccount Name:\t\tCN=firstname\\, lastname,CN=Users,DC=taf,DC=local\n\nGroup:\n\tSecurity ID:\t\tS-1-5-32-544\n\tGroup Name:\t\tAdministrators\n\tGroup Domain:\t\tBuiltin\n\nAdditional Information:\n\tPrivileges:\t\t-","severity":"Informational","severity_id":1,"status":"Success","status_id":1,"time":1649141061000,"type_name":"Group Management: Add User","type_uid":300603,"unmapped":{"Additional Information":{"Privileges":"-"},"EventType":"0","Member":{"Account Name":"CN=firstname\\, lastname,CN=Users,DC=taf,DC=local"},"OpCode":"Info","TaskCategory":"Security Group Management","event_data":{"toplevel":"local","usergroup":"Users"}},"user":{"account":{"name":"firstname\\, lastname","type":"Windows Account","type_id":2,"uid":"S-1-5-21-405064170-846588972-3451157811-2602"},"domain":"taf","name":"firstname\\, lastname","uid":"S-1-5-21-405064170-846588972-3451157811-2602"}}
{"activity_id":4,"activity_name":"Remove User","actor":{"session":{"uid":"0x87B2D"},"user":{"account":{"name":"Administrator","type":"Windows Account","type_id":2,"uid":"TAF\\Administrator"},"domain":"C5672481682","name":"Administrator","uid":"TAF\\Administrator"}},"category_name":"Identity & Access Management","category_uid":3,"class_name":"Group Management","class_uid":3006,"device":{"hostname":"C5672481682","os":{"name":"Windows","type":"Windows","type_id":100},"type":"Unknown","type_id":0},"group":{"domain":"Builtin","name":"Administrators","uid":"BUILTIN\\Administrators"},"message":"A member was removed from a security-enabled local group.","metadata":{"event_code":"4733","log_name":"Security","log_provider":"Microsoft Windows security auditing.","original_time":"11/10/2022 04:03:23 AM","product":{"name":"Microsoft Windows","vendor_name":"Microsoft"},"profiles":["host"],"sequence":23952,"uid":"f35b43c5cca8c6bbfba9e91a2f99291b","version":"1.4.0"},"observables":[{"name":"device","type":"Endpoint","type_id":20},{"name":"device.hostname","type":"Hostname","type_id":1,"value":"C5672481682"},{"name":"user","type":"User","type_id":21},{"name":"user.account.uid","type":"Account Object: uid","type_id":35,"value":"TAF\\testuser"},{"name":"user.account.name","type":"Account Object: name","type_id":34,"value":"testuser"},{"name":"user.uid","type":"User Object: uid","type_id":31,"value":"TAF\\testuser"},{"name":"user.name","type":"User Name","type_id":4,"value":"testuser"},{"name":"group.name","type":"Group Object: name","type_id":32,"value":"Administrators"},{"name":"group.uid","type":"Group Object: uid","type_id":33,"value":"BUILTIN\\Administrators"},{"name":"actor.user","type":"User","type_id":21},{"name":"actor.user.uid","type":"User Object: uid","type_id":31,"value":"TAF\\Administrator"},{"name":"actor.user.account.uid","type":"Account Object: uid","type_id":35,"value":"TAF\\Administrator"},{"name":"actor.user.account.name","type":"Account Object: name","type_id":34,"value":"Administrator"},{"name":"actor.user.name","type":"User Name","type_id":4,"value":"Administrator"}],"raw_data":"11/10/2022 04:03:23 AM\nLogName=Security\nEventCode=4733\nEventType=0\nComputerName=C5672481682\nSourceName=Microsoft Windows security auditing.\nType=Information\nRecordNumber=23952\nKeywords=Audit Success\nTaskCategory=Security Group Management\nOpCode=Info\nMessage=A member was removed from a security-enabled local group.\n\nSubject:\n        Security ID:                TAF\\Administrator\n        Account Name:                Administrator\n        Account Domain:                C5672481682\n        Logon ID:                0x87B2D\n\nMember:\n        Security ID:                TAF\\testuser\n        Account Name:                -\n\nGroup:\n        Security ID:                BUILTIN\\Administrators\n        Group Name:                Administrators\n        Group Domain:                Builtin\n\nAdditional Information:\n        Privileges:                -","severity":"Informational","severity_id":1,"status":"Success","status_id":1,"time":1668053003000,"type_name":"Group Management: Remove User","type_uid":300604,"unmapped":{"Additional Information":{"Privileges":"-"},"EventType":"0","Member":{"Account Name":"-"},"OpCode":"Info","TaskCategory":"Security Group Management"},"user":{"account":{"name":"testuser","type":"Windows Account","type_id":2,"uid":"TAF\\testuser"},"domain":"TAF","name":"testuser","uid":"TAF\\testuser"}}
{"activity_id":4,"activity_name":"Remove User","actor":{"session":{"uid":"0x3E7"},"user":{"account":{"name":"C3748226038$","type":"Windows Account","type_id":2,"uid":"S-1-5-18"},"domain":"SPLUNK","name":"C3748226038$","uid":"S-1-5-18"}},"category_name":"Identity & Access Management","category_uid":3,"class_name":"Group Management","class_uid":3006,"device":{"hostname":"C3748226038.local.domain","os":{"name":"Windows","type":"Windows","type_id":100},"type":"Unknown","type_id":0},"group":{"domain":"Builtin","name":"IIS_IUSRS","uid":"S-1-5-32-568"},"message":"A member was removed from a security-enabled local group.","metadata":{"event_code":"4733","log_name":"Security","log_provider":"Microsoft Windows security auditing.","original_time":"12/29/2022 04:58:55 AM","product":{"name":"Microsoft Windows","vendor_name":"Microsoft"},"profiles":["host"],"sequence":37619,"uid":"b9c1a0990151c34d479e11f644cfdfdb","version":"1.4.0"},"observables":[{"name":"group.name","type":"Group Object: name","type_id":32,"value":"IIS_IUSRS"},{"name":"group.uid","type":"Group Object: uid","type_id":33,"value":"S-1-5-32-568"},{"name":"user","type":"User","type_id":21},{"name":"user.name","type":"User Name","type_id":4,"value":"-"},{"name":"user.account.uid","type":"Account Object: uid","type_id":35,"value":"S-1-5-17"},{"name":"user.account.name","type":"Account Object: name","type_id":34,"value":"-"},{"name":"user.uid","type":"User Object: uid","type_id":31,"value":"S-1-5-17"},{"name":"device","type":"Endpoint","type_id":20},{"name":"device.hostname","type":"Hostname","type_id":1,"value":"C3748226038.local.domain"},{"name":"actor.user","type":"User","type_id":21},{"name":"actor.user.name","type":"User Name","type_id":4,"value":"C3748226038$"},{"name":"actor.user.uid","type":"User Object: uid","type_id":31,"value":"S-1-5-18"},{"name":"actor.user.account.uid","type":"Account Object: uid","type_id":35,"value":"S-1-5-18"},{"name":"actor.user.account.name","type":"Account Object: name","type_id":34,"value":"C3748226038$"}],"raw_data":"12/29/2022 04:58:55 AM\nLogName=Security\nEventCode=4733\nEventType=0\nComputerName=C3748226038.local.domain\nSourceName=Microsoft Windows security auditing.\nType=Information\nRecordNumber=37619\nKeywords=Audit Success\nTaskCategory=Security Group Management\nOpCode=Info\nMessage=A member was removed from a security-enabled local group.\n\n\nSubject:\n  Security ID:  S-1-5-18\n  Account Name:  C3748226038$\n  Account Domain:  SPLUNK\n  Logon ID:  0x3E7\n\n\nMember:\n  Security ID:  S-1-5-17\n  Account Name:  -\n\n\nGroup:\n  Security ID:  S-1-5-32-568\n  Group Name:  IIS_IUSRS\n  Group Domain:  Builtin\n\n\nAdditional Information:\n  Privileges:  -","severity":"Informational","severity_id":1,"status":"Success","status_id":1,"time":1672289935000,"type_name":"Group Management: Remove User","type_uid":300604,"unmapped":{"Additional Information":{"Privileges":"-"},"EventType":"0","Member":{"Account Name":"-"},"OpCode":"Info","TaskCategory":"Security Group Management"},"user":{"account":{"name":"-","type":"Windows Account","type_id":2,"uid":"S-1-5-17"},"name":"-","uid":"S-1-5-17"}}
{"activity_id":9,"activity_name":"Lock","actor":{"session":{"uid":"0x3E7"},"user":{"account":{"name":"WIN-9A3SFCUS26U$","type":"Windows Account","type_id":2,"uid":"NT AUTHORITY\\SYSTEM"},"domain":"TAF","name":"WIN-9A3SFCUS26U$","uid":"NT AUTHORITY\\SYSTEM"}},"category_name":"Identity & Access Management","category_uid":3,"class_name":"Account Change","class_uid":3001,"device":{"hostname":"WIN-9A3SFCUS26U.taf.local","os":{"name":"Windows","type":"Windows","type_id":100},"type":"Unknown","type_id":0},"message":"A user account was locked out.","metadata":{"event_code":"4740","log_name":"Security","log_provider":"Microsoft Windows security auditing.","original_time":"02/15/2022 09:36:48 AM","product":{"name":"Microsoft Windows","vendor_name":"Microsoft"},"profiles":["host"],"sequence":4610790,"uid":"5411c577c347e0d60a42a4c7d1821324","version":"1.4.0"},"observables":[{"name":"user","type":"User","type_id":21},{"name":"user.account.uid","type":"Account Object: uid","type_id":35,"value":"TAF\\Administrator"},{"name":"user.account.name","type":"Account Object: name","type_id":34,"value":"Administrator"},{"name":"user.name","type":"User Name","type_id":4,"value":"Administrator"},{"name":"user.uid","type":"User Object: uid","type_id":31,"value":"TAF\\Administrator"},{"name":"src_endpoint","type":"Endpoint","type_id":20},{"name":"device","type":"Endpoint","type_id":20},{"name":"device.hostname","type":"Hostname","type_id":1,"value":"WIN-9A3SFCUS26U.taf.local"},{"name":"actor.user","type":"User","type_id":21},{"name":"actor.user.name","type":"User Name","type_id":4,"value":"WIN-9A3SFCUS26U$"},{"name":"actor.user.uid","type":"User Object: uid","type_id":31,"value":"NT AUTHORITY\\SYSTEM"},{"name":"actor.user.account.uid","type":"Account Object: uid","type_id":35,"value":"NT AUTHORITY\\SYSTEM"},{"name":"actor.user.account.name","type":"Account Object: name","type_id":34,"value":"WIN-9A3SFCUS26U$"}],"raw_data":"02/15/2022 09:36:48 AM\nLogName=Security\nEventCode=4740\nEventType=0\nComputerName=WIN-9A3SFCUS26U.taf.local\nSourceName=Microsoft Windows security auditing.\nType=Information\nRecordNumber=4610790\nKeywords=Audit Success\nTaskCategory=User Account Management\nOpCode=Info\nMessage=A user account was locked out.\n\nSubject:\n        Security ID:                NT AUTHORITY\\SYSTEM\n        Account Name:                WIN-9A3SFCUS26U$\n        Account Domain:                TAF\n        Logon ID:                0x3E7\n\nAccount That Was Locked Out:\n        Security ID:                TAF\\Administrator\n        Account Name:                Administrator\n\nAdditional Information:\n        Caller Computer Name:        WIN-9A3SFCUS26U","severity":"Informational","severity_id":1,"src_endpoint":{"name":"WIN-9A3SFCUS26U"},"status":"Success","status_id":1,"time":1644917808000,"type_name":"Account Change: Lock","type_uid":300109,"unmapped":{"EventType":"0","OpCode":"Info","TaskCategory":"User Account Management"},"user":{"account":{"name":"Administrator","type":"Windows Account","type_id":2,"uid":"TAF\\Administrator"},"name":"Administrator","uid":"TAF\\Administrator"}}
{"activity_id":3,"activity_name":"Add User","actor":{"session":{"uid":"0x1B7EF8B"},"user":{"account":{"name":"administrator","type":"Windows Account","type_id":2,"uid":"TAF\\Administrator"},"domain":"TAF","name":"administrator","uid":"TAF\\Administrator"}},"category_name":"Identity & Access Management","category_uid":3,"class_name":"Group Management","class_uid":3006,"device":{"hostname":"C5672481682.taf.local","os":{"name":"Windows","type":"Windows","type_id":100},"type":"Unknown","type_id":0},"group":{"name":"ABC","uid":"TAF\\ABC"},"message":"A member was added to a security-enabled universal group.","metadata":{"event_code":"4756","log_name":"Security","log_provider":"Microsoft Windows security auditing.","original_time":"11/11/2022 02:32:39 AM","product":{"name":"Microsoft Windows","vendor_name":"Microsoft"},"profiles":["host"],"sequence":28920,"uid":"a8e2f05050b8db4b1575c25518bc94d0","version":"1.4.0"},"observables":[{"name":"group.uid","type":"Group Object: uid","type_id":33,"value":"TAF\\ABC"},{"name":"group.name","type":"Group Object: name","type_id":32,"value":"ABC"},{"name":"device","type":"Endpoint","type_id":20},{"name":"device.hostname","type":"Hostname","type_id":1,"value":"C5672481682.taf.local"},{"name":"actor.user","type":"User","type_id":21},{"name":"actor.user.account.uid","type":"Account Object: uid","type_id":35,"value":"TAF\\Administrator"},{"name":"actor.user.account.name","type":"Account Object: name","type_id":34,"value":"administrator"},{"name":"actor.user.name","type":"User Name","type_id":4,"value":"administrator"},{"name":"actor.user.uid","type":"User Object: uid","type_id":31,"value":"TAF\\Administrator"},{"name":"user","type":"User","type_id":21},{"name":"user.name","type":"User Name","type_id":4,"value":"Guest"},{"name":"user.account.uid","type":"Account Object: uid","type_id":35,"value":"TAF\\Guest"},{"name":"user.account.name","type":"Account Object: name","type_id":34,"value":"Guest"},{"name":"user.uid","type":"User Object: uid","type_id":31,"value":"TAF\\Guest"}],"raw_data":"11/11/2022 02:32:39 AM\nLogName=Security\nEventCode=4756\nEventType=0\nComputerName=C5672481682.taf.local\nSourceName=Microsoft Windows security auditing.\nType=Information\nRecordNumber=28920\nKeywords=Audit Success\nTaskCategory=Security Group Management\nOpCode=Info\nMessage=A member was added to a security-enabled universal group.\n\nSubject:\n\tSecurity ID:\t\tTAF\\Administrator\n\tAccount Name:\t\tadministrator\n\tAccount Domain:\t\tTAF\n\tLogon ID:\t\t0x1B7EF8B\n\nMember:\n\tSecurity ID:\t\tTAF\\Guest\n\tAccount Name:\t\tCN=Guest,CN=Users,DC=taf,DC=local\n\nGroup:\n\tSecurity ID:\t\tTAF\\ABC\n\tAccount Name:\t\tABC\n\tAccount Domain:\t\tTAF\n\nAdditional Information:\n\tPrivileges:\t\t-","severity":"Informational","severity_id":1,"status":"Success","status_id":1,"time":1668133959000,"type_name":"Group Management: Add User","type_uid":300603,"unmapped":{"Additional Information":{"Privileges":"-"},"EventType":"0","Group":{"Account Domain":"TAF"},"Member":{"Account Name":"CN=Guest,CN=Users,DC=taf,DC=local"},"OpCode":"Info","TaskCategory":"Security Group Management","event_data":{"toplevel":"local","usergroup":"Users"}},"user":{"account":{"name":"Guest","type":"Windows Account","type_id":2,"uid":"TAF\\Guest"},"domain":"TAF","name":"Guest","uid":"TAF\\Guest"}}
{"activity_id":3,"activity_name":"Add User","actor":{"session":{"uid":"0x13D5E027"},"user":{"account":{"name":"ravi","type":"Windows Account","type_id":2,"uid":"S-1-5-21-1406531526-4149269749-34710086-1104"},"domain":"SPLUNK","name":"ravi","uid":"S-1-5-21-1406531526-4149269749-34710086-1104"}},"category_name":"Identity & Access Management","category_uid":3,"class_name":"Group Management","class_uid":3006,"device":{"hostname":"C3748226038.local.domain","os":{"name":"Windows","type":"Windows","type_id":100},"type":"Unknown","type_id":0},"group":{"name":"crest-universal","uid":"S-1-5-21-1406531526-4149269749-34710086-1107"},"message":"A member was added to a security-enabled universal group.","metadata":{"event_code":"4756","log_name":"Security","log_provider":"Microsoft Windows security auditing.","original_time":"12/29/2022 09:53:20 PM","product":{"name":"Microsoft Windows","vendor_name":"Microsoft"},"profiles":["host"],"sequence":41177,"uid":"cbbb00f186578f44cdb93c590b17a9ef","version":"1.4.0"},"observables":[{"name":"user","type":"User","type_id":21},{"name":"user.name","type":"User Name","type_id":4,"value":"ravi3"},{"name":"user.account.name","type":"Account Object: name","type_id":34,"value":"ravi3"},{"name":"user.account.uid","type":"Account Object: uid","type_id":35,"value":"S-1-5-21-1406531526-4149269749-34710086-1109"},{"name":"user.uid","type":"User Object: uid","type_id":31,"value":"S-1-5-21-1406531526-4149269749-34710086-1109"},{"name":"group.uid","type":"Group Object: uid","type_id":33,"value":"S-1-5-21-1406531526-4149269749-34710086-1107"},{"name":"group.name","type":"Group Object: name","type_id":32,"value":"crest-universal"},{"name":"actor.user","type":"User","type_id":21},{"name":"actor.user.account.uid","type":"Account Object: uid","type_id":35,"value":"S-1-5-21-1406531526-4149269749-34710086-1104"},{"name":"actor.user.account.name","type":"Account Object: name","type_id":34,"value":"ravi"},{"name":"actor.user.name","type":"User Name","type_id":4,"value":"ravi"},{"name":"actor.user.uid","type":"User Object: uid","type_id":31,"value":"S-1-5-21-1406531526-4149269749-34710086-1104"},{"name":"device","type":"Endpoint","type_id":20},{"name":"device.hostname","type":"Hostname","type_id":1,"value":"C3748226038.local.domain"}],"raw_data":"12/29/2022 09:53:20 PM\nLogName=Security\nEventCode=4756\nEventType=0\nComputerName=C3748226038.local.domain\nSourceName=Microsoft Windows security auditing.\nType=Information\nRecordNumber=41177\nKeywords=Audit Success\nTaskCategory=Security Group Management\nOpCode=Info\nMessage=A member was added to a security-enabled universal group.\n\n\nSubject:\n  Security ID:  S-1-5-21-1406531526-4149269749-34710086-1104\n  Account Name:  ravi\n  Account Domain:  SPLUNK\n  Logon ID:  0x13D5E027\n\n\nMember:\n  Security ID:  S-1-5-21-1406531526-4149269749-34710086-1109\n  Account Name:  cn=ravi3,CN=Users,DC=local,DC=domain\n\n\nGroup:\n  Security ID:  S-1-5-21-1406531526-4149269749-34710086-1107\n  Account Name:  crest-universal\n  Account Domain:  SPLUNK\n\n\nAdditional Information:\n  Privileges:  -","severity":"Informational","severity_id":1,"status":"Success","status_id":1,"time":1672350800000,"type_name":"Group Management: Add User","type_uid":300603,"unmapped":{"Additional Information":{"Privileges":"-"},"EventType":"0","Group":{"Account Domain":"SPLUNK"},"Member":{"Account Name":"cn=ravi3,CN=Users,DC=local,DC=domain"},"OpCode":"Info","TaskCategory":"Security Group Management","event_data":{"toplevel":"domain","usergroup":"Users"}},"user":{"account":{"name":"ravi3","type":"Windows Account","type_id":2,"uid":"S-1-5-21-1406531526-4149269749-34710086-1109"},"domain":"local","name":"ravi3","uid":"S-1-5-21-1406531526-4149269749-34710086-1109"}}
{"activity_id":4,"activity_name":"Remove User","actor":{"session":{"uid":"0x1B7EF8B"},"user":{"account":{"name":"administrator","type":"Windows Account","type_id":2,"uid":"TAF\\Administrator"},"domain":"TAF","name":"administrator","uid":"TAF\\Administrator"}},"category_name":"Identity & Access Management","category_uid":3,"class_name":"Group Management","class_uid":3006,"device":{"hostname":"C5672481682.taf.local","os":{"name":"Windows","type":"Windows","type_id":100},"type":"Unknown","type_id":0},"group":{"domain":"TAF","name":"ABC","uid":"TAF\\ABC"},"message":"A member was removed from a security-enabled universal group.","metadata":{"event_code":"4757","log_name":"Security","log_provider":"Microsoft Windows security auditing.","original_time":"11/11/2022 02:32:58 AM","product":{"name":"Microsoft Windows","vendor_name":"Microsoft"},"profiles":["host"],"sequence":28922,"uid":"a98ebc778227d835b2ce10571f58ee9a","version":"1.4.0"},"observables":[{"name":"actor.user","type":"User","type_id":21},{"name":"actor.user.account.uid","type":"Account Object: uid","type_id":35,"value":"TAF\\Administrator"},{"name":"actor.user.account.name","type":"Account Object: name","type_id":34,"value":"administrator"},{"name":"actor.user.name","type":"User Name","type_id":4,"value":"administrator"},{"name":"actor.user.uid","type":"User Object: uid","type_id":31,"value":"TAF\\Administrator"},{"name":"user","type":"User","type_id":21},{"name":"user.uid","type":"User Object: uid","type_id":31,"value":"TAF\\Guest"},{"name":"user.name","type":"User Name","type_id":4,"value":"Guest"},{"name":"user.account.uid","type":"Account Object: uid","type_id":35,"value":"TAF\\Guest"},{"name":"user.account.name","type":"Account Object: name","type_id":34,"value":"Guest"},{"name":"group.name","type":"Group Object: name","type_id":32,"value":"ABC"},{"name":"group.uid","type":"Group Object: uid","type_id":33,"value":"TAF\\ABC"},{"name":"device","type":"Endpoint","type_id":20},{"name":"device.hostname","type":"Hostname","type_id":1,"value":"C5672481682.taf.local"}],"raw_data":"11/11/2022 02:32:58 AM\nLogName=Security\nEventCode=4757\nEventType=0\nComputerName=C5672481682.taf.local\nSourceName=Microsoft Windows security auditing.\nType=Information\nRecordNumber=28922\nKeywords=Audit Success\nTaskCategory=Security Group Management\nOpCode=Info\nMessage=A member was removed from a security-enabled universal group.\n\nSubject:\n\tSecurity ID:\t\tTAF\\Administrator\n\tAccount Name:\t\tadministrator\n\tAccount Domain:\t\tTAF\n\tLogon ID:\t\t0x1B7EF8B\n\nMember:\n\tSecurity ID:\t\tTAF\\Guest\n\tAccount Name:\t\tCN=Guest,CN=Users,DC=taf,DC=local\n\nGroup:\n\tSecurity ID:\t\tTAF\\ABC\n\tGroup Name:\t\tABC\n\tGroup Domain:\t\tTAF\n\nAdditional Information:\n\tPrivileges:\t\t-","severity":"Informational","severity_id":1,"status":"Success","status_id":1,"time":1668133978000,"type_name":"Group Management: Remove User","type_uid":300604,"unmapped":{"Additional Information":{"Privileges":"-"},"EventType":"0","Member":{"Account Name":"CN=Guest,CN=Users,DC=taf,DC=local"},"OpCode":"Info","TaskCategory":"Security Group Management","event_data":{"toplevel":"local","usergroup":"Users"}},"user":{"account":{"name":"Guest","type":"Windows Account","type_id":2,"uid":"TAF\\Guest"},"domain":"TAF","name":"Guest","uid":"TAF\\Guest"}}
{"activity_id":4,"activity_name":"Remove User","actor":{"session":{"uid":"0x13D5E027"},"user":{"account":{"name":"ravi","type":"Windows Account","type_id":2,"uid":"S-1-5-21-1406531526-4149269749-34710086-1104"},"domain":"SPLUNK","name":"ravi","uid":"S-1-5-21-1406531526-4149269749-34710086-1104"}},"category_name":"Identity & Access Management","category_uid":3,"class_name":"Group Management","class_uid":3006,"device":{"hostname":"C3748226038.local.domain","os":{"name":"Windows","type":"Windows","type_id":100},"type":"Unknown","type_id":0},"group":{"domain":"SPLUNK","name":"crest-grlobal","uid":"S-1-5-21-1406531526-4149269749-34710086-1106"},"message":"A member was removed from a security-enabled universal group.","metadata":{"event_code":"4757","log_name":"Security","log_provider":"Microsoft Windows security auditing.","original_time":"12/29/2022 10:38:41 PM","product":{"name":"Microsoft Windows","vendor_name":"Microsoft"},"profiles":["host"],"sequence":41255,"uid":"3fef6776cb4df4bb112814bcf6e4f623","version":"1.4.0"},"observables":[{"name":"actor.user","type":"User","type_id":21},{"name":"actor.user.account.uid","type":"Account Object: uid","type_id":35,"value":"S-1-5-21-1406531526-4149269749-34710086-1104"},{"name":"actor.user.account.name","type":"Account Object: name","type_id":34,"value":"ravi"},{"name":"actor.user.name","type":"User Name","type_id":4,"value":"ravi"},{"name":"actor.user.uid","type":"User Object: uid","type_id":31,"value":"S-1-5-21-1406531526-4149269749-34710086-1104"},{"name":"group.name","type":"Group Object: name","type_id":32,"value":"crest-grlobal"},{"name":"group.uid","type":"Group Object: uid","type_id":33,"value":"S-1-5-21-1406531526-4149269749-34710086-1106"},{"name":"user","type":"User","type_id":21},{"name":"user.uid","type":"User Object: uid","type_id":31,"value":"S-1-5-21-1406531526-4149269749-34710086-1104"},{"name":"user.name","type":"User Name","type_id":4,"value":"ravi"},{"name":"user.account.uid","type":"Account Object: uid","type_id":35,"value":"S-1-5-21-1406531526-4149269749-34710086-1104"},{"name":"user.account.name","type":"Account Object: name","type_id":34,"value":"ravi"},{"name":"device","type":"Endpoint","type_id":20},{"name":"device.hostname","type":"Hostname","type_id":1,"value":"C3748226038.local.domain"}],"raw_data":"12/29/2022 10:38:41 PM\nLogName=Security\nEventCode=4757\nEventType=0\nComputerName=C3748226038.local.domain\nSourceName=Microsoft Windows security auditing.\nType=Information\nRecordNumber=41255\nKeywords=Audit Success\nTaskCategory=Security Group Management\nOpCode=Info\nMessage=A member was removed from a security-enabled universal group.\n\n\nSubject:\n  Security ID:  S-1-5-21-1406531526-4149269749-34710086-1104\n  Account Name:  ravi\n  Account Domain:  SPLUNK\n  Logon ID:  0x13D5E027\n\n\nMember:\n  Security ID:  S-1-5-21-1406531526-4149269749-34710086-1104\n  Account Name:  CN=ravi,CN=Users,DC=local,DC=domain\n\n\nGroup:\n  Security ID:  S-1-5-21-1406531526-4149269749-34710086-1106\n  Group Name:  crest-grlobal\n  Group Domain:  SPLUNK\n\n\nAdditional Information:\n  Privileges:  -","severity":"Informational","severity_id":1,"status":"Success","status_id":1,"time":1672353521000,"type_name":"Group Management: Remove User","type_uid":300604,"unmapped":{"Additional Information":{"Privileges":"-"},"EventType":"0","Member":{"Account Name":"CN=ravi,CN=Users,DC=local,DC=domain"},"OpCode":"Info","TaskCategory":"Security Group Management","event_data":{"toplevel":"domain","usergroup":"Users"}},"user":{"account":{"name":"ravi","type":"Windows Account","type_id":2,"uid":"S-1-5-21-1406531526-4149269749-34710086-1104"},"domain":"local","name":"ravi","uid":"S-1-5-21-1406531526-4149269749-34710086-1104"}}
{"activity_id":3,"activity_name":"Authentication Ticket","auth_protocol":"Kerberos","auth_protocol_id":2,"category_name":"Identity & Access Management","category_uid":3,"class_name":"Authentication","class_uid":3002,"device":{"hostname":"WSDCKAS1.emn.com","os":{"name":"Windows","type":"Windows","type_id":100},"type":"Unknown","type_id":0},"dst_endpoint":{"hostname":"WSDCKAS1.emn.com"},"message":"A Kerberos authentication ticket (TGT) was requested.","metadata":{"event_code":"4768","log_name":"Security","log_provider":"Microsoft Windows security auditing.","original_time":"01/09/2019 05:12:42 PM","product":{"name":"Microsoft Windows","vendor_name":"Microsoft"},"profiles":["host"],"sequence":565198449,"uid":"a0397a24041ce1dd0786bac2e987080f","version":"1.4.0"},"observables":[{"name":"device","type":"Endpoint","type_id":20},{"name":"device.hostname","type":"Hostname","type_id":1,"value":"WSDCKAS1.emn.com"},{"name":"dst_endpoint","type":"Endpoint","type_id":20},{"name":"dst_endpoint.hostname","type":"Hostname","type_id":1,"value":"WSDCKAS1.emn.com"},{"name":"src_endpoint","type":"Endpoint","type_id":20},{"name":"src_endpoint.ip","type":"IP Address","type_id":2,"value":"168.136.162.210"},{"name":"src_endpoint.port","type":"Port","type_id":11,"value":"51273"},{"name":"user","type":"User","type_id":21},{"name":"user.account.name","type":"Account Object: name","type_id":34,"value":"NTEU01$"},{"name":"user.name","type":"User Name","type_id":4,"value":"NTEU01$"}],"raw_data":"01/09/2019 05:12:42 PM\nLogName=Security\nSourceName=Microsoft Windows security auditing.\nEventCode=4768\nEventType=0\nType=Information\nComputerName=WSDCKAS1.emn.com\nTaskCategory=Kerberos Authentication Service\nOpCode=Info\nRecordNumber=565198449\nKeywords=Audit Failure\nMessage=A Kerberos authentication ticket (TGT) was requested.\nAccount Information:\n\tAccount Name:\t\tNTEU01$\n\tSupplied Realm Name:\tEMN.COM\n\tUser ID:\t\t\tNULL SID\nService Information:\n\tService Name:\t\tkrbtgt/EMN.COM\n\tService ID:\t\tNULL SID\nNetwork Information:\n\tClient Address:\t\t168.136.162.210\n\tClient Port:\t\t51273\nAdditional Information:\n\tTicket Options:\t\t0x0\n\tResult Code:\t\t0x6\n\tTicket Encryption Type:\t0xffffffff\n\tPre-Authentication Type:\t-\nCertificate Information:\n\tCertificate Issuer Name:\n\tCertificate Serial Number:\n\tCertificate Thumbprint:\nCertificate information is only provided if a certificate was used for pre-authentication.\nPre-authentication types, ticket options, encryption types and result codes are defined in RFC 4120.","severity":"Informational","severity_id":1,"src_endpoint":{"ip":"168.136.162.210","port":51273},"status":"Failure","status_id":2,"time":1547053962000,"type_name":"Authentication: Authentication Ticket","type_uid":300203,"unmapped":{"Account Information":{"User ID":"NULL SID"},"Additional Information":{"Pre-Authentication Type":"-","Result Code":"0x6","Ticket Encryption Type":"0xffffffff","Ticket Options":"0x0"},"Certificate Information":{"Certificate Issuer Name":"","Certificate Serial Number":"","Certificate Thumbprint":""},"EventType":"0","OpCode":"Info","Service Information":{"Service ID":"NULL SID","Service Name":"krbtgt/EMN.COM"},"TaskCategory":"Kerberos Authentication Service"},"user":{"account":{"name":"NTEU01$","type":"Windows Account","type_id":2},"domain":"EMN.COM","name":"NTEU01$"}}
{"activity_id":3,"activity_name":"Authentication Ticket","auth_protocol":"Kerberos","auth_protocol_id":2,"category_name":"Identity & Access Management","category_uid":3,"class_name":"Authentication","class_uid":3002,"device":{"hostname":"uba-win11.UBA_DSlab_DOMAIN.local","os":{"name":"Windows","type":"Windows","type_id":100},"type":"Unknown","type_id":0},"dst_endpoint":{"hostname":"uba-win11.UBA_DSlab_DOMAIN.local"},"message":"A Kerberos authentication ticket (TGT) was requested.","metadata":{"event_code":"4768","log_name":"Security","log_provider":"Microsoft Windows security auditing.","original_time":"1/18/2017 2:49:33 PM","product":{"name":"Microsoft Windows","vendor_name":"Microsoft"},"profiles":["host"],"sequence":796211636,"uid":"325b74acf8dba723243b7037d87625a9","version":"1.4.0"},"observables":[{"name":"dst_endpoint","type":"Endpoint","type_id":20},{"name":"dst_endpoint.hostname","type":"Hostname","type_id":1,"value":"uba-win11.UBA_DSlab_DOMAIN.local"},{"name":"src_endpoint","type":"Endpoint","type_id":20},{"name":"src_endpoint.port","type":"Port","type_id":11,"value":"49235"},{"name":"src_endpoint.ip","type":"IP Address","type_id":2,"value":"::ffff:10.1.150.4"},{"name":"device","type":"Endpoint","type_id":20},{"name":"device.hostname","type":"Hostname","type_id":1,"value":"uba-win11.UBA_DSlab_DOMAIN.local"},{"name":"user","type":"User","type_id":21},{"name":"user.name","type":"User Name","type_id":4,"value":"ad_user1"},{"name":"user.account.name","type":"Account Object: name","type_id":34,"value":"ad_user1"}],"raw_data":"1/18/2017 2:49:33 PM\nLogName=Security\nSourceName=Microsoft Windows security auditing.\nEventCode=4768\nEventType=0\nType=Information\nComputerName=uba-win11.UBA_DSlab_DOMAIN.local\nTaskCategory=Kerberos Authentication Service\nOpCode=Info\nRecordNumber=796211636\nKeywords=Audit Success\nMessage=A Kerberos authentication ticket (TGT) was requested.\n  \nAccount Information:\n    Account Name:       ad_user1\n    Supplied Realm Name:    UBA_DSLAB_DOMAIN.LOCAL\n    User ID:            UBA_DSLAB_DOMAI\\ad_user1\nService Information:\n    Service Name:       krbtgt\n    Service ID:     UBA_DSLAB_DOMAI\\krbtgt\nNetwork Information:\n    Client Address:     ::ffff:10.1.150.4\n    Client Port:        49235\nAdditional Information:\n    Ticket Options:     0x40810010\n    Result Code:        0x3E\n    Ticket Encryption Type: 0x12\n    Pre-Authentication Type:    2\nCertificate Information:\n    Certificate Issuer Name:   UBA_DSlab_DOMAIN-uba-win11-CA-1\n    Certificate Serial Number: 1D0000000D292FBE3C6CDDAFA200020000000D\n    Certificate Thumbprint:    564DFAEE99C71D62ABC553E695BD8DBC46669413\nCertificate information is only provided if a certificate was used for pre-authentication.\nPre-authentication types, ticket options, encryption types and result codes are defined in RFC 4120.","severity":"Informational","severity_id":1,"src_endpoint":{"ip":"::ffff:10.1.150.4","port":49235},"status":"Success","status_id":1,"time":1484750973000,"type_name":"Authentication: Authentication Ticket","type_uid":300203,"unmapped":{"Account Information":{"User ID":"UBA_DSLAB_DOMAI\\ad_user1"},"Additional Information":{"Pre-Authentication Type":"2","Result Code":"0x3E","Ticket Encryption Type":"0x12","Ticket Options":"0x40810010"},"Certificate Information":{"Certificate Issuer Name":"UBA_DSlab_DOMAIN-uba-win11-CA-1","Certificate Serial Number":"1D0000000D292FBE3C6CDDAFA200020000000D","Certificate Thumbprint":"564DFAEE99C71D62ABC553E695BD8DBC46669413"},"EventType":"0","OpCode":"Info","Service Information":{"Service ID":"UBA_DSLAB_DOMAI\\krbtgt","Service Name":"krbtgt"},"TaskCategory":"Kerberos Authentication Service"},"user":{"account":{"name":"ad_user1","type":"Windows Account","type_id":2},"domain":"UBA_DSLAB_DOMAIN.LOCAL","name":"ad_user1"}}
