{"activity_id":99,"activity_name":"Other","actor":{"process":{"file":{"name":"lsass.exe","parent_folder":"C:\\Windows\\System32","path":"C:\\Windows\\System32\\lsass.exe","type":"Regular File","type_id":1},"pid":596},"session":{"uid":"0x3E7"},"user":{"account":{"name":"SESTESTWIN2019D$","type":"Windows Account","type_id":2,"uid":"S-1-5-18"},"domain":"SESTESTDOMAIN","name":"SESTESTWIN2019D$","uid":"S-1-5-18"}},"category_name":"System Activity","category_uid":1,"class_name":"Windows Resource Activity","class_uid":201003,"device":{"hostname":"SesTestWin2019DC.SesTestDomain.local","os":{"name":"Windows","type":"Windows","type_id":100},"type":"Unknown","type_id":0},"message":"A handle to an object was requested.","metadata":{"event_code":"4661","log_name":"Security","log_provider":"Microsoft Windows security auditing.","original_time":"12/13/2021 09:47:39 PM","product":{"name":"Microsoft Windows","vendor_name":"Microsoft"},"profiles":["host"],"sequence":125967,"uid":"4141948b27ee2a16c2f571fd2e5ead08","version":"1.4.0"},"observables":[{"name":"device","type":"Endpoint","type_id":20},{"name":"device.hostname","type":"Hostname","type_id":1,"value":"SesTestWin2019DC.SesTestDomain.local"},{"name":"actor.process","type":"Process","type_id":25},{"name":"actor.process.file","type":"File","type_id":24},{"name":"actor.process.file.name","type":"File Name","type_id":7,"value":"lsass.exe"},{"name":"actor.process.pid","type":"Process ID","type_id":15,"value":"596"},{"name":"actor.user","type":"User","type_id":21},{"name":"actor.user.account.uid","type":"Account Object: uid","type_id":35,"value":"S-1-5-18"},{"name":"actor.user.account.name","type":"Account Object: name","type_id":34,"value":"SESTESTWIN2019D$"},{"name":"actor.user.name","type":"User Name","type_id":4,"value":"SESTESTWIN2019D$"},{"name":"actor.user.uid","type":"User Object: uid","type_id":31,"value":"S-1-5-18"}],"raw_data":"12/13/2021 09:47:39 PM\nLogName=Security\nEventCode=4661\nEventType=0\nComputerName=SesTestWin2019DC.SesTestDomain.local\nSourceName=Microsoft Windows security auditing.\nType=Information\nRecordNumber=125967\nKeywords=Audit Success\nTaskCategory=SAM\nOpCode=Info\nMessage=A handle to an object was requested.\n\nSubject :\n\tSecurity ID:\t\tS-1-5-18\n\tAccount Name:\t\tSESTESTWIN2019D$\n\tAccount Domain:\t\tSESTESTDOMAIN\n\tLogon ID:\t\t0x3E7\n\nObject:\n\tObject Server:\tSecurity Account Manager\n\tObject Type:\tSAM_ALIAS\n\tObject Name:\tS-1-5-32-544\n\tHandle ID:\t0x15513eef5d0\n\nProcess Information:\n\tProcess ID:\t0x254\n\tProcess Name:\tC:\\Windows\\System32\\lsass.exe\n\nAccess Request Information:\n\tTransaction ID:\t{00000000-0000-0000-0000-000000000000}\n\tAccesses:\tDELETE\n\t\t\t\tREAD_CONTROL\n\t\t\t\tWRITE_DAC\n\t\t\t\tWRITE_OWNER\n\t\t\t\tAddMember\n\t\t\t\tRemoveMember\n\t\t\t\tListMembers\n\t\t\t\tReadInformation\n\t\t\t\tWriteAccount\n\t\t\t\tUndefined Access (no effect) Bit 5\n\t\t\t\tUndefined Access (no effect) Bit 6\n\t\t\t\tUndefined Access (no effect) Bit 7\n\t\t\t\tUndefined Access (no effect) Bit 8\n\t\t\t\t\n\tAccess Reasons:\t\t-\n\tAccess Mask:\t0xF01FF\n\tPrivileges Used for Access Check:\t-\n\tProperties:\t---\n\t{bf967a9c-0de6-11d0-a285-00aa003049e2}\nDELETE\nREAD_CONTROL\nWRITE_DAC\nWRITE_OWNER\nAddMember\nRemoveMember\nListMembers\nReadInformation\nWriteAccount\nUndefined Access (no effect) Bit 5\nUndefined Access (no effect) Bit 6\nUndefined Access (no effect) Bit 7\nUndefined Access (no effect) Bit 8\n\t\t\t{bf9679e8-0de6-11d0-a285-00aa003049e2}\n\t\t\t{3e0abfd0-126a-11d0-a060-00aa006c33ed}\n\t\t{bc0ac240-79a9-11d0-9020-00c04fc2d4cf}\n\t\t\t{bf9679c0-0de6-11d0-a285-00aa003049e2}\n\t\t{59ba2f42-79a2-11d0-9020-00c04fc2d3cf}\n\n\tRestricted SID Count:\t0","severity":"Informational","severity_id":1,"status":"Success","status_id":1,"time":1639432059000,"type_name":"Windows Resource Activity: Other","type_uid":20100399,"unmapped":{"Access Request Information":{"Access Mask":"0xF01FF","Access Reasons":"-","Accesses":["DELETE","READ_CONTROL","WRITE_DAC","WRITE_OWNER","AddMember","RemoveMember","ListMembers","ReadInformation","WriteAccount","Undefined Access (no effect) Bit 5","Undefined Access (no effect) Bit 6","Undefined Access (no effect) Bit 7","Undefined Access (no effect) Bit 8"],"Privileges Used for Access Check":"-","Properties":["---","{bf967a9c-0de6-11d0-a285-00aa003049e2}","DELETE","READ_CONTROL","WRITE_DAC","WRITE_OWNER","AddMember","RemoveMember","ListMembers","ReadInformation","WriteAccount","Undefined Access (no effect) Bit 5","Undefined Access (no effect) Bit 6","Undefined Access (no effect) Bit 7","Undefined Access (no effect) Bit 8","{bf9679e8-0de6-11d0-a285-00aa003049e2}","{3e0abfd0-126a-11d0-a060-00aa006c33ed}","{bc0ac240-79a9-11d0-9020-00c04fc2d4cf}","{bf9679c0-0de6-11d0-a285-00aa003049e2}","{59ba2f42-79a2-11d0-9020-00c04fc2d3cf}"],"Restricted SID Count":"0","Transaction ID":"{00000000-0000-0000-0000-000000000000}"},"EventType":"0","Object":{"Object Server":"Security Account Manager"},"OpCode":"Info","TaskCategory":"SAM"},"win_resource":{"name":"S-1-5-32-544","type":"SAM_ALIAS","type_id":33,"uid":"0x15513eef5d0"}}
{"activity_id":99,"activity_name":"Other","actor":{"process":{"file":{"name":"lsass.exe","parent_folder":"C:\\Windows\\System32","path":"C:\\Windows\\System32\\lsass.exe","type":"Regular File","type_id":1},"pid":596},"session":{"uid":"0x3E7"},"user":{"account":{"name":"SESTESTWIN2019D$","type":"Windows Account","type_id":2,"uid":"S-1-5-18"},"domain":"SESTESTDOMAIN","name":"SESTESTWIN2019D$","uid":"S-1-5-18"}},"category_name":"System Activity","category_uid":1,"class_name":"Windows Resource Activity","class_uid":201003,"device":{"hostname":"SesTestWin2019DC.SesTestDomain.local","os":{"name":"Windows","type":"Windows","type_id":100},"type":"Unknown","type_id":0},"message":"A handle to an object was requested.","metadata":{"event_code":"4661","log_name":"Security","log_provider":"Microsoft Windows security auditing.","original_time":"12/13/2021 09:47:39 PM","product":{"name":"Microsoft Windows","vendor_name":"Microsoft"},"profiles":["host"],"sequence":125969,"uid":"8d46ba0e6bb071b255366d06b72584cb","version":"1.4.0"},"observables":[{"name":"actor.process","type":"Process","type_id":25},{"name":"actor.process.file","type":"File","type_id":24},{"name":"actor.process.file.name","type":"File Name","type_id":7,"value":"lsass.exe"},{"name":"actor.process.pid","type":"Process ID","type_id":15,"value":"596"},{"name":"actor.user","type":"User","type_id":21},{"name":"actor.user.account.uid","type":"Account Object: uid","type_id":35,"value":"S-1-5-18"},{"name":"actor.user.account.name","type":"Account Object: name","type_id":34,"value":"SESTESTWIN2019D$"},{"name":"actor.user.name","type":"User Name","type_id":4,"value":"SESTESTWIN2019D$"},{"name":"actor.user.uid","type":"User Object: uid","type_id":31,"value":"S-1-5-18"},{"name":"device","type":"Endpoint","type_id":20},{"name":"device.hostname","type":"Hostname","type_id":1,"value":"SesTestWin2019DC.SesTestDomain.local"}],"raw_data":"12/13/2021 09:47:39 PM\nLogName=Security\nEventCode=4661\nEventType=0\nComputerName=SesTestWin2019DC.SesTestDomain.local\nSourceName=Microsoft Windows security auditing.\nType=Information\nRecordNumber=125969\nKeywords=Audit Success\nTaskCategory=SAM\nOpCode=Info\nMessage=A handle to an object was requested.\n\nSubject :\n\tSecurity ID:\t\tS-1-5-18\n\tAccount Name:\t\tSESTESTWIN2019D$\n\tAccount Domain:\t\tSESTESTDOMAIN\n\tLogon ID:\t\t0x3E7\n\nObject:\n\tObject Server:\tSecurity Account Manager\n\tObject Type:\tSAM_ALIAS\n\tObject Name:\tS-1-5-32-551\n\tHandle ID:\t0x15513eef5d0\n\nProcess Information:\n\tProcess ID:\t0x254\n\tProcess Name:\tC:\\Windows\\System32\\lsass.exe\n\nAccess Request Information:\n\tTransaction ID:\t{00000000-0000-0000-0000-000000000000}\n\tAccesses:\tDELETE\n\t\t\t\tREAD_CONTROL\n\t\t\t\tWRITE_DAC\n\t\t\t\tWRITE_OWNER\n\t\t\t\tAddMember\n\t\t\t\tRemoveMember\n\t\t\t\tListMembers\n\t\t\t\tReadInformation\n\t\t\t\tWriteAccount\n\t\t\t\tUndefined Access (no effect) Bit 5\n\t\t\t\tUndefined Access (no effect) Bit 6\n\t\t\t\tUndefined Access (no effect) Bit 7\n\t\t\t\tUndefined Access (no effect) Bit 8\n\t\t\t\t\n\tAccess Reasons:\t\t-\n\tAccess Mask:\t0xF01FF\n\tPrivileges Used for Access Check:\t-\n\tProperties:\t---\n\t{bf967a9c-0de6-11d0-a285-00aa003049e2}\nDELETE\nREAD_CONTROL\nWRITE_DAC\nWRITE_OWNER\nAddMember\nRemoveMember\nListMembers\nReadInformation\nWriteAccount\nUndefined Access (no effect) Bit 5\nUndefined Access (no effect) Bit 6\nUndefined Access (no effect) Bit 7\nUndefined Access (no effect) Bit 8\n\t\t\t{bf9679e8-0de6-11d0-a285-00aa003049e2}\n\t\t\t{3e0abfd0-126a-11d0-a060-00aa006c33ed}\n\t\t{bc0ac240-79a9-11d0-9020-00c04fc2d4cf}\n\t\t\t{bf9679c0-0de6-11d0-a285-00aa003049e2}\n\t\t{59ba2f42-79a2-11d0-9020-00c04fc2d3cf}\n\n\tRestricted SID Count:\t0","severity":"Informational","severity_id":1,"status":"Success","status_id":1,"time":1639432059000,"type_name":"Windows Resource Activity: Other","type_uid":20100399,"unmapped":{"Access Request Information":{"Access Mask":"0xF01FF","Access Reasons":"-","Accesses":["DELETE","READ_CONTROL","WRITE_DAC","WRITE_OWNER","AddMember","RemoveMember","ListMembers","ReadInformation","WriteAccount","Undefined Access (no effect) Bit 5","Undefined Access (no effect) Bit 6","Undefined Access (no effect) Bit 7","Undefined Access (no effect) Bit 8"],"Privileges Used for Access Check":"-","Properties":["---","{bf967a9c-0de6-11d0-a285-00aa003049e2}","DELETE","READ_CONTROL","WRITE_DAC","WRITE_OWNER","AddMember","RemoveMember","ListMembers","ReadInformation","WriteAccount","Undefined Access (no effect) Bit 5","Undefined Access (no effect) Bit 6","Undefined Access (no effect) Bit 7","Undefined Access (no effect) Bit 8","{bf9679e8-0de6-11d0-a285-00aa003049e2}","{3e0abfd0-126a-11d0-a060-00aa006c33ed}","{bc0ac240-79a9-11d0-9020-00c04fc2d4cf}","{bf9679c0-0de6-11d0-a285-00aa003049e2}","{59ba2f42-79a2-11d0-9020-00c04fc2d3cf}"],"Restricted SID Count":"0","Transaction ID":"{00000000-0000-0000-0000-000000000000}"},"EventType":"0","Object":{"Object Server":"Security Account Manager"},"OpCode":"Info","TaskCategory":"SAM"},"win_resource":{"name":"S-1-5-32-551","type":"SAM_ALIAS","type_id":33,"uid":"0x15513eef5d0"}}
{"activity_id":99,"activity_name":"Other","actor":{"process":{"file":{"name":"lsass.exe","parent_folder":"C:\\Windows\\System32","path":"C:\\Windows\\System32\\lsass.exe","type":"Regular File","type_id":1},"pid":596},"session":{"uid":"0x3E7"},"user":{"account":{"name":"SESTESTWIN2019D$","type":"Windows Account","type_id":2,"uid":"S-1-5-18"},"domain":"SESTESTDOMAIN","name":"SESTESTWIN2019D$","uid":"S-1-5-18"}},"category_name":"System Activity","category_uid":1,"class_name":"Windows Resource Activity","class_uid":201003,"device":{"hostname":"SesTestWin2019DC.SesTestDomain.local","os":{"name":"Windows","type":"Windows","type_id":100},"type":"Unknown","type_id":0},"message":"A handle to an object was requested.","metadata":{"event_code":"4661","log_name":"Security","log_provider":"Microsoft Windows security auditing.","original_time":"12/13/2021 09:48:19 PM","product":{"name":"Microsoft Windows","vendor_name":"Microsoft"},"profiles":["host"],"sequence":125974,"uid":"012f39563f7d8c4b3f98cc8deae53676","version":"1.4.0"},"observables":[{"name":"actor.user","type":"User","type_id":21},{"name":"actor.user.name","type":"User Name","type_id":4,"value":"SESTESTWIN2019D$"},{"name":"actor.user.uid","type":"User Object: uid","type_id":31,"value":"S-1-5-18"},{"name":"actor.user.account.name","type":"Account Object: name","type_id":34,"value":"SESTESTWIN2019D$"},{"name":"actor.user.account.uid","type":"Account Object: uid","type_id":35,"value":"S-1-5-18"},{"name":"actor.process","type":"Process","type_id":25},{"name":"actor.process.file","type":"File","type_id":24},{"name":"actor.process.file.name","type":"File Name","type_id":7,"value":"lsass.exe"},{"name":"actor.process.pid","type":"Process ID","type_id":15,"value":"596"},{"name":"device","type":"Endpoint","type_id":20},{"name":"device.hostname","type":"Hostname","type_id":1,"value":"SesTestWin2019DC.SesTestDomain.local"}],"raw_data":"12/13/2021 09:48:19 PM\nLogName=Security\nEventCode=4661\nEventType=0\nComputerName=SesTestWin2019DC.SesTestDomain.local\nSourceName=Microsoft Windows security auditing.\nType=Information\nRecordNumber=125974\nKeywords=Audit Success\nTaskCategory=SAM\nOpCode=Info\nMessage=A handle to an object was requested.\n\nSubject :\n\tSecurity ID:\t\tS-1-5-18\n\tAccount Name:\t\tSESTESTWIN2019D$\n\tAccount Domain:\t\tSESTESTDOMAIN\n\tLogon ID:\t\t0x3E7\n\nObject:\n\tObject Server:\tSecurity Account Manager\n\tObject Type:\tSAM_USER\n\tObject Name:\tS-1-5-21-4033139579-163346244-2917651748-1011\n\tHandle ID:\t0x15513ef0de0\n\nProcess Information:\n\tProcess ID:\t0x254\n\tProcess Name:\tC:\\Windows\\System32\\lsass.exe\n\nAccess Request Information:\n\tTransaction ID:\t{00000000-0000-0000-0000-000000000000}\n\tAccesses:\tDELETE\n\t\t\t\tREAD_CONTROL\n\t\t\t\tWRITE_DAC\n\t\t\t\tWRITE_OWNER\n\t\t\t\tReadGeneralInformation\n\t\t\t\tReadPreferences\n\t\t\t\tWritePreferences\n\t\t\t\tReadLogon\n\t\t\t\tReadAccount\n\t\t\t\tWriteAccount\n\t\t\t\tChangePassword (with knowledge of old password)\n\t\t\t\tSetPassword (without knowledge of old password)\n\t\t\t\tListGroups\n\t\t\t\t\n\tAccess Reasons:\t\t-\n\tAccess Mask:\t0xF01FF\n\tPrivileges Used for Access Check:\t-\n\tProperties:\t---\n\t{bf967aba-0de6-11d0-a285-00aa003049e2}\nDELETE\nREAD_CONTROL\nWRITE_DAC\nWRITE_OWNER\nReadGeneralInformation\nReadPreferences\nWritePreferences\nReadLogon\nReadAccount\nWriteAccount\nChangePassword (with knowledge of old password)\nSetPassword (without knowledge of old password)\nListGroups\n\t\t{59ba2f42-79a2-11d0-9020-00c04fc2d3cf}\n\t\t\t{bf967938-0de6-11d0-a285-00aa003049e2}\n\t\t\t{5fd42471-1262-11d0-a060-00aa006c33ed}\n\t\t\t{bf9679e8-0de6-11d0-a285-00aa003049e2}\n\t\t\t{bf967a00-0de6-11d0-a285-00aa003049e2}\n\t\t\t{3e0abfd0-126a-11d0-a060-00aa006c33ed}\n\t\t\t{bf967a6a-0de6-11d0-a285-00aa003049e2}\n\t\t\t{bf967953-0de6-11d0-a285-00aa003049e2}\n\t\t{4c164200-20c0-11d0-a768-00aa006e0529}\n\t\t\t{bf967915-0de6-11d0-a285-00aa003049e2}\n\t\t\t{bf967a0a-0de6-11d0-a285-00aa003049e2}\n\t\t\t{bf967a68-0de6-11d0-a285-00aa003049e2}\n\t\t\t{bf967a6d-0de6-11d0-a285-00aa003049e2}\n\t\t{5f202010-79a5-11d0-9020-00c04fc2d4cf}\n\t\t\t{bf96792e-0de6-11d0-a285-00aa003049e2}\n\t\t\t{bf967985-0de6-11d0-a285-00aa003049e2}\n\t\t\t{bf967986-0de6-11d0-a285-00aa003049e2}\n\t\t\t{bf967996-0de6-11d0-a285-00aa003049e2}\n\t\t\t{bf967997-0de6-11d0-a285-00aa003049e2}\n\t\t\t{bf9679aa-0de6-11d0-a285-00aa003049e2}\n\t\t\t{bf9679ab-0de6-11d0-a285-00aa003049e2}\n\t\t\t{bf9679ac-0de6-11d0-a285-00aa003049e2}\n\t\t\t{bf967a05-0de6-11d0-a285-00aa003049e2}\n\t\t\t{bf9679a8-0de6-11d0-a285-00aa003049e2}\n\t\t{e48d0154-bcf8-11d1-8702-00c04fb96050}\n\t\t\t{bf967950-0de6-11d0-a285-00aa003049e2}\n\t\t{bc0ac240-79a9-11d0-9020-00c04fc2d4cf}\n\t\t\t{bf967991-0de6-11d0-a285-00aa003049e2}\n\t\t{ab721a53-1e2f-11d0-9819-00aa0040529b}\n\t\t{00299570-246d-11d0-a768-00aa006e0529}\n\t\t{7ed84960-ad10-11d0-8a92-00aa006e0529}\n\n\tRestricted SID Count:\t0","severity":"Informational","severity_id":1,"status":"Success","status_id":1,"time":1639432099000,"type_name":"Windows Resource Activity: Other","type_uid":20100399,"unmapped":{"Access Request Information":{"Access Mask":"0xF01FF","Access Reasons":"-","Accesses":["DELETE","READ_CONTROL","WRITE_DAC","WRITE_OWNER","ReadGeneralInformation","ReadPreferences","WritePreferences","ReadLogon","ReadAccount","WriteAccount","ChangePassword (with knowledge of old password)","SetPassword (without knowledge of old password)","ListGroups"],"Privileges Used for Access Check":"-","Properties":["---","{bf967aba-0de6-11d0-a285-00aa003049e2}","DELETE","READ_CONTROL","WRITE_DAC","WRITE_OWNER","ReadGeneralInformation","ReadPreferences","WritePreferences","ReadLogon","ReadAccount","WriteAccount","ChangePassword (with knowledge of old password)","SetPassword (without knowledge of old password)","ListGroups","{59ba2f42-79a2-11d0-9020-00c04fc2d3cf}","{bf967938-0de6-11d0-a285-00aa003049e2}","{5fd42471-1262-11d0-a060-00aa006c33ed}","{bf9679e8-0de6-11d0-a285-00aa003049e2}","{bf967a00-0de6-11d0-a285-00aa003049e2}","{3e0abfd0-126a-11d0-a060-00aa006c33ed}","{bf967a6a-0de6-11d0-a285-00aa003049e2}","{bf967953-0de6-11d0-a285-00aa003049e2}","{4c164200-20c0-11d0-a768-00aa006e0529}","{bf967915-0de6-11d0-a285-00aa003049e2}","{bf967a0a-0de6-11d0-a285-00aa003049e2}","{bf967a68-0de6-11d0-a285-00aa003049e2}","{bf967a6d-0de6-11d0-a285-00aa003049e2}","{5f202010-79a5-11d0-9020-00c04fc2d4cf}","{bf96792e-0de6-11d0-a285-00aa003049e2}","{bf967985-0de6-11d0-a285-00aa003049e2}","{bf967986-0de6-11d0-a285-00aa003049e2}","{bf967996-0de6-11d0-a285-00aa003049e2}","{bf967997-0de6-11d0-a285-00aa003049e2}","{bf9679aa-0de6-11d0-a285-00aa003049e2}","{bf9679ab-0de6-11d0-a285-00aa003049e2}","{bf9679ac-0de6-11d0-a285-00aa003049e2}","{bf967a05-0de6-11d0-a285-00aa003049e2}","{bf9679a8-0de6-11d0-a285-00aa003049e2}","{e48d0154-bcf8-11d1-8702-00c04fb96050}","{bf967950-0de6-11d0-a285-00aa003049e2}","{bc0ac240-79a9-11d0-9020-00c04fc2d4cf}","{bf967991-0de6-11d0-a285-00aa003049e2}","{ab721a53-1e2f-11d0-9819-00aa0040529b}","{00299570-246d-11d0-a768-00aa006e0529}","{7ed84960-ad10-11d0-8a92-00aa006e0529}"],"Restricted SID Count":"0","Transaction ID":"{00000000-0000-0000-0000-000000000000}"},"EventType":"0","Object":{"Object Server":"Security Account Manager"},"OpCode":"Info","TaskCategory":"SAM"},"win_resource":{"name":"S-1-5-21-4033139579-163346244-2917651748-1011","type":"SAM_USER","type_id":35,"uid":"0x15513ef0de0"}}
{"activity_id":99,"activity_name":"Other","actor":{"process":{"file":{"name":"lsass.exe","parent_folder":"C:\\Windows\\System32","path":"C:\\Windows\\System32\\lsass.exe","type":"Regular File","type_id":1},"pid":596},"session":{"uid":"0x3E7"},"user":{"account":{"name":"SESTESTWIN2019D$","type":"Windows Account","type_id":2,"uid":"S-1-5-18"},"domain":"SESTESTDOMAIN","name":"SESTESTWIN2019D$","uid":"S-1-5-18"}},"category_name":"System Activity","category_uid":1,"class_name":"Windows Resource Activity","class_uid":201003,"device":{"hostname":"SesTestWin2019DC.SesTestDomain.local","os":{"name":"Windows","type":"Windows","type_id":100},"type":"Unknown","type_id":0},"message":"A handle to an object was requested.","metadata":{"event_code":"4661","log_name":"Security","log_provider":"Microsoft Windows security auditing.","original_time":"12/13/2021 09:48:19 PM","product":{"name":"Microsoft Windows","vendor_name":"Microsoft"},"profiles":["host"],"sequence":125977,"uid":"0b3604a97b80f742cfcc1fa2353cee55","version":"1.4.0"},"observables":[{"name":"actor.process","type":"Process","type_id":25},{"name":"actor.process.file","type":"File","type_id":24},{"name":"actor.process.file.name","type":"File Name","type_id":7,"value":"lsass.exe"},{"name":"actor.process.pid","type":"Process ID","type_id":15,"value":"596"},{"name":"actor.user","type":"User","type_id":21},{"name":"actor.user.account.uid","type":"Account Object: uid","type_id":35,"value":"S-1-5-18"},{"name":"actor.user.account.name","type":"Account Object: name","type_id":34,"value":"SESTESTWIN2019D$"},{"name":"actor.user.name","type":"User Name","type_id":4,"value":"SESTESTWIN2019D$"},{"name":"actor.user.uid","type":"User Object: uid","type_id":31,"value":"S-1-5-18"},{"name":"device","type":"Endpoint","type_id":20},{"name":"device.hostname","type":"Hostname","type_id":1,"value":"SesTestWin2019DC.SesTestDomain.local"}],"raw_data":"12/13/2021 09:48:19 PM\nLogName=Security\nEventCode=4661\nEventType=0\nComputerName=SesTestWin2019DC.SesTestDomain.local\nSourceName=Microsoft Windows security auditing.\nType=Information\nRecordNumber=125977\nKeywords=Audit Success\nTaskCategory=SAM\nOpCode=Info\nMessage=A handle to an object was requested.\n\nSubject :\n\tSecurity ID:\t\tS-1-5-18\n\tAccount Name:\t\tSESTESTWIN2019D$\n\tAccount Domain:\t\tSESTESTDOMAIN\n\tLogon ID:\t\t0x3E7\n\nObject:\n\tObject Server:\tSecurity Account Manager\n\tObject Type:\tSAM_DOMAIN\n\tObject Name:\tDC=SesTestDomain,DC=local\n\tHandle ID:\t0x15513eeec30\n\nProcess Information:\n\tProcess ID:\t0x254\n\tProcess Name:\tC:\\Windows\\System32\\lsass.exe\n\nAccess Request Information:\n\tTransaction ID:\t{00000000-0000-0000-0000-000000000000}\n\tAccesses:\tDELETE\n\t\t\t\tREAD_CONTROL\n\t\t\t\tWRITE_DAC\n\t\t\t\tWRITE_OWNER\n\t\t\t\tReadPasswordParameters\n\t\t\t\tWritePasswordParameters\n\t\t\t\tReadOtherParameters\n\t\t\t\tWriteOtherParameters\n\t\t\t\tCreateUser\n\t\t\t\tCreateGlobalGroup\n\t\t\t\tCreateLocalGroup\n\t\t\t\tGetLocalGroupMembership\n\t\t\t\tListAccounts\n\t\t\t\t\n\tAccess Reasons:\t\t-\n\tAccess Mask:\t0xF01FF\n\tPrivileges Used for Access Check:\t-\n\tProperties:\t---\n\t{19195a5a-6da0-11d0-afd3-00c04fd930c9}\nDELETE\nREAD_CONTROL\nWRITE_DAC\nWRITE_OWNER\nReadPasswordParameters\nWritePasswordParameters\nReadOtherParameters\nWriteOtherParameters\nCreateUser\nCreateGlobalGroup\nCreateLocalGroup\nGetLocalGroupMembership\nListAccounts\n\t\t{c7407360-20bf-11d0-a768-00aa006e0529}\n\t\t\t{bf9679a4-0de6-11d0-a285-00aa003049e2}\n\t\t\t{bf9679a5-0de6-11d0-a285-00aa003049e2}\n\t\t\t{bf9679a6-0de6-11d0-a285-00aa003049e2}\n\t\t\t{bf9679bb-0de6-11d0-a285-00aa003049e2}\n\t\t\t{bf9679c2-0de6-11d0-a285-00aa003049e2}\n\t\t\t{bf9679c3-0de6-11d0-a285-00aa003049e2}\n\t\t\t{bf967a09-0de6-11d0-a285-00aa003049e2}\n\t\t\t{bf967a0b-0de6-11d0-a285-00aa003049e2}\n\t\t{b8119fd0-04f6-4762-ab7a-4986c76b3f9a}\n\t\t\t{bf967a34-0de6-11d0-a285-00aa003049e2}\n\t\t\t{bf967a33-0de6-11d0-a285-00aa003049e2}\n\t\t\t{bf9679c5-0de6-11d0-a285-00aa003049e2}\n\t\t\t{bf967a61-0de6-11d0-a285-00aa003049e2}\n\t\t\t{bf967977-0de6-11d0-a285-00aa003049e2}\n\t\t\t{bf96795e-0de6-11d0-a285-00aa003049e2}\n\t\t\t{bf9679ea-0de6-11d0-a285-00aa003049e2}\n\t\t{ab721a52-1e2f-11d0-9819-00aa0040529b}\n\n\tRestricted SID Count:\t0","severity":"Informational","severity_id":1,"status":"Success","status_id":1,"time":1639432099000,"type_name":"Windows Resource Activity: Other","type_uid":20100399,"unmapped":{"Access Request Information":{"Access Mask":"0xF01FF","Access Reasons":"-","Accesses":["DELETE","READ_CONTROL","WRITE_DAC","WRITE_OWNER","ReadPasswordParameters","WritePasswordParameters","ReadOtherParameters","WriteOtherParameters","CreateUser","CreateGlobalGroup","CreateLocalGroup","GetLocalGroupMembership","ListAccounts"],"Privileges Used for Access Check":"-","Properties":["---","{19195a5a-6da0-11d0-afd3-00c04fd930c9}","DELETE","READ_CONTROL","WRITE_DAC","WRITE_OWNER","ReadPasswordParameters","WritePasswordParameters","ReadOtherParameters","WriteOtherParameters","CreateUser","CreateGlobalGroup","CreateLocalGroup","GetLocalGroupMembership","ListAccounts","{c7407360-20bf-11d0-a768-00aa006e0529}","{bf9679a4-0de6-11d0-a285-00aa003049e2}","{bf9679a5-0de6-11d0-a285-00aa003049e2}","{bf9679a6-0de6-11d0-a285-00aa003049e2}","{bf9679bb-0de6-11d0-a285-00aa003049e2}","{bf9679c2-0de6-11d0-a285-00aa003049e2}","{bf9679c3-0de6-11d0-a285-00aa003049e2}","{bf967a09-0de6-11d0-a285-00aa003049e2}","{bf967a0b-0de6-11d0-a285-00aa003049e2}","{b8119fd0-04f6-4762-ab7a-4986c76b3f9a}","{bf967a34-0de6-11d0-a285-00aa003049e2}","{bf967a33-0de6-11d0-a285-00aa003049e2}","{bf9679c5-0de6-11d0-a285-00aa003049e2}","{bf967a61-0de6-11d0-a285-00aa003049e2}","{bf967977-0de6-11d0-a285-00aa003049e2}","{bf96795e-0de6-11d0-a285-00aa003049e2}","{bf9679ea-0de6-11d0-a285-00aa003049e2}","{ab721a52-1e2f-11d0-9819-00aa0040529b}"],"Restricted SID Count":"0","Transaction ID":"{00000000-0000-0000-0000-000000000000}"},"EventType":"0","Object":{"Object Server":"Security Account Manager"},"OpCode":"Info","TaskCategory":"SAM"},"win_resource":{"name":"DC=SesTestDomain,DC=local","type":"SAM_DOMAIN","type_id":36,"uid":"0x15513eeec30"}}
{"activity_id":99,"activity_name":"Other","actor":{"process":{"file":{"name":"lsass.exe","parent_folder":"C:\\Windows\\System32","path":"C:\\Windows\\System32\\lsass.exe","type":"Regular File","type_id":1},"pid":596},"session":{"uid":"0x3E7"},"user":{"account":{"name":"SESTESTWIN2019D$","type":"Windows Account","type_id":2,"uid":"S-1-5-18"},"domain":"SESTESTDOMAIN","name":"SESTESTWIN2019D$","uid":"S-1-5-18"}},"category_name":"System Activity","category_uid":1,"class_name":"Windows Resource Activity","class_uid":201003,"device":{"hostname":"SesTestWin2019DC.SesTestDomain.local","os":{"name":"Windows","type":"Windows","type_id":100},"type":"Unknown","type_id":0},"message":"A handle to an object was requested.","metadata":{"event_code":"4661","log_name":"Security","log_provider":"Microsoft Windows security auditing.","original_time":"12/13/2021 09:48:19 PM","product":{"name":"Microsoft Windows","vendor_name":"Microsoft"},"profiles":["host"],"sequence":125978,"uid":"1f6a6643f3c4af9e3c60b845836ac051","version":"1.4.0"},"observables":[{"name":"device","type":"Endpoint","type_id":20},{"name":"device.hostname","type":"Hostname","type_id":1,"value":"SesTestWin2019DC.SesTestDomain.local"},{"name":"actor.process","type":"Process","type_id":25},{"name":"actor.process.file","type":"File","type_id":24},{"name":"actor.process.file.name","type":"File Name","type_id":7,"value":"lsass.exe"},{"name":"actor.process.pid","type":"Process ID","type_id":15,"value":"596"},{"name":"actor.user","type":"User","type_id":21},{"name":"actor.user.uid","type":"User Object: uid","type_id":31,"value":"S-1-5-18"},{"name":"actor.user.account.uid","type":"Account Object: uid","type_id":35,"value":"S-1-5-18"},{"name":"actor.user.account.name","type":"Account Object: name","type_id":34,"value":"SESTESTWIN2019D$"},{"name":"actor.user.name","type":"User Name","type_id":4,"value":"SESTESTWIN2019D$"}],"raw_data":"12/13/2021 09:48:19 PM\nLogName=Security\nEventCode=4661\nEventType=0\nComputerName=SesTestWin2019DC.SesTestDomain.local\nSourceName=Microsoft Windows security auditing.\nType=Information\nRecordNumber=125978\nKeywords=Audit Success\nTaskCategory=SAM\nOpCode=Info\nMessage=A handle to an object was requested.\n\nSubject :\n\tSecurity ID:\t\tS-1-5-18\n\tAccount Name:\t\tSESTESTWIN2019D$\n\tAccount Domain:\t\tSESTESTDOMAIN\n\tLogon ID:\t\t0x3E7\n\nObject:\n\tObject Server:\tSecurity Account Manager\n\tObject Type:\tSAM_DOMAIN\n\tObject Name:\tCN=Builtin,DC=SesTestDomain,DC=local\n\tHandle ID:\t0x15513eeff70\n\nProcess Information:\n\tProcess ID:\t0x254\n\tProcess Name:\tC:\\Windows\\System32\\lsass.exe\n\nAccess Request Information:\n\tTransaction ID:\t{00000000-0000-0000-0000-000000000000}\n\tAccesses:\tDELETE\n\t\t\t\tREAD_CONTROL\n\t\t\t\tWRITE_DAC\n\t\t\t\tWRITE_OWNER\n\t\t\t\tReadPasswordParameters\n\t\t\t\tWritePasswordParameters\n\t\t\t\tReadOtherParameters\n\t\t\t\tWriteOtherParameters\n\t\t\t\tCreateUser\n\t\t\t\tCreateGlobalGroup\n\t\t\t\tCreateLocalGroup\n\t\t\t\tGetLocalGroupMembership\n\t\t\t\tListAccounts\n\t\t\t\t\n\tAccess Reasons:\t\t-\n\tAccess Mask:\t0xF01FF\n\tPrivileges Used for Access Check:\t-\n\tProperties:\t---\n\t{19195a5a-6da0-11d0-afd3-00c04fd930c9}\nDELETE\nREAD_CONTROL\nWRITE_DAC\nWRITE_OWNER\nReadPasswordParameters\nWritePasswordParameters\nReadOtherParameters\nWriteOtherParameters\nCreateUser\nCreateGlobalGroup\nCreateLocalGroup\nGetLocalGroupMembership\nListAccounts\n\t\t{c7407360-20bf-11d0-a768-00aa006e0529}\n\t\t\t{bf9679a4-0de6-11d0-a285-00aa003049e2}\n\t\t\t{bf9679a5-0de6-11d0-a285-00aa003049e2}\n\t\t\t{bf9679a6-0de6-11d0-a285-00aa003049e2}\n\t\t\t{bf9679bb-0de6-11d0-a285-00aa003049e2}\n\t\t\t{bf9679c2-0de6-11d0-a285-00aa003049e2}\n\t\t\t{bf9679c3-0de6-11d0-a285-00aa003049e2}\n\t\t\t{bf967a09-0de6-11d0-a285-00aa003049e2}\n\t\t\t{bf967a0b-0de6-11d0-a285-00aa003049e2}\n\t\t{b8119fd0-04f6-4762-ab7a-4986c76b3f9a}\n\t\t\t{bf967a34-0de6-11d0-a285-00aa003049e2}\n\t\t\t{bf967a33-0de6-11d0-a285-00aa003049e2}\n\t\t\t{bf9679c5-0de6-11d0-a285-00aa003049e2}\n\t\t\t{bf967a61-0de6-11d0-a285-00aa003049e2}\n\t\t\t{bf967977-0de6-11d0-a285-00aa003049e2}\n\t\t\t{bf96795e-0de6-11d0-a285-00aa003049e2}\n\t\t\t{bf9679ea-0de6-11d0-a285-00aa003049e2}\n\t\t{ab721a52-1e2f-11d0-9819-00aa0040529b}\n\n\tRestricted SID Count:\t0","severity":"Informational","severity_id":1,"status":"Success","status_id":1,"time":1639432099000,"type_name":"Windows Resource Activity: Other","type_uid":20100399,"unmapped":{"Access Request Information":{"Access Mask":"0xF01FF","Access Reasons":"-","Accesses":["DELETE","READ_CONTROL","WRITE_DAC","WRITE_OWNER","ReadPasswordParameters","WritePasswordParameters","ReadOtherParameters","WriteOtherParameters","CreateUser","CreateGlobalGroup","CreateLocalGroup","GetLocalGroupMembership","ListAccounts"],"Privileges Used for Access Check":"-","Properties":["---","{19195a5a-6da0-11d0-afd3-00c04fd930c9}","DELETE","READ_CONTROL","WRITE_DAC","WRITE_OWNER","ReadPasswordParameters","WritePasswordParameters","ReadOtherParameters","WriteOtherParameters","CreateUser","CreateGlobalGroup","CreateLocalGroup","GetLocalGroupMembership","ListAccounts","{c7407360-20bf-11d0-a768-00aa006e0529}","{bf9679a4-0de6-11d0-a285-00aa003049e2}","{bf9679a5-0de6-11d0-a285-00aa003049e2}","{bf9679a6-0de6-11d0-a285-00aa003049e2}","{bf9679bb-0de6-11d0-a285-00aa003049e2}","{bf9679c2-0de6-11d0-a285-00aa003049e2}","{bf9679c3-0de6-11d0-a285-00aa003049e2}","{bf967a09-0de6-11d0-a285-00aa003049e2}","{bf967a0b-0de6-11d0-a285-00aa003049e2}","{b8119fd0-04f6-4762-ab7a-4986c76b3f9a}","{bf967a34-0de6-11d0-a285-00aa003049e2}","{bf967a33-0de6-11d0-a285-00aa003049e2}","{bf9679c5-0de6-11d0-a285-00aa003049e2}","{bf967a61-0de6-11d0-a285-00aa003049e2}","{bf967977-0de6-11d0-a285-00aa003049e2}","{bf96795e-0de6-11d0-a285-00aa003049e2}","{bf9679ea-0de6-11d0-a285-00aa003049e2}","{ab721a52-1e2f-11d0-9819-00aa0040529b}"],"Restricted SID Count":"0","Transaction ID":"{00000000-0000-0000-0000-000000000000}"},"EventType":"0","Object":{"Object Server":"Security Account Manager"},"OpCode":"Info","TaskCategory":"SAM"},"win_resource":{"name":"CN=Builtin,DC=SesTestDomain,DC=local","type":"SAM_DOMAIN","type_id":36,"uid":"0x15513eeff70"}}
{"activity_id":99,"activity_name":"Other","actor":{"process":{"file":{"name":"lsass.exe","parent_folder":"C:\\Windows\\System32","path":"C:\\Windows\\System32\\lsass.exe","type":"Regular File","type_id":1},"pid":596},"session":{"uid":"0x2AB3CEF"},"user":{"account":{"name":"splunker","type":"Windows Account","type_id":2,"uid":"S-1-5-21-4033139579-163346244-2917651748-1011"},"domain":"SESTESTDOMAIN","name":"splunker","uid":"S-1-5-21-4033139579-163346244-2917651748-1011"}},"category_name":"System Activity","category_uid":1,"class_name":"Windows Resource Activity","class_uid":201003,"device":{"hostname":"SesTestWin2019DC.SesTestDomain.local","os":{"name":"Windows","type":"Windows","type_id":100},"type":"Unknown","type_id":0},"message":"A handle to an object was requested.","metadata":{"event_code":"4661","log_name":"Security","log_provider":"Microsoft Windows security auditing.","original_time":"12/13/2021 10:12:55 PM","product":{"name":"Microsoft Windows","vendor_name":"Microsoft"},"profiles":["host"],"sequence":126000,"uid":"41eef72f3cd9270ab0d12c4910f8c5ba","version":"1.4.0"},"observables":[{"name":"device","type":"Endpoint","type_id":20},{"name":"device.hostname","type":"Hostname","type_id":1,"value":"SesTestWin2019DC.SesTestDomain.local"},{"name":"actor.process","type":"Process","type_id":25},{"name":"actor.process.file","type":"File","type_id":24},{"name":"actor.process.file.name","type":"File Name","type_id":7,"value":"lsass.exe"},{"name":"actor.process.pid","type":"Process ID","type_id":15,"value":"596"},{"name":"actor.user","type":"User","type_id":21},{"name":"actor.user.account.uid","type":"Account Object: uid","type_id":35,"value":"S-1-5-21-4033139579-163346244-2917651748-1011"},{"name":"actor.user.account.name","type":"Account Object: name","type_id":34,"value":"splunker"},{"name":"actor.user.name","type":"User Name","type_id":4,"value":"splunker"},{"name":"actor.user.uid","type":"User Object: uid","type_id":31,"value":"S-1-5-21-4033139579-163346244-2917651748-1011"}],"raw_data":"12/13/2021 10:12:55 PM\nLogName=Security\nEventCode=4661\nEventType=0\nComputerName=SesTestWin2019DC.SesTestDomain.local\nSourceName=Microsoft Windows security auditing.\nType=Information\nRecordNumber=126000\nKeywords=Audit Success\nTaskCategory=SAM\nOpCode=Info\nMessage=A handle to an object was requested.\n\nSubject :\n\tSecurity ID:\t\tS-1-5-21-4033139579-163346244-2917651748-1011\n\tAccount Name:\t\tsplunker\n\tAccount Domain:\t\tSESTESTDOMAIN\n\tLogon ID:\t\t0x2AB3CEF\n\nObject:\n\tObject Server:\tSecurity Account Manager\n\tObject Type:\tSAM_USER\n\tObject Name:\tS-1-5-21-4033139579-163346244-2917651748-500\n\tHandle ID:\t0x15513eef5d0\n\nProcess Information:\n\tProcess ID:\t0x254\n\tProcess Name:\tC:\\Windows\\System32\\lsass.exe\n\nAccess Request Information:\n\tTransaction ID:\t{00000000-0000-0000-0000-000000000000}\n\tAccesses:\tREAD_CONTROL\n\t\t\t\tWritePreferences\n\t\t\t\tReadAccount\n\t\t\t\tSetPassword (without knowledge of old password)\n\t\t\t\t\n\tAccess Reasons:\t\t-\n\tAccess Mask:\t0x20094\n\tPrivileges Used for Access Check:\t-\n\tProperties:\t---\n\t{bf967aba-0de6-11d0-a285-00aa003049e2}\nREAD_CONTROL\nWritePreferences\nReadAccount\nSetPassword (without knowledge of old password)\n\t\t{59ba2f42-79a2-11d0-9020-00c04fc2d3cf}\n\t\t\t{bf967938-0de6-11d0-a285-00aa003049e2}\n\t\t\t{5fd42471-1262-11d0-a060-00aa006c33ed}\n\t\t\t{bf9679e8-0de6-11d0-a285-00aa003049e2}\n\t\t\t{bf967a00-0de6-11d0-a285-00aa003049e2}\n\t\t\t{3e0abfd0-126a-11d0-a060-00aa006c33ed}\n\t\t\t{bf967a6a-0de6-11d0-a285-00aa003049e2}\n\t\t\t{bf967953-0de6-11d0-a285-00aa003049e2}\n\t\t{4c164200-20c0-11d0-a768-00aa006e0529}\n\t\t\t{bf967915-0de6-11d0-a285-00aa003049e2}\n\t\t\t{bf967a0a-0de6-11d0-a285-00aa003049e2}\n\t\t\t{bf967a68-0de6-11d0-a285-00aa003049e2}\n\t\t\t{bf967a6d-0de6-11d0-a285-00aa003049e2}\n\t\t{5f202010-79a5-11d0-9020-00c04fc2d4cf}\n\t\t\t{bf96792e-0de6-11d0-a285-00aa003049e2}\n\t\t\t{bf967985-0de6-11d0-a285-00aa003049e2}\n\t\t\t{bf967986-0de6-11d0-a285-00aa003049e2}\n\t\t\t{bf967996-0de6-11d0-a285-00aa003049e2}\n\t\t\t{bf967997-0de6-11d0-a285-00aa003049e2}\n\t\t\t{bf9679aa-0de6-11d0-a285-00aa003049e2}\n\t\t\t{bf9679ab-0de6-11d0-a285-00aa003049e2}\n\t\t\t{bf9679ac-0de6-11d0-a285-00aa003049e2}\n\t\t\t{bf967a05-0de6-11d0-a285-00aa003049e2}\n\t\t\t{bf9679a8-0de6-11d0-a285-00aa003049e2}\n\t\t{e48d0154-bcf8-11d1-8702-00c04fb96050}\n\t\t\t{bf967950-0de6-11d0-a285-00aa003049e2}\n\t\t{bc0ac240-79a9-11d0-9020-00c04fc2d4cf}\n\t\t\t{bf967991-0de6-11d0-a285-00aa003049e2}\n\t\t{00299570-246d-11d0-a768-00aa006e0529}\n\t\t{7ed84960-ad10-11d0-8a92-00aa006e0529}\nREAD_CONTROL\nWritePreferences\nReadAccount\nSetPassword (without knowledge of old password)\nListGroups\n\t\t{ab721a53-1e2f-11d0-9819-00aa0040529b}\n\n\tRestricted SID Count:\t0","severity":"Informational","severity_id":1,"status":"Success","status_id":1,"time":1639433575000,"type_name":"Windows Resource Activity: Other","type_uid":20100399,"unmapped":{"Access Request Information":{"Access Mask":"0x20094","Access Reasons":"-","Accesses":["READ_CONTROL","WritePreferences","ReadAccount","SetPassword (without knowledge of old password)"],"Privileges Used for Access Check":"-","Properties":["---","{bf967aba-0de6-11d0-a285-00aa003049e2}","READ_CONTROL","WritePreferences","ReadAccount","SetPassword (without knowledge of old password)","{59ba2f42-79a2-11d0-9020-00c04fc2d3cf}","{bf967938-0de6-11d0-a285-00aa003049e2}","{5fd42471-1262-11d0-a060-00aa006c33ed}","{bf9679e8-0de6-11d0-a285-00aa003049e2}","{bf967a00-0de6-11d0-a285-00aa003049e2}","{3e0abfd0-126a-11d0-a060-00aa006c33ed}","{bf967a6a-0de6-11d0-a285-00aa003049e2}","{bf967953-0de6-11d0-a285-00aa003049e2}","{4c164200-20c0-11d0-a768-00aa006e0529}","{bf967915-0de6-11d0-a285-00aa003049e2}","{bf967a0a-0de6-11d0-a285-00aa003049e2}","{bf967a68-0de6-11d0-a285-00aa003049e2}","{bf967a6d-0de6-11d0-a285-00aa003049e2}","{5f202010-79a5-11d0-9020-00c04fc2d4cf}","{bf96792e-0de6-11d0-a285-00aa003049e2}","{bf967985-0de6-11d0-a285-00aa003049e2}","{bf967986-0de6-11d0-a285-00aa003049e2}","{bf967996-0de6-11d0-a285-00aa003049e2}","{bf967997-0de6-11d0-a285-00aa003049e2}","{bf9679aa-0de6-11d0-a285-00aa003049e2}","{bf9679ab-0de6-11d0-a285-00aa003049e2}","{bf9679ac-0de6-11d0-a285-00aa003049e2}","{bf967a05-0de6-11d0-a285-00aa003049e2}","{bf9679a8-0de6-11d0-a285-00aa003049e2}","{e48d0154-bcf8-11d1-8702-00c04fb96050}","{bf967950-0de6-11d0-a285-00aa003049e2}","{bc0ac240-79a9-11d0-9020-00c04fc2d4cf}","{bf967991-0de6-11d0-a285-00aa003049e2}","{00299570-246d-11d0-a768-00aa006e0529}","{7ed84960-ad10-11d0-8a92-00aa006e0529}","READ_CONTROL","WritePreferences","ReadAccount","SetPassword (without knowledge of old password)","ListGroups","{ab721a53-1e2f-11d0-9819-00aa0040529b}"],"Restricted SID Count":"0","Transaction ID":"{00000000-0000-0000-0000-000000000000}"},"EventType":"0","Object":{"Object Server":"Security Account Manager"},"OpCode":"Info","TaskCategory":"SAM"},"win_resource":{"name":"S-1-5-21-4033139579-163346244-2917651748-500","type":"SAM_USER","type_id":35,"uid":"0x15513eef5d0"}}
{"activity_id":99,"activity_name":"Object Access","actor":{"session":{"uid":"0xce383f52"},"user":{"account":{"name":"qqwu","type":"Windows Account","type_id":2,"uid":"SOI\\qqwu"},"domain":"SOI","name":"qqwu","uid":"SOI\\qqwu"}},"category_name":"Identity & Access Management","category_uid":3,"class_name":"Entity Management","class_uid":3004,"device":{"hostname":"szusoidc1.soi.dir.acme080.com","os":{"name":"Windows","type":"Windows","type_id":100},"type":"Unknown","type_id":0},"entity":{"name":"CN=STLRDC4,OU=RDS,OU=Servers,OU=NetMan,DC=soi,DC=dir,DC=acme080,DC=com","type":"computer","uid":"0x0"},"message":"An operation was performed on an object.","metadata":{"event_code":"4662","log_name":"Security","log_provider":"Microsoft Windows security auditing.","original_time":"01/14/2015 02:39:37 PM","product":{"name":"Microsoft Windows","vendor_name":"Microsoft"},"profiles":["host"],"sequence":989131367,"uid":"43d3a87991ab404c7b136107570f111a","version":"1.4.0"},"observables":[{"name":"device","type":"Endpoint","type_id":20},{"name":"device.hostname","type":"Hostname","type_id":1,"value":"szusoidc1.soi.dir.acme080.com"},{"name":"actor.user","type":"User","type_id":21},{"name":"actor.user.account.uid","type":"Account Object: uid","type_id":35,"value":"SOI\\qqwu"},{"name":"actor.user.account.name","type":"Account Object: name","type_id":34,"value":"qqwu"},{"name":"actor.user.name","type":"User Name","type_id":4,"value":"qqwu"},{"name":"actor.user.uid","type":"User Object: uid","type_id":31,"value":"SOI\\qqwu"}],"raw_data":"01/14/2015 02:39:37 PM\nLogName=Security\nSourceName=Microsoft Windows security auditing.\nEventCode=4662\nEventType=0\nType=Information\nComputerName=szusoidc1.soi.dir.acme080.com\nTaskCategory=Directory Service Access\nOpCode=Info\nRecordNumber=989131367\nCaseID=AD_4662\nKeywords=Audit Success\nMessage=An operation was performed on an object.\nSubject :\n    Security ID:        SOI\\qqwu\n    Account Name:       qqwu\n    Account Domain:     SOI\n    Logon ID:       0xce383f52\nObject:\n    Object Server:      DS\n    Object Type:        computer\n    Object Name:        CN=STLRDC4,OU=RDS,OU=Servers,OU=NetMan,DC=soi,DC=dir,DC=acme080,DC=com\n    Handle ID:      0x0\nOperation:\n    Operation Type:     Object Access\n    Accesses:       Read Property\n\n    Access Mask:        0x10\n    Properties:     Read Property\n        Public Information\n            objectClass\n    computer\nAdditional Information:\n    Parameter 1:        -\n    Parameter 2:\n","severity":"Informational","severity_id":1,"status":"Success","status_id":1,"time":1421246377000,"type_name":"Entity Management: Other","type_uid":300499,"unmapped":{"Access Mask":"0x10","Additional Information":{"Parameter 1":"-","Parameter 2":""},"CaseID":"AD_4662","EventType":"0","Object":{"Object Server":"DS"},"OpCode":"Info","Operation":{"Accesses":"Read Property"},"Properties":["Read Property","Public Information","objectClass","computer"],"TaskCategory":"Directory Service Access"}}
{"activity_id":99,"activity_name":"Object Access","actor":{"session":{"uid":"0x14AE90"},"user":{"account":{"name":"SESWIN2019DC1$","type":"Windows Account","type_id":2,"uid":"S-1-5-18"},"domain":"SESTEST","name":"SESWIN2019DC1$","uid":"S-1-5-18"}},"category_name":"Identity & Access Management","category_uid":3,"class_name":"Entity Management","class_uid":3004,"device":{"hostname":"SesWin2019DC1.SesTest.local","os":{"name":"Windows","type":"Windows","type_id":100},"type":"Unknown","type_id":0},"entity":{"name":"%{267e5e78-42e6-4f73-8412-6c613f583fde}","type":"%{19195a5b-6da0-11d0-afd3-00c04fd930c9}","uid":"0x0"},"message":"An operation was performed on an object.","metadata":{"event_code":"4662","log_name":"Security","log_provider":"Microsoft Windows security auditing.","original_time":"12/20/2021 09:18:31 PM","product":{"name":"Microsoft Windows","vendor_name":"Microsoft"},"profiles":["host"],"sequence":87085,"uid":"5c2cca1605a8a0ce3573692e5e24c72e","version":"1.4.0"},"observables":[{"name":"actor.user","type":"User","type_id":21},{"name":"actor.user.name","type":"User Name","type_id":4,"value":"SESWIN2019DC1$"},{"name":"actor.user.uid","type":"User Object: uid","type_id":31,"value":"S-1-5-18"},{"name":"actor.user.account.uid","type":"Account Object: uid","type_id":35,"value":"S-1-5-18"},{"name":"actor.user.account.name","type":"Account Object: name","type_id":34,"value":"SESWIN2019DC1$"},{"name":"device","type":"Endpoint","type_id":20},{"name":"device.hostname","type":"Hostname","type_id":1,"value":"SesWin2019DC1.SesTest.local"}],"raw_data":"12/20/2021 09:18:31 PM\nLogName=Security\nEventCode=4662\nEventType=0\nComputerName=SesWin2019DC1.SesTest.local\nSourceName=Microsoft Windows security auditing.\nType=Information\nRecordNumber=87085\nKeywords=Audit Success\nTaskCategory=Directory Service Access\nOpCode=Info\nMessage=An operation was performed on an object.\n\nSubject :\n\tSecurity ID:\t\tS-1-5-18\n\tAccount Name:\t\tSESWIN2019DC1$\n\tAccount Domain:\t\tSESTEST\n\tLogon ID:\t\t0x14AE90\n\nObject:\n\tObject Server:\t\tDS\n\tObject Type:\t\t%{19195a5b-6da0-11d0-afd3-00c04fd930c9}\n\tObject Name:\t\t%{267e5e78-42e6-4f73-8412-6c613f583fde}\n\tHandle ID:\t\t0x0\n\nOperation:\n\tOperation Type:\t\tObject Access\n\tAccesses:\t\tControl Access\n\t\t\t\t\n\tAccess Mask:\t\t0x100\n\tProperties:\t\tControl Access\n\t\t{1131f6aa-9c07-11d1-f79f-00c04fc2dcd2}\n\t{19195a5b-6da0-11d0-afd3-00c04fd930c9}\n\n\nAdditional Information:\n\tParameter 1:\t\t-\n\tParameter 2:","severity":"Informational","severity_id":1,"status":"Success","status_id":1,"time":1640035111000,"type_name":"Entity Management: Other","type_uid":300499,"unmapped":{"Access Mask":"0x100","Additional Information":{"Parameter 1":"-","Parameter 2":""},"EventType":"0","Object":{"Object Server":"DS"},"OpCode":"Info","Operation":{"Accesses":"Control Access"},"Properties":["Control Access","{1131f6aa-9c07-11d1-f79f-00c04fc2dcd2}","{19195a5b-6da0-11d0-afd3-00c04fd930c9}"],"TaskCategory":"Directory Service Access"}}
{"activity_id":99,"activity_name":"Object Access","actor":{"session":{"uid":"0xF7660B"},"user":{"account":{"name":"splunker","type":"Windows Account","type_id":2,"uid":"S-1-5-21-3599146515-3183291219-1546714568-1011"},"domain":"SESTEST","name":"splunker","uid":"S-1-5-21-3599146515-3183291219-1546714568-1011"}},"category_name":"Identity & Access Management","category_uid":3,"class_name":"Entity Management","class_uid":3004,"device":{"hostname":"SesWin2019DC1.SesTest.local","os":{"name":"Windows","type":"Windows","type_id":100},"type":"Unknown","type_id":0},"entity":{"name":"%{b26ae7d4-a8f8-4028-b6f4-004cad3f9532}","type":"%{bf967a9c-0de6-11d0-a285-00aa003049e2}","uid":"0x0"},"message":"An operation was performed on an object.","metadata":{"event_code":"4662","log_name":"Security","log_provider":"Microsoft Windows security auditing.","original_time":"01/12/2022 05:39:08 PM","product":{"name":"Microsoft Windows","vendor_name":"Microsoft"},"profiles":["host"],"sequence":312862,"uid":"e01d72562f921f03d5551a03b1eca4dc","version":"1.4.0"},"observables":[{"name":"actor.user","type":"User","type_id":21},{"name":"actor.user.account.uid","type":"Account Object: uid","type_id":35,"value":"S-1-5-21-3599146515-3183291219-1546714568-1011"},{"name":"actor.user.account.name","type":"Account Object: name","type_id":34,"value":"splunker"},{"name":"actor.user.name","type":"User Name","type_id":4,"value":"splunker"},{"name":"actor.user.uid","type":"User Object: uid","type_id":31,"value":"S-1-5-21-3599146515-3183291219-1546714568-1011"},{"name":"device","type":"Endpoint","type_id":20},{"name":"device.hostname","type":"Hostname","type_id":1,"value":"SesWin2019DC1.SesTest.local"}],"raw_data":"01/12/2022 05:39:08 PM\nLogName=Security\nEventCode=4662\nEventType=0\nComputerName=SesWin2019DC1.SesTest.local\nSourceName=Microsoft Windows security auditing.\nType=Information\nRecordNumber=312862\nKeywords=Audit Success\nTaskCategory=Directory Service Access\nOpCode=Info\nMessage=An operation was performed on an object.\n\nSubject :\n\tSecurity ID:\t\tS-1-5-21-3599146515-3183291219-1546714568-1011\n\tAccount Name:\t\tsplunker\n\tAccount Domain:\t\tSESTEST\n\tLogon ID:\t\t0xF7660B\n\nObject:\n\tObject Server:\t\tDS\n\tObject Type:\t\t%{bf967a9c-0de6-11d0-a285-00aa003049e2}\n\tObject Name:\t\t%{b26ae7d4-a8f8-4028-b6f4-004cad3f9532}\n\tHandle ID:\t\t0x0\n\nOperation:\n\tOperation Type:\t\tObject Access\n\tAccesses:\t\tWrite Property\n\t\t\t\t\n\tAccess Mask:\t\t0x20\n\tProperties:\t\tWrite Property\n\t\t{bc0ac240-79a9-11d0-9020-00c04fc2d4cf}\n\t\t\t{bf9679c0-0de6-11d0-a285-00aa003049e2}\n\t{bf967a9c-0de6-11d0-a285-00aa003049e2}\n\n\nAdditional Information:\n\tParameter 1:\t\t-\n\tParameter 2:","severity":"Informational","severity_id":1,"status":"Success","status_id":1,"time":1642009148000,"type_name":"Entity Management: Other","type_uid":300499,"unmapped":{"Access Mask":"0x20","Additional Information":{"Parameter 1":"-","Parameter 2":""},"EventType":"0","Object":{"Object Server":"DS"},"OpCode":"Info","Operation":{"Accesses":"Write Property"},"Properties":["Write Property","{bc0ac240-79a9-11d0-9020-00c04fc2d4cf}","{bf9679c0-0de6-11d0-a285-00aa003049e2}","{bf967a9c-0de6-11d0-a285-00aa003049e2}"],"TaskCategory":"Directory Service Access"}}
{"activity_id":99,"activity_name":"Object Access","actor":{"session":{"uid":"0xF7660B"},"user":{"account":{"name":"splunker","type":"Windows Account","type_id":2,"uid":"S-1-5-21-3599146515-3183291219-1546714568-1011"},"domain":"SESTEST","name":"splunker","uid":"S-1-5-21-3599146515-3183291219-1546714568-1011"}},"category_name":"Identity & Access Management","category_uid":3,"class_name":"Entity Management","class_uid":3004,"device":{"hostname":"SesWin2019DC1.SesTest.local","os":{"name":"Windows","type":"Windows","type_id":100},"type":"Unknown","type_id":0},"entity":{"name":"%{b26ae7d4-a8f8-4028-b6f4-004cad3f9532}","type":"%{bf967a9c-0de6-11d0-a285-00aa003049e2}","uid":"0x0"},"message":"An operation was performed on an object.","metadata":{"event_code":"4662","log_name":"Security","log_provider":"Microsoft Windows security auditing.","original_time":"01/12/2022 05:40:14 PM","product":{"name":"Microsoft Windows","vendor_name":"Microsoft"},"profiles":["host"],"sequence":312867,"uid":"6533a945b05ca7ce648bdc16196731ad","version":"1.4.0"},"observables":[{"name":"device","type":"Endpoint","type_id":20},{"name":"device.hostname","type":"Hostname","type_id":1,"value":"SesWin2019DC1.SesTest.local"},{"name":"actor.user","type":"User","type_id":21},{"name":"actor.user.account.uid","type":"Account Object: uid","type_id":35,"value":"S-1-5-21-3599146515-3183291219-1546714568-1011"},{"name":"actor.user.account.name","type":"Account Object: name","type_id":34,"value":"splunker"},{"name":"actor.user.name","type":"User Name","type_id":4,"value":"splunker"},{"name":"actor.user.uid","type":"User Object: uid","type_id":31,"value":"S-1-5-21-3599146515-3183291219-1546714568-1011"}],"raw_data":"01/12/2022 05:40:14 PM\nLogName=Security\nEventCode=4662\nEventType=0\nComputerName=SesWin2019DC1.SesTest.local\nSourceName=Microsoft Windows security auditing.\nType=Information\nRecordNumber=312867\nKeywords=Audit Success\nTaskCategory=Directory Service Access\nOpCode=Info\nMessage=An operation was performed on an object.\n\nSubject :\n\tSecurity ID:\t\tS-1-5-21-3599146515-3183291219-1546714568-1011\n\tAccount Name:\t\tsplunker\n\tAccount Domain:\t\tSESTEST\n\tLogon ID:\t\t0xF7660B\n\nObject:\n\tObject Server:\t\tDS\n\tObject Type:\t\t%{bf967a9c-0de6-11d0-a285-00aa003049e2}\n\tObject Name:\t\t%{b26ae7d4-a8f8-4028-b6f4-004cad3f9532}\n\tHandle ID:\t\t0x0\n\nOperation:\n\tOperation Type:\t\tObject Access\n\tAccesses:\t\tWrite Property\n\t\t\t\t\n\tAccess Mask:\t\t0x20\n\tProperties:\t\tWrite Property\n\t\t{bc0ac240-79a9-11d0-9020-00c04fc2d4cf}\n\t\t\t{bf9679c0-0de6-11d0-a285-00aa003049e2}\n\t{bf967a9c-0de6-11d0-a285-00aa003049e2}\n\n\nAdditional Information:\n\tParameter 1:\t\t-\n\tParameter 2:","severity":"Informational","severity_id":1,"status":"Success","status_id":1,"time":1642009214000,"type_name":"Entity Management: Other","type_uid":300499,"unmapped":{"Access Mask":"0x20","Additional Information":{"Parameter 1":"-","Parameter 2":""},"EventType":"0","Object":{"Object Server":"DS"},"OpCode":"Info","Operation":{"Accesses":"Write Property"},"Properties":["Write Property","{bc0ac240-79a9-11d0-9020-00c04fc2d4cf}","{bf9679c0-0de6-11d0-a285-00aa003049e2}","{bf967a9c-0de6-11d0-a285-00aa003049e2}"],"TaskCategory":"Directory Service Access"}}
