{"activity_id":4,"activity_name":"Service Ticket Request","auth_protocol":"Kerberos","auth_protocol_id":2,"category_name":"Identity & Access Management","category_uid":3,"class_name":"Authentication","class_uid":3002,"device":{"hostname":"WSDCKPTC4.acme.com","os":{"name":"Windows","type":"Windows","type_id":100},"type":"Unknown","type_id":0},"dst_endpoint":{"hostname":"WSDCKPTC4.acme.com"},"message":"A Kerberos service ticket was requested.","metadata":{"event_code":"4769","log_name":"Security","log_provider":"Microsoft Windows security auditing.","original_time":"05/07/2022 04:42:00 PM","product":{"name":"Microsoft Windows","vendor_name":"Microsoft"},"profiles":["host"],"sequence":4224166980,"uid":"025d55ac445bd5e4ea6aaa5576db652b","version":"1.4.0"},"observables":[{"name":"src_endpoint","type":"Endpoint","type_id":20},{"name":"src_endpoint.ip","type":"IP Address","type_id":2,"value":"::ffff:168.136.112.69"},{"name":"src_endpoint.port","type":"Port","type_id":11,"value":"60220"},{"name":"device","type":"Endpoint","type_id":20},{"name":"device.hostname","type":"Hostname","type_id":1,"value":"WSDCKPTC4.acme.com"},{"name":"dst_endpoint","type":"Endpoint","type_id":20},{"name":"dst_endpoint.hostname","type":"Hostname","type_id":1,"value":"WSDCKPTC4.acme.com"},{"name":"user","type":"User","type_id":21},{"name":"user.account.name","type":"Account Object: name","type_id":34,"value":"carbanak"},{"name":"user.name","type":"User Name","type_id":4,"value":"carbanak"}],"raw_data":"05/07/2022 04:42:00 PM\nLogName=Security\nSourceName=Microsoft Windows security auditing.\nEventCode=4769\nEventType=0\nType=Information\nComputerName=WSDCKPTC4.acme.com\nTaskCategory=Kerberos Service Ticket Operations\nOpCode=Info\nRecordNumber=4224166980\nKeywords=Audit Success\nMessage=A Kerberos service ticket was requested.\nAccount Information:\n\tAccount Name:\t\tcarbanak\n\tAccount Domain:\t\tacme.com\n\tLogon GUID:\t\t{B54E1912-4456-C7FC-52DE-CA7A2418ADD0}\nService Information:\n\tService Name:\t\tISI283PRD$\n\tService ID:\t\tacme\\ISI284PRD$\nNetwork Information:\n\tClient Address:\t\t::ffff:168.136.112.69\n\tClient Port:\t\t60220\nAdditional Information:\n\tTicket Options:\t\t0x40800000\n\tTicket Encryption Type:\t0x12\n\tFailure Code:\t\t0x20\n\tTransited Services:\t-\n","session":{"uuid":"{B54E1912-4456-C7FC-52DE-CA7A2418ADD0}"},"severity":"Informational","severity_id":1,"src_endpoint":{"ip":"::ffff:168.136.112.69","port":60220},"status":"Success","status_code":"0x20","status_id":1,"time":1651941720000,"type_name":"Authentication: Service Ticket Request","type_uid":300204,"unmapped":{"Additional Information":{"Ticket Encryption Type":"0x12","Ticket Options":"0x40800000","Transited Services":"-"},"EventType":"0","OpCode":"Info","Service Information":{"Service ID":"acme\\ISI284PRD$","Service Name":"ISI283PRD$"},"TaskCategory":"Kerberos Service Ticket Operations"},"user":{"account":{"name":"carbanak","type":"Windows Account","type_id":2},"domain":"acme.com","name":"carbanak"}}
{"activity_id":4,"activity_name":"Service Ticket Request","auth_protocol":"Kerberos","auth_protocol_id":2,"category_name":"Identity & Access Management","category_uid":3,"class_name":"Authentication","class_uid":3002,"device":{"hostname":"WSDCKPTC4.acme.com","os":{"name":"Windows","type":"Windows","type_id":100},"type":"Unknown","type_id":0},"dst_endpoint":{"hostname":"WSDCKPTC4.acme.com"},"message":"A Kerberos service ticket was requested.","metadata":{"event_code":"4769","log_name":"Security","log_provider":"Microsoft Windows security auditing.","original_time":"05/07/2022 04:42:00 PM","product":{"name":"Microsoft Windows","vendor_name":"Microsoft"},"profiles":["host"],"sequence":4224166980,"uid":"662d43a884ad21012504b89f405d599b","version":"1.4.0"},"observables":[{"name":"user","type":"User","type_id":21},{"name":"user.account.name","type":"Account Object: name","type_id":34,"value":"carbanak"},{"name":"user.name","type":"User Name","type_id":4,"value":"carbanak"},{"name":"dst_endpoint","type":"Endpoint","type_id":20},{"name":"dst_endpoint.hostname","type":"Hostname","type_id":1,"value":"WSDCKPTC4.acme.com"},{"name":"device","type":"Endpoint","type_id":20},{"name":"device.hostname","type":"Hostname","type_id":1,"value":"WSDCKPTC4.acme.com"},{"name":"src_endpoint","type":"Endpoint","type_id":20},{"name":"src_endpoint.ip","type":"IP Address","type_id":2,"value":"::ffff:168.136.112.69"},{"name":"src_endpoint.port","type":"Port","type_id":11,"value":"60220"}],"raw_data":"05/07/2022 04:42:00 PM\nLogName=Security\nSourceName=Microsoft Windows security auditing.\nEventCode=4769\nEventType=0\nType=Information\nComputerName=WSDCKPTC4.acme.com\nTaskCategory=Kerberos Service Ticket Operations\nOpCode=Info\nRecordNumber=4224166980\nKeywords=Audit Success\nMessage=A Kerberos service ticket was requested.\nAccount Information:\n\tAccount Name:\t\tcarbanak\n\tAccount Domain:\t\tacme.com\n\tLogon GUID:\t\t{B54E1912-4456-C7FC-52DE-CA7A2418ADD0}\nService Information:\n\tService Name:\t\tWS5731RLDZ$\n\tService ID:\t\tacme\\WS5731RLDZ$\nNetwork Information:\n\tClient Address:\t\t::ffff:168.136.112.69\n\tClient Port:\t\t60220\nAdditional Information:\n\tTicket Options:\t\t0x40800000\n\tTicket Encryption Type:\t0x12\n\tFailure Code:\t\t0x1\n\tTransited Services:\t-\n","session":{"uuid":"{B54E1912-4456-C7FC-52DE-CA7A2418ADD0}"},"severity":"Informational","severity_id":1,"src_endpoint":{"ip":"::ffff:168.136.112.69","port":60220},"status":"Success","status_code":"0x1","status_id":1,"time":1651941720000,"type_name":"Authentication: Service Ticket Request","type_uid":300204,"unmapped":{"Additional Information":{"Ticket Encryption Type":"0x12","Ticket Options":"0x40800000","Transited Services":"-"},"EventType":"0","OpCode":"Info","Service Information":{"Service ID":"acme\\WS5731RLDZ$","Service Name":"WS5731RLDZ$"},"TaskCategory":"Kerberos Service Ticket Operations"},"user":{"account":{"name":"carbanak","type":"Windows Account","type_id":2},"domain":"acme.com","name":"carbanak"}}
{"activity_id":4,"activity_name":"Service Ticket Request","auth_protocol":"Kerberos","auth_protocol_id":2,"category_name":"Identity & Access Management","category_uid":3,"class_name":"Authentication","class_uid":3002,"device":{"hostname":"WSDCKPTC4.acme.com","os":{"name":"Windows","type":"Windows","type_id":100},"type":"Unknown","type_id":0},"dst_endpoint":{"hostname":"WSDCKPTC4.acme.com"},"message":"A Kerberos service ticket was requested.","metadata":{"event_code":"4769","log_name":"Security","log_provider":"Microsoft Windows security auditing.","original_time":"05/07/2022 04:42:00 PM","product":{"name":"Microsoft Windows","vendor_name":"Microsoft"},"profiles":["host"],"sequence":4224166980,"uid":"c8469e85c3b14c92b21f025360cff27b","version":"1.4.0"},"observables":[{"name":"dst_endpoint","type":"Endpoint","type_id":20},{"name":"dst_endpoint.hostname","type":"Hostname","type_id":1,"value":"WSDCKPTC4.acme.com"},{"name":"device","type":"Endpoint","type_id":20},{"name":"device.hostname","type":"Hostname","type_id":1,"value":"WSDCKPTC4.acme.com"},{"name":"src_endpoint","type":"Endpoint","type_id":20},{"name":"src_endpoint.ip","type":"IP Address","type_id":2,"value":"::ffff:168.136.112.69"},{"name":"src_endpoint.port","type":"Port","type_id":11,"value":"60220"},{"name":"user","type":"User","type_id":21},{"name":"user.account.name","type":"Account Object: name","type_id":34,"value":"carbanak"},{"name":"user.name","type":"User Name","type_id":4,"value":"carbanak"}],"raw_data":"05/07/2022 04:42:00 PM\nLogName=Security\nSourceName=Microsoft Windows security auditing.\nEventCode=4769\nEventType=0\nType=Information\nComputerName=WSDCKPTC4.acme.com\nTaskCategory=Kerberos Service Ticket Operations\nOpCode=Info\nRecordNumber=4224166980\nKeywords=Audit Success\nMessage=A Kerberos service ticket was requested.\nAccount Information:\n\tAccount Name:\t\tcarbanak\n\tAccount Domain:\t\tacme.com\n\tLogon GUID:\t\t{B54E1912-4456-C7FC-52DE-CA7A2418ADD0}\nService Information:\n\tService Name:\t\tQWS9519MVN$\n\tService ID:\t\tacme\\QWS9519MVN$\nNetwork Information:\n\tClient Address:\t\t::ffff:168.136.112.69\n\tClient Port:\t\t60220\nAdditional Information:\n\tTicket Options:\t\t0x40800000\n\tTicket Encryption Type:\t0x12\n\tFailure Code:\t\t0x2B\n\tTransited Services:\t-\n","session":{"uuid":"{B54E1912-4456-C7FC-52DE-CA7A2418ADD0}"},"severity":"Informational","severity_id":1,"src_endpoint":{"ip":"::ffff:168.136.112.69","port":60220},"status":"Success","status_code":"0x2B","status_id":1,"time":1651941720000,"type_name":"Authentication: Service Ticket Request","type_uid":300204,"unmapped":{"Additional Information":{"Ticket Encryption Type":"0x12","Ticket Options":"0x40800000","Transited Services":"-"},"EventType":"0","OpCode":"Info","Service Information":{"Service ID":"acme\\QWS9519MVN$","Service Name":"QWS9519MVN$"},"TaskCategory":"Kerberos Service Ticket Operations"},"user":{"account":{"name":"carbanak","type":"Windows Account","type_id":2},"domain":"acme.com","name":"carbanak"}}
{"activity_id":4,"activity_name":"Service Ticket Request","auth_protocol":"Kerberos","auth_protocol_id":2,"category_name":"Identity & Access Management","category_uid":3,"class_name":"Authentication","class_uid":3002,"device":{"hostname":"WSDCKPTC4.acme.com","os":{"name":"Windows","type":"Windows","type_id":100},"type":"Unknown","type_id":0},"dst_endpoint":{"hostname":"WSDCKPTC4.acme.com"},"message":"A Kerberos service ticket was requested.","metadata":{"event_code":"4769","log_name":"Security","log_provider":"Microsoft Windows security auditing.","original_time":"04/18/2022 04:34:26 PM","product":{"name":"Microsoft Windows","vendor_name":"Microsoft"},"profiles":["host"],"sequence":4224166980,"uid":"dc5545773a91e8c762c95f584b719711","version":"1.4.0"},"observables":[{"name":"device","type":"Endpoint","type_id":20},{"name":"device.hostname","type":"Hostname","type_id":1,"value":"WSDCKPTC4.acme.com"},{"name":"dst_endpoint","type":"Endpoint","type_id":20},{"name":"dst_endpoint.hostname","type":"Hostname","type_id":1,"value":"WSDCKPTC4.acme.com"},{"name":"src_endpoint","type":"Endpoint","type_id":20},{"name":"src_endpoint.ip","type":"IP Address","type_id":2,"value":"::ffff:168.136.112.69"},{"name":"src_endpoint.port","type":"Port","type_id":11,"value":"60220"},{"name":"user","type":"User","type_id":21},{"name":"user.account.name","type":"Account Object: name","type_id":34,"value":"carbanak"},{"name":"user.name","type":"User Name","type_id":4,"value":"carbanak"}],"raw_data":"04/18/2022 04:34:26 PM\nLogName=Security\nSourceName=Microsoft Windows security auditing.\nEventCode=4769\nEventType=0\nType=Information\nComputerName=WSDCKPTC4.acme.com\nTaskCategory=Kerberos Service Ticket Operations\nOpCode=Info\nRecordNumber=4224166980\nKeywords=Audit Success\nMessage=A Kerberos service ticket was requested.\nAccount Information:\n\tAccount Name:\t\tcarbanak\n\tAccount Domain:\t\tacme.com\n\tLogon GUID:\t\t{B54E1912-4456-C7FC-52DE-CA7A2418ADD0}\nService Information:\n\tService Name:\t\tCNU2509KYQ$\n\tService ID:\t\tacme\\CNU2509KYQ$\nNetwork Information:\n\tClient Address:\t\t::ffff:168.136.112.69\n\tClient Port:\t\t60220\nAdditional Information:\n\tTicket Options:\t\t0x40800000\n\tTicket Encryption Type:\t0x12\n\tFailure Code:\t\t0x10\n\tTransited Services:\t-\n","session":{"uuid":"{B54E1912-4456-C7FC-52DE-CA7A2418ADD0}"},"severity":"Informational","severity_id":1,"src_endpoint":{"ip":"::ffff:168.136.112.69","port":60220},"status":"Success","status_code":"0x10","status_id":1,"time":1650299666000,"type_name":"Authentication: Service Ticket Request","type_uid":300204,"unmapped":{"Additional Information":{"Ticket Encryption Type":"0x12","Ticket Options":"0x40800000","Transited Services":"-"},"EventType":"0","OpCode":"Info","Service Information":{"Service ID":"acme\\CNU2509KYQ$","Service Name":"CNU2509KYQ$"},"TaskCategory":"Kerberos Service Ticket Operations"},"user":{"account":{"name":"carbanak","type":"Windows Account","type_id":2},"domain":"acme.com","name":"carbanak"}}
{"activity_id":4,"activity_name":"Service Ticket Request","auth_protocol":"Kerberos","auth_protocol_id":2,"category_name":"Identity & Access Management","category_uid":3,"class_name":"Authentication","class_uid":3002,"device":{"hostname":"WSDCKPTC4.acme.com","os":{"name":"Windows","type":"Windows","type_id":100},"type":"Unknown","type_id":0},"dst_endpoint":{"hostname":"WSDCKPTC4.acme.com"},"message":"A Kerberos service ticket was requested.","metadata":{"event_code":"4769","log_name":"Security","log_provider":"Microsoft Windows security auditing.","original_time":"05/07/2022 04:42:00 PM","product":{"name":"Microsoft Windows","vendor_name":"Microsoft"},"profiles":["host"],"sequence":4224166980,"uid":"e3576cda5a7c10d1b5299e919f7731cb","version":"1.4.0"},"observables":[{"name":"dst_endpoint","type":"Endpoint","type_id":20},{"name":"dst_endpoint.hostname","type":"Hostname","type_id":1,"value":"WSDCKPTC4.acme.com"},{"name":"user","type":"User","type_id":21},{"name":"user.account.name","type":"Account Object: name","type_id":34,"value":"carbanak"},{"name":"user.name","type":"User Name","type_id":4,"value":"carbanak"},{"name":"device","type":"Endpoint","type_id":20},{"name":"device.hostname","type":"Hostname","type_id":1,"value":"WSDCKPTC4.acme.com"},{"name":"src_endpoint","type":"Endpoint","type_id":20},{"name":"src_endpoint.ip","type":"IP Address","type_id":2,"value":"::ffff:168.136.112.69"},{"name":"src_endpoint.port","type":"Port","type_id":11,"value":"60220"}],"raw_data":"05/07/2022 04:42:00 PM\nLogName=Security\nSourceName=Microsoft Windows security auditing.\nEventCode=4769\nEventType=0\nType=Information\nComputerName=WSDCKPTC4.acme.com\nTaskCategory=Kerberos Service Ticket Operations\nOpCode=Info\nRecordNumber=4224166980\nKeywords=Audit Success\nMessage=A Kerberos service ticket was requested.\nAccount Information:\n\tAccount Name:\t\tcarbanak\n\tAccount Domain:\t\tacme.com\n\tLogon GUID:\t\t{B54E1912-4456-C7FC-52DE-CA7A2418ADD0}\nService Information:\n\tService Name:\t\tWS1319MVN$\n\tService ID:\t\tacme\\WS1319MVN$\nNetwork Information:\n\tClient Address:\t\t::ffff:168.136.112.69\n\tClient Port:\t\t60220\nAdditional Information:\n\tTicket Options:\t\t0x40800000\n\tTicket Encryption Type:\t0x12\n\tFailure Code:\t\t0x5\n\tTransited Services:\t-\n","session":{"uuid":"{B54E1912-4456-C7FC-52DE-CA7A2418ADD0}"},"severity":"Informational","severity_id":1,"src_endpoint":{"ip":"::ffff:168.136.112.69","port":60220},"status":"Success","status_code":"0x5","status_id":1,"time":1651941720000,"type_name":"Authentication: Service Ticket Request","type_uid":300204,"unmapped":{"Additional Information":{"Ticket Encryption Type":"0x12","Ticket Options":"0x40800000","Transited Services":"-"},"EventType":"0","OpCode":"Info","Service Information":{"Service ID":"acme\\WS1319MVN$","Service Name":"WS1319MVN$"},"TaskCategory":"Kerberos Service Ticket Operations"},"user":{"account":{"name":"carbanak","type":"Windows Account","type_id":2},"domain":"acme.com","name":"carbanak"}}
{"activity_id":4,"activity_name":"Service Ticket Request","auth_protocol":"Kerberos","auth_protocol_id":2,"category_name":"Identity & Access Management","category_uid":3,"class_name":"Authentication","class_uid":3002,"device":{"hostname":"WSDCKPTC4.acme.com","os":{"name":"Windows","type":"Windows","type_id":100},"type":"Unknown","type_id":0},"dst_endpoint":{"hostname":"WSDCKPTC4.acme.com"},"message":"A Kerberos service ticket was requested.","metadata":{"event_code":"4769","log_name":"Security","log_provider":"Microsoft Windows security auditing.","original_time":"05/07/2022 04:42:00 PM","product":{"name":"Microsoft Windows","vendor_name":"Microsoft"},"profiles":["host"],"sequence":4224166980,"uid":"397e3681568e2cf23e1fc29dadea0e85","version":"1.4.0"},"observables":[{"name":"user","type":"User","type_id":21},{"name":"user.account.name","type":"Account Object: name","type_id":34,"value":"carbanak"},{"name":"user.name","type":"User Name","type_id":4,"value":"carbanak"},{"name":"dst_endpoint","type":"Endpoint","type_id":20},{"name":"dst_endpoint.hostname","type":"Hostname","type_id":1,"value":"WSDCKPTC4.acme.com"},{"name":"src_endpoint","type":"Endpoint","type_id":20},{"name":"src_endpoint.ip","type":"IP Address","type_id":2,"value":"::ffff:168.136.112.69"},{"name":"src_endpoint.port","type":"Port","type_id":11,"value":"60220"},{"name":"device","type":"Endpoint","type_id":20},{"name":"device.hostname","type":"Hostname","type_id":1,"value":"WSDCKPTC4.acme.com"}],"raw_data":"05/07/2022 04:42:00 PM\nLogName=Security\nSourceName=Microsoft Windows security auditing.\nEventCode=4769\nEventType=0\nType=Information\nComputerName=WSDCKPTC4.acme.com\nTaskCategory=Kerberos Service Ticket Operations\nOpCode=Info\nRecordNumber=4224166980\nKeywords=Audit Success\nMessage=A Kerberos service ticket was requested.\nAccount Information:\n\tAccount Name:\t\tcarbanak\n\tAccount Domain:\t\tacme.com\n\tLogon GUID:\t\t{B54E1912-4456-C7FC-52DE-CA7A2418ADD0}\nService Information:\n\tService Name:\t\tWWS9519MVN$\n\tService ID:\t\tacme\\WWS9519MVN$\nNetwork Information:\n\tClient Address:\t\t::ffff:168.136.112.69\n\tClient Port:\t\t60220\nAdditional Information:\n\tTicket Options:\t\t0x40800000\n\tTicket Encryption Type:\t0x12\n\tFailure Code:\t\t0x2B\n\tTransited Services:\t-\n","session":{"uuid":"{B54E1912-4456-C7FC-52DE-CA7A2418ADD0}"},"severity":"Informational","severity_id":1,"src_endpoint":{"ip":"::ffff:168.136.112.69","port":60220},"status":"Success","status_code":"0x2B","status_id":1,"time":1651941720000,"type_name":"Authentication: Service Ticket Request","type_uid":300204,"unmapped":{"Additional Information":{"Ticket Encryption Type":"0x12","Ticket Options":"0x40800000","Transited Services":"-"},"EventType":"0","OpCode":"Info","Service Information":{"Service ID":"acme\\WWS9519MVN$","Service Name":"WWS9519MVN$"},"TaskCategory":"Kerberos Service Ticket Operations"},"user":{"account":{"name":"carbanak","type":"Windows Account","type_id":2},"domain":"acme.com","name":"carbanak"}}
{"activity_id":4,"activity_name":"Service Ticket Request","auth_protocol":"Kerberos","auth_protocol_id":2,"category_name":"Identity & Access Management","category_uid":3,"class_name":"Authentication","class_uid":3002,"device":{"hostname":"WSDCKPTC4.acme.com","os":{"name":"Windows","type":"Windows","type_id":100},"type":"Unknown","type_id":0},"dst_endpoint":{"hostname":"WSDCKPTC4.acme.com"},"message":"A Kerberos service ticket was requested.","metadata":{"event_code":"4769","log_name":"Security","log_provider":"Microsoft Windows security auditing.","original_time":"05/07/2022 04:42:00 PM","product":{"name":"Microsoft Windows","vendor_name":"Microsoft"},"profiles":["host"],"sequence":4224166980,"uid":"0124ec235179462de65a952ee001364d","version":"1.4.0"},"observables":[{"name":"dst_endpoint","type":"Endpoint","type_id":20},{"name":"dst_endpoint.hostname","type":"Hostname","type_id":1,"value":"WSDCKPTC4.acme.com"},{"name":"user","type":"User","type_id":21},{"name":"user.account.name","type":"Account Object: name","type_id":34,"value":"carbanak"},{"name":"user.name","type":"User Name","type_id":4,"value":"carbanak"},{"name":"src_endpoint","type":"Endpoint","type_id":20},{"name":"src_endpoint.ip","type":"IP Address","type_id":2,"value":"::ffff:168.136.112.69"},{"name":"src_endpoint.port","type":"Port","type_id":11,"value":"60220"},{"name":"device","type":"Endpoint","type_id":20},{"name":"device.hostname","type":"Hostname","type_id":1,"value":"WSDCKPTC4.acme.com"}],"raw_data":"05/07/2022 04:42:00 PM\nLogName=Security\nSourceName=Microsoft Windows security auditing.\nEventCode=4769\nEventType=0\nType=Information\nComputerName=WSDCKPTC4.acme.com\nTaskCategory=Kerberos Service Ticket Operations\nOpCode=Info\nRecordNumber=4224166980\nKeywords=Audit Success\nMessage=A Kerberos service ticket was requested.\nAccount Information:\n\tAccount Name:\t\tcarbanak\n\tAccount Domain:\t\tacme.com\n\tLogon GUID:\t\t{B54E1912-4456-C7FC-52DE-CA7A2418ADD0}\nService Information:\n\tService Name:\t\tWS2314SUNN$\n\tService ID:\t\tacme\\WS2314SUNN$\nNetwork Information:\n\tClient Address:\t\t::ffff:168.136.112.69\n\tClient Port:\t\t60220\nAdditional Information:\n\tTicket Options:\t\t0x40800000\n\tTicket Encryption Type:\t0x12\n\tFailure Code:\t\t0x25\n\tTransited Services:\t-\n","session":{"uuid":"{B54E1912-4456-C7FC-52DE-CA7A2418ADD0}"},"severity":"Informational","severity_id":1,"src_endpoint":{"ip":"::ffff:168.136.112.69","port":60220},"status":"Success","status_code":"0x25","status_id":1,"time":1651941720000,"type_name":"Authentication: Service Ticket Request","type_uid":300204,"unmapped":{"Additional Information":{"Ticket Encryption Type":"0x12","Ticket Options":"0x40800000","Transited Services":"-"},"EventType":"0","OpCode":"Info","Service Information":{"Service ID":"acme\\WS2314SUNN$","Service Name":"WS2314SUNN$"},"TaskCategory":"Kerberos Service Ticket Operations"},"user":{"account":{"name":"carbanak","type":"Windows Account","type_id":2},"domain":"acme.com","name":"carbanak"}}
{"activity_id":4,"activity_name":"Service Ticket Request","auth_protocol":"Kerberos","auth_protocol_id":2,"category_name":"Identity & Access Management","category_uid":3,"class_name":"Authentication","class_uid":3002,"device":{"hostname":"WSDCKPTC4.acme.com","os":{"name":"Windows","type":"Windows","type_id":100},"type":"Unknown","type_id":0},"dst_endpoint":{"hostname":"WSDCKPTC4.acme.com"},"message":"A Kerberos service ticket was requested.","metadata":{"event_code":"4769","log_name":"Security","log_provider":"Microsoft Windows security auditing.","original_time":"05/07/2022 04:42:00 PM","product":{"name":"Microsoft Windows","vendor_name":"Microsoft"},"profiles":["host"],"sequence":4224166980,"uid":"df97b097af0aaee640bdf02574ff9f3c","version":"1.4.0"},"observables":[{"name":"user","type":"User","type_id":21},{"name":"user.account.name","type":"Account Object: name","type_id":34,"value":"carbanak"},{"name":"user.name","type":"User Name","type_id":4,"value":"carbanak"},{"name":"src_endpoint","type":"Endpoint","type_id":20},{"name":"src_endpoint.port","type":"Port","type_id":11,"value":"60220"},{"name":"src_endpoint.ip","type":"IP Address","type_id":2,"value":"::ffff:168.136.112.69"},{"name":"device","type":"Endpoint","type_id":20},{"name":"device.hostname","type":"Hostname","type_id":1,"value":"WSDCKPTC4.acme.com"},{"name":"dst_endpoint","type":"Endpoint","type_id":20},{"name":"dst_endpoint.hostname","type":"Hostname","type_id":1,"value":"WSDCKPTC4.acme.com"}],"raw_data":"05/07/2022 04:42:00 PM\nLogName=Security\nSourceName=Microsoft Windows security auditing.\nEventCode=4769\nEventType=0\nType=Information\nComputerName=WSDCKPTC4.acme.com\nTaskCategory=Kerberos Service Ticket Operations\nOpCode=Info\nRecordNumber=4224166980\nKeywords=Audit Success\nMessage=A Kerberos service ticket was requested.\nAccount Information:\n\tAccount Name:\t\tcarbanak\n\tAccount Domain:\t\tacme.com\n\tLogon GUID:\t\t{B54E1912-4456-C7FC-52DE-CA7A2418ADD0}\nService Information:\n\tService Name:\t\tWS5719MVRN$\n\tService ID:\t\tacme\\WS5719MVRN$\nNetwork Information:\n\tClient Address:\t\t::ffff:168.136.112.69\n\tClient Port:\t\t60220\nAdditional Information:\n\tTicket Options:\t\t0x40800000\n\tTicket Encryption Type:\t0x12\n\tFailure Code:\t\t0x10\n\tTransited Services:\t-\n","session":{"uuid":"{B54E1912-4456-C7FC-52DE-CA7A2418ADD0}"},"severity":"Informational","severity_id":1,"src_endpoint":{"ip":"::ffff:168.136.112.69","port":60220},"status":"Success","status_code":"0x10","status_id":1,"time":1651941720000,"type_name":"Authentication: Service Ticket Request","type_uid":300204,"unmapped":{"Additional Information":{"Ticket Encryption Type":"0x12","Ticket Options":"0x40800000","Transited Services":"-"},"EventType":"0","OpCode":"Info","Service Information":{"Service ID":"acme\\WS5719MVRN$","Service Name":"WS5719MVRN$"},"TaskCategory":"Kerberos Service Ticket Operations"},"user":{"account":{"name":"carbanak","type":"Windows Account","type_id":2},"domain":"acme.com","name":"carbanak"}}
{"activity_id":4,"activity_name":"Service Ticket Request","auth_protocol":"Kerberos","auth_protocol_id":2,"category_name":"Identity & Access Management","category_uid":3,"class_name":"Authentication","class_uid":3002,"device":{"hostname":"WSDCKPTC4.acme.com","os":{"name":"Windows","type":"Windows","type_id":100},"type":"Unknown","type_id":0},"dst_endpoint":{"hostname":"WSDCKPTC4.acme.com"},"message":"A Kerberos service ticket was requested.","metadata":{"event_code":"4769","log_name":"Security","log_provider":"Microsoft Windows security auditing.","original_time":"05/07/2022 04:42:00 PM","product":{"name":"Microsoft Windows","vendor_name":"Microsoft"},"profiles":["host"],"sequence":4224166980,"uid":"73ca01937416715a6be9167675dab13a","version":"1.4.0"},"observables":[{"name":"src_endpoint","type":"Endpoint","type_id":20},{"name":"src_endpoint.ip","type":"IP Address","type_id":2,"value":"::ffff:168.136.112.69"},{"name":"src_endpoint.port","type":"Port","type_id":11,"value":"60220"},{"name":"dst_endpoint","type":"Endpoint","type_id":20},{"name":"dst_endpoint.hostname","type":"Hostname","type_id":1,"value":"WSDCKPTC4.acme.com"},{"name":"user","type":"User","type_id":21},{"name":"user.account.name","type":"Account Object: name","type_id":34,"value":"carbanak"},{"name":"user.name","type":"User Name","type_id":4,"value":"carbanak"},{"name":"device","type":"Endpoint","type_id":20},{"name":"device.hostname","type":"Hostname","type_id":1,"value":"WSDCKPTC4.acme.com"}],"raw_data":"05/07/2022 04:42:00 PM\nLogName=Security\nSourceName=Microsoft Windows security auditing.\nEventCode=4769\nEventType=0\nType=Information\nComputerName=WSDCKPTC4.acme.com\nTaskCategory=Kerberos Service Ticket Operations\nOpCode=Info\nRecordNumber=4224166980\nKeywords=Audit Success\nMessage=A Kerberos service ticket was requested.\nAccount Information:\n\tAccount Name:\t\tcarbanak\n\tAccount Domain:\t\tacme.com\n\tLogon GUID:\t\t{B54E1912-4456-C7FC-52DE-CA7A2418ADD0}\nService Information:\n\tService Name:\t\tISI284PRD$\n\tService ID:\t\tacme\\ISI284PRD$\nNetwork Information:\n\tClient Address:\t\t::ffff:168.136.112.69\n\tClient Port:\t\t60220\nAdditional Information:\n\tTicket Options:\t\t0x40800000\n\tTicket Encryption Type:\t0x12\n\tFailure Code:\t\t0x12\n\tTransited Services:\t-\n","session":{"uuid":"{B54E1912-4456-C7FC-52DE-CA7A2418ADD0}"},"severity":"Informational","severity_id":1,"src_endpoint":{"ip":"::ffff:168.136.112.69","port":60220},"status":"Success","status_code":"0x12","status_id":1,"time":1651941720000,"type_name":"Authentication: Service Ticket Request","type_uid":300204,"unmapped":{"Additional Information":{"Ticket Encryption Type":"0x12","Ticket Options":"0x40800000","Transited Services":"-"},"EventType":"0","OpCode":"Info","Service Information":{"Service ID":"acme\\ISI284PRD$","Service Name":"ISI284PRD$"},"TaskCategory":"Kerberos Service Ticket Operations"},"user":{"account":{"name":"carbanak","type":"Windows Account","type_id":2},"domain":"acme.com","name":"carbanak"}}
{"activity_id":4,"activity_name":"Service Ticket Request","auth_protocol":"Kerberos","auth_protocol_id":2,"category_name":"Identity & Access Management","category_uid":3,"class_name":"Authentication","class_uid":3002,"device":{"hostname":"WSDCKPTC4.acme.com","os":{"name":"Windows","type":"Windows","type_id":100},"type":"Unknown","type_id":0},"dst_endpoint":{"hostname":"WSDCKPTC4.acme.com"},"message":"A Kerberos service ticket was requested.","metadata":{"event_code":"4769","log_name":"Security","log_provider":"Microsoft Windows security auditing.","original_time":"05/07/2022 04:42:00 PM","product":{"name":"Microsoft Windows","vendor_name":"Microsoft"},"profiles":["host"],"sequence":4224166980,"uid":"be04a3f6abbdedc3f4118e454eb639a2","version":"1.4.0"},"observables":[{"name":"device","type":"Endpoint","type_id":20},{"name":"device.hostname","type":"Hostname","type_id":1,"value":"WSDCKPTC4.acme.com"},{"name":"user","type":"User","type_id":21},{"name":"user.account.name","type":"Account Object: name","type_id":34,"value":"carbanak"},{"name":"user.name","type":"User Name","type_id":4,"value":"carbanak"},{"name":"dst_endpoint","type":"Endpoint","type_id":20},{"name":"dst_endpoint.hostname","type":"Hostname","type_id":1,"value":"WSDCKPTC4.acme.com"},{"name":"src_endpoint","type":"Endpoint","type_id":20},{"name":"src_endpoint.ip","type":"IP Address","type_id":2,"value":"::ffff:168.136.112.69"},{"name":"src_endpoint.port","type":"Port","type_id":11,"value":"60220"}],"raw_data":"05/07/2022 04:42:00 PM\nLogName=Security\nSourceName=Microsoft Windows security auditing.\nEventCode=4769\nEventType=0\nType=Information\nComputerName=WSDCKPTC4.acme.com\nTaskCategory=Kerberos Service Ticket Operations\nOpCode=Info\nRecordNumber=4224166980\nKeywords=Audit Success\nMessage=A Kerberos service ticket was requested.\nAccount Information:\n\tAccount Name:\t\tcarbanak\n\tAccount Domain:\t\tacme.com\n\tLogon GUID:\t\t{B54E1912-4456-C7FC-52DE-CA7A2418ADD0}\nService Information:\n\tService Name:\t\tWS9719SUNN$\n\tService ID:\t\tacme\\WS9719SUNN$\nNetwork Information:\n\tClient Address:\t\t::ffff:168.136.112.69\n\tClient Port:\t\t60220\nAdditional Information:\n\tTicket Options:\t\t0x40800000\n\tTicket Encryption Type:\t0x12\n\tFailure Code:\t\t0x2C\n\tTransited Services:\t-\n","session":{"uuid":"{B54E1912-4456-C7FC-52DE-CA7A2418ADD0}"},"severity":"Informational","severity_id":1,"src_endpoint":{"ip":"::ffff:168.136.112.69","port":60220},"status":"Success","status_code":"0x2C","status_id":1,"time":1651941720000,"type_name":"Authentication: Service Ticket Request","type_uid":300204,"unmapped":{"Additional Information":{"Ticket Encryption Type":"0x12","Ticket Options":"0x40800000","Transited Services":"-"},"EventType":"0","OpCode":"Info","Service Information":{"Service ID":"acme\\WS9719SUNN$","Service Name":"WS9719SUNN$"},"TaskCategory":"Kerberos Service Ticket Operations"},"user":{"account":{"name":"carbanak","type":"Windows Account","type_id":2},"domain":"acme.com","name":"carbanak"}}
{"activity_id":4,"activity_name":"Service Ticket Request","auth_protocol":"Kerberos","auth_protocol_id":2,"category_name":"Identity & Access Management","category_uid":3,"class_name":"Authentication","class_uid":3002,"device":{"hostname":"WSDCKPTC4.acme.com","os":{"name":"Windows","type":"Windows","type_id":100},"type":"Unknown","type_id":0},"dst_endpoint":{"hostname":"WSDCKPTC4.acme.com"},"message":"A Kerberos service ticket was requested.","metadata":{"event_code":"4769","log_name":"Security","log_provider":"Microsoft Windows security auditing.","original_time":"05/07/2022 04:42:00 PM","product":{"name":"Microsoft Windows","vendor_name":"Microsoft"},"profiles":["host"],"sequence":4224166980,"uid":"f124868d9ecb3d41ffab8bd1328b1b53","version":"1.4.0"},"observables":[{"name":"src_endpoint","type":"Endpoint","type_id":20},{"name":"src_endpoint.port","type":"Port","type_id":11,"value":"60220"},{"name":"src_endpoint.ip","type":"IP Address","type_id":2,"value":"::ffff:168.136.112.69"},{"name":"device","type":"Endpoint","type_id":20},{"name":"device.hostname","type":"Hostname","type_id":1,"value":"WSDCKPTC4.acme.com"},{"name":"user","type":"User","type_id":21},{"name":"user.account.name","type":"Account Object: name","type_id":34,"value":"carbanak"},{"name":"user.name","type":"User Name","type_id":4,"value":"carbanak"},{"name":"dst_endpoint","type":"Endpoint","type_id":20},{"name":"dst_endpoint.hostname","type":"Hostname","type_id":1,"value":"WSDCKPTC4.acme.com"}],"raw_data":"05/07/2022 04:42:00 PM\nLogName=Security\nSourceName=Microsoft Windows security auditing.\nEventCode=4769\nEventType=0\nType=Information\nComputerName=WSDCKPTC4.acme.com\nTaskCategory=Kerberos Service Ticket Operations\nOpCode=Info\nRecordNumber=4224166980\nKeywords=Audit Success\nMessage=A Kerberos service ticket was requested.\nAccount Information:\n\tAccount Name:\t\tcarbanak\n\tAccount Domain:\t\tacme.com\n\tLogon GUID:\t\t{B54E1912-4456-C7FC-52DE-CA7A2418ADD0}\nService Information:\n\tService Name:\t\tWSDCKPTC1$\n\tService ID:\t\tacme\\WSDCKPTC1$\nNetwork Information:\n\tClient Address:\t\t::ffff:168.136.112.69\n\tClient Port:\t\t60220\nAdditional Information:\n\tTicket Options:\t\t0x40800000\n\tTicket Encryption Type:\t0x12\n\tFailure Code:\t\t0x31\n\tTransited Services:\t-\n","session":{"uuid":"{B54E1912-4456-C7FC-52DE-CA7A2418ADD0}"},"severity":"Informational","severity_id":1,"src_endpoint":{"ip":"::ffff:168.136.112.69","port":60220},"status":"Success","status_code":"0x31","status_id":1,"time":1651941720000,"type_name":"Authentication: Service Ticket Request","type_uid":300204,"unmapped":{"Additional Information":{"Ticket Encryption Type":"0x12","Ticket Options":"0x40800000","Transited Services":"-"},"EventType":"0","OpCode":"Info","Service Information":{"Service ID":"acme\\WSDCKPTC1$","Service Name":"WSDCKPTC1$"},"TaskCategory":"Kerberos Service Ticket Operations"},"user":{"account":{"name":"carbanak","type":"Windows Account","type_id":2},"domain":"acme.com","name":"carbanak"}}
{"activity_id":4,"activity_name":"Service Ticket Request","auth_protocol":"Kerberos","auth_protocol_id":2,"category_name":"Identity & Access Management","category_uid":3,"class_name":"Authentication","class_uid":3002,"device":{"hostname":"WSDCKPTC4.acme.com","os":{"name":"Windows","type":"Windows","type_id":100},"type":"Unknown","type_id":0},"dst_endpoint":{"hostname":"WSDCKPTC4.acme.com"},"message":"A Kerberos service ticket was requested.","metadata":{"event_code":"4769","log_name":"Security","log_provider":"Microsoft Windows security auditing.","original_time":"05/07/2022 04:42:00 PM","product":{"name":"Microsoft Windows","vendor_name":"Microsoft"},"profiles":["host"],"sequence":4224166980,"uid":"59db4d08b0fbe81143514f2564978966","version":"1.4.0"},"observables":[{"name":"dst_endpoint","type":"Endpoint","type_id":20},{"name":"dst_endpoint.hostname","type":"Hostname","type_id":1,"value":"WSDCKPTC4.acme.com"},{"name":"src_endpoint","type":"Endpoint","type_id":20},{"name":"src_endpoint.ip","type":"IP Address","type_id":2,"value":"::ffff:168.136.112.69"},{"name":"src_endpoint.port","type":"Port","type_id":11,"value":"60220"},{"name":"user","type":"User","type_id":21},{"name":"user.account.name","type":"Account Object: name","type_id":34,"value":"carbanak"},{"name":"user.name","type":"User Name","type_id":4,"value":"carbanak"},{"name":"device","type":"Endpoint","type_id":20},{"name":"device.hostname","type":"Hostname","type_id":1,"value":"WSDCKPTC4.acme.com"}],"raw_data":"05/07/2022 04:42:00 PM\nLogName=Security\nSourceName=Microsoft Windows security auditing.\nEventCode=4769\nEventType=0\nType=Information\nComputerName=WSDCKPTC4.acme.com\nTaskCategory=Kerberos Service Ticket Operations\nOpCode=Info\nRecordNumber=4224166980\nKeywords=Audit Success\nMessage=A Kerberos service ticket was requested.\nAccount Information:\n\tAccount Name:\t\tcarbanak\n\tAccount Domain:\t\tacme.com\n\tLogon GUID:\t\t{B54E1912-4456-C7FC-52DE-CA7A2418ADD0}\nService Information:\n\tService Name:\t\tEWS9519MVN$\n\tService ID:\t\tacme\\EWS9519MVN$\nNetwork Information:\n\tClient Address:\t\t::ffff:168.136.112.69\n\tClient Port:\t\t60220\nAdditional Information:\n\tTicket Options:\t\t0x40800000\n\tTicket Encryption Type:\t0x12\n\tFailure Code:\t\t0x2B\n\tTransited Services:\t-\n","session":{"uuid":"{B54E1912-4456-C7FC-52DE-CA7A2418ADD0}"},"severity":"Informational","severity_id":1,"src_endpoint":{"ip":"::ffff:168.136.112.69","port":60220},"status":"Success","status_code":"0x2B","status_id":1,"time":1651941720000,"type_name":"Authentication: Service Ticket Request","type_uid":300204,"unmapped":{"Additional Information":{"Ticket Encryption Type":"0x12","Ticket Options":"0x40800000","Transited Services":"-"},"EventType":"0","OpCode":"Info","Service Information":{"Service ID":"acme\\EWS9519MVN$","Service Name":"EWS9519MVN$"},"TaskCategory":"Kerberos Service Ticket Operations"},"user":{"account":{"name":"carbanak","type":"Windows Account","type_id":2},"domain":"acme.com","name":"carbanak"}}
{"activity_id":4,"activity_name":"Service Ticket Request","auth_protocol":"Kerberos","auth_protocol_id":2,"category_name":"Identity & Access Management","category_uid":3,"class_name":"Authentication","class_uid":3002,"device":{"hostname":"WSDCKPTC4.acme.com","os":{"name":"Windows","type":"Windows","type_id":100},"type":"Unknown","type_id":0},"dst_endpoint":{"hostname":"WSDCKPTC4.acme.com"},"message":"A Kerberos service ticket was requested.","metadata":{"event_code":"4769","log_name":"Security","log_provider":"Microsoft Windows security auditing.","original_time":"05/07/2022 04:42:00 PM","product":{"name":"Microsoft Windows","vendor_name":"Microsoft"},"profiles":["host"],"sequence":4224166980,"uid":"e8f99ce82b00be34fed2c408bd71fe67","version":"1.4.0"},"observables":[{"name":"device","type":"Endpoint","type_id":20},{"name":"device.hostname","type":"Hostname","type_id":1,"value":"WSDCKPTC4.acme.com"},{"name":"dst_endpoint","type":"Endpoint","type_id":20},{"name":"dst_endpoint.hostname","type":"Hostname","type_id":1,"value":"WSDCKPTC4.acme.com"},{"name":"src_endpoint","type":"Endpoint","type_id":20},{"name":"src_endpoint.ip","type":"IP Address","type_id":2,"value":"::ffff:168.136.112.69"},{"name":"src_endpoint.port","type":"Port","type_id":11,"value":"60220"},{"name":"user","type":"User","type_id":21},{"name":"user.account.name","type":"Account Object: name","type_id":34,"value":"carbanak"},{"name":"user.name","type":"User Name","type_id":4,"value":"carbanak"}],"raw_data":"05/07/2022 04:42:00 PM\nLogName=Security\nSourceName=Microsoft Windows security auditing.\nEventCode=4769\nEventType=0\nType=Information\nComputerName=WSDCKPTC4.acme.com\nTaskCategory=Kerberos Service Ticket Operations\nOpCode=Info\nRecordNumber=4224166980\nKeywords=Audit Success\nMessage=A Kerberos service ticket was requested.\nAccount Information:\n\tAccount Name:\t\tcarbanak\n\tAccount Domain:\t\tacme.com\n\tLogon GUID:\t\t{B54E1912-4456-C7FC-52DE-CA7A2418ADD0}\nService Information:\n\tService Name:\t\tWS2714SUNN$\n\tService ID:\t\tacme\\WS2714SUNN$\nNetwork Information:\n\tClient Address:\t\t::ffff:168.136.112.69\n\tClient Port:\t\t60220\nAdditional Information:\n\tTicket Options:\t\t0x40800000\n\tTicket Encryption Type:\t0x12\n\tFailure Code:\t\t0x2A\n\tTransited Services:\t-\n","session":{"uuid":"{B54E1912-4456-C7FC-52DE-CA7A2418ADD0}"},"severity":"Informational","severity_id":1,"src_endpoint":{"ip":"::ffff:168.136.112.69","port":60220},"status":"Success","status_code":"0x2A","status_id":1,"time":1651941720000,"type_name":"Authentication: Service Ticket Request","type_uid":300204,"unmapped":{"Additional Information":{"Ticket Encryption Type":"0x12","Ticket Options":"0x40800000","Transited Services":"-"},"EventType":"0","OpCode":"Info","Service Information":{"Service ID":"acme\\WS2714SUNN$","Service Name":"WS2714SUNN$"},"TaskCategory":"Kerberos Service Ticket Operations"},"user":{"account":{"name":"carbanak","type":"Windows Account","type_id":2},"domain":"acme.com","name":"carbanak"}}
{"activity_id":4,"activity_name":"Service Ticket Request","auth_protocol":"Kerberos","auth_protocol_id":2,"category_name":"Identity & Access Management","category_uid":3,"class_name":"Authentication","class_uid":3002,"device":{"hostname":"WSDCKPTC4.acme.com","os":{"name":"Windows","type":"Windows","type_id":100},"type":"Unknown","type_id":0},"dst_endpoint":{"hostname":"WSDCKPTC4.acme.com"},"message":"A Kerberos service ticket was requested.","metadata":{"event_code":"4769","log_name":"Security","log_provider":"Microsoft Windows security auditing.","original_time":"05/07/2022 04:42:00 PM","product":{"name":"Microsoft Windows","vendor_name":"Microsoft"},"profiles":["host"],"sequence":4224166980,"uid":"221f18e1eb2b27f6e230309aaaae21a8","version":"1.4.0"},"observables":[{"name":"dst_endpoint","type":"Endpoint","type_id":20},{"name":"dst_endpoint.hostname","type":"Hostname","type_id":1,"value":"WSDCKPTC4.acme.com"},{"name":"src_endpoint","type":"Endpoint","type_id":20},{"name":"src_endpoint.ip","type":"IP Address","type_id":2,"value":"::ffff:168.136.112.69"},{"name":"src_endpoint.port","type":"Port","type_id":11,"value":"60220"},{"name":"device","type":"Endpoint","type_id":20},{"name":"device.hostname","type":"Hostname","type_id":1,"value":"WSDCKPTC4.acme.com"},{"name":"user","type":"User","type_id":21},{"name":"user.account.name","type":"Account Object: name","type_id":34,"value":"carbanak"},{"name":"user.name","type":"User Name","type_id":4,"value":"carbanak"}],"raw_data":"05/07/2022 04:42:00 PM\nLogName=Security\nSourceName=Microsoft Windows security auditing.\nEventCode=4769\nEventType=0\nType=Information\nComputerName=WSDCKPTC4.acme.com\nTaskCategory=Kerberos Service Ticket Operations\nOpCode=Info\nRecordNumber=4224166980\nKeywords=Audit Success\nMessage=A Kerberos service ticket was requested.\nAccount Information:\n\tAccount Name:\t\tcarbanak\n\tAccount Domain:\t\tacme.com\n\tLogon GUID:\t\t{B54E1912-4456-C7FC-52DE-CA7A2418ADD0}\nService Information:\n\tService Name:\t\tWS1719MVN$\n\tService ID:\t\tacme\\WS1719MVN$\nNetwork Information:\n\tClient Address:\t\t::ffff:168.136.112.69\n\tClient Port:\t\t60220\nAdditional Information:\n\tTicket Options:\t\t0x40800000\n\tTicket Encryption Type:\t0x12\n\tFailure Code:\t\t0x4\n\tTransited Services:\t-\n","session":{"uuid":"{B54E1912-4456-C7FC-52DE-CA7A2418ADD0}"},"severity":"Informational","severity_id":1,"src_endpoint":{"ip":"::ffff:168.136.112.69","port":60220},"status":"Success","status_code":"0x4","status_id":1,"time":1651941720000,"type_name":"Authentication: Service Ticket Request","type_uid":300204,"unmapped":{"Additional Information":{"Ticket Encryption Type":"0x12","Ticket Options":"0x40800000","Transited Services":"-"},"EventType":"0","OpCode":"Info","Service Information":{"Service ID":"acme\\WS1719MVN$","Service Name":"WS1719MVN$"},"TaskCategory":"Kerberos Service Ticket Operations"},"user":{"account":{"name":"carbanak","type":"Windows Account","type_id":2},"domain":"acme.com","name":"carbanak"}}
{"activity_id":4,"activity_name":"Service Ticket Request","auth_protocol":"Kerberos","auth_protocol_id":2,"category_name":"Identity & Access Management","category_uid":3,"class_name":"Authentication","class_uid":3002,"device":{"hostname":"WSDCKPTC4.acme.com","os":{"name":"Windows","type":"Windows","type_id":100},"type":"Unknown","type_id":0},"dst_endpoint":{"hostname":"WSDCKPTC4.acme.com"},"message":"A Kerberos service ticket was requested.","metadata":{"event_code":"4769","log_name":"Security","log_provider":"Microsoft Windows security auditing.","original_time":"04/18/2022 04:34:26 PM","product":{"name":"Microsoft Windows","vendor_name":"Microsoft"},"profiles":["host"],"sequence":4224166980,"uid":"e493f86dd154f0112af29a1c41755d20","version":"1.4.0"},"observables":[{"name":"src_endpoint","type":"Endpoint","type_id":20},{"name":"src_endpoint.ip","type":"IP Address","type_id":2,"value":"::ffff:168.136.112.69"},{"name":"src_endpoint.port","type":"Port","type_id":11,"value":"60220"},{"name":"user","type":"User","type_id":21},{"name":"user.account.name","type":"Account Object: name","type_id":34,"value":"carbanak"},{"name":"user.name","type":"User Name","type_id":4,"value":"carbanak"},{"name":"device","type":"Endpoint","type_id":20},{"name":"device.hostname","type":"Hostname","type_id":1,"value":"WSDCKPTC4.acme.com"},{"name":"dst_endpoint","type":"Endpoint","type_id":20},{"name":"dst_endpoint.hostname","type":"Hostname","type_id":1,"value":"WSDCKPTC4.acme.com"}],"raw_data":"04/18/2022 04:34:26 PM\nLogName=Security\nSourceName=Microsoft Windows security auditing.\nEventCode=4769\nEventType=0\nType=Information\nComputerName=WSDCKPTC4.acme.com\nTaskCategory=Kerberos Service Ticket Operations\nOpCode=Info\nRecordNumber=4224166980\nKeywords=Audit Success\nMessage=A Kerberos service ticket was requested.\nAccount Information:\n\tAccount Name:\t\tcarbanak\n\tAccount Domain:\t\tacme.com\n\tLogon GUID:\t\t{B54E1912-4456-C7FC-52DE-CA7A2418ADD0}\nService Information:\n\tService Name:\t\tCNU2509KYQ$\n\tService ID:\t\tacme\\CNU2509KYQ$\nNetwork Information:\n\tClient Address:\t\t::ffff:168.136.112.69\n\tClient Port:\t\t60220\nAdditional Information:\n\tTicket Options:\t\t0x40800000\n\tTicket Encryption Type:\t0x12\n\tFailure Code:\t\t0x0\n\tTransited Services:\t-\n","session":{"uuid":"{B54E1912-4456-C7FC-52DE-CA7A2418ADD0}"},"severity":"Informational","severity_id":1,"src_endpoint":{"ip":"::ffff:168.136.112.69","port":60220},"status":"Success","status_code":"0x0","status_id":1,"time":1650299666000,"type_name":"Authentication: Service Ticket Request","type_uid":300204,"unmapped":{"Additional Information":{"Ticket Encryption Type":"0x12","Ticket Options":"0x40800000","Transited Services":"-"},"EventType":"0","OpCode":"Info","Service Information":{"Service ID":"acme\\CNU2509KYQ$","Service Name":"CNU2509KYQ$"},"TaskCategory":"Kerberos Service Ticket Operations"},"user":{"account":{"name":"carbanak","type":"Windows Account","type_id":2},"domain":"acme.com","name":"carbanak"}}
{"activity_id":4,"activity_name":"Service Ticket Request","auth_protocol":"Kerberos","auth_protocol_id":2,"category_name":"Identity & Access Management","category_uid":3,"class_name":"Authentication","class_uid":3002,"device":{"hostname":"WSDCKPTC4.acme.com","os":{"name":"Windows","type":"Windows","type_id":100},"type":"Unknown","type_id":0},"dst_endpoint":{"hostname":"WSDCKPTC4.acme.com"},"message":"A Kerberos service ticket was requested.","metadata":{"event_code":"4769","log_name":"Security","log_provider":"Microsoft Windows security auditing.","original_time":"05/07/2022 04:42:00 PM","product":{"name":"Microsoft Windows","vendor_name":"Microsoft"},"profiles":["host"],"sequence":4224166980,"uid":"5a9506fa06e57a64f0a3ef8bd275b438","version":"1.4.0"},"observables":[{"name":"src_endpoint","type":"Endpoint","type_id":20},{"name":"src_endpoint.ip","type":"IP Address","type_id":2,"value":"::ffff:168.136.112.69"},{"name":"src_endpoint.port","type":"Port","type_id":11,"value":"60220"},{"name":"user","type":"User","type_id":21},{"name":"user.name","type":"User Name","type_id":4,"value":"carbanak"},{"name":"user.account.name","type":"Account Object: name","type_id":34,"value":"carbanak"},{"name":"device","type":"Endpoint","type_id":20},{"name":"device.hostname","type":"Hostname","type_id":1,"value":"WSDCKPTC4.acme.com"},{"name":"dst_endpoint","type":"Endpoint","type_id":20},{"name":"dst_endpoint.hostname","type":"Hostname","type_id":1,"value":"WSDCKPTC4.acme.com"}],"raw_data":"05/07/2022 04:42:00 PM\nLogName=Security\nSourceName=Microsoft Windows security auditing.\nEventCode=4769\nEventType=0\nType=Information\nComputerName=WSDCKPTC4.acme.com\nTaskCategory=Kerberos Service Ticket Operations\nOpCode=Info\nRecordNumber=4224166980\nKeywords=Audit Success\nMessage=A Kerberos service ticket was requested.\nAccount Information:\n\tAccount Name:\t\tcarbanak\n\tAccount Domain:\t\tacme.com\n\tLogon GUID:\t\t{B54E1912-4456-C7FC-52DE-CA7A2418ADD0}\nService Information:\n\tService Name:\t\tWS8751RZAA$\n\tService ID:\t\tacme\\WS8751RZAA$\nNetwork Information:\n\tClient Address:\t\t::ffff:168.136.112.69\n\tClient Port:\t\t60220\nAdditional Information:\n\tTicket Options:\t\t0x40800000\n\tTicket Encryption Type:\t0x12\n\tFailure Code:\t\t0x1F\n\tTransited Services:\t-\n","session":{"uuid":"{B54E1912-4456-C7FC-52DE-CA7A2418ADD0}"},"severity":"Informational","severity_id":1,"src_endpoint":{"ip":"::ffff:168.136.112.69","port":60220},"status":"Success","status_code":"0x1F","status_id":1,"time":1651941720000,"type_name":"Authentication: Service Ticket Request","type_uid":300204,"unmapped":{"Additional Information":{"Ticket Encryption Type":"0x12","Ticket Options":"0x40800000","Transited Services":"-"},"EventType":"0","OpCode":"Info","Service Information":{"Service ID":"acme\\WS8751RZAA$","Service Name":"WS8751RZAA$"},"TaskCategory":"Kerberos Service Ticket Operations"},"user":{"account":{"name":"carbanak","type":"Windows Account","type_id":2},"domain":"acme.com","name":"carbanak"}}
