{"activity_id":1,"activity_name":"Access","actor":{"process":{"file":{"name":"svchost.exe","parent_folder":"C:\\Windows\\System32","path":"C:\\Windows\\System32\\svchost.exe","type":"Regular File","type_id":1},"pid":3136},"session":{"uid":"0x3E5"},"user":{"account":{"name":"LOCAL SERVICE","type":"Windows Account","type_id":2,"uid":"NT AUTHORITY\\LOCAL SERVICE"},"domain":"NT AUTHORITY","name":"LOCAL SERVICE","uid":"NT AUTHORITY\\LOCAL SERVICE"}},"category_name":"System Activity","category_uid":1,"class_name":"Windows Resource Activity","class_uid":201003,"device":{"hostname":"SesWin2019DC1.SesTest.local","os":{"name":"Windows","type":"Windows","type_id":100},"type":"Unknown","type_id":0},"message":"A privileged service was called.","metadata":{"event_code":"4673","log_name":"Security","log_provider":"Microsoft Windows security auditing.","original_time":"01/28/2022 04:12:08 PM","product":{"name":"Microsoft Windows","vendor_name":"Microsoft"},"profiles":["host"],"sequence":374051,"uid":"af7e8506482a5432563362255005d4cf","version":"1.4.0"},"observables":[{"name":"actor.process","type":"Process","type_id":25},{"name":"actor.process.file","type":"File","type_id":24},{"name":"actor.process.file.name","type":"File Name","type_id":7,"value":"svchost.exe"},{"name":"actor.process.pid","type":"Process ID","type_id":15,"value":"3136"},{"name":"actor.user","type":"User","type_id":21},{"name":"actor.user.account.uid","type":"Account Object: uid","type_id":35,"value":"NT AUTHORITY\\LOCAL SERVICE"},{"name":"actor.user.account.name","type":"Account Object: name","type_id":34,"value":"LOCAL SERVICE"},{"name":"actor.user.name","type":"User Name","type_id":4,"value":"LOCAL SERVICE"},{"name":"actor.user.uid","type":"User Object: uid","type_id":31,"value":"NT AUTHORITY\\LOCAL SERVICE"},{"name":"device","type":"Endpoint","type_id":20},{"name":"device.hostname","type":"Hostname","type_id":1,"value":"SesWin2019DC1.SesTest.local"}],"raw_data":"01/28/2022 04:12:08 PM\nLogName=Security\nEventCode=4673\nEventType=0\nComputerName=SesWin2019DC1.SesTest.local\nSourceName=Microsoft Windows security auditing.\nType=Information\nRecordNumber=374051\nKeywords=Audit Failure\nTaskCategory=Sensitive Privilege Use\nOpCode=Info\nMessage=A privileged service was called.\n\nSubject:\n\tSecurity ID:\t\tNT AUTHORITY\\LOCAL SERVICE\n\tAccount Name:\t\tLOCAL SERVICE\n\tAccount Domain:\t\tNT AUTHORITY\n\tLogon ID:\t\t0x3E5\n\nService:\n\tServer:\tSecurity\n\tService Name:\t-\n\nProcess:\n\tProcess ID:\t0xc40\n\tProcess Name:\tC:\\Windows\\System32\\svchost.exe\n\nService Request Information:\n\tPrivileges:\t\tSeProfileSingleProcessPrivilege","severity":"Informational","severity_id":1,"status":"Failure","status_id":2,"time":1643386328000,"type_name":"Windows Resource Activity: Access","type_uid":20100301,"unmapped":{"EventType":"0","OpCode":"Info","Service Request Information":{"Privileges":"SeProfileSingleProcessPrivilege"},"TaskCategory":"Sensitive Privilege Use"},"win_resource":{"name":"-","svc_name":"Security","type":"Unknown","type_id":0}}
{"activity_id":1,"activity_name":"Access","actor":{"process":{"file":{"name":"lsass.exe","parent_folder":"C:\\Windows\\System32","path":"C:\\Windows\\System32\\lsass.exe","type":"Regular File","type_id":1},"pid":572},"session":{"uid":"0x3E7"},"user":{"account":{"name":"SESWIN2012-1$","type":"Windows Account","type_id":2,"uid":"NT AUTHORITY\\SYSTEM"},"domain":"SESTEST","name":"SESWIN2012-1$","uid":"NT AUTHORITY\\SYSTEM"}},"category_name":"System Activity","category_uid":1,"class_name":"Windows Resource Activity","class_uid":201003,"device":{"hostname":"SesWin2012-1.SesTest.local","os":{"name":"Windows","type":"Windows","type_id":100},"type":"Unknown","type_id":0},"message":"A privileged service was called.","metadata":{"event_code":"4673","log_name":"Security","log_provider":"Microsoft Windows security auditing.","original_time":"01/28/2022 04:07:56 PM","product":{"name":"Microsoft Windows","vendor_name":"Microsoft"},"profiles":["host"],"sequence":150385,"uid":"abd1bee3db081990b9166fb868724215","version":"1.4.0"},"observables":[{"name":"actor.process","type":"Process","type_id":25},{"name":"actor.process.file","type":"File","type_id":24},{"name":"actor.process.file.name","type":"File Name","type_id":7,"value":"lsass.exe"},{"name":"actor.process.pid","type":"Process ID","type_id":15,"value":"572"},{"name":"actor.user","type":"User","type_id":21},{"name":"actor.user.name","type":"User Name","type_id":4,"value":"SESWIN2012-1$"},{"name":"actor.user.uid","type":"User Object: uid","type_id":31,"value":"NT AUTHORITY\\SYSTEM"},{"name":"actor.user.account.uid","type":"Account Object: uid","type_id":35,"value":"NT AUTHORITY\\SYSTEM"},{"name":"actor.user.account.name","type":"Account Object: name","type_id":34,"value":"SESWIN2012-1$"},{"name":"device","type":"Endpoint","type_id":20},{"name":"device.hostname","type":"Hostname","type_id":1,"value":"SesWin2012-1.SesTest.local"}],"raw_data":"01/28/2022 04:07:56 PM\nLogName=Security\nEventCode=4673\nEventType=0\nComputerName=SesWin2012-1.SesTest.local\nSourceName=Microsoft Windows security auditing.\nType=Information\nRecordNumber=150385\nKeywords=Audit Failure\nTaskCategory=Sensitive Privilege Use\nOpCode=Info\nMessage=A privileged service was called.\n\nSubject:\n\tSecurity ID:\t\tNT AUTHORITY\\SYSTEM\n\tAccount Name:\t\tSESWIN2012-1$\n\tAccount Domain:\t\tSESTEST\n\tLogon ID:\t\t0x3E7\n\nService:\n\tServer:\tSecurity Account Manager\n\tService Name:\tSecurity Account Manager\n\nProcess:\n\tProcess ID:\t0x23c\n\tProcess Name:\tC:\\Windows\\System32\\lsass.exe\n\nService Request Information:\n\tPrivileges:\t\tSeTcbPrivilege","severity":"Informational","severity_id":1,"status":"Failure","status_id":2,"time":1643386076000,"type_name":"Windows Resource Activity: Access","type_uid":20100301,"unmapped":{"EventType":"0","OpCode":"Info","Service Request Information":{"Privileges":"SeTcbPrivilege"},"TaskCategory":"Sensitive Privilege Use"},"win_resource":{"name":"Security Account Manager","svc_name":"Security Account Manager","type":"Unknown","type_id":0}}
{"activity_id":1,"activity_name":"Access","actor":{"process":{"file":{"name":"lsass.exe","parent_folder":"C:\\Windows\\System32","path":"C:\\Windows\\System32\\lsass.exe","type":"Regular File","type_id":1},"pid":572},"session":{"uid":"0x3E7"},"user":{"account":{"name":"SESWIN2012-1$","type":"Windows Account","type_id":2,"uid":"NT AUTHORITY\\SYSTEM"},"domain":"SESTEST","name":"SESWIN2012-1$","uid":"NT AUTHORITY\\SYSTEM"}},"category_name":"System Activity","category_uid":1,"class_name":"Windows Resource Activity","class_uid":201003,"device":{"hostname":"SesWin2012-1.SesTest.local","os":{"name":"Windows","type":"Windows","type_id":100},"type":"Unknown","type_id":0},"message":"A privileged service was called.","metadata":{"event_code":"4673","log_name":"Security","log_provider":"Microsoft Windows security auditing.","original_time":"01/28/2022 04:14:28 PM","product":{"name":"Microsoft Windows","vendor_name":"Microsoft"},"profiles":["host"],"sequence":150411,"uid":"cb1523cbec95e5f27040a2a39f4eca81","version":"1.4.0"},"observables":[{"name":"device","type":"Endpoint","type_id":20},{"name":"device.hostname","type":"Hostname","type_id":1,"value":"SesWin2012-1.SesTest.local"},{"name":"actor.process","type":"Process","type_id":25},{"name":"actor.process.file","type":"File","type_id":24},{"name":"actor.process.file.name","type":"File Name","type_id":7,"value":"lsass.exe"},{"name":"actor.process.pid","type":"Process ID","type_id":15,"value":"572"},{"name":"actor.user","type":"User","type_id":21},{"name":"actor.user.account.uid","type":"Account Object: uid","type_id":35,"value":"NT AUTHORITY\\SYSTEM"},{"name":"actor.user.account.name","type":"Account Object: name","type_id":34,"value":"SESWIN2012-1$"},{"name":"actor.user.name","type":"User Name","type_id":4,"value":"SESWIN2012-1$"},{"name":"actor.user.uid","type":"User Object: uid","type_id":31,"value":"NT AUTHORITY\\SYSTEM"}],"raw_data":"01/28/2022 04:14:28 PM\nLogName=Security\nEventCode=4673\nEventType=0\nComputerName=SesWin2012-1.SesTest.local\nSourceName=Microsoft Windows security auditing.\nType=Information\nRecordNumber=150411\nKeywords=Audit Success\nTaskCategory=Sensitive Privilege Use\nOpCode=Info\nMessage=A privileged service was called.\n\nSubject:\n\tSecurity ID:\t\tNT AUTHORITY\\SYSTEM\n\tAccount Name:\t\tSESWIN2012-1$\n\tAccount Domain:\t\tSESTEST\n\tLogon ID:\t\t0x3E7\n\nService:\n\tServer:\tNT Local Security Authority / Authentication Service\n\tService Name:\tLsaRegisterLogonProcess()\n\nProcess:\n\tProcess ID:\t0x23c\n\tProcess Name:\tC:\\Windows\\System32\\lsass.exe\n\nService Request Information:\n\tPrivileges:\t\tSeTcbPrivilege","severity":"Informational","severity_id":1,"status":"Success","status_id":1,"time":1643386468000,"type_name":"Windows Resource Activity: Access","type_uid":20100301,"unmapped":{"EventType":"0","OpCode":"Info","Service Request Information":{"Privileges":"SeTcbPrivilege"},"TaskCategory":"Sensitive Privilege Use"},"win_resource":{"name":"LsaRegisterLogonProcess()","svc_name":"NT Local Security Authority / Authentication Service","type":"Unknown","type_id":0}}
{"activity_id":1,"activity_name":"Access","actor":{"process":{"file":{"name":"lsass.exe","parent_folder":"C:\\Windows\\System32","path":"C:\\Windows\\System32\\lsass.exe","type":"Regular File","type_id":1},"pid":688},"session":{"uid":"0x3E7"},"user":{"account":{"name":"SESWIN2019DC1$","type":"Windows Account","type_id":2,"uid":"NT AUTHORITY\\SYSTEM"},"domain":"SESTEST","name":"SESWIN2019DC1$","uid":"NT AUTHORITY\\SYSTEM"}},"category_name":"System Activity","category_uid":1,"class_name":"Windows Resource Activity","class_uid":201003,"device":{"hostname":"SesWin2019DC1.SesTest.local","os":{"name":"Windows","type":"Windows","type_id":100},"type":"Unknown","type_id":0},"message":"A privileged service was called.","metadata":{"event_code":"4673","log_name":"Security","log_provider":"Microsoft Windows security auditing.","original_time":"01/28/2022 04:12:08 PM","product":{"name":"Microsoft Windows","vendor_name":"Microsoft"},"profiles":["host"],"sequence":374056,"uid":"3db483ff9db3506c5205e4a142fc5cf2","version":"1.4.0"},"observables":[{"name":"actor.process","type":"Process","type_id":25},{"name":"actor.process.file","type":"File","type_id":24},{"name":"actor.process.file.name","type":"File Name","type_id":7,"value":"lsass.exe"},{"name":"actor.process.pid","type":"Process ID","type_id":15,"value":"688"},{"name":"actor.user","type":"User","type_id":21},{"name":"actor.user.account.uid","type":"Account Object: uid","type_id":35,"value":"NT AUTHORITY\\SYSTEM"},{"name":"actor.user.account.name","type":"Account Object: name","type_id":34,"value":"SESWIN2019DC1$"},{"name":"actor.user.name","type":"User Name","type_id":4,"value":"SESWIN2019DC1$"},{"name":"actor.user.uid","type":"User Object: uid","type_id":31,"value":"NT AUTHORITY\\SYSTEM"},{"name":"device","type":"Endpoint","type_id":20},{"name":"device.hostname","type":"Hostname","type_id":1,"value":"SesWin2019DC1.SesTest.local"}],"raw_data":"01/28/2022 04:12:08 PM\nLogName=Security\nEventCode=4673\nEventType=0\nComputerName=SesWin2019DC1.SesTest.local\nSourceName=Microsoft Windows security auditing.\nType=Information\nRecordNumber=374056\nKeywords=Audit Success\nTaskCategory=Sensitive Privilege Use\nOpCode=Info\nMessage=A privileged service was called.\n\nSubject:\n\tSecurity ID:\t\tNT AUTHORITY\\SYSTEM\n\tAccount Name:\t\tSESWIN2019DC1$\n\tAccount Domain:\t\tSESTEST\n\tLogon ID:\t\t0x3E7\n\nService:\n\tServer:\tNT Local Security Authority / Authentication Service\n\tService Name:\tLsaRegisterLogonProcess()\n\nProcess:\n\tProcess ID:\t0x2b0\n\tProcess Name:\tC:\\Windows\\System32\\lsass.exe\n\nService Request Information:\n\tPrivileges:\t\tSeTcbPrivilege","severity":"Informational","severity_id":1,"status":"Success","status_id":1,"time":1643386328000,"type_name":"Windows Resource Activity: Access","type_uid":20100301,"unmapped":{"EventType":"0","OpCode":"Info","Service Request Information":{"Privileges":"SeTcbPrivilege"},"TaskCategory":"Sensitive Privilege Use"},"win_resource":{"name":"LsaRegisterLogonProcess()","svc_name":"NT Local Security Authority / Authentication Service","type":"Unknown","type_id":0}}
{"activity_id":1,"activity_name":"Access","actor":{"process":{"file":{"name":"mmc.exe","parent_folder":"C:\\Windows\\System32","path":"C:\\Windows\\System32\\mmc.exe","type":"Regular File","type_id":1},"pid":6688},"session":{"uid":"0xDE9A79"},"user":{"account":{"name":"splunker","type":"Windows Account","type_id":2,"uid":"SESTEST\\splunker"},"domain":"SESTEST","name":"splunker","uid":"SESTEST\\splunker"}},"category_name":"System Activity","category_uid":1,"class_name":"Windows Resource Activity","class_uid":201003,"device":{"hostname":"SesWin2019DC1.SesTest.local","os":{"name":"Windows","type":"Windows","type_id":100},"type":"Unknown","type_id":0},"message":"A privileged service was called.","metadata":{"event_code":"4673","log_name":"Security","log_provider":"Microsoft Windows security auditing.","original_time":"01/28/2022 04:03:17 PM","product":{"name":"Microsoft Windows","vendor_name":"Microsoft"},"profiles":["host"],"sequence":373961,"uid":"e3f268a36eebb34c08ec0a9e860fa28c","version":"1.4.0"},"observables":[{"name":"actor.process","type":"Process","type_id":25},{"name":"actor.process.file","type":"File","type_id":24},{"name":"actor.process.file.name","type":"File Name","type_id":7,"value":"mmc.exe"},{"name":"actor.process.pid","type":"Process ID","type_id":15,"value":"6688"},{"name":"actor.user","type":"User","type_id":21},{"name":"actor.user.account.uid","type":"Account Object: uid","type_id":35,"value":"SESTEST\\splunker"},{"name":"actor.user.account.name","type":"Account Object: name","type_id":34,"value":"splunker"},{"name":"actor.user.name","type":"User Name","type_id":4,"value":"splunker"},{"name":"actor.user.uid","type":"User Object: uid","type_id":31,"value":"SESTEST\\splunker"},{"name":"device","type":"Endpoint","type_id":20},{"name":"device.hostname","type":"Hostname","type_id":1,"value":"SesWin2019DC1.SesTest.local"}],"raw_data":"01/28/2022 04:03:17 PM\nLogName=Security\nEventCode=4673\nEventType=0\nComputerName=SesWin2019DC1.SesTest.local\nSourceName=Microsoft Windows security auditing.\nType=Information\nRecordNumber=373961\nKeywords=Audit Success\nTaskCategory=Sensitive Privilege Use\nOpCode=Info\nMessage=A privileged service was called.\n\nSubject:\n\tSecurity ID:\t\tSESTEST\\splunker\n\tAccount Name:\t\tsplunker\n\tAccount Domain:\t\tSESTEST\n\tLogon ID:\t\t0xDE9A79\n\nService:\n\tServer:\tSecurity\n\tService Name:\t-\n\nProcess:\n\tProcess ID:\t0x1a20\n\tProcess Name:\tC:\\Windows\\System32\\mmc.exe\n\nService Request Information:\n\tPrivileges:\t\tSeCreateGlobalPrivilege","severity":"Informational","severity_id":1,"status":"Success","status_id":1,"time":1643385797000,"type_name":"Windows Resource Activity: Access","type_uid":20100301,"unmapped":{"EventType":"0","OpCode":"Info","Service Request Information":{"Privileges":"SeCreateGlobalPrivilege"},"TaskCategory":"Sensitive Privilege Use"},"win_resource":{"name":"-","svc_name":"Security","type":"Unknown","type_id":0}}
{"activity_id":1,"activity_name":"Launch","actor":{"process":{"pid":4272},"session":{"uid":"0x3E7"},"user":{"account":{"name":"QASUS-2K12-019$","type":"Windows Account","type_id":2,"uid":"S-1-5-18"},"domain":"WORKGROUP","name":"QASUS-2K12-019$","uid":"S-1-5-18"}},"category_name":"System Activity","category_uid":1,"class_name":"Process Activity","class_uid":1007,"device":{"hostname":"qasus-2k12-019.sv.splunk.com","os":{"name":"Windows","type":"Windows","type_id":100},"type":"Unknown","type_id":0},"message":"A new process has been created.","metadata":{"event_code":"4688","log_name":"Security","log_provider":"Microsoft Windows security auditing.","original_time":"11/18/2021 01:42:47 PM","product":{"name":"Microsoft Windows","vendor_name":"Microsoft"},"profiles":["host"],"sequence":1077106672,"uid":"08d60fb73821970be90b59c641d6c8b8","version":"1.4.0"},"observables":[{"name":"actor.process","type":"Process","type_id":25},{"name":"actor.process.pid","type":"Process ID","type_id":15,"value":"4272"},{"name":"actor.user","type":"User","type_id":21},{"name":"actor.user.account.uid","type":"Account Object: uid","type_id":35,"value":"S-1-5-18"},{"name":"actor.user.account.name","type":"Account Object: name","type_id":34,"value":"QASUS-2K12-019$"},{"name":"actor.user.name","type":"User Name","type_id":4,"value":"QASUS-2K12-019$"},{"name":"actor.user.uid","type":"User Object: uid","type_id":31,"value":"S-1-5-18"},{"name":"process","type":"Process","type_id":25},{"name":"process.file","type":"File","type_id":24},{"name":"process.file.name","type":"File Name","type_id":7,"value":"splunk-optimize.exe"},{"name":"process.pid","type":"Process ID","type_id":15,"value":"4572"},{"name":"device","type":"Endpoint","type_id":20},{"name":"device.hostname","type":"Hostname","type_id":1,"value":"qasus-2k12-019.sv.splunk.com"}],"process":{"cmd_line":"","file":{"name":"splunk-optimize.exe","parent_folder":"C:\\Program Files\\Splunk\\bin","path":"C:\\Program Files\\Splunk\\bin\\splunk-optimize.exe","type":"Regular File","type_id":1},"pid":4572},"raw_data":"11/18/2021 01:42:47 PM\nLogName=Security\nEventCode=4688\nEventType=0\nComputerName=qasus-2k12-019.sv.splunk.com\nSourceName=Microsoft Windows security auditing.\nType=Information\nRecordNumber=1077106672\nKeywords=Audit Success\nTaskCategory=Process Creation\nOpCode=Info\nMessage=A new process has been created.\n\nSubject:\n\tSecurity ID:\t\tS-1-5-18\n\tAccount Name:\t\tQASUS-2K12-019$\n\tAccount Domain:\t\tWORKGROUP\n\tLogon ID:\t\t0x3E7\n\nProcess Information:\n\tNew Process ID:\t\t0x11dc\n\tNew Process Name:\tC:\\Program Files\\Splunk\\bin\\splunk-optimize.exe\n\tToken Elevation Type:\tTokenElevationTypeDefault (1)\n\tCreator Process ID:\t0x10b0\n\tProcess Command Line:\t\n\nToken Elevation Type indicates the type of token that was assigned to the new process in accordance with User Account Control policy.\n\nType 1 is a full token with no privileges removed or groups disabled.  A full token is only used if User Account Control is disabled or if the user is the built-in Administrator account or a service account.\n\nType 2 is an elevated token with no privileges removed or groups disabled.  An elevated token is used when User Account Control is enabled and the user chooses to start the program using Run as administrator.  An elevated token is also used when an application is configured to always require administrative privilege or to always require maximum privilege, and the user is a member of the Administrators group.\n\nType 3 is a limited token with administrative privileges removed and administrative groups disabled.  The limited token is used when User Account Control is enabled, the application does not require administrative privilege, and the user does not choose to start the program using Run as administrator.","severity":"Informational","severity_id":1,"status":"Success","status_id":1,"time":1637242967000,"type_name":"Process Activity: Launch","type_uid":100701,"unmapped":{"EventType":"0","OpCode":"Info","Process Information":{"Token Elevation Type":"TokenElevationTypeDefault (1)"},"TaskCategory":"Process Creation"}}
{"activity_id":1,"activity_name":"Launch","actor":{"process":{"file":{"name":"explorer.exe","parent_folder":"c:\\windows\\system32","path":"c:\\windows\\system32\\explorer.exe","type":"Regular File","type_id":1},"pid":13196},"session":{"uid":"0x34e87"},"user":{"account":{"name":"r.pos.store00824","type":"Windows Account","type_id":2,"uid":"ACME050\\r.pos.store00824"},"domain":"ACME050","name":"r.pos.store00824","uid":"ACME050\\r.pos.store00824"}},"category_name":"System Activity","category_uid":1,"class_name":"Process Activity","class_uid":1007,"device":{"hostname":"RTEM00824SV001.acme050.com","os":{"name":"Windows","type":"Windows","type_id":100},"type":"Unknown","type_id":0},"message":"A new process has been created.","metadata":{"event_code":"4688","log_name":"Security","log_provider":"Microsoft Windows security auditing.","original_time":"12/03/2015 08:08:04 PM","product":{"name":"Microsoft Windows","vendor_name":"Microsoft"},"profiles":["host"],"sequence":146615782,"uid":"f8803ed5dfb23105295e47e25321f9ce","version":"1.4.0"},"observables":[{"name":"actor.process","type":"Process","type_id":25},{"name":"actor.process.file","type":"File","type_id":24},{"name":"actor.process.file.name","type":"File Name","type_id":7,"value":"explorer.exe"},{"name":"actor.process.pid","type":"Process ID","type_id":15,"value":"13196"},{"name":"actor.user","type":"User","type_id":21},{"name":"actor.user.uid","type":"User Object: uid","type_id":31,"value":"ACME050\\r.pos.store00824"},{"name":"actor.user.account.uid","type":"Account Object: uid","type_id":35,"value":"ACME050\\r.pos.store00824"},{"name":"actor.user.account.name","type":"Account Object: name","type_id":34,"value":"r.pos.store00824"},{"name":"actor.user.name","type":"User Name","type_id":4,"value":"r.pos.store00824"},{"name":"device","type":"Endpoint","type_id":20},{"name":"device.hostname","type":"Hostname","type_id":1,"value":"RTEM00824SV001.acme050.com"},{"name":"process","type":"Process","type_id":25},{"name":"process.cmd_line","type":"Command Line","type_id":13,"value":"C:\\Windows\\System32\\notepad.exe c:\\sys\\junk.txt"},{"name":"process.file","type":"File","type_id":24},{"name":"process.file.name","type":"File Name","type_id":7,"value":"notepad.exe"},{"name":"process.pid","type":"Process ID","type_id":15,"value":"37836"}],"process":{"cmd_line":"C:\\Windows\\System32\\notepad.exe c:\\sys\\junk.txt","file":{"name":"notepad.exe","parent_folder":"C:\\Windows\\System32","path":"C:\\Windows\\System32\\notepad.exe","type":"Regular File","type_id":1},"pid":37836},"raw_data":"12/03/2015 08:08:04 PM\nLogName=Security\nSourceName=Microsoft Windows security auditing.\nEventCode=4688\nEventType=0\nType=Information\nComputerName=RTEM00824SV001.acme050.com\nTaskCategory=Process Creation\nOpCode=Info\nRecordNumber=146615782\nKeywords=Audit Success\nMessage=A new process has been created.\n\nSubject:\n\tSecurity ID:\t\tACME050\\r.pos.store00824\n\tAccount Name:\t\tr.pos.store00824\n\tAccount Domain:\t\tACME050\n\tLogon ID:\t\t0x34e87\n\nProcess Information:\n\tNew Process ID:\t\t0x93cc\n\tNew Process Name:\tC:\\Windows\\System32\\notepad.exe\n\tToken Elevation Type:\tTokenElevationTypeDefault (1)\n\tCreator Process ID:\t0x338c\n\tCreator Process Name:\tc:\\windows\\system32\\explorer.exe\n\tProcess Command Line: C:\\Windows\\System32\\notepad.exe c:\\sys\\junk.txt\n\nToken Elevation Type indicates the type of token that was assigned to the new process in accordance with User Account Control policy.\n\nType 1 is a full token with no privileges removed or groups disabled.  A full token is only used if User Account Control is disabled or if the user is the built-in Administrator account or a service account.\n\nType 2 is an elevated token with no privileges removed or groups disabled.  An elevated token is used when User Account Control is enabled and the user chooses to start the program using Run as administrator.  An elevated token is also used when an application is configured to always require administrative privilege or to always require maximum privilege, and the user is a member of the Administrators group.\n\nType 3 is a limited token with administrative privileges removed and administrative groups disabled.  The limited token is used when User Account Control is enabled, the application does not require administrative privilege, and the user does not choose to start the program using Run as administrator.\n","severity":"Informational","severity_id":1,"status":"Success","status_id":1,"time":1449173284000,"type_name":"Process Activity: Launch","type_uid":100701,"unmapped":{"EventType":"0","OpCode":"Info","Process Information":{"Token Elevation Type":"TokenElevationTypeDefault (1)"},"TaskCategory":"Process Creation"}}
{"activity_id":1,"activity_name":"Launch","actor":{"process":{"file":{"name":"cmd.exe","parent_folder":"C:\\Windows\\System32","path":"C:\\Windows\\System32\\cmd.exe","type":"Regular File","type_id":1},"pid":3948},"session":{"uid":"0x55E621"},"user":{"account":{"name":"Administrator","type":"Windows Account","type_id":2,"uid":"ATTACKRANGE\\Administrator"},"domain":"ATTACKRANGE","name":"Administrator","uid":"ATTACKRANGE\\Administrator"}},"category_name":"System Activity","category_uid":1,"class_name":"Process Activity","class_uid":1007,"device":{"hostname":"win-dc-725.attackrange.local","os":{"name":"Windows","type":"Windows","type_id":100},"type":"Unknown","type_id":0},"message":"A new process has been created.","metadata":{"event_code":"4688","log_name":"Security","log_provider":"Microsoft Windows security auditing.","original_time":"03/12/2021 10:48:14 AM","product":{"name":"Microsoft Windows","vendor_name":"Microsoft"},"profiles":["host"],"sequence":257874,"uid":"0eff93bd4d82b1ee3b16a2b0160dc703","version":"1.4.0"},"observables":[{"name":"device","type":"Endpoint","type_id":20},{"name":"device.hostname","type":"Hostname","type_id":1,"value":"win-dc-725.attackrange.local"},{"name":"actor.process","type":"Process","type_id":25},{"name":"actor.process.file","type":"File","type_id":24},{"name":"actor.process.file.name","type":"File Name","type_id":7,"value":"cmd.exe"},{"name":"actor.process.pid","type":"Process ID","type_id":15,"value":"3948"},{"name":"actor.user","type":"User","type_id":21},{"name":"actor.user.account.uid","type":"Account Object: uid","type_id":35,"value":"ATTACKRANGE\\Administrator"},{"name":"actor.user.account.name","type":"Account Object: name","type_id":34,"value":"Administrator"},{"name":"actor.user.name","type":"User Name","type_id":4,"value":"Administrator"},{"name":"actor.user.uid","type":"User Object: uid","type_id":31,"value":"ATTACKRANGE\\Administrator"},{"name":"process","type":"Process","type_id":25},{"name":"process.pid","type":"Process ID","type_id":15,"value":"4696"},{"name":"process.user","type":"User","type_id":21},{"name":"process.user.uid","type":"User Object: uid","type_id":31,"value":"NULL SID"},{"name":"process.user.name","type":"User Name","type_id":4,"value":"-"},{"name":"process.cmd_line","type":"Command Line","type_id":13,"value":"reg  save HKLM\\system C:\\Users\\ADMINI~1\\AppData\\Local\\Temp\\system "},{"name":"process.file","type":"File","type_id":24},{"name":"process.file.name","type":"File Name","type_id":7,"value":"reg.exe"}],"process":{"cmd_line":"reg  save HKLM\\system C:\\Users\\ADMINI~1\\AppData\\Local\\Temp\\system ","file":{"name":"reg.exe","parent_folder":"C:\\Windows\\System32","path":"C:\\Windows\\System32\\reg.exe","type":"Regular File","type_id":1},"pid":4696,"session":{"uid":"0x0"},"user":{"domain":"-","name":"-","uid":"NULL SID"}},"raw_data":"03/12/2021 10:48:14 AM\nLogName=Security\nSourceName=Microsoft Windows security auditing.\nEventCode=4688\nEventType=0\nType=Information\nComputerName=win-dc-725.attackrange.local\nTaskCategory=Process Creation\nOpCode=Info\nRecordNumber=257874\nKeywords=Audit Success\nMessage=A new process has been created.\n\nCreator Subject:\n\tSecurity ID:\t\tATTACKRANGE\\Administrator\n\tAccount Name:\t\tAdministrator\n\tAccount Domain:\t\tATTACKRANGE\n\tLogon ID:\t\t0x55E621\n\nTarget Subject:\n\tSecurity ID:\t\tNULL SID\n\tAccount Name:\t\t-\n\tAccount Domain:\t\t-\n\tLogon ID:\t\t0x0\n\nProcess Information:\n\tNew Process ID:\t\t0x1258\n\tNew Process Name:\tC:\\Windows\\System32\\reg.exe\n\tToken Elevation Type:\t%%1936\n\tMandatory Label:\t\tMandatory Label\\High Mandatory Level\n\tCreator Process ID:\t0xf6c\n\tCreator Process Name:\tC:\\Windows\\System32\\cmd.exe\n\tProcess Command Line:\treg  save HKLM\\system C:\\Users\\ADMINI~1\\AppData\\Local\\Temp\\system \n\nToken Elevation Type indicates the type of token that was assigned to the new process in accordance with User Account Control policy.\n\nType 1 is a full token with no privileges removed or groups disabled.  A full token is only used if User Account Control is disabled or if the user is the built-in Administrator account or a service account.\n\nType 2 is an elevated token with no privileges removed or groups disabled.  An elevated token is used when User Account Control is enabled and the user chooses to start the program using Run as administrator.  An elevated token is also used when an application is configured to always require administrative privilege or to always require maximum privilege, and the user is a member of the Administrators group.\n\nType 3 is a limited token with administrative privileges removed and administrative groups disabled.  The limited token is used when User Account Control is enabled, the application does not require administrative privilege, and the user does not choose to start the program using Run as administrator.","severity":"Informational","severity_id":1,"status":"Success","status_id":1,"time":1615546094000,"type_name":"Process Activity: Launch","type_uid":100701,"unmapped":{"EventType":"0","OpCode":"Info","Process Information":{"Mandatory Label":"Mandatory Label\\High Mandatory Level","Token Elevation Type":"%%1936"},"TaskCategory":"Process Creation"}}
{"activity_id":1,"activity_name":"Launch","actor":{"process":{"pid":2088},"session":{"uid":"0x3E7"},"user":{"account":{"name":"MBX111-VIP-CA-1$","type":"Windows Account","type_id":2,"uid":"NT AUTHORITY\\SYSTEM"},"domain":"PEXCH111","name":"MBX111-VIP-CA-1$","uid":"NT AUTHORITY\\SYSTEM"}},"category_name":"System Activity","category_uid":1,"class_name":"Process Activity","class_uid":1007,"device":{"hostname":"MBX111-VIP-CA-1.pexch111.serverpod.net","os":{"name":"Windows","type":"Windows","type_id":100},"type":"Unknown","type_id":0},"message":"A new process has been created.","metadata":{"event_code":"4688","log_name":"Security","log_provider":"Microsoft Windows security auditing.","original_time":"11/18/2021 02:20:27 PM","product":{"name":"Microsoft Windows","vendor_name":"Microsoft"},"profiles":["host"],"sequence":2115811397,"uid":"34a9f41bc6d3f528ce2fcaebb72ac345","version":"1.4.0"},"observables":[{"name":"process","type":"Process","type_id":25},{"name":"process.pid","type":"Process ID","type_id":15,"value":"3580"},{"name":"process.user","type":"User","type_id":21},{"name":"process.user.name","type":"User Name","type_id":4,"value":"-"},{"name":"process.user.uid","type":"User Object: uid","type_id":31,"value":"NULL SID"},{"name":"process.cmd_line","type":"Command Line","type_id":13,"value":"\"relog.exe\" \"C:\\Program Files\\Microsoft\\Exchange Server\\V15\\Logging\\Diagnostics\\PerformanceLogsToBeProcessed\\ExchangeDiagnosticsPerformanceLog_11181415.blg\" -f csv -o \"C:\\Program Files\\Microsoft\\Exchange Server\\V15\\Logging\\Diagnostics\\PerformanceLogsToBeProcessed\\ExchangeDiagnosticsPerformanceLog_11181415.csvtmp\" -y"},{"name":"process.file","type":"File","type_id":24},{"name":"process.file.name","type":"File Name","type_id":7,"value":"relog.exe"},{"name":"device","type":"Endpoint","type_id":20},{"name":"device.hostname","type":"Hostname","type_id":1,"value":"MBX111-VIP-CA-1.pexch111.serverpod.net"},{"name":"actor.process","type":"Process","type_id":25},{"name":"actor.process.pid","type":"Process ID","type_id":15,"value":"2088"},{"name":"actor.user","type":"User","type_id":21},{"name":"actor.user.account.uid","type":"Account Object: uid","type_id":35,"value":"NT AUTHORITY\\SYSTEM"},{"name":"actor.user.account.name","type":"Account Object: name","type_id":34,"value":"MBX111-VIP-CA-1$"},{"name":"actor.user.name","type":"User Name","type_id":4,"value":"MBX111-VIP-CA-1$"},{"name":"actor.user.uid","type":"User Object: uid","type_id":31,"value":"NT AUTHORITY\\SYSTEM"}],"process":{"cmd_line":"\"relog.exe\" \"C:\\Program Files\\Microsoft\\Exchange Server\\V15\\Logging\\Diagnostics\\PerformanceLogsToBeProcessed\\ExchangeDiagnosticsPerformanceLog_11181415.blg\" -f csv -o \"C:\\Program Files\\Microsoft\\Exchange Server\\V15\\Logging\\Diagnostics\\PerformanceLogsToBeProcessed\\ExchangeDiagnosticsPerformanceLog_11181415.csvtmp\" -y","file":{"name":"relog.exe","parent_folder":"C:\\Windows\\System32","path":"C:\\Windows\\System32\\relog.exe","type":"Regular File","type_id":1},"pid":3580,"session":{"uid":"0x0"},"user":{"domain":"-","name":"-","uid":"NULL SID"}},"raw_data":"11/18/2021 02:20:27 PM\nLogName=Security\nEventCode=4688\nEventType=0\nComputerName=MBX111-VIP-CA-1.pexch111.serverpod.net\nSourceName=Microsoft Windows security auditing.\nType=Information\nRecordNumber=2115811397\nKeywords=Audit Success\nTaskCategory=Process Creation\nOpCode=Info\nMessage=A new process has been created.\n\nCreator Subject:\n\tSecurity ID:\t\tNT AUTHORITY\\SYSTEM\n\tAccount Name:\t\tMBX111-VIP-CA-1$\n\tAccount Domain:\t\tPEXCH111\n\tLogon ID:\t\t0x3E7\n\nTarget Subject:\n\tSecurity ID:\t\tNULL SID\n\tAccount Name:\t\t-\n\tAccount Domain:\t\t-\n\tLogon ID:\t\t0x0\n\nProcess Information:\n\tNew Process ID:\t\t0xdfc\n\tNew Process Name:\tC:\\Windows\\System32\\relog.exe\n\tToken Elevation Type:\tTokenElevationTypeDefault (1)\n\tCreator Process ID:\t0x828\n\tProcess Command Line:\t\"relog.exe\" \"C:\\Program Files\\Microsoft\\Exchange Server\\V15\\Logging\\Diagnostics\\PerformanceLogsToBeProcessed\\ExchangeDiagnosticsPerformanceLog_11181415.blg\" -f csv -o \"C:\\Program Files\\Microsoft\\Exchange Server\\V15\\Logging\\Diagnostics\\PerformanceLogsToBeProcessed\\ExchangeDiagnosticsPerformanceLog_11181415.csvtmp\" -y\n\nToken Elevation Type indicates the type of token that was assigned to the new process in accordance with User Account Control policy.\n\nType 1 is a full token with no privileges removed or groups disabled.  A full token is only used if User Account Control is disabled or if the user is the built-in Administrator account or a service account.\n\nType 2 is an elevated token with no privileges removed or groups disabled.  An elevated token is used when User Account Control is enabled and the user chooses to start the program using Run as administrator.  An elevated token is also used when an application is configured to always require administrative privilege or to always require maximum privilege, and the user is a member of the Administrators group.\n\nType 3 is a limited token with administrative privileges removed and administrative groups disabled.  The limited token is used when User Account Control is enabled, the application does not require administrative privilege, and the user does not choose to start the program using Run as administrator.","severity":"Informational","severity_id":1,"status":"Success","status_id":1,"time":1637245227000,"type_name":"Process Activity: Launch","type_uid":100701,"unmapped":{"EventType":"0","OpCode":"Info","Process Information":{"Token Elevation Type":"TokenElevationTypeDefault (1)"},"TaskCategory":"Process Creation"}}
{"activity_id":1,"activity_name":"Launch","actor":{"process":{"pid":11036},"session":{"uid":"0x2AE09D28"},"user":{"account":{"name":"psatasks","type":"Windows Account","type_id":2,"uid":"PEXCH111\\PSATasks"},"domain":"PEXCH111","name":"psatasks","uid":"PEXCH111\\PSATasks"}},"category_name":"System Activity","category_uid":1,"class_name":"Process Activity","class_uid":1007,"device":{"hostname":"PFE111-CA-1.pexch111.serverpod.net","os":{"name":"Windows","type":"Windows","type_id":100},"type":"Unknown","type_id":0},"message":"A new process has been created.","metadata":{"event_code":"4688","log_name":"Security","log_provider":"Microsoft Windows security auditing.","original_time":"11/18/2021 02:01:00 PM","product":{"name":"Microsoft Windows","vendor_name":"Microsoft"},"profiles":["host"],"sequence":7202567171,"uid":"49ed0e2e5686bbfe7fd6a84bbc2c0244","version":"1.4.0"},"observables":[{"name":"device","type":"Endpoint","type_id":20},{"name":"device.hostname","type":"Hostname","type_id":1,"value":"PFE111-CA-1.pexch111.serverpod.net"},{"name":"actor.process","type":"Process","type_id":25},{"name":"actor.process.pid","type":"Process ID","type_id":15,"value":"11036"},{"name":"actor.user","type":"User","type_id":21},{"name":"actor.user.account.uid","type":"Account Object: uid","type_id":35,"value":"PEXCH111\\PSATasks"},{"name":"actor.user.account.name","type":"Account Object: name","type_id":34,"value":"psatasks"},{"name":"actor.user.name","type":"User Name","type_id":4,"value":"psatasks"},{"name":"actor.user.uid","type":"User Object: uid","type_id":31,"value":"PEXCH111\\PSATasks"},{"name":"process","type":"Process","type_id":25},{"name":"process.cmd_line","type":"Command Line","type_id":13,"value":"C:\\Windows\\System32\\WindowsPowerShell\\v1.0\\PowerShell.EXE -command \"& 'C:\\Tasks\\PSA\\FixDefaultPublicFolderMailbox\\FixDefaultPublicFolderMailbox.ps1' -SheduledTask\""},{"name":"process.file","type":"File","type_id":24},{"name":"process.file.name","type":"File Name","type_id":7,"value":"powershell.exe"},{"name":"process.pid","type":"Process ID","type_id":15,"value":"14820"},{"name":"process.user","type":"User","type_id":21},{"name":"process.user.name","type":"User Name","type_id":4,"value":"-"},{"name":"process.user.uid","type":"User Object: uid","type_id":31,"value":"NULL SID"}],"process":{"cmd_line":"C:\\Windows\\System32\\WindowsPowerShell\\v1.0\\PowerShell.EXE -command \"& 'C:\\Tasks\\PSA\\FixDefaultPublicFolderMailbox\\FixDefaultPublicFolderMailbox.ps1' -SheduledTask\"","file":{"name":"powershell.exe","parent_folder":"C:\\Windows\\System32\\WindowsPowerShell\\v1.0","path":"C:\\Windows\\System32\\WindowsPowerShell\\v1.0\\powershell.exe","type":"Regular File","type_id":1},"pid":14820,"session":{"uid":"0x0"},"user":{"domain":"-","name":"-","uid":"NULL SID"}},"raw_data":"11/18/2021 02:01:00 PM\nLogName=Security\nEventCode=4688\nEventType=0\nComputerName=PFE111-CA-1.pexch111.serverpod.net\nSourceName=Microsoft Windows security auditing.\nType=Information\nRecordNumber=7202567171\nKeywords=Audit Success\nTaskCategory=Process Creation\nOpCode=Info\nMessage=A new process has been created.\n\nCreator Subject:\n\tSecurity ID:\t\tPEXCH111\\PSATasks\n\tAccount Name:\t\tpsatasks\n\tAccount Domain:\t\tPEXCH111\n\tLogon ID:\t\t0x2AE09D28\n\nTarget Subject:\n\tSecurity ID:\t\tNULL SID\n\tAccount Name:\t\t-\n\tAccount Domain:\t\t-\n\tLogon ID:\t\t0x0\n\nProcess Information:\n\tNew Process ID:\t\t0x39e4\n\tNew Process Name:\tC:\\Windows\\System32\\WindowsPowerShell\\v1.0\\powershell.exe\n\tToken Elevation Type:\tTokenElevationTypeDefault (1)\n\tCreator Process ID:\t0x2b1c\n\tProcess Command Line:\tC:\\Windows\\System32\\WindowsPowerShell\\v1.0\\PowerShell.EXE -command \"& 'C:\\Tasks\\PSA\\FixDefaultPublicFolderMailbox\\FixDefaultPublicFolderMailbox.ps1' -SheduledTask\"\n\nToken Elevation Type indicates the type of token that was assigned to the new process in accordance with User Account Control policy.\n\nType 1 is a full token with no privileges removed or groups disabled.  A full token is only used if User Account Control is disabled or if the user is the built-in Administrator account or a service account.\n\nType 2 is an elevated token with no privileges removed or groups disabled.  An elevated token is used when User Account Control is enabled and the user chooses to start the program using Run as administrator.  An elevated token is also used when an application is configured to always require administrative privilege or to always require maximum privilege, and the user is a member of the Administrators group.\n\nType 3 is a limited token with administrative privileges removed and administrative groups disabled.  The limited token is used when User Account Control is enabled, the application does not require administrative privilege, and the user does not choose to start the program using Run as administrator.","severity":"Informational","severity_id":1,"status":"Success","status_id":1,"time":1637244060000,"type_name":"Process Activity: Launch","type_uid":100701,"unmapped":{"EventType":"0","OpCode":"Info","Process Information":{"Token Elevation Type":"TokenElevationTypeDefault (1)"},"TaskCategory":"Process Creation"}}
{"activity_id":1,"activity_name":"Launch","actor":{"process":{"file":{"name":"svchost.exe","parent_folder":"C:\\Windows\\System32","path":"C:\\Windows\\System32\\svchost.exe","type":"Regular File","type_id":1},"pid":1624},"session":{"uid":"0x3E7"},"user":{"account":{"name":"PDC111-VX-3$","type":"Windows Account","type_id":2,"uid":"NT AUTHORITY\\SYSTEM"},"domain":"PEXCH111","name":"PDC111-VX-3$","uid":"NT AUTHORITY\\SYSTEM"}},"category_name":"System Activity","category_uid":1,"class_name":"Process Activity","class_uid":1007,"device":{"hostname":"PDC111-VX-3.pexch111.serverpod.net","os":{"name":"Windows","type":"Windows","type_id":100},"type":"Unknown","type_id":0},"message":"A new process has been created.","metadata":{"event_code":"4688","log_name":"Security","log_provider":"Microsoft Windows security auditing.","original_time":"11/18/2021 02:05:12 PM","product":{"name":"Microsoft Windows","vendor_name":"Microsoft"},"profiles":["host"],"sequence":1033929711,"uid":"0c0be2c391a6c2f5ec89b866083c86d8","version":"1.4.0"},"observables":[{"name":"actor.process","type":"Process","type_id":25},{"name":"actor.process.file","type":"File","type_id":24},{"name":"actor.process.file.name","type":"File Name","type_id":7,"value":"svchost.exe"},{"name":"actor.process.pid","type":"Process ID","type_id":15,"value":"1624"},{"name":"actor.user","type":"User","type_id":21},{"name":"actor.user.uid","type":"User Object: uid","type_id":31,"value":"NT AUTHORITY\\SYSTEM"},{"name":"actor.user.account.uid","type":"Account Object: uid","type_id":35,"value":"NT AUTHORITY\\SYSTEM"},{"name":"actor.user.account.name","type":"Account Object: name","type_id":34,"value":"PDC111-VX-3$"},{"name":"actor.user.name","type":"User Name","type_id":4,"value":"PDC111-VX-3$"},{"name":"device","type":"Endpoint","type_id":20},{"name":"device.hostname","type":"Hostname","type_id":1,"value":"PDC111-VX-3.pexch111.serverpod.net"},{"name":"process","type":"Process","type_id":25},{"name":"process.user","type":"User","type_id":21},{"name":"process.user.name","type":"User Name","type_id":4,"value":"-"},{"name":"process.user.uid","type":"User Object: uid","type_id":31,"value":"NULL SID"},{"name":"process.cmd_line","type":"Command Line","type_id":13,"value":"C:\\Windows\\system32\\wermgr.exe -upload"},{"name":"process.file","type":"File","type_id":24},{"name":"process.file.name","type":"File Name","type_id":7,"value":"wermgr.exe"},{"name":"process.pid","type":"Process ID","type_id":15,"value":"7060"}],"process":{"cmd_line":"C:\\Windows\\system32\\wermgr.exe -upload","file":{"name":"wermgr.exe","parent_folder":"C:\\Windows\\System32","path":"C:\\Windows\\System32\\wermgr.exe","type":"Regular File","type_id":1},"pid":7060,"session":{"uid":"0x0"},"user":{"domain":"-","name":"-","uid":"NULL SID"}},"raw_data":"11/18/2021 02:05:12 PM\nLogName=Security\nSourceName=Microsoft Windows security auditing.\nEventCode=4688\nEventType=0\nType=Information\nComputerName=PDC111-VX-3.pexch111.serverpod.net\nTaskCategory=Process Creation\nOpCode=Info\nRecordNumber=1033929711\nKeywords=Audit Success\nMessage=A new process has been created.\n\nCreator Subject:\n\tSecurity ID:\t\tNT AUTHORITY\\SYSTEM\n\tAccount Name:\t\tPDC111-VX-3$\n\tAccount Domain:\t\tPEXCH111\n\tLogon ID:\t\t0x3E7\n\nTarget Subject:\n\tSecurity ID:\t\tNULL SID\n\tAccount Name:\t\t-\n\tAccount Domain:\t\t-\n\tLogon ID:\t\t0x0\n\nProcess Information:\n\tNew Process ID:\t\t0x1b94\n\tNew Process Name:\tC:\\Windows\\System32\\wermgr.exe\n\tToken Elevation Type:\t%%1936\n\tMandatory Label:\t\tMandatory Label\\System Mandatory Level\n\tCreator Process ID:\t0x658\n\tCreator Process Name:\tC:\\Windows\\System32\\svchost.exe\n\tProcess Command Line:\tC:\\Windows\\system32\\wermgr.exe -upload\n\nToken Elevation Type indicates the type of token that was assigned to the new process in accordance with User Account Control policy.\n\nType 1 is a full token with no privileges removed or groups disabled.  A full token is only used if User Account Control is disabled or if the user is the built-in Administrator account or a service account.\n\nType 2 is an elevated token with no privileges removed or groups disabled.  An elevated token is used when User Account Control is enabled and the user chooses to start the program using Run as administrator.  An elevated token is also used when an application is configured to always require administrative privilege or to always require maximum privilege, and the user is a member of the Administrators group.\n\nType 3 is a limited token with administrative privileges removed and administrative groups disabled.  The limited token is used when User Account Control is enabled, the application does not require administrative privilege, and the user does not choose to start the program using Run as administrator.","severity":"Informational","severity_id":1,"status":"Success","status_id":1,"time":1637244312000,"type_name":"Process Activity: Launch","type_uid":100701,"unmapped":{"EventType":"0","OpCode":"Info","Process Information":{"Mandatory Label":"Mandatory Label\\System Mandatory Level","Token Elevation Type":"%%1936"},"TaskCategory":"Process Creation"}}
