{"activity_id":2,"activity_name":"Terminate","actor":{"process":{"file":{"name":"mmc.exe","parent_folder":"C:\\Windows\\System32","path":"C:\\Windows\\System32\\mmc.exe","type":"Regular File","type_id":1},"pid":7004},"session":{"uid":"0x1AF3FB7"},"user":{"account":{"name":"splunker","type":"Windows Account","type_id":2,"uid":"S-1-5-21-1515069631-772093393-193151101-1004"},"domain":"IP-0ACA26C2","name":"splunker","uid":"S-1-5-21-1515069631-772093393-193151101-1004"}},"category_name":"System Activity","category_uid":1,"class_name":"Process Activity","class_uid":1007,"device":{"hostname":"ip-0ACA26C2","os":{"name":"Windows","type":"Windows","type_id":100},"type":"Unknown","type_id":0},"exit_code":3221226540,"message":"A process has exited.","metadata":{"event_code":"4689","log_name":"Security","log_provider":"Microsoft Windows security auditing.","original_time":"11/12/2021 08:22:29 AM","product":{"name":"Microsoft Windows","vendor_name":"Microsoft"},"profiles":["host"],"sequence":384606,"uid":"d9de1ade03a8ced00a4b7ca038ab77ca","version":"1.4.0"},"observables":[{"name":"device","type":"Endpoint","type_id":20},{"name":"device.hostname","type":"Hostname","type_id":1,"value":"ip-0ACA26C2"},{"name":"process","type":"Process","type_id":25},{"name":"process.file","type":"File","type_id":24},{"name":"process.file.name","type":"File Name","type_id":7,"value":"mmc.exe"},{"name":"process.pid","type":"Process ID","type_id":15,"value":"7004"},{"name":"actor.process","type":"Process","type_id":25},{"name":"actor.process.file","type":"File","type_id":24},{"name":"actor.process.file.name","type":"File Name","type_id":7,"value":"mmc.exe"},{"name":"actor.process.pid","type":"Process ID","type_id":15,"value":"7004"},{"name":"actor.user","type":"User","type_id":21},{"name":"actor.user.account.uid","type":"Account Object: uid","type_id":35,"value":"S-1-5-21-1515069631-772093393-193151101-1004"},{"name":"actor.user.account.name","type":"Account Object: name","type_id":34,"value":"splunker"},{"name":"actor.user.name","type":"User Name","type_id":4,"value":"splunker"},{"name":"actor.user.uid","type":"User Object: uid","type_id":31,"value":"S-1-5-21-1515069631-772093393-193151101-1004"}],"process":{"file":{"name":"mmc.exe","parent_folder":"C:\\Windows\\System32","path":"C:\\Windows\\System32\\mmc.exe","type":"Regular File","type_id":1},"pid":7004},"raw_data":"11/12/2021 08:22:29 AM\nLogName=Security\nEventCode=4689\nEventType=0\nComputerName=ip-0ACA26C2\nSourceName=Microsoft Windows security auditing.\nType=Information\nRecordNumber=384606\nKeywords=Audit Success\nTaskCategory=Process Termination\nOpCode=Info\nMessage=A process has exited.\n\nSubject:\n\tSecurity ID:\t\tS-1-5-21-1515069631-772093393-193151101-1004\n\tAccount Name:\t\tsplunker\n\tAccount Domain:\t\tIP-0ACA26C2\n\tLogon ID:\t\t0x1AF3FB7\n\nProcess Information:\n\tProcess ID:\t0x1b5c\n\tProcess Name:\tC:\\Windows\\System32\\mmc.exe\n\tExit Status:\t0xC000042C","severity":"Informational","severity_id":1,"status":"Success","status_id":1,"time":1636705349000,"type_name":"Process Activity: Terminate","type_uid":100702,"unmapped":{"EventType":"0","OpCode":"Info","TaskCategory":"Process Termination"}}
{"activity_id":2,"activity_name":"Terminate","actor":{"process":{"file":{"name":"dwm.exe","parent_folder":"C:\\Windows\\System32","path":"C:\\Windows\\System32\\dwm.exe","type":"Regular File","type_id":1},"pid":5280},"session":{"uid":"0x982B70754"},"user":{"account":{"name":"DWM-3","type":"Windows Account","type_id":2,"uid":"S-1-5-90-3"},"domain":"Window Manager","name":"DWM-3","uid":"S-1-5-90-3"}},"category_name":"System Activity","category_uid":1,"class_name":"Process Activity","class_uid":1007,"device":{"hostname":"qasus-2k12-019.sv.splunk.com","os":{"name":"Windows","type":"Windows","type_id":100},"type":"Unknown","type_id":0},"exit_code":3489661694,"message":"A process has exited.","metadata":{"event_code":"4689","log_name":"Security","log_provider":"Microsoft Windows security auditing.","original_time":"11/09/2021 03:45:05 PM","product":{"name":"Microsoft Windows","vendor_name":"Microsoft"},"profiles":["host"],"sequence":1076005319,"uid":"142689ed685f6d98efb043a9361d7ae6","version":"1.4.0"},"observables":[{"name":"process","type":"Process","type_id":25},{"name":"process.file","type":"File","type_id":24},{"name":"process.file.name","type":"File Name","type_id":7,"value":"dwm.exe"},{"name":"process.pid","type":"Process ID","type_id":15,"value":"5280"},{"name":"device","type":"Endpoint","type_id":20},{"name":"device.hostname","type":"Hostname","type_id":1,"value":"qasus-2k12-019.sv.splunk.com"},{"name":"actor.process","type":"Process","type_id":25},{"name":"actor.process.file","type":"File","type_id":24},{"name":"actor.process.file.name","type":"File Name","type_id":7,"value":"dwm.exe"},{"name":"actor.process.pid","type":"Process ID","type_id":15,"value":"5280"},{"name":"actor.user","type":"User","type_id":21},{"name":"actor.user.account.uid","type":"Account Object: uid","type_id":35,"value":"S-1-5-90-3"},{"name":"actor.user.account.name","type":"Account Object: name","type_id":34,"value":"DWM-3"},{"name":"actor.user.name","type":"User Name","type_id":4,"value":"DWM-3"},{"name":"actor.user.uid","type":"User Object: uid","type_id":31,"value":"S-1-5-90-3"}],"process":{"file":{"name":"dwm.exe","parent_folder":"C:\\Windows\\System32","path":"C:\\Windows\\System32\\dwm.exe","type":"Regular File","type_id":1},"pid":5280},"raw_data":"11/09/2021 03:45:05 PM\nLogName=Security\nEventCode=4689\nEventType=0\nComputerName=qasus-2k12-019.sv.splunk.com\nSourceName=Microsoft Windows security auditing.\nType=Information\nRecordNumber=1076005319\nKeywords=Audit Success\nTaskCategory=Process Termination\nOpCode=Info\nMessage=A process has exited.\n\nSubject:\n\tSecurity ID:\t\tS-1-5-90-3\n\tAccount Name:\t\tDWM-3\n\tAccount Domain:\t\tWindow Manager\n\tLogon ID:\t\t0x982B70754\n\nProcess Information:\n\tProcess ID:\t0x14a0\n\tProcess Name:\tC:\\Windows\\System32\\dwm.exe\n\tExit Status:\t0xD00002FE","severity":"Informational","severity_id":1,"status":"Success","status_id":1,"time":1636472705000,"type_name":"Process Activity: Terminate","type_uid":100702,"unmapped":{"EventType":"0","OpCode":"Info","TaskCategory":"Process Termination"}}
{"activity_id":2,"activity_name":"Terminate","actor":{"process":{"file":{"name":"splunkd.exe","parent_folder":"C:\\Program Files\\Splunk\\bin","path":"C:\\Program Files\\Splunk\\bin\\splunkd.exe","type":"Regular File","type_id":1},"pid":5648},"session":{"uid":"0x3E7"},"user":{"account":{"name":"QASUS-2K12-019$","type":"Windows Account","type_id":2,"uid":"S-1-5-18"},"domain":"WORKGROUP","name":"QASUS-2K12-019$","uid":"S-1-5-18"}},"category_name":"System Activity","category_uid":1,"class_name":"Process Activity","class_uid":1007,"device":{"hostname":"qasus-2k12-019.sv.splunk.com","os":{"name":"Windows","type":"Windows","type_id":100},"type":"Unknown","type_id":0},"exit_code":255,"message":"A process has exited.","metadata":{"event_code":"4689","log_name":"Security","log_provider":"Microsoft Windows security auditing.","original_time":"11/14/2021 12:02:36 AM","product":{"name":"Microsoft Windows","vendor_name":"Microsoft"},"profiles":["host"],"sequence":1076527303,"uid":"0371d0a5a8fd1d33fa6f61bd2b7e6b7b","version":"1.4.0"},"observables":[{"name":"device","type":"Endpoint","type_id":20},{"name":"device.hostname","type":"Hostname","type_id":1,"value":"qasus-2k12-019.sv.splunk.com"},{"name":"actor.process","type":"Process","type_id":25},{"name":"actor.process.file","type":"File","type_id":24},{"name":"actor.process.file.name","type":"File Name","type_id":7,"value":"splunkd.exe"},{"name":"actor.process.pid","type":"Process ID","type_id":15,"value":"5648"},{"name":"actor.user","type":"User","type_id":21},{"name":"actor.user.account.uid","type":"Account Object: uid","type_id":35,"value":"S-1-5-18"},{"name":"actor.user.account.name","type":"Account Object: name","type_id":34,"value":"QASUS-2K12-019$"},{"name":"actor.user.name","type":"User Name","type_id":4,"value":"QASUS-2K12-019$"},{"name":"actor.user.uid","type":"User Object: uid","type_id":31,"value":"S-1-5-18"},{"name":"process","type":"Process","type_id":25},{"name":"process.file","type":"File","type_id":24},{"name":"process.file.name","type":"File Name","type_id":7,"value":"splunkd.exe"},{"name":"process.pid","type":"Process ID","type_id":15,"value":"5648"}],"process":{"file":{"name":"splunkd.exe","parent_folder":"C:\\Program Files\\Splunk\\bin","path":"C:\\Program Files\\Splunk\\bin\\splunkd.exe","type":"Regular File","type_id":1},"pid":5648},"raw_data":"11/14/2021 12:02:36 AM\nLogName=Security\nEventCode=4689\nEventType=0\nComputerName=qasus-2k12-019.sv.splunk.com\nSourceName=Microsoft Windows security auditing.\nType=Information\nRecordNumber=1076527303\nKeywords=Audit Success\nTaskCategory=Process Termination\nOpCode=Info\nMessage=A process has exited.\n\nSubject:\n\tSecurity ID:\t\tS-1-5-18\n\tAccount Name:\t\tQASUS-2K12-019$\n\tAccount Domain:\t\tWORKGROUP\n\tLogon ID:\t\t0x3E7\n\nProcess Information:\n\tProcess ID:\t0x1610\n\tProcess Name:\tC:\\Program Files\\Splunk\\bin\\splunkd.exe\n\tExit Status:\t0xFF","severity":"Informational","severity_id":1,"status":"Success","status_id":1,"time":1636848156000,"type_name":"Process Activity: Terminate","type_uid":100702,"unmapped":{"EventType":"0","OpCode":"Info","TaskCategory":"Process Termination"}}
{"activity_id":2,"activity_name":"Terminate","actor":{"process":{"file":{"name":"sshd.exe","parent_folder":"C:\\cygwin64\\usr\\sbin","path":"C:\\cygwin64\\usr\\sbin\\sshd.exe","type":"Regular File","type_id":1},"pid":596},"session":{"uid":"0x1B504"},"user":{"account":{"name":"cyg_server","type":"Windows Account","type_id":2,"uid":"S-1-5-21-1510065185-445765783-3758297999-1005"},"domain":"QASUS-2K12-019","name":"cyg_server","uid":"S-1-5-21-1510065185-445765783-3758297999-1005"}},"category_name":"System Activity","category_uid":1,"class_name":"Process Activity","class_uid":1007,"device":{"hostname":"qasus-2k12-019.sv.splunk.com","os":{"name":"Windows","type":"Windows","type_id":100},"type":"Unknown","type_id":0},"exit_code":65280,"message":"A process has exited.","metadata":{"event_code":"4689","log_name":"Security","log_provider":"Microsoft Windows security auditing.","original_time":"11/23/2021 02:11:46 AM","product":{"name":"Microsoft Windows","vendor_name":"Microsoft"},"profiles":["host"],"sequence":1077662546,"uid":"909dab78bbd363d4216c6fb1f9e04c05","version":"1.4.0"},"observables":[{"name":"process","type":"Process","type_id":25},{"name":"process.file","type":"File","type_id":24},{"name":"process.file.name","type":"File Name","type_id":7,"value":"sshd.exe"},{"name":"process.pid","type":"Process ID","type_id":15,"value":"596"},{"name":"actor.process","type":"Process","type_id":25},{"name":"actor.process.file","type":"File","type_id":24},{"name":"actor.process.file.name","type":"File Name","type_id":7,"value":"sshd.exe"},{"name":"actor.process.pid","type":"Process ID","type_id":15,"value":"596"},{"name":"actor.user","type":"User","type_id":21},{"name":"actor.user.uid","type":"User Object: uid","type_id":31,"value":"S-1-5-21-1510065185-445765783-3758297999-1005"},{"name":"actor.user.account.uid","type":"Account Object: uid","type_id":35,"value":"S-1-5-21-1510065185-445765783-3758297999-1005"},{"name":"actor.user.account.name","type":"Account Object: name","type_id":34,"value":"cyg_server"},{"name":"actor.user.name","type":"User Name","type_id":4,"value":"cyg_server"},{"name":"device","type":"Endpoint","type_id":20},{"name":"device.hostname","type":"Hostname","type_id":1,"value":"qasus-2k12-019.sv.splunk.com"}],"process":{"file":{"name":"sshd.exe","parent_folder":"C:\\cygwin64\\usr\\sbin","path":"C:\\cygwin64\\usr\\sbin\\sshd.exe","type":"Regular File","type_id":1},"pid":596},"raw_data":"11/23/2021 02:11:46 AM\nLogName=Security\nEventCode=4689\nEventType=0\nComputerName=qasus-2k12-019.sv.splunk.com\nSourceName=Microsoft Windows security auditing.\nType=Information\nRecordNumber=1077662546\nKeywords=Audit Success\nTaskCategory=Process Termination\nOpCode=Info\nMessage=A process has exited.\n\nSubject:\n\tSecurity ID:\t\tS-1-5-21-1510065185-445765783-3758297999-1005\n\tAccount Name:\t\tcyg_server\n\tAccount Domain:\t\tQASUS-2K12-019\n\tLogon ID:\t\t0x1B504\n\nProcess Information:\n\tProcess ID:\t0x254\n\tProcess Name:\tC:\\cygwin64\\usr\\sbin\\sshd.exe\n\tExit Status:\t0xFF00","severity":"Informational","severity_id":1,"status":"Success","status_id":1,"time":1637633506000,"type_name":"Process Activity: Terminate","type_uid":100702,"unmapped":{"EventType":"0","OpCode":"Info","TaskCategory":"Process Termination"}}
{"activity_id":2,"activity_name":"Terminate","actor":{"process":{"file":{"name":"powershell.exe","parent_folder":"C:\\Windows\\System32\\WindowsPowerShell\\v1.0","path":"C:\\Windows\\System32\\WindowsPowerShell\\v1.0\\powershell.exe","type":"Regular File","type_id":1},"pid":2788},"session":{"uid":"0x3E7"},"user":{"account":{"name":"QASUS-2K12-019$","type":"Windows Account","type_id":2,"uid":"S-1-5-18"},"domain":"WORKGROUP","name":"QASUS-2K12-019$","uid":"S-1-5-18"}},"category_name":"System Activity","category_uid":1,"class_name":"Process Activity","class_uid":1007,"device":{"hostname":"qasus-2k12-019.sv.splunk.com","os":{"name":"Windows","type":"Windows","type_id":100},"type":"Unknown","type_id":0},"exit_code":4294967295,"message":"A process has exited.","metadata":{"event_code":"4689","log_name":"Security","log_provider":"Microsoft Windows security auditing.","original_time":"11/23/2021 12:37:50 AM","product":{"name":"Microsoft Windows","vendor_name":"Microsoft"},"profiles":["host"],"sequence":1077654781,"uid":"8fd1ea29a10942a99a90d1e9b9d88b5d","version":"1.4.0"},"observables":[{"name":"actor.process","type":"Process","type_id":25},{"name":"actor.process.pid","type":"Process ID","type_id":15,"value":"2788"},{"name":"actor.process.file","type":"File","type_id":24},{"name":"actor.process.file.name","type":"File Name","type_id":7,"value":"powershell.exe"},{"name":"actor.user","type":"User","type_id":21},{"name":"actor.user.uid","type":"User Object: uid","type_id":31,"value":"S-1-5-18"},{"name":"actor.user.account.name","type":"Account Object: name","type_id":34,"value":"QASUS-2K12-019$"},{"name":"actor.user.account.uid","type":"Account Object: uid","type_id":35,"value":"S-1-5-18"},{"name":"actor.user.name","type":"User Name","type_id":4,"value":"QASUS-2K12-019$"},{"name":"device","type":"Endpoint","type_id":20},{"name":"device.hostname","type":"Hostname","type_id":1,"value":"qasus-2k12-019.sv.splunk.com"},{"name":"process","type":"Process","type_id":25},{"name":"process.file","type":"File","type_id":24},{"name":"process.file.name","type":"File Name","type_id":7,"value":"powershell.exe"},{"name":"process.pid","type":"Process ID","type_id":15,"value":"2788"}],"process":{"file":{"name":"powershell.exe","parent_folder":"C:\\Windows\\System32\\WindowsPowerShell\\v1.0","path":"C:\\Windows\\System32\\WindowsPowerShell\\v1.0\\powershell.exe","type":"Regular File","type_id":1},"pid":2788},"raw_data":"11/23/2021 12:37:50 AM\nLogName=Security\nEventCode=4689\nEventType=0\nComputerName=qasus-2k12-019.sv.splunk.com\nSourceName=Microsoft Windows security auditing.\nType=Information\nRecordNumber=1077654781\nKeywords=Audit Success\nTaskCategory=Process Termination\nOpCode=Info\nMessage=A process has exited.\n\nSubject:\n\tSecurity ID:\t\tS-1-5-18\n\tAccount Name:\t\tQASUS-2K12-019$\n\tAccount Domain:\t\tWORKGROUP\n\tLogon ID:\t\t0x3E7\n\nProcess Information:\n\tProcess ID:\t0xae4\n\tProcess Name:\tC:\\Windows\\System32\\WindowsPowerShell\\v1.0\\powershell.exe\n\tExit Status:\t0xFFFFFFFF","severity":"Informational","severity_id":1,"status":"Success","status_id":1,"time":1637627870000,"type_name":"Process Activity: Terminate","type_uid":100702,"unmapped":{"EventType":"0","OpCode":"Info","TaskCategory":"Process Termination"}}
{"activity_id":1,"activity_name":"Create","actor":{"session":{"uid":"0x1E64F3A7"},"user":{"account":{"name":"administrator","type":"Windows Account","type_id":2,"uid":"TAF\\Administrator"},"domain":"TAF","name":"administrator","uid":"TAF\\Administrator"}},"category_name":"Identity & Access Management","category_uid":3,"class_name":"Account Change","class_uid":3001,"device":{"hostname":"WIN-9A3SFCUS26U.taf.local","os":{"name":"Windows","type":"Windows","type_id":100},"type":"Unknown","type_id":0},"message":"A user account was created.","metadata":{"event_code":"4720","log_name":"Security","log_provider":"Microsoft Windows security auditing.","original_time":"12/06/2021 09:37:56 AM","product":{"name":"Microsoft Windows","vendor_name":"Microsoft"},"profiles":["host"],"sequence":2667872,"uid":"0aee7f4e80bdd243f628cf38640eaab6","version":"1.4.0"},"observables":[{"name":"device","type":"Endpoint","type_id":20},{"name":"device.hostname","type":"Hostname","type_id":1,"value":"WIN-9A3SFCUS26U.taf.local"},{"name":"actor.user","type":"User","type_id":21},{"name":"actor.user.name","type":"User Name","type_id":4,"value":"administrator"},{"name":"actor.user.uid","type":"User Object: uid","type_id":31,"value":"TAF\\Administrator"},{"name":"actor.user.account.uid","type":"Account Object: uid","type_id":35,"value":"TAF\\Administrator"},{"name":"actor.user.account.name","type":"Account Object: name","type_id":34,"value":"administrator"},{"name":"user","type":"User","type_id":21},{"name":"user.name","type":"User Name","type_id":4,"value":"test33"},{"name":"user.email_addr","type":"Email Address","type_id":5,"value":"test33@taf.local"},{"name":"user.uid","type":"User Object: uid","type_id":31,"value":"TAF\\test33"},{"name":"user.account.uid","type":"Account Object: uid","type_id":35,"value":"TAF\\test33"},{"name":"user.account.name","type":"Account Object: name","type_id":34,"value":"test33"}],"raw_data":"12/06/2021 09:37:56 AM\nLogName=Security\nEventCode=4720\nEventType=0\nComputerName=WIN-9A3SFCUS26U.taf.local\nSourceName=Microsoft Windows security auditing.\nType=Information\nRecordNumber=2667872\nKeywords=Audit Success\nTaskCategory=User Account Management\nOpCode=Info\nMessage=A user account was created.\n\nSubject:\n        Security ID:                TAF\\Administrator\n        Account Name:                administrator\n        Account Domain:                TAF\n        Logon ID:                0x1E64F3A7\n\nNew Account:\n        Security ID:                TAF\\test33\n        Account Name:                test33\n        Account Domain:                TAF\n\nAttributes:\n        SAM Account Name:        test33\n        Display Name:                test33\n        User Principal Name:        test33@taf.local\n        Home Directory:                -\n        Home Drive:                -\n        Script Path:                -\n        Profile Path:                -\n        User Workstations:        -\n        Password Last Set:        <never>\n        Account Expires:                <never>\n        Primary Group ID:        513\n        Allowed To Delegate To:        -\n        Old UAC Value:                0x0\n        New UAC Value:                0x15\n        User Account Control:        \n                Account Disabled\n                'Password Not Required' - Enabled\n                'Normal Account' - Enabled\n        User Parameters:        -\n        SID History:                -\n        Logon Hours:                <value not set>\n\nAdditional Information:\n        Privileges                -","severity":"Informational","severity_id":1,"status":"Success","status_id":1,"time":1638783476000,"type_name":"Account Change: Create","type_uid":300101,"unmapped":{"Attributes":{"Account Expires":"<never>","Allowed To Delegate To":"-","Display Name":"test33","Home Directory":"-","Home Drive":"-","Logon Hours":"<value not set>","New UAC Value":"0x15","Old UAC Value":"0x0","Password Last Set":"<never>","Primary Group ID":"513","Profile Path":"-","SAM Account Name":"test33","SID History":"-","Script Path":"-","User Account Control":["","Account Disabled","'Password Not Required' - Enabled","'Normal Account' - Enabled"],"User Parameters":"-","User Workstations":"-"},"EventType":"0","OpCode":"Info","TaskCategory":"User Account Management"},"user":{"account":{"name":"test33","type":"Windows Account","type_id":2,"uid":"TAF\\test33"},"domain":"TAF","email_addr":"test33@taf.local","name":"test33","uid":"TAF\\test33"}}
{"activity_id":1,"activity_name":"Create","actor":{"session":{"uid":"0x91894"},"user":{"account":{"name":"administrator","type":"Windows Account","type_id":2,"uid":"TAF\\Administrator"},"domain":"TAF","name":"administrator","uid":"TAF\\Administrator"}},"category_name":"Identity & Access Management","category_uid":3,"class_name":"Account Change","class_uid":3001,"device":{"hostname":"WIN-9A3SFCUS26U.taf.local","os":{"name":"Windows","type":"Windows","type_id":100},"type":"Unknown","type_id":0},"message":"A user account was created.","metadata":{"event_code":"4720","log_name":"Security","log_provider":"Microsoft Windows security auditing.","original_time":"10/26/2021 03:39:59 AM","product":{"name":"Microsoft Windows","vendor_name":"Microsoft"},"profiles":["host"],"sequence":27394,"uid":"47bd158451abd7168d86f5cc51ec0f1e","version":"1.4.0"},"observables":[{"name":"actor.user","type":"User","type_id":21},{"name":"actor.user.account.uid","type":"Account Object: uid","type_id":35,"value":"TAF\\Administrator"},{"name":"actor.user.account.name","type":"Account Object: name","type_id":34,"value":"administrator"},{"name":"actor.user.name","type":"User Name","type_id":4,"value":"administrator"},{"name":"actor.user.uid","type":"User Object: uid","type_id":31,"value":"TAF\\Administrator"},{"name":"user","type":"User","type_id":21},{"name":"user.uid","type":"User Object: uid","type_id":31,"value":"S-1-5-21-405064170-846588972-3451157811-1105"},{"name":"user.account.uid","type":"Account Object: uid","type_id":35,"value":"S-1-5-21-405064170-846588972-3451157811-1105"},{"name":"user.account.name","type":"Account Object: name","type_id":34,"value":"user1"},{"name":"user.name","type":"User Name","type_id":4,"value":"user1"},{"name":"user.email_addr","type":"Email Address","type_id":5,"value":"user1@taf.local"},{"name":"device","type":"Endpoint","type_id":20},{"name":"device.hostname","type":"Hostname","type_id":1,"value":"WIN-9A3SFCUS26U.taf.local"}],"raw_data":"10/26/2021 03:39:59 AM\nLogName=Security\nEventCode=4720\nEventType=0\nComputerName=WIN-9A3SFCUS26U.taf.local\nSourceName=Microsoft Windows security auditing.\nType=Information\nRecordNumber=27394\nKeywords=Audit Success\nTaskCategory=User Account Management\nOpCode=Info\nMessage=A user account was created.\n\nSubject:\n        Security ID:                TAF\\Administrator\n        Account Name:                administrator\n        Account Domain:                TAF\n        Logon ID:                0x91894\n\nNew Account:\n        Security ID:                S-1-5-21-405064170-846588972-3451157811-1105\n        Account Name:                user1\n        Account Domain:                TAF\n\nAttributes:\n        SAM Account Name:        user1\n        Display Name:                user1\n        User Principal Name:        user1@taf.local\n        Home Directory:                -\n        Home Drive:                -\n        Script Path:                -\n        Profile Path:                -\n        User Workstations:        -\n        Password Last Set:        <never>\n        Account Expires:                <never>\n        Primary Group ID:        513\n        Allowed To Delegate To:        -\n        Old UAC Value:                0x0\n        New UAC Value:                0x15\n        User Account Control:        \n                Account Disabled\n                'Password Not Required' - Enabled\n                'Normal Account' - Enabled\n        User Parameters:        -\n        SID History:                -\n        Logon Hours:                <value not set>\n\nAdditional Information:\n        Privileges                -","severity":"Informational","severity_id":1,"status":"Success","status_id":1,"time":1635219599000,"type_name":"Account Change: Create","type_uid":300101,"unmapped":{"Attributes":{"Account Expires":"<never>","Allowed To Delegate To":"-","Display Name":"user1","Home Directory":"-","Home Drive":"-","Logon Hours":"<value not set>","New UAC Value":"0x15","Old UAC Value":"0x0","Password Last Set":"<never>","Primary Group ID":"513","Profile Path":"-","SAM Account Name":"user1","SID History":"-","Script Path":"-","User Account Control":["","Account Disabled","'Password Not Required' - Enabled","'Normal Account' - Enabled"],"User Parameters":"-","User Workstations":"-"},"EventType":"0","OpCode":"Info","TaskCategory":"User Account Management"},"user":{"account":{"name":"user1","type":"Windows Account","type_id":2,"uid":"S-1-5-21-405064170-846588972-3451157811-1105"},"domain":"TAF","email_addr":"user1@taf.local","name":"user1","uid":"S-1-5-21-405064170-846588972-3451157811-1105"}}
{"activity_id":2,"activity_name":"Enable","actor":{"session":{"uid":"0x1328A6"},"user":{"account":{"name":"administrator","type":"Windows Account","type_id":2,"uid":"TAF\\Administrator"},"domain":"TAF","name":"administrator","uid":"TAF\\Administrator"}},"category_name":"Identity & Access Management","category_uid":3,"class_name":"Account Change","class_uid":3001,"device":{"hostname":"WIN-9A3SFCUS26U.taf.local","os":{"name":"Windows","type":"Windows","type_id":100},"type":"Unknown","type_id":0},"message":"A user account was enabled.","metadata":{"event_code":"4722","log_name":"Security","log_provider":"Microsoft Windows security auditing.","original_time":"12/02/2021 10:02:00 AM","product":{"name":"Microsoft Windows","vendor_name":"Microsoft"},"profiles":["host"],"sequence":2258301,"uid":"69bf741609c28420cce4a02729046f63","version":"1.4.0"},"observables":[{"name":"user","type":"User","type_id":21},{"name":"user.account.uid","type":"Account Object: uid","type_id":35,"value":"TAF\\dsurti"},{"name":"user.account.name","type":"Account Object: name","type_id":34,"value":"dsurti"},{"name":"user.name","type":"User Name","type_id":4,"value":"dsurti"},{"name":"user.uid","type":"User Object: uid","type_id":31,"value":"TAF\\dsurti"},{"name":"device","type":"Endpoint","type_id":20},{"name":"device.hostname","type":"Hostname","type_id":1,"value":"WIN-9A3SFCUS26U.taf.local"},{"name":"actor.user","type":"User","type_id":21},{"name":"actor.user.account.name","type":"Account Object: name","type_id":34,"value":"administrator"},{"name":"actor.user.account.uid","type":"Account Object: uid","type_id":35,"value":"TAF\\Administrator"},{"name":"actor.user.name","type":"User Name","type_id":4,"value":"administrator"},{"name":"actor.user.uid","type":"User Object: uid","type_id":31,"value":"TAF\\Administrator"}],"raw_data":"12/02/2021 10:02:00 AM\nLogName=Security\nEventCode=4722\nEventType=0\nComputerName=WIN-9A3SFCUS26U.taf.local\nSourceName=Microsoft Windows security auditing.\nType=Information\nRecordNumber=2258301\nKeywords=Audit Success\nTaskCategory=User Account Management\nOpCode=Info\nMessage=A user account was enabled.\n\nSubject:\n\tSecurity ID:\t\tTAF\\Administrator\n\tAccount Name:\t\tadministrator\n\tAccount Domain:\t\tTAF\n\tLogon ID:\t\t0x1328A6\n\nTarget Account:\n\tSecurity ID:\t\tTAF\\dsurti\n\tAccount Name:\t\tdsurti\n\tAccount Domain:\t\tTAF","severity":"Informational","severity_id":1,"status":"Success","status_id":1,"time":1638439320000,"type_name":"Account Change: Enable","type_uid":300102,"unmapped":{"EventType":"0","OpCode":"Info","TaskCategory":"User Account Management"},"user":{"account":{"name":"dsurti","type":"Windows Account","type_id":2,"uid":"TAF\\dsurti"},"domain":"TAF","name":"dsurti","uid":"TAF\\dsurti"}}
{"activity_id":3,"activity_name":"Password Change","actor":{"session":{"uid":"0x1F43171C"},"user":{"account":{"name":"dsurti2","type":"Windows Account","type_id":2,"uid":"TAF\\dsurti2"},"domain":"TAF","name":"dsurti2","uid":"TAF\\dsurti2"}},"category_name":"Identity & Access Management","category_uid":3,"class_name":"Account Change","class_uid":3001,"device":{"hostname":"WIN-9A3SFCUS26U.taf.local","os":{"name":"Windows","type":"Windows","type_id":100},"type":"Unknown","type_id":0},"message":"An attempt was made to change an account's password.","metadata":{"event_code":"4723","log_name":"Security","log_provider":"Microsoft Windows security auditing.","original_time":"12/06/2021 09:16:06 AM","product":{"name":"Microsoft Windows","vendor_name":"Microsoft"},"profiles":["host"],"sequence":2661863,"uid":"d57977bcf58d1c8d3c8806666fb48a6d","version":"1.4.0"},"observables":[{"name":"actor.user","type":"User","type_id":21},{"name":"actor.user.name","type":"User Name","type_id":4,"value":"dsurti2"},{"name":"actor.user.uid","type":"User Object: uid","type_id":31,"value":"TAF\\dsurti2"},{"name":"actor.user.account.uid","type":"Account Object: uid","type_id":35,"value":"TAF\\dsurti2"},{"name":"actor.user.account.name","type":"Account Object: name","type_id":34,"value":"dsurti2"},{"name":"device","type":"Endpoint","type_id":20},{"name":"device.hostname","type":"Hostname","type_id":1,"value":"WIN-9A3SFCUS26U.taf.local"},{"name":"user","type":"User","type_id":21},{"name":"user.account.uid","type":"Account Object: uid","type_id":35,"value":"TAF\\dsurti2"},{"name":"user.account.name","type":"Account Object: name","type_id":34,"value":"dsurti2"},{"name":"user.name","type":"User Name","type_id":4,"value":"dsurti2"},{"name":"user.uid","type":"User Object: uid","type_id":31,"value":"TAF\\dsurti2"}],"raw_data":"12/06/2021 09:16:06 AM\nLogName=Security\nEventCode=4723\nEventType=0\nComputerName=WIN-9A3SFCUS26U.taf.local\nSourceName=Microsoft Windows security auditing.\nType=Information\nRecordNumber=2661863\nKeywords=Audit Success\nTaskCategory=User Account Management\nOpCode=Info\nMessage=An attempt was made to change an account's password.\n\nSubject:\n        Security ID:                TAF\\dsurti2\n        Account Name:                dsurti2\n        Account Domain:                TAF\n        Logon ID:                0x1F43171C\n\nTarget Account:\n        Security ID:                TAF\\dsurti2\n        Account Name:                dsurti2\n        Account Domain:                TAF\n\nAdditional Information:\n        Privileges                -","severity":"Informational","severity_id":1,"status":"Success","status_id":1,"time":1638782166000,"type_name":"Account Change: Password Change","type_uid":300103,"unmapped":{"EventType":"0","OpCode":"Info","TaskCategory":"User Account Management"},"user":{"account":{"name":"dsurti2","type":"Windows Account","type_id":2,"uid":"TAF\\dsurti2"},"domain":"TAF","name":"dsurti2","uid":"TAF\\dsurti2"}}
{"activity_id":3,"activity_name":"Password Change","actor":{"session":{"uid":"0x15C38FF7"},"user":{"account":{"name":"dsurti","type":"Windows Account","type_id":2,"uid":"TAF\\dsurti"},"domain":"TAF","name":"dsurti","uid":"TAF\\dsurti"}},"category_name":"Identity & Access Management","category_uid":3,"class_name":"Account Change","class_uid":3001,"device":{"hostname":"WIN-9A3SFCUS26U.taf.local","os":{"name":"Windows","type":"Windows","type_id":100},"type":"Unknown","type_id":0},"message":"An attempt was made to change an account's password.","metadata":{"event_code":"4723","log_name":"Security","log_provider":"Microsoft Windows security auditing.","original_time":"12/02/2021 10:32:07 AM","product":{"name":"Microsoft Windows","vendor_name":"Microsoft"},"profiles":["host"],"sequence":2271857,"uid":"67ada5f96e4cc6f45b59f22e4b4f666a","version":"1.4.0"},"observables":[{"name":"actor.user","type":"User","type_id":21},{"name":"actor.user.name","type":"User Name","type_id":4,"value":"dsurti"},{"name":"actor.user.uid","type":"User Object: uid","type_id":31,"value":"TAF\\dsurti"},{"name":"actor.user.account.uid","type":"Account Object: uid","type_id":35,"value":"TAF\\dsurti"},{"name":"actor.user.account.name","type":"Account Object: name","type_id":34,"value":"dsurti"},{"name":"user","type":"User","type_id":21},{"name":"user.uid","type":"User Object: uid","type_id":31,"value":"TAF\\dsurti"},{"name":"user.account.uid","type":"Account Object: uid","type_id":35,"value":"TAF\\dsurti"},{"name":"device","type":"Endpoint","type_id":20},{"name":"device.hostname","type":"Hostname","type_id":1,"value":"WIN-9A3SFCUS26U.taf.local"}],"raw_data":"12/02/2021 10:32:07 AM\nLogName=Security\nEventCode=4723\nEventType=0\nComputerName=WIN-9A3SFCUS26U.taf.local\nSourceName=Microsoft Windows security auditing.\nType=Information\nRecordNumber=2271857\nKeywords=Audit Failure\nTaskCategory=User Account Management\nOpCode=Info\nMessage=An attempt was made to change an account's password.\n\nSubject:\n        Security ID:                TAF\\dsurti\n        Account Name:                dsurti\n        Account Domain:                TAF\n        Logon ID:                0x15C38FF7\n\nTarget Account:\n        Security ID:                TAF\\dsurti\n        Account Name:                \n        Account Domain:                TAF\n\nAdditional Information:\n        Privileges                -","severity":"Informational","severity_id":1,"status":"Failure","status_id":2,"time":1638441127000,"type_name":"Account Change: Password Change","type_uid":300103,"unmapped":{"EventType":"0","OpCode":"Info","TaskCategory":"User Account Management"},"user":{"account":{"name":"","type":"Windows Account","type_id":2,"uid":"TAF\\dsurti"},"domain":"TAF","name":"","uid":"TAF\\dsurti"}}
{"activity_id":4,"activity_name":"Password Reset","actor":{"session":{"uid":"0x152B0A52"},"user":{"account":{"name":"Administrator","type":"Windows Account","type_id":2,"uid":"TAF\\Administrator"},"domain":"TAF","name":"Administrator","uid":"TAF\\Administrator"}},"category_name":"Identity & Access Management","category_uid":3,"class_name":"Account Change","class_uid":3001,"device":{"hostname":"WIN-9A3SFCUS26U.taf.local","os":{"name":"Windows","type":"Windows","type_id":100},"type":"Unknown","type_id":0},"message":"An attempt was made to reset an account's password.","metadata":{"event_code":"4724","log_name":"Security","log_provider":"Microsoft Windows security auditing.","original_time":"12/02/2021 09:51:53 AM","product":{"name":"Microsoft Windows","vendor_name":"Microsoft"},"profiles":["host"],"sequence":2254263,"uid":"bb996da239361e4d34dbd73f86826675","version":"1.4.0"},"observables":[{"name":"device","type":"Endpoint","type_id":20},{"name":"device.hostname","type":"Hostname","type_id":1,"value":"WIN-9A3SFCUS26U.taf.local"},{"name":"actor.user","type":"User","type_id":21},{"name":"actor.user.account.uid","type":"Account Object: uid","type_id":35,"value":"TAF\\Administrator"},{"name":"actor.user.account.name","type":"Account Object: name","type_id":34,"value":"Administrator"},{"name":"actor.user.name","type":"User Name","type_id":4,"value":"Administrator"},{"name":"actor.user.uid","type":"User Object: uid","type_id":31,"value":"TAF\\Administrator"},{"name":"user","type":"User","type_id":21},{"name":"user.uid","type":"User Object: uid","type_id":31,"value":"TAF\\dsurti"},{"name":"user.account.uid","type":"Account Object: uid","type_id":35,"value":"TAF\\dsurti"},{"name":"user.account.name","type":"Account Object: name","type_id":34,"value":"dsurti"},{"name":"user.name","type":"User Name","type_id":4,"value":"dsurti"}],"raw_data":"12/02/2021 09:51:53 AM\nLogName=Security\nEventCode=4724\nEventType=0\nComputerName=WIN-9A3SFCUS26U.taf.local\nSourceName=Microsoft Windows security auditing.\nType=Information\nRecordNumber=2254263\nKeywords=Audit Success\nTaskCategory=User Account Management\nOpCode=Info\nMessage=An attempt was made to reset an account's password.\n\nSubject:\n        Security ID:                TAF\\Administrator\n        Account Name:                Administrator\n        Account Domain:                TAF\n        Logon ID:                0x152B0A52\n\nTarget Account:\n        Security ID:                TAF\\dsurti\n        Account Name:                dsurti\n        Account Domain:                TAF","severity":"Informational","severity_id":1,"status":"Success","status_id":1,"time":1638438713000,"type_name":"Account Change: Password Reset","type_uid":300104,"unmapped":{"EventType":"0","OpCode":"Info","TaskCategory":"User Account Management"},"user":{"account":{"name":"dsurti","type":"Windows Account","type_id":2,"uid":"TAF\\dsurti"},"domain":"TAF","name":"dsurti","uid":"TAF\\dsurti"}}
{"activity_id":4,"activity_name":"Password Reset","actor":{"session":{"uid":"0x99BD3"},"user":{"account":{"name":"administrator","type":"Windows Account","type_id":2,"uid":"TAF\\Administrator"},"domain":"TAF","name":"administrator","uid":"TAF\\Administrator"}},"category_name":"Identity & Access Management","category_uid":3,"class_name":"Account Change","class_uid":3001,"device":{"hostname":"WIN-9A3SFCUS26U.taf.local","os":{"name":"Windows","type":"Windows","type_id":100},"type":"Unknown","type_id":0},"message":"An attempt was made to reset an account's password.","metadata":{"event_code":"4724","log_name":"Security","log_provider":"Microsoft Windows security auditing.","original_time":"11/02/2021 03:02:08 AM","product":{"name":"Microsoft Windows","vendor_name":"Microsoft"},"profiles":["host"],"sequence":267245,"uid":"4fb50765a60933e70652e7335147f7fe","version":"1.4.0"},"observables":[{"name":"device","type":"Endpoint","type_id":20},{"name":"device.hostname","type":"Hostname","type_id":1,"value":"WIN-9A3SFCUS26U.taf.local"},{"name":"actor.user","type":"User","type_id":21},{"name":"actor.user.name","type":"User Name","type_id":4,"value":"administrator"},{"name":"actor.user.uid","type":"User Object: uid","type_id":31,"value":"TAF\\Administrator"},{"name":"actor.user.account.uid","type":"Account Object: uid","type_id":35,"value":"TAF\\Administrator"},{"name":"actor.user.account.name","type":"Account Object: name","type_id":34,"value":"administrator"},{"name":"user","type":"User","type_id":21},{"name":"user.uid","type":"User Object: uid","type_id":31,"value":"TAF\\anish"},{"name":"user.account.uid","type":"Account Object: uid","type_id":35,"value":"TAF\\anish"}],"raw_data":"11/02/2021 03:02:08 AM\nLogName=Security\nEventCode=4724\nEventType=0\nComputerName=WIN-9A3SFCUS26U.taf.local\nSourceName=Microsoft Windows security auditing.\nType=Information\nRecordNumber=267245\nKeywords=Audit Failure\nTaskCategory=User Account Management\nOpCode=Info\nMessage=An attempt was made to reset an account's password.\n\nSubject:\n        Security ID:                TAF\\Administrator\n        Account Name:                administrator\n        Account Domain:                TAF\n        Logon ID:                0x99BD3\n\nTarget Account:\n        Security ID:                TAF\\anish\n        Account Name:                \n        Account Domain:                TAF","severity":"Informational","severity_id":1,"status":"Failure","status_id":2,"time":1635822128000,"type_name":"Account Change: Password Reset","type_uid":300104,"unmapped":{"EventType":"0","OpCode":"Info","TaskCategory":"User Account Management"},"user":{"account":{"name":"","type":"Windows Account","type_id":2,"uid":"TAF\\anish"},"domain":"TAF","name":"","uid":"TAF\\anish"}}
{"activity_id":6,"activity_name":"Delete","actor":{"session":{"uid":"0x1328A6"},"user":{"account":{"name":"administrator","type":"Windows Account","type_id":2,"uid":"TAF\\Administrator"},"domain":"TAF","name":"administrator","uid":"TAF\\Administrator"}},"category_name":"Identity & Access Management","category_uid":3,"class_name":"Account Change","class_uid":3001,"device":{"hostname":"WIN-9A3SFCUS26U.taf.local","os":{"name":"Windows","type":"Windows","type_id":100},"type":"Unknown","type_id":0},"message":"A user account was deleted.","metadata":{"event_code":"4726","log_name":"Security","log_provider":"Microsoft Windows security auditing.","original_time":"12/02/2021 09:51:31 AM","product":{"name":"Microsoft Windows","vendor_name":"Microsoft"},"profiles":["host"],"sequence":2254140,"uid":"891a6a49701c5d11bb74a300b8ed9334","version":"1.4.0"},"observables":[{"name":"actor.user","type":"User","type_id":21},{"name":"actor.user.uid","type":"User Object: uid","type_id":31,"value":"TAF\\Administrator"},{"name":"actor.user.account.uid","type":"Account Object: uid","type_id":35,"value":"TAF\\Administrator"},{"name":"actor.user.account.name","type":"Account Object: name","type_id":34,"value":"administrator"},{"name":"actor.user.name","type":"User Name","type_id":4,"value":"administrator"},{"name":"user","type":"User","type_id":21},{"name":"user.account.name","type":"Account Object: name","type_id":34,"value":"dsurti"},{"name":"user.account.uid","type":"Account Object: uid","type_id":35,"value":"S-1-5-21-405064170-846588972-3451157811-1603"},{"name":"user.name","type":"User Name","type_id":4,"value":"dsurti"},{"name":"user.uid","type":"User Object: uid","type_id":31,"value":"S-1-5-21-405064170-846588972-3451157811-1603"},{"name":"device","type":"Endpoint","type_id":20},{"name":"device.hostname","type":"Hostname","type_id":1,"value":"WIN-9A3SFCUS26U.taf.local"}],"raw_data":"12/02/2021 09:51:31 AM\nLogName=Security\nEventCode=4726\nEventType=0\nComputerName=WIN-9A3SFCUS26U.taf.local\nSourceName=Microsoft Windows security auditing.\nType=Information\nRecordNumber=2254140\nKeywords=Audit Success\nTaskCategory=User Account Management\nOpCode=Info\nMessage=A user account was deleted.\n\nSubject:\n\tSecurity ID:\t\tTAF\\Administrator\n\tAccount Name:\t\tadministrator\n\tAccount Domain:\t\tTAF\n\tLogon ID:\t\t0x1328A6\n\nTarget Account:\n\tSecurity ID:\t\tS-1-5-21-405064170-846588972-3451157811-1603\n\tAccount Name:\t\tdsurti\n\tAccount Domain:\t\tTAF\n\nAdditional Information:\n\tPrivileges\t-","severity":"Informational","severity_id":1,"status":"Success","status_id":1,"time":1638438691000,"type_name":"Account Change: Delete","type_uid":300106,"unmapped":{"EventType":"0","OpCode":"Info","TaskCategory":"User Account Management"},"user":{"account":{"name":"dsurti","type":"Windows Account","type_id":2,"uid":"S-1-5-21-405064170-846588972-3451157811-1603"},"domain":"TAF","name":"dsurti","uid":"S-1-5-21-405064170-846588972-3451157811-1603"}}
{"activity_id":3,"activity_name":"Add User","actor":{"session":{"uid":"0x3E6"},"user":{"account":{"name":"ANONYMOUS LOGON","type":"Windows Account","type_id":2,"uid":"NT AUTHORITY\\ANONYMOUS LOGON"},"domain":"NT AUTHORITY","name":"ANONYMOUS LOGON","uid":"NT AUTHORITY\\ANONYMOUS LOGON"}},"category_name":"Identity & Access Management","category_uid":3,"class_name":"Group Management","class_uid":3006,"device":{"hostname":"C5672481682.taf.local","os":{"name":"Windows","type":"Windows","type_id":100},"type":"Unknown","type_id":0},"group":{"domain":"C5672481682","name":"None","uid":"C5672481682\\None"},"message":"A member was added to a security-enabled global group.","metadata":{"event_code":"4728","log_name":"Security","log_provider":"Microsoft Windows security auditing.","original_time":"11/10/2022 11:07:25 PM","product":{"name":"Microsoft Windows","vendor_name":"Microsoft"},"profiles":["host"],"sequence":24925,"uid":"e888fe94cdfc0fbf430ef018f00702d4","version":"1.4.0"},"observables":[{"name":"user","type":"User","type_id":21},{"name":"user.account.uid","type":"Account Object: uid","type_id":35,"value":"C5672481682\\WDAGUtilityAccount"},{"name":"user.account.name","type":"Account Object: name","type_id":34,"value":"WDAGUtilityAccount"},{"name":"user.uid","type":"User Object: uid","type_id":31,"value":"C5672481682\\WDAGUtilityAccount"},{"name":"user.name","type":"User Name","type_id":4,"value":"WDAGUtilityAccount"},{"name":"group.name","type":"Group Object: name","type_id":32,"value":"None"},{"name":"group.uid","type":"Group Object: uid","type_id":33,"value":"C5672481682\\None"},{"name":"actor.user","type":"User","type_id":21},{"name":"actor.user.name","type":"User Name","type_id":4,"value":"ANONYMOUS LOGON"},{"name":"actor.user.uid","type":"User Object: uid","type_id":31,"value":"NT AUTHORITY\\ANONYMOUS LOGON"},{"name":"actor.user.account.uid","type":"Account Object: uid","type_id":35,"value":"NT AUTHORITY\\ANONYMOUS LOGON"},{"name":"actor.user.account.name","type":"Account Object: name","type_id":34,"value":"ANONYMOUS LOGON"},{"name":"device","type":"Endpoint","type_id":20},{"name":"device.hostname","type":"Hostname","type_id":1,"value":"C5672481682.taf.local"}],"raw_data":"11/10/2022 11:07:25 PM\nLogName=Security\nEventCode=4728\nEventType=0\nComputerName=C5672481682.taf.local\nSourceName=Microsoft Windows security auditing.\nType=Information\nRecordNumber=24925\nKeywords=Audit Success\nTaskCategory=Security Group Management\nOpCode=Info\nMessage=A member was added to a security-enabled global group.\n\nSubject:\n\tSecurity ID:\t\tNT AUTHORITY\\ANONYMOUS LOGON\n\tAccount Name:\t\tANONYMOUS LOGON\n\tAccount Domain:\t\tNT AUTHORITY\n\tLogon ID:\t\t0x3E6\n\nMember:\n\tSecurity ID:\t\tC5672481682\\WDAGUtilityAccount\n\tAccount Name:\t\t-\n\nGroup:\n\tSecurity ID:\t\tC5672481682\\None\n\tGroup Name:\t\tNone\n\tGroup Domain:\t\tC5672481682\n\nAdditional Information:\n\tPrivileges:\t\t-","severity":"Informational","severity_id":1,"status":"Success","status_id":1,"time":1668121645000,"type_name":"Group Management: Add User","type_uid":300603,"unmapped":{"Additional Information":{"Privileges":"-"},"EventType":"0","Member":{"Account Name":"-"},"OpCode":"Info","TaskCategory":"Security Group Management"},"user":{"account":{"name":"WDAGUtilityAccount","type":"Windows Account","type_id":2,"uid":"C5672481682\\WDAGUtilityAccount"},"domain":"C5672481682","name":"WDAGUtilityAccount","uid":"C5672481682\\WDAGUtilityAccount"}}
{"activity_id":3,"activity_name":"Add User","actor":{"session":{"uid":"0x13D5E027"},"user":{"account":{"name":"ravi","type":"Windows Account","type_id":2,"uid":"S-1-5-21-1406531526-4149269749-34710086-1104"},"domain":"SPLUNK","name":"ravi","uid":"S-1-5-21-1406531526-4149269749-34710086-1104"}},"category_name":"Identity & Access Management","category_uid":3,"class_name":"Group Management","class_uid":3006,"device":{"hostname":"C3748226038.local.domain","os":{"name":"Windows","type":"Windows","type_id":100},"type":"Unknown","type_id":0},"group":{"domain":"SPLUNK","name":"crest-global1","uid":"S-1-5-21-1406531526-4149269749-34710086-1110"},"message":"A member was added to a security-enabled global group.","metadata":{"event_code":"4728","log_name":"Security","log_provider":"Microsoft Windows security auditing.","original_time":"12/29/2022 10:41:32 PM","product":{"name":"Microsoft Windows","vendor_name":"Microsoft"},"profiles":["host"],"sequence":41258,"uid":"df5b76a037915942dcc763ad8abd2205","version":"1.4.0"},"observables":[{"name":"user","type":"User","type_id":21},{"name":"user.account.uid","type":"Account Object: uid","type_id":35,"value":"S-1-5-21-1406531526-4149269749-34710086-1103"},{"name":"user.account.name","type":"Account Object: name","type_id":34,"value":"new user"},{"name":"user.uid","type":"User Object: uid","type_id":31,"value":"S-1-5-21-1406531526-4149269749-34710086-1103"},{"name":"user.name","type":"User Name","type_id":4,"value":"new user"},{"name":"group.name","type":"Group Object: name","type_id":32,"value":"crest-global1"},{"name":"group.uid","type":"Group Object: uid","type_id":33,"value":"S-1-5-21-1406531526-4149269749-34710086-1110"},{"name":"device","type":"Endpoint","type_id":20},{"name":"device.hostname","type":"Hostname","type_id":1,"value":"C3748226038.local.domain"},{"name":"actor.user","type":"User","type_id":21},{"name":"actor.user.account.uid","type":"Account Object: uid","type_id":35,"value":"S-1-5-21-1406531526-4149269749-34710086-1104"},{"name":"actor.user.account.name","type":"Account Object: name","type_id":34,"value":"ravi"},{"name":"actor.user.name","type":"User Name","type_id":4,"value":"ravi"},{"name":"actor.user.uid","type":"User Object: uid","type_id":31,"value":"S-1-5-21-1406531526-4149269749-34710086-1104"}],"raw_data":"12/29/2022 10:41:32 PM\nLogName=Security\nEventCode=4728\nEventType=0\nComputerName=C3748226038.local.domain\nSourceName=Microsoft Windows security auditing.\nType=Information\nRecordNumber=41258\nKeywords=Audit Success\nTaskCategory=Security Group Management\nOpCode=Info\nMessage=A member was added to a security-enabled global group.\n\n\nSubject:\n  Security ID:  S-1-5-21-1406531526-4149269749-34710086-1104\n  Account Name:  ravi\n  Account Domain:  SPLUNK\n  Logon ID:  0x13D5E027\n\n\nMember:\n  Security ID:  S-1-5-21-1406531526-4149269749-34710086-1103\n  Account Name:  CN=new user,CN=Users,DC=local,DC=domain\n\n\nGroup:\n  Security ID:  S-1-5-21-1406531526-4149269749-34710086-1110\n  Group Name:  crest-global1\n  Group Domain:  SPLUNK\n\n\nAdditional Information:\n  Privileges:  -","severity":"Informational","severity_id":1,"status":"Success","status_id":1,"time":1672353692000,"type_name":"Group Management: Add User","type_uid":300603,"unmapped":{"Additional Information":{"Privileges":"-"},"EventType":"0","Member":{"Account Name":"CN=new user,CN=Users,DC=local,DC=domain"},"OpCode":"Info","TaskCategory":"Security Group Management","event_data":{"toplevel":"domain","usergroup":"Users"}},"user":{"account":{"name":"new user","type":"Windows Account","type_id":2,"uid":"S-1-5-21-1406531526-4149269749-34710086-1103"},"domain":"local","name":"new user","uid":"S-1-5-21-1406531526-4149269749-34710086-1103"}}
