{"activity_id":2,"activity_name":"Terminate","actor":{"process":{"file":{"name":"launcher.exe","parent_folder":"C:\\Program Files\\Kolide\\Launcher-launcher\\bin","path":"C:\\Program Files\\Kolide\\Launcher-launcher\\bin\\launcher.exe","type":"Regular File","type_id":1},"pid":1680},"session":{"uid":"0x3E7"},"user":{"account":{"name":"QASUS-2K12-019$","type":"Windows Account","type_id":2,"uid":"S-1-5-18"},"domain":"WORKGROUP","name":"QASUS-2K12-019$","uid":"S-1-5-18"}},"category_name":"System Activity","category_uid":1,"class_name":"Process Activity","class_uid":1007,"device":{"hostname":"qasus-2k12-019.sv.splunk.com","os":{"name":"Windows","type":"Windows","type_id":100},"type":"Unknown","type_id":0},"exit_code":2,"message":"A process has exited.","metadata":{"event_code":"4689","log_name":"Security","log_provider":"Microsoft Windows security auditing.","original_time":"11/18/2021 04:17:18 PM","product":{"name":"Microsoft Windows","vendor_name":"Microsoft"},"profiles":["host"],"sequence":1077122179,"uid":"009961966d5e33fabcbe33dea77840bb","version":"1.4.0"},"observables":[{"name":"process","type":"Process","type_id":25},{"name":"process.file","type":"File","type_id":24},{"name":"process.file.name","type":"File Name","type_id":7,"value":"launcher.exe"},{"name":"process.pid","type":"Process ID","type_id":15,"value":"1680"},{"name":"actor.process","type":"Process","type_id":25},{"name":"actor.process.file","type":"File","type_id":24},{"name":"actor.process.file.name","type":"File Name","type_id":7,"value":"launcher.exe"},{"name":"actor.process.pid","type":"Process ID","type_id":15,"value":"1680"},{"name":"actor.user","type":"User","type_id":21},{"name":"actor.user.account.uid","type":"Account Object: uid","type_id":35,"value":"S-1-5-18"},{"name":"actor.user.account.name","type":"Account Object: name","type_id":34,"value":"QASUS-2K12-019$"},{"name":"actor.user.name","type":"User Name","type_id":4,"value":"QASUS-2K12-019$"},{"name":"actor.user.uid","type":"User Object: uid","type_id":31,"value":"S-1-5-18"},{"name":"device","type":"Endpoint","type_id":20},{"name":"device.hostname","type":"Hostname","type_id":1,"value":"qasus-2k12-019.sv.splunk.com"}],"process":{"file":{"name":"launcher.exe","parent_folder":"C:\\Program Files\\Kolide\\Launcher-launcher\\bin","path":"C:\\Program Files\\Kolide\\Launcher-launcher\\bin\\launcher.exe","type":"Regular File","type_id":1},"pid":1680},"raw_data":"11/18/2021 04:17:18 PM\nLogName=Security\nEventCode=4689\nEventType=0\nComputerName=qasus-2k12-019.sv.splunk.com\nSourceName=Microsoft Windows security auditing.\nType=Information\nRecordNumber=1077122179\nKeywords=Audit Success\nTaskCategory=Process Termination\nOpCode=Info\nMessage=A process has exited.\n\nSubject:\n\tSecurity ID:\t\tS-1-5-18\n\tAccount Name:\t\tQASUS-2K12-019$\n\tAccount Domain:\t\tWORKGROUP\n\tLogon ID:\t\t0x3E7\n\nProcess Information:\n\tProcess ID:\t0x690\n\tProcess Name:\tC:\\Program Files\\Kolide\\Launcher-launcher\\bin\\launcher.exe\n\tExit Status:\t0x2","severity":"Informational","severity_id":1,"status":"Success","status_id":1,"time":1637252238000,"type_name":"Process Activity: Terminate","type_uid":100702,"unmapped":{"EventType":"0","OpCode":"Info","TaskCategory":"Process Termination"}}
{"activity_id":2,"activity_name":"Terminate","actor":{"process":{"file":{"name":"wusa.exe","parent_folder":"C:\\Windows\\System32","path":"C:\\Windows\\System32\\wusa.exe","type":"Regular File","type_id":1},"pid":2612},"session":{"uid":"0x228D92A"},"user":{"account":{"name":"Administrator","type":"Windows Account","type_id":2,"uid":"S-1-5-21-4214685022-704896040-2597624658-500"},"domain":"QASUS-2012R2-23","name":"Administrator","uid":"S-1-5-21-4214685022-704896040-2597624658-500"}},"category_name":"System Activity","category_uid":1,"class_name":"Process Activity","class_uid":1007,"device":{"hostname":"qasus-2012r2-23.sv.splunk.com","os":{"name":"Windows","type":"Windows","type_id":100},"type":"Unknown","type_id":0},"exit_code":2359302,"message":"A process has exited.","metadata":{"event_code":"4689","log_name":"Security","log_provider":"Microsoft Windows security auditing.","original_time":"11/18/2021 01:48:18 AM","product":{"name":"Microsoft Windows","vendor_name":"Microsoft"},"profiles":["host"],"sequence":177484807,"uid":"f9dafff54b0b5c24a3cdcfbf80240735","version":"1.4.0"},"observables":[{"name":"process","type":"Process","type_id":25},{"name":"process.file","type":"File","type_id":24},{"name":"process.file.name","type":"File Name","type_id":7,"value":"wusa.exe"},{"name":"process.pid","type":"Process ID","type_id":15,"value":"2612"},{"name":"device","type":"Endpoint","type_id":20},{"name":"device.hostname","type":"Hostname","type_id":1,"value":"qasus-2012r2-23.sv.splunk.com"},{"name":"actor.process","type":"Process","type_id":25},{"name":"actor.process.file","type":"File","type_id":24},{"name":"actor.process.file.name","type":"File Name","type_id":7,"value":"wusa.exe"},{"name":"actor.process.pid","type":"Process ID","type_id":15,"value":"2612"},{"name":"actor.user","type":"User","type_id":21},{"name":"actor.user.account.uid","type":"Account Object: uid","type_id":35,"value":"S-1-5-21-4214685022-704896040-2597624658-500"},{"name":"actor.user.account.name","type":"Account Object: name","type_id":34,"value":"Administrator"},{"name":"actor.user.name","type":"User Name","type_id":4,"value":"Administrator"},{"name":"actor.user.uid","type":"User Object: uid","type_id":31,"value":"S-1-5-21-4214685022-704896040-2597624658-500"}],"process":{"file":{"name":"wusa.exe","parent_folder":"C:\\Windows\\System32","path":"C:\\Windows\\System32\\wusa.exe","type":"Regular File","type_id":1},"pid":2612},"raw_data":"11/18/2021 01:48:18 AM\nLogName=Security\nEventCode=4689\nEventType=0\nComputerName=qasus-2012r2-23.sv.splunk.com\nSourceName=Microsoft Windows security auditing.\nType=Information\nRecordNumber=177484807\nKeywords=Audit Success\nTaskCategory=Process Termination\nOpCode=Info\nMessage=A process has exited.\n\nSubject:\n\tSecurity ID:\t\tS-1-5-21-4214685022-704896040-2597624658-500\n\tAccount Name:\t\tAdministrator\n\tAccount Domain:\t\tQASUS-2012R2-23\n\tLogon ID:\t\t0x228D92A\n\nProcess Information:\n\tProcess ID:\t0xa34\n\tProcess Name:\tC:\\Windows\\System32\\wusa.exe\n\tExit Status:\t0x240006","severity":"Informational","severity_id":1,"status":"Success","status_id":1,"time":1637200098000,"type_name":"Process Activity: Terminate","type_uid":100702,"unmapped":{"EventType":"0","OpCode":"Info","TaskCategory":"Process Termination"}}
{"activity_id":2,"activity_name":"Terminate","actor":{"process":{"file":{"name":"CS-WIN-5.34.11604.exe","parent_folder":"C:\\tmp_cs","path":"C:\\tmp_cs\\CS-WIN-5.34.11604.exe","type":"Regular File","type_id":1},"pid":752},"session":{"uid":"0x2E31C48"},"user":{"account":{"name":"ansible","type":"Windows Account","type_id":2,"uid":"S-1-5-21-4214685022-704896040-2597624658-1978"},"domain":"QASUS-2012R2-23","name":"ansible","uid":"S-1-5-21-4214685022-704896040-2597624658-1978"}},"category_name":"System Activity","category_uid":1,"class_name":"Process Activity","class_uid":1007,"device":{"hostname":"qasus-2012r2-23.sv.splunk.com","os":{"name":"Windows","type":"Windows","type_id":100},"type":"Unknown","type_id":0},"exit_code":16388,"message":"A process has exited.","metadata":{"event_code":"4689","log_name":"Security","log_provider":"Microsoft Windows security auditing.","original_time":"11/18/2021 03:59:31 PM","product":{"name":"Microsoft Windows","vendor_name":"Microsoft"},"profiles":["host"],"sequence":177541869,"uid":"52f14117cb62a2046038379009fbe1c2","version":"1.4.0"},"observables":[{"name":"process","type":"Process","type_id":25},{"name":"process.file","type":"File","type_id":24},{"name":"process.file.name","type":"File Name","type_id":7,"value":"CS-WIN-5.34.11604.exe"},{"name":"process.pid","type":"Process ID","type_id":15,"value":"752"},{"name":"device","type":"Endpoint","type_id":20},{"name":"device.hostname","type":"Hostname","type_id":1,"value":"qasus-2012r2-23.sv.splunk.com"},{"name":"actor.process","type":"Process","type_id":25},{"name":"actor.process.file","type":"File","type_id":24},{"name":"actor.process.file.name","type":"File Name","type_id":7,"value":"CS-WIN-5.34.11604.exe"},{"name":"actor.process.pid","type":"Process ID","type_id":15,"value":"752"},{"name":"actor.user","type":"User","type_id":21},{"name":"actor.user.account.uid","type":"Account Object: uid","type_id":35,"value":"S-1-5-21-4214685022-704896040-2597624658-1978"},{"name":"actor.user.account.name","type":"Account Object: name","type_id":34,"value":"ansible"},{"name":"actor.user.name","type":"User Name","type_id":4,"value":"ansible"},{"name":"actor.user.uid","type":"User Object: uid","type_id":31,"value":"S-1-5-21-4214685022-704896040-2597624658-1978"}],"process":{"file":{"name":"CS-WIN-5.34.11604.exe","parent_folder":"C:\\tmp_cs","path":"C:\\tmp_cs\\CS-WIN-5.34.11604.exe","type":"Regular File","type_id":1},"pid":752},"raw_data":"11/18/2021 03:59:31 PM\nLogName=Security\nEventCode=4689\nEventType=0\nComputerName=qasus-2012r2-23.sv.splunk.com\nSourceName=Microsoft Windows security auditing.\nType=Information\nRecordNumber=177541869\nKeywords=Audit Success\nTaskCategory=Process Termination\nOpCode=Info\nMessage=A process has exited.\n\nSubject:\n\tSecurity ID:\t\tS-1-5-21-4214685022-704896040-2597624658-1978\n\tAccount Name:\t\tansible\n\tAccount Domain:\t\tQASUS-2012R2-23\n\tLogon ID:\t\t0x2E31C48\n\nProcess Information:\n\tProcess ID:\t0x2f0\n\tProcess Name:\tC:\\tmp_cs\\CS-WIN-5.34.11604.exe\n\tExit Status:\t0x4004","severity":"Informational","severity_id":1,"status":"Success","status_id":1,"time":1637251171000,"type_name":"Process Activity: Terminate","type_uid":100702,"unmapped":{"EventType":"0","OpCode":"Info","TaskCategory":"Process Termination"}}
{"activity_id":2,"activity_name":"Terminate","actor":{"process":{"file":{"name":"sc.exe","parent_folder":"C:\\Windows\\System32","path":"C:\\Windows\\System32\\sc.exe","type":"Regular File","type_id":1},"pid":2832},"session":{"uid":"0x3E7"},"user":{"account":{"name":"QASUS-2K12-019$","type":"Windows Account","type_id":2,"uid":"S-1-5-18"},"domain":"WORKGROUP","name":"QASUS-2K12-019$","uid":"S-1-5-18"}},"category_name":"System Activity","category_uid":1,"class_name":"Process Activity","class_uid":1007,"device":{"hostname":"qasus-2k12-019.sv.splunk.com","os":{"name":"Windows","type":"Windows","type_id":100},"type":"Unknown","type_id":0},"exit_code":1056,"message":"A process has exited.","metadata":{"event_code":"4689","log_name":"Security","log_provider":"Microsoft Windows security auditing.","original_time":"11/22/2021 11:07:03 AM","product":{"name":"Microsoft Windows","vendor_name":"Microsoft"},"profiles":["host"],"sequence":1077584552,"uid":"be0bd364d0a3499dbf1c6d15568949bb","version":"1.4.0"},"observables":[{"name":"device","type":"Endpoint","type_id":20},{"name":"device.hostname","type":"Hostname","type_id":1,"value":"qasus-2k12-019.sv.splunk.com"},{"name":"process","type":"Process","type_id":25},{"name":"process.file","type":"File","type_id":24},{"name":"process.file.name","type":"File Name","type_id":7,"value":"sc.exe"},{"name":"process.pid","type":"Process ID","type_id":15,"value":"2832"},{"name":"actor.process","type":"Process","type_id":25},{"name":"actor.process.file","type":"File","type_id":24},{"name":"actor.process.file.name","type":"File Name","type_id":7,"value":"sc.exe"},{"name":"actor.process.pid","type":"Process ID","type_id":15,"value":"2832"},{"name":"actor.user","type":"User","type_id":21},{"name":"actor.user.account.name","type":"Account Object: name","type_id":34,"value":"QASUS-2K12-019$"},{"name":"actor.user.account.uid","type":"Account Object: uid","type_id":35,"value":"S-1-5-18"},{"name":"actor.user.name","type":"User Name","type_id":4,"value":"QASUS-2K12-019$"},{"name":"actor.user.uid","type":"User Object: uid","type_id":31,"value":"S-1-5-18"}],"process":{"file":{"name":"sc.exe","parent_folder":"C:\\Windows\\System32","path":"C:\\Windows\\System32\\sc.exe","type":"Regular File","type_id":1},"pid":2832},"raw_data":"11/22/2021 11:07:03 AM\nLogName=Security\nEventCode=4689\nEventType=0\nComputerName=qasus-2k12-019.sv.splunk.com\nSourceName=Microsoft Windows security auditing.\nType=Information\nRecordNumber=1077584552\nKeywords=Audit Success\nTaskCategory=Process Termination\nOpCode=Info\nMessage=A process has exited.\n\nSubject:\n\tSecurity ID:\t\tS-1-5-18\n\tAccount Name:\t\tQASUS-2K12-019$\n\tAccount Domain:\t\tWORKGROUP\n\tLogon ID:\t\t0x3E7\n\nProcess Information:\n\tProcess ID:\t0xb10\n\tProcess Name:\tC:\\Windows\\System32\\sc.exe\n\tExit Status:\t0x420","severity":"Informational","severity_id":1,"status":"Success","status_id":1,"time":1637579223000,"type_name":"Process Activity: Terminate","type_uid":100702,"unmapped":{"EventType":"0","OpCode":"Info","TaskCategory":"Process Termination"}}
{"activity_id":2,"activity_name":"Terminate","actor":{"process":{"file":{"name":"sethc.exe","parent_folder":"C:\\Windows\\System32","path":"C:\\Windows\\System32\\sethc.exe","type":"Regular File","type_id":1},"pid":8716},"session":{"uid":"0x3E7"},"user":{"account":{"name":"IP-0ACA26C2$","type":"Windows Account","type_id":2,"uid":"S-1-5-18"},"domain":"WORKGROUP","name":"IP-0ACA26C2$","uid":"S-1-5-18"}},"category_name":"System Activity","category_uid":1,"class_name":"Process Activity","class_uid":1007,"device":{"hostname":"ip-0ACA26C2","os":{"name":"Windows","type":"Windows","type_id":100},"type":"Unknown","type_id":0},"exit_code":1067,"message":"A process has exited.","metadata":{"event_code":"4689","log_name":"Security","log_provider":"Microsoft Windows security auditing.","original_time":"11/12/2021 08:20:28 AM","product":{"name":"Microsoft Windows","vendor_name":"Microsoft"},"profiles":["host"],"sequence":384162,"uid":"0613cba15bfbc7951f7b2c5024f5e845","version":"1.4.0"},"observables":[{"name":"device","type":"Endpoint","type_id":20},{"name":"device.hostname","type":"Hostname","type_id":1,"value":"ip-0ACA26C2"},{"name":"process","type":"Process","type_id":25},{"name":"process.file","type":"File","type_id":24},{"name":"process.file.name","type":"File Name","type_id":7,"value":"sethc.exe"},{"name":"process.pid","type":"Process ID","type_id":15,"value":"8716"},{"name":"actor.process","type":"Process","type_id":25},{"name":"actor.process.file","type":"File","type_id":24},{"name":"actor.process.file.name","type":"File Name","type_id":7,"value":"sethc.exe"},{"name":"actor.process.pid","type":"Process ID","type_id":15,"value":"8716"},{"name":"actor.user","type":"User","type_id":21},{"name":"actor.user.uid","type":"User Object: uid","type_id":31,"value":"S-1-5-18"},{"name":"actor.user.account.uid","type":"Account Object: uid","type_id":35,"value":"S-1-5-18"},{"name":"actor.user.account.name","type":"Account Object: name","type_id":34,"value":"IP-0ACA26C2$"},{"name":"actor.user.name","type":"User Name","type_id":4,"value":"IP-0ACA26C2$"}],"process":{"file":{"name":"sethc.exe","parent_folder":"C:\\Windows\\System32","path":"C:\\Windows\\System32\\sethc.exe","type":"Regular File","type_id":1},"pid":8716},"raw_data":"11/12/2021 08:20:28 AM\nLogName=Security\nEventCode=4689\nEventType=0\nComputerName=ip-0ACA26C2\nSourceName=Microsoft Windows security auditing.\nType=Information\nRecordNumber=384162\nKeywords=Audit Success\nTaskCategory=Process Termination\nOpCode=Info\nMessage=A process has exited.\n\nSubject:\n\tSecurity ID:\t\tS-1-5-18\n\tAccount Name:\t\tIP-0ACA26C2$\n\tAccount Domain:\t\tWORKGROUP\n\tLogon ID:\t\t0x3E7\n\nProcess Information:\n\tProcess ID:\t0x220c\n\tProcess Name:\tC:\\Windows\\System32\\sethc.exe\n\tExit Status:\t0x42B","severity":"Informational","severity_id":1,"status":"Success","status_id":1,"time":1636705228000,"type_name":"Process Activity: Terminate","type_uid":100702,"unmapped":{"EventType":"0","OpCode":"Info","TaskCategory":"Process Termination"}}
{"activity_id":2,"activity_name":"Terminate","actor":{"process":{"file":{"name":"msiexec.exe","parent_folder":"C:\\Windows\\System32","path":"C:\\Windows\\System32\\msiexec.exe","type":"Regular File","type_id":1},"pid":3000},"session":{"uid":"0x62268"},"user":{"account":{"name":"splunker","type":"Windows Account","type_id":2,"uid":"IP-0ACA21F7\\splunker"},"domain":"IP-0ACA21F7","name":"splunker","uid":"IP-0ACA21F7\\splunker"}},"category_name":"System Activity","category_uid":1,"class_name":"Process Activity","class_uid":1007,"device":{"hostname":"ip-0ACA21F7","os":{"name":"Windows","type":"Windows","type_id":100},"type":"Unknown","type_id":0},"exit_code":1603,"message":"A process has exited.","metadata":{"event_code":"4689","log_name":"Security","log_provider":"Microsoft Windows security auditing.","original_time":"11/05/2021 05:12:47 PM","product":{"name":"Microsoft Windows","vendor_name":"Microsoft"},"profiles":["host"],"sequence":20028,"uid":"1fefd21971b9308a8b68f7909fb80ac2","version":"1.4.0"},"observables":[{"name":"process","type":"Process","type_id":25},{"name":"process.file","type":"File","type_id":24},{"name":"process.file.name","type":"File Name","type_id":7,"value":"msiexec.exe"},{"name":"process.pid","type":"Process ID","type_id":15,"value":"3000"},{"name":"device","type":"Endpoint","type_id":20},{"name":"device.hostname","type":"Hostname","type_id":1,"value":"ip-0ACA21F7"},{"name":"actor.process","type":"Process","type_id":25},{"name":"actor.process.pid","type":"Process ID","type_id":15,"value":"3000"},{"name":"actor.process.file","type":"File","type_id":24},{"name":"actor.process.file.name","type":"File Name","type_id":7,"value":"msiexec.exe"},{"name":"actor.user","type":"User","type_id":21},{"name":"actor.user.account.uid","type":"Account Object: uid","type_id":35,"value":"IP-0ACA21F7\\splunker"},{"name":"actor.user.account.name","type":"Account Object: name","type_id":34,"value":"splunker"},{"name":"actor.user.name","type":"User Name","type_id":4,"value":"splunker"},{"name":"actor.user.uid","type":"User Object: uid","type_id":31,"value":"IP-0ACA21F7\\splunker"}],"process":{"file":{"name":"msiexec.exe","parent_folder":"C:\\Windows\\System32","path":"C:\\Windows\\System32\\msiexec.exe","type":"Regular File","type_id":1},"pid":3000},"raw_data":"11/05/2021 05:12:47 PM\nLogName=Security\nEventCode=4689\nEventType=0\nComputerName=ip-0ACA21F7\nSourceName=Microsoft Windows security auditing.\nType=Information\nRecordNumber=20028\nKeywords=Audit Success\nTaskCategory=Process Termination\nOpCode=Info\nMessage=A process has exited.\n\nSubject:\n\tSecurity ID:\t\tIP-0ACA21F7\\splunker\n\tAccount Name:\t\tsplunker\n\tAccount Domain:\t\tIP-0ACA21F7\n\tLogon ID:\t\t0x62268\n\nProcess Information:\n\tProcess ID:\t0xbb8\n\tProcess Name:\tC:\\Windows\\System32\\msiexec.exe\n\tExit Status:\t0x643","severity":"Informational","severity_id":1,"status":"Success","status_id":1,"time":1636132367000,"type_name":"Process Activity: Terminate","type_uid":100702,"unmapped":{"EventType":"0","OpCode":"Info","TaskCategory":"Process Termination"}}
{"activity_id":2,"activity_name":"Terminate","actor":{"process":{"file":{"name":"14211-WindowsSensor.x64.exe","parent_folder":"C:\\Windows\\System32\\drivers\\CrowdStrike","path":"C:\\Windows\\System32\\drivers\\CrowdStrike\\14211-WindowsSensor.x64.exe","type":"Regular File","type_id":1},"pid":3280},"session":{"uid":"0x3E7"},"user":{"account":{"name":"QASUS-2012R2-23$","type":"Windows Account","type_id":2,"uid":"S-1-5-18"},"domain":"WORKGROUP","name":"QASUS-2012R2-23$","uid":"S-1-5-18"}},"category_name":"System Activity","category_uid":1,"class_name":"Process Activity","class_uid":1007,"device":{"hostname":"qasus-2012r2-23.sv.splunk.com","os":{"name":"Windows","type":"Windows","type_id":100},"type":"Unknown","type_id":0},"exit_code":1605,"message":"A process has exited.","metadata":{"event_code":"4689","log_name":"Security","log_provider":"Microsoft Windows security auditing.","original_time":"11/19/2021 04:38:10 PM","product":{"name":"Microsoft Windows","vendor_name":"Microsoft"},"profiles":["host"],"sequence":177624536,"uid":"55a6f040e1556f727d76a2715b7a2a00","version":"1.4.0"},"observables":[{"name":"device","type":"Endpoint","type_id":20},{"name":"device.hostname","type":"Hostname","type_id":1,"value":"qasus-2012r2-23.sv.splunk.com"},{"name":"process","type":"Process","type_id":25},{"name":"process.file","type":"File","type_id":24},{"name":"process.file.name","type":"File Name","type_id":7,"value":"14211-WindowsSensor.x64.exe"},{"name":"process.pid","type":"Process ID","type_id":15,"value":"3280"},{"name":"actor.process","type":"Process","type_id":25},{"name":"actor.process.file","type":"File","type_id":24},{"name":"actor.process.file.name","type":"File Name","type_id":7,"value":"14211-WindowsSensor.x64.exe"},{"name":"actor.process.pid","type":"Process ID","type_id":15,"value":"3280"},{"name":"actor.user","type":"User","type_id":21},{"name":"actor.user.account.uid","type":"Account Object: uid","type_id":35,"value":"S-1-5-18"},{"name":"actor.user.account.name","type":"Account Object: name","type_id":34,"value":"QASUS-2012R2-23$"},{"name":"actor.user.name","type":"User Name","type_id":4,"value":"QASUS-2012R2-23$"},{"name":"actor.user.uid","type":"User Object: uid","type_id":31,"value":"S-1-5-18"}],"process":{"file":{"name":"14211-WindowsSensor.x64.exe","parent_folder":"C:\\Windows\\System32\\drivers\\CrowdStrike","path":"C:\\Windows\\System32\\drivers\\CrowdStrike\\14211-WindowsSensor.x64.exe","type":"Regular File","type_id":1},"pid":3280},"raw_data":"11/19/2021 04:38:10 PM\nLogName=Security\nEventCode=4689\nEventType=0\nComputerName=qasus-2012r2-23.sv.splunk.com\nSourceName=Microsoft Windows security auditing.\nType=Information\nRecordNumber=177624536\nKeywords=Audit Success\nTaskCategory=Process Termination\nOpCode=Info\nMessage=A process has exited.\n\nSubject:\n\tSecurity ID:\t\tS-1-5-18\n\tAccount Name:\t\tQASUS-2012R2-23$\n\tAccount Domain:\t\tWORKGROUP\n\tLogon ID:\t\t0x3E7\n\nProcess Information:\n\tProcess ID:\t0xcd0\n\tProcess Name:\tC:\\Windows\\System32\\drivers\\CrowdStrike\\14211-WindowsSensor.x64.exe\n\tExit Status:\t0x645","severity":"Informational","severity_id":1,"status":"Success","status_id":1,"time":1637339890000,"type_name":"Process Activity: Terminate","type_uid":100702,"unmapped":{"EventType":"0","OpCode":"Info","TaskCategory":"Process Termination"}}
{"activity_id":2,"activity_name":"Terminate","actor":{"process":{"file":{"name":"CS-WIN-5.34.11604.exe","parent_folder":"C:\\tmp_cs","path":"C:\\tmp_cs\\CS-WIN-5.34.11604.exe","type":"Regular File","type_id":1},"pid":4008},"session":{"uid":"0x9A355A330"},"user":{"account":{"name":"ansible","type":"Windows Account","type_id":2,"uid":"S-1-5-21-1510065185-445765783-3758297999-4102525"},"domain":"QASUS-2K12-019","name":"ansible","uid":"S-1-5-21-1510065185-445765783-3758297999-4102525"}},"category_name":"System Activity","category_uid":1,"class_name":"Process Activity","class_uid":1007,"device":{"hostname":"qasus-2k12-019.sv.splunk.com","os":{"name":"Windows","type":"Windows","type_id":100},"type":"Unknown","type_id":0},"exit_code":1638,"message":"A process has exited.","metadata":{"event_code":"4689","log_name":"Security","log_provider":"Microsoft Windows security auditing.","original_time":"11/18/2021 03:48:53 PM","product":{"name":"Microsoft Windows","vendor_name":"Microsoft"},"profiles":["host"],"sequence":1077118867,"uid":"d94e3a23ee1b49987b05e2ae7535ae36","version":"1.4.0"},"observables":[{"name":"device","type":"Endpoint","type_id":20},{"name":"device.hostname","type":"Hostname","type_id":1,"value":"qasus-2k12-019.sv.splunk.com"},{"name":"process","type":"Process","type_id":25},{"name":"process.file","type":"File","type_id":24},{"name":"process.file.name","type":"File Name","type_id":7,"value":"CS-WIN-5.34.11604.exe"},{"name":"process.pid","type":"Process ID","type_id":15,"value":"4008"},{"name":"actor.process","type":"Process","type_id":25},{"name":"actor.process.file","type":"File","type_id":24},{"name":"actor.process.file.name","type":"File Name","type_id":7,"value":"CS-WIN-5.34.11604.exe"},{"name":"actor.process.pid","type":"Process ID","type_id":15,"value":"4008"},{"name":"actor.user","type":"User","type_id":21},{"name":"actor.user.account.uid","type":"Account Object: uid","type_id":35,"value":"S-1-5-21-1510065185-445765783-3758297999-4102525"},{"name":"actor.user.account.name","type":"Account Object: name","type_id":34,"value":"ansible"},{"name":"actor.user.name","type":"User Name","type_id":4,"value":"ansible"},{"name":"actor.user.uid","type":"User Object: uid","type_id":31,"value":"S-1-5-21-1510065185-445765783-3758297999-4102525"}],"process":{"file":{"name":"CS-WIN-5.34.11604.exe","parent_folder":"C:\\tmp_cs","path":"C:\\tmp_cs\\CS-WIN-5.34.11604.exe","type":"Regular File","type_id":1},"pid":4008},"raw_data":"11/18/2021 03:48:53 PM\nLogName=Security\nEventCode=4689\nEventType=0\nComputerName=qasus-2k12-019.sv.splunk.com\nSourceName=Microsoft Windows security auditing.\nType=Information\nRecordNumber=1077118867\nKeywords=Audit Success\nTaskCategory=Process Termination\nOpCode=Info\nMessage=A process has exited.\n\nSubject:\n\tSecurity ID:\t\tS-1-5-21-1510065185-445765783-3758297999-4102525\n\tAccount Name:\t\tansible\n\tAccount Domain:\t\tQASUS-2K12-019\n\tLogon ID:\t\t0x9A355A330\n\nProcess Information:\n\tProcess ID:\t0xfa8\n\tProcess Name:\tC:\\tmp_cs\\CS-WIN-5.34.11604.exe\n\tExit Status:\t0x666","severity":"Informational","severity_id":1,"status":"Success","status_id":1,"time":1637250533000,"type_name":"Process Activity: Terminate","type_uid":100702,"unmapped":{"EventType":"0","OpCode":"Info","TaskCategory":"Process Termination"}}
{"activity_id":2,"activity_name":"Terminate","actor":{"process":{"file":{"name":"python3.exe","parent_folder":"C:\\opt\\splunk\\bin","path":"C:\\opt\\splunk\\bin\\python3.exe","type":"Regular File","type_id":1},"pid":8584},"session":{"uid":"0x3E7"},"user":{"account":{"name":"IP-0ACA26C2$","type":"Windows Account","type_id":2,"uid":"S-1-5-18"},"domain":"WORKGROUP","name":"IP-0ACA26C2$","uid":"S-1-5-18"}},"category_name":"System Activity","category_uid":1,"class_name":"Process Activity","class_uid":1007,"device":{"hostname":"ip-0ACA26C2","os":{"name":"Windows","type":"Windows","type_id":100},"type":"Unknown","type_id":0},"exit_code":114,"message":"A process has exited.","metadata":{"event_code":"4689","log_name":"Security","log_provider":"Microsoft Windows security auditing.","original_time":"11/12/2021 08:01:01 AM","product":{"name":"Microsoft Windows","vendor_name":"Microsoft"},"profiles":["host"],"sequence":380157,"uid":"9eb6bbbce41eea787717b3b2b3480f43","version":"1.4.0"},"observables":[{"name":"process","type":"Process","type_id":25},{"name":"process.file","type":"File","type_id":24},{"name":"process.file.name","type":"File Name","type_id":7,"value":"python3.exe"},{"name":"process.pid","type":"Process ID","type_id":15,"value":"8584"},{"name":"actor.process","type":"Process","type_id":25},{"name":"actor.process.file","type":"File","type_id":24},{"name":"actor.process.file.name","type":"File Name","type_id":7,"value":"python3.exe"},{"name":"actor.process.pid","type":"Process ID","type_id":15,"value":"8584"},{"name":"actor.user","type":"User","type_id":21},{"name":"actor.user.account.name","type":"Account Object: name","type_id":34,"value":"IP-0ACA26C2$"},{"name":"actor.user.account.uid","type":"Account Object: uid","type_id":35,"value":"S-1-5-18"},{"name":"actor.user.name","type":"User Name","type_id":4,"value":"IP-0ACA26C2$"},{"name":"actor.user.uid","type":"User Object: uid","type_id":31,"value":"S-1-5-18"},{"name":"device","type":"Endpoint","type_id":20},{"name":"device.hostname","type":"Hostname","type_id":1,"value":"ip-0ACA26C2"}],"process":{"file":{"name":"python3.exe","parent_folder":"C:\\opt\\splunk\\bin","path":"C:\\opt\\splunk\\bin\\python3.exe","type":"Regular File","type_id":1},"pid":8584},"raw_data":"11/12/2021 08:01:01 AM\nLogName=Security\nEventCode=4689\nEventType=0\nComputerName=ip-0ACA26C2\nSourceName=Microsoft Windows security auditing.\nType=Information\nRecordNumber=380157\nKeywords=Audit Success\nTaskCategory=Process Termination\nOpCode=Info\nMessage=A process has exited.\n\nSubject:\n\tSecurity ID:\t\tS-1-5-18\n\tAccount Name:\t\tIP-0ACA26C2$\n\tAccount Domain:\t\tWORKGROUP\n\tLogon ID:\t\t0x3E7\n\nProcess Information:\n\tProcess ID:\t0x2188\n\tProcess Name:\tC:\\opt\\splunk\\bin\\python3.exe\n\tExit Status:\t0x72","severity":"Informational","severity_id":1,"status":"Success","status_id":1,"time":1636704061000,"type_name":"Process Activity: Terminate","type_uid":100702,"unmapped":{"EventType":"0","OpCode":"Info","TaskCategory":"Process Termination"}}
{"activity_id":2,"activity_name":"Terminate","actor":{"process":{"file":{"name":"wsqmcons.exe","parent_folder":"C:\\Windows\\System32","path":"C:\\Windows\\System32\\wsqmcons.exe","type":"Regular File","type_id":1},"pid":888},"session":{"uid":"0x3E7"},"user":{"account":{"name":"QASUS-2K12-019$","type":"Windows Account","type_id":2,"uid":"S-1-5-18"},"domain":"WORKGROUP","name":"QASUS-2K12-019$","uid":"S-1-5-18"}},"category_name":"System Activity","category_uid":1,"class_name":"Process Activity","class_uid":1007,"device":{"hostname":"qasus-2k12-019.sv.splunk.com","os":{"name":"Windows","type":"Windows","type_id":100},"type":"Unknown","type_id":0},"exit_code":2147488001,"message":"A process has exited.","metadata":{"event_code":"4689","log_name":"Security","log_provider":"Microsoft Windows security auditing.","original_time":"11/23/2021 05:00:25 AM","product":{"name":"Microsoft Windows","vendor_name":"Microsoft"},"profiles":["host"],"sequence":1077677355,"uid":"2b1608f5a559ff12fd6a66a49676de40","version":"1.4.0"},"observables":[{"name":"device","type":"Endpoint","type_id":20},{"name":"device.hostname","type":"Hostname","type_id":1,"value":"qasus-2k12-019.sv.splunk.com"},{"name":"actor.process","type":"Process","type_id":25},{"name":"actor.process.file","type":"File","type_id":24},{"name":"actor.process.file.name","type":"File Name","type_id":7,"value":"wsqmcons.exe"},{"name":"actor.process.pid","type":"Process ID","type_id":15,"value":"888"},{"name":"actor.user","type":"User","type_id":21},{"name":"actor.user.account.name","type":"Account Object: name","type_id":34,"value":"QASUS-2K12-019$"},{"name":"actor.user.account.uid","type":"Account Object: uid","type_id":35,"value":"S-1-5-18"},{"name":"actor.user.name","type":"User Name","type_id":4,"value":"QASUS-2K12-019$"},{"name":"actor.user.uid","type":"User Object: uid","type_id":31,"value":"S-1-5-18"},{"name":"process","type":"Process","type_id":25},{"name":"process.file","type":"File","type_id":24},{"name":"process.file.name","type":"File Name","type_id":7,"value":"wsqmcons.exe"},{"name":"process.pid","type":"Process ID","type_id":15,"value":"888"}],"process":{"file":{"name":"wsqmcons.exe","parent_folder":"C:\\Windows\\System32","path":"C:\\Windows\\System32\\wsqmcons.exe","type":"Regular File","type_id":1},"pid":888},"raw_data":"11/23/2021 05:00:25 AM\nLogName=Security\nEventCode=4689\nEventType=0\nComputerName=qasus-2k12-019.sv.splunk.com\nSourceName=Microsoft Windows security auditing.\nType=Information\nRecordNumber=1077677355\nKeywords=Audit Success\nTaskCategory=Process Termination\nOpCode=Info\nMessage=A process has exited.\n\nSubject:\n\tSecurity ID:\t\tS-1-5-18\n\tAccount Name:\t\tQASUS-2K12-019$\n\tAccount Domain:\t\tWORKGROUP\n\tLogon ID:\t\t0x3E7\n\nProcess Information:\n\tProcess ID:\t0x378\n\tProcess Name:\tC:\\Windows\\System32\\wsqmcons.exe\n\tExit Status:\t0x80001101","severity":"Informational","severity_id":1,"status":"Success","status_id":1,"time":1637643625000,"type_name":"Process Activity: Terminate","type_uid":100702,"unmapped":{"EventType":"0","OpCode":"Info","TaskCategory":"Process Termination"}}
{"activity_id":2,"activity_name":"Terminate","actor":{"process":{"file":{"name":"ProvisioningGatekeeper.exe","parent_folder":"C:\\ProgramData\\Package Cache\\2DEAB6BC49B4859D7BDCABE26CDD52586B3EF8E1","path":"C:\\ProgramData\\Package Cache\\2DEAB6BC49B4859D7BDCABE26CDD52586B3EF8E1\\ProvisioningGatekeeper.exe","type":"Regular File","type_id":1},"pid":980},"session":{"uid":"0x2E31C48"},"user":{"account":{"name":"ansible","type":"Windows Account","type_id":2,"uid":"S-1-5-21-4214685022-704896040-2597624658-1978"},"domain":"QASUS-2012R2-23","name":"ansible","uid":"S-1-5-21-4214685022-704896040-2597624658-1978"}},"category_name":"System Activity","category_uid":1,"class_name":"Process Activity","class_uid":1007,"device":{"hostname":"qasus-2012r2-23.sv.splunk.com","os":{"name":"Windows","type":"Windows","type_id":100},"type":"Unknown","type_id":0},"exit_code":2147500036,"message":"A process has exited.","metadata":{"event_code":"4689","log_name":"Security","log_provider":"Microsoft Windows security auditing.","original_time":"11/18/2021 03:59:20 PM","product":{"name":"Microsoft Windows","vendor_name":"Microsoft"},"profiles":["host"],"sequence":177541712,"uid":"26582b8b8ff9f60da529c75f7f130bcc","version":"1.4.0"},"observables":[{"name":"actor.process","type":"Process","type_id":25},{"name":"actor.process.file","type":"File","type_id":24},{"name":"actor.process.file.name","type":"File Name","type_id":7,"value":"ProvisioningGatekeeper.exe"},{"name":"actor.process.pid","type":"Process ID","type_id":15,"value":"980"},{"name":"actor.user","type":"User","type_id":21},{"name":"actor.user.uid","type":"User Object: uid","type_id":31,"value":"S-1-5-21-4214685022-704896040-2597624658-1978"},{"name":"actor.user.account.uid","type":"Account Object: uid","type_id":35,"value":"S-1-5-21-4214685022-704896040-2597624658-1978"},{"name":"actor.user.account.name","type":"Account Object: name","type_id":34,"value":"ansible"},{"name":"actor.user.name","type":"User Name","type_id":4,"value":"ansible"},{"name":"process","type":"Process","type_id":25},{"name":"process.file","type":"File","type_id":24},{"name":"process.file.name","type":"File Name","type_id":7,"value":"ProvisioningGatekeeper.exe"},{"name":"process.pid","type":"Process ID","type_id":15,"value":"980"},{"name":"device","type":"Endpoint","type_id":20},{"name":"device.hostname","type":"Hostname","type_id":1,"value":"qasus-2012r2-23.sv.splunk.com"}],"process":{"file":{"name":"ProvisioningGatekeeper.exe","parent_folder":"C:\\ProgramData\\Package Cache\\2DEAB6BC49B4859D7BDCABE26CDD52586B3EF8E1","path":"C:\\ProgramData\\Package Cache\\2DEAB6BC49B4859D7BDCABE26CDD52586B3EF8E1\\ProvisioningGatekeeper.exe","type":"Regular File","type_id":1},"pid":980},"raw_data":"11/18/2021 03:59:20 PM\nLogName=Security\nEventCode=4689\nEventType=0\nComputerName=qasus-2012r2-23.sv.splunk.com\nSourceName=Microsoft Windows security auditing.\nType=Information\nRecordNumber=177541712\nKeywords=Audit Success\nTaskCategory=Process Termination\nOpCode=Info\nMessage=A process has exited.\n\nSubject:\n\tSecurity ID:\t\tS-1-5-21-4214685022-704896040-2597624658-1978\n\tAccount Name:\t\tansible\n\tAccount Domain:\t\tQASUS-2012R2-23\n\tLogon ID:\t\t0x2E31C48\n\nProcess Information:\n\tProcess ID:\t0x3d4\n\tProcess Name:\tC:\\ProgramData\\Package Cache\\2DEAB6BC49B4859D7BDCABE26CDD52586B3EF8E1\\ProvisioningGatekeeper.exe\n\tExit Status:\t0x80004004","severity":"Informational","severity_id":1,"status":"Success","status_id":1,"time":1637251160000,"type_name":"Process Activity: Terminate","type_uid":100702,"unmapped":{"EventType":"0","OpCode":"Info","TaskCategory":"Process Termination"}}
{"activity_id":2,"activity_name":"Terminate","actor":{"process":{"file":{"name":"msiexec.exe","parent_folder":"C:\\Windows\\SysWOW64","path":"C:\\Windows\\SysWOW64\\msiexec.exe","type":"Regular File","type_id":1},"pid":1996},"session":{"uid":"0x3E7"},"user":{"account":{"name":"QASUS-2012R2-23$","type":"Windows Account","type_id":2,"uid":"S-1-5-18"},"domain":"WORKGROUP","name":"QASUS-2012R2-23$","uid":"S-1-5-18"}},"category_name":"System Activity","category_uid":1,"class_name":"Process Activity","class_uid":1007,"device":{"hostname":"qasus-2012r2-23.sv.splunk.com","os":{"name":"Windows","type":"Windows","type_id":100},"type":"Unknown","type_id":0},"exit_code":2147746305,"message":"A process has exited.","metadata":{"event_code":"4689","log_name":"Security","log_provider":"Microsoft Windows security auditing.","original_time":"11/19/2021 04:38:19 PM","product":{"name":"Microsoft Windows","vendor_name":"Microsoft"},"profiles":["host"],"sequence":177624619,"uid":"7bf4a40c139f06ea27be9b166931540a","version":"1.4.0"},"observables":[{"name":"process","type":"Process","type_id":25},{"name":"process.file","type":"File","type_id":24},{"name":"process.file.name","type":"File Name","type_id":7,"value":"msiexec.exe"},{"name":"process.pid","type":"Process ID","type_id":15,"value":"1996"},{"name":"actor.process","type":"Process","type_id":25},{"name":"actor.process.file","type":"File","type_id":24},{"name":"actor.process.file.name","type":"File Name","type_id":7,"value":"msiexec.exe"},{"name":"actor.process.pid","type":"Process ID","type_id":15,"value":"1996"},{"name":"actor.user","type":"User","type_id":21},{"name":"actor.user.account.uid","type":"Account Object: uid","type_id":35,"value":"S-1-5-18"},{"name":"actor.user.account.name","type":"Account Object: name","type_id":34,"value":"QASUS-2012R2-23$"},{"name":"actor.user.name","type":"User Name","type_id":4,"value":"QASUS-2012R2-23$"},{"name":"actor.user.uid","type":"User Object: uid","type_id":31,"value":"S-1-5-18"},{"name":"device","type":"Endpoint","type_id":20},{"name":"device.hostname","type":"Hostname","type_id":1,"value":"qasus-2012r2-23.sv.splunk.com"}],"process":{"file":{"name":"msiexec.exe","parent_folder":"C:\\Windows\\SysWOW64","path":"C:\\Windows\\SysWOW64\\msiexec.exe","type":"Regular File","type_id":1},"pid":1996},"raw_data":"11/19/2021 04:38:19 PM\nLogName=Security\nEventCode=4689\nEventType=0\nComputerName=qasus-2012r2-23.sv.splunk.com\nSourceName=Microsoft Windows security auditing.\nType=Information\nRecordNumber=177624619\nKeywords=Audit Success\nTaskCategory=Process Termination\nOpCode=Info\nMessage=A process has exited.\n\nSubject:\n\tSecurity ID:\t\tS-1-5-18\n\tAccount Name:\t\tQASUS-2012R2-23$\n\tAccount Domain:\t\tWORKGROUP\n\tLogon ID:\t\t0x3E7\n\nProcess Information:\n\tProcess ID:\t0x7cc\n\tProcess Name:\tC:\\Windows\\SysWOW64\\msiexec.exe\n\tExit Status:\t0x80040201","severity":"Informational","severity_id":1,"status":"Success","status_id":1,"time":1637339899000,"type_name":"Process Activity: Terminate","type_uid":100702,"unmapped":{"EventType":"0","OpCode":"Info","TaskCategory":"Process Termination"}}
{"activity_id":2,"activity_name":"Terminate","actor":{"process":{"file":{"name":"wusa.exe","parent_folder":"C:\\Windows\\System32","path":"C:\\Windows\\System32\\wusa.exe","type":"Regular File","type_id":1},"pid":1084},"session":{"uid":"0x1B34AED"},"user":{"account":{"name":"Administrator","type":"Windows Account","type_id":2,"uid":"S-1-5-21-4214685022-704896040-2597624658-500"},"domain":"QASUS-2012R2-23","name":"Administrator","uid":"S-1-5-21-4214685022-704896040-2597624658-500"}},"category_name":"System Activity","category_uid":1,"class_name":"Process Activity","class_uid":1007,"device":{"hostname":"qasus-2012r2-23.sv.splunk.com","os":{"name":"Windows","type":"Windows","type_id":100},"type":"Unknown","type_id":0},"exit_code":3010,"message":"A process has exited.","metadata":{"event_code":"4689","log_name":"Security","log_provider":"Microsoft Windows security auditing.","original_time":"11/17/2021 05:26:08 PM","product":{"name":"Microsoft Windows","vendor_name":"Microsoft"},"profiles":["host"],"sequence":177449800,"uid":"1ef5dc2e2b6234446767b72bf370b59e","version":"1.4.0"},"observables":[{"name":"process","type":"Process","type_id":25},{"name":"process.file","type":"File","type_id":24},{"name":"process.file.name","type":"File Name","type_id":7,"value":"wusa.exe"},{"name":"process.pid","type":"Process ID","type_id":15,"value":"1084"},{"name":"actor.process","type":"Process","type_id":25},{"name":"actor.process.file","type":"File","type_id":24},{"name":"actor.process.file.name","type":"File Name","type_id":7,"value":"wusa.exe"},{"name":"actor.process.pid","type":"Process ID","type_id":15,"value":"1084"},{"name":"actor.user","type":"User","type_id":21},{"name":"actor.user.account.name","type":"Account Object: name","type_id":34,"value":"Administrator"},{"name":"actor.user.account.uid","type":"Account Object: uid","type_id":35,"value":"S-1-5-21-4214685022-704896040-2597624658-500"},{"name":"actor.user.name","type":"User Name","type_id":4,"value":"Administrator"},{"name":"actor.user.uid","type":"User Object: uid","type_id":31,"value":"S-1-5-21-4214685022-704896040-2597624658-500"},{"name":"device","type":"Endpoint","type_id":20},{"name":"device.hostname","type":"Hostname","type_id":1,"value":"qasus-2012r2-23.sv.splunk.com"}],"process":{"file":{"name":"wusa.exe","parent_folder":"C:\\Windows\\System32","path":"C:\\Windows\\System32\\wusa.exe","type":"Regular File","type_id":1},"pid":1084},"raw_data":"11/17/2021 05:26:08 PM\nLogName=Security\nEventCode=4689\nEventType=0\nComputerName=qasus-2012r2-23.sv.splunk.com\nSourceName=Microsoft Windows security auditing.\nType=Information\nRecordNumber=177449800\nKeywords=Audit Success\nTaskCategory=Process Termination\nOpCode=Info\nMessage=A process has exited.\n\nSubject:\n\tSecurity ID:\t\tS-1-5-21-4214685022-704896040-2597624658-500\n\tAccount Name:\t\tAdministrator\n\tAccount Domain:\t\tQASUS-2012R2-23\n\tLogon ID:\t\t0x1B34AED\n\nProcess Information:\n\tProcess ID:\t0x43c\n\tProcess Name:\tC:\\Windows\\System32\\wusa.exe\n\tExit Status:\t0xBC2","severity":"Informational","severity_id":1,"status":"Success","status_id":1,"time":1637169968000,"type_name":"Process Activity: Terminate","type_uid":100702,"unmapped":{"EventType":"0","OpCode":"Info","TaskCategory":"Process Termination"}}
{"activity_id":2,"activity_name":"Terminate","actor":{"process":{"file":{"name":"splunk-perfmon.exe","parent_folder":"C:\\Program Files\\SplunkUniversalForwarder\\bin","path":"C:\\Program Files\\SplunkUniversalForwarder\\bin\\splunk-perfmon.exe","type":"Regular File","type_id":1},"pid":6180},"session":{"uid":"0x9215C3830"},"user":{"account":{"name":"splunk","type":"Windows Account","type_id":2,"uid":"S-1-5-21-1510065185-445765783-3758297999-4102526"},"domain":"QASUS-2K12-019","name":"splunk","uid":"S-1-5-21-1510065185-445765783-3758297999-4102526"}},"category_name":"System Activity","category_uid":1,"class_name":"Process Activity","class_uid":1007,"device":{"hostname":"qasus-2k12-019.sv.splunk.com","os":{"name":"Windows","type":"Windows","type_id":100},"type":"Unknown","type_id":0},"exit_code":3221225477,"message":"A process has exited.","metadata":{"event_code":"4689","log_name":"Security","log_provider":"Microsoft Windows security auditing.","original_time":"11/09/2021 07:29:41 PM","product":{"name":"Microsoft Windows","vendor_name":"Microsoft"},"profiles":["host"],"sequence":1076023299,"uid":"b99d70941ee955cd7a69b8d16c40e92a","version":"1.4.0"},"observables":[{"name":"device","type":"Endpoint","type_id":20},{"name":"device.hostname","type":"Hostname","type_id":1,"value":"qasus-2k12-019.sv.splunk.com"},{"name":"actor.process","type":"Process","type_id":25},{"name":"actor.process.file","type":"File","type_id":24},{"name":"actor.process.file.name","type":"File Name","type_id":7,"value":"splunk-perfmon.exe"},{"name":"actor.process.pid","type":"Process ID","type_id":15,"value":"6180"},{"name":"actor.user","type":"User","type_id":21},{"name":"actor.user.account.uid","type":"Account Object: uid","type_id":35,"value":"S-1-5-21-1510065185-445765783-3758297999-4102526"},{"name":"actor.user.account.name","type":"Account Object: name","type_id":34,"value":"splunk"},{"name":"actor.user.name","type":"User Name","type_id":4,"value":"splunk"},{"name":"actor.user.uid","type":"User Object: uid","type_id":31,"value":"S-1-5-21-1510065185-445765783-3758297999-4102526"},{"name":"process","type":"Process","type_id":25},{"name":"process.file","type":"File","type_id":24},{"name":"process.file.name","type":"File Name","type_id":7,"value":"splunk-perfmon.exe"},{"name":"process.pid","type":"Process ID","type_id":15,"value":"6180"}],"process":{"file":{"name":"splunk-perfmon.exe","parent_folder":"C:\\Program Files\\SplunkUniversalForwarder\\bin","path":"C:\\Program Files\\SplunkUniversalForwarder\\bin\\splunk-perfmon.exe","type":"Regular File","type_id":1},"pid":6180},"raw_data":"11/09/2021 07:29:41 PM\nLogName=Security\nEventCode=4689\nEventType=0\nComputerName=qasus-2k12-019.sv.splunk.com\nSourceName=Microsoft Windows security auditing.\nType=Information\nRecordNumber=1076023299\nKeywords=Audit Success\nTaskCategory=Process Termination\nOpCode=Info\nMessage=A process has exited.\n\nSubject:\n\tSecurity ID:\t\tS-1-5-21-1510065185-445765783-3758297999-4102526\n\tAccount Name:\t\tsplunk\n\tAccount Domain:\t\tQASUS-2K12-019\n\tLogon ID:\t\t0x9215C3830\n\nProcess Information:\n\tProcess ID:\t0x1824\n\tProcess Name:\tC:\\Program Files\\SplunkUniversalForwarder\\bin\\splunk-perfmon.exe\n\tExit Status:\t0xC0000005","severity":"Informational","severity_id":1,"status":"Success","status_id":1,"time":1636486181000,"type_name":"Process Activity: Terminate","type_uid":100702,"unmapped":{"EventType":"0","OpCode":"Info","TaskCategory":"Process Termination"}}
{"activity_id":2,"activity_name":"Terminate","actor":{"process":{"file":{"name":"14211-CsInstallerService.exe","parent_folder":"C:\\Windows\\System32\\drivers\\CrowdStrike","path":"C:\\Windows\\System32\\drivers\\CrowdStrike\\14211-CsInstallerService.exe","type":"Regular File","type_id":1},"pid":3484},"session":{"uid":"0x3E7"},"user":{"account":{"name":"QASUS-2012R2-23$","type":"Windows Account","type_id":2,"uid":"S-1-5-18"},"domain":"WORKGROUP","name":"QASUS-2012R2-23$","uid":"S-1-5-18"}},"category_name":"System Activity","category_uid":1,"class_name":"Process Activity","class_uid":1007,"device":{"hostname":"qasus-2012r2-23.sv.splunk.com","os":{"name":"Windows","type":"Windows","type_id":100},"type":"Unknown","type_id":0},"exit_code":3221226505,"message":"A process has exited.","metadata":{"event_code":"4689","log_name":"Security","log_provider":"Microsoft Windows security auditing.","original_time":"11/19/2021 04:38:33 PM","product":{"name":"Microsoft Windows","vendor_name":"Microsoft"},"profiles":["host"],"sequence":177624899,"uid":"c203d4c7ab0216d1a82cbbfe46928625","version":"1.4.0"},"observables":[{"name":"actor.process","type":"Process","type_id":25},{"name":"actor.process.file","type":"File","type_id":24},{"name":"actor.process.file.name","type":"File Name","type_id":7,"value":"14211-CsInstallerService.exe"},{"name":"actor.process.pid","type":"Process ID","type_id":15,"value":"3484"},{"name":"actor.user","type":"User","type_id":21},{"name":"actor.user.account.uid","type":"Account Object: uid","type_id":35,"value":"S-1-5-18"},{"name":"actor.user.account.name","type":"Account Object: name","type_id":34,"value":"QASUS-2012R2-23$"},{"name":"actor.user.name","type":"User Name","type_id":4,"value":"QASUS-2012R2-23$"},{"name":"actor.user.uid","type":"User Object: uid","type_id":31,"value":"S-1-5-18"},{"name":"device","type":"Endpoint","type_id":20},{"name":"device.hostname","type":"Hostname","type_id":1,"value":"qasus-2012r2-23.sv.splunk.com"},{"name":"process","type":"Process","type_id":25},{"name":"process.file","type":"File","type_id":24},{"name":"process.file.name","type":"File Name","type_id":7,"value":"14211-CsInstallerService.exe"},{"name":"process.pid","type":"Process ID","type_id":15,"value":"3484"}],"process":{"file":{"name":"14211-CsInstallerService.exe","parent_folder":"C:\\Windows\\System32\\drivers\\CrowdStrike","path":"C:\\Windows\\System32\\drivers\\CrowdStrike\\14211-CsInstallerService.exe","type":"Regular File","type_id":1},"pid":3484},"raw_data":"11/19/2021 04:38:33 PM\nLogName=Security\nEventCode=4689\nEventType=0\nComputerName=qasus-2012r2-23.sv.splunk.com\nSourceName=Microsoft Windows security auditing.\nType=Information\nRecordNumber=177624899\nKeywords=Audit Success\nTaskCategory=Process Termination\nOpCode=Info\nMessage=A process has exited.\n\nSubject:\n\tSecurity ID:\t\tS-1-5-18\n\tAccount Name:\t\tQASUS-2012R2-23$\n\tAccount Domain:\t\tWORKGROUP\n\tLogon ID:\t\t0x3E7\n\nProcess Information:\n\tProcess ID:\t0xd9c\n\tProcess Name:\tC:\\Windows\\System32\\drivers\\CrowdStrike\\14211-CsInstallerService.exe\n\tExit Status:\t0xC0000409","severity":"Informational","severity_id":1,"status":"Success","status_id":1,"time":1637339913000,"type_name":"Process Activity: Terminate","type_uid":100702,"unmapped":{"EventType":"0","OpCode":"Info","TaskCategory":"Process Termination"}}
