{"activity_id":1,"activity_name":"Logon","actor":{"process":{"file":{"name":"","path":"","type":"Regular File","type_id":1},"pid":4},"session":{"uid":"0x2B1AE6","uuid":"{AF4D94F5-684F-7425-C40B-908B750472DB}"},"user":{"account":{"name":"reed_fernandez","type":"Windows Account","type_id":2,"uid":"ATTACKRANGE\\REED_FERNANDEZ"},"domain":"ATTACKRANGE","name":"reed_fernandez","uid":"ATTACKRANGE\\REED_FERNANDEZ"}},"category_name":"Identity & Access Management","category_uid":3,"class_name":"Authentication","class_uid":3002,"device":{"hostname":"win-host-816.attackrange.local","os":{"name":"Windows","type":"Windows","type_id":100},"type":"Unknown","type_id":0},"dst_endpoint":{"hostname":"win-dc-697.attackrange.local"},"message":"A logon was attempted using explicit credentials.","metadata":{"event_code":"4648","log_name":"Security","log_provider":"Microsoft Windows security auditing.","original_time":"04/20/2021 09:11:57 PM","product":{"name":"Microsoft Windows","vendor_name":"Microsoft"},"profiles":["host"],"sequence":1306902,"uid":"2b4e79c060189af8e6816f7e4e7d27b5","version":"1.4.0"},"observables":[{"name":"device","type":"Endpoint","type_id":20},{"name":"device.hostname","type":"Hostname","type_id":1,"value":"win-host-816.attackrange.local"},{"name":"src_endpoint","type":"Endpoint","type_id":20},{"name":"src_endpoint.ip","type":"IP Address","type_id":2,"value":"10.0.1.14"},{"name":"src_endpoint.port","type":"Port","type_id":11,"value":"445"},{"name":"user","type":"User","type_id":21},{"name":"user.account.uid","type":"Account Object: uid","type_id":35,"value":"{00000000-0000-0000-0000-000000000000}"},{"name":"user.account.name","type":"Account Object: name","type_id":34,"value":"4388709517SA"},{"name":"user.name","type":"User Name","type_id":4,"value":"4388709517SA"},{"name":"user.uid","type":"User Object: uid","type_id":31,"value":"{00000000-0000-0000-0000-000000000000}"},{"name":"dst_endpoint","type":"Endpoint","type_id":20},{"name":"dst_endpoint.hostname","type":"Hostname","type_id":1,"value":"win-dc-697.attackrange.local"},{"name":"actor.process","type":"Process","type_id":25},{"name":"actor.process.file","type":"File","type_id":24},{"name":"actor.process.pid","type":"Process ID","type_id":15,"value":"4"},{"name":"actor.user","type":"User","type_id":21},{"name":"actor.user.account.uid","type":"Account Object: uid","type_id":35,"value":"ATTACKRANGE\\REED_FERNANDEZ"},{"name":"actor.user.account.name","type":"Account Object: name","type_id":34,"value":"reed_fernandez"},{"name":"actor.user.uid","type":"User Object: uid","type_id":31,"value":"ATTACKRANGE\\REED_FERNANDEZ"},{"name":"actor.user.name","type":"User Name","type_id":4,"value":"reed_fernandez"}],"raw_data":"04/20/2021 09:11:57 PM\nLogName=Security\nSourceName=Microsoft Windows security auditing.\nEventCode=4648\nEventType=0\nType=Information\nComputerName=win-host-816.attackrange.local\nTaskCategory=Logon\nOpCode=Info\nRecordNumber=1306902\nKeywords=Audit Success\nMessage=A logon was attempted using explicit credentials.\nSubject:\n\tSecurity ID:\t\tATTACKRANGE\\REED_FERNANDEZ\n\tAccount Name:\t\treed_fernandez\n\tAccount Domain:\t\tATTACKRANGE\n\tLogon ID:\t\t0x2B1AE6\n\tLogon GUID:\t\t{AF4D94F5-684F-7425-C40B-908B750472DB}\nAccount Whose Credentials Were Used:\n\tAccount Name:\t\t4388709517SA\n\tAccount Domain:\t\tattackrange.local\n\tLogon GUID:\t\t{00000000-0000-0000-0000-000000000000}\nTarget Server:\n\tTarget Server Name:\twin-dc-697.attackrange.local\n\tAdditional Information:\twin-dc-697.attackrange.local\nProcess Information:\n\tProcess ID:\t\t0x4\n\tProcess Name:\t\t\nNetwork Information:\n\tNetwork Address:\t10.0.1.14\n\tPort:\t\t\t445\nThis event is generated when a process attempts to log on an account by explicitly specifying that accounts credentials.  This most commonly occurs in batch-type configurations such as scheduled tasks, or when using the RUNAS command.","severity":"Informational","severity_id":1,"src_endpoint":{"ip":"10.0.1.14","port":445},"status":"Success","status_id":1,"time":1618953117000,"type_name":"Authentication: Logon","type_uid":300201,"unmapped":{"EventType":"0","OpCode":"Info","Target Server":{"Additional Information":"win-dc-697.attackrange.local"},"TaskCategory":"Logon"},"user":{"account":{"name":"4388709517SA","type":"Windows Account","type_id":2,"uid":"{00000000-0000-0000-0000-000000000000}"},"domain":"attackrange.local","name":"4388709517SA","uid":"{00000000-0000-0000-0000-000000000000}"}}
{"activity_id":1,"activity_name":"Logon","actor":{"process":{"file":{"name":"","path":"","type":"Regular File","type_id":1},"pid":4},"session":{"uid":"0x2B1AE6","uuid":"{AF4D94F5-684F-7425-C40B-908B750472DB}"},"user":{"account":{"name":"reed_fernandez","type":"Windows Account","type_id":2,"uid":"ATTACKRANGE\\REED_FERNANDEZ"},"domain":"ATTACKRANGE","name":"reed_fernandez","uid":"ATTACKRANGE\\REED_FERNANDEZ"}},"category_name":"Identity & Access Management","category_uid":3,"class_name":"Authentication","class_uid":3002,"device":{"hostname":"win-host-816.attackrange.local","os":{"name":"Windows","type":"Windows","type_id":100},"type":"Unknown","type_id":0},"dst_endpoint":{"hostname":"win-dc-697.attackrange.local"},"message":"A logon was attempted using explicit credentials.","metadata":{"event_code":"4648","log_name":"Security","log_provider":"Microsoft Windows security auditing.","original_time":"04/20/2021 09:11:20 PM","product":{"name":"Microsoft Windows","vendor_name":"Microsoft"},"profiles":["host"],"sequence":1306841,"uid":"dd8fa8175e2a97f15e39b9f0ced310cb","version":"1.4.0"},"observables":[{"name":"user","type":"User","type_id":21},{"name":"user.account.uid","type":"Account Object: uid","type_id":35,"value":"{00000000-0000-0000-0000-000000000000}"},{"name":"user.account.name","type":"Account Object: name","type_id":34,"value":"JANIS_SKINNER"},{"name":"user.name","type":"User Name","type_id":4,"value":"JANIS_SKINNER"},{"name":"user.uid","type":"User Object: uid","type_id":31,"value":"{00000000-0000-0000-0000-000000000000}"},{"name":"actor.process","type":"Process","type_id":25},{"name":"actor.process.pid","type":"Process ID","type_id":15,"value":"4"},{"name":"actor.process.file","type":"File","type_id":24},{"name":"actor.user","type":"User","type_id":21},{"name":"actor.user.uid","type":"User Object: uid","type_id":31,"value":"ATTACKRANGE\\REED_FERNANDEZ"},{"name":"actor.user.name","type":"User Name","type_id":4,"value":"reed_fernandez"},{"name":"actor.user.account.uid","type":"Account Object: uid","type_id":35,"value":"ATTACKRANGE\\REED_FERNANDEZ"},{"name":"actor.user.account.name","type":"Account Object: name","type_id":34,"value":"reed_fernandez"},{"name":"device","type":"Endpoint","type_id":20},{"name":"device.hostname","type":"Hostname","type_id":1,"value":"win-host-816.attackrange.local"},{"name":"src_endpoint","type":"Endpoint","type_id":20},{"name":"src_endpoint.ip","type":"IP Address","type_id":2,"value":"10.0.1.14"},{"name":"src_endpoint.port","type":"Port","type_id":11,"value":"445"},{"name":"dst_endpoint","type":"Endpoint","type_id":20},{"name":"dst_endpoint.hostname","type":"Hostname","type_id":1,"value":"win-dc-697.attackrange.local"}],"raw_data":"04/20/2021 09:11:20 PM\nLogName=Security\nSourceName=Microsoft Windows security auditing.\nEventCode=4648\nEventType=0\nType=Information\nComputerName=win-host-816.attackrange.local\nTaskCategory=Logon\nOpCode=Info\nRecordNumber=1306841\nKeywords=Audit Success\nMessage=A logon was attempted using explicit credentials.\nSubject:\n\tSecurity ID:\t\tATTACKRANGE\\REED_FERNANDEZ\n\tAccount Name:\t\treed_fernandez\n\tAccount Domain:\t\tATTACKRANGE\n\tLogon ID:\t\t0x2B1AE6\n\tLogon GUID:\t\t{AF4D94F5-684F-7425-C40B-908B750472DB}\nAccount Whose Credentials Were Used:\n\tAccount Name:\t\tJANIS_SKINNER\n\tAccount Domain:\t\tattackrange.local\n\tLogon GUID:\t\t{00000000-0000-0000-0000-000000000000}\nTarget Server:\n\tTarget Server Name:\twin-dc-697.attackrange.local\n\tAdditional Information:\twin-dc-697.attackrange.local\nProcess Information:\n\tProcess ID:\t\t0x4\n\tProcess Name:\t\t\nNetwork Information:\n\tNetwork Address:\t10.0.1.14\n\tPort:\t\t\t445\nThis event is generated when a process attempts to log on an account by explicitly specifying that accounts credentials.  This most commonly occurs in batch-type configurations such as scheduled tasks, or when using the RUNAS command.","severity":"Informational","severity_id":1,"src_endpoint":{"ip":"10.0.1.14","port":445},"status":"Success","status_id":1,"time":1618953080000,"type_name":"Authentication: Logon","type_uid":300201,"unmapped":{"EventType":"0","OpCode":"Info","Target Server":{"Additional Information":"win-dc-697.attackrange.local"},"TaskCategory":"Logon"},"user":{"account":{"name":"JANIS_SKINNER","type":"Windows Account","type_id":2,"uid":"{00000000-0000-0000-0000-000000000000}"},"domain":"attackrange.local","name":"JANIS_SKINNER","uid":"{00000000-0000-0000-0000-000000000000}"}}
{"activity_id":1,"activity_name":"Logon","actor":{"process":{"file":{"name":"","path":"","type":"Regular File","type_id":1},"pid":4},"session":{"uid":"0x2B1AE6","uuid":"{AF4D94F5-684F-7425-C40B-908B750472DB}"},"user":{"account":{"name":"reed_fernandez","type":"Windows Account","type_id":2,"uid":"ATTACKRANGE\\REED_FERNANDEZ"},"domain":"ATTACKRANGE","name":"reed_fernandez","uid":"ATTACKRANGE\\REED_FERNANDEZ"}},"category_name":"Identity & Access Management","category_uid":3,"class_name":"Authentication","class_uid":3002,"device":{"hostname":"win-host-816.attackrange.local","os":{"name":"Windows","type":"Windows","type_id":100},"type":"Unknown","type_id":0},"dst_endpoint":{"hostname":"win-dc-697.attackrange.local"},"message":"A logon was attempted using explicit credentials.","metadata":{"event_code":"4648","log_name":"Security","log_provider":"Microsoft Windows security auditing.","original_time":"04/20/2021 09:11:18 PM","product":{"name":"Microsoft Windows","vendor_name":"Microsoft"},"profiles":["host"],"sequence":1306838,"uid":"ea5534ea8f391391e3f3d9d817b4303c","version":"1.4.0"},"observables":[{"name":"device","type":"Endpoint","type_id":20},{"name":"device.hostname","type":"Hostname","type_id":1,"value":"win-host-816.attackrange.local"},{"name":"src_endpoint","type":"Endpoint","type_id":20},{"name":"src_endpoint.ip","type":"IP Address","type_id":2,"value":"10.0.1.14"},{"name":"src_endpoint.port","type":"Port","type_id":11,"value":"445"},{"name":"user","type":"User","type_id":21},{"name":"user.account.uid","type":"Account Object: uid","type_id":35,"value":"{00000000-0000-0000-0000-000000000000}"},{"name":"user.account.name","type":"Account Object: name","type_id":34,"value":"KERRI_RIVERS"},{"name":"user.name","type":"User Name","type_id":4,"value":"KERRI_RIVERS"},{"name":"user.uid","type":"User Object: uid","type_id":31,"value":"{00000000-0000-0000-0000-000000000000}"},{"name":"actor.process","type":"Process","type_id":25},{"name":"actor.process.pid","type":"Process ID","type_id":15,"value":"4"},{"name":"actor.process.file","type":"File","type_id":24},{"name":"actor.user","type":"User","type_id":21},{"name":"actor.user.account.uid","type":"Account Object: uid","type_id":35,"value":"ATTACKRANGE\\REED_FERNANDEZ"},{"name":"actor.user.account.name","type":"Account Object: name","type_id":34,"value":"reed_fernandez"},{"name":"actor.user.uid","type":"User Object: uid","type_id":31,"value":"ATTACKRANGE\\REED_FERNANDEZ"},{"name":"actor.user.name","type":"User Name","type_id":4,"value":"reed_fernandez"},{"name":"dst_endpoint","type":"Endpoint","type_id":20},{"name":"dst_endpoint.hostname","type":"Hostname","type_id":1,"value":"win-dc-697.attackrange.local"}],"raw_data":"04/20/2021 09:11:18 PM\nLogName=Security\nSourceName=Microsoft Windows security auditing.\nEventCode=4648\nEventType=0\nType=Information\nComputerName=win-host-816.attackrange.local\nTaskCategory=Logon\nOpCode=Info\nRecordNumber=1306838\nKeywords=Audit Success\nMessage=A logon was attempted using explicit credentials.\nSubject:\n\tSecurity ID:\t\tATTACKRANGE\\REED_FERNANDEZ\n\tAccount Name:\t\treed_fernandez\n\tAccount Domain:\t\tATTACKRANGE\n\tLogon ID:\t\t0x2B1AE6\n\tLogon GUID:\t\t{AF4D94F5-684F-7425-C40B-908B750472DB}\nAccount Whose Credentials Were Used:\n\tAccount Name:\t\tKERRI_RIVERS\n\tAccount Domain:\t\tattackrange.local\n\tLogon GUID:\t\t{00000000-0000-0000-0000-000000000000}\nTarget Server:\n\tTarget Server Name:\twin-dc-697.attackrange.local\n\tAdditional Information:\twin-dc-697.attackrange.local\nProcess Information:\n\tProcess ID:\t\t0x4\n\tProcess Name:\t\t\nNetwork Information:\n\tNetwork Address:\t10.0.1.14\n\tPort:\t\t\t445\nThis event is generated when a process attempts to log on an account by explicitly specifying that accounts credentials.  This most commonly occurs in batch-type configurations such as scheduled tasks, or when using the RUNAS command.","severity":"Informational","severity_id":1,"src_endpoint":{"ip":"10.0.1.14","port":445},"status":"Success","status_id":1,"time":1618953078000,"type_name":"Authentication: Logon","type_uid":300201,"unmapped":{"EventType":"0","OpCode":"Info","Target Server":{"Additional Information":"win-dc-697.attackrange.local"},"TaskCategory":"Logon"},"user":{"account":{"name":"KERRI_RIVERS","type":"Windows Account","type_id":2,"uid":"{00000000-0000-0000-0000-000000000000}"},"domain":"attackrange.local","name":"KERRI_RIVERS","uid":"{00000000-0000-0000-0000-000000000000}"}}
{"activity_id":1,"activity_name":"Logon","actor":{"process":{"file":{"name":"","path":"","type":"Regular File","type_id":1},"pid":4},"session":{"uid":"0x2B1AE6","uuid":"{AF4D94F5-684F-7425-C40B-908B750472DB}"},"user":{"account":{"name":"reed_fernandez","type":"Windows Account","type_id":2,"uid":"ATTACKRANGE\\REED_FERNANDEZ"},"domain":"ATTACKRANGE","name":"reed_fernandez","uid":"ATTACKRANGE\\REED_FERNANDEZ"}},"category_name":"Identity & Access Management","category_uid":3,"class_name":"Authentication","class_uid":3002,"device":{"hostname":"win-host-816.attackrange.local","os":{"name":"Windows","type":"Windows","type_id":100},"type":"Unknown","type_id":0},"dst_endpoint":{"hostname":"win-dc-697.attackrange.local"},"message":"A logon was attempted using explicit credentials.","metadata":{"event_code":"4648","log_name":"Security","log_provider":"Microsoft Windows security auditing.","original_time":"04/20/2021 09:11:33 PM","product":{"name":"Microsoft Windows","vendor_name":"Microsoft"},"profiles":["host"],"sequence":1306868,"uid":"d0e3af91b4dadc43e50c7a62c1a69b2b","version":"1.4.0"},"observables":[{"name":"dst_endpoint","type":"Endpoint","type_id":20},{"name":"dst_endpoint.hostname","type":"Hostname","type_id":1,"value":"win-dc-697.attackrange.local"},{"name":"actor.process","type":"Process","type_id":25},{"name":"actor.process.pid","type":"Process ID","type_id":15,"value":"4"},{"name":"actor.process.file","type":"File","type_id":24},{"name":"actor.user","type":"User","type_id":21},{"name":"actor.user.account.uid","type":"Account Object: uid","type_id":35,"value":"ATTACKRANGE\\REED_FERNANDEZ"},{"name":"actor.user.account.name","type":"Account Object: name","type_id":34,"value":"reed_fernandez"},{"name":"actor.user.uid","type":"User Object: uid","type_id":31,"value":"ATTACKRANGE\\REED_FERNANDEZ"},{"name":"actor.user.name","type":"User Name","type_id":4,"value":"reed_fernandez"},{"name":"device","type":"Endpoint","type_id":20},{"name":"device.hostname","type":"Hostname","type_id":1,"value":"win-host-816.attackrange.local"},{"name":"user","type":"User","type_id":21},{"name":"user.account.uid","type":"Account Object: uid","type_id":35,"value":"{00000000-0000-0000-0000-000000000000}"},{"name":"user.account.name","type":"Account Object: name","type_id":34,"value":"NORRIS_MOORE"},{"name":"user.name","type":"User Name","type_id":4,"value":"NORRIS_MOORE"},{"name":"user.uid","type":"User Object: uid","type_id":31,"value":"{00000000-0000-0000-0000-000000000000}"},{"name":"src_endpoint","type":"Endpoint","type_id":20},{"name":"src_endpoint.ip","type":"IP Address","type_id":2,"value":"10.0.1.14"},{"name":"src_endpoint.port","type":"Port","type_id":11,"value":"445"}],"raw_data":"04/20/2021 09:11:33 PM\nLogName=Security\nSourceName=Microsoft Windows security auditing.\nEventCode=4648\nEventType=0\nType=Information\nComputerName=win-host-816.attackrange.local\nTaskCategory=Logon\nOpCode=Info\nRecordNumber=1306868\nKeywords=Audit Success\nMessage=A logon was attempted using explicit credentials.\nSubject:\n\tSecurity ID:\t\tATTACKRANGE\\REED_FERNANDEZ\n\tAccount Name:\t\treed_fernandez\n\tAccount Domain:\t\tATTACKRANGE\n\tLogon ID:\t\t0x2B1AE6\n\tLogon GUID:\t\t{AF4D94F5-684F-7425-C40B-908B750472DB}\nAccount Whose Credentials Were Used:\n\tAccount Name:\t\tNORRIS_MOORE\n\tAccount Domain:\t\tattackrange.local\n\tLogon GUID:\t\t{00000000-0000-0000-0000-000000000000}\nTarget Server:\n\tTarget Server Name:\twin-dc-697.attackrange.local\n\tAdditional Information:\twin-dc-697.attackrange.local\nProcess Information:\n\tProcess ID:\t\t0x4\n\tProcess Name:\t\t\nNetwork Information:\n\tNetwork Address:\t10.0.1.14\n\tPort:\t\t\t445\nThis event is generated when a process attempts to log on an account by explicitly specifying that accounts credentials.  This most commonly occurs in batch-type configurations such as scheduled tasks, or when using the RUNAS command.","severity":"Informational","severity_id":1,"src_endpoint":{"ip":"10.0.1.14","port":445},"status":"Success","status_id":1,"time":1618953093000,"type_name":"Authentication: Logon","type_uid":300201,"unmapped":{"EventType":"0","OpCode":"Info","Target Server":{"Additional Information":"win-dc-697.attackrange.local"},"TaskCategory":"Logon"},"user":{"account":{"name":"NORRIS_MOORE","type":"Windows Account","type_id":2,"uid":"{00000000-0000-0000-0000-000000000000}"},"domain":"attackrange.local","name":"NORRIS_MOORE","uid":"{00000000-0000-0000-0000-000000000000}"}}
{"activity_id":1,"activity_name":"Logon","actor":{"process":{"file":{"name":"","path":"","type":"Regular File","type_id":1},"pid":4},"session":{"uid":"0x2B1AE6","uuid":"{AF4D94F5-684F-7425-C40B-908B750472DB}"},"user":{"account":{"name":"reed_fernandez","type":"Windows Account","type_id":2,"uid":"ATTACKRANGE\\REED_FERNANDEZ"},"domain":"ATTACKRANGE","name":"reed_fernandez","uid":"ATTACKRANGE\\REED_FERNANDEZ"}},"category_name":"Identity & Access Management","category_uid":3,"class_name":"Authentication","class_uid":3002,"device":{"hostname":"win-host-816.attackrange.local","os":{"name":"Windows","type":"Windows","type_id":100},"type":"Unknown","type_id":0},"dst_endpoint":{"hostname":"win-dc-697.attackrange.local"},"message":"A logon was attempted using explicit credentials.","metadata":{"event_code":"4648","log_name":"Security","log_provider":"Microsoft Windows security auditing.","original_time":"04/20/2021 09:11:31 PM","product":{"name":"Microsoft Windows","vendor_name":"Microsoft"},"profiles":["host"],"sequence":1306865,"uid":"5f9a566f6e02a364bc4fbade08cbbbf2","version":"1.4.0"},"observables":[{"name":"device","type":"Endpoint","type_id":20},{"name":"device.hostname","type":"Hostname","type_id":1,"value":"win-host-816.attackrange.local"},{"name":"dst_endpoint","type":"Endpoint","type_id":20},{"name":"dst_endpoint.hostname","type":"Hostname","type_id":1,"value":"win-dc-697.attackrange.local"},{"name":"user","type":"User","type_id":21},{"name":"user.account.uid","type":"Account Object: uid","type_id":35,"value":"{00000000-0000-0000-0000-000000000000}"},{"name":"user.account.name","type":"Account Object: name","type_id":34,"value":"ROWENA_SANTOS"},{"name":"user.name","type":"User Name","type_id":4,"value":"ROWENA_SANTOS"},{"name":"user.uid","type":"User Object: uid","type_id":31,"value":"{00000000-0000-0000-0000-000000000000}"},{"name":"actor.process","type":"Process","type_id":25},{"name":"actor.process.pid","type":"Process ID","type_id":15,"value":"4"},{"name":"actor.process.file","type":"File","type_id":24},{"name":"actor.user","type":"User","type_id":21},{"name":"actor.user.name","type":"User Name","type_id":4,"value":"reed_fernandez"},{"name":"actor.user.account.name","type":"Account Object: name","type_id":34,"value":"reed_fernandez"},{"name":"actor.user.account.uid","type":"Account Object: uid","type_id":35,"value":"ATTACKRANGE\\REED_FERNANDEZ"},{"name":"actor.user.uid","type":"User Object: uid","type_id":31,"value":"ATTACKRANGE\\REED_FERNANDEZ"},{"name":"src_endpoint","type":"Endpoint","type_id":20},{"name":"src_endpoint.ip","type":"IP Address","type_id":2,"value":"10.0.1.14"},{"name":"src_endpoint.port","type":"Port","type_id":11,"value":"445"}],"raw_data":"04/20/2021 09:11:31 PM\nLogName=Security\nSourceName=Microsoft Windows security auditing.\nEventCode=4648\nEventType=0\nType=Information\nComputerName=win-host-816.attackrange.local\nTaskCategory=Logon\nOpCode=Info\nRecordNumber=1306865\nKeywords=Audit Success\nMessage=A logon was attempted using explicit credentials.\nSubject:\n\tSecurity ID:\t\tATTACKRANGE\\REED_FERNANDEZ\n\tAccount Name:\t\treed_fernandez\n\tAccount Domain:\t\tATTACKRANGE\n\tLogon ID:\t\t0x2B1AE6\n\tLogon GUID:\t\t{AF4D94F5-684F-7425-C40B-908B750472DB}\nAccount Whose Credentials Were Used:\n\tAccount Name:\t\tROWENA_SANTOS\n\tAccount Domain:\t\tattackrange.local\n\tLogon GUID:\t\t{00000000-0000-0000-0000-000000000000}\nTarget Server:\n\tTarget Server Name:\twin-dc-697.attackrange.local\n\tAdditional Information:\twin-dc-697.attackrange.local\nProcess Information:\n\tProcess ID:\t\t0x4\n\tProcess Name:\t\t\nNetwork Information:\n\tNetwork Address:\t10.0.1.14\n\tPort:\t\t\t445\nThis event is generated when a process attempts to log on an account by explicitly specifying that accounts credentials.  This most commonly occurs in batch-type configurations such as scheduled tasks, or when using the RUNAS command.","severity":"Informational","severity_id":1,"src_endpoint":{"ip":"10.0.1.14","port":445},"status":"Success","status_id":1,"time":1618953091000,"type_name":"Authentication: Logon","type_uid":300201,"unmapped":{"EventType":"0","OpCode":"Info","Target Server":{"Additional Information":"win-dc-697.attackrange.local"},"TaskCategory":"Logon"},"user":{"account":{"name":"ROWENA_SANTOS","type":"Windows Account","type_id":2,"uid":"{00000000-0000-0000-0000-000000000000}"},"domain":"attackrange.local","name":"ROWENA_SANTOS","uid":"{00000000-0000-0000-0000-000000000000}"}}
{"activity_id":1,"activity_name":"Logon","actor":{"process":{"file":{"name":"","path":"","type":"Regular File","type_id":1},"pid":4},"session":{"uid":"0x2B1AE6","uuid":"{AF4D94F5-684F-7425-C40B-908B750472DB}"},"user":{"account":{"name":"reed_fernandez","type":"Windows Account","type_id":2,"uid":"ATTACKRANGE\\REED_FERNANDEZ"},"domain":"ATTACKRANGE","name":"reed_fernandez","uid":"ATTACKRANGE\\REED_FERNANDEZ"}},"category_name":"Identity & Access Management","category_uid":3,"class_name":"Authentication","class_uid":3002,"device":{"hostname":"win-host-816.attackrange.local","os":{"name":"Windows","type":"Windows","type_id":100},"type":"Unknown","type_id":0},"dst_endpoint":{"hostname":"win-dc-697.attackrange.local"},"message":"A logon was attempted using explicit credentials.","metadata":{"event_code":"4648","log_name":"Security","log_provider":"Microsoft Windows security auditing.","original_time":"04/20/2021 09:11:28 PM","product":{"name":"Microsoft Windows","vendor_name":"Microsoft"},"profiles":["host"],"sequence":1306863,"uid":"3f80851ea2b67ed5857783552e8ab5ed","version":"1.4.0"},"observables":[{"name":"dst_endpoint","type":"Endpoint","type_id":20},{"name":"dst_endpoint.hostname","type":"Hostname","type_id":1,"value":"win-dc-697.attackrange.local"},{"name":"user","type":"User","type_id":21},{"name":"user.name","type":"User Name","type_id":4,"value":"REBEKAH_HAMMOND"},{"name":"user.uid","type":"User Object: uid","type_id":31,"value":"{00000000-0000-0000-0000-000000000000}"},{"name":"user.account.uid","type":"Account Object: uid","type_id":35,"value":"{00000000-0000-0000-0000-000000000000}"},{"name":"user.account.name","type":"Account Object: name","type_id":34,"value":"REBEKAH_HAMMOND"},{"name":"actor.process","type":"Process","type_id":25},{"name":"actor.process.pid","type":"Process ID","type_id":15,"value":"4"},{"name":"actor.process.file","type":"File","type_id":24},{"name":"actor.user","type":"User","type_id":21},{"name":"actor.user.name","type":"User Name","type_id":4,"value":"reed_fernandez"},{"name":"actor.user.account.uid","type":"Account Object: uid","type_id":35,"value":"ATTACKRANGE\\REED_FERNANDEZ"},{"name":"actor.user.account.name","type":"Account Object: name","type_id":34,"value":"reed_fernandez"},{"name":"actor.user.uid","type":"User Object: uid","type_id":31,"value":"ATTACKRANGE\\REED_FERNANDEZ"},{"name":"src_endpoint","type":"Endpoint","type_id":20},{"name":"src_endpoint.ip","type":"IP Address","type_id":2,"value":"10.0.1.14"},{"name":"src_endpoint.port","type":"Port","type_id":11,"value":"445"},{"name":"device","type":"Endpoint","type_id":20},{"name":"device.hostname","type":"Hostname","type_id":1,"value":"win-host-816.attackrange.local"}],"raw_data":"04/20/2021 09:11:28 PM\nLogName=Security\nSourceName=Microsoft Windows security auditing.\nEventCode=4648\nEventType=0\nType=Information\nComputerName=win-host-816.attackrange.local\nTaskCategory=Logon\nOpCode=Info\nRecordNumber=1306863\nKeywords=Audit Success\nMessage=A logon was attempted using explicit credentials.\nSubject:\n\tSecurity ID:\t\tATTACKRANGE\\REED_FERNANDEZ\n\tAccount Name:\t\treed_fernandez\n\tAccount Domain:\t\tATTACKRANGE\n\tLogon ID:\t\t0x2B1AE6\n\tLogon GUID:\t\t{AF4D94F5-684F-7425-C40B-908B750472DB}\nAccount Whose Credentials Were Used:\n\tAccount Name:\t\tREBEKAH_HAMMOND\n\tAccount Domain:\t\tattackrange.local\n\tLogon GUID:\t\t{00000000-0000-0000-0000-000000000000}\nTarget Server:\n\tTarget Server Name:\twin-dc-697.attackrange.local\n\tAdditional Information:\twin-dc-697.attackrange.local\nProcess Information:\n\tProcess ID:\t\t0x4\n\tProcess Name:\t\t\nNetwork Information:\n\tNetwork Address:\t10.0.1.14\n\tPort:\t\t\t445\nThis event is generated when a process attempts to log on an account by explicitly specifying that accounts credentials.  This most commonly occurs in batch-type configurations such as scheduled tasks, or when using the RUNAS command.","severity":"Informational","severity_id":1,"src_endpoint":{"ip":"10.0.1.14","port":445},"status":"Success","status_id":1,"time":1618953088000,"type_name":"Authentication: Logon","type_uid":300201,"unmapped":{"EventType":"0","OpCode":"Info","Target Server":{"Additional Information":"win-dc-697.attackrange.local"},"TaskCategory":"Logon"},"user":{"account":{"name":"REBEKAH_HAMMOND","type":"Windows Account","type_id":2,"uid":"{00000000-0000-0000-0000-000000000000}"},"domain":"attackrange.local","name":"REBEKAH_HAMMOND","uid":"{00000000-0000-0000-0000-000000000000}"}}
{"activity_id":1,"activity_name":"Logon","actor":{"process":{"file":{"name":"","path":"","type":"Regular File","type_id":1},"pid":4},"session":{"uid":"0x2B1AE6","uuid":"{AF4D94F5-684F-7425-C40B-908B750472DB}"},"user":{"account":{"name":"reed_fernandez","type":"Windows Account","type_id":2,"uid":"ATTACKRANGE\\REED_FERNANDEZ"},"domain":"ATTACKRANGE","name":"reed_fernandez","uid":"ATTACKRANGE\\REED_FERNANDEZ"}},"category_name":"Identity & Access Management","category_uid":3,"class_name":"Authentication","class_uid":3002,"device":{"hostname":"win-host-816.attackrange.local","os":{"name":"Windows","type":"Windows","type_id":100},"type":"Unknown","type_id":0},"dst_endpoint":{"hostname":"win-dc-697.attackrange.local"},"message":"A logon was attempted using explicit credentials.","metadata":{"event_code":"4648","log_name":"Security","log_provider":"Microsoft Windows security auditing.","original_time":"04/20/2021 09:11:26 PM","product":{"name":"Microsoft Windows","vendor_name":"Microsoft"},"profiles":["host"],"sequence":1306859,"uid":"bd615ab2148f0ef78d504aca6b5afb2d","version":"1.4.0"},"observables":[{"name":"dst_endpoint","type":"Endpoint","type_id":20},{"name":"dst_endpoint.hostname","type":"Hostname","type_id":1,"value":"win-dc-697.attackrange.local"},{"name":"actor.process","type":"Process","type_id":25},{"name":"actor.process.pid","type":"Process ID","type_id":15,"value":"4"},{"name":"actor.process.file","type":"File","type_id":24},{"name":"actor.user","type":"User","type_id":21},{"name":"actor.user.name","type":"User Name","type_id":4,"value":"reed_fernandez"},{"name":"actor.user.account.name","type":"Account Object: name","type_id":34,"value":"reed_fernandez"},{"name":"actor.user.account.uid","type":"Account Object: uid","type_id":35,"value":"ATTACKRANGE\\REED_FERNANDEZ"},{"name":"actor.user.uid","type":"User Object: uid","type_id":31,"value":"ATTACKRANGE\\REED_FERNANDEZ"},{"name":"src_endpoint","type":"Endpoint","type_id":20},{"name":"src_endpoint.ip","type":"IP Address","type_id":2,"value":"10.0.1.14"},{"name":"src_endpoint.port","type":"Port","type_id":11,"value":"445"},{"name":"user","type":"User","type_id":21},{"name":"user.uid","type":"User Object: uid","type_id":31,"value":"{00000000-0000-0000-0000-000000000000}"},{"name":"user.account.uid","type":"Account Object: uid","type_id":35,"value":"{00000000-0000-0000-0000-000000000000}"},{"name":"user.account.name","type":"Account Object: name","type_id":34,"value":"LUCIEN_SULLIVAN"},{"name":"user.name","type":"User Name","type_id":4,"value":"LUCIEN_SULLIVAN"},{"name":"device","type":"Endpoint","type_id":20},{"name":"device.hostname","type":"Hostname","type_id":1,"value":"win-host-816.attackrange.local"}],"raw_data":"04/20/2021 09:11:26 PM\nLogName=Security\nSourceName=Microsoft Windows security auditing.\nEventCode=4648\nEventType=0\nType=Information\nComputerName=win-host-816.attackrange.local\nTaskCategory=Logon\nOpCode=Info\nRecordNumber=1306859\nKeywords=Audit Success\nMessage=A logon was attempted using explicit credentials.\nSubject:\n\tSecurity ID:\t\tATTACKRANGE\\REED_FERNANDEZ\n\tAccount Name:\t\treed_fernandez\n\tAccount Domain:\t\tATTACKRANGE\n\tLogon ID:\t\t0x2B1AE6\n\tLogon GUID:\t\t{AF4D94F5-684F-7425-C40B-908B750472DB}\nAccount Whose Credentials Were Used:\n\tAccount Name:\t\tLUCIEN_SULLIVAN\n\tAccount Domain:\t\tattackrange.local\n\tLogon GUID:\t\t{00000000-0000-0000-0000-000000000000}\nTarget Server:\n\tTarget Server Name:\twin-dc-697.attackrange.local\n\tAdditional Information:\twin-dc-697.attackrange.local\nProcess Information:\n\tProcess ID:\t\t0x4\n\tProcess Name:\t\t\nNetwork Information:\n\tNetwork Address:\t10.0.1.14\n\tPort:\t\t\t445\nThis event is generated when a process attempts to log on an account by explicitly specifying that accounts credentials.  This most commonly occurs in batch-type configurations such as scheduled tasks, or when using the RUNAS command.","severity":"Informational","severity_id":1,"src_endpoint":{"ip":"10.0.1.14","port":445},"status":"Success","status_id":1,"time":1618953086000,"type_name":"Authentication: Logon","type_uid":300201,"unmapped":{"EventType":"0","OpCode":"Info","Target Server":{"Additional Information":"win-dc-697.attackrange.local"},"TaskCategory":"Logon"},"user":{"account":{"name":"LUCIEN_SULLIVAN","type":"Windows Account","type_id":2,"uid":"{00000000-0000-0000-0000-000000000000}"},"domain":"attackrange.local","name":"LUCIEN_SULLIVAN","uid":"{00000000-0000-0000-0000-000000000000}"}}
{"activity_id":1,"activity_name":"Logon","actor":{"process":{"file":{"name":"","path":"","type":"Regular File","type_id":1},"pid":4},"session":{"uid":"0x2B1AE6","uuid":"{AF4D94F5-684F-7425-C40B-908B750472DB}"},"user":{"account":{"name":"reed_fernandez","type":"Windows Account","type_id":2,"uid":"ATTACKRANGE\\REED_FERNANDEZ"},"domain":"ATTACKRANGE","name":"reed_fernandez","uid":"ATTACKRANGE\\REED_FERNANDEZ"}},"category_name":"Identity & Access Management","category_uid":3,"class_name":"Authentication","class_uid":3002,"device":{"hostname":"win-host-816.attackrange.local","os":{"name":"Windows","type":"Windows","type_id":100},"type":"Unknown","type_id":0},"dst_endpoint":{"hostname":"win-dc-697.attackrange.local"},"message":"A logon was attempted using explicit credentials.","metadata":{"event_code":"4648","log_name":"Security","log_provider":"Microsoft Windows security auditing.","original_time":"04/20/2021 09:11:41 PM","product":{"name":"Microsoft Windows","vendor_name":"Microsoft"},"profiles":["host"],"sequence":1306883,"uid":"b7cffe1a75bf29d5184904697a4d5fbc","version":"1.4.0"},"observables":[{"name":"src_endpoint","type":"Endpoint","type_id":20},{"name":"src_endpoint.ip","type":"IP Address","type_id":2,"value":"10.0.1.14"},{"name":"src_endpoint.port","type":"Port","type_id":11,"value":"445"},{"name":"actor.user","type":"User","type_id":21},{"name":"actor.user.account.uid","type":"Account Object: uid","type_id":35,"value":"ATTACKRANGE\\REED_FERNANDEZ"},{"name":"actor.user.account.name","type":"Account Object: name","type_id":34,"value":"reed_fernandez"},{"name":"actor.user.uid","type":"User Object: uid","type_id":31,"value":"ATTACKRANGE\\REED_FERNANDEZ"},{"name":"actor.user.name","type":"User Name","type_id":4,"value":"reed_fernandez"},{"name":"actor.process","type":"Process","type_id":25},{"name":"actor.process.pid","type":"Process ID","type_id":15,"value":"4"},{"name":"actor.process.file","type":"File","type_id":24},{"name":"user","type":"User","type_id":21},{"name":"user.account.uid","type":"Account Object: uid","type_id":35,"value":"{00000000-0000-0000-0000-000000000000}"},{"name":"user.account.name","type":"Account Object: name","type_id":34,"value":"SANG_CANNON"},{"name":"user.name","type":"User Name","type_id":4,"value":"SANG_CANNON"},{"name":"user.uid","type":"User Object: uid","type_id":31,"value":"{00000000-0000-0000-0000-000000000000}"},{"name":"device","type":"Endpoint","type_id":20},{"name":"device.hostname","type":"Hostname","type_id":1,"value":"win-host-816.attackrange.local"},{"name":"dst_endpoint","type":"Endpoint","type_id":20},{"name":"dst_endpoint.hostname","type":"Hostname","type_id":1,"value":"win-dc-697.attackrange.local"}],"raw_data":"04/20/2021 09:11:41 PM\nLogName=Security\nSourceName=Microsoft Windows security auditing.\nEventCode=4648\nEventType=0\nType=Information\nComputerName=win-host-816.attackrange.local\nTaskCategory=Logon\nOpCode=Info\nRecordNumber=1306883\nKeywords=Audit Success\nMessage=A logon was attempted using explicit credentials.\nSubject:\n\tSecurity ID:\t\tATTACKRANGE\\REED_FERNANDEZ\n\tAccount Name:\t\treed_fernandez\n\tAccount Domain:\t\tATTACKRANGE\n\tLogon ID:\t\t0x2B1AE6\n\tLogon GUID:\t\t{AF4D94F5-684F-7425-C40B-908B750472DB}\nAccount Whose Credentials Were Used:\n\tAccount Name:\t\tSANG_CANNON\n\tAccount Domain:\t\tattackrange.local\n\tLogon GUID:\t\t{00000000-0000-0000-0000-000000000000}\nTarget Server:\n\tTarget Server Name:\twin-dc-697.attackrange.local\n\tAdditional Information:\twin-dc-697.attackrange.local\nProcess Information:\n\tProcess ID:\t\t0x4\n\tProcess Name:\t\t\nNetwork Information:\n\tNetwork Address:\t10.0.1.14\n\tPort:\t\t\t445\nThis event is generated when a process attempts to log on an account by explicitly specifying that accounts credentials.  This most commonly occurs in batch-type configurations such as scheduled tasks, or when using the RUNAS command.","severity":"Informational","severity_id":1,"src_endpoint":{"ip":"10.0.1.14","port":445},"status":"Success","status_id":1,"time":1618953101000,"type_name":"Authentication: Logon","type_uid":300201,"unmapped":{"EventType":"0","OpCode":"Info","Target Server":{"Additional Information":"win-dc-697.attackrange.local"},"TaskCategory":"Logon"},"user":{"account":{"name":"SANG_CANNON","type":"Windows Account","type_id":2,"uid":"{00000000-0000-0000-0000-000000000000}"},"domain":"attackrange.local","name":"SANG_CANNON","uid":"{00000000-0000-0000-0000-000000000000}"}}
{"activity_id":99,"activity_name":"Other","actor":{"process":{"file":{"name":"lsass.exe","parent_folder":"C:\\Windows\\System32","path":"C:\\Windows\\System32\\lsass.exe","type":"Regular File","type_id":1},"pid":492},"session":{"uid":"0x3e7"},"user":{"account":{"name":"STLDIRDC1$","type":"Windows Account","type_id":2,"uid":"NT AUTHORITY\\SYSTEM"},"domain":"DIR","name":"STLDIRDC1$","uid":"NT AUTHORITY\\SYSTEM"}},"category_name":"System Activity","category_uid":1,"class_name":"Windows Resource Activity","class_uid":201003,"device":{"hostname":"STLDIRDC1.dir.solutia.com","os":{"name":"Windows","type":"Windows","type_id":100},"type":"Unknown","type_id":0},"message":"A handle to an object was requested.","metadata":{"event_code":"4661","log_name":"Security","log_provider":"Microsoft Windows security auditing.","original_time":"01/09/2019 12:46:00 AM","product":{"name":"Microsoft Windows","vendor_name":"Microsoft"},"profiles":["host"],"sequence":3166250565,"uid":"8a6e5cde482cfc7e3d9b9bcf7f31ac0b","version":"1.4.0"},"observables":[{"name":"device","type":"Endpoint","type_id":20},{"name":"device.hostname","type":"Hostname","type_id":1,"value":"STLDIRDC1.dir.solutia.com"},{"name":"actor.process","type":"Process","type_id":25},{"name":"actor.process.pid","type":"Process ID","type_id":15,"value":"492"},{"name":"actor.process.file","type":"File","type_id":24},{"name":"actor.process.file.name","type":"File Name","type_id":7,"value":"lsass.exe"},{"name":"actor.user","type":"User","type_id":21},{"name":"actor.user.name","type":"User Name","type_id":4,"value":"STLDIRDC1$"},{"name":"actor.user.uid","type":"User Object: uid","type_id":31,"value":"NT AUTHORITY\\SYSTEM"},{"name":"actor.user.account.uid","type":"Account Object: uid","type_id":35,"value":"NT AUTHORITY\\SYSTEM"},{"name":"actor.user.account.name","type":"Account Object: name","type_id":34,"value":"STLDIRDC1$"}],"raw_data":"01/09/2019 12:46:00 AM\nLogName=Security\nSourceName=Microsoft Windows security auditing.\nEventCode=4661\nEventType=0\nType=Information\nComputerName=STLDIRDC1.dir.solutia.com\nTaskCategory=SAM\nOpCode=Info\nRecordNumber=3166250565\nKeywords=Audit Success\nMessage=A handle to an object was requested.\nSubject :\n\tSecurity ID:\t\tNT AUTHORITY\\SYSTEM\n\tAccount Name:\t\tSTLDIRDC1$\n\tAccount Domain:\t\tDIR\n\tLogon ID:\t\t0x3e7\nObject:\n\tObject Server:\tSecurity Account Manager\n\tObject Type:\tSAM_DOMAIN\n\tObject Name:\tDC=dir,DC=solutia,DC=com\n\tHandle ID:\t0x7f79620\nProcess Information:\n\tProcess ID:\t0x1ec\n\tProcess Name:\tC:\\Windows\\System32\\lsass.exe\nAccess Request Information:\n\tTransaction ID:\t{00000000-0000-0000-0000-000000000000}\n\tAccesses:\tDELETE\n\t\t\t\tREAD_CONTROL\n\t\t\t\tWRITE_DAC\n\t\t\t\tWRITE_OWNER\n\t\t\t\tReadPasswordParameters\n\t\t\t\tWritePasswordParameters\n\t\t\t\tReadOtherParameters\n\t\t\t\tWriteOtherParameters\n\t\t\t\tCreateUser\n\t\t\t\tCreateGlobalGroup\n\t\t\t\tCreateLocalGroup\n\t\t\t\tGetLocalGroupMembership\n\t\t\t\tListAccounts\n\n\tAccess Mask:\t0x2d\n\tPrivileges Used for Access Check:\t\\x0F-\n\tProperties:\t---\n\tdomain\nDELETE\nREAD_CONTROL\nWRITE_DAC\nWRITE_OWNER\nReadPasswordParameters\nWritePasswordParameters\nReadOtherParameters\nWriteOtherParameters\nCreateUser\nCreateGlobalGroup\nCreateLocalGroup\nGetLocalGroupMembership\nListAccounts\n\t\tDomain Password & Lockout Policies\n\t\t\tlockOutObservationWindow\n\t\t\tlockoutDuration\n\t\t\tlockoutThreshold\n\t\t\tmaxPwdAge\n\t\t\tminPwdAge\n\t\t\tminPwdLength\n\t\t\tpwdHistoryLength\n\t\t\tpwdProperties\n\t\tOther Domain Parameters (for use by SAM)\n\t\t\tserverState\n\t\t\tserverRole\n\t\t\tmodifiedCount\n\t\t\tuASCompat\n\t\t\tforceLogoff\n\t\t\tdomainReplica\n\t\t\toEMInformation\n\t\tDomain Administer Server\n\tRestricted SID Count:\t0","severity":"Informational","severity_id":1,"status":"Success","status_id":1,"time":1546994760000,"type_name":"Windows Resource Activity: Other","type_uid":20100399,"unmapped":{"Access Request Information":{"Access Mask":"0x2d","Accesses":["DELETE","READ_CONTROL","WRITE_DAC","WRITE_OWNER","ReadPasswordParameters","WritePasswordParameters","ReadOtherParameters","WriteOtherParameters","CreateUser","CreateGlobalGroup","CreateLocalGroup","GetLocalGroupMembership","ListAccounts"],"Privileges Used for Access Check":"\\x0F-","Properties":["---","domain","DELETE","READ_CONTROL","WRITE_DAC","WRITE_OWNER","ReadPasswordParameters","WritePasswordParameters","ReadOtherParameters","WriteOtherParameters","CreateUser","CreateGlobalGroup","CreateLocalGroup","GetLocalGroupMembership","ListAccounts","Domain Password & Lockout Policies","lockOutObservationWindow","lockoutDuration","lockoutThreshold","maxPwdAge","minPwdAge","minPwdLength","pwdHistoryLength","pwdProperties","Other Domain Parameters (for use by SAM)","serverState","serverRole","modifiedCount","uASCompat","forceLogoff","domainReplica","oEMInformation","Domain Administer Server"],"Restricted SID Count":"0","Transaction ID":"{00000000-0000-0000-0000-000000000000}"},"EventType":"0","Object":{"Object Server":"Security Account Manager"},"OpCode":"Info","TaskCategory":"SAM"},"win_resource":{"name":"DC=dir,DC=solutia,DC=com","type":"SAM_DOMAIN","type_id":36,"uid":"0x7f79620"}}
{"activity_id":99,"activity_name":"Other","actor":{"process":{"file":{"name":"lsass.exe","parent_folder":"C:\\Windows\\System32","path":"C:\\Windows\\System32\\lsass.exe","type":"Regular File","type_id":1},"pid":492},"session":{"uid":"0xce383f52"},"user":{"account":{"name":"qqwu","type":"Windows Account","type_id":2,"uid":"SOI\\qqwu"},"domain":"SOI","name":"qqwu","uid":"SOI\\qqwu"}},"category_name":"System Activity","category_uid":1,"class_name":"Windows Resource Activity","class_uid":201003,"device":{"hostname":"STLDIRDC1.dir.acme080.com","os":{"name":"Windows","type":"Windows","type_id":100},"type":"Unknown","type_id":0},"message":"A handle to an object was requested.","metadata":{"event_code":"4661","log_name":"Security","log_provider":"Microsoft Windows security auditing.","original_time":"01/14/2015 10:46:09 AM","product":{"name":"Microsoft Windows","vendor_name":"Microsoft"},"profiles":["host"],"sequence":3172128408,"uid":"6092dcfd92a7c4d8cc456336d101b7ba","version":"1.4.0"},"observables":[{"name":"actor.user","type":"User","type_id":21},{"name":"actor.user.name","type":"User Name","type_id":4,"value":"qqwu"},{"name":"actor.user.uid","type":"User Object: uid","type_id":31,"value":"SOI\\qqwu"},{"name":"actor.user.account.uid","type":"Account Object: uid","type_id":35,"value":"SOI\\qqwu"},{"name":"actor.user.account.name","type":"Account Object: name","type_id":34,"value":"qqwu"},{"name":"actor.process","type":"Process","type_id":25},{"name":"actor.process.pid","type":"Process ID","type_id":15,"value":"492"},{"name":"actor.process.file","type":"File","type_id":24},{"name":"actor.process.file.name","type":"File Name","type_id":7,"value":"lsass.exe"},{"name":"device","type":"Endpoint","type_id":20},{"name":"device.hostname","type":"Hostname","type_id":1,"value":"STLDIRDC1.dir.acme080.com"}],"raw_data":"01/14/2015 10:46:09 AM\nLogName=Security\nSourceName=Microsoft Windows security auditing.\nEventCode=4661\nEventType=0\nType=Information\nComputerName=STLDIRDC1.dir.acme080.com\nTaskCategory=SAM\nOpCode=Info\nRecordNumber=3172128408\nCaseID=AD_4661\nKeywords=Audit Success\nMessage=A handle to an object was requested.\nSubject :\n    Security ID:        SOI\\qqwu\n    Account Name:       qqwu\n    Account Domain:     SOI\n    Logon ID:       0xce383f52\nObject:\n    Object Server:  Security Account Manager\n    Object Type:    SAM_DOMAIN\n    Object Name:    DC=dir,DC=acme080,DC=com\n    Handle ID:  0x7f78630\nProcess Information:\n    Process ID: 0x1ec\n    Process Name:   C:\\Windows\\System32\\lsass.exe\nAccess Request Information:\n    Transaction ID: {00000000-0000-0000-0000-000000000000}\n    Accesses:   DELETE\n                READ_CONTROL\n                WRITE_DAC\n                WRITE_OWNER\n                ReadPasswordParameters\n                WritePasswordParameters\n                ReadOtherParameters\n                WriteOtherParameters\n                CreateUser\n                CreateGlobalGroup\n                CreateLocalGroup\n                GetLocalGroupMembership\n                ListAccounts\n\n    Access Mask:    0x2d\n    Privileges Used for Access Check:   \\x0F-\n    Properties: ---\n    domain\nDELETE\nREAD_CONTROL\nWRITE_DAC\nWRITE_OWNER\nReadPasswordParameters\nWritePasswordParameters\nReadOtherParameters\nWriteOtherParameters\nCreateUser\nCreateGlobalGroup\nCreateLocalGroup\nGetLocalGroupMembership\nListAccounts\n        Domain Password & Lockout Policies\n            lockOutObservationWindow\n            lockoutDuration\n            lockoutThreshold\n            maxPwdAge\n            minPwdAge\n            minPwdLength\n            pwdHistoryLength\n            pwdProperties\n        Other Domain Parameters (for use by SAM)\n            serverState\n            serverRole\n            modifiedCount\n            uASCompat\n            forceLogoff\n            domainReplica\n            oEMInformation\n        Domain Administer Server\n    Restricted SID Count:   0\n","severity":"Informational","severity_id":1,"status":"Success","status_id":1,"time":1421232369000,"type_name":"Windows Resource Activity: Other","type_uid":20100399,"unmapped":{"Access Request Information":{"Access Mask":"0x2d","Accesses":["DELETE","READ_CONTROL","WRITE_DAC","WRITE_OWNER","ReadPasswordParameters","WritePasswordParameters","ReadOtherParameters","WriteOtherParameters","CreateUser","CreateGlobalGroup","CreateLocalGroup","GetLocalGroupMembership","ListAccounts"],"Privileges Used for Access Check":"\\x0F-","Properties":["---","domain","DELETE","READ_CONTROL","WRITE_DAC","WRITE_OWNER","ReadPasswordParameters","WritePasswordParameters","ReadOtherParameters","WriteOtherParameters","CreateUser","CreateGlobalGroup","CreateLocalGroup","GetLocalGroupMembership","ListAccounts","Domain Password & Lockout Policies","lockOutObservationWindow","lockoutDuration","lockoutThreshold","maxPwdAge","minPwdAge","minPwdLength","pwdHistoryLength","pwdProperties","Other Domain Parameters (for use by SAM)","serverState","serverRole","modifiedCount","uASCompat","forceLogoff","domainReplica","oEMInformation","Domain Administer Server"],"Restricted SID Count":"0","Transaction ID":"{00000000-0000-0000-0000-000000000000}"},"CaseID":"AD_4661","EventType":"0","Object":{"Object Server":"Security Account Manager"},"OpCode":"Info","TaskCategory":"SAM"},"win_resource":{"name":"DC=dir,DC=acme080,DC=com","type":"SAM_DOMAIN","type_id":36,"uid":"0x7f78630"}}
