{"activity_id":1,"activity_name":"Launch","actor":{"process":{"file":{"name":"msfeedssync.exe","parent_folder":"C:\\Windows\\System32","path":"C:\\Windows\\System32\\msfeedssync.exe","type":"Regular File","type_id":1},"pid":4276},"session":{"uid":"0x17F8B2"},"user":{"account":{"name":"toscatemp","type":"Windows Account","type_id":2,"uid":"S-1-5-21-2170606699-4240534731-2165371287-1001"},"domain":"SPKWTE1PA02","name":"toscatemp","uid":"S-1-5-21-2170606699-4240534731-2165371287-1001"}},"category_name":"System Activity","category_uid":1,"class_name":"Process Activity","class_uid":1007,"device":{"hostname":"spkwte1pa02.sapapps.splunkopencloud.com","os":{"name":"Windows","type":"Windows","type_id":100},"type":"Unknown","type_id":0},"message":"A new process has been created.","metadata":{"event_code":"4688","log_name":"Security","log_provider":"Microsoft Windows security auditing.","original_time":"11/18/2021 09:44:46 PM","product":{"name":"Microsoft Windows","vendor_name":"Microsoft"},"profiles":["host"],"sequence":16708675,"uid":"44fe4821734663f0bfe1a161ceb6a0be","version":"1.4.0"},"observables":[{"name":"device","type":"Endpoint","type_id":20},{"name":"device.hostname","type":"Hostname","type_id":1,"value":"spkwte1pa02.sapapps.splunkopencloud.com"},{"name":"actor.process","type":"Process","type_id":25},{"name":"actor.process.file","type":"File","type_id":24},{"name":"actor.process.file.name","type":"File Name","type_id":7,"value":"msfeedssync.exe"},{"name":"actor.process.pid","type":"Process ID","type_id":15,"value":"4276"},{"name":"actor.user","type":"User","type_id":21},{"name":"actor.user.name","type":"User Name","type_id":4,"value":"toscatemp"},{"name":"actor.user.uid","type":"User Object: uid","type_id":31,"value":"S-1-5-21-2170606699-4240534731-2165371287-1001"},{"name":"actor.user.account.uid","type":"Account Object: uid","type_id":35,"value":"S-1-5-21-2170606699-4240534731-2165371287-1001"},{"name":"actor.user.account.name","type":"Account Object: name","type_id":34,"value":"toscatemp"},{"name":"process","type":"Process","type_id":25},{"name":"process.file","type":"File","type_id":24},{"name":"process.file.name","type":"File Name","type_id":7,"value":"ielowutil.exe"},{"name":"process.pid","type":"Process ID","type_id":15,"value":"10100"},{"name":"process.user","type":"User","type_id":21},{"name":"process.user.name","type":"User Name","type_id":4,"value":"-"},{"name":"process.user.uid","type":"User Object: uid","type_id":31,"value":"S-1-0-0"}],"process":{"cmd_line":"","file":{"name":"ielowutil.exe","parent_folder":"C:\\Program Files\\Internet Explorer","path":"C:\\Program Files\\Internet Explorer\\ielowutil.exe","type":"Regular File","type_id":1},"pid":10100,"session":{"uid":"0x0"},"user":{"domain":"-","name":"-","uid":"S-1-0-0"}},"raw_data":"11/18/2021 09:44:46 PM\nLogName=Security\nEventCode=4688\nEventType=0\nComputerName=spkwte1pa02.sapapps.splunkopencloud.com\nSourceName=Microsoft Windows security auditing.\nType=Information\nRecordNumber=16708675\nKeywords=Audit Success\nTaskCategory=Process Creation\nOpCode=Info\nMessage=A new process has been created.\n\nCreator Subject:\n\tSecurity ID:\t\tS-1-5-21-2170606699-4240534731-2165371287-1001\n\tAccount Name:\t\ttoscatemp\n\tAccount Domain:\t\tSPKWTE1PA02\n\tLogon ID:\t\t0x17F8B2\n\nTarget Subject:\n\tSecurity ID:\t\tS-1-0-0\n\tAccount Name:\t\t-\n\tAccount Domain:\t\t-\n\tLogon ID:\t\t0x0\n\nProcess Information:\n\tNew Process ID:\t\t0x2774\n\tNew Process Name:\tC:\\Program Files\\Internet Explorer\\ielowutil.exe\n\tToken Elevation Type:\t%%1938\n\tMandatory Label:\t\tS-1-16-4096\n\tCreator Process ID:\t0x10b4\n\tCreator Process Name:\tC:\\Windows\\System32\\msfeedssync.exe\n\tProcess Command Line:\t\n\nToken Elevation Type indicates the type of token that was assigned to the new process in accordance with User Account Control policy.\n\nType 1 is a full token with no privileges removed or groups disabled.  A full token is only used if User Account Control is disabled or if the user is the built-in Administrator account or a service account.\n\nType 2 is an elevated token with no privileges removed or groups disabled.  An elevated token is used when User Account Control is enabled and the user chooses to start the program using Run as administrator.  An elevated token is also used when an application is configured to always require administrative privilege or to always require maximum privilege, and the user is a member of the Administrators group.\n\nType 3 is a limited token with administrative privileges removed and administrative groups disabled.  The limited token is used when User Account Control is enabled, the application does not require administrative privilege, and the user does not choose to start the program using Run as administrator.","severity":"Informational","severity_id":1,"status":"Success","status_id":1,"time":1637271886000,"type_name":"Process Activity: Launch","type_uid":100701,"unmapped":{"EventType":"0","OpCode":"Info","Process Information":{"Mandatory Label":"S-1-16-4096","Token Elevation Type":"%%1938"},"TaskCategory":"Process Creation"}}
{"activity_id":1,"activity_name":"Launch","actor":{"process":{"file":{"name":"winlogon.exe","parent_folder":"C:\\Windows\\System32","path":"C:\\Windows\\System32\\winlogon.exe","type":"Regular File","type_id":1},"pid":9924},"session":{"uid":"0x3E7"},"user":{"account":{"name":"DESKTOP-RKA5U9P$","type":"Windows Account","type_id":2,"uid":"NT AUTHORITY\\SYSTEM"},"domain":"SPLUNKCORP","name":"DESKTOP-RKA5U9P$","uid":"NT AUTHORITY\\SYSTEM"}},"category_name":"System Activity","category_uid":1,"class_name":"Process Activity","class_uid":1007,"device":{"hostname":"DESKTOP-RKA5U9P.splunkcorp.com","os":{"name":"Windows","type":"Windows","type_id":100},"type":"Unknown","type_id":0},"message":"A new process has been created.","metadata":{"event_code":"4688","log_name":"Security","log_provider":"Microsoft Windows security auditing.","original_time":"11/18/2021 10:11:07 PM","product":{"name":"Microsoft Windows","vendor_name":"Microsoft"},"profiles":["host"],"sequence":1397695,"uid":"fdfa5fa8614f8db87940a351a87a7d3e","version":"1.4.0"},"observables":[{"name":"device","type":"Endpoint","type_id":20},{"name":"device.hostname","type":"Hostname","type_id":1,"value":"DESKTOP-RKA5U9P.splunkcorp.com"},{"name":"actor.process","type":"Process","type_id":25},{"name":"actor.process.pid","type":"Process ID","type_id":15,"value":"9924"},{"name":"actor.process.file","type":"File","type_id":24},{"name":"actor.process.file.name","type":"File Name","type_id":7,"value":"winlogon.exe"},{"name":"actor.user","type":"User","type_id":21},{"name":"actor.user.account.uid","type":"Account Object: uid","type_id":35,"value":"NT AUTHORITY\\SYSTEM"},{"name":"actor.user.account.name","type":"Account Object: name","type_id":34,"value":"DESKTOP-RKA5U9P$"},{"name":"actor.user.name","type":"User Name","type_id":4,"value":"DESKTOP-RKA5U9P$"},{"name":"actor.user.uid","type":"User Object: uid","type_id":31,"value":"NT AUTHORITY\\SYSTEM"},{"name":"process","type":"Process","type_id":25},{"name":"process.file","type":"File","type_id":24},{"name":"process.file.name","type":"File Name","type_id":7,"value":"dwm.exe"},{"name":"process.pid","type":"Process ID","type_id":15,"value":"6676"},{"name":"process.user","type":"User","type_id":21},{"name":"process.user.name","type":"User Name","type_id":4,"value":"DWM-17"},{"name":"process.user.uid","type":"User Object: uid","type_id":31,"value":"Window Manager\\DWM-17"}],"process":{"cmd_line":"","file":{"name":"dwm.exe","parent_folder":"C:\\Windows\\System32","path":"C:\\Windows\\System32\\dwm.exe","type":"Regular File","type_id":1},"pid":6676,"session":{"uid":"0xCA58F98"},"user":{"domain":"Window Manager","name":"DWM-17","uid":"Window Manager\\DWM-17"}},"raw_data":"11/18/2021 10:11:07 PM\nLogName=Security\nEventCode=4688\nEventType=0\nComputerName=DESKTOP-RKA5U9P.splunkcorp.com\nSourceName=Microsoft Windows security auditing.\nType=Information\nRecordNumber=1397695\nKeywords=Audit Success\nTaskCategory=Process Creation\nOpCode=Info\nMessage=A new process has been created.\n\nCreator Subject:\n\tSecurity ID:\t\tNT AUTHORITY\\SYSTEM\n\tAccount Name:\t\tDESKTOP-RKA5U9P$\n\tAccount Domain:\t\tSPLUNKCORP\n\tLogon ID:\t\t0x3E7\n\nTarget Subject:\n\tSecurity ID:\t\tWindow Manager\\DWM-17\n\tAccount Name:\t\tDWM-17\n\tAccount Domain:\t\tWindow Manager\n\tLogon ID:\t\t0xCA58F98\n\nProcess Information:\n\tNew Process ID:\t\t0x1a14\n\tNew Process Name:\tC:\\Windows\\System32\\dwm.exe\n\tToken Elevation Type:\t%%1938\n\tMandatory Label:\t\tMandatory Label\\System Mandatory Level\n\tCreator Process ID:\t0x26c4\n\tCreator Process Name:\tC:\\Windows\\System32\\winlogon.exe\n\tProcess Command Line:\t\n\nToken Elevation Type indicates the type of token that was assigned to the new process in accordance with User Account Control policy.\n\nType 1 is a full token with no privileges removed or groups disabled.  A full token is only used if User Account Control is disabled or if the user is the built-in Administrator account or a service account.\n\nType 2 is an elevated token with no privileges removed or groups disabled.  An elevated token is used when User Account Control is enabled and the user chooses to start the program using Run as administrator.  An elevated token is also used when an application is configured to always require administrative privilege or to always require maximum privilege, and the user is a member of the Administrators group.\n\nType 3 is a limited token with administrative privileges removed and administrative groups disabled.  The limited token is used when User Account Control is enabled, the application does not require administrative privilege, and the user does not choose to start the program using Run as administrator.","severity":"Informational","severity_id":1,"status":"Success","status_id":1,"time":1637273467000,"type_name":"Process Activity: Launch","type_uid":100701,"unmapped":{"EventType":"0","OpCode":"Info","Process Information":{"Mandatory Label":"Mandatory Label\\System Mandatory Level","Token Elevation Type":"%%1938"},"TaskCategory":"Process Creation"}}
{"activity_id":1,"activity_name":"Launch","actor":{"process":{"file":{"name":"svchost.exe","parent_folder":"C:\\Windows\\System32","path":"C:\\Windows\\System32\\svchost.exe","type":"Regular File","type_id":1},"pid":1300},"session":{"uid":"0x3E7"},"user":{"account":{"name":"SPKWTC1PA02$","type":"Windows Account","type_id":2,"uid":"S-1-5-18"},"domain":"SAPAPPS","name":"SPKWTC1PA02$","uid":"S-1-5-18"}},"category_name":"System Activity","category_uid":1,"class_name":"Process Activity","class_uid":1007,"device":{"hostname":"spkwtc1pa02.sapapps.splunkopencloud.com","os":{"name":"Windows","type":"Windows","type_id":100},"type":"Unknown","type_id":0},"message":"A new process has been created.","metadata":{"event_code":"4688","log_name":"Security","log_provider":"Microsoft Windows security auditing.","original_time":"11/18/2021 10:11:22 PM","product":{"name":"Microsoft Windows","vendor_name":"Microsoft"},"profiles":["host"],"sequence":17465676,"uid":"ed7ba5c9b8e2c3ec58bff1216fb4cad3","version":"1.4.0"},"observables":[{"name":"device","type":"Endpoint","type_id":20},{"name":"device.hostname","type":"Hostname","type_id":1,"value":"spkwtc1pa02.sapapps.splunkopencloud.com"},{"name":"process","type":"Process","type_id":25},{"name":"process.file","type":"File","type_id":24},{"name":"process.file.name","type":"File Name","type_id":7,"value":"taskhostw.exe"},{"name":"process.pid","type":"Process ID","type_id":15,"value":"3908"},{"name":"process.user","type":"User","type_id":21},{"name":"process.user.name","type":"User Name","type_id":4,"value":"pmajumder"},{"name":"process.user.uid","type":"User Object: uid","type_id":31,"value":"S-1-5-21-1428002879-2913536215-2667854684-1040"},{"name":"actor.process","type":"Process","type_id":25},{"name":"actor.process.pid","type":"Process ID","type_id":15,"value":"1300"},{"name":"actor.process.file","type":"File","type_id":24},{"name":"actor.process.file.name","type":"File Name","type_id":7,"value":"svchost.exe"},{"name":"actor.user","type":"User","type_id":21},{"name":"actor.user.name","type":"User Name","type_id":4,"value":"SPKWTC1PA02$"},{"name":"actor.user.uid","type":"User Object: uid","type_id":31,"value":"S-1-5-18"},{"name":"actor.user.account.uid","type":"Account Object: uid","type_id":35,"value":"S-1-5-18"},{"name":"actor.user.account.name","type":"Account Object: name","type_id":34,"value":"SPKWTC1PA02$"}],"process":{"cmd_line":"","file":{"name":"taskhostw.exe","parent_folder":"C:\\Windows\\System32","path":"C:\\Windows\\System32\\taskhostw.exe","type":"Regular File","type_id":1},"pid":3908,"session":{"uid":"0x3623582"},"user":{"domain":"SPKWTC1PA02","name":"pmajumder","uid":"S-1-5-21-1428002879-2913536215-2667854684-1040"}},"raw_data":"11/18/2021 10:11:22 PM\nLogName=Security\nEventCode=4688\nEventType=0\nComputerName=spkwtc1pa02.sapapps.splunkopencloud.com\nSourceName=Microsoft Windows security auditing.\nType=Information\nRecordNumber=17465676\nKeywords=Audit Success\nTaskCategory=Process Creation\nOpCode=Info\nMessage=A new process has been created.\n\nCreator Subject:\n\tSecurity ID:\t\tS-1-5-18\n\tAccount Name:\t\tSPKWTC1PA02$\n\tAccount Domain:\t\tSAPAPPS\n\tLogon ID:\t\t0x3E7\n\nTarget Subject:\n\tSecurity ID:\t\tS-1-5-21-1428002879-2913536215-2667854684-1040\n\tAccount Name:\t\tpmajumder\n\tAccount Domain:\t\tSPKWTC1PA02\n\tLogon ID:\t\t0x3623582\n\nProcess Information:\n\tNew Process ID:\t\t0xf44\n\tNew Process Name:\tC:\\Windows\\System32\\taskhostw.exe\n\tToken Elevation Type:\t%%1938\n\tMandatory Label:\t\tS-1-16-8192\n\tCreator Process ID:\t0x514\n\tCreator Process Name:\tC:\\Windows\\System32\\svchost.exe\n\tProcess Command Line:\t\n\nToken Elevation Type indicates the type of token that was assigned to the new process in accordance with User Account Control policy.\n\nType 1 is a full token with no privileges removed or groups disabled.  A full token is only used if User Account Control is disabled or if the user is the built-in Administrator account or a service account.\n\nType 2 is an elevated token with no privileges removed or groups disabled.  An elevated token is used when User Account Control is enabled and the user chooses to start the program using Run as administrator.  An elevated token is also used when an application is configured to always require administrative privilege or to always require maximum privilege, and the user is a member of the Administrators group.\n\nType 3 is a limited token with administrative privileges removed and administrative groups disabled.  The limited token is used when User Account Control is enabled, the application does not require administrative privilege, and the user does not choose to start the program using Run as administrator.","severity":"Informational","severity_id":1,"status":"Success","status_id":1,"time":1637273482000,"type_name":"Process Activity: Launch","type_uid":100701,"unmapped":{"EventType":"0","OpCode":"Info","Process Information":{"Mandatory Label":"S-1-16-8192","Token Elevation Type":"%%1938"},"TaskCategory":"Process Creation"}}
{"activity_id":1,"activity_name":"Launch","actor":{"process":{"file":{"name":"Teams.exe","parent_folder":"D:\\Users\\pgracie\\AppData\\Local\\Microsoft\\Teams\\current","path":"D:\\Users\\pgracie\\AppData\\Local\\Microsoft\\Teams\\current\\Teams.exe","type":"Regular File","type_id":1},"pid":108136},"session":{"uid":"0x199B0126"},"user":{"account":{"name":"pgracie","type":"Windows Account","type_id":2,"uid":"SPLUNKCORP\\pgracie"},"domain":"SPLUNKCORP","name":"pgracie","uid":"SPLUNKCORP\\pgracie"}},"category_name":"System Activity","category_uid":1,"class_name":"Process Activity","class_uid":1007,"device":{"hostname":"DESKTOP-BJAJASA.splunkcorp.com","os":{"name":"Windows","type":"Windows","type_id":100},"type":"Unknown","type_id":0},"message":"A new process has been created.","metadata":{"event_code":"4688","log_name":"Security","log_provider":"Microsoft Windows security auditing.","original_time":"11/18/2021 10:12:46 PM","product":{"name":"Microsoft Windows","vendor_name":"Microsoft"},"profiles":["host"],"sequence":19499675,"uid":"dbb27c074e8fe7584da167315f8b2fb2","version":"1.4.0"},"observables":[{"name":"device","type":"Endpoint","type_id":20},{"name":"device.hostname","type":"Hostname","type_id":1,"value":"DESKTOP-BJAJASA.splunkcorp.com"},{"name":"actor.process","type":"Process","type_id":25},{"name":"actor.process.file","type":"File","type_id":24},{"name":"actor.process.file.name","type":"File Name","type_id":7,"value":"Teams.exe"},{"name":"actor.process.pid","type":"Process ID","type_id":15,"value":"108136"},{"name":"actor.user","type":"User","type_id":21},{"name":"actor.user.account.uid","type":"Account Object: uid","type_id":35,"value":"SPLUNKCORP\\pgracie"},{"name":"actor.user.account.name","type":"Account Object: name","type_id":34,"value":"pgracie"},{"name":"actor.user.name","type":"User Name","type_id":4,"value":"pgracie"},{"name":"actor.user.uid","type":"User Object: uid","type_id":31,"value":"SPLUNKCORP\\pgracie"},{"name":"process","type":"Process","type_id":25},{"name":"process.pid","type":"Process ID","type_id":15,"value":"174780"},{"name":"process.user","type":"User","type_id":21},{"name":"process.user.name","type":"User Name","type_id":4,"value":"-"},{"name":"process.user.uid","type":"User Object: uid","type_id":31,"value":"NULL SID"},{"name":"process.file","type":"File","type_id":24},{"name":"process.file.name","type":"File Name","type_id":7,"value":"Teams.exe"}],"process":{"cmd_line":"","file":{"name":"Teams.exe","parent_folder":"D:\\Users\\pgracie\\AppData\\Local\\Microsoft\\Teams\\current","path":"D:\\Users\\pgracie\\AppData\\Local\\Microsoft\\Teams\\current\\Teams.exe","type":"Regular File","type_id":1},"pid":174780,"session":{"uid":"0x0"},"user":{"domain":"-","name":"-","uid":"NULL SID"}},"raw_data":"11/18/2021 10:12:46 PM\nLogName=Security\nSourceName=Microsoft Windows security auditing.\nEventCode=4688\nEventType=0\nType=Information\nComputerName=DESKTOP-BJAJASA.splunkcorp.com\nTaskCategory=Process Creation\nOpCode=Info\nRecordNumber=19499675\nKeywords=Audit Success\nMessage=A new process has been created.\n\nCreator Subject:\n\tSecurity ID:\t\tSPLUNKCORP\\pgracie\n\tAccount Name:\t\tpgracie\n\tAccount Domain:\t\tSPLUNKCORP\n\tLogon ID:\t\t0x199B0126\n\nTarget Subject:\n\tSecurity ID:\t\tNULL SID\n\tAccount Name:\t\t-\n\tAccount Domain:\t\t-\n\tLogon ID:\t\t0x0\n\nProcess Information:\n\tNew Process ID:\t\t0x2aabc\n\tNew Process Name:\tD:\\Users\\pgracie\\AppData\\Local\\Microsoft\\Teams\\current\\Teams.exe\n\tToken Elevation Type:\t%%1938\n\tMandatory Label:\t\tMandatory Label\\Low Mandatory Level\n\tCreator Process ID:\t0x1a668\n\tCreator Process Name:\tD:\\Users\\pgracie\\AppData\\Local\\Microsoft\\Teams\\current\\Teams.exe\n\tProcess Command Line:\t\n\nToken Elevation Type indicates the type of token that was assigned to the new process in accordance with User Account Control policy.\n\nType 1 is a full token with no privileges removed or groups disabled.  A full token is only used if User Account Control is disabled or if the user is the built-in Administrator account or a service account.\n\nType 2 is an elevated token with no privileges removed or groups disabled.  An elevated token is used when User Account Control is enabled and the user chooses to start the program using Run as administrator.  An elevated token is also used when an application is configured to always require administrative privilege or to always require maximum privilege, and the user is a member of the Administrators group.\n\nType 3 is a limited token with administrative privileges removed and administrative groups disabled.  The limited token is used when User Account Control is enabled, the application does not require administrative privilege, and the user does not choose to start the program using Run as administrator.","severity":"Informational","severity_id":1,"status":"Success","status_id":1,"time":1637273566000,"type_name":"Process Activity: Launch","type_uid":100701,"unmapped":{"EventType":"0","OpCode":"Info","Process Information":{"Mandatory Label":"Mandatory Label\\Low Mandatory Level","Token Elevation Type":"%%1938"},"TaskCategory":"Process Creation"}}
{"activity_id":1,"activity_name":"Launch","actor":{"process":{"pid":5296},"session":{"uid":"0x3E7"},"user":{"account":{"name":"SV5-ITO-RODC001$","type":"Windows Account","type_id":2,"uid":"NT AUTHORITY\\SYSTEM"},"domain":"SPLUNKCORP","name":"SV5-ITO-RODC001$","uid":"NT AUTHORITY\\SYSTEM"}},"category_name":"System Activity","category_uid":1,"class_name":"Process Activity","class_uid":1007,"device":{"hostname":"SV5-ITO-RODC001.splunkcorp.com","os":{"name":"Windows","type":"Windows","type_id":100},"type":"Unknown","type_id":0},"message":"A new process has been created.","metadata":{"event_code":"4688","log_name":"Security","log_provider":"Microsoft Windows security auditing.","original_time":"11/18/2021 01:42:46 PM","product":{"name":"Microsoft Windows","vendor_name":"Microsoft"},"profiles":["host"],"sequence":17272072029,"uid":"572d5db5bec5927346bfa0d0333b113f","version":"1.4.0"},"observables":[{"name":"device","type":"Endpoint","type_id":20},{"name":"device.hostname","type":"Hostname","type_id":1,"value":"SV5-ITO-RODC001.splunkcorp.com"},{"name":"process","type":"Process","type_id":25},{"name":"process.file","type":"File","type_id":24},{"name":"process.file.name","type":"File Name","type_id":7,"value":"powershell.exe"},{"name":"process.pid","type":"Process ID","type_id":15,"value":"6124"},{"name":"process.user","type":"User","type_id":21},{"name":"process.user.name","type":"User Name","type_id":4,"value":"-"},{"name":"process.user.uid","type":"User Object: uid","type_id":31,"value":"NULL SID"},{"name":"actor.process","type":"Process","type_id":25},{"name":"actor.process.pid","type":"Process ID","type_id":15,"value":"5296"},{"name":"actor.user","type":"User","type_id":21},{"name":"actor.user.name","type":"User Name","type_id":4,"value":"SV5-ITO-RODC001$"},{"name":"actor.user.uid","type":"User Object: uid","type_id":31,"value":"NT AUTHORITY\\SYSTEM"},{"name":"actor.user.account.name","type":"Account Object: name","type_id":34,"value":"SV5-ITO-RODC001$"},{"name":"actor.user.account.uid","type":"Account Object: uid","type_id":35,"value":"NT AUTHORITY\\SYSTEM"}],"process":{"cmd_line":"","file":{"name":"powershell.exe","parent_folder":"C:\\Windows\\System32\\WindowsPowerShell\\v1.0","path":"C:\\Windows\\System32\\WindowsPowerShell\\v1.0\\powershell.exe","type":"Regular File","type_id":1},"pid":6124,"session":{"uid":"0x0"},"user":{"domain":"-","name":"-","uid":"NULL SID"}},"raw_data":"11/18/2021 01:42:46 PM\nLogName=Security\nSourceName=Microsoft Windows security auditing.\nEventCode=4688\nEventType=0\nType=Information\nComputerName=SV5-ITO-RODC001.splunkcorp.com\nTaskCategory=Process Creation\nOpCode=Info\nRecordNumber=17272072029\nKeywords=Audit Success\nMessage=A new process has been created.\n\nCreator Subject:\n\tSecurity ID:\t\tNT AUTHORITY\\SYSTEM\n\tAccount Name:\t\tSV5-ITO-RODC001$\n\tAccount Domain:\t\tSPLUNKCORP\n\tLogon ID:\t\t0x3E7\n\nTarget Subject:\n\tSecurity ID:\t\tNULL SID\n\tAccount Name:\t\t-\n\tAccount Domain:\t\t-\n\tLogon ID:\t\t0x0\n\nProcess Information:\n\tNew Process ID:\t\t0x17ec\n\tNew Process Name:\tC:\\Windows\\System32\\WindowsPowerShell\\v1.0\\powershell.exe\n\tToken Elevation Type:\tTokenElevationTypeDefault (1)\n\tCreator Process ID:\t0x14b0\n\tProcess Command Line:\t\n\nToken Elevation Type indicates the type of token that was assigned to the new process in accordance with User Account Control policy.\n\nType 1 is a full token with no privileges removed or groups disabled.  A full token is only used if User Account Control is disabled or if the user is the built-in Administrator account or a service account.\n\nType 2 is an elevated token with no privileges removed or groups disabled.  An elevated token is used when User Account Control is enabled and the user chooses to start the program using Run as administrator.  An elevated token is also used when an application is configured to always require administrative privilege or to always require maximum privilege, and the user is a member of the Administrators group.\n\nType 3 is a limited token with administrative privileges removed and administrative groups disabled.  The limited token is used when User Account Control is enabled, the application does not require administrative privilege, and the user does not choose to start the program using Run as administrator.","severity":"Informational","severity_id":1,"status":"Success","status_id":1,"time":1637242966000,"type_name":"Process Activity: Launch","type_uid":100701,"unmapped":{"EventType":"0","OpCode":"Info","Process Information":{"Token Elevation Type":"TokenElevationTypeDefault (1)"},"TaskCategory":"Process Creation"}}
{"activity_id":1,"activity_name":"Launch","actor":{"process":{"pid":996},"session":{"uid":"0x3E7"},"user":{"account":{"name":"SV5-ITO-RWDC001$","type":"Windows Account","type_id":2,"uid":"NT AUTHORITY\\SYSTEM"},"domain":"SPLUNKCORP","name":"SV5-ITO-RWDC001$","uid":"NT AUTHORITY\\SYSTEM"}},"category_name":"System Activity","category_uid":1,"class_name":"Process Activity","class_uid":1007,"device":{"hostname":"SV5-ITO-RWDC001.splunkcorp.com","os":{"name":"Windows","type":"Windows","type_id":100},"type":"Unknown","type_id":0},"message":"A new process has been created.","metadata":{"event_code":"4688","log_name":"Security","log_provider":"Microsoft Windows security auditing.","original_time":"11/18/2021 01:12:12 PM","product":{"name":"Microsoft Windows","vendor_name":"Microsoft"},"profiles":["host"],"sequence":7320083031,"uid":"5d84467c25ca7390d5f0077580282efa","version":"1.4.0"},"observables":[{"name":"process","type":"Process","type_id":25},{"name":"process.user","type":"User","type_id":21},{"name":"process.user.name","type":"User Name","type_id":4,"value":"paulv-da"},{"name":"process.user.uid","type":"User Object: uid","type_id":31,"value":"SPLUNKCORP\\paulv-da"},{"name":"process.file","type":"File","type_id":24},{"name":"process.file.name","type":"File Name","type_id":7,"value":"taskhost.exe"},{"name":"process.pid","type":"Process ID","type_id":15,"value":"2824"},{"name":"device","type":"Endpoint","type_id":20},{"name":"device.hostname","type":"Hostname","type_id":1,"value":"SV5-ITO-RWDC001.splunkcorp.com"},{"name":"actor.process","type":"Process","type_id":25},{"name":"actor.process.pid","type":"Process ID","type_id":15,"value":"996"},{"name":"actor.user","type":"User","type_id":21},{"name":"actor.user.account.uid","type":"Account Object: uid","type_id":35,"value":"NT AUTHORITY\\SYSTEM"},{"name":"actor.user.account.name","type":"Account Object: name","type_id":34,"value":"SV5-ITO-RWDC001$"},{"name":"actor.user.name","type":"User Name","type_id":4,"value":"SV5-ITO-RWDC001$"},{"name":"actor.user.uid","type":"User Object: uid","type_id":31,"value":"NT AUTHORITY\\SYSTEM"}],"process":{"cmd_line":"","file":{"name":"taskhost.exe","parent_folder":"C:\\Windows\\System32","path":"C:\\Windows\\System32\\taskhost.exe","type":"Regular File","type_id":1},"pid":2824,"session":{"uid":"0x764042"},"user":{"domain":"SPLUNKCORP","name":"paulv-da","uid":"SPLUNKCORP\\paulv-da"}},"raw_data":"11/18/2021 01:12:12 PM\nLogName=Security\nSourceName=Microsoft Windows security auditing.\nEventCode=4688\nEventType=0\nType=Information\nComputerName=SV5-ITO-RWDC001.splunkcorp.com\nTaskCategory=Process Creation\nOpCode=Info\nRecordNumber=7320083031\nKeywords=Audit Success\nMessage=A new process has been created.\n\nCreator Subject:\n\tSecurity ID:\t\tNT AUTHORITY\\SYSTEM\n\tAccount Name:\t\tSV5-ITO-RWDC001$\n\tAccount Domain:\t\tSPLUNKCORP\n\tLogon ID:\t\t0x3E7\n\nTarget Subject:\n\tSecurity ID:\t\tSPLUNKCORP\\paulv-da\n\tAccount Name:\t\tpaulv-da\n\tAccount Domain:\t\tSPLUNKCORP\n\tLogon ID:\t\t0x764042\n\nProcess Information:\n\tNew Process ID:\t\t0xb08\n\tNew Process Name:\tC:\\Windows\\System32\\taskhost.exe\n\tToken Elevation Type:\tTokenElevationTypeLimited (3)\n\tCreator Process ID:\t0x3e4\n\tProcess Command Line:\t\n\nToken Elevation Type indicates the type of token that was assigned to the new process in accordance with User Account Control policy.\n\nType 1 is a full token with no privileges removed or groups disabled.  A full token is only used if User Account Control is disabled or if the user is the built-in Administrator account or a service account.\n\nType 2 is an elevated token with no privileges removed or groups disabled.  An elevated token is used when User Account Control is enabled and the user chooses to start the program using Run as administrator.  An elevated token is also used when an application is configured to always require administrative privilege or to always require maximum privilege, and the user is a member of the Administrators group.\n\nType 3 is a limited token with administrative privileges removed and administrative groups disabled.  The limited token is used when User Account Control is enabled, the application does not require administrative privilege, and the user does not choose to start the program using Run as administrator.","severity":"Informational","severity_id":1,"status":"Success","status_id":1,"time":1637241132000,"type_name":"Process Activity: Launch","type_uid":100701,"unmapped":{"EventType":"0","OpCode":"Info","Process Information":{"Token Elevation Type":"TokenElevationTypeLimited (3)"},"TaskCategory":"Process Creation"}}
{"activity_id":1,"activity_name":"Launch","actor":{"process":{"pid":5496},"session":{"uid":"0x1A6C41"},"user":{"account":{"name":"azhan-da","type":"Windows Account","type_id":2,"uid":"SPLUNKCORP\\azhan-da"},"domain":"SPLUNKCORP","name":"azhan-da","uid":"SPLUNKCORP\\azhan-da"}},"category_name":"System Activity","category_uid":1,"class_name":"Process Activity","class_uid":1007,"device":{"hostname":"SV5-ITO-RWDC002.splunkcorp.com","os":{"name":"Windows","type":"Windows","type_id":100},"type":"Unknown","type_id":0},"message":"A new process has been created.","metadata":{"event_code":"4688","log_name":"Security","log_provider":"Microsoft Windows security auditing.","original_time":"11/18/2021 12:59:33 PM","product":{"name":"Microsoft Windows","vendor_name":"Microsoft"},"profiles":["host"],"sequence":5562664038,"uid":"e72e97d67e48b59746a738ea2f44f45e","version":"1.4.0"},"observables":[{"name":"device","type":"Endpoint","type_id":20},{"name":"device.hostname","type":"Hostname","type_id":1,"value":"SV5-ITO-RWDC002.splunkcorp.com"},{"name":"actor.process","type":"Process","type_id":25},{"name":"actor.process.pid","type":"Process ID","type_id":15,"value":"5496"},{"name":"actor.user","type":"User","type_id":21},{"name":"actor.user.account.name","type":"Account Object: name","type_id":34,"value":"azhan-da"},{"name":"actor.user.account.uid","type":"Account Object: uid","type_id":35,"value":"SPLUNKCORP\\azhan-da"},{"name":"actor.user.name","type":"User Name","type_id":4,"value":"azhan-da"},{"name":"actor.user.uid","type":"User Object: uid","type_id":31,"value":"SPLUNKCORP\\azhan-da"},{"name":"process","type":"Process","type_id":25},{"name":"process.file","type":"File","type_id":24},{"name":"process.file.name","type":"File Name","type_id":7,"value":"Taskmgr.exe"},{"name":"process.pid","type":"Process ID","type_id":15,"value":"1044"},{"name":"process.user","type":"User","type_id":21},{"name":"process.user.name","type":"User Name","type_id":4,"value":"-"},{"name":"process.user.uid","type":"User Object: uid","type_id":31,"value":"NULL SID"}],"process":{"cmd_line":"","file":{"name":"Taskmgr.exe","parent_folder":"C:\\Windows\\System32","path":"C:\\Windows\\System32\\Taskmgr.exe","type":"Regular File","type_id":1},"pid":1044,"session":{"uid":"0x0"},"user":{"domain":"-","name":"-","uid":"NULL SID"}},"raw_data":"11/18/2021 12:59:33 PM\nLogName=Security\nSourceName=Microsoft Windows security auditing.\nEventCode=4688\nEventType=0\nType=Information\nComputerName=SV5-ITO-RWDC002.splunkcorp.com\nTaskCategory=Process Creation\nOpCode=Info\nRecordNumber=5562664038\nKeywords=Audit Success\nMessage=A new process has been created.\n\nCreator Subject:\n\tSecurity ID:\t\tSPLUNKCORP\\azhan-da\n\tAccount Name:\t\tazhan-da\n\tAccount Domain:\t\tSPLUNKCORP\n\tLogon ID:\t\t0x1A6C41\n\nTarget Subject:\n\tSecurity ID:\t\tNULL SID\n\tAccount Name:\t\t-\n\tAccount Domain:\t\t-\n\tLogon ID:\t\t0x0\n\nProcess Information:\n\tNew Process ID:\t\t0x414\n\tNew Process Name:\tC:\\Windows\\System32\\Taskmgr.exe\n\tToken Elevation Type:\tTokenElevationTypeLimited (3)\n\tCreator Process ID:\t0x1578\n\tProcess Command Line:\t\n\nToken Elevation Type indicates the type of token that was assigned to the new process in accordance with User Account Control policy.\n\nType 1 is a full token with no privileges removed or groups disabled.  A full token is only used if User Account Control is disabled or if the user is the built-in Administrator account or a service account.\n\nType 2 is an elevated token with no privileges removed or groups disabled.  An elevated token is used when User Account Control is enabled and the user chooses to start the program using Run as administrator.  An elevated token is also used when an application is configured to always require administrative privilege or to always require maximum privilege, and the user is a member of the Administrators group.","severity":"Informational","severity_id":1,"status":"Success","status_id":1,"time":1637240373000,"type_name":"Process Activity: Launch","type_uid":100701,"unmapped":{"EventType":"0","OpCode":"Info","Process Information":{"Token Elevation Type":"TokenElevationTypeLimited (3)"},"TaskCategory":"Process Creation"}}
{"activity_id":2,"activity_name":"Terminate","actor":{"process":{"file":{"name":"auditon.exe","parent_folder":"C:\\Generate_Security_Events1","path":"C:\\Generate_Security_Events1\\auditon.exe","type":"Regular File","type_id":1},"pid":1524},"session":{"uid":"0x1806d9"},"user":{"account":{"name":"Administrator","type":"Windows Account","type_id":2,"uid":"S-1-5-21-1135140816-2109348461-2107143693-500"},"domain":"LOGISTICS","name":"Administrator","uid":"S-1-5-21-1135140816-2109348461-2107143693-500"}},"category_name":"System Activity","category_uid":1,"class_name":"Process Activity","class_uid":1007,"device":{"hostname":"dcc1.Logistics.local","os":{"name":"Windows","type":"Windows","type_id":100},"type":"Unknown","type_id":0},"exit_code":0,"message":"A process has exited.","metadata":{"event_code":"4689","log_name":"Security","log_provider":"Microsoft Windows security auditing.","original_time":"09/05/2019 11:22:49 AM","product":{"name":"Microsoft Windows","vendor_name":"Microsoft"},"profiles":["host"],"sequence":6828379,"uid":"e3e42712ab4c0fb0e8f4287a2337d4cf","version":"1.4.0"},"observables":[{"name":"process","type":"Process","type_id":25},{"name":"process.file","type":"File","type_id":24},{"name":"process.file.name","type":"File Name","type_id":7,"value":"auditon.exe"},{"name":"process.pid","type":"Process ID","type_id":15,"value":"1524"},{"name":"device","type":"Endpoint","type_id":20},{"name":"device.hostname","type":"Hostname","type_id":1,"value":"dcc1.Logistics.local"},{"name":"actor.process","type":"Process","type_id":25},{"name":"actor.process.pid","type":"Process ID","type_id":15,"value":"1524"},{"name":"actor.process.file","type":"File","type_id":24},{"name":"actor.process.file.name","type":"File Name","type_id":7,"value":"auditon.exe"},{"name":"actor.user","type":"User","type_id":21},{"name":"actor.user.name","type":"User Name","type_id":4,"value":"Administrator"},{"name":"actor.user.uid","type":"User Object: uid","type_id":31,"value":"S-1-5-21-1135140816-2109348461-2107143693-500"},{"name":"actor.user.account.uid","type":"Account Object: uid","type_id":35,"value":"S-1-5-21-1135140816-2109348461-2107143693-500"},{"name":"actor.user.account.name","type":"Account Object: name","type_id":34,"value":"Administrator"}],"process":{"file":{"name":"auditon.exe","parent_folder":"C:\\Generate_Security_Events1","path":"C:\\Generate_Security_Events1\\auditon.exe","type":"Regular File","type_id":1},"pid":1524},"raw_data":"09/05/2019 11:22:49 AM\nLogName=Security\nSourceName=Microsoft Windows security auditing.\nEventCode=4689\nEventType=0\nType=Information\nComputerName=dcc1.Logistics.local\nTaskCategory=Process Termination\nOpCode=Info\nRecordNumber=6828379\nKeywords=Audit Success\nMessage=A process has exited.\n\nSubject:\n        Security ID:                S-1-5-21-1135140816-2109348461-2107143693-500\n        Account Name:                Administrator\n        Account Domain:                LOGISTICS\n        Logon ID:                0x1806d9\nProcess Information:\n        Process ID:        0x5f4\n        Process Name:        C:\\Generate_Security_Events1\\auditon.exe\n        Exit Status:        0x0","severity":"Informational","severity_id":1,"status":"Success","status_id":1,"time":1567682569000,"type_name":"Process Activity: Terminate","type_uid":100702,"unmapped":{"EventType":"0","OpCode":"Info","TaskCategory":"Process Termination"}}
{"activity_id":2,"activity_name":"Terminate","actor":{"process":{"file":{"name":"ag_diag_comm.exe","parent_folder":"D:\\Program Files\\BMC Software\\Control-M Agent\\Default\\exe","path":"D:\\Program Files\\BMC Software\\Control-M Agent\\Default\\exe\\ag_diag_comm.exe","type":"Regular File","type_id":1},"pid":6664},"session":{"uid":"0x3E7"},"user":{"account":{"name":"BAZ$","type":"Windows Account","type_id":2,"uid":"NT AUTHORITY\\SYSTEM"},"domain":"FOOBAR","name":"BAZ$","uid":"NT AUTHORITY\\SYSTEM"}},"category_name":"System Activity","category_uid":1,"class_name":"Process Activity","class_uid":1007,"device":{"hostname":"BAZ.FOOBAR.com","os":{"name":"Windows","type":"Windows","type_id":100},"type":"Unknown","type_id":0},"exit_code":0,"message":"A process has exited.","metadata":{"event_code":"4689","log_name":"Security","log_provider":"Microsoft Windows security auditing.","original_time":"02/16/2021 12:10:37 PM","product":{"name":"Microsoft Windows","vendor_name":"Microsoft"},"profiles":["host"],"sequence":1496379402,"uid":"8a46c28d27cafea6f7599a652576548b","version":"1.4.0"},"observables":[{"name":"process","type":"Process","type_id":25},{"name":"process.file","type":"File","type_id":24},{"name":"process.file.name","type":"File Name","type_id":7,"value":"ag_diag_comm.exe"},{"name":"process.pid","type":"Process ID","type_id":15,"value":"6664"},{"name":"actor.process","type":"Process","type_id":25},{"name":"actor.process.file","type":"File","type_id":24},{"name":"actor.process.file.name","type":"File Name","type_id":7,"value":"ag_diag_comm.exe"},{"name":"actor.process.pid","type":"Process ID","type_id":15,"value":"6664"},{"name":"actor.user","type":"User","type_id":21},{"name":"actor.user.uid","type":"User Object: uid","type_id":31,"value":"NT AUTHORITY\\SYSTEM"},{"name":"actor.user.account.name","type":"Account Object: name","type_id":34,"value":"BAZ$"},{"name":"actor.user.account.uid","type":"Account Object: uid","type_id":35,"value":"NT AUTHORITY\\SYSTEM"},{"name":"actor.user.name","type":"User Name","type_id":4,"value":"BAZ$"},{"name":"device","type":"Endpoint","type_id":20},{"name":"device.hostname","type":"Hostname","type_id":1,"value":"BAZ.FOOBAR.com"}],"process":{"file":{"name":"ag_diag_comm.exe","parent_folder":"D:\\Program Files\\BMC Software\\Control-M Agent\\Default\\exe","path":"D:\\Program Files\\BMC Software\\Control-M Agent\\Default\\exe\\ag_diag_comm.exe","type":"Regular File","type_id":1},"pid":6664},"raw_data":"02/16/2021 12:10:37 PM\nLogName=Security\nSourceName=Microsoft Windows security auditing.\nEventCode=4689\nEventType=0\nType=Information\nComputerName=BAZ.FOOBAR.com\nTaskCategory=Process Termination\nOpCode=Info\nRecordNumber=1496379402\nKeywords=Audit Success\nMessage=A process has exited.\n\nSubject:\n\tSecurity ID:\t\tNT AUTHORITY\\SYSTEM\n\tAccount Name:\t\tBAZ$\n\tAccount Domain:\t\tFOOBAR\n\tLogon ID:\t\t0x3E7\n\nProcess Information:\n\tProcess ID:\t0x1a08\n\tProcess Name:\tD:\\Program Files\\BMC Software\\Control-M Agent\\Default\\exe\\ag_diag_comm.exe\n\tExit Status:\t0x0","severity":"Informational","severity_id":1,"status":"Success","status_id":1,"time":1613477437000,"type_name":"Process Activity: Terminate","type_uid":100702,"unmapped":{"EventType":"0","OpCode":"Info","TaskCategory":"Process Termination"}}
{"activity_id":2,"activity_name":"Terminate","actor":{"process":{"file":{"name":"%7","path":"%7","type":"Regular File","type_id":1},"pid":0},"session":{"uid":"%4"},"user":{"account":{"name":"%2","type":"Windows Account","type_id":2,"uid":"%1"},"domain":"%3","name":"%2","uid":"%1"}},"category_name":"System Activity","category_uid":1,"class_name":"Process Activity","class_uid":1007,"device":{"hostname":"qasus-2012r2-23.sv.splunk.com","os":{"name":"Windows","type":"Windows","type_id":100},"type":"Unknown","type_id":0},"exit_code":0,"message":"A process has exited.","metadata":{"event_code":"4689","log_name":"Security","log_provider":"Microsoft Windows security auditing.","original_time":"11/17/2021 10:21:03 AM","product":{"name":"Microsoft Windows","vendor_name":"Microsoft"},"profiles":["host"],"sequence":177411794,"uid":"c95576698820a5ec4c52fa4952ed01d4","version":"1.4.0"},"observables":[{"name":"process","type":"Process","type_id":25},{"name":"process.file","type":"File","type_id":24},{"name":"process.file.name","type":"File Name","type_id":7,"value":"%7"},{"name":"process.pid","type":"Process ID","type_id":15,"value":"0"},{"name":"actor.process","type":"Process","type_id":25},{"name":"actor.process.file","type":"File","type_id":24},{"name":"actor.process.file.name","type":"File Name","type_id":7,"value":"%7"},{"name":"actor.process.pid","type":"Process ID","type_id":15,"value":"0"},{"name":"actor.user","type":"User","type_id":21},{"name":"actor.user.account.uid","type":"Account Object: uid","type_id":35,"value":"%1"},{"name":"actor.user.account.name","type":"Account Object: name","type_id":34,"value":"%2"},{"name":"actor.user.name","type":"User Name","type_id":4,"value":"%2"},{"name":"actor.user.uid","type":"User Object: uid","type_id":31,"value":"%1"},{"name":"device","type":"Endpoint","type_id":20},{"name":"device.hostname","type":"Hostname","type_id":1,"value":"qasus-2012r2-23.sv.splunk.com"}],"process":{"file":{"name":"%7","path":"%7","type":"Regular File","type_id":1},"pid":0},"raw_data":"11/17/2021 10:21:03 AM\nLogName=Security\nEventCode=4689\nEventType=0\nComputerName=qasus-2012r2-23.sv.splunk.com\nSourceName=Microsoft Windows security auditing.\nType=Information\nRecordNumber=177411794\nKeywords=Audit Success\nTaskCategory=Process Termination\nOpCode=Info\nMessage=A process has exited.\n\nSubject:\n\tSecurity ID:\t\t%1\n\tAccount Name:\t\t%2\n\tAccount Domain:\t\t%3\n\tLogon ID:\t\t%4\n\nProcess Information:\n\tProcess ID:\t%6\n\tProcess Name:\t%7\n\tExit Status:\t%5","severity":"Informational","severity_id":1,"status":"Success","status_id":1,"time":1637144463000,"type_name":"Process Activity: Terminate","type_uid":100702,"unmapped":{"EventType":"0","OpCode":"Info","TaskCategory":"Process Termination"}}
{"activity_id":2,"activity_name":"Terminate","actor":{"process":{"file":{"name":"splunk-optimize.exe","parent_folder":"C:\\Program Files\\Splunk\\bin","path":"C:\\Program Files\\Splunk\\bin\\splunk-optimize.exe","type":"Regular File","type_id":1},"pid":6488},"session":{"uid":"0x3E7"},"user":{"account":{"name":"QASUS-2K12-019$","type":"Windows Account","type_id":2,"uid":"S-1-5-18"},"domain":"WORKGROUP","name":"QASUS-2K12-019$","uid":"S-1-5-18"}},"category_name":"System Activity","category_uid":1,"class_name":"Process Activity","class_uid":1007,"device":{"hostname":"qasus-2k12-019.sv.splunk.com","os":{"name":"Windows","type":"Windows","type_id":100},"type":"Unknown","type_id":0},"exit_code":0,"message":"A process has exited.","metadata":{"event_code":"4689","log_name":"Security","log_provider":"Microsoft Windows security auditing.","original_time":"11/23/2021 09:25:39 AM","product":{"name":"Microsoft Windows","vendor_name":"Microsoft"},"profiles":["host"],"sequence":1077698477,"uid":"990fa8efb8f1f9fb728328eeed1d9c13","version":"1.4.0"},"observables":[{"name":"process","type":"Process","type_id":25},{"name":"process.file","type":"File","type_id":24},{"name":"process.file.name","type":"File Name","type_id":7,"value":"splunk-optimize.exe"},{"name":"process.pid","type":"Process ID","type_id":15,"value":"6488"},{"name":"actor.user","type":"User","type_id":21},{"name":"actor.user.name","type":"User Name","type_id":4,"value":"QASUS-2K12-019$"},{"name":"actor.user.uid","type":"User Object: uid","type_id":31,"value":"S-1-5-18"},{"name":"actor.user.account.name","type":"Account Object: name","type_id":34,"value":"QASUS-2K12-019$"},{"name":"actor.user.account.uid","type":"Account Object: uid","type_id":35,"value":"S-1-5-18"},{"name":"actor.process","type":"Process","type_id":25},{"name":"actor.process.file","type":"File","type_id":24},{"name":"actor.process.file.name","type":"File Name","type_id":7,"value":"splunk-optimize.exe"},{"name":"actor.process.pid","type":"Process ID","type_id":15,"value":"6488"},{"name":"device","type":"Endpoint","type_id":20},{"name":"device.hostname","type":"Hostname","type_id":1,"value":"qasus-2k12-019.sv.splunk.com"}],"process":{"file":{"name":"splunk-optimize.exe","parent_folder":"C:\\Program Files\\Splunk\\bin","path":"C:\\Program Files\\Splunk\\bin\\splunk-optimize.exe","type":"Regular File","type_id":1},"pid":6488},"raw_data":"11/23/2021 09:25:39 AM\nLogName=Security\nEventCode=4689\nEventType=0\nComputerName=qasus-2k12-019.sv.splunk.com\nSourceName=Microsoft Windows security auditing.\nType=Information\nRecordNumber=1077698477\nKeywords=Audit Success\nTaskCategory=Process Termination\nOpCode=Info\nMessage=A process has exited.\n\nSubject:\n\tSecurity ID:\t\tS-1-5-18\n\tAccount Name:\t\tQASUS-2K12-019$\n\tAccount Domain:\t\tWORKGROUP\n\tLogon ID:\t\t0x3E7\n\nProcess Information:\n\tProcess ID:\t0x1958\n\tProcess Name:\tC:\\Program Files\\Splunk\\bin\\splunk-optimize.exe\n\tExit Status:\t0x0","severity":"Informational","severity_id":1,"status":"Success","status_id":1,"time":1637659539000,"type_name":"Process Activity: Terminate","type_uid":100702,"unmapped":{"EventType":"0","OpCode":"Info","TaskCategory":"Process Termination"}}
{"activity_id":2,"activity_name":"Terminate","actor":{"process":{"file":{"name":"splunk-admon.exe","parent_folder":"C:\\Program Files\\Splunk\\bin","path":"C:\\Program Files\\Splunk\\bin\\splunk-admon.exe","type":"Regular File","type_id":1},"pid":4244},"session":{"uid":"0x3E7"},"user":{"account":{"name":"QASUS-2K12-019$","type":"Windows Account","type_id":2,"uid":"S-1-5-18"},"domain":"WORKGROUP","name":"QASUS-2K12-019$","uid":"S-1-5-18"}},"category_name":"System Activity","category_uid":1,"class_name":"Process Activity","class_uid":1007,"device":{"hostname":"qasus-2k12-019.sv.splunk.com","os":{"name":"Windows","type":"Windows","type_id":100},"type":"Unknown","type_id":0},"exit_code":1,"message":"A process has exited.","metadata":{"event_code":"4689","log_name":"Security","log_provider":"Microsoft Windows security auditing.","original_time":"11/23/2021 09:25:23 AM","product":{"name":"Microsoft Windows","vendor_name":"Microsoft"},"profiles":["host"],"sequence":1077698471,"uid":"4fe4248846ff55b5e484288e482a70d7","version":"1.4.0"},"observables":[{"name":"actor.process","type":"Process","type_id":25},{"name":"actor.process.file","type":"File","type_id":24},{"name":"actor.process.file.name","type":"File Name","type_id":7,"value":"splunk-admon.exe"},{"name":"actor.process.pid","type":"Process ID","type_id":15,"value":"4244"},{"name":"actor.user","type":"User","type_id":21},{"name":"actor.user.account.uid","type":"Account Object: uid","type_id":35,"value":"S-1-5-18"},{"name":"actor.user.account.name","type":"Account Object: name","type_id":34,"value":"QASUS-2K12-019$"},{"name":"actor.user.name","type":"User Name","type_id":4,"value":"QASUS-2K12-019$"},{"name":"actor.user.uid","type":"User Object: uid","type_id":31,"value":"S-1-5-18"},{"name":"device","type":"Endpoint","type_id":20},{"name":"device.hostname","type":"Hostname","type_id":1,"value":"qasus-2k12-019.sv.splunk.com"},{"name":"process","type":"Process","type_id":25},{"name":"process.file","type":"File","type_id":24},{"name":"process.file.name","type":"File Name","type_id":7,"value":"splunk-admon.exe"},{"name":"process.pid","type":"Process ID","type_id":15,"value":"4244"}],"process":{"file":{"name":"splunk-admon.exe","parent_folder":"C:\\Program Files\\Splunk\\bin","path":"C:\\Program Files\\Splunk\\bin\\splunk-admon.exe","type":"Regular File","type_id":1},"pid":4244},"raw_data":"11/23/2021 09:25:23 AM\nLogName=Security\nEventCode=4689\nEventType=0\nComputerName=qasus-2k12-019.sv.splunk.com\nSourceName=Microsoft Windows security auditing.\nType=Information\nRecordNumber=1077698471\nKeywords=Audit Success\nTaskCategory=Process Termination\nOpCode=Info\nMessage=A process has exited.\n\nSubject:\n\tSecurity ID:\t\tS-1-5-18\n\tAccount Name:\t\tQASUS-2K12-019$\n\tAccount Domain:\t\tWORKGROUP\n\tLogon ID:\t\t0x3E7\n\nProcess Information:\n\tProcess ID:\t0x1094\n\tProcess Name:\tC:\\Program Files\\Splunk\\bin\\splunk-admon.exe\n\tExit Status:\t0x1","severity":"Informational","severity_id":1,"status":"Success","status_id":1,"time":1637659523000,"type_name":"Process Activity: Terminate","type_uid":100702,"unmapped":{"EventType":"0","OpCode":"Info","TaskCategory":"Process Termination"}}
