{"activity_id":3,"activity_name":"Authentication Ticket","auth_protocol":"Kerberos","auth_protocol_id":2,"category_name":"Identity & Access Management","category_uid":3,"class_name":"Authentication","class_uid":3002,"device":{"hostname":"win-dc-697.attackrange.local","os":{"name":"Windows","type":"Windows","type_id":100},"type":"Unknown","type_id":0},"dst_endpoint":{"hostname":"win-dc-697.attackrange.local"},"message":"Kerberos pre-authentication failed.","metadata":{"event_code":"4771","log_name":"Security","log_provider":"Microsoft Windows security auditing.","original_time":"04/20/2021 04:51:52 PM","product":{"name":"Microsoft Windows","vendor_name":"Microsoft"},"profiles":["host"],"sequence":3578078,"uid":"352b96914fba0c317aede5e3fbc555b7","version":"1.4.0"},"observables":[{"name":"user","type":"User","type_id":21},{"name":"user.account.uid","type":"Account Object: uid","type_id":35,"value":"ATTACKRANGE\\SONYA_PECK"},{"name":"user.account.name","type":"Account Object: name","type_id":34,"value":"SONYA_PECK"},{"name":"user.name","type":"User Name","type_id":4,"value":"SONYA_PECK"},{"name":"user.uid","type":"User Object: uid","type_id":31,"value":"ATTACKRANGE\\SONYA_PECK"},{"name":"device","type":"Endpoint","type_id":20},{"name":"device.hostname","type":"Hostname","type_id":1,"value":"win-dc-697.attackrange.local"},{"name":"dst_endpoint","type":"Endpoint","type_id":20},{"name":"dst_endpoint.hostname","type":"Hostname","type_id":1,"value":"win-dc-697.attackrange.local"},{"name":"src_endpoint","type":"Endpoint","type_id":20},{"name":"src_endpoint.ip","type":"IP Address","type_id":2,"value":"::ffff:10.0.1.15"},{"name":"src_endpoint.port","type":"Port","type_id":11,"value":"53448"}],"raw_data":"04/20/2021 04:51:52 PM\nLogName=Security\nSourceName=Microsoft Windows security auditing.\nEventCode=4771\nEventType=0\nType=Information\nComputerName=win-dc-697.attackrange.local\nTaskCategory=Kerberos Authentication Service\nOpCode=Info\nRecordNumber=3578078\nKeywords=Audit Failure\nMessage=Kerberos pre-authentication failed.\nAccount Information:\n\tSecurity ID:\t\tATTACKRANGE\\SONYA_PECK\n\tAccount Name:\t\tSONYA_PECK\nService Information:\n\tService Name:\t\tkrbtgt/attackrange.local\nNetwork Information:\n\tClient Address:\t\t::ffff:10.0.1.15\n\tClient Port:\t\t53448\nAdditional Information:\n\tTicket Options:\t\t0x40810010\n\tFailure Code:\t\t0x18\n\tPre-Authentication Type:\t2\nCertificate Information:\n\tCertificate Issuer Name:\t\t\n\tCertificate Serial Number: \t\n\tCertificate Thumbprint:\t\t\nCertificate information is only provided if a certificate was used for pre-authentication.\nPre-authentication types, ticket options and failure codes are defined in RFC 4120.\nIf the ticket was malformed or damaged during transit and could not be decrypted, then many fields in this event might not be present.","severity":"Informational","severity_id":1,"src_endpoint":{"ip":"::ffff:10.0.1.15","port":53448},"status":"Failure","status_code":"0x18","status_id":2,"time":1618937512000,"type_name":"Authentication: Authentication Ticket","type_uid":300203,"unmapped":{"Additional Information":{"Pre-Authentication Type":"2","Ticket Options":"0x40810010"},"Certificate Information":{"Certificate Issuer Name":"","Certificate Serial Number":"","Certificate Thumbprint":""},"EventType":"0","OpCode":"Info","Service Information":{"Service Name":"krbtgt/attackrange.local"},"TaskCategory":"Kerberos Authentication Service"},"user":{"account":{"name":"SONYA_PECK","type":"Windows Account","type_id":2,"uid":"ATTACKRANGE\\SONYA_PECK"},"name":"SONYA_PECK","uid":"ATTACKRANGE\\SONYA_PECK"}}
{"activity_id":3,"activity_name":"Authentication Ticket","auth_protocol":"Kerberos","auth_protocol_id":2,"category_name":"Identity & Access Management","category_uid":3,"class_name":"Authentication","class_uid":3002,"device":{"hostname":"win-dc-697.attackrange.local","os":{"name":"Windows","type":"Windows","type_id":100},"type":"Unknown","type_id":0},"dst_endpoint":{"hostname":"win-dc-697.attackrange.local"},"message":"Kerberos pre-authentication failed.","metadata":{"event_code":"4771","log_name":"Security","log_provider":"Microsoft Windows security auditing.","original_time":"04/20/2021 04:51:52 PM","product":{"name":"Microsoft Windows","vendor_name":"Microsoft"},"profiles":["host"],"sequence":3578081,"uid":"3a2fc127dc09d0f187706bbd95f848b9","version":"1.4.0"},"observables":[{"name":"device","type":"Endpoint","type_id":20},{"name":"device.hostname","type":"Hostname","type_id":1,"value":"win-dc-697.attackrange.local"},{"name":"user","type":"User","type_id":21},{"name":"user.account.name","type":"Account Object: name","type_id":34,"value":"BRICE_PUGH"},{"name":"user.account.uid","type":"Account Object: uid","type_id":35,"value":"ATTACKRANGE\\BRICE_PUGH"},{"name":"user.name","type":"User Name","type_id":4,"value":"BRICE_PUGH"},{"name":"user.uid","type":"User Object: uid","type_id":31,"value":"ATTACKRANGE\\BRICE_PUGH"},{"name":"dst_endpoint","type":"Endpoint","type_id":20},{"name":"dst_endpoint.hostname","type":"Hostname","type_id":1,"value":"win-dc-697.attackrange.local"},{"name":"src_endpoint","type":"Endpoint","type_id":20},{"name":"src_endpoint.ip","type":"IP Address","type_id":2,"value":"::ffff:10.0.1.15"},{"name":"src_endpoint.port","type":"Port","type_id":11,"value":"53450"}],"raw_data":"04/20/2021 04:51:52 PM\nLogName=Security\nSourceName=Microsoft Windows security auditing.\nEventCode=4771\nEventType=0\nType=Information\nComputerName=win-dc-697.attackrange.local\nTaskCategory=Kerberos Authentication Service\nOpCode=Info\nRecordNumber=3578081\nKeywords=Audit Failure\nMessage=Kerberos pre-authentication failed.\nAccount Information:\n\tSecurity ID:\t\tATTACKRANGE\\BRICE_PUGH\n\tAccount Name:\t\tBRICE_PUGH\nService Information:\n\tService Name:\t\tkrbtgt/attackrange.local\nNetwork Information:\n\tClient Address:\t\t::ffff:10.0.1.15\n\tClient Port:\t\t53450\nAdditional Information:\n\tTicket Options:\t\t0x40810010\n\tFailure Code:\t\t0x18\n\tPre-Authentication Type:\t2\nCertificate Information:\n\tCertificate Issuer Name:\t\t\n\tCertificate Serial Number: \t\n\tCertificate Thumbprint:\t\t\nCertificate information is only provided if a certificate was used for pre-authentication.\nPre-authentication types, ticket options and failure codes are defined in RFC 4120.\nIf the ticket was malformed or damaged during transit and could not be decrypted, then many fields in this event might not be present.","severity":"Informational","severity_id":1,"src_endpoint":{"ip":"::ffff:10.0.1.15","port":53450},"status":"Failure","status_code":"0x18","status_id":2,"time":1618937512000,"type_name":"Authentication: Authentication Ticket","type_uid":300203,"unmapped":{"Additional Information":{"Pre-Authentication Type":"2","Ticket Options":"0x40810010"},"Certificate Information":{"Certificate Issuer Name":"","Certificate Serial Number":"","Certificate Thumbprint":""},"EventType":"0","OpCode":"Info","Service Information":{"Service Name":"krbtgt/attackrange.local"},"TaskCategory":"Kerberos Authentication Service"},"user":{"account":{"name":"BRICE_PUGH","type":"Windows Account","type_id":2,"uid":"ATTACKRANGE\\BRICE_PUGH"},"name":"BRICE_PUGH","uid":"ATTACKRANGE\\BRICE_PUGH"}}
{"activity_id":3,"activity_name":"Authentication Ticket","auth_protocol":"Kerberos","auth_protocol_id":2,"category_name":"Identity & Access Management","category_uid":3,"class_name":"Authentication","class_uid":3002,"device":{"hostname":"win-dc-697.attackrange.local","os":{"name":"Windows","type":"Windows","type_id":100},"type":"Unknown","type_id":0},"dst_endpoint":{"hostname":"win-dc-697.attackrange.local"},"message":"Kerberos pre-authentication failed.","metadata":{"event_code":"4771","log_name":"Security","log_provider":"Microsoft Windows security auditing.","original_time":"04/20/2021 04:51:52 PM","product":{"name":"Microsoft Windows","vendor_name":"Microsoft"},"profiles":["host"],"sequence":3578084,"uid":"79528affa489d6203ba9fb5e292b37a2","version":"1.4.0"},"observables":[{"name":"device","type":"Endpoint","type_id":20},{"name":"device.hostname","type":"Hostname","type_id":1,"value":"win-dc-697.attackrange.local"},{"name":"user","type":"User","type_id":21},{"name":"user.account.uid","type":"Account Object: uid","type_id":35,"value":"ATTACKRANGE\\ANTOINE_ONEIL"},{"name":"user.account.name","type":"Account Object: name","type_id":34,"value":"ANTOINE_ONEIL"},{"name":"user.name","type":"User Name","type_id":4,"value":"ANTOINE_ONEIL"},{"name":"user.uid","type":"User Object: uid","type_id":31,"value":"ATTACKRANGE\\ANTOINE_ONEIL"},{"name":"src_endpoint","type":"Endpoint","type_id":20},{"name":"src_endpoint.ip","type":"IP Address","type_id":2,"value":"::ffff:10.0.1.15"},{"name":"src_endpoint.port","type":"Port","type_id":11,"value":"53452"},{"name":"dst_endpoint","type":"Endpoint","type_id":20},{"name":"dst_endpoint.hostname","type":"Hostname","type_id":1,"value":"win-dc-697.attackrange.local"}],"raw_data":"04/20/2021 04:51:52 PM\nLogName=Security\nSourceName=Microsoft Windows security auditing.\nEventCode=4771\nEventType=0\nType=Information\nComputerName=win-dc-697.attackrange.local\nTaskCategory=Kerberos Authentication Service\nOpCode=Info\nRecordNumber=3578084\nKeywords=Audit Failure\nMessage=Kerberos pre-authentication failed.\nAccount Information:\n\tSecurity ID:\t\tATTACKRANGE\\ANTOINE_ONEIL\n\tAccount Name:\t\tANTOINE_ONEIL\nService Information:\n\tService Name:\t\tkrbtgt/attackrange.local\nNetwork Information:\n\tClient Address:\t\t::ffff:10.0.1.15\n\tClient Port:\t\t53452\nAdditional Information:\n\tTicket Options:\t\t0x40810010\n\tFailure Code:\t\t0x18\n\tPre-Authentication Type:\t2\nCertificate Information:\n\tCertificate Issuer Name:\t\t\n\tCertificate Serial Number: \t\n\tCertificate Thumbprint:\t\t\nCertificate information is only provided if a certificate was used for pre-authentication.\nPre-authentication types, ticket options and failure codes are defined in RFC 4120.\nIf the ticket was malformed or damaged during transit and could not be decrypted, then many fields in this event might not be present.","severity":"Informational","severity_id":1,"src_endpoint":{"ip":"::ffff:10.0.1.15","port":53452},"status":"Failure","status_code":"0x18","status_id":2,"time":1618937512000,"type_name":"Authentication: Authentication Ticket","type_uid":300203,"unmapped":{"Additional Information":{"Pre-Authentication Type":"2","Ticket Options":"0x40810010"},"Certificate Information":{"Certificate Issuer Name":"","Certificate Serial Number":"","Certificate Thumbprint":""},"EventType":"0","OpCode":"Info","Service Information":{"Service Name":"krbtgt/attackrange.local"},"TaskCategory":"Kerberos Authentication Service"},"user":{"account":{"name":"ANTOINE_ONEIL","type":"Windows Account","type_id":2,"uid":"ATTACKRANGE\\ANTOINE_ONEIL"},"name":"ANTOINE_ONEIL","uid":"ATTACKRANGE\\ANTOINE_ONEIL"}}
{"activity_id":3,"activity_name":"Authentication Ticket","auth_protocol":"Kerberos","auth_protocol_id":2,"category_name":"Identity & Access Management","category_uid":3,"class_name":"Authentication","class_uid":3002,"device":{"hostname":"win-dc-697.attackrange.local","os":{"name":"Windows","type":"Windows","type_id":100},"type":"Unknown","type_id":0},"dst_endpoint":{"hostname":"win-dc-697.attackrange.local"},"message":"Kerberos pre-authentication failed.","metadata":{"event_code":"4771","log_name":"Security","log_provider":"Microsoft Windows security auditing.","original_time":"04/20/2021 04:51:52 PM","product":{"name":"Microsoft Windows","vendor_name":"Microsoft"},"profiles":["host"],"sequence":3578063,"uid":"a83f0c923f8f87bffb8f1351caef9795","version":"1.4.0"},"observables":[{"name":"src_endpoint","type":"Endpoint","type_id":20},{"name":"src_endpoint.ip","type":"IP Address","type_id":2,"value":"::ffff:10.0.1.15"},{"name":"src_endpoint.port","type":"Port","type_id":11,"value":"53438"},{"name":"user","type":"User","type_id":21},{"name":"user.uid","type":"User Object: uid","type_id":31,"value":"ATTACKRANGE\\FRANCISCA_DUDLEY"},{"name":"user.account.uid","type":"Account Object: uid","type_id":35,"value":"ATTACKRANGE\\FRANCISCA_DUDLEY"},{"name":"user.account.name","type":"Account Object: name","type_id":34,"value":"FRANCISCA_DUDLEY"},{"name":"user.name","type":"User Name","type_id":4,"value":"FRANCISCA_DUDLEY"},{"name":"device","type":"Endpoint","type_id":20},{"name":"device.hostname","type":"Hostname","type_id":1,"value":"win-dc-697.attackrange.local"},{"name":"dst_endpoint","type":"Endpoint","type_id":20},{"name":"dst_endpoint.hostname","type":"Hostname","type_id":1,"value":"win-dc-697.attackrange.local"}],"raw_data":"04/20/2021 04:51:52 PM\nLogName=Security\nSourceName=Microsoft Windows security auditing.\nEventCode=4771\nEventType=0\nType=Information\nComputerName=win-dc-697.attackrange.local\nTaskCategory=Kerberos Authentication Service\nOpCode=Info\nRecordNumber=3578063\nKeywords=Audit Failure\nMessage=Kerberos pre-authentication failed.\nAccount Information:\n\tSecurity ID:\t\tATTACKRANGE\\FRANCISCA_DUDLEY\n\tAccount Name:\t\tFRANCISCA_DUDLEY\nService Information:\n\tService Name:\t\tkrbtgt/attackrange.local\nNetwork Information:\n\tClient Address:\t\t::ffff:10.0.1.15\n\tClient Port:\t\t53438\nAdditional Information:\n\tTicket Options:\t\t0x40810010\n\tFailure Code:\t\t0x18\n\tPre-Authentication Type:\t2\nCertificate Information:\n\tCertificate Issuer Name:\t\t\n\tCertificate Serial Number: \t\n\tCertificate Thumbprint:\t\t\nCertificate information is only provided if a certificate was used for pre-authentication.\nPre-authentication types, ticket options and failure codes are defined in RFC 4120.\nIf the ticket was malformed or damaged during transit and could not be decrypted, then many fields in this event might not be present.","severity":"Informational","severity_id":1,"src_endpoint":{"ip":"::ffff:10.0.1.15","port":53438},"status":"Failure","status_code":"0x18","status_id":2,"time":1618937512000,"type_name":"Authentication: Authentication Ticket","type_uid":300203,"unmapped":{"Additional Information":{"Pre-Authentication Type":"2","Ticket Options":"0x40810010"},"Certificate Information":{"Certificate Issuer Name":"","Certificate Serial Number":"","Certificate Thumbprint":""},"EventType":"0","OpCode":"Info","Service Information":{"Service Name":"krbtgt/attackrange.local"},"TaskCategory":"Kerberos Authentication Service"},"user":{"account":{"name":"FRANCISCA_DUDLEY","type":"Windows Account","type_id":2,"uid":"ATTACKRANGE\\FRANCISCA_DUDLEY"},"name":"FRANCISCA_DUDLEY","uid":"ATTACKRANGE\\FRANCISCA_DUDLEY"}}
{"activity_id":3,"activity_name":"Authentication Ticket","auth_protocol":"Kerberos","auth_protocol_id":2,"category_name":"Identity & Access Management","category_uid":3,"class_name":"Authentication","class_uid":3002,"device":{"hostname":"##Computer_Name##","os":{"name":"Windows","type":"Windows","type_id":100},"type":"Unknown","type_id":0},"dst_endpoint":{"hostname":"##Computer_Name##"},"message":"Kerberos pre-authentication failed.","metadata":{"event_code":"4771","log_name":"Security","log_provider":"Microsoft Windows security auditing.","original_time":"09/28/2020 04:24:08 PM","product":{"name":"Microsoft Windows","vendor_name":"Microsoft"},"profiles":["host"],"sequence":0,"uid":"ebc447f108aab664c1232813d57802e3","version":"1.4.0"},"observables":[{"name":"device","type":"Endpoint","type_id":20},{"name":"device.hostname","type":"Hostname","type_id":1,"value":"##Computer_Name##"},{"name":"dst_endpoint","type":"Endpoint","type_id":20},{"name":"dst_endpoint.hostname","type":"Hostname","type_id":1,"value":"##Computer_Name##"},{"name":"user","type":"User","type_id":21},{"name":"user.account.uid","type":"Account Object: uid","type_id":35,"value":"##Domain##\\##AccountName##"},{"name":"user.account.name","type":"Account Object: name","type_id":34,"value":"##AccountName##"},{"name":"user.name","type":"User Name","type_id":4,"value":"##AccountName##"},{"name":"user.uid","type":"User Object: uid","type_id":31,"value":"##Domain##\\##AccountName##"},{"name":"src_endpoint","type":"Endpoint","type_id":20},{"name":"src_endpoint.ip","type":"IP Address","type_id":2,"value":"##IPV6##"},{"name":"src_endpoint.port","type":"Port","type_id":11,"value":"0"}],"raw_data":"09/28/2020 04:24:08 PM\nLogName=Security\nSourceName=Microsoft Windows security auditing.\nEventCode=4771\nEventType=0\nType=Information\nComputerName=##Computer_Name##\nTaskCategory=Kerberos Authentication Service\nOpCode=Info\nRecordNumber=##Record_Number##\nKeywords=Audit Failure\nMessage=Kerberos pre-authentication failed.\n\nAccount Information:\n\tSecurity ID:                ##Domain##\\##AccountName##\n\tAccount Name:                ##AccountName##\n\nService Information:\n\tService Name:\t\tkrbtgt/##User_Name##\n\nNetwork Information:\n\tClient Address:\t\t##IPV6##\n\tClient Port:        ##Port##\n\nAdditional Information:\n\tTicket Options:\t\t0x##hex8##\n\tFailure Code:\t\t0xE\n\tPre-Authentication Type:\t0\n\nCertificate Information:\n\tCertificate Issuer Name:\t\t\n\tCertificate Serial Number: \t\n\tCertificate Thumbprint:\t\t\n\nCertificate information is only provided if a certificate was used for pre-authentication.\n\nPre-authentication types, ticket options and failure codes are defined in RFC 4120.\n\nIf the ticket was malformed or damaged during transit and could not be decrypted, then many fields in this event might not be present.","severity":"Informational","severity_id":1,"src_endpoint":{"ip":"##IPV6##","port":0},"status":"Failure","status_code":"0xE","status_id":2,"time":1601310248000,"type_name":"Authentication: Authentication Ticket","type_uid":300203,"unmapped":{"Additional Information":{"Pre-Authentication Type":"0","Ticket Options":"0x##hex8##"},"Certificate Information":{"Certificate Issuer Name":"","Certificate Serial Number":"","Certificate Thumbprint":""},"EventType":"0","OpCode":"Info","Service Information":{"Service Name":"krbtgt/##User_Name##"},"TaskCategory":"Kerberos Authentication Service"},"user":{"account":{"name":"##AccountName##","type":"Windows Account","type_id":2,"uid":"##Domain##\\##AccountName##"},"name":"##AccountName##","uid":"##Domain##\\##AccountName##"}}
{"activity_id":1,"activity_name":"Logon","auth_protocol":"MICROSOFT_AUTHENTICATION_PACKAGE_V1_0","auth_protocol_id":99,"category_name":"Identity & Access Management","category_uid":3,"class_name":"Authentication","class_uid":3002,"device":{"hostname":"win-dc-697.attackrange.local","os":{"name":"Windows","type":"Windows","type_id":100},"type":"Unknown","type_id":0},"dst_endpoint":{"hostname":"win-dc-697.attackrange.local"},"message":"The computer attempted to validate the credentials for an account.","metadata":{"event_code":"4776","log_name":"Security","log_provider":"Microsoft Windows security auditing.","original_time":"04/20/2021 05:02:23 PM","product":{"name":"Microsoft Windows","vendor_name":"Microsoft"},"profiles":["host"],"sequence":3578885,"uid":"1c17287c5ebceb222da1008744a430a0","version":"1.4.0"},"observables":[{"name":"user","type":"User","type_id":21},{"name":"user.account.name","type":"Account Object: name","type_id":34,"value":"TERI_COLLINS"},{"name":"user.name","type":"User Name","type_id":4,"value":"TERI_COLLINS"},{"name":"dst_endpoint","type":"Endpoint","type_id":20},{"name":"dst_endpoint.hostname","type":"Hostname","type_id":1,"value":"win-dc-697.attackrange.local"},{"name":"src_endpoint","type":"Endpoint","type_id":20},{"name":"device","type":"Endpoint","type_id":20},{"name":"device.hostname","type":"Hostname","type_id":1,"value":"win-dc-697.attackrange.local"}],"raw_data":"04/20/2021 05:02:23 PM\nLogName=Security\nSourceName=Microsoft Windows security auditing.\nEventCode=4776\nEventType=0\nType=Information\nComputerName=win-dc-697.attackrange.local\nTaskCategory=Credential Validation\nOpCode=Info\nRecordNumber=3578885\nKeywords=Audit Failure\nMessage=The computer attempted to validate the credentials for an account.\nAuthentication Package:\tMICROSOFT_AUTHENTICATION_PACKAGE_V1_0\nLogon Account:\tTERI_COLLINS\nSource Workstation:\tWIN-HOST-816\nError Code:\t0xC000006A","severity":"Informational","severity_id":1,"src_endpoint":{"name":"WIN-HOST-816"},"status":"Failure","status_code":"0xC000006A","status_id":2,"time":1618938143000,"type_name":"Authentication: Logon","type_uid":300201,"unmapped":{"EventType":"0","OpCode":"Info","TaskCategory":"Credential Validation"},"user":{"account":{"name":"TERI_COLLINS","type":"Windows Account","type_id":2},"name":"TERI_COLLINS"}}
{"activity_id":1,"activity_name":"Logon","auth_protocol":"MICROSOFT_AUTHENTICATION_PACKAGE_V1_0","auth_protocol_id":99,"category_name":"Identity & Access Management","category_uid":3,"class_name":"Authentication","class_uid":3002,"device":{"hostname":"win-dc-697.attackrange.local","os":{"name":"Windows","type":"Windows","type_id":100},"type":"Unknown","type_id":0},"dst_endpoint":{"hostname":"win-dc-697.attackrange.local"},"message":"The computer attempted to validate the credentials for an account.","metadata":{"event_code":"4776","log_name":"Security","log_provider":"Microsoft Windows security auditing.","original_time":"04/20/2021 05:02:23 PM","product":{"name":"Microsoft Windows","vendor_name":"Microsoft"},"profiles":["host"],"sequence":3578894,"uid":"17b3dada095217bf0eb97ba0adb331c6","version":"1.4.0"},"observables":[{"name":"user","type":"User","type_id":21},{"name":"user.account.name","type":"Account Object: name","type_id":34,"value":"LIZ_GOODMAN"},{"name":"user.name","type":"User Name","type_id":4,"value":"LIZ_GOODMAN"},{"name":"device","type":"Endpoint","type_id":20},{"name":"device.hostname","type":"Hostname","type_id":1,"value":"win-dc-697.attackrange.local"},{"name":"dst_endpoint","type":"Endpoint","type_id":20},{"name":"dst_endpoint.hostname","type":"Hostname","type_id":1,"value":"win-dc-697.attackrange.local"},{"name":"src_endpoint","type":"Endpoint","type_id":20}],"raw_data":"04/20/2021 05:02:23 PM\nLogName=Security\nSourceName=Microsoft Windows security auditing.\nEventCode=4776\nEventType=0\nType=Information\nComputerName=win-dc-697.attackrange.local\nTaskCategory=Credential Validation\nOpCode=Info\nRecordNumber=3578894\nKeywords=Audit Failure\nMessage=The computer attempted to validate the credentials for an account.\nAuthentication Package:\tMICROSOFT_AUTHENTICATION_PACKAGE_V1_0\nLogon Account:\tLIZ_GOODMAN\nSource Workstation:\tWIN-HOST-816\nError Code:\t0xC000006A","severity":"Informational","severity_id":1,"src_endpoint":{"name":"WIN-HOST-816"},"status":"Failure","status_code":"0xC000006A","status_id":2,"time":1618938143000,"type_name":"Authentication: Logon","type_uid":300201,"unmapped":{"EventType":"0","OpCode":"Info","TaskCategory":"Credential Validation"},"user":{"account":{"name":"LIZ_GOODMAN","type":"Windows Account","type_id":2},"name":"LIZ_GOODMAN"}}
{"activity_id":1,"activity_name":"Logon","auth_protocol":"MICROSOFT_AUTHENTICATION_PACKAGE_V1_0","auth_protocol_id":99,"category_name":"Identity & Access Management","category_uid":3,"class_name":"Authentication","class_uid":3002,"device":{"hostname":"win-dc-697.attackrange.local","os":{"name":"Windows","type":"Windows","type_id":100},"type":"Unknown","type_id":0},"dst_endpoint":{"hostname":"win-dc-697.attackrange.local"},"message":"The computer attempted to validate the credentials for an account.","metadata":{"event_code":"4776","log_name":"Security","log_provider":"Microsoft Windows security auditing.","original_time":"04/20/2021 05:02:23 PM","product":{"name":"Microsoft Windows","vendor_name":"Microsoft"},"profiles":["host"],"sequence":3578895,"uid":"3ccb2b7968f85fa8b4f0da51ab2c3eb7","version":"1.4.0"},"observables":[{"name":"user","type":"User","type_id":21},{"name":"user.account.name","type":"Account Object: name","type_id":34,"value":"HERMINIA_HENDRICKS"},{"name":"user.name","type":"User Name","type_id":4,"value":"HERMINIA_HENDRICKS"},{"name":"src_endpoint","type":"Endpoint","type_id":20},{"name":"device","type":"Endpoint","type_id":20},{"name":"device.hostname","type":"Hostname","type_id":1,"value":"win-dc-697.attackrange.local"},{"name":"dst_endpoint","type":"Endpoint","type_id":20},{"name":"dst_endpoint.hostname","type":"Hostname","type_id":1,"value":"win-dc-697.attackrange.local"}],"raw_data":"04/20/2021 05:02:23 PM\nLogName=Security\nSourceName=Microsoft Windows security auditing.\nEventCode=4776\nEventType=0\nType=Information\nComputerName=win-dc-697.attackrange.local\nTaskCategory=Credential Validation\nOpCode=Info\nRecordNumber=3578895\nKeywords=Audit Failure\nMessage=The computer attempted to validate the credentials for an account.\nAuthentication Package:\tMICROSOFT_AUTHENTICATION_PACKAGE_V1_0\nLogon Account:\tHERMINIA_HENDRICKS\nSource Workstation:\tWIN-HOST-816\nError Code:\t0xC000006A","severity":"Informational","severity_id":1,"src_endpoint":{"name":"WIN-HOST-816"},"status":"Failure","status_code":"0xC000006A","status_id":2,"time":1618938143000,"type_name":"Authentication: Logon","type_uid":300201,"unmapped":{"EventType":"0","OpCode":"Info","TaskCategory":"Credential Validation"},"user":{"account":{"name":"HERMINIA_HENDRICKS","type":"Windows Account","type_id":2},"name":"HERMINIA_HENDRICKS"}}
{"activity_id":1,"activity_name":"Logon","auth_protocol":"MICROSOFT_AUTHENTICATION_PACKAGE_V1_0","auth_protocol_id":99,"category_name":"Identity & Access Management","category_uid":3,"class_name":"Authentication","class_uid":3002,"device":{"hostname":"win-dc-697.attackrange.local","os":{"name":"Windows","type":"Windows","type_id":100},"type":"Unknown","type_id":0},"dst_endpoint":{"hostname":"win-dc-697.attackrange.local"},"message":"The computer attempted to validate the credentials for an account.","metadata":{"event_code":"4776","log_name":"Security","log_provider":"Microsoft Windows security auditing.","original_time":"04/20/2021 05:02:23 PM","product":{"name":"Microsoft Windows","vendor_name":"Microsoft"},"profiles":["host"],"sequence":3578896,"uid":"182025ccc5b69a2553a281a459aa764d","version":"1.4.0"},"observables":[{"name":"user","type":"User","type_id":21},{"name":"user.account.name","type":"Account Object: name","type_id":34,"value":"TONY_SHARPE"},{"name":"user.name","type":"User Name","type_id":4,"value":"TONY_SHARPE"},{"name":"src_endpoint","type":"Endpoint","type_id":20},{"name":"dst_endpoint","type":"Endpoint","type_id":20},{"name":"dst_endpoint.hostname","type":"Hostname","type_id":1,"value":"win-dc-697.attackrange.local"},{"name":"device","type":"Endpoint","type_id":20},{"name":"device.hostname","type":"Hostname","type_id":1,"value":"win-dc-697.attackrange.local"}],"raw_data":"04/20/2021 05:02:23 PM\nLogName=Security\nSourceName=Microsoft Windows security auditing.\nEventCode=4776\nEventType=0\nType=Information\nComputerName=win-dc-697.attackrange.local\nTaskCategory=Credential Validation\nOpCode=Info\nRecordNumber=3578896\nKeywords=Audit Failure\nMessage=The computer attempted to validate the credentials for an account.\nAuthentication Package:\tMICROSOFT_AUTHENTICATION_PACKAGE_V1_0\nLogon Account:\tTONY_SHARPE\nSource Workstation:\tWIN-HOST-816\nError Code:\t0xC000006A","severity":"Informational","severity_id":1,"src_endpoint":{"name":"WIN-HOST-816"},"status":"Failure","status_code":"0xC000006A","status_id":2,"time":1618938143000,"type_name":"Authentication: Logon","type_uid":300201,"unmapped":{"EventType":"0","OpCode":"Info","TaskCategory":"Credential Validation"},"user":{"account":{"name":"TONY_SHARPE","type":"Windows Account","type_id":2},"name":"TONY_SHARPE"}}
{"activity_id":1,"activity_name":"Logon","auth_protocol":"MICROSOFT_AUTHENTICATION_PACKAGE_V1_0","auth_protocol_id":99,"category_name":"Identity & Access Management","category_uid":3,"class_name":"Authentication","class_uid":3002,"device":{"hostname":"win-dc-697.attackrange.local","os":{"name":"Windows","type":"Windows","type_id":100},"type":"Unknown","type_id":0},"dst_endpoint":{"hostname":"win-dc-697.attackrange.local"},"message":"The computer attempted to validate the credentials for an account.","metadata":{"event_code":"4776","log_name":"Security","log_provider":"Microsoft Windows security auditing.","original_time":"04/20/2021 05:02:23 PM","product":{"name":"Microsoft Windows","vendor_name":"Microsoft"},"profiles":["host"],"sequence":3578897,"uid":"a34c1d2a3a60cbe5098ae5fc1e5dff14","version":"1.4.0"},"observables":[{"name":"device","type":"Endpoint","type_id":20},{"name":"device.hostname","type":"Hostname","type_id":1,"value":"win-dc-697.attackrange.local"},{"name":"dst_endpoint","type":"Endpoint","type_id":20},{"name":"dst_endpoint.hostname","type":"Hostname","type_id":1,"value":"win-dc-697.attackrange.local"},{"name":"src_endpoint","type":"Endpoint","type_id":20},{"name":"user","type":"User","type_id":21},{"name":"user.account.name","type":"Account Object: name","type_id":34,"value":"ALFREDO_MERCADO"},{"name":"user.name","type":"User Name","type_id":4,"value":"ALFREDO_MERCADO"}],"raw_data":"04/20/2021 05:02:23 PM\nLogName=Security\nSourceName=Microsoft Windows security auditing.\nEventCode=4776\nEventType=0\nType=Information\nComputerName=win-dc-697.attackrange.local\nTaskCategory=Credential Validation\nOpCode=Info\nRecordNumber=3578897\nKeywords=Audit Failure\nMessage=The computer attempted to validate the credentials for an account.\nAuthentication Package:\tMICROSOFT_AUTHENTICATION_PACKAGE_V1_0\nLogon Account:\tALFREDO_MERCADO\nSource Workstation:\tWIN-HOST-816\nError Code:\t0xC000006A","severity":"Informational","severity_id":1,"src_endpoint":{"name":"WIN-HOST-816"},"status":"Failure","status_code":"0xC000006A","status_id":2,"time":1618938143000,"type_name":"Authentication: Logon","type_uid":300201,"unmapped":{"EventType":"0","OpCode":"Info","TaskCategory":"Credential Validation"},"user":{"account":{"name":"ALFREDO_MERCADO","type":"Windows Account","type_id":2},"name":"ALFREDO_MERCADO"}}
{"activity_id":1,"activity_name":"Logon","auth_protocol":"MICROSOFT_AUTHENTICATION_PACKAGE_V1_0","auth_protocol_id":99,"category_name":"Identity & Access Management","category_uid":3,"class_name":"Authentication","class_uid":3002,"device":{"hostname":"win-dc-697.attackrange.local","os":{"name":"Windows","type":"Windows","type_id":100},"type":"Unknown","type_id":0},"dst_endpoint":{"hostname":"win-dc-697.attackrange.local"},"message":"The computer attempted to validate the credentials for an account.","metadata":{"event_code":"4776","log_name":"Security","log_provider":"Microsoft Windows security auditing.","original_time":"04/20/2021 05:02:23 PM","product":{"name":"Microsoft Windows","vendor_name":"Microsoft"},"profiles":["host"],"sequence":3578898,"uid":"89e8dc26a0673c78f4babcd0f4ef61e6","version":"1.4.0"},"observables":[{"name":"device","type":"Endpoint","type_id":20},{"name":"device.hostname","type":"Hostname","type_id":1,"value":"win-dc-697.attackrange.local"},{"name":"src_endpoint","type":"Endpoint","type_id":20},{"name":"dst_endpoint","type":"Endpoint","type_id":20},{"name":"dst_endpoint.hostname","type":"Hostname","type_id":1,"value":"win-dc-697.attackrange.local"},{"name":"user","type":"User","type_id":21},{"name":"user.account.name","type":"Account Object: name","type_id":34,"value":"RANDAL_MELENDEZ"},{"name":"user.name","type":"User Name","type_id":4,"value":"RANDAL_MELENDEZ"}],"raw_data":"04/20/2021 05:02:23 PM\nLogName=Security\nSourceName=Microsoft Windows security auditing.\nEventCode=4776\nEventType=0\nType=Information\nComputerName=win-dc-697.attackrange.local\nTaskCategory=Credential Validation\nOpCode=Info\nRecordNumber=3578898\nKeywords=Audit Failure\nMessage=The computer attempted to validate the credentials for an account.\nAuthentication Package:\tMICROSOFT_AUTHENTICATION_PACKAGE_V1_0\nLogon Account:\tRANDAL_MELENDEZ\nSource Workstation:\tWIN-HOST-816\nError Code:\t0xC000006A","severity":"Informational","severity_id":1,"src_endpoint":{"name":"WIN-HOST-816"},"status":"Failure","status_code":"0xC000006A","status_id":2,"time":1618938143000,"type_name":"Authentication: Logon","type_uid":300201,"unmapped":{"EventType":"0","OpCode":"Info","TaskCategory":"Credential Validation"},"user":{"account":{"name":"RANDAL_MELENDEZ","type":"Windows Account","type_id":2},"name":"RANDAL_MELENDEZ"}}
{"activity_id":1,"activity_name":"Logon","auth_protocol":"MICROSOFT_AUTHENTICATION_PACKAGE_V1_0","auth_protocol_id":99,"category_name":"Identity & Access Management","category_uid":3,"class_name":"Authentication","class_uid":3002,"device":{"hostname":"win-dc-697.attackrange.local","os":{"name":"Windows","type":"Windows","type_id":100},"type":"Unknown","type_id":0},"dst_endpoint":{"hostname":"win-dc-697.attackrange.local"},"message":"The computer attempted to validate the credentials for an account.","metadata":{"event_code":"4776","log_name":"Security","log_provider":"Microsoft Windows security auditing.","original_time":"04/20/2021 05:02:23 PM","product":{"name":"Microsoft Windows","vendor_name":"Microsoft"},"profiles":["host"],"sequence":3578899,"uid":"60e874e96630b2c6337351c074baf096","version":"1.4.0"},"observables":[{"name":"user","type":"User","type_id":21},{"name":"user.name","type":"User Name","type_id":4,"value":"VANCE_LINDSEY"},{"name":"user.account.name","type":"Account Object: name","type_id":34,"value":"VANCE_LINDSEY"},{"name":"device","type":"Endpoint","type_id":20},{"name":"device.hostname","type":"Hostname","type_id":1,"value":"win-dc-697.attackrange.local"},{"name":"dst_endpoint","type":"Endpoint","type_id":20},{"name":"dst_endpoint.hostname","type":"Hostname","type_id":1,"value":"win-dc-697.attackrange.local"},{"name":"src_endpoint","type":"Endpoint","type_id":20}],"raw_data":"04/20/2021 05:02:23 PM\nLogName=Security\nSourceName=Microsoft Windows security auditing.\nEventCode=4776\nEventType=0\nType=Information\nComputerName=win-dc-697.attackrange.local\nTaskCategory=Credential Validation\nOpCode=Info\nRecordNumber=3578899\nKeywords=Audit Failure\nMessage=The computer attempted to validate the credentials for an account.\nAuthentication Package:\tMICROSOFT_AUTHENTICATION_PACKAGE_V1_0\nLogon Account:\tVANCE_LINDSEY\nSource Workstation:\tWIN-HOST-816\nError Code:\t0xC000006A","severity":"Informational","severity_id":1,"src_endpoint":{"name":"WIN-HOST-816"},"status":"Failure","status_code":"0xC000006A","status_id":2,"time":1618938143000,"type_name":"Authentication: Logon","type_uid":300201,"unmapped":{"EventType":"0","OpCode":"Info","TaskCategory":"Credential Validation"},"user":{"account":{"name":"VANCE_LINDSEY","type":"Windows Account","type_id":2},"name":"VANCE_LINDSEY"}}
{"activity_id":1,"activity_name":"Logon","auth_protocol":"MICROSOFT_AUTHENTICATION_PACKAGE_V1_0","auth_protocol_id":99,"category_name":"Identity & Access Management","category_uid":3,"class_name":"Authentication","class_uid":3002,"device":{"hostname":"win-dc-697.attackrange.local","os":{"name":"Windows","type":"Windows","type_id":100},"type":"Unknown","type_id":0},"dst_endpoint":{"hostname":"win-dc-697.attackrange.local"},"message":"The computer attempted to validate the credentials for an account.","metadata":{"event_code":"4776","log_name":"Security","log_provider":"Microsoft Windows security auditing.","original_time":"04/20/2021 05:02:23 PM","product":{"name":"Microsoft Windows","vendor_name":"Microsoft"},"profiles":["host"],"sequence":3578900,"uid":"2649b7a947d854981a2cbf3600831870","version":"1.4.0"},"observables":[{"name":"device","type":"Endpoint","type_id":20},{"name":"device.hostname","type":"Hostname","type_id":1,"value":"win-dc-697.attackrange.local"},{"name":"user","type":"User","type_id":21},{"name":"user.account.name","type":"Account Object: name","type_id":34,"value":"KERRI_RIVERS"},{"name":"user.name","type":"User Name","type_id":4,"value":"KERRI_RIVERS"},{"name":"src_endpoint","type":"Endpoint","type_id":20},{"name":"dst_endpoint","type":"Endpoint","type_id":20},{"name":"dst_endpoint.hostname","type":"Hostname","type_id":1,"value":"win-dc-697.attackrange.local"}],"raw_data":"04/20/2021 05:02:23 PM\nLogName=Security\nSourceName=Microsoft Windows security auditing.\nEventCode=4776\nEventType=0\nType=Information\nComputerName=win-dc-697.attackrange.local\nTaskCategory=Credential Validation\nOpCode=Info\nRecordNumber=3578900\nKeywords=Audit Failure\nMessage=The computer attempted to validate the credentials for an account.\nAuthentication Package:\tMICROSOFT_AUTHENTICATION_PACKAGE_V1_0\nLogon Account:\tKERRI_RIVERS\nSource Workstation:\tWIN-HOST-816\nError Code:\t0xC000006A","severity":"Informational","severity_id":1,"src_endpoint":{"name":"WIN-HOST-816"},"status":"Failure","status_code":"0xC000006A","status_id":2,"time":1618938143000,"type_name":"Authentication: Logon","type_uid":300201,"unmapped":{"EventType":"0","OpCode":"Info","TaskCategory":"Credential Validation"},"user":{"account":{"name":"KERRI_RIVERS","type":"Windows Account","type_id":2},"name":"KERRI_RIVERS"}}
{"activity_id":1,"activity_name":"Logon","auth_protocol":"MICROSOFT_AUTHENTICATION_PACKAGE_V1_0","auth_protocol_id":99,"category_name":"Identity & Access Management","category_uid":3,"class_name":"Authentication","class_uid":3002,"device":{"hostname":"win-dc-697.attackrange.local","os":{"name":"Windows","type":"Windows","type_id":100},"type":"Unknown","type_id":0},"dst_endpoint":{"hostname":"win-dc-697.attackrange.local"},"message":"The computer attempted to validate the credentials for an account.","metadata":{"event_code":"4776","log_name":"Security","log_provider":"Microsoft Windows security auditing.","original_time":"04/20/2021 05:02:23 PM","product":{"name":"Microsoft Windows","vendor_name":"Microsoft"},"profiles":["host"],"sequence":3578901,"uid":"d3efdb156bd9c19075ddd15348cf1268","version":"1.4.0"},"observables":[{"name":"device","type":"Endpoint","type_id":20},{"name":"device.hostname","type":"Hostname","type_id":1,"value":"win-dc-697.attackrange.local"},{"name":"user","type":"User","type_id":21},{"name":"user.account.name","type":"Account Object: name","type_id":34,"value":"JEFFREY_DUNN"},{"name":"user.name","type":"User Name","type_id":4,"value":"JEFFREY_DUNN"},{"name":"src_endpoint","type":"Endpoint","type_id":20},{"name":"dst_endpoint","type":"Endpoint","type_id":20},{"name":"dst_endpoint.hostname","type":"Hostname","type_id":1,"value":"win-dc-697.attackrange.local"}],"raw_data":"04/20/2021 05:02:23 PM\nLogName=Security\nSourceName=Microsoft Windows security auditing.\nEventCode=4776\nEventType=0\nType=Information\nComputerName=win-dc-697.attackrange.local\nTaskCategory=Credential Validation\nOpCode=Info\nRecordNumber=3578901\nKeywords=Audit Failure\nMessage=The computer attempted to validate the credentials for an account.\nAuthentication Package:\tMICROSOFT_AUTHENTICATION_PACKAGE_V1_0\nLogon Account:\tJEFFREY_DUNN\nSource Workstation:\tWIN-HOST-816\nError Code:\t0xC000006A","severity":"Informational","severity_id":1,"src_endpoint":{"name":"WIN-HOST-816"},"status":"Failure","status_code":"0xC000006A","status_id":2,"time":1618938143000,"type_name":"Authentication: Logon","type_uid":300201,"unmapped":{"EventType":"0","OpCode":"Info","TaskCategory":"Credential Validation"},"user":{"account":{"name":"JEFFREY_DUNN","type":"Windows Account","type_id":2},"name":"JEFFREY_DUNN"}}
{"activity_id":1,"activity_name":"Logon","auth_protocol":"MICROSOFT_AUTHENTICATION_PACKAGE_V1_0","auth_protocol_id":99,"category_name":"Identity & Access Management","category_uid":3,"class_name":"Authentication","class_uid":3002,"device":{"hostname":"win-dc-697.attackrange.local","os":{"name":"Windows","type":"Windows","type_id":100},"type":"Unknown","type_id":0},"dst_endpoint":{"hostname":"win-dc-697.attackrange.local"},"message":"The computer attempted to validate the credentials for an account.","metadata":{"event_code":"4776","log_name":"Security","log_provider":"Microsoft Windows security auditing.","original_time":"04/20/2021 05:02:23 PM","product":{"name":"Microsoft Windows","vendor_name":"Microsoft"},"profiles":["host"],"sequence":3578902,"uid":"4c2f6477a44fa09afc05b9db8815053e","version":"1.4.0"},"observables":[{"name":"src_endpoint","type":"Endpoint","type_id":20},{"name":"dst_endpoint","type":"Endpoint","type_id":20},{"name":"dst_endpoint.hostname","type":"Hostname","type_id":1,"value":"win-dc-697.attackrange.local"},{"name":"user","type":"User","type_id":21},{"name":"user.name","type":"User Name","type_id":4,"value":"LEONARDO_SEARS"},{"name":"user.account.name","type":"Account Object: name","type_id":34,"value":"LEONARDO_SEARS"},{"name":"device","type":"Endpoint","type_id":20},{"name":"device.hostname","type":"Hostname","type_id":1,"value":"win-dc-697.attackrange.local"}],"raw_data":"04/20/2021 05:02:23 PM\nLogName=Security\nSourceName=Microsoft Windows security auditing.\nEventCode=4776\nEventType=0\nType=Information\nComputerName=win-dc-697.attackrange.local\nTaskCategory=Credential Validation\nOpCode=Info\nRecordNumber=3578902\nKeywords=Audit Failure\nMessage=The computer attempted to validate the credentials for an account.\nAuthentication Package:\tMICROSOFT_AUTHENTICATION_PACKAGE_V1_0\nLogon Account:\tLEONARDO_SEARS\nSource Workstation:\tWIN-HOST-816\nError Code:\t0xC000006A","severity":"Informational","severity_id":1,"src_endpoint":{"name":"WIN-HOST-816"},"status":"Failure","status_code":"0xC000006A","status_id":2,"time":1618938143000,"type_name":"Authentication: Logon","type_uid":300201,"unmapped":{"EventType":"0","OpCode":"Info","TaskCategory":"Credential Validation"},"user":{"account":{"name":"LEONARDO_SEARS","type":"Windows Account","type_id":2},"name":"LEONARDO_SEARS"}}
{"activity_id":1,"activity_name":"Logon","auth_protocol":"MICROSOFT_AUTHENTICATION_PACKAGE_V1_0","auth_protocol_id":99,"category_name":"Identity & Access Management","category_uid":3,"class_name":"Authentication","class_uid":3002,"device":{"hostname":"win-dc-697.attackrange.local","os":{"name":"Windows","type":"Windows","type_id":100},"type":"Unknown","type_id":0},"dst_endpoint":{"hostname":"win-dc-697.attackrange.local"},"message":"The computer attempted to validate the credentials for an account.","metadata":{"event_code":"4776","log_name":"Security","log_provider":"Microsoft Windows security auditing.","original_time":"04/20/2021 05:02:23 PM","product":{"name":"Microsoft Windows","vendor_name":"Microsoft"},"profiles":["host"],"sequence":3578903,"uid":"fb93f53214532c9e978530fc10bac135","version":"1.4.0"},"observables":[{"name":"dst_endpoint","type":"Endpoint","type_id":20},{"name":"dst_endpoint.hostname","type":"Hostname","type_id":1,"value":"win-dc-697.attackrange.local"},{"name":"user","type":"User","type_id":21},{"name":"user.account.name","type":"Account Object: name","type_id":34,"value":"LISA_HEAD"},{"name":"user.name","type":"User Name","type_id":4,"value":"LISA_HEAD"},{"name":"device","type":"Endpoint","type_id":20},{"name":"device.hostname","type":"Hostname","type_id":1,"value":"win-dc-697.attackrange.local"},{"name":"src_endpoint","type":"Endpoint","type_id":20}],"raw_data":"04/20/2021 05:02:23 PM\nLogName=Security\nSourceName=Microsoft Windows security auditing.\nEventCode=4776\nEventType=0\nType=Information\nComputerName=win-dc-697.attackrange.local\nTaskCategory=Credential Validation\nOpCode=Info\nRecordNumber=3578903\nKeywords=Audit Failure\nMessage=The computer attempted to validate the credentials for an account.\nAuthentication Package:\tMICROSOFT_AUTHENTICATION_PACKAGE_V1_0\nLogon Account:\tLISA_HEAD\nSource Workstation:\tWIN-HOST-816\nError Code:\t0xC000006A","severity":"Informational","severity_id":1,"src_endpoint":{"name":"WIN-HOST-816"},"status":"Failure","status_code":"0xC000006A","status_id":2,"time":1618938143000,"type_name":"Authentication: Logon","type_uid":300201,"unmapped":{"EventType":"0","OpCode":"Info","TaskCategory":"Credential Validation"},"user":{"account":{"name":"LISA_HEAD","type":"Windows Account","type_id":2},"name":"LISA_HEAD"}}
{"activity_id":1,"activity_name":"Logon","auth_protocol":"MICROSOFT_AUTHENTICATION_PACKAGE_V1_0","auth_protocol_id":99,"category_name":"Identity & Access Management","category_uid":3,"class_name":"Authentication","class_uid":3002,"device":{"hostname":"win-dc-697.attackrange.local","os":{"name":"Windows","type":"Windows","type_id":100},"type":"Unknown","type_id":0},"dst_endpoint":{"hostname":"win-dc-697.attackrange.local"},"message":"The computer attempted to validate the credentials for an account.","metadata":{"event_code":"4776","log_name":"Security","log_provider":"Microsoft Windows security auditing.","original_time":"04/20/2021 05:02:23 PM","product":{"name":"Microsoft Windows","vendor_name":"Microsoft"},"profiles":["host"],"sequence":3578886,"uid":"0d9c1585009a16d2498efe3004f81cfe","version":"1.4.0"},"observables":[{"name":"src_endpoint","type":"Endpoint","type_id":20},{"name":"user","type":"User","type_id":21},{"name":"user.account.name","type":"Account Object: name","type_id":34,"value":"LORRIE_MOSES"},{"name":"user.name","type":"User Name","type_id":4,"value":"LORRIE_MOSES"},{"name":"dst_endpoint","type":"Endpoint","type_id":20},{"name":"dst_endpoint.hostname","type":"Hostname","type_id":1,"value":"win-dc-697.attackrange.local"},{"name":"device","type":"Endpoint","type_id":20},{"name":"device.hostname","type":"Hostname","type_id":1,"value":"win-dc-697.attackrange.local"}],"raw_data":"04/20/2021 05:02:23 PM\nLogName=Security\nSourceName=Microsoft Windows security auditing.\nEventCode=4776\nEventType=0\nType=Information\nComputerName=win-dc-697.attackrange.local\nTaskCategory=Credential Validation\nOpCode=Info\nRecordNumber=3578886\nKeywords=Audit Failure\nMessage=The computer attempted to validate the credentials for an account.\nAuthentication Package:\tMICROSOFT_AUTHENTICATION_PACKAGE_V1_0\nLogon Account:\tLORRIE_MOSES\nSource Workstation:\tWIN-HOST-816\nError Code:\t0xC000006A","severity":"Informational","severity_id":1,"src_endpoint":{"name":"WIN-HOST-816"},"status":"Failure","status_code":"0xC000006A","status_id":2,"time":1618938143000,"type_name":"Authentication: Logon","type_uid":300201,"unmapped":{"EventType":"0","OpCode":"Info","TaskCategory":"Credential Validation"},"user":{"account":{"name":"LORRIE_MOSES","type":"Windows Account","type_id":2},"name":"LORRIE_MOSES"}}
{"activity_id":1,"activity_name":"Logon","auth_protocol":"MICROSOFT_AUTHENTICATION_PACKAGE_V1_0","auth_protocol_id":99,"category_name":"Identity & Access Management","category_uid":3,"class_name":"Authentication","class_uid":3002,"device":{"hostname":"win-dc-697.attackrange.local","os":{"name":"Windows","type":"Windows","type_id":100},"type":"Unknown","type_id":0},"dst_endpoint":{"hostname":"win-dc-697.attackrange.local"},"message":"The computer attempted to validate the credentials for an account.","metadata":{"event_code":"4776","log_name":"Security","log_provider":"Microsoft Windows security auditing.","original_time":"04/20/2021 05:02:23 PM","product":{"name":"Microsoft Windows","vendor_name":"Microsoft"},"profiles":["host"],"sequence":3578904,"uid":"8c70b852d96e02adba785e881e7f2d14","version":"1.4.0"},"observables":[{"name":"user","type":"User","type_id":21},{"name":"user.account.name","type":"Account Object: name","type_id":34,"value":"MARGO_FREEMAN"},{"name":"user.name","type":"User Name","type_id":4,"value":"MARGO_FREEMAN"},{"name":"device","type":"Endpoint","type_id":20},{"name":"device.hostname","type":"Hostname","type_id":1,"value":"win-dc-697.attackrange.local"},{"name":"dst_endpoint","type":"Endpoint","type_id":20},{"name":"dst_endpoint.hostname","type":"Hostname","type_id":1,"value":"win-dc-697.attackrange.local"},{"name":"src_endpoint","type":"Endpoint","type_id":20}],"raw_data":"04/20/2021 05:02:23 PM\nLogName=Security\nSourceName=Microsoft Windows security auditing.\nEventCode=4776\nEventType=0\nType=Information\nComputerName=win-dc-697.attackrange.local\nTaskCategory=Credential Validation\nOpCode=Info\nRecordNumber=3578904\nKeywords=Audit Failure\nMessage=The computer attempted to validate the credentials for an account.\nAuthentication Package:\tMICROSOFT_AUTHENTICATION_PACKAGE_V1_0\nLogon Account:\tMARGO_FREEMAN\nSource Workstation:\tWIN-HOST-816\nError Code:\t0xC000006A","severity":"Informational","severity_id":1,"src_endpoint":{"name":"WIN-HOST-816"},"status":"Failure","status_code":"0xC000006A","status_id":2,"time":1618938143000,"type_name":"Authentication: Logon","type_uid":300201,"unmapped":{"EventType":"0","OpCode":"Info","TaskCategory":"Credential Validation"},"user":{"account":{"name":"MARGO_FREEMAN","type":"Windows Account","type_id":2},"name":"MARGO_FREEMAN"}}
