{"activity_id":1,"activity_name":"Logon","actor":{"process":{"file":{"name":"DsPcSrv.exe","parent_folder":"C:\\Program Files (x86)\\Common Files\\NT-ware Shared","path":"C:\\Program Files (x86)\\Common Files\\NT-ware Shared\\DsPcSrv.exe","type":"Regular File","type_id":1},"pid":27944},"session":{"uid":"0x3E7"},"user":{"account":{"name":"SV5-SRD-PRNT002$","type":"Windows Account","type_id":2,"uid":"S-1-5-18"},"domain":"SPLUNKCORP","name":"SV5-SRD-PRNT002$","uid":"S-1-5-18"}},"auth_protocol":"MICROSOFT_AUTHENTICATION_PACKAGE_V1_0","auth_protocol_id":99,"category_name":"Identity & Access Management","category_uid":3,"class_name":"Authentication","class_uid":3002,"device":{"hostname":"SV5-SRD-PRNT002.splunkcorp.com","os":{"name":"Windows","type":"Windows","type_id":100},"type":"Unknown","type_id":0},"dst_endpoint":{"hostname":"SV5-SRD-PRNT002.splunkcorp.com"},"logon_process":{"name":"Advapi","pid":-1},"logon_type":"New Credentials","logon_type_id":9,"message":"An account failed to log on.","metadata":{"event_code":"4625","log_name":"Security","log_provider":"Microsoft Windows security auditing.","original_time":"11/05/2021 07:52:10 AM","product":{"name":"Microsoft Windows","vendor_name":"Microsoft"},"profiles":["host"],"sequence":568288,"uid":"b64b6fc6acd6300cdbdf0794f223fc9f","version":"1.4.0"},"observables":[{"name":"dst_endpoint","type":"Endpoint","type_id":20},{"name":"dst_endpoint.hostname","type":"Hostname","type_id":1,"value":"SV5-SRD-PRNT002.splunkcorp.com"},{"name":"logon_process","type":"Process","type_id":25},{"name":"logon_process.name","type":"Process Name","type_id":9,"value":"Advapi"},{"name":"logon_process.pid","type":"Process ID","type_id":15,"value":"-1"},{"name":"src_endpoint","type":"Endpoint","type_id":20},{"name":"src_endpoint.ip","type":"IP Address","type_id":2,"value":"-"},{"name":"src_endpoint.port","type":"Port","type_id":11,"value":"0"},{"name":"user","type":"User","type_id":21},{"name":"user.account.name","type":"Account Object: name","type_id":34,"value":"-"},{"name":"user.account.uid","type":"Account Object: uid","type_id":35,"value":"S-1-0-0"},{"name":"user.name","type":"User Name","type_id":4,"value":"-"},{"name":"user.uid","type":"User Object: uid","type_id":31,"value":"S-1-0-0"},{"name":"actor.process","type":"Process","type_id":25},{"name":"actor.process.pid","type":"Process ID","type_id":15,"value":"27944"},{"name":"actor.process.file","type":"File","type_id":24},{"name":"actor.process.file.name","type":"File Name","type_id":7,"value":"DsPcSrv.exe"},{"name":"actor.user","type":"User","type_id":21},{"name":"actor.user.account.uid","type":"Account Object: uid","type_id":35,"value":"S-1-5-18"},{"name":"actor.user.account.name","type":"Account Object: name","type_id":34,"value":"SV5-SRD-PRNT002$"},{"name":"actor.user.name","type":"User Name","type_id":4,"value":"SV5-SRD-PRNT002$"},{"name":"actor.user.uid","type":"User Object: uid","type_id":31,"value":"S-1-5-18"},{"name":"device","type":"Endpoint","type_id":20},{"name":"device.hostname","type":"Hostname","type_id":1,"value":"SV5-SRD-PRNT002.splunkcorp.com"}],"raw_data":"11/05/2021 07:52:10 AM\nLogName=Security\nEventCode=4625\nEventType=0\nComputerName=SV5-SRD-PRNT002.splunkcorp.com\nSourceName=Microsoft Windows security auditing.\nType=Information\nRecordNumber=568288\nKeywords=Audit Failure\nTaskCategory=Logon\nOpCode=Info\nMessage=An account failed to log on.\n\nSubject:\n\tSecurity ID:\t\tS-1-5-18\n\tAccount Name:\t\tSV5-SRD-PRNT002$\n\tAccount Domain:\t\tSPLUNKCORP\n\tLogon ID:\t\t0x3E7\n\nLogon Type:\t\t\t9\n\nAccount For Which Logon Failed:\n\tSecurity ID:\t\tS-1-0-0\n\tAccount Name:\t\t-\n\tAccount Domain:\t\t-\n\nFailure Information:\n\tFailure Reason:\t\tAn Error occured during Logon.\n\tStatus:\t\t\t0xC000010B\n\tSub Status:\t\t0x0\n\nProcess Information:\n\tCaller Process ID:\t0x6d28\n\tCaller Process Name:\tC:\\Program Files (x86)\\Common Files\\NT-ware Shared\\DsPcSrv.exe\n\nNetwork Information:\n\tWorkstation Name:\t-\n\tSource Network Address:\t-\n\tSource Port:\t\t-\n\nDetailed Authentication Information:\n\tLogon Process:\t\tAdvapi\n\tAuthentication Package:\tMICROSOFT_AUTHENTICATION_PACKAGE_V1_0\n\tTransited Services:\t-\n\tPackage Name (NTLM only):\t-\n\tKey Length:\t\t0\n\nThis event is generated when a logon request fails. It is generated on the computer where access was attempted.\n\nThe Subject fields indicate the account on the local system which requested the logon. This is most commonly a service such as the Server service, or a local process such as Winlogon.exe or Services.exe.\n\nThe Logon Type field indicates the kind of logon that was requested. The most common types are 2 (interactive) and 3 (network).\n\nThe Process Information fields indicate which account and process on the system requested the logon.\n\nThe Network Information fields indicate where a remote logon request originated. Workstation name is not always available and may be left blank in some cases.\n\nThe authentication information fields provide detailed information about this specific logon request.\n\t- Transited services indicate which intermediate services have participated in this logon request.\n\t- Package name indicates which sub-protocol was used among the NTLM protocols.\n\t- Key length indicates the length of the generated session key. This will be 0 if no session key was requested.\n","severity":"Informational","severity_id":1,"src_endpoint":{"ip":"-","name":"-","port":0},"status":"Failure","status_code":"0xC000010B","status_detail":"An Error occured during Logon.","status_id":2,"time":1636098730000,"type_name":"Authentication: Logon","type_uid":300201,"unmapped":{"Detailed Authentication Information":{"Key Length":"0","Package Name (NTLM only)":"-","Transited Services":"-"},"EventType":"0","Failure Information":{"Sub Status":"0x0"},"OpCode":"Info","TaskCategory":"Logon"},"user":{"account":{"name":"-","type":"Windows Account","type_id":2,"uid":"S-1-0-0"},"domain":"-","name":"-","uid":"S-1-0-0"}}
{"activity_id":1,"activity_name":"Logon","actor":{"process":{"file":{"name":"-","path":"-","type":"Regular File","type_id":1},"pid":0},"session":{"uid":"0x0"},"user":{"account":{"name":"-","type":"Windows Account","type_id":2,"uid":"NULL SID"},"domain":"-","name":"-","uid":"NULL SID"}},"auth_protocol":"NTLM","auth_protocol_id":1,"category_name":"Identity & Access Management","category_uid":3,"class_name":"Authentication","class_uid":3002,"device":{"hostname":"WSDCKAS1.emn.com","os":{"name":"Windows","type":"Windows","type_id":100},"type":"Unknown","type_id":0},"dst_endpoint":{"hostname":"WSDCKAS1.emn.com"},"logon_process":{"name":"NtLmSsp","pid":-1},"logon_type":"Network","logon_type_id":3,"message":"An account failed to log on.","metadata":{"event_code":"4625","log_name":"Security","log_provider":"Microsoft Windows security auditing.","original_time":"01/09/2019 05:01:12 PM","product":{"name":"Microsoft Windows","vendor_name":"Microsoft"},"profiles":["host"],"sequence":565192348,"uid":"f8d0c6e232a9d2e78299c936d47d94c6","version":"1.4.0"},"observables":[{"name":"src_endpoint","type":"Endpoint","type_id":20},{"name":"src_endpoint.ip","type":"IP Address","type_id":2,"value":"168.136.54.26"},{"name":"src_endpoint.port","type":"Port","type_id":11,"value":"63388"},{"name":"logon_process","type":"Process","type_id":25},{"name":"logon_process.name","type":"Process Name","type_id":9,"value":"NtLmSsp"},{"name":"logon_process.pid","type":"Process ID","type_id":15,"value":"-1"},{"name":"user","type":"User","type_id":21},{"name":"user.account.uid","type":"Account Object: uid","type_id":35,"value":"NULL SID"},{"name":"user.account.name","type":"Account Object: name","type_id":34,"value":"sp-admin"},{"name":"user.name","type":"User Name","type_id":4,"value":"sp-admin"},{"name":"user.uid","type":"User Object: uid","type_id":31,"value":"NULL SID"},{"name":"device","type":"Endpoint","type_id":20},{"name":"device.hostname","type":"Hostname","type_id":1,"value":"WSDCKAS1.emn.com"},{"name":"actor.process","type":"Process","type_id":25},{"name":"actor.process.pid","type":"Process ID","type_id":15,"value":"0"},{"name":"actor.process.file","type":"File","type_id":24},{"name":"actor.process.file.name","type":"File Name","type_id":7,"value":"-"},{"name":"actor.user","type":"User","type_id":21},{"name":"actor.user.account.uid","type":"Account Object: uid","type_id":35,"value":"NULL SID"},{"name":"actor.user.account.name","type":"Account Object: name","type_id":34,"value":"-"},{"name":"actor.user.name","type":"User Name","type_id":4,"value":"-"},{"name":"actor.user.uid","type":"User Object: uid","type_id":31,"value":"NULL SID"},{"name":"dst_endpoint","type":"Endpoint","type_id":20},{"name":"dst_endpoint.hostname","type":"Hostname","type_id":1,"value":"WSDCKAS1.emn.com"}],"raw_data":"01/09/2019 05:01:12 PM\nLogName=Security\nSourceName=Microsoft Windows security auditing.\nEventCode=4625\nEventType=0\nType=Information\nComputerName=WSDCKAS1.emn.com\nTaskCategory=Logon\nOpCode=Info\nRecordNumber=565192348\nKeywords=Audit Failure\nMessage=An account failed to log on.\nSubject:\n\tSecurity ID:\t\tNULL SID\n\tAccount Name:\t\t-\n\tAccount Domain:\t\t-\n\tLogon ID:\t\t0x0\nLogon Type:\t\t\t3\nAccount For Which Logon Failed:\n\tSecurity ID:\t\tNULL SID\n\tAccount Name:\t\tsp-admin\n\tAccount Domain:\t\tCSE\nFailure Information:\n\tFailure Reason:\t\tUnknown user name or bad password.\n\tStatus:\t\t\t0xc000006d\n\tSub Status:\t\t0xc0000064\nProcess Information:\n\tCaller Process ID:\t0x0\n\tCaller Process Name:\t-\nNetwork Information:\n\tWorkstation Name:\tENGCSEAPEX01\n\tSource Network Address:\t168.136.54.26\n\tSource Port:\t\t63388\nDetailed Authentication Information:\n\tLogon Process:\t\tNtLmSsp\n\tAuthentication Package:\tNTLM\n\tTransited Services:\t-\n\tPackage Name (NTLM only):\t-\n\tKey Length:\t\t0","severity":"Informational","severity_id":1,"src_endpoint":{"ip":"168.136.54.26","name":"ENGCSEAPEX01","port":63388},"status":"Failure","status_code":"0xc000006d","status_detail":"Unknown user name or bad password.","status_id":2,"time":1547053272000,"type_name":"Authentication: Logon","type_uid":300201,"unmapped":{"Detailed Authentication Information":{"Key Length":"0","Package Name (NTLM only)":"-","Transited Services":"-"},"EventType":"0","Failure Information":{"Sub Status":"0xc0000064"},"OpCode":"Info","TaskCategory":"Logon"},"user":{"account":{"name":"sp-admin","type":"Windows Account","type_id":2,"uid":"NULL SID"},"domain":"CSE","name":"sp-admin","uid":"NULL SID"}}
{"activity_id":1,"activity_name":"Logon","actor":{"process":{"file":{"name":"-","path":"-","type":"Regular File","type_id":1},"pid":0},"session":{"uid":"0x0"},"user":{"account":{"name":"-","type":"Windows Account","type_id":2,"uid":"NULL SID"},"domain":"-","name":"-","uid":"NULL SID"}},"auth_protocol":"NTLM","auth_protocol_id":1,"category_name":"Identity & Access Management","category_uid":3,"class_name":"Authentication","class_uid":3002,"device":{"hostname":"WSDCKAS1.emn.com","os":{"name":"Windows","type":"Windows","type_id":100},"type":"Unknown","type_id":0},"dst_endpoint":{"hostname":"WSDCKAS1.emn.com"},"logon_process":{"name":"NtLmSsp","pid":-1},"logon_type":"Network","logon_type_id":3,"message":"An account failed to log on.","metadata":{"event_code":"4625","log_name":"Security","log_provider":"Microsoft Windows security auditing.","original_time":"01/09/2019 05:01:12 PM","product":{"name":"Microsoft Windows","vendor_name":"Microsoft"},"profiles":["host"],"sequence":565192348,"uid":"2c218dc583fd8fb9b0755df871612fde","version":"1.4.0"},"observables":[{"name":"dst_endpoint","type":"Endpoint","type_id":20},{"name":"dst_endpoint.hostname","type":"Hostname","type_id":1,"value":"WSDCKAS1.emn.com"},{"name":"user","type":"User","type_id":21},{"name":"user.account.uid","type":"Account Object: uid","type_id":35,"value":"NULL SID"},{"name":"user.account.name","type":"Account Object: name","type_id":34,"value":"test user"},{"name":"user.name","type":"User Name","type_id":4,"value":"test user"},{"name":"user.uid","type":"User Object: uid","type_id":31,"value":"NULL SID"},{"name":"actor.user","type":"User","type_id":21},{"name":"actor.user.account.uid","type":"Account Object: uid","type_id":35,"value":"NULL SID"},{"name":"actor.user.account.name","type":"Account Object: name","type_id":34,"value":"-"},{"name":"actor.user.name","type":"User Name","type_id":4,"value":"-"},{"name":"actor.user.uid","type":"User Object: uid","type_id":31,"value":"NULL SID"},{"name":"actor.process","type":"Process","type_id":25},{"name":"actor.process.pid","type":"Process ID","type_id":15,"value":"0"},{"name":"actor.process.file","type":"File","type_id":24},{"name":"actor.process.file.name","type":"File Name","type_id":7,"value":"-"},{"name":"device","type":"Endpoint","type_id":20},{"name":"device.hostname","type":"Hostname","type_id":1,"value":"WSDCKAS1.emn.com"},{"name":"logon_process","type":"Process","type_id":25},{"name":"logon_process.name","type":"Process Name","type_id":9,"value":"NtLmSsp"},{"name":"logon_process.pid","type":"Process ID","type_id":15,"value":"-1"},{"name":"src_endpoint","type":"Endpoint","type_id":20},{"name":"src_endpoint.ip","type":"IP Address","type_id":2,"value":"168.136.54.26"},{"name":"src_endpoint.port","type":"Port","type_id":11,"value":"63388"}],"raw_data":"01/09/2019 05:01:12 PM\nLogName=Security\nSourceName=Microsoft Windows security auditing.\nEventCode=4625\nEventType=0\nType=Information\nComputerName=WSDCKAS1.emn.com\nTaskCategory=Logon\nOpCode=Info\nRecordNumber=565192348\nKeywords=Audit Failure\nMessage=An account failed to log on.\nSubject:\n\tSecurity ID:\t\tNULL SID\n\tAccount Name:\t\t-\n\tAccount Domain:\t\t-\n\tLogon ID:\t\t0x0\nLogon Type:\t\t\t3\nAccount For Which Logon Failed:\n\tSecurity ID:\t\tNULL SID\n\tAccount Name:\t\ttest user\n\tAccount Domain:\t\tCSE\nFailure Information:\n\tFailure Reason:\t\tUnknown user name or bad password.\n\tStatus:\t\t\t0xc000006d\n\tSub Status:\t\t0xc0000064\nProcess Information:\n\tCaller Process ID:\t0x0\n\tCaller Process Name:\t-\nNetwork Information:\n\tWorkstation Name:\tENGCSEAPEX01\n\tSource Network Address:\t168.136.54.26\n\tSource Port:\t\t63388\nDetailed Authentication Information:\n\tLogon Process:\t\tNtLmSsp\n\tAuthentication Package:\tNTLM\n\tTransited Services:\t-\n\tPackage Name (NTLM only):\t-\n\tKey Length:\t\t0","severity":"Informational","severity_id":1,"src_endpoint":{"ip":"168.136.54.26","name":"ENGCSEAPEX01","port":63388},"status":"Failure","status_code":"0xc000006d","status_detail":"Unknown user name or bad password.","status_id":2,"time":1547053272000,"type_name":"Authentication: Logon","type_uid":300201,"unmapped":{"Detailed Authentication Information":{"Key Length":"0","Package Name (NTLM only)":"-","Transited Services":"-"},"EventType":"0","Failure Information":{"Sub Status":"0xc0000064"},"OpCode":"Info","TaskCategory":"Logon"},"user":{"account":{"name":"test user","type":"Windows Account","type_id":2,"uid":"NULL SID"},"domain":"CSE","name":"test user","uid":"NULL SID"}}
{"activity_id":1,"activity_name":"Logon","actor":{"process":{"file":{"name":"-","path":"-","type":"Regular File","type_id":1},"pid":0},"session":{"uid":"0x0"},"user":{"account":{"name":"-","type":"Windows Account","type_id":2,"uid":"NULL SID"},"domain":"-","name":"-","uid":"NULL SID"}},"auth_protocol":"NTLM","auth_protocol_id":1,"category_name":"Identity & Access Management","category_uid":3,"class_name":"Authentication","class_uid":3002,"device":{"hostname":"WSDCKAS1.emn.com","os":{"name":"Windows","type":"Windows","type_id":100},"type":"Unknown","type_id":0},"dst_endpoint":{"hostname":"WSDCKAS1.emn.com"},"logon_process":{"name":"NtLmSsp","pid":-1},"logon_type":"Network","logon_type_id":3,"message":"An account failed to log on.","metadata":{"event_code":"4625","log_name":"Security","log_provider":"Microsoft Windows security auditing.","original_time":"01/09/2019 05:01:12 PM","product":{"name":"Microsoft Windows","vendor_name":"Microsoft"},"profiles":["host"],"sequence":565192348,"uid":"c733785d9a2200009367794747d5c7a8","version":"1.4.0"},"observables":[{"name":"device","type":"Endpoint","type_id":20},{"name":"device.hostname","type":"Hostname","type_id":1,"value":"WSDCKAS1.emn.com"},{"name":"logon_process","type":"Process","type_id":25},{"name":"logon_process.name","type":"Process Name","type_id":9,"value":"NtLmSsp"},{"name":"logon_process.pid","type":"Process ID","type_id":15,"value":"-1"},{"name":"src_endpoint","type":"Endpoint","type_id":20},{"name":"src_endpoint.ip","type":"IP Address","type_id":2,"value":"168.136.54.26"},{"name":"src_endpoint.port","type":"Port","type_id":11,"value":"63388"},{"name":"actor.user","type":"User","type_id":21},{"name":"actor.user.account.uid","type":"Account Object: uid","type_id":35,"value":"NULL SID"},{"name":"actor.user.account.name","type":"Account Object: name","type_id":34,"value":"-"},{"name":"actor.user.name","type":"User Name","type_id":4,"value":"-"},{"name":"actor.user.uid","type":"User Object: uid","type_id":31,"value":"NULL SID"},{"name":"actor.process","type":"Process","type_id":25},{"name":"actor.process.pid","type":"Process ID","type_id":15,"value":"0"},{"name":"actor.process.file","type":"File","type_id":24},{"name":"actor.process.file.name","type":"File Name","type_id":7,"value":"-"},{"name":"user","type":"User","type_id":21},{"name":"user.uid","type":"User Object: uid","type_id":31,"value":"NULL SID"},{"name":"user.account.name","type":"Account Object: name","type_id":34,"value":"TESTUSER$"},{"name":"user.account.uid","type":"Account Object: uid","type_id":35,"value":"NULL SID"},{"name":"user.name","type":"User Name","type_id":4,"value":"TESTUSER$"},{"name":"dst_endpoint","type":"Endpoint","type_id":20},{"name":"dst_endpoint.hostname","type":"Hostname","type_id":1,"value":"WSDCKAS1.emn.com"}],"raw_data":"01/09/2019 05:01:12 PM\nLogName=Security\nSourceName=Microsoft Windows security auditing.\nEventCode=4625\nEventType=0\nType=Information\nComputerName=WSDCKAS1.emn.com\nTaskCategory=Logon\nOpCode=Info\nRecordNumber=565192348\nKeywords=Audit Failure\nMessage=An account failed to log on.\nSubject:\n\tSecurity ID:\t\tNULL SID\n\tAccount Name:\t\t-\n\tAccount Domain:\t\t-\n\tLogon ID:\t\t0x0\nLogon Type:\t\t\t3\nAccount For Which Logon Failed:\n\tSecurity ID:\t\tNULL SID\n\tAccount Name:\t\tTESTUSER$\n\tAccount Domain:\t\tCSE\nFailure Information:\n\tFailure Reason:\t\tUnknown user name or bad password.\n\tStatus:\t\t\t0xc000006d\n\tSub Status:\t\t0xc0000064\nProcess Information:\n\tCaller Process ID:\t0x0\n\tCaller Process Name:\t-\nNetwork Information:\n\tWorkstation Name:\tENGCSEAPEX01\n\tSource Network Address:\t168.136.54.26\n\tSource Port:\t\t63388\nDetailed Authentication Information:\n\tLogon Process:\t\tNtLmSsp\n\tAuthentication Package:\tNTLM\n\tTransited Services:\t-\n\tPackage Name (NTLM only):\t-\n\tKey Length:\t\t0","severity":"Informational","severity_id":1,"src_endpoint":{"ip":"168.136.54.26","name":"ENGCSEAPEX01","port":63388},"status":"Failure","status_code":"0xc000006d","status_detail":"Unknown user name or bad password.","status_id":2,"time":1547053272000,"type_name":"Authentication: Logon","type_uid":300201,"unmapped":{"Detailed Authentication Information":{"Key Length":"0","Package Name (NTLM only)":"-","Transited Services":"-"},"EventType":"0","Failure Information":{"Sub Status":"0xc0000064"},"OpCode":"Info","TaskCategory":"Logon"},"user":{"account":{"name":"TESTUSER$","type":"Windows Account","type_id":2,"uid":"NULL SID"},"domain":"CSE","name":"TESTUSER$","uid":"NULL SID"}}
{"activity_id":1,"activity_name":"Logon","actor":{"process":{"file":{"name":"-","path":"-","type":"Regular File","type_id":1},"pid":0},"session":{"uid":"0x0"},"user":{"account":{"name":"-","type":"Windows Account","type_id":2,"uid":"NULL SID"},"domain":"-","name":"-","uid":"NULL SID"}},"auth_protocol":"NTLM","auth_protocol_id":1,"category_name":"Identity & Access Management","category_uid":3,"class_name":"Authentication","class_uid":3002,"device":{"hostname":"WSDCKAS1.emn.com","os":{"name":"Windows","type":"Windows","type_id":100},"type":"Unknown","type_id":0},"dst_endpoint":{"hostname":"WSDCKAS1.emn.com"},"logon_process":{"name":"NtLmSsp","pid":-1},"logon_type":"Network","logon_type_id":3,"message":"An account failed to log on.","metadata":{"event_code":"4625","log_name":"Security","log_provider":"Microsoft Windows security auditing.","original_time":"01/09/2019 05:01:12 PM","product":{"name":"Microsoft Windows","vendor_name":"Microsoft"},"profiles":["host"],"sequence":565192348,"uid":"16ee674a1a31ac9cd43cf7d3b770e2da","version":"1.4.0"},"observables":[{"name":"dst_endpoint","type":"Endpoint","type_id":20},{"name":"dst_endpoint.hostname","type":"Hostname","type_id":1,"value":"WSDCKAS1.emn.com"},{"name":"user","type":"User","type_id":21},{"name":"user.uid","type":"User Object: uid","type_id":31,"value":"NULL SID"},{"name":"user.account.uid","type":"Account Object: uid","type_id":35,"value":"NULL SID"},{"name":"user.account.name","type":"Account Object: name","type_id":34,"value":"TESTUSER$"},{"name":"user.name","type":"User Name","type_id":4,"value":"TESTUSER$"},{"name":"actor.user","type":"User","type_id":21},{"name":"actor.user.account.uid","type":"Account Object: uid","type_id":35,"value":"NULL SID"},{"name":"actor.user.account.name","type":"Account Object: name","type_id":34,"value":"-"},{"name":"actor.user.name","type":"User Name","type_id":4,"value":"-"},{"name":"actor.user.uid","type":"User Object: uid","type_id":31,"value":"NULL SID"},{"name":"actor.process","type":"Process","type_id":25},{"name":"actor.process.file","type":"File","type_id":24},{"name":"actor.process.file.name","type":"File Name","type_id":7,"value":"-"},{"name":"actor.process.pid","type":"Process ID","type_id":15,"value":"0"},{"name":"logon_process","type":"Process","type_id":25},{"name":"logon_process.name","type":"Process Name","type_id":9,"value":"NtLmSsp"},{"name":"logon_process.pid","type":"Process ID","type_id":15,"value":"-1"},{"name":"src_endpoint","type":"Endpoint","type_id":20},{"name":"src_endpoint.ip","type":"IP Address","type_id":2,"value":"168.136.54.26"},{"name":"src_endpoint.port","type":"Port","type_id":11,"value":"63388"},{"name":"device","type":"Endpoint","type_id":20},{"name":"device.hostname","type":"Hostname","type_id":1,"value":"WSDCKAS1.emn.com"}],"raw_data":"01/09/2019 05:01:12 PM\nLogName=Security\nSourceName=Microsoft Windows security auditing.\nEventCode=4625\nEventType=0\nType=Information\nComputerName=WSDCKAS1.emn.com\nTaskCategory=Logon\nOpCode=Info\nRecordNumber=565192348\nKeywords=Audit Failure\nMessage=An account failed to log on.\nSubject:\n\tSecurity ID:\t\tNULL SID\n\tAccount Name:\t\t-\n\tAccount Domain:\t\t-\n\tLogon ID:\t\t0x0\nLogon Type:\t\t\t3\nAccount For Which Logon Failed:\n\tSecurity ID:\t\tNULL SID\n\tAccount Name:\t\tTESTUSER$\n\tAccount Domain:\t\tCSE\nFailure Information:\n\tFailure Reason:\t\tUnknown user name or bad password.\n\tStatus:\t\t\t0xc000006d\n\tSub Status:\t\t0xc0000064\nProcess Information:\n\tCaller Process ID:\t0x0\n\tCaller Process Name:\t-\nNetwork Information:\n\tWorkstation Name:\tENGCSEAPEX01\n\tSource Network Address:\t168.136.54.26\n\tSource Port:\t\t63388\nDetailed Authentication Information:\n\tLogon Process:\t\tNtLmSsp\n\tAuthentication Package:\tNTLM\n\tTransited Services:\t-\n\tPackage Name (NTLM only):\t-\n\tKey Length:\t\t0","severity":"Informational","severity_id":1,"src_endpoint":{"ip":"168.136.54.26","name":"ENGCSEAPEX01","port":63388},"status":"Failure","status_code":"0xc000006d","status_detail":"Unknown user name or bad password.","status_id":2,"time":1547053272000,"type_name":"Authentication: Logon","type_uid":300201,"unmapped":{"Detailed Authentication Information":{"Key Length":"0","Package Name (NTLM only)":"-","Transited Services":"-"},"EventType":"0","Failure Information":{"Sub Status":"0xc0000064"},"OpCode":"Info","TaskCategory":"Logon"},"user":{"account":{"name":"TESTUSER$","type":"Windows Account","type_id":2,"uid":"NULL SID"},"domain":"CSE","name":"TESTUSER$","uid":"NULL SID"}}
{"activity_id":1,"activity_name":"Logon","actor":{"process":{"file":{"name":"-","path":"-","type":"Regular File","type_id":1},"pid":0},"session":{"uid":"0x0"},"user":{"account":{"name":"-","type":"Windows Account","type_id":2,"uid":"NULL SID"},"domain":"-","name":"-","uid":"NULL SID"}},"auth_protocol":"NTLM","auth_protocol_id":1,"category_name":"Identity & Access Management","category_uid":3,"class_name":"Authentication","class_uid":3002,"device":{"hostname":"EC2AMAZ-6KJ2BPP","os":{"name":"Windows","type":"Windows","type_id":100},"type":"Unknown","type_id":0},"dst_endpoint":{"hostname":"EC2AMAZ-6KJ2BPP"},"logon_process":{"name":"NtLmSsp ","pid":-1},"logon_type":"Network","logon_type_id":3,"message":"An account failed to log on.","metadata":{"event_code":"4625","log_name":"Security","log_provider":"Microsoft Windows security auditing.","original_time":"10/08/2020 12:41:47 PM","product":{"name":"Microsoft Windows","vendor_name":"Microsoft"},"profiles":["host"],"sequence":223742,"uid":"9eac4f9b4f9bc845b8c33070687ba658","version":"1.4.0"},"observables":[{"name":"device","type":"Endpoint","type_id":20},{"name":"device.hostname","type":"Hostname","type_id":1,"value":"EC2AMAZ-6KJ2BPP"},{"name":"dst_endpoint","type":"Endpoint","type_id":20},{"name":"dst_endpoint.hostname","type":"Hostname","type_id":1,"value":"EC2AMAZ-6KJ2BPP"},{"name":"logon_process","type":"Process","type_id":25},{"name":"logon_process.pid","type":"Process ID","type_id":15,"value":"-1"},{"name":"logon_process.name","type":"Process Name","type_id":9,"value":"NtLmSsp "},{"name":"actor.user","type":"User","type_id":21},{"name":"actor.user.name","type":"User Name","type_id":4,"value":"-"},{"name":"actor.user.uid","type":"User Object: uid","type_id":31,"value":"NULL SID"},{"name":"actor.user.account.name","type":"Account Object: name","type_id":34,"value":"-"},{"name":"actor.user.account.uid","type":"Account Object: uid","type_id":35,"value":"NULL SID"},{"name":"actor.process","type":"Process","type_id":25},{"name":"actor.process.pid","type":"Process ID","type_id":15,"value":"0"},{"name":"actor.process.file","type":"File","type_id":24},{"name":"actor.process.file.name","type":"File Name","type_id":7,"value":"-"},{"name":"user","type":"User","type_id":21},{"name":"user.account.uid","type":"Account Object: uid","type_id":35,"value":"NULL SID"},{"name":"user.account.name","type":"Account Object: name","type_id":34,"value":"Administrator"},{"name":"user.name","type":"User Name","type_id":4,"value":"Administrator"},{"name":"user.uid","type":"User Object: uid","type_id":31,"value":"NULL SID"},{"name":"src_endpoint","type":"Endpoint","type_id":20},{"name":"src_endpoint.ip","type":"IP Address","type_id":2,"value":"-"},{"name":"src_endpoint.port","type":"Port","type_id":11,"value":"0"}],"raw_data":"10/08/2020 12:41:47 PM\nLogName=Security\nSourceName=Microsoft Windows security auditing.\nEventCode=4625\nEventType=0\nType=Information\nComputerName=EC2AMAZ-6KJ2BPP\nTaskCategory=Logon\nOpCode=Info\nRecordNumber=223742\nKeywords=Audit Failure\nMessage=An account failed to log on.\n\nSubject:\n\tSecurity ID:\t\tNULL SID\n\tAccount Name:\t\t-\n\tAccount Domain:\t\t-\n\tLogon ID:\t\t0x0\n\nLogon Type:\t\t\t3\n\nAccount For Which Logon Failed:\n\tSecurity ID:\t\tNULL SID\n\tAccount Name:\t\tAdministrator\n\tAccount Domain:\t\tEC2AMAZ-6KJ2BPP\n\nFailure Information:\n\tFailure Reason:\t\tUnknown user name or bad password.\n\tStatus:\t\t\t0xC000006D\n\tSub Status:\t\t0xC000006A\n\nProcess Information:\n\tCaller Process ID:\t0x0\n\tCaller Process Name:\t-\n\nNetwork Information:\n\tWorkstation Name:\tEC2AMAZ-6KJ2BPP\n\tSource Network Address:\t-\n\tSource Port:\t\t-\n\nDetailed Authentication Information:\n\tLogon Process:\t\tNtLmSsp \n\tAuthentication Package:\tNTLM\n\tTransited Services:\t-\n\tPackage Name (NTLM only):\t-\n\tKey Length:\t\t0\n\nThis event is generated when a logon request fails. It is generated on the computer where access was attempted.\n\nThe Subject fields indicate the account on the local system which requested the logon. This is most commonly a service such as the Server service, or a local process such as Winlogon.exe or Services.exe.\n\nThe Logon Type field indicates the kind of logon that was requested. The most common types are 2 (interactive) and 3 (network).\n\nThe Process Information fields indicate which account and process on the system requested the logon.\n\nThe Network Information fields indicate where a remote logon request originated. Workstation name is not always available and may be left blank in some cases.\n\nThe authentication information fields provide detailed information about this specific logon request.\n\t- Transited services indicate which intermediate services have participated in this logon request.\n\t- Package name indicates which sub-protocol was used among the NTLM protocols.\n\t- Key length indicates the length of the generated session key. This will be 0 if no session key was requested.","severity":"Informational","severity_id":1,"src_endpoint":{"ip":"-","name":"EC2AMAZ-6KJ2BPP","port":0},"status":"Failure","status_code":"0xC000006D","status_detail":"Unknown user name or bad password.","status_id":2,"time":1602160907000,"type_name":"Authentication: Logon","type_uid":300201,"unmapped":{"Detailed Authentication Information":{"Key Length":"0","Package Name (NTLM only)":"-","Transited Services":"-"},"EventType":"0","Failure Information":{"Sub Status":"0xC000006A"},"OpCode":"Info","TaskCategory":"Logon"},"user":{"account":{"name":"Administrator","type":"Windows Account","type_id":2,"uid":"NULL SID"},"domain":"EC2AMAZ-6KJ2BPP","name":"Administrator","uid":"NULL SID"}}
{"activity_id":2,"activity_name":"Logoff","category_name":"Identity & Access Management","category_uid":3,"class_name":"Authentication","class_uid":3002,"device":{"hostname":"SesWin2019DC1.SesTest.local","os":{"name":"Windows","type":"Windows","type_id":100},"type":"Unknown","type_id":0},"dst_endpoint":{"hostname":"SesWin2019DC1.SesTest.local"},"logon_type":"Network","logon_type_id":3,"message":"An account was logged off.","metadata":{"event_code":"4634","log_name":"Security","log_provider":"Microsoft Windows security auditing.","original_time":"01/25/2022 08:51:23 AM","product":{"name":"Microsoft Windows","vendor_name":"Microsoft"},"profiles":["host"],"sequence":355651,"uid":"65552129bbe0c5ad9ec05ed89066bf14","version":"1.4.0"},"observables":[{"name":"device","type":"Endpoint","type_id":20},{"name":"device.hostname","type":"Hostname","type_id":1,"value":"SesWin2019DC1.SesTest.local"},{"name":"dst_endpoint","type":"Endpoint","type_id":20},{"name":"dst_endpoint.hostname","type":"Hostname","type_id":1,"value":"SesWin2019DC1.SesTest.local"},{"name":"user","type":"User","type_id":21},{"name":"user.name","type":"User Name","type_id":4,"value":"SESWIN2019DC2$"},{"name":"user.uid","type":"User Object: uid","type_id":31,"value":"SESTEST\\SESWIN2019DC2$"},{"name":"user.account.name","type":"Account Object: name","type_id":34,"value":"SESWIN2019DC2$"},{"name":"user.account.uid","type":"Account Object: uid","type_id":35,"value":"SESTEST\\SESWIN2019DC2$"}],"raw_data":"01/25/2022 08:51:23 AM\nLogName=Security\nEventCode=4634\nEventType=0\nComputerName=SesWin2019DC1.SesTest.local\nSourceName=Microsoft Windows security auditing.\nType=Information\nRecordNumber=355651\nKeywords=Audit Success\nTaskCategory=Logoff\nOpCode=Info\nMessage=An account was logged off.\n\nSubject:\n\tSecurity ID:\t\tSESTEST\\SESWIN2019DC2$\n\tAccount Name:\t\tSESWIN2019DC2$\n\tAccount Domain:\t\tSESTEST\n\tLogon ID:\t\t0x3D4149\n\nLogon Type:\t\t\t3\n\nThis event is generated when a logon session is destroyed. It may be positively correlated with a logon event using the Logon ID value. Logon IDs are only unique between reboots on the same computer.","session":{"uid":"0x3D4149"},"severity":"Informational","severity_id":1,"status":"Success","status_id":1,"time":1643100683000,"type_name":"Authentication: Logoff","type_uid":300202,"unmapped":{"EventType":"0","OpCode":"Info","TaskCategory":"Logoff"},"user":{"account":{"name":"SESWIN2019DC2$","type":"Windows Account","type_id":2,"uid":"SESTEST\\SESWIN2019DC2$"},"domain":"SESTEST","name":"SESWIN2019DC2$","uid":"SESTEST\\SESWIN2019DC2$"}}
{"activity_id":2,"activity_name":"Logoff","category_name":"Identity & Access Management","category_uid":3,"class_name":"Authentication","class_uid":3002,"device":{"hostname":"SesWin2019DC1.SesTest.local","os":{"name":"Windows","type":"Windows","type_id":100},"type":"Unknown","type_id":0},"dst_endpoint":{"hostname":"SesWin2019DC1.SesTest.local"},"logon_type":"Network","logon_type_id":3,"message":"An account was logged off.","metadata":{"event_code":"4634","log_name":"Security","log_provider":"Microsoft Windows security auditing.","original_time":"01/25/2022 08:51:23 AM","product":{"name":"Microsoft Windows","vendor_name":"Microsoft"},"profiles":["host"],"sequence":355650,"uid":"0030a53f393c2cae3d01d7b2cfba8017","version":"1.4.0"},"observables":[{"name":"dst_endpoint","type":"Endpoint","type_id":20},{"name":"dst_endpoint.hostname","type":"Hostname","type_id":1,"value":"SesWin2019DC1.SesTest.local"},{"name":"device","type":"Endpoint","type_id":20},{"name":"device.hostname","type":"Hostname","type_id":1,"value":"SesWin2019DC1.SesTest.local"},{"name":"user","type":"User","type_id":21},{"name":"user.name","type":"User Name","type_id":4,"value":"SESWIN2019DC2$"},{"name":"user.uid","type":"User Object: uid","type_id":31,"value":"SESTEST\\SESWIN2019DC2$"},{"name":"user.account.name","type":"Account Object: name","type_id":34,"value":"SESWIN2019DC2$"},{"name":"user.account.uid","type":"Account Object: uid","type_id":35,"value":"SESTEST\\SESWIN2019DC2$"}],"raw_data":"01/25/2022 08:51:23 AM\nLogName=Security\nEventCode=4634\nEventType=0\nComputerName=SesWin2019DC1.SesTest.local\nSourceName=Microsoft Windows security auditing.\nType=Information\nRecordNumber=355650\nKeywords=Audit Success\nTaskCategory=Logoff\nOpCode=Info\nMessage=An account was logged off.\n\nSubject:\n\tSecurity ID:\t\tSESTEST\\SESWIN2019DC2$\n\tAccount Name:\t\tSESWIN2019DC2$\n\tAccount Domain:\t\tSESTEST\n\tLogon ID:\t\t0x3D4159\n\nLogon Type:\t\t\t3\n\nThis event is generated when a logon session is destroyed. It may be positively correlated with a logon event using the Logon ID value. Logon IDs are only unique between reboots on the same computer.","session":{"uid":"0x3D4159"},"severity":"Informational","severity_id":1,"status":"Success","status_id":1,"time":1643100683000,"type_name":"Authentication: Logoff","type_uid":300202,"unmapped":{"EventType":"0","OpCode":"Info","TaskCategory":"Logoff"},"user":{"account":{"name":"SESWIN2019DC2$","type":"Windows Account","type_id":2,"uid":"SESTEST\\SESWIN2019DC2$"},"domain":"SESTEST","name":"SESWIN2019DC2$","uid":"SESTEST\\SESWIN2019DC2$"}}
{"activity_id":2,"activity_name":"Logoff","category_name":"Identity & Access Management","category_uid":3,"class_name":"Authentication","class_uid":3002,"device":{"hostname":"SesWin2019DC1.SesTest.local","os":{"name":"Windows","type":"Windows","type_id":100},"type":"Unknown","type_id":0},"dst_endpoint":{"hostname":"SesWin2019DC1.SesTest.local"},"logon_type":"Network","logon_type_id":3,"message":"An account was logged off.","metadata":{"event_code":"4634","log_name":"Security","log_provider":"Microsoft Windows security auditing.","original_time":"01/25/2022 08:51:23 AM","product":{"name":"Microsoft Windows","vendor_name":"Microsoft"},"profiles":["host"],"sequence":355647,"uid":"de7730439e2190c2e0fba4b0bc4d1189","version":"1.4.0"},"observables":[{"name":"device","type":"Endpoint","type_id":20},{"name":"device.hostname","type":"Hostname","type_id":1,"value":"SesWin2019DC1.SesTest.local"},{"name":"dst_endpoint","type":"Endpoint","type_id":20},{"name":"dst_endpoint.hostname","type":"Hostname","type_id":1,"value":"SesWin2019DC1.SesTest.local"},{"name":"user","type":"User","type_id":21},{"name":"user.account.uid","type":"Account Object: uid","type_id":35,"value":"SESTEST\\SESWIN2019DC2$"},{"name":"user.account.name","type":"Account Object: name","type_id":34,"value":"SESWIN2019DC2$"},{"name":"user.name","type":"User Name","type_id":4,"value":"SESWIN2019DC2$"},{"name":"user.uid","type":"User Object: uid","type_id":31,"value":"SESTEST\\SESWIN2019DC2$"}],"raw_data":"01/25/2022 08:51:23 AM\nLogName=Security\nEventCode=4634\nEventType=0\nComputerName=SesWin2019DC1.SesTest.local\nSourceName=Microsoft Windows security auditing.\nType=Information\nRecordNumber=355647\nKeywords=Audit Success\nTaskCategory=Logoff\nOpCode=Info\nMessage=An account was logged off.\n\nSubject:\n\tSecurity ID:\t\tSESTEST\\SESWIN2019DC2$\n\tAccount Name:\t\tSESWIN2019DC2$\n\tAccount Domain:\t\tSESTEST\n\tLogon ID:\t\t0x3D408B\n\nLogon Type:\t\t\t3\n\nThis event is generated when a logon session is destroyed. It may be positively correlated with a logon event using the Logon ID value. Logon IDs are only unique between reboots on the same computer.","session":{"uid":"0x3D408B"},"severity":"Informational","severity_id":1,"status":"Success","status_id":1,"time":1643100683000,"type_name":"Authentication: Logoff","type_uid":300202,"unmapped":{"EventType":"0","OpCode":"Info","TaskCategory":"Logoff"},"user":{"account":{"name":"SESWIN2019DC2$","type":"Windows Account","type_id":2,"uid":"SESTEST\\SESWIN2019DC2$"},"domain":"SESTEST","name":"SESWIN2019DC2$","uid":"SESTEST\\SESWIN2019DC2$"}}
{"activity_id":2,"activity_name":"Logoff","category_name":"Identity & Access Management","category_uid":3,"class_name":"Authentication","class_uid":3002,"device":{"hostname":"SesWin2019DC1.SesTest.local","os":{"name":"Windows","type":"Windows","type_id":100},"type":"Unknown","type_id":0},"dst_endpoint":{"hostname":"SesWin2019DC1.SesTest.local"},"logon_type":"Network","logon_type_id":3,"message":"An account was logged off.","metadata":{"event_code":"4634","log_name":"Security","log_provider":"Microsoft Windows security auditing.","original_time":"01/25/2022 08:51:00 AM","product":{"name":"Microsoft Windows","vendor_name":"Microsoft"},"profiles":["host"],"sequence":355644,"uid":"c695ce8fb2143a24bc61bb6e29bf2d29","version":"1.4.0"},"observables":[{"name":"user","type":"User","type_id":21},{"name":"user.name","type":"User Name","type_id":4,"value":"SESWIN2019DC1$"},{"name":"user.uid","type":"User Object: uid","type_id":31,"value":"NT AUTHORITY\\SYSTEM"},{"name":"user.account.uid","type":"Account Object: uid","type_id":35,"value":"NT AUTHORITY\\SYSTEM"},{"name":"user.account.name","type":"Account Object: name","type_id":34,"value":"SESWIN2019DC1$"},{"name":"device","type":"Endpoint","type_id":20},{"name":"device.hostname","type":"Hostname","type_id":1,"value":"SesWin2019DC1.SesTest.local"},{"name":"dst_endpoint","type":"Endpoint","type_id":20},{"name":"dst_endpoint.hostname","type":"Hostname","type_id":1,"value":"SesWin2019DC1.SesTest.local"}],"raw_data":"01/25/2022 08:51:00 AM\nLogName=Security\nEventCode=4634\nEventType=0\nComputerName=SesWin2019DC1.SesTest.local\nSourceName=Microsoft Windows security auditing.\nType=Information\nRecordNumber=355644\nKeywords=Audit Success\nTaskCategory=Logoff\nOpCode=Info\nMessage=An account was logged off.\n\nSubject:\n\tSecurity ID:\t\tNT AUTHORITY\\SYSTEM\n\tAccount Name:\t\tSESWIN2019DC1$\n\tAccount Domain:\t\tSESTEST\n\tLogon ID:\t\t0x3D0F73\n\nLogon Type:\t\t\t3\n\nThis event is generated when a logon session is destroyed. It may be positively correlated with a logon event using the Logon ID value. Logon IDs are only unique between reboots on the same computer.","session":{"uid":"0x3D0F73"},"severity":"Informational","severity_id":1,"status":"Success","status_id":1,"time":1643100660000,"type_name":"Authentication: Logoff","type_uid":300202,"unmapped":{"EventType":"0","OpCode":"Info","TaskCategory":"Logoff"},"user":{"account":{"name":"SESWIN2019DC1$","type":"Windows Account","type_id":2,"uid":"NT AUTHORITY\\SYSTEM"},"domain":"SESTEST","name":"SESWIN2019DC1$","uid":"NT AUTHORITY\\SYSTEM"}}
{"activity_id":2,"activity_name":"Logoff","category_name":"Identity & Access Management","category_uid":3,"class_name":"Authentication","class_uid":3002,"device":{"hostname":"SesWin2019DC1.SesTest.local","os":{"name":"Windows","type":"Windows","type_id":100},"type":"Unknown","type_id":0},"dst_endpoint":{"hostname":"SesWin2019DC1.SesTest.local"},"logon_type":"Network","logon_type_id":3,"message":"An account was logged off.","metadata":{"event_code":"4634","log_name":"Security","log_provider":"Microsoft Windows security auditing.","original_time":"01/25/2022 08:50:12 AM","product":{"name":"Microsoft Windows","vendor_name":"Microsoft"},"profiles":["host"],"sequence":355642,"uid":"e8a62b1052e20812e83a30bded83c32a","version":"1.4.0"},"observables":[{"name":"dst_endpoint","type":"Endpoint","type_id":20},{"name":"dst_endpoint.hostname","type":"Hostname","type_id":1,"value":"SesWin2019DC1.SesTest.local"},{"name":"user","type":"User","type_id":21},{"name":"user.account.uid","type":"Account Object: uid","type_id":35,"value":"SESTEST\\SESWIN2019DC1$"},{"name":"user.account.name","type":"Account Object: name","type_id":34,"value":"SESWIN2019DC1$"},{"name":"user.name","type":"User Name","type_id":4,"value":"SESWIN2019DC1$"},{"name":"user.uid","type":"User Object: uid","type_id":31,"value":"SESTEST\\SESWIN2019DC1$"},{"name":"device","type":"Endpoint","type_id":20},{"name":"device.hostname","type":"Hostname","type_id":1,"value":"SesWin2019DC1.SesTest.local"}],"raw_data":"01/25/2022 08:50:12 AM\nLogName=Security\nEventCode=4634\nEventType=0\nComputerName=SesWin2019DC1.SesTest.local\nSourceName=Microsoft Windows security auditing.\nType=Information\nRecordNumber=355642\nKeywords=Audit Success\nTaskCategory=Logoff\nOpCode=Info\nMessage=An account was logged off.\n\nSubject:\n\tSecurity ID:\t\tSESTEST\\SESWIN2019DC1$\n\tAccount Name:\t\tSESWIN2019DC1$\n\tAccount Domain:\t\tSESTEST\n\tLogon ID:\t\t0x345ADF\n\nLogon Type:\t\t\t3\n\nThis event is generated when a logon session is destroyed. It may be positively correlated with a logon event using the Logon ID value. Logon IDs are only unique between reboots on the same computer.","session":{"uid":"0x345ADF"},"severity":"Informational","severity_id":1,"status":"Success","status_id":1,"time":1643100612000,"type_name":"Authentication: Logoff","type_uid":300202,"unmapped":{"EventType":"0","OpCode":"Info","TaskCategory":"Logoff"},"user":{"account":{"name":"SESWIN2019DC1$","type":"Windows Account","type_id":2,"uid":"SESTEST\\SESWIN2019DC1$"},"domain":"SESTEST","name":"SESWIN2019DC1$","uid":"SESTEST\\SESWIN2019DC1$"}}
{"activity_id":1,"activity_name":"Logon","actor":{"process":{"file":{"name":"","path":"","type":"Regular File","type_id":1},"pid":4},"session":{"uid":"0x2B1AE6","uuid":"{AF4D94F5-684F-7425-C40B-908B750472DB}"},"user":{"account":{"name":"reed_fernandez","type":"Windows Account","type_id":2,"uid":"ATTACKRANGE\\REED_FERNANDEZ"},"domain":"ATTACKRANGE","name":"reed_fernandez","uid":"ATTACKRANGE\\REED_FERNANDEZ"}},"category_name":"Identity & Access Management","category_uid":3,"class_name":"Authentication","class_uid":3002,"device":{"hostname":"win-host-816.attackrange.local","os":{"name":"Windows","type":"Windows","type_id":100},"type":"Unknown","type_id":0},"dst_endpoint":{"hostname":"win-dc-697.attackrange.local"},"message":"A logon was attempted using explicit credentials.","metadata":{"event_code":"4648","log_name":"Security","log_provider":"Microsoft Windows security auditing.","original_time":"04/20/2021 09:11:24 PM","product":{"name":"Microsoft Windows","vendor_name":"Microsoft"},"profiles":["host"],"sequence":1306851,"uid":"1614ed1b34eee9a5867fd7474c95d141","version":"1.4.0"},"observables":[{"name":"dst_endpoint","type":"Endpoint","type_id":20},{"name":"dst_endpoint.hostname","type":"Hostname","type_id":1,"value":"win-dc-697.attackrange.local"},{"name":"device","type":"Endpoint","type_id":20},{"name":"device.hostname","type":"Hostname","type_id":1,"value":"win-host-816.attackrange.local"},{"name":"user","type":"User","type_id":21},{"name":"user.name","type":"User Name","type_id":4,"value":"BRYAN_RANDALL"},{"name":"user.uid","type":"User Object: uid","type_id":31,"value":"{00000000-0000-0000-0000-000000000000}"},{"name":"user.account.uid","type":"Account Object: uid","type_id":35,"value":"{00000000-0000-0000-0000-000000000000}"},{"name":"user.account.name","type":"Account Object: name","type_id":34,"value":"BRYAN_RANDALL"},{"name":"actor.process","type":"Process","type_id":25},{"name":"actor.process.pid","type":"Process ID","type_id":15,"value":"4"},{"name":"actor.process.file","type":"File","type_id":24},{"name":"actor.user","type":"User","type_id":21},{"name":"actor.user.uid","type":"User Object: uid","type_id":31,"value":"ATTACKRANGE\\REED_FERNANDEZ"},{"name":"actor.user.name","type":"User Name","type_id":4,"value":"reed_fernandez"},{"name":"actor.user.account.uid","type":"Account Object: uid","type_id":35,"value":"ATTACKRANGE\\REED_FERNANDEZ"},{"name":"actor.user.account.name","type":"Account Object: name","type_id":34,"value":"reed_fernandez"},{"name":"src_endpoint","type":"Endpoint","type_id":20},{"name":"src_endpoint.ip","type":"IP Address","type_id":2,"value":"10.0.1.14"},{"name":"src_endpoint.port","type":"Port","type_id":11,"value":"445"}],"raw_data":"04/20/2021 09:11:24 PM\nLogName=Security\nSourceName=Microsoft Windows security auditing.\nEventCode=4648\nEventType=0\nType=Information\nComputerName=win-host-816.attackrange.local\nTaskCategory=Logon\nOpCode=Info\nRecordNumber=1306851\nKeywords=Audit Success\nMessage=A logon was attempted using explicit credentials.\nSubject:\n\tSecurity ID:\t\tATTACKRANGE\\REED_FERNANDEZ\n\tAccount Name:\t\treed_fernandez\n\tAccount Domain:\t\tATTACKRANGE\n\tLogon ID:\t\t0x2B1AE6\n\tLogon GUID:\t\t{AF4D94F5-684F-7425-C40B-908B750472DB}\nAccount Whose Credentials Were Used:\n\tAccount Name:\t\tBRYAN_RANDALL\n\tAccount Domain:\t\tattackrange.local\n\tLogon GUID:\t\t{00000000-0000-0000-0000-000000000000}\nTarget Server:\n\tTarget Server Name:\twin-dc-697.attackrange.local\n\tAdditional Information:\twin-dc-697.attackrange.local\nProcess Information:\n\tProcess ID:\t\t0x4\n\tProcess Name:\t\t\nNetwork Information:\n\tNetwork Address:\t10.0.1.14\n\tPort:\t\t\t445\nThis event is generated when a process attempts to log on an account by explicitly specifying that accounts credentials.  This most commonly occurs in batch-type configurations such as scheduled tasks, or when using the RUNAS command.","severity":"Informational","severity_id":1,"src_endpoint":{"ip":"10.0.1.14","port":445},"status":"Success","status_id":1,"time":1618953084000,"type_name":"Authentication: Logon","type_uid":300201,"unmapped":{"EventType":"0","OpCode":"Info","Target Server":{"Additional Information":"win-dc-697.attackrange.local"},"TaskCategory":"Logon"},"user":{"account":{"name":"BRYAN_RANDALL","type":"Windows Account","type_id":2,"uid":"{00000000-0000-0000-0000-000000000000}"},"domain":"attackrange.local","name":"BRYAN_RANDALL","uid":"{00000000-0000-0000-0000-000000000000}"}}
