{"activity_id":1,"activity_name":"Clear","actor":{"session":{"uid":"0x7A3E5"},"user":{"domain":"ATTACKRANGE","name":"Administrator","uid":"ATTACKRANGE\\Administrator"}},"category_name":"System Activity","category_uid":1,"class_name":"Event Log Activity","class_uid":1008,"device":{"hostname":"win-dc-1796611.attackrange.local","os":{"name":"Windows","type":"Windows","type_id":100},"type":"Unknown","type_id":0},"dst_endpoint":{"hostname":"win-dc-1796611.attackrange.local"},"log_name":"Security","log_type":"OS","log_type_id":1,"message":"The audit log was cleared.","metadata":{"event_code":"1102","log_name":"Security","log_provider":"Microsoft-Windows-Eventlog","original_time":"10/09/2020 09:10:56 AM","product":{"name":"Microsoft Windows","vendor_name":"Microsoft"},"profiles":["host"],"sequence":228829,"uid":"bf8e94c3fc1293633ae25535a5f06b58","version":"1.4.0"},"observables":[{"name":"device","type":"Endpoint","type_id":20},{"name":"device.hostname","type":"Hostname","type_id":1,"value":"win-dc-1796611.attackrange.local"},{"name":"actor.user","type":"User","type_id":21},{"name":"actor.user.name","type":"User Name","type_id":4,"value":"Administrator"},{"name":"actor.user.uid","type":"User Object: uid","type_id":31,"value":"ATTACKRANGE\\Administrator"},{"name":"dst_endpoint","type":"Endpoint","type_id":20},{"name":"dst_endpoint.hostname","type":"Hostname","type_id":1,"value":"win-dc-1796611.attackrange.local"}],"raw_data":"10/09/2020 09:10:56 AM\nLogName=Security\nSourceName=Microsoft-Windows-Eventlog\nEventCode=1102\nEventType=4\nType=Information\nComputerName=win-dc-1796611.attackrange.local\nTaskCategory=Log clear\nOpCode=Info\nRecordNumber=228829\nKeywords=Audit Success\nMessage=The audit log was cleared.\nSubject:\n\tSecurity ID:\tATTACKRANGE\\Administrator\n\tAccount Name:\tAdministrator\n\tDomain Name:\tATTACKRANGE\n\tLogon ID:\t0x7A3E5","severity":"Informational","severity_id":1,"status":"Success","status_id":1,"time":1602234656000,"type_name":"Event Log Activity: Clear","type_uid":100801,"unmapped":{"EventType":"4","OpCode":"Info","TaskCategory":"Log clear"}}
{"activity_id":1,"activity_name":"Clear","actor":{"session":{"uid":"0xB1EB3"},"user":{"domain":"ATTACKRANGE","name":"administrator","uid":"ATTACKRANGE\\Administrator"}},"category_name":"System Activity","category_uid":1,"class_name":"Event Log Activity","class_uid":1008,"device":{"hostname":"win-dc-tcontreras-attack-range-173.attackrange.local","os":{"name":"Windows","type":"Windows","type_id":100},"type":"Unknown","type_id":0},"dst_endpoint":{"hostname":"win-dc-tcontreras-attack-range-173.attackrange.local"},"log_name":"Security","log_type":"OS","log_type_id":1,"message":"The audit log was cleared.","metadata":{"event_code":"1102","log_name":"Security","log_provider":"Microsoft-Windows-Eventlog","original_time":"02/23/2022 10:56:42 AM","product":{"name":"Microsoft Windows","vendor_name":"Microsoft"},"profiles":["host"],"sequence":324614,"uid":"2d2f1cbd86b1619039a6af3a23e5cbe1","version":"1.4.0"},"observables":[{"name":"device","type":"Endpoint","type_id":20},{"name":"device.hostname","type":"Hostname","type_id":1,"value":"win-dc-tcontreras-attack-range-173.attackrange.local"},{"name":"dst_endpoint","type":"Endpoint","type_id":20},{"name":"dst_endpoint.hostname","type":"Hostname","type_id":1,"value":"win-dc-tcontreras-attack-range-173.attackrange.local"},{"name":"actor.user","type":"User","type_id":21},{"name":"actor.user.name","type":"User Name","type_id":4,"value":"administrator"},{"name":"actor.user.uid","type":"User Object: uid","type_id":31,"value":"ATTACKRANGE\\Administrator"}],"raw_data":"02/23/2022 10:56:42 AM\nLogName=Security\nSourceName=Microsoft-Windows-Eventlog\nEventCode=1102\nEventType=4\nType=Information\nComputerName=win-dc-tcontreras-attack-range-173.attackrange.local\nTaskCategory=Log clear\nOpCode=Info\nRecordNumber=324614\nKeywords=Audit Success\nMessage=The audit log was cleared.\nSubject:\n\tSecurity ID:\tATTACKRANGE\\Administrator\n\tAccount Name:\tadministrator\n\tDomain Name:\tATTACKRANGE\n\tLogon ID:\t0xB1EB3","severity":"Informational","severity_id":1,"status":"Success","status_id":1,"time":1645613802000,"type_name":"Event Log Activity: Clear","type_uid":100801,"unmapped":{"EventType":"4","OpCode":"Info","TaskCategory":"Log clear"}}
{"activity_id":1,"activity_name":"Clear","actor":{"session":{"uid":"0x219BA5"},"user":{"domain":"TAF","name":"administrator","uid":"TAF\\Administrator"}},"category_name":"System Activity","category_uid":1,"class_name":"Event Log Activity","class_uid":1008,"device":{"hostname":"WIN-9A3SFCUS26U.taf.local","os":{"name":"Windows","type":"Windows","type_id":100},"type":"Unknown","type_id":0},"dst_endpoint":{"hostname":"WIN-9A3SFCUS26U.taf.local"},"log_name":"Security","log_type":"OS","log_type_id":1,"message":"The audit log was cleared.","metadata":{"event_code":"1102","log_name":"Security","log_provider":"Microsoft-Windows-Eventlog","original_time":"02/14/2022 01:28:05 PM","product":{"name":"Microsoft Windows","vendor_name":"Microsoft"},"profiles":["host"],"sequence":4190477,"uid":"336b1ff8e25796d07fcab523d347d989","version":"1.4.0"},"observables":[{"name":"device","type":"Endpoint","type_id":20},{"name":"device.hostname","type":"Hostname","type_id":1,"value":"WIN-9A3SFCUS26U.taf.local"},{"name":"actor.user","type":"User","type_id":21},{"name":"actor.user.name","type":"User Name","type_id":4,"value":"administrator"},{"name":"actor.user.uid","type":"User Object: uid","type_id":31,"value":"TAF\\Administrator"},{"name":"dst_endpoint","type":"Endpoint","type_id":20},{"name":"dst_endpoint.hostname","type":"Hostname","type_id":1,"value":"WIN-9A3SFCUS26U.taf.local"}],"raw_data":"02/14/2022 01:28:05 PM\nLogName=Security\nEventCode=1102\nEventType=4\nComputerName=WIN-9A3SFCUS26U.taf.local\nSourceName=Microsoft-Windows-Eventlog\nType=Information\nRecordNumber=4190477\nKeywords=Audit Success\nTaskCategory=Log clear\nOpCode=Info\nMessage=The audit log was cleared.\nSubject:\n        Security ID:        TAF\\Administrator\n        Account Name:        administrator\n        Domain Name:        TAF\n        Logon ID:        0x219BA5","severity":"Informational","severity_id":1,"status":"Success","status_id":1,"time":1644845285000,"type_name":"Event Log Activity: Clear","type_uid":100801,"unmapped":{"EventType":"4","OpCode":"Info","TaskCategory":"Log clear"}}
{"activity_id":1,"activity_name":"Launch","actor":{"process":{"cmd_line":"powershell","pid":-1},"user":{"account":{"name":"ATTACKRANGE\\administrator","type":"Windows Account","type_id":2,"uid":"S-1-5-21-2825133891-65375684-292279277-500"},"name":"ATTACKRANGE\\administrator","uid":"S-1-5-21-2825133891-65375684-292279277-500"}},"category_name":"System Activity","category_uid":1,"class_name":"Process Activity","class_uid":1007,"device":{"hostname":"win-dc-1603297.attackrange.local","os":{"name":"Windows","type":"Windows","type_id":100},"type":"Unknown","type_id":0},"message":"Powershell Module Logging","metadata":{"event_code":"4103","log_name":"Microsoft-Windows-PowerShell/Operational","log_provider":"Microsoft-Windows-PowerShell","original_time":"10/07/2020 10:29:00 PM","product":{"name":"Microsoft Windows","vendor_name":"Microsoft"},"profiles":["host"],"sequence":225352,"uid":"e1579d0977eaff07efd3ed377fcf2ecb","version":"1.4.0"},"observables":[{"name":"device","type":"Endpoint","type_id":20},{"name":"device.hostname","type":"Hostname","type_id":1,"value":"win-dc-1603297.attackrange.local"},{"name":"process","type":"Process","type_id":25},{"name":"process.cmd_line","type":"Command Line","type_id":13,"value":"CommandInvocation(Set-StrictMode): \"Set-StrictMode\"\nParameterBinding(Set-StrictMode): name=\"Off\"; value=\"True\""},{"name":"process.file","type":"File","type_id":24},{"name":"process.file.name","type":"File Name","type_id":7,"value":"PSReadLine.psm1"},{"name":"process.pid","type":"Process ID","type_id":15,"value":"-1"},{"name":"actor.process","type":"Process","type_id":25},{"name":"actor.process.cmd_line","type":"Command Line","type_id":13,"value":"powershell"},{"name":"actor.process.pid","type":"Process ID","type_id":15,"value":"-1"},{"name":"actor.user","type":"User","type_id":21},{"name":"actor.user.account.uid","type":"Account Object: uid","type_id":35,"value":"S-1-5-21-2825133891-65375684-292279277-500"},{"name":"actor.user.account.name","type":"Account Object: name","type_id":34,"value":"ATTACKRANGE\\administrator"},{"name":"actor.user.name","type":"User Name","type_id":4,"value":"ATTACKRANGE\\administrator"},{"name":"actor.user.uid","type":"User Object: uid","type_id":31,"value":"S-1-5-21-2825133891-65375684-292279277-500"}],"process":{"cmd_line":"CommandInvocation(Set-StrictMode): \"Set-StrictMode\"\nParameterBinding(Set-StrictMode): name=\"Off\"; value=\"True\"","file":{"name":"PSReadLine.psm1","parent_folder":"C:\\Program Files\\WindowsPowerShell\\Modules\\PSReadline\\1.2","path":"C:\\Program Files\\WindowsPowerShell\\Modules\\PSReadline\\1.2\\PSReadLine.psm1","type":"Regular File","type_id":1},"loaded_modules":["Set-StrictMode"],"pid":-1},"raw_data":"10/07/2020 10:29:00 PM\nLogName=Microsoft-Windows-PowerShell/Operational\nSourceName=Microsoft-Windows-PowerShell\nEventCode=4103\nEventType=4\nType=Information\nComputerName=win-dc-1603297.attackrange.local\nUser=NOT_TRANSLATED\nSid=S-1-5-21-2825133891-65375684-292279277-500\nSidType=0\nTaskCategory=Executing Pipeline\nOpCode=To be used when operation is just executing a method\nRecordNumber=225352\nKeywords=None\nMessage=CommandInvocation(Set-StrictMode): \"Set-StrictMode\"\nParameterBinding(Set-StrictMode): name=\"Off\"; value=\"True\"\nContext:\n        Severity = Informational\n        Host Name = ConsoleHost\n        Host Version = 5.1.14393.3866\n        Host ID = 548cbebc-322f-4cf8-b2b6-8265f4391cd9\n        Host Application = powershell\n        Engine Version = 5.1.14393.3866\n        Runspace ID = 377d8ad3-3bae-46b1-aa6d-0a8ffd3c8288\n        Pipeline ID = 21\n        Command Name = Set-StrictMode\n        Command Type = Cmdlet\n        Script Name = C:\\Program Files\\WindowsPowerShell\\Modules\\PSReadline\\1.2\\PSReadLine.psm1\n        Command Path =\n        Sequence Number = 186\n        User = ATTACKRANGE\\administrator\n        Connected User =\n        Shell ID = Microsoft.PowerShell\nUser Data:\n","severity":"Informational","severity_id":1,"status":"None","status_id":99,"time":1602109740000,"type_name":"Process Activity: Launch","type_uid":100701,"unmapped":{"Context":{"Command Path":"","Command Type":"Cmdlet","Connected User":"","Engine Version":"5.1.14393.3866","Host ID":"548cbebc-322f-4cf8-b2b6-8265f4391cd9","Host Name":"ConsoleHost","Host Version":"5.1.14393.3866","Pipeline ID":"21","Runspace ID":"377d8ad3-3bae-46b1-aa6d-0a8ffd3c8288","Sequence Number":"186","Severity":"Informational","Shell ID":"Microsoft.PowerShell"},"EventType":"4","OpCode":"To be used when operation is just executing a method","SidType":"0","TaskCategory":"Executing Pipeline","User":"NOT_TRANSLATED","User Data":""}}
{"activity_id":1,"activity_name":"Launch","actor":{"process":{"cmd_line":"powershell","pid":-1},"user":{"account":{"name":"","type":"Windows Account","type_id":2,"uid":"S-1-5-21-2825133891-65375684-292279277-500"},"name":"","uid":"S-1-5-21-2825133891-65375684-292279277-500"}},"category_name":"System Activity","category_uid":1,"class_name":"Process Activity","class_uid":1007,"device":{"hostname":"win-dc-1603297.attackrange.local","os":{"name":"Windows","type":"Windows","type_id":100},"type":"Unknown","type_id":0},"message":"Powershell Module Logging","metadata":{"event_code":"4103","log_name":"Microsoft-Windows-PowerShell/Operational","log_provider":"Microsoft-Windows-PowerShell","original_time":"10/07/2020 10:29:00 PM","product":{"name":"Microsoft Windows","vendor_name":"Microsoft"},"profiles":["host"],"sequence":225352,"uid":"9640e59842ad0857d0442a0e05f1efbf","version":"1.4.0"},"observables":[{"name":"process","type":"Process","type_id":25},{"name":"process.cmd_line","type":"Command Line","type_id":13,"value":"CommandInvocation(Set-StrictMode): \"Set-StrictMode\"\nParameterBinding(Set-StrictMode): name=\"Off\"; value=\"True\""},{"name":"process.file","type":"File","type_id":24},{"name":"process.file.name","type":"File Name","type_id":7,"value":"PSReadLine.psm1"},{"name":"process.pid","type":"Process ID","type_id":15,"value":"-1"},{"name":"actor.process","type":"Process","type_id":25},{"name":"actor.process.cmd_line","type":"Command Line","type_id":13,"value":"powershell"},{"name":"actor.process.pid","type":"Process ID","type_id":15,"value":"-1"},{"name":"actor.user","type":"User","type_id":21},{"name":"actor.user.account.uid","type":"Account Object: uid","type_id":35,"value":"S-1-5-21-2825133891-65375684-292279277-500"},{"name":"actor.user.uid","type":"User Object: uid","type_id":31,"value":"S-1-5-21-2825133891-65375684-292279277-500"},{"name":"device","type":"Endpoint","type_id":20},{"name":"device.hostname","type":"Hostname","type_id":1,"value":"win-dc-1603297.attackrange.local"}],"process":{"cmd_line":"CommandInvocation(Set-StrictMode): \"Set-StrictMode\"\nParameterBinding(Set-StrictMode): name=\"Off\"; value=\"True\"","file":{"name":"PSReadLine.psm1","parent_folder":"C:\\Program Files\\WindowsPowerShell\\Modules\\PSReadline\\1.2","path":"C:\\Program Files\\WindowsPowerShell\\Modules\\PSReadline\\1.2\\PSReadLine.psm1","type":"Regular File","type_id":1},"loaded_modules":["Set-StrictMode"],"pid":-1},"raw_data":"10/07/2020 10:29:00 PM\nLogName=Microsoft-Windows-PowerShell/Operational\nSourceName=Microsoft-Windows-PowerShell\nEventCode=4103\nEventType=4\nType=Information\nComputerName=win-dc-1603297.attackrange.local\nUser=NOT_TRANSLATED\nSid=S-1-5-21-2825133891-65375684-292279277-500\nSidType=0\nTaskCategory=Executing Pipeline\nOpCode=To be used when operation is just executing a method\nRecordNumber=225352\nKeywords=None\nMessage=CommandInvocation(Set-StrictMode): \"Set-StrictMode\"\nParameterBinding(Set-StrictMode): name=\"Off\"; value=\"True\"\nContext:\n        Severity = Informational\n        Host Name = ConsoleHost\n        Host Version = 5.1.14393.3866\n        Host ID = 548cbebc-322f-4cf8-b2b6-8265f4391cd9\n        Host Application = powershell\n        Engine Version = 5.1.14393.3866\n        Runspace ID = 377d8ad3-3bae-46b1-aa6d-0a8ffd3c8288\n        Pipeline ID = 21\n        Command Name = Set-StrictMode\n        Command Type = Cmdlet\n        Script Name = C:\\Program Files\\WindowsPowerShell\\Modules\\PSReadline\\1.2\\PSReadLine.psm1\n        Command Path =\n        Sequence Number = 186\n        User =\n        Connected User =\n        Shell ID = Microsoft.PowerShell\nUser Data:\n","severity":"Informational","severity_id":1,"status":"None","status_id":99,"time":1602109740000,"type_name":"Process Activity: Launch","type_uid":100701,"unmapped":{"Context":{"Command Path":"","Command Type":"Cmdlet","Connected User":"","Engine Version":"5.1.14393.3866","Host ID":"548cbebc-322f-4cf8-b2b6-8265f4391cd9","Host Name":"ConsoleHost","Host Version":"5.1.14393.3866","Pipeline ID":"21","Runspace ID":"377d8ad3-3bae-46b1-aa6d-0a8ffd3c8288","Sequence Number":"186","Severity":"Informational","Shell ID":"Microsoft.PowerShell"},"EventType":"4","OpCode":"To be used when operation is just executing a method","SidType":"0","TaskCategory":"Executing Pipeline","User":"NOT_TRANSLATED","User Data":""}}
{"activity_id":1,"activity_name":"Launch","actor":{"process":{"cmd_line":"C:\\Windows\\System32\\WindowsPowerShell\\v1.0\\powershell.exe -NoProfile -NonInteractive -NoLogo -WindowStyle hidden -ExecutionPolicy Unrestricted Import-Module C:\\ProgramData\\Amazon\\EC2-Windows\\Launch\\Module\\Ec2Launch.psd1; Set-Wallpaper","pid":-1},"user":{"account":{"name":"ATTACKRANGE\\reed_schmidt","type":"Windows Account","type_id":2,"uid":"S-1-5-21-1166625382-1442148322-2337405042-2397"},"name":"ATTACKRANGE\\reed_schmidt","uid":"S-1-5-21-1166625382-1442148322-2337405042-2397"}},"category_name":"System Activity","category_uid":1,"class_name":"Process Activity","class_uid":1007,"device":{"hostname":"win-host-987.attackrange.local","os":{"name":"Windows","type":"Windows","type_id":100},"type":"Unknown","type_id":0},"message":"Powershell Module Logging","metadata":{"event_code":"4103","log_name":"Microsoft-Windows-PowerShell/Operational","log_provider":"Microsoft-Windows-PowerShell","original_time":"03/09/2022 05:50:29 PM","product":{"name":"Microsoft Windows","vendor_name":"Microsoft"},"profiles":["host"],"sequence":12614587,"uid":"053fbe83d76e8f872d5fe03abe246a62","version":"1.4.0"},"observables":[{"name":"device","type":"Endpoint","type_id":20},{"name":"device.hostname","type":"Hostname","type_id":1,"value":"win-host-987.attackrange.local"},{"name":"actor.process","type":"Process","type_id":25},{"name":"actor.process.cmd_line","type":"Command Line","type_id":13,"value":"C:\\Windows\\System32\\WindowsPowerShell\\v1.0\\powershell.exe -NoProfile -NonInteractive -NoLogo -WindowStyle hidden -ExecutionPolicy Unrestricted Import-Module C:\\ProgramData\\Amazon\\EC2-Windows\\Launch\\Module\\Ec2Launch.psd1; Set-Wallpaper"},{"name":"actor.process.pid","type":"Process ID","type_id":15,"value":"-1"},{"name":"actor.user","type":"User","type_id":21},{"name":"actor.user.account.uid","type":"Account Object: uid","type_id":35,"value":"S-1-5-21-1166625382-1442148322-2337405042-2397"},{"name":"actor.user.account.name","type":"Account Object: name","type_id":34,"value":"ATTACKRANGE\\reed_schmidt"},{"name":"actor.user.name","type":"User Name","type_id":4,"value":"ATTACKRANGE\\reed_schmidt"},{"name":"actor.user.uid","type":"User Object: uid","type_id":31,"value":"S-1-5-21-1166625382-1442148322-2337405042-2397"},{"name":"process","type":"Process","type_id":25},{"name":"process.file","type":"File","type_id":24},{"name":"process.file.name","type":"File Name","type_id":7,"value":"Set-Wallpaper.ps1"},{"name":"process.pid","type":"Process ID","type_id":15,"value":"-1"},{"name":"process.cmd_line","type":"Command Line","type_id":13,"value":"CommandInvocation(Add-Type): \"Add-Type\"\nParameterBinding(Add-Type): name=\"AssemblyName\"; value=\"System.Windows.Forms\"\n\n"}],"process":{"cmd_line":"CommandInvocation(Add-Type): \"Add-Type\"\nParameterBinding(Add-Type): name=\"AssemblyName\"; value=\"System.Windows.Forms\"\n\n","file":{"name":"Set-Wallpaper.ps1","parent_folder":"C:\\ProgramData\\Amazon\\EC2-Windows\\Launch\\Module\\Scripts","path":"C:\\ProgramData\\Amazon\\EC2-Windows\\Launch\\Module\\Scripts\\Set-Wallpaper.ps1","type":"Regular File","type_id":1},"loaded_modules":["Add-Type"],"pid":-1},"raw_data":"03/09/2022 05:50:29 PM\nLogName=Microsoft-Windows-PowerShell/Operational\nSourceName=Microsoft-Windows-PowerShell\nEventCode=4103\nEventType=4\nType=Information\nComputerName=win-host-987.attackrange.local\nUser=NOT_TRANSLATED\nSid=S-1-5-21-1166625382-1442148322-2337405042-2397\nSidType=0\nTaskCategory=Executing Pipeline\nOpCode=To be used when operation is just executing a method\nRecordNumber=12614587\nKeywords=None\nMessage=CommandInvocation(Add-Type): \"Add-Type\"\nParameterBinding(Add-Type): name=\"AssemblyName\"; value=\"System.Windows.Forms\"\n\n\nContext:\n        Severity = Informational\n        Host Name = ConsoleHost\n        Host Version = 5.1.14393.4402\n        Host ID = e5ff3e5e-5d72-4291-8c69-e5c2c8d6bbe5\n        Host Application = C:\\Windows\\System32\\WindowsPowerShell\\v1.0\\powershell.exe -NoProfile -NonInteractive -NoLogo -WindowStyle hidden -ExecutionPolicy Unrestricted Import-Module C:\\ProgramData\\Amazon\\EC2-Windows\\Launch\\Module\\Ec2Launch.psd1; Set-Wallpaper\n        Engine Version = 5.1.14393.4402\n        Runspace ID = 05aae8c7-f0a4-41f0-a2ce-5425d4feb256\n        Pipeline ID = 1\n        Command Name = Add-Type\n        Command Type = Cmdlet\n        Script Name = C:\\ProgramData\\Amazon\\EC2-Windows\\Launch\\Module\\Scripts\\Set-Wallpaper.ps1\n        Command Path = \n        Sequence Number = 30\n        User = ATTACKRANGE\\reed_schmidt\n        Connected User = \n        Shell ID = Microsoft.PowerShell\n\n\nUser Data:","severity":"Informational","severity_id":1,"status":"None","status_id":99,"time":1646848229000,"type_name":"Process Activity: Launch","type_uid":100701,"unmapped":{"Context":{"Command Path":"","Command Type":"Cmdlet","Connected User":"","Engine Version":"5.1.14393.4402","Host ID":"e5ff3e5e-5d72-4291-8c69-e5c2c8d6bbe5","Host Name":"ConsoleHost","Host Version":"5.1.14393.4402","Pipeline ID":"1","Runspace ID":"05aae8c7-f0a4-41f0-a2ce-5425d4feb256","Sequence Number":"30","Severity":"Informational","Shell ID":"Microsoft.PowerShell"},"EventType":"4","OpCode":"To be used when operation is just executing a method","SidType":"0","TaskCategory":"Executing Pipeline","User":"NOT_TRANSLATED","User Data":""}}
{"activity_id":1,"activity_name":"Launch","actor":{"process":{"cmd_line":"C:\\Windows\\System32\\WindowsPowerShell\\v1.0\\powershell.exe -NoProfile -NonInteractive -NoLogo -WindowStyle hidden -ExecutionPolicy Unrestricted Import-Module C:\\ProgramData\\Amazon\\EC2-Windows\\Launch\\Module\\Ec2Launch.psd1; Set-Wallpaper","pid":-1},"user":{"account":{"name":"ATTACKRANGE\\reed_schmidt","type":"Windows Account","type_id":2,"uid":"S-1-5-21-1166625382-1442148322-2337405042-2397"},"name":"ATTACKRANGE\\reed_schmidt","uid":"S-1-5-21-1166625382-1442148322-2337405042-2397"}},"category_name":"System Activity","category_uid":1,"class_name":"Process Activity","class_uid":1007,"device":{"hostname":"win-host-987.attackrange.local","os":{"name":"Windows","type":"Windows","type_id":100},"type":"Unknown","type_id":0},"message":"Powershell Module Logging","metadata":{"event_code":"4103","log_name":"Microsoft-Windows-PowerShell/Operational","log_provider":"Microsoft-Windows-PowerShell","original_time":"03/09/2022 05:50:29 PM","product":{"name":"Microsoft Windows","vendor_name":"Microsoft"},"profiles":["host"],"sequence":12613908,"uid":"b1ae4a7238b645aa18fd005df870960e","version":"1.4.0"},"observables":[{"name":"device","type":"Endpoint","type_id":20},{"name":"device.hostname","type":"Hostname","type_id":1,"value":"win-host-987.attackrange.local"},{"name":"actor.process","type":"Process","type_id":25},{"name":"actor.process.cmd_line","type":"Command Line","type_id":13,"value":"C:\\Windows\\System32\\WindowsPowerShell\\v1.0\\powershell.exe -NoProfile -NonInteractive -NoLogo -WindowStyle hidden -ExecutionPolicy Unrestricted Import-Module C:\\ProgramData\\Amazon\\EC2-Windows\\Launch\\Module\\Ec2Launch.psd1; Set-Wallpaper"},{"name":"actor.process.pid","type":"Process ID","type_id":15,"value":"-1"},{"name":"actor.user","type":"User","type_id":21},{"name":"actor.user.account.uid","type":"Account Object: uid","type_id":35,"value":"S-1-5-21-1166625382-1442148322-2337405042-2397"},{"name":"actor.user.account.name","type":"Account Object: name","type_id":34,"value":"ATTACKRANGE\\reed_schmidt"},{"name":"actor.user.name","type":"User Name","type_id":4,"value":"ATTACKRANGE\\reed_schmidt"},{"name":"actor.user.uid","type":"User Object: uid","type_id":31,"value":"S-1-5-21-1166625382-1442148322-2337405042-2397"},{"name":"process","type":"Process","type_id":25},{"name":"process.cmd_line","type":"Command Line","type_id":13,"value":"CommandInvocation(Add-Type): \"Add-Type\"\nParameterBinding(Add-Type): name=\"TypeDefinition\"; value=\"            using System.Runtime.InteropServices;\n            using System;\n\n            namespace WallpaperUtil {\n\n                public static class Helper {\n                    private static uint SPI_SETDESKWALLPAPER = 20;\n                    private static uint SPI_GETDESKWALLPAPER = 115;\n                    private static uint SPIF_UPDATEINIFILE = 0x01;\n                    private static uint SPIF_SENDWININICHANGE = 0x02;\n                    private static uint MAX_PATH = 1024;\n\n                    public static void SetWallpaper(string src) {\n                        PInvoke.SystemParametersInfo(SPI_SETDESKWALLPAPER, 0, src, SPIF_UPDATEINIFILE | SPIF_SENDWININICHANGE);\n                    }\n\n                    public static String getWallpaper() {\n                        var path = new String('\\0', (int)MAX_PATH);\n                        PInvoke.SystemParametersInfo(SPI_GETDESKWALLPAPER, MAX_PATH, path, SPIF_UPDATEINIFILE | SPIF_SENDWININICHANGE);\n                        path = path.Substring(0, path.IndexOf('\\0'));\n                        return path;\n                    }\n                }\n\n                public static class PInvoke {\n                    [DllImport(\"user32.dll\", CharSet = CharSet.Auto)]\n                    public static extern uint SystemParametersInfo(\n                        uint action, uint uParam, string vParam, uint winIni);\n                }\n            }\"\n\n"},{"name":"process.file","type":"File","type_id":24},{"name":"process.file.name","type":"File Name","type_id":7,"value":"Import-WallpaperUtil.ps1"},{"name":"process.pid","type":"Process ID","type_id":15,"value":"-1"}],"process":{"cmd_line":"CommandInvocation(Add-Type): \"Add-Type\"\nParameterBinding(Add-Type): name=\"TypeDefinition\"; value=\"            using System.Runtime.InteropServices;\n            using System;\n\n            namespace WallpaperUtil {\n\n                public static class Helper {\n                    private static uint SPI_SETDESKWALLPAPER = 20;\n                    private static uint SPI_GETDESKWALLPAPER = 115;\n                    private static uint SPIF_UPDATEINIFILE = 0x01;\n                    private static uint SPIF_SENDWININICHANGE = 0x02;\n                    private static uint MAX_PATH = 1024;\n\n                    public static void SetWallpaper(string src) {\n                        PInvoke.SystemParametersInfo(SPI_SETDESKWALLPAPER, 0, src, SPIF_UPDATEINIFILE | SPIF_SENDWININICHANGE);\n                    }\n\n                    public static String getWallpaper() {\n                        var path = new String('\\0', (int)MAX_PATH);\n                        PInvoke.SystemParametersInfo(SPI_GETDESKWALLPAPER, MAX_PATH, path, SPIF_UPDATEINIFILE | SPIF_SENDWININICHANGE);\n                        path = path.Substring(0, path.IndexOf('\\0'));\n                        return path;\n                    }\n                }\n\n                public static class PInvoke {\n                    [DllImport(\"user32.dll\", CharSet = CharSet.Auto)]\n                    public static extern uint SystemParametersInfo(\n                        uint action, uint uParam, string vParam, uint winIni);\n                }\n            }\"\n\n","file":{"name":"Import-WallpaperUtil.ps1","parent_folder":"C:\\ProgramData\\Amazon\\EC2-Windows\\Launch\\Module\\Scripts","path":"C:\\ProgramData\\Amazon\\EC2-Windows\\Launch\\Module\\Scripts\\Import-WallpaperUtil.ps1","type":"Regular File","type_id":1},"loaded_modules":["Add-Type"],"pid":-1},"raw_data":"03/09/2022 05:50:29 PM\nLogName=Microsoft-Windows-PowerShell/Operational\nSourceName=Microsoft-Windows-PowerShell\nEventCode=4103\nEventType=4\nType=Information\nComputerName=win-host-987.attackrange.local\nUser=NOT_TRANSLATED\nSid=S-1-5-21-1166625382-1442148322-2337405042-2397\nSidType=0\nTaskCategory=Executing Pipeline\nOpCode=To be used when operation is just executing a method\nRecordNumber=12613908\nKeywords=None\nMessage=CommandInvocation(Add-Type): \"Add-Type\"\nParameterBinding(Add-Type): name=\"TypeDefinition\"; value=\"            using System.Runtime.InteropServices;\n            using System;\n\n            namespace WallpaperUtil {\n\n                public static class Helper {\n                    private static uint SPI_SETDESKWALLPAPER = 20;\n                    private static uint SPI_GETDESKWALLPAPER = 115;\n                    private static uint SPIF_UPDATEINIFILE = 0x01;\n                    private static uint SPIF_SENDWININICHANGE = 0x02;\n                    private static uint MAX_PATH = 1024;\n\n                    public static void SetWallpaper(string src) {\n                        PInvoke.SystemParametersInfo(SPI_SETDESKWALLPAPER, 0, src, SPIF_UPDATEINIFILE | SPIF_SENDWININICHANGE);\n                    }\n\n                    public static String getWallpaper() {\n                        var path = new String('\\0', (int)MAX_PATH);\n                        PInvoke.SystemParametersInfo(SPI_GETDESKWALLPAPER, MAX_PATH, path, SPIF_UPDATEINIFILE | SPIF_SENDWININICHANGE);\n                        path = path.Substring(0, path.IndexOf('\\0'));\n                        return path;\n                    }\n                }\n\n                public static class PInvoke {\n                    [DllImport(\"user32.dll\", CharSet = CharSet.Auto)]\n                    public static extern uint SystemParametersInfo(\n                        uint action, uint uParam, string vParam, uint winIni);\n                }\n            }\"\n\n\nContext:\n        Severity = Informational\n        Host Name = ConsoleHost\n        Host Version = 5.1.14393.4402\n        Host ID = e5ff3e5e-5d72-4291-8c69-e5c2c8d6bbe5\n        Host Application = C:\\Windows\\System32\\WindowsPowerShell\\v1.0\\powershell.exe -NoProfile -NonInteractive -NoLogo -WindowStyle hidden -ExecutionPolicy Unrestricted Import-Module C:\\ProgramData\\Amazon\\EC2-Windows\\Launch\\Module\\Ec2Launch.psd1; Set-Wallpaper\n        Engine Version = 5.1.14393.4402\n        Runspace ID = 05aae8c7-f0a4-41f0-a2ce-5425d4feb256\n        Pipeline ID = 1\n        Command Name = Add-Type\n        Command Type = Cmdlet\n        Script Name = C:\\ProgramData\\Amazon\\EC2-Windows\\Launch\\Module\\Scripts\\Import-WallpaperUtil.ps1\n        Command Path = \n        Sequence Number = 16\n        User = ATTACKRANGE\\reed_schmidt\n        Connected User = \n        Shell ID = Microsoft.PowerShell\n\n\nUser Data:","severity":"Informational","severity_id":1,"status":"None","status_id":99,"time":1646848229000,"type_name":"Process Activity: Launch","type_uid":100701,"unmapped":{"Context":{"Command Path":"","Command Type":"Cmdlet","Connected User":"","Engine Version":"5.1.14393.4402","Host ID":"e5ff3e5e-5d72-4291-8c69-e5c2c8d6bbe5","Host Name":"ConsoleHost","Host Version":"5.1.14393.4402","Pipeline ID":"1","Runspace ID":"05aae8c7-f0a4-41f0-a2ce-5425d4feb256","Sequence Number":"16","Severity":"Informational","Shell ID":"Microsoft.PowerShell"},"EventType":"4","OpCode":"To be used when operation is just executing a method","SidType":"0","TaskCategory":"Executing Pipeline","User":"NOT_TRANSLATED","User Data":""}}
