{"activity_id":1,"activity_name":"Logon","actor":{"process":{"file":{"name":"","path":"","type":"Regular File","type_id":1},"pid":4},"session":{"uid":"0x2B1AE6","uuid":"{AF4D94F5-684F-7425-C40B-908B750472DB}"},"user":{"account":{"name":"reed_fernandez","type":"Windows Account","type_id":2,"uid":"ATTACKRANGE\\REED_FERNANDEZ"},"domain":"ATTACKRANGE","name":"reed_fernandez","uid":"ATTACKRANGE\\REED_FERNANDEZ"}},"category_name":"Identity & Access Management","category_uid":3,"class_name":"Authentication","class_uid":3002,"device":{"hostname":"win-host-816.attackrange.local","os":{"name":"Windows","type":"Windows","type_id":100},"type":"Unknown","type_id":0},"dst_endpoint":{"hostname":"win-dc-697.attackrange.local"},"message":"A logon was attempted using explicit credentials.","metadata":{"event_code":"4648","log_name":"Security","log_provider":"Microsoft Windows security auditing.","original_time":"04/20/2021 09:11:39 PM","product":{"name":"Microsoft Windows","vendor_name":"Microsoft"},"profiles":["host"],"sequence":1306880,"uid":"4818b8c4cac54f4291d1a399cd54a531","version":"1.4.0"},"observables":[{"name":"user","type":"User","type_id":21},{"name":"user.account.uid","type":"Account Object: uid","type_id":35,"value":"{00000000-0000-0000-0000-000000000000}"},{"name":"user.account.name","type":"Account Object: name","type_id":34,"value":"FRANKLIN_PARSONS"},{"name":"user.name","type":"User Name","type_id":4,"value":"FRANKLIN_PARSONS"},{"name":"user.uid","type":"User Object: uid","type_id":31,"value":"{00000000-0000-0000-0000-000000000000}"},{"name":"device","type":"Endpoint","type_id":20},{"name":"device.hostname","type":"Hostname","type_id":1,"value":"win-host-816.attackrange.local"},{"name":"dst_endpoint","type":"Endpoint","type_id":20},{"name":"dst_endpoint.hostname","type":"Hostname","type_id":1,"value":"win-dc-697.attackrange.local"},{"name":"actor.process","type":"Process","type_id":25},{"name":"actor.process.pid","type":"Process ID","type_id":15,"value":"4"},{"name":"actor.process.file","type":"File","type_id":24},{"name":"actor.user","type":"User","type_id":21},{"name":"actor.user.account.name","type":"Account Object: name","type_id":34,"value":"reed_fernandez"},{"name":"actor.user.account.uid","type":"Account Object: uid","type_id":35,"value":"ATTACKRANGE\\REED_FERNANDEZ"},{"name":"actor.user.uid","type":"User Object: uid","type_id":31,"value":"ATTACKRANGE\\REED_FERNANDEZ"},{"name":"actor.user.name","type":"User Name","type_id":4,"value":"reed_fernandez"},{"name":"src_endpoint","type":"Endpoint","type_id":20},{"name":"src_endpoint.ip","type":"IP Address","type_id":2,"value":"10.0.1.14"},{"name":"src_endpoint.port","type":"Port","type_id":11,"value":"445"}],"raw_data":"04/20/2021 09:11:39 PM\nLogName=Security\nSourceName=Microsoft Windows security auditing.\nEventCode=4648\nEventType=0\nType=Information\nComputerName=win-host-816.attackrange.local\nTaskCategory=Logon\nOpCode=Info\nRecordNumber=1306880\nKeywords=Audit Success\nMessage=A logon was attempted using explicit credentials.\nSubject:\n\tSecurity ID:\t\tATTACKRANGE\\REED_FERNANDEZ\n\tAccount Name:\t\treed_fernandez\n\tAccount Domain:\t\tATTACKRANGE\n\tLogon ID:\t\t0x2B1AE6\n\tLogon GUID:\t\t{AF4D94F5-684F-7425-C40B-908B750472DB}\nAccount Whose Credentials Were Used:\n\tAccount Name:\t\tFRANKLIN_PARSONS\n\tAccount Domain:\t\tattackrange.local\n\tLogon GUID:\t\t{00000000-0000-0000-0000-000000000000}\nTarget Server:\n\tTarget Server Name:\twin-dc-697.attackrange.local\n\tAdditional Information:\twin-dc-697.attackrange.local\nProcess Information:\n\tProcess ID:\t\t0x4\n\tProcess Name:\t\t\nNetwork Information:\n\tNetwork Address:\t10.0.1.14\n\tPort:\t\t\t445\nThis event is generated when a process attempts to log on an account by explicitly specifying that accounts credentials.  This most commonly occurs in batch-type configurations such as scheduled tasks, or when using the RUNAS command.","severity":"Informational","severity_id":1,"src_endpoint":{"ip":"10.0.1.14","port":445},"status":"Success","status_id":1,"time":1618953099000,"type_name":"Authentication: Logon","type_uid":300201,"unmapped":{"EventType":"0","OpCode":"Info","Target Server":{"Additional Information":"win-dc-697.attackrange.local"},"TaskCategory":"Logon"},"user":{"account":{"name":"FRANKLIN_PARSONS","type":"Windows Account","type_id":2,"uid":"{00000000-0000-0000-0000-000000000000}"},"domain":"attackrange.local","name":"FRANKLIN_PARSONS","uid":"{00000000-0000-0000-0000-000000000000}"}}
{"activity_id":1,"activity_name":"Logon","actor":{"process":{"file":{"name":"","path":"","type":"Regular File","type_id":1},"pid":4},"session":{"uid":"0x2B1AE6","uuid":"{AF4D94F5-684F-7425-C40B-908B750472DB}"},"user":{"account":{"name":"reed_fernandez","type":"Windows Account","type_id":2,"uid":"ATTACKRANGE\\REED_FERNANDEZ"},"domain":"ATTACKRANGE","name":"reed_fernandez","uid":"ATTACKRANGE\\REED_FERNANDEZ"}},"category_name":"Identity & Access Management","category_uid":3,"class_name":"Authentication","class_uid":3002,"device":{"hostname":"win-host-816.attackrange.local","os":{"name":"Windows","type":"Windows","type_id":100},"type":"Unknown","type_id":0},"dst_endpoint":{"hostname":"win-dc-697.attackrange.local"},"message":"A logon was attempted using explicit credentials.","metadata":{"event_code":"4648","log_name":"Security","log_provider":"Microsoft Windows security auditing.","original_time":"04/20/2021 09:11:37 PM","product":{"name":"Microsoft Windows","vendor_name":"Microsoft"},"profiles":["host"],"sequence":1306872,"uid":"218fdb911d5da12d32fa443639c158f3","version":"1.4.0"},"observables":[{"name":"src_endpoint","type":"Endpoint","type_id":20},{"name":"src_endpoint.ip","type":"IP Address","type_id":2,"value":"10.0.1.14"},{"name":"src_endpoint.port","type":"Port","type_id":11,"value":"445"},{"name":"device","type":"Endpoint","type_id":20},{"name":"device.hostname","type":"Hostname","type_id":1,"value":"win-host-816.attackrange.local"},{"name":"user","type":"User","type_id":21},{"name":"user.account.name","type":"Account Object: name","type_id":34,"value":"TERI_COLLINS"},{"name":"user.account.uid","type":"Account Object: uid","type_id":35,"value":"{00000000-0000-0000-0000-000000000000}"},{"name":"user.name","type":"User Name","type_id":4,"value":"TERI_COLLINS"},{"name":"user.uid","type":"User Object: uid","type_id":31,"value":"{00000000-0000-0000-0000-000000000000}"},{"name":"actor.process","type":"Process","type_id":25},{"name":"actor.process.pid","type":"Process ID","type_id":15,"value":"4"},{"name":"actor.process.file","type":"File","type_id":24},{"name":"actor.user","type":"User","type_id":21},{"name":"actor.user.account.uid","type":"Account Object: uid","type_id":35,"value":"ATTACKRANGE\\REED_FERNANDEZ"},{"name":"actor.user.account.name","type":"Account Object: name","type_id":34,"value":"reed_fernandez"},{"name":"actor.user.uid","type":"User Object: uid","type_id":31,"value":"ATTACKRANGE\\REED_FERNANDEZ"},{"name":"actor.user.name","type":"User Name","type_id":4,"value":"reed_fernandez"},{"name":"dst_endpoint","type":"Endpoint","type_id":20},{"name":"dst_endpoint.hostname","type":"Hostname","type_id":1,"value":"win-dc-697.attackrange.local"}],"raw_data":"04/20/2021 09:11:37 PM\nLogName=Security\nSourceName=Microsoft Windows security auditing.\nEventCode=4648\nEventType=0\nType=Information\nComputerName=win-host-816.attackrange.local\nTaskCategory=Logon\nOpCode=Info\nRecordNumber=1306872\nKeywords=Audit Success\nMessage=A logon was attempted using explicit credentials.\nSubject:\n\tSecurity ID:\t\tATTACKRANGE\\REED_FERNANDEZ\n\tAccount Name:\t\treed_fernandez\n\tAccount Domain:\t\tATTACKRANGE\n\tLogon ID:\t\t0x2B1AE6\n\tLogon GUID:\t\t{AF4D94F5-684F-7425-C40B-908B750472DB}\nAccount Whose Credentials Were Used:\n\tAccount Name:\t\tTERI_COLLINS\n\tAccount Domain:\t\tattackrange.local\n\tLogon GUID:\t\t{00000000-0000-0000-0000-000000000000}\nTarget Server:\n\tTarget Server Name:\twin-dc-697.attackrange.local\n\tAdditional Information:\twin-dc-697.attackrange.local\nProcess Information:\n\tProcess ID:\t\t0x4\n\tProcess Name:\t\t\nNetwork Information:\n\tNetwork Address:\t10.0.1.14\n\tPort:\t\t\t445\nThis event is generated when a process attempts to log on an account by explicitly specifying that accounts credentials.  This most commonly occurs in batch-type configurations such as scheduled tasks, or when using the RUNAS command.","severity":"Informational","severity_id":1,"src_endpoint":{"ip":"10.0.1.14","port":445},"status":"Success","status_id":1,"time":1618953097000,"type_name":"Authentication: Logon","type_uid":300201,"unmapped":{"EventType":"0","OpCode":"Info","Target Server":{"Additional Information":"win-dc-697.attackrange.local"},"TaskCategory":"Logon"},"user":{"account":{"name":"TERI_COLLINS","type":"Windows Account","type_id":2,"uid":"{00000000-0000-0000-0000-000000000000}"},"domain":"attackrange.local","name":"TERI_COLLINS","uid":"{00000000-0000-0000-0000-000000000000}"}}
{"activity_id":1,"activity_name":"Logon","actor":{"process":{"file":{"name":"","path":"","type":"Regular File","type_id":1},"pid":4},"session":{"uid":"0x2B1AE6","uuid":"{AF4D94F5-684F-7425-C40B-908B750472DB}"},"user":{"account":{"name":"reed_fernandez","type":"Windows Account","type_id":2,"uid":"ATTACKRANGE\\REED_FERNANDEZ"},"domain":"ATTACKRANGE","name":"reed_fernandez","uid":"ATTACKRANGE\\REED_FERNANDEZ"}},"category_name":"Identity & Access Management","category_uid":3,"class_name":"Authentication","class_uid":3002,"device":{"hostname":"win-host-816.attackrange.local","os":{"name":"Windows","type":"Windows","type_id":100},"type":"Unknown","type_id":0},"dst_endpoint":{"hostname":"win-dc-697.attackrange.local"},"message":"A logon was attempted using explicit credentials.","metadata":{"event_code":"4648","log_name":"Security","log_provider":"Microsoft Windows security auditing.","original_time":"04/20/2021 09:11:35 PM","product":{"name":"Microsoft Windows","vendor_name":"Microsoft"},"profiles":["host"],"sequence":1306870,"uid":"02998b7b57bc7bd85c34a747e0d6e1c3","version":"1.4.0"},"observables":[{"name":"actor.process","type":"Process","type_id":25},{"name":"actor.process.pid","type":"Process ID","type_id":15,"value":"4"},{"name":"actor.process.file","type":"File","type_id":24},{"name":"actor.user","type":"User","type_id":21},{"name":"actor.user.account.uid","type":"Account Object: uid","type_id":35,"value":"ATTACKRANGE\\REED_FERNANDEZ"},{"name":"actor.user.account.name","type":"Account Object: name","type_id":34,"value":"reed_fernandez"},{"name":"actor.user.uid","type":"User Object: uid","type_id":31,"value":"ATTACKRANGE\\REED_FERNANDEZ"},{"name":"actor.user.name","type":"User Name","type_id":4,"value":"reed_fernandez"},{"name":"dst_endpoint","type":"Endpoint","type_id":20},{"name":"dst_endpoint.hostname","type":"Hostname","type_id":1,"value":"win-dc-697.attackrange.local"},{"name":"device","type":"Endpoint","type_id":20},{"name":"device.hostname","type":"Hostname","type_id":1,"value":"win-host-816.attackrange.local"},{"name":"user","type":"User","type_id":21},{"name":"user.account.uid","type":"Account Object: uid","type_id":35,"value":"{00000000-0000-0000-0000-000000000000}"},{"name":"user.account.name","type":"Account Object: name","type_id":34,"value":"BOB_KIRBY"},{"name":"user.name","type":"User Name","type_id":4,"value":"BOB_KIRBY"},{"name":"user.uid","type":"User Object: uid","type_id":31,"value":"{00000000-0000-0000-0000-000000000000}"},{"name":"src_endpoint","type":"Endpoint","type_id":20},{"name":"src_endpoint.ip","type":"IP Address","type_id":2,"value":"10.0.1.14"},{"name":"src_endpoint.port","type":"Port","type_id":11,"value":"445"}],"raw_data":"04/20/2021 09:11:35 PM\nLogName=Security\nSourceName=Microsoft Windows security auditing.\nEventCode=4648\nEventType=0\nType=Information\nComputerName=win-host-816.attackrange.local\nTaskCategory=Logon\nOpCode=Info\nRecordNumber=1306870\nKeywords=Audit Success\nMessage=A logon was attempted using explicit credentials.\nSubject:\n\tSecurity ID:\t\tATTACKRANGE\\REED_FERNANDEZ\n\tAccount Name:\t\treed_fernandez\n\tAccount Domain:\t\tATTACKRANGE\n\tLogon ID:\t\t0x2B1AE6\n\tLogon GUID:\t\t{AF4D94F5-684F-7425-C40B-908B750472DB}\nAccount Whose Credentials Were Used:\n\tAccount Name:\t\tBOB_KIRBY\n\tAccount Domain:\t\tattackrange.local\n\tLogon GUID:\t\t{00000000-0000-0000-0000-000000000000}\nTarget Server:\n\tTarget Server Name:\twin-dc-697.attackrange.local\n\tAdditional Information:\twin-dc-697.attackrange.local\nProcess Information:\n\tProcess ID:\t\t0x4\n\tProcess Name:\t\t\nNetwork Information:\n\tNetwork Address:\t10.0.1.14\n\tPort:\t\t\t445\nThis event is generated when a process attempts to log on an account by explicitly specifying that accounts credentials.  This most commonly occurs in batch-type configurations such as scheduled tasks, or when using the RUNAS command.","severity":"Informational","severity_id":1,"src_endpoint":{"ip":"10.0.1.14","port":445},"status":"Success","status_id":1,"time":1618953095000,"type_name":"Authentication: Logon","type_uid":300201,"unmapped":{"EventType":"0","OpCode":"Info","Target Server":{"Additional Information":"win-dc-697.attackrange.local"},"TaskCategory":"Logon"},"user":{"account":{"name":"BOB_KIRBY","type":"Windows Account","type_id":2,"uid":"{00000000-0000-0000-0000-000000000000}"},"domain":"attackrange.local","name":"BOB_KIRBY","uid":"{00000000-0000-0000-0000-000000000000}"}}
{"activity_id":1,"activity_name":"Logon","actor":{"process":{"file":{"name":"","path":"","type":"Regular File","type_id":1},"pid":4},"session":{"uid":"0x2B1AE6","uuid":"{AF4D94F5-684F-7425-C40B-908B750472DB}"},"user":{"account":{"name":"reed_fernandez","type":"Windows Account","type_id":2,"uid":"ATTACKRANGE\\REED_FERNANDEZ"},"domain":"ATTACKRANGE","name":"reed_fernandez","uid":"ATTACKRANGE\\REED_FERNANDEZ"}},"category_name":"Identity & Access Management","category_uid":3,"class_name":"Authentication","class_uid":3002,"device":{"hostname":"win-host-816.attackrange.local","os":{"name":"Windows","type":"Windows","type_id":100},"type":"Unknown","type_id":0},"dst_endpoint":{"hostname":"win-dc-697.attackrange.local"},"message":"A logon was attempted using explicit credentials.","metadata":{"event_code":"4648","log_name":"Security","log_provider":"Microsoft Windows security auditing.","original_time":"04/20/2021 09:11:49 PM","product":{"name":"Microsoft Windows","vendor_name":"Microsoft"},"profiles":["host"],"sequence":1306893,"uid":"6bc2a7d1f8be9b2eb83a013430873a99","version":"1.4.0"},"observables":[{"name":"device","type":"Endpoint","type_id":20},{"name":"device.hostname","type":"Hostname","type_id":1,"value":"win-host-816.attackrange.local"},{"name":"actor.process","type":"Process","type_id":25},{"name":"actor.process.pid","type":"Process ID","type_id":15,"value":"4"},{"name":"actor.process.file","type":"File","type_id":24},{"name":"actor.user","type":"User","type_id":21},{"name":"actor.user.account.uid","type":"Account Object: uid","type_id":35,"value":"ATTACKRANGE\\REED_FERNANDEZ"},{"name":"actor.user.account.name","type":"Account Object: name","type_id":34,"value":"reed_fernandez"},{"name":"actor.user.uid","type":"User Object: uid","type_id":31,"value":"ATTACKRANGE\\REED_FERNANDEZ"},{"name":"actor.user.name","type":"User Name","type_id":4,"value":"reed_fernandez"},{"name":"user","type":"User","type_id":21},{"name":"user.name","type":"User Name","type_id":4,"value":"HANK_WHITEHEAD"},{"name":"user.uid","type":"User Object: uid","type_id":31,"value":"{00000000-0000-0000-0000-000000000000}"},{"name":"user.account.uid","type":"Account Object: uid","type_id":35,"value":"{00000000-0000-0000-0000-000000000000}"},{"name":"user.account.name","type":"Account Object: name","type_id":34,"value":"HANK_WHITEHEAD"},{"name":"dst_endpoint","type":"Endpoint","type_id":20},{"name":"dst_endpoint.hostname","type":"Hostname","type_id":1,"value":"win-dc-697.attackrange.local"},{"name":"src_endpoint","type":"Endpoint","type_id":20},{"name":"src_endpoint.ip","type":"IP Address","type_id":2,"value":"10.0.1.14"},{"name":"src_endpoint.port","type":"Port","type_id":11,"value":"445"}],"raw_data":"04/20/2021 09:11:49 PM\nLogName=Security\nSourceName=Microsoft Windows security auditing.\nEventCode=4648\nEventType=0\nType=Information\nComputerName=win-host-816.attackrange.local\nTaskCategory=Logon\nOpCode=Info\nRecordNumber=1306893\nKeywords=Audit Success\nMessage=A logon was attempted using explicit credentials.\nSubject:\n\tSecurity ID:\t\tATTACKRANGE\\REED_FERNANDEZ\n\tAccount Name:\t\treed_fernandez\n\tAccount Domain:\t\tATTACKRANGE\n\tLogon ID:\t\t0x2B1AE6\n\tLogon GUID:\t\t{AF4D94F5-684F-7425-C40B-908B750472DB}\nAccount Whose Credentials Were Used:\n\tAccount Name:\t\tHANK_WHITEHEAD\n\tAccount Domain:\t\tattackrange.local\n\tLogon GUID:\t\t{00000000-0000-0000-0000-000000000000}\nTarget Server:\n\tTarget Server Name:\twin-dc-697.attackrange.local\n\tAdditional Information:\twin-dc-697.attackrange.local\nProcess Information:\n\tProcess ID:\t\t0x4\n\tProcess Name:\t\t\nNetwork Information:\n\tNetwork Address:\t10.0.1.14\n\tPort:\t\t\t445\nThis event is generated when a process attempts to log on an account by explicitly specifying that accounts credentials.  This most commonly occurs in batch-type configurations such as scheduled tasks, or when using the RUNAS command.","severity":"Informational","severity_id":1,"src_endpoint":{"ip":"10.0.1.14","port":445},"status":"Success","status_id":1,"time":1618953109000,"type_name":"Authentication: Logon","type_uid":300201,"unmapped":{"EventType":"0","OpCode":"Info","Target Server":{"Additional Information":"win-dc-697.attackrange.local"},"TaskCategory":"Logon"},"user":{"account":{"name":"HANK_WHITEHEAD","type":"Windows Account","type_id":2,"uid":"{00000000-0000-0000-0000-000000000000}"},"domain":"attackrange.local","name":"HANK_WHITEHEAD","uid":"{00000000-0000-0000-0000-000000000000}"}}
{"activity_id":1,"activity_name":"Logon","actor":{"process":{"file":{"name":"","path":"","type":"Regular File","type_id":1},"pid":4},"session":{"uid":"0x2B1AE6","uuid":"{AF4D94F5-684F-7425-C40B-908B750472DB}"},"user":{"account":{"name":"reed_fernandez","type":"Windows Account","type_id":2,"uid":"ATTACKRANGE\\REED_FERNANDEZ"},"domain":"ATTACKRANGE","name":"reed_fernandez","uid":"ATTACKRANGE\\REED_FERNANDEZ"}},"category_name":"Identity & Access Management","category_uid":3,"class_name":"Authentication","class_uid":3002,"device":{"hostname":"win-host-816.attackrange.local","os":{"name":"Windows","type":"Windows","type_id":100},"type":"Unknown","type_id":0},"dst_endpoint":{"hostname":"win-dc-697.attackrange.local"},"message":"A logon was attempted using explicit credentials.","metadata":{"event_code":"4648","log_name":"Security","log_provider":"Microsoft Windows security auditing.","original_time":"04/20/2021 09:11:47 PM","product":{"name":"Microsoft Windows","vendor_name":"Microsoft"},"profiles":["host"],"sequence":1306890,"uid":"67f1ccdb6ecb9fa957866b99ac507ff2","version":"1.4.0"},"observables":[{"name":"actor.process","type":"Process","type_id":25},{"name":"actor.process.pid","type":"Process ID","type_id":15,"value":"4"},{"name":"actor.process.file","type":"File","type_id":24},{"name":"actor.user","type":"User","type_id":21},{"name":"actor.user.account.uid","type":"Account Object: uid","type_id":35,"value":"ATTACKRANGE\\REED_FERNANDEZ"},{"name":"actor.user.account.name","type":"Account Object: name","type_id":34,"value":"reed_fernandez"},{"name":"actor.user.uid","type":"User Object: uid","type_id":31,"value":"ATTACKRANGE\\REED_FERNANDEZ"},{"name":"actor.user.name","type":"User Name","type_id":4,"value":"reed_fernandez"},{"name":"src_endpoint","type":"Endpoint","type_id":20},{"name":"src_endpoint.port","type":"Port","type_id":11,"value":"445"},{"name":"src_endpoint.ip","type":"IP Address","type_id":2,"value":"10.0.1.14"},{"name":"device","type":"Endpoint","type_id":20},{"name":"device.hostname","type":"Hostname","type_id":1,"value":"win-host-816.attackrange.local"},{"name":"user","type":"User","type_id":21},{"name":"user.name","type":"User Name","type_id":4,"value":"NANNIE_HOUSE"},{"name":"user.uid","type":"User Object: uid","type_id":31,"value":"{00000000-0000-0000-0000-000000000000}"},{"name":"user.account.uid","type":"Account Object: uid","type_id":35,"value":"{00000000-0000-0000-0000-000000000000}"},{"name":"user.account.name","type":"Account Object: name","type_id":34,"value":"NANNIE_HOUSE"},{"name":"dst_endpoint","type":"Endpoint","type_id":20},{"name":"dst_endpoint.hostname","type":"Hostname","type_id":1,"value":"win-dc-697.attackrange.local"}],"raw_data":"04/20/2021 09:11:47 PM\nLogName=Security\nSourceName=Microsoft Windows security auditing.\nEventCode=4648\nEventType=0\nType=Information\nComputerName=win-host-816.attackrange.local\nTaskCategory=Logon\nOpCode=Info\nRecordNumber=1306890\nKeywords=Audit Success\nMessage=A logon was attempted using explicit credentials.\nSubject:\n\tSecurity ID:\t\tATTACKRANGE\\REED_FERNANDEZ\n\tAccount Name:\t\treed_fernandez\n\tAccount Domain:\t\tATTACKRANGE\n\tLogon ID:\t\t0x2B1AE6\n\tLogon GUID:\t\t{AF4D94F5-684F-7425-C40B-908B750472DB}\nAccount Whose Credentials Were Used:\n\tAccount Name:\t\tNANNIE_HOUSE\n\tAccount Domain:\t\tattackrange.local\n\tLogon GUID:\t\t{00000000-0000-0000-0000-000000000000}\nTarget Server:\n\tTarget Server Name:\twin-dc-697.attackrange.local\n\tAdditional Information:\twin-dc-697.attackrange.local\nProcess Information:\n\tProcess ID:\t\t0x4\n\tProcess Name:\t\t\nNetwork Information:\n\tNetwork Address:\t10.0.1.14\n\tPort:\t\t\t445\nThis event is generated when a process attempts to log on an account by explicitly specifying that accounts credentials.  This most commonly occurs in batch-type configurations such as scheduled tasks, or when using the RUNAS command.","severity":"Informational","severity_id":1,"src_endpoint":{"ip":"10.0.1.14","port":445},"status":"Success","status_id":1,"time":1618953107000,"type_name":"Authentication: Logon","type_uid":300201,"unmapped":{"EventType":"0","OpCode":"Info","Target Server":{"Additional Information":"win-dc-697.attackrange.local"},"TaskCategory":"Logon"},"user":{"account":{"name":"NANNIE_HOUSE","type":"Windows Account","type_id":2,"uid":"{00000000-0000-0000-0000-000000000000}"},"domain":"attackrange.local","name":"NANNIE_HOUSE","uid":"{00000000-0000-0000-0000-000000000000}"}}
{"activity_id":1,"activity_name":"Logon","actor":{"process":{"file":{"name":"","path":"","type":"Regular File","type_id":1},"pid":4},"session":{"uid":"0x2B1AE6","uuid":"{AF4D94F5-684F-7425-C40B-908B750472DB}"},"user":{"account":{"name":"reed_fernandez","type":"Windows Account","type_id":2,"uid":"ATTACKRANGE\\REED_FERNANDEZ"},"domain":"ATTACKRANGE","name":"reed_fernandez","uid":"ATTACKRANGE\\REED_FERNANDEZ"}},"category_name":"Identity & Access Management","category_uid":3,"class_name":"Authentication","class_uid":3002,"device":{"hostname":"win-host-816.attackrange.local","os":{"name":"Windows","type":"Windows","type_id":100},"type":"Unknown","type_id":0},"dst_endpoint":{"hostname":"win-dc-697.attackrange.local"},"message":"A logon was attempted using explicit credentials.","metadata":{"event_code":"4648","log_name":"Security","log_provider":"Microsoft Windows security auditing.","original_time":"04/20/2021 09:11:45 PM","product":{"name":"Microsoft Windows","vendor_name":"Microsoft"},"profiles":["host"],"sequence":1306888,"uid":"63248a3b385b3317c39fd263451e47a0","version":"1.4.0"},"observables":[{"name":"user","type":"User","type_id":21},{"name":"user.account.name","type":"Account Object: name","type_id":34,"value":"DOLLY_GREER"},{"name":"user.account.uid","type":"Account Object: uid","type_id":35,"value":"{00000000-0000-0000-0000-000000000000}"},{"name":"user.name","type":"User Name","type_id":4,"value":"DOLLY_GREER"},{"name":"user.uid","type":"User Object: uid","type_id":31,"value":"{00000000-0000-0000-0000-000000000000}"},{"name":"device","type":"Endpoint","type_id":20},{"name":"device.hostname","type":"Hostname","type_id":1,"value":"win-host-816.attackrange.local"},{"name":"src_endpoint","type":"Endpoint","type_id":20},{"name":"src_endpoint.port","type":"Port","type_id":11,"value":"445"},{"name":"src_endpoint.ip","type":"IP Address","type_id":2,"value":"10.0.1.14"},{"name":"dst_endpoint","type":"Endpoint","type_id":20},{"name":"dst_endpoint.hostname","type":"Hostname","type_id":1,"value":"win-dc-697.attackrange.local"},{"name":"actor.process","type":"Process","type_id":25},{"name":"actor.process.pid","type":"Process ID","type_id":15,"value":"4"},{"name":"actor.process.file","type":"File","type_id":24},{"name":"actor.user","type":"User","type_id":21},{"name":"actor.user.uid","type":"User Object: uid","type_id":31,"value":"ATTACKRANGE\\REED_FERNANDEZ"},{"name":"actor.user.name","type":"User Name","type_id":4,"value":"reed_fernandez"},{"name":"actor.user.account.uid","type":"Account Object: uid","type_id":35,"value":"ATTACKRANGE\\REED_FERNANDEZ"},{"name":"actor.user.account.name","type":"Account Object: name","type_id":34,"value":"reed_fernandez"}],"raw_data":"04/20/2021 09:11:45 PM\nLogName=Security\nSourceName=Microsoft Windows security auditing.\nEventCode=4648\nEventType=0\nType=Information\nComputerName=win-host-816.attackrange.local\nTaskCategory=Logon\nOpCode=Info\nRecordNumber=1306888\nKeywords=Audit Success\nMessage=A logon was attempted using explicit credentials.\nSubject:\n\tSecurity ID:\t\tATTACKRANGE\\REED_FERNANDEZ\n\tAccount Name:\t\treed_fernandez\n\tAccount Domain:\t\tATTACKRANGE\n\tLogon ID:\t\t0x2B1AE6\n\tLogon GUID:\t\t{AF4D94F5-684F-7425-C40B-908B750472DB}\nAccount Whose Credentials Were Used:\n\tAccount Name:\t\tDOLLY_GREER\n\tAccount Domain:\t\tattackrange.local\n\tLogon GUID:\t\t{00000000-0000-0000-0000-000000000000}\nTarget Server:\n\tTarget Server Name:\twin-dc-697.attackrange.local\n\tAdditional Information:\twin-dc-697.attackrange.local\nProcess Information:\n\tProcess ID:\t\t0x4\n\tProcess Name:\t\t\nNetwork Information:\n\tNetwork Address:\t10.0.1.14\n\tPort:\t\t\t445\nThis event is generated when a process attempts to log on an account by explicitly specifying that accounts credentials.  This most commonly occurs in batch-type configurations such as scheduled tasks, or when using the RUNAS command.","severity":"Informational","severity_id":1,"src_endpoint":{"ip":"10.0.1.14","port":445},"status":"Success","status_id":1,"time":1618953105000,"type_name":"Authentication: Logon","type_uid":300201,"unmapped":{"EventType":"0","OpCode":"Info","Target Server":{"Additional Information":"win-dc-697.attackrange.local"},"TaskCategory":"Logon"},"user":{"account":{"name":"DOLLY_GREER","type":"Windows Account","type_id":2,"uid":"{00000000-0000-0000-0000-000000000000}"},"domain":"attackrange.local","name":"DOLLY_GREER","uid":"{00000000-0000-0000-0000-000000000000}"}}
{"activity_id":1,"activity_name":"Logon","actor":{"process":{"file":{"name":"","path":"","type":"Regular File","type_id":1},"pid":4},"session":{"uid":"0x2B1AE6","uuid":"{AF4D94F5-684F-7425-C40B-908B750472DB}"},"user":{"account":{"name":"reed_fernandez","type":"Windows Account","type_id":2,"uid":"ATTACKRANGE\\REED_FERNANDEZ"},"domain":"ATTACKRANGE","name":"reed_fernandez","uid":"ATTACKRANGE\\REED_FERNANDEZ"}},"category_name":"Identity & Access Management","category_uid":3,"class_name":"Authentication","class_uid":3002,"device":{"hostname":"win-host-816.attackrange.local","os":{"name":"Windows","type":"Windows","type_id":100},"type":"Unknown","type_id":0},"dst_endpoint":{"hostname":"win-dc-697.attackrange.local"},"message":"A logon was attempted using explicit credentials.","metadata":{"event_code":"4648","log_name":"Security","log_provider":"Microsoft Windows security auditing.","original_time":"04/20/2021 09:11:43 PM","product":{"name":"Microsoft Windows","vendor_name":"Microsoft"},"profiles":["host"],"sequence":1306886,"uid":"f59554314ebae0371a49a79648d9eb74","version":"1.4.0"},"observables":[{"name":"src_endpoint","type":"Endpoint","type_id":20},{"name":"src_endpoint.ip","type":"IP Address","type_id":2,"value":"10.0.1.14"},{"name":"src_endpoint.port","type":"Port","type_id":11,"value":"445"},{"name":"device","type":"Endpoint","type_id":20},{"name":"device.hostname","type":"Hostname","type_id":1,"value":"win-host-816.attackrange.local"},{"name":"actor.user","type":"User","type_id":21},{"name":"actor.user.account.name","type":"Account Object: name","type_id":34,"value":"reed_fernandez"},{"name":"actor.user.account.uid","type":"Account Object: uid","type_id":35,"value":"ATTACKRANGE\\REED_FERNANDEZ"},{"name":"actor.user.uid","type":"User Object: uid","type_id":31,"value":"ATTACKRANGE\\REED_FERNANDEZ"},{"name":"actor.user.name","type":"User Name","type_id":4,"value":"reed_fernandez"},{"name":"actor.process","type":"Process","type_id":25},{"name":"actor.process.pid","type":"Process ID","type_id":15,"value":"4"},{"name":"actor.process.file","type":"File","type_id":24},{"name":"dst_endpoint","type":"Endpoint","type_id":20},{"name":"dst_endpoint.hostname","type":"Hostname","type_id":1,"value":"win-dc-697.attackrange.local"},{"name":"user","type":"User","type_id":21},{"name":"user.account.uid","type":"Account Object: uid","type_id":35,"value":"{00000000-0000-0000-0000-000000000000}"},{"name":"user.account.name","type":"Account Object: name","type_id":34,"value":"LEONARDO_SEARS"},{"name":"user.name","type":"User Name","type_id":4,"value":"LEONARDO_SEARS"},{"name":"user.uid","type":"User Object: uid","type_id":31,"value":"{00000000-0000-0000-0000-000000000000}"}],"raw_data":"04/20/2021 09:11:43 PM\nLogName=Security\nSourceName=Microsoft Windows security auditing.\nEventCode=4648\nEventType=0\nType=Information\nComputerName=win-host-816.attackrange.local\nTaskCategory=Logon\nOpCode=Info\nRecordNumber=1306886\nKeywords=Audit Success\nMessage=A logon was attempted using explicit credentials.\nSubject:\n\tSecurity ID:\t\tATTACKRANGE\\REED_FERNANDEZ\n\tAccount Name:\t\treed_fernandez\n\tAccount Domain:\t\tATTACKRANGE\n\tLogon ID:\t\t0x2B1AE6\n\tLogon GUID:\t\t{AF4D94F5-684F-7425-C40B-908B750472DB}\nAccount Whose Credentials Were Used:\n\tAccount Name:\t\tLEONARDO_SEARS\n\tAccount Domain:\t\tattackrange.local\n\tLogon GUID:\t\t{00000000-0000-0000-0000-000000000000}\nTarget Server:\n\tTarget Server Name:\twin-dc-697.attackrange.local\n\tAdditional Information:\twin-dc-697.attackrange.local\nProcess Information:\n\tProcess ID:\t\t0x4\n\tProcess Name:\t\t\nNetwork Information:\n\tNetwork Address:\t10.0.1.14\n\tPort:\t\t\t445\nThis event is generated when a process attempts to log on an account by explicitly specifying that accounts credentials.  This most commonly occurs in batch-type configurations such as scheduled tasks, or when using the RUNAS command.","severity":"Informational","severity_id":1,"src_endpoint":{"ip":"10.0.1.14","port":445},"status":"Success","status_id":1,"time":1618953103000,"type_name":"Authentication: Logon","type_uid":300201,"unmapped":{"EventType":"0","OpCode":"Info","Target Server":{"Additional Information":"win-dc-697.attackrange.local"},"TaskCategory":"Logon"},"user":{"account":{"name":"LEONARDO_SEARS","type":"Windows Account","type_id":2,"uid":"{00000000-0000-0000-0000-000000000000}"},"domain":"attackrange.local","name":"LEONARDO_SEARS","uid":"{00000000-0000-0000-0000-000000000000}"}}
{"activity_id":1,"activity_name":"Logon","actor":{"process":{"file":{"name":"","path":"","type":"Regular File","type_id":1},"pid":4},"session":{"uid":"0x2B1AE6","uuid":"{AF4D94F5-684F-7425-C40B-908B750472DB}"},"user":{"account":{"name":"reed_fernandez","type":"Windows Account","type_id":2,"uid":"ATTACKRANGE\\REED_FERNANDEZ"},"domain":"ATTACKRANGE","name":"reed_fernandez","uid":"ATTACKRANGE\\REED_FERNANDEZ"}},"category_name":"Identity & Access Management","category_uid":3,"class_name":"Authentication","class_uid":3002,"device":{"hostname":"win-host-816.attackrange.local","os":{"name":"Windows","type":"Windows","type_id":100},"type":"Unknown","type_id":0},"dst_endpoint":{"hostname":"win-dc-697.attackrange.local"},"message":"A logon was attempted using explicit credentials.","metadata":{"event_code":"4648","log_name":"Security","log_provider":"Microsoft Windows security auditing.","original_time":"04/20/2021 09:11:55 PM","product":{"name":"Microsoft Windows","vendor_name":"Microsoft"},"profiles":["host"],"sequence":1306900,"uid":"5165781f2d10039bd2528caa851fbe55","version":"1.4.0"},"observables":[{"name":"dst_endpoint","type":"Endpoint","type_id":20},{"name":"dst_endpoint.hostname","type":"Hostname","type_id":1,"value":"win-dc-697.attackrange.local"},{"name":"user","type":"User","type_id":21},{"name":"user.name","type":"User Name","type_id":4,"value":"HUMBERTO_HOLDEN"},{"name":"user.uid","type":"User Object: uid","type_id":31,"value":"{00000000-0000-0000-0000-000000000000}"},{"name":"user.account.uid","type":"Account Object: uid","type_id":35,"value":"{00000000-0000-0000-0000-000000000000}"},{"name":"user.account.name","type":"Account Object: name","type_id":34,"value":"HUMBERTO_HOLDEN"},{"name":"actor.process","type":"Process","type_id":25},{"name":"actor.process.pid","type":"Process ID","type_id":15,"value":"4"},{"name":"actor.process.file","type":"File","type_id":24},{"name":"actor.user","type":"User","type_id":21},{"name":"actor.user.account.uid","type":"Account Object: uid","type_id":35,"value":"ATTACKRANGE\\REED_FERNANDEZ"},{"name":"actor.user.account.name","type":"Account Object: name","type_id":34,"value":"reed_fernandez"},{"name":"actor.user.uid","type":"User Object: uid","type_id":31,"value":"ATTACKRANGE\\REED_FERNANDEZ"},{"name":"actor.user.name","type":"User Name","type_id":4,"value":"reed_fernandez"},{"name":"src_endpoint","type":"Endpoint","type_id":20},{"name":"src_endpoint.ip","type":"IP Address","type_id":2,"value":"10.0.1.14"},{"name":"src_endpoint.port","type":"Port","type_id":11,"value":"445"},{"name":"device","type":"Endpoint","type_id":20},{"name":"device.hostname","type":"Hostname","type_id":1,"value":"win-host-816.attackrange.local"}],"raw_data":"04/20/2021 09:11:55 PM\nLogName=Security\nSourceName=Microsoft Windows security auditing.\nEventCode=4648\nEventType=0\nType=Information\nComputerName=win-host-816.attackrange.local\nTaskCategory=Logon\nOpCode=Info\nRecordNumber=1306900\nKeywords=Audit Success\nMessage=A logon was attempted using explicit credentials.\nSubject:\n\tSecurity ID:\t\tATTACKRANGE\\REED_FERNANDEZ\n\tAccount Name:\t\treed_fernandez\n\tAccount Domain:\t\tATTACKRANGE\n\tLogon ID:\t\t0x2B1AE6\n\tLogon GUID:\t\t{AF4D94F5-684F-7425-C40B-908B750472DB}\nAccount Whose Credentials Were Used:\n\tAccount Name:\t\tHUMBERTO_HOLDEN\n\tAccount Domain:\t\tattackrange.local\n\tLogon GUID:\t\t{00000000-0000-0000-0000-000000000000}\nTarget Server:\n\tTarget Server Name:\twin-dc-697.attackrange.local\n\tAdditional Information:\twin-dc-697.attackrange.local\nProcess Information:\n\tProcess ID:\t\t0x4\n\tProcess Name:\t\t\nNetwork Information:\n\tNetwork Address:\t10.0.1.14\n\tPort:\t\t\t445\nThis event is generated when a process attempts to log on an account by explicitly specifying that accounts credentials.  This most commonly occurs in batch-type configurations such as scheduled tasks, or when using the RUNAS command.","severity":"Informational","severity_id":1,"src_endpoint":{"ip":"10.0.1.14","port":445},"status":"Success","status_id":1,"time":1618953115000,"type_name":"Authentication: Logon","type_uid":300201,"unmapped":{"EventType":"0","OpCode":"Info","Target Server":{"Additional Information":"win-dc-697.attackrange.local"},"TaskCategory":"Logon"},"user":{"account":{"name":"HUMBERTO_HOLDEN","type":"Windows Account","type_id":2,"uid":"{00000000-0000-0000-0000-000000000000}"},"domain":"attackrange.local","name":"HUMBERTO_HOLDEN","uid":"{00000000-0000-0000-0000-000000000000}"}}
{"activity_id":1,"activity_name":"Logon","actor":{"process":{"file":{"name":"","path":"","type":"Regular File","type_id":1},"pid":4},"session":{"uid":"0x2B1AE6","uuid":"{AF4D94F5-684F-7425-C40B-908B750472DB}"},"user":{"account":{"name":"reed_fernandez","type":"Windows Account","type_id":2,"uid":"ATTACKRANGE\\REED_FERNANDEZ"},"domain":"ATTACKRANGE","name":"reed_fernandez","uid":"ATTACKRANGE\\REED_FERNANDEZ"}},"category_name":"Identity & Access Management","category_uid":3,"class_name":"Authentication","class_uid":3002,"device":{"hostname":"win-host-816.attackrange.local","os":{"name":"Windows","type":"Windows","type_id":100},"type":"Unknown","type_id":0},"dst_endpoint":{"hostname":"win-dc-697.attackrange.local"},"message":"A logon was attempted using explicit credentials.","metadata":{"event_code":"4648","log_name":"Security","log_provider":"Microsoft Windows security auditing.","original_time":"04/20/2021 09:11:53 PM","product":{"name":"Microsoft Windows","vendor_name":"Microsoft"},"profiles":["host"],"sequence":1306898,"uid":"482208773caefa3e21440ec52f761385","version":"1.4.0"},"observables":[{"name":"actor.process","type":"Process","type_id":25},{"name":"actor.process.pid","type":"Process ID","type_id":15,"value":"4"},{"name":"actor.process.file","type":"File","type_id":24},{"name":"actor.user","type":"User","type_id":21},{"name":"actor.user.name","type":"User Name","type_id":4,"value":"reed_fernandez"},{"name":"actor.user.account.uid","type":"Account Object: uid","type_id":35,"value":"ATTACKRANGE\\REED_FERNANDEZ"},{"name":"actor.user.account.name","type":"Account Object: name","type_id":34,"value":"reed_fernandez"},{"name":"actor.user.uid","type":"User Object: uid","type_id":31,"value":"ATTACKRANGE\\REED_FERNANDEZ"},{"name":"device","type":"Endpoint","type_id":20},{"name":"device.hostname","type":"Hostname","type_id":1,"value":"win-host-816.attackrange.local"},{"name":"dst_endpoint","type":"Endpoint","type_id":20},{"name":"dst_endpoint.hostname","type":"Hostname","type_id":1,"value":"win-dc-697.attackrange.local"},{"name":"user","type":"User","type_id":21},{"name":"user.account.uid","type":"Account Object: uid","type_id":35,"value":"{00000000-0000-0000-0000-000000000000}"},{"name":"user.account.name","type":"Account Object: name","type_id":34,"value":"WELDON_CHURCH"},{"name":"user.name","type":"User Name","type_id":4,"value":"WELDON_CHURCH"},{"name":"user.uid","type":"User Object: uid","type_id":31,"value":"{00000000-0000-0000-0000-000000000000}"},{"name":"src_endpoint","type":"Endpoint","type_id":20},{"name":"src_endpoint.port","type":"Port","type_id":11,"value":"445"},{"name":"src_endpoint.ip","type":"IP Address","type_id":2,"value":"10.0.1.14"}],"raw_data":"04/20/2021 09:11:53 PM\nLogName=Security\nSourceName=Microsoft Windows security auditing.\nEventCode=4648\nEventType=0\nType=Information\nComputerName=win-host-816.attackrange.local\nTaskCategory=Logon\nOpCode=Info\nRecordNumber=1306898\nKeywords=Audit Success\nMessage=A logon was attempted using explicit credentials.\nSubject:\n\tSecurity ID:\t\tATTACKRANGE\\REED_FERNANDEZ\n\tAccount Name:\t\treed_fernandez\n\tAccount Domain:\t\tATTACKRANGE\n\tLogon ID:\t\t0x2B1AE6\n\tLogon GUID:\t\t{AF4D94F5-684F-7425-C40B-908B750472DB}\nAccount Whose Credentials Were Used:\n\tAccount Name:\t\tWELDON_CHURCH\n\tAccount Domain:\t\tattackrange.local\n\tLogon GUID:\t\t{00000000-0000-0000-0000-000000000000}\nTarget Server:\n\tTarget Server Name:\twin-dc-697.attackrange.local\n\tAdditional Information:\twin-dc-697.attackrange.local\nProcess Information:\n\tProcess ID:\t\t0x4\n\tProcess Name:\t\t\nNetwork Information:\n\tNetwork Address:\t10.0.1.14\n\tPort:\t\t\t445\nThis event is generated when a process attempts to log on an account by explicitly specifying that accounts credentials.  This most commonly occurs in batch-type configurations such as scheduled tasks, or when using the RUNAS command.","severity":"Informational","severity_id":1,"src_endpoint":{"ip":"10.0.1.14","port":445},"status":"Success","status_id":1,"time":1618953113000,"type_name":"Authentication: Logon","type_uid":300201,"unmapped":{"EventType":"0","OpCode":"Info","Target Server":{"Additional Information":"win-dc-697.attackrange.local"},"TaskCategory":"Logon"},"user":{"account":{"name":"WELDON_CHURCH","type":"Windows Account","type_id":2,"uid":"{00000000-0000-0000-0000-000000000000}"},"domain":"attackrange.local","name":"WELDON_CHURCH","uid":"{00000000-0000-0000-0000-000000000000}"}}
{"activity_id":1,"activity_name":"Logon","actor":{"process":{"file":{"name":"","path":"","type":"Regular File","type_id":1},"pid":4},"session":{"uid":"0x2B1AE6","uuid":"{AF4D94F5-684F-7425-C40B-908B750472DB}"},"user":{"account":{"name":"reed_fernandez","type":"Windows Account","type_id":2,"uid":"ATTACKRANGE\\REED_FERNANDEZ"},"domain":"ATTACKRANGE","name":"reed_fernandez","uid":"ATTACKRANGE\\REED_FERNANDEZ"}},"category_name":"Identity & Access Management","category_uid":3,"class_name":"Authentication","class_uid":3002,"device":{"hostname":"win-host-816.attackrange.local","os":{"name":"Windows","type":"Windows","type_id":100},"type":"Unknown","type_id":0},"dst_endpoint":{"hostname":"win-dc-697.attackrange.local"},"message":"A logon was attempted using explicit credentials.","metadata":{"event_code":"4648","log_name":"Security","log_provider":"Microsoft Windows security auditing.","original_time":"04/20/2021 09:11:51 PM","product":{"name":"Microsoft Windows","vendor_name":"Microsoft"},"profiles":["host"],"sequence":1306895,"uid":"bad51a95338aa8d7f72cab47d6788fe0","version":"1.4.0"},"observables":[{"name":"dst_endpoint","type":"Endpoint","type_id":20},{"name":"dst_endpoint.hostname","type":"Hostname","type_id":1,"value":"win-dc-697.attackrange.local"},{"name":"actor.process","type":"Process","type_id":25},{"name":"actor.process.pid","type":"Process ID","type_id":15,"value":"4"},{"name":"actor.process.file","type":"File","type_id":24},{"name":"actor.user","type":"User","type_id":21},{"name":"actor.user.name","type":"User Name","type_id":4,"value":"reed_fernandez"},{"name":"actor.user.account.uid","type":"Account Object: uid","type_id":35,"value":"ATTACKRANGE\\REED_FERNANDEZ"},{"name":"actor.user.account.name","type":"Account Object: name","type_id":34,"value":"reed_fernandez"},{"name":"actor.user.uid","type":"User Object: uid","type_id":31,"value":"ATTACKRANGE\\REED_FERNANDEZ"},{"name":"src_endpoint","type":"Endpoint","type_id":20},{"name":"src_endpoint.ip","type":"IP Address","type_id":2,"value":"10.0.1.14"},{"name":"src_endpoint.port","type":"Port","type_id":11,"value":"445"},{"name":"device","type":"Endpoint","type_id":20},{"name":"device.hostname","type":"Hostname","type_id":1,"value":"win-host-816.attackrange.local"},{"name":"user","type":"User","type_id":21},{"name":"user.account.uid","type":"Account Object: uid","type_id":35,"value":"{00000000-0000-0000-0000-000000000000}"},{"name":"user.account.name","type":"Account Object: name","type_id":34,"value":"RENE_REYNOLDS"},{"name":"user.name","type":"User Name","type_id":4,"value":"RENE_REYNOLDS"},{"name":"user.uid","type":"User Object: uid","type_id":31,"value":"{00000000-0000-0000-0000-000000000000}"}],"raw_data":"04/20/2021 09:11:51 PM\nLogName=Security\nSourceName=Microsoft Windows security auditing.\nEventCode=4648\nEventType=0\nType=Information\nComputerName=win-host-816.attackrange.local\nTaskCategory=Logon\nOpCode=Info\nRecordNumber=1306895\nKeywords=Audit Success\nMessage=A logon was attempted using explicit credentials.\nSubject:\n\tSecurity ID:\t\tATTACKRANGE\\REED_FERNANDEZ\n\tAccount Name:\t\treed_fernandez\n\tAccount Domain:\t\tATTACKRANGE\n\tLogon ID:\t\t0x2B1AE6\n\tLogon GUID:\t\t{AF4D94F5-684F-7425-C40B-908B750472DB}\nAccount Whose Credentials Were Used:\n\tAccount Name:\t\tRENE_REYNOLDS\n\tAccount Domain:\t\tattackrange.local\n\tLogon GUID:\t\t{00000000-0000-0000-0000-000000000000}\nTarget Server:\n\tTarget Server Name:\twin-dc-697.attackrange.local\n\tAdditional Information:\twin-dc-697.attackrange.local\nProcess Information:\n\tProcess ID:\t\t0x4\n\tProcess Name:\t\t\nNetwork Information:\n\tNetwork Address:\t10.0.1.14\n\tPort:\t\t\t445\nThis event is generated when a process attempts to log on an account by explicitly specifying that accounts credentials.  This most commonly occurs in batch-type configurations such as scheduled tasks, or when using the RUNAS command.","severity":"Informational","severity_id":1,"src_endpoint":{"ip":"10.0.1.14","port":445},"status":"Success","status_id":1,"time":1618953111000,"type_name":"Authentication: Logon","type_uid":300201,"unmapped":{"EventType":"0","OpCode":"Info","Target Server":{"Additional Information":"win-dc-697.attackrange.local"},"TaskCategory":"Logon"},"user":{"account":{"name":"RENE_REYNOLDS","type":"Windows Account","type_id":2,"uid":"{00000000-0000-0000-0000-000000000000}"},"domain":"attackrange.local","name":"RENE_REYNOLDS","uid":"{00000000-0000-0000-0000-000000000000}"}}
{"activity_id":1,"activity_name":"Logon","actor":{"process":{"file":{"name":"","path":"","type":"Regular File","type_id":1},"pid":4},"session":{"uid":"0x2B1AE6","uuid":"{AF4D94F5-684F-7425-C40B-908B750472DB}"},"user":{"account":{"name":"reed_fernandez","type":"Windows Account","type_id":2,"uid":"ATTACKRANGE\\REED_FERNANDEZ"},"domain":"ATTACKRANGE","name":"reed_fernandez","uid":"ATTACKRANGE\\REED_FERNANDEZ"}},"category_name":"Identity & Access Management","category_uid":3,"class_name":"Authentication","class_uid":3002,"device":{"hostname":"win-host-816.attackrange.local","os":{"name":"Windows","type":"Windows","type_id":100},"type":"Unknown","type_id":0},"dst_endpoint":{"hostname":"win-dc-697.attackrange.local"},"message":"A logon was attempted using explicit credentials.","metadata":{"event_code":"4648","log_name":"Security","log_provider":"Microsoft Windows security auditing.","original_time":"04/20/2021 09:11:22 PM","product":{"name":"Microsoft Windows","vendor_name":"Microsoft"},"profiles":["host"],"sequence":1306844,"uid":"3edcfef97082146cec4b9a9bdb9e187a","version":"1.4.0"},"observables":[{"name":"device","type":"Endpoint","type_id":20},{"name":"device.hostname","type":"Hostname","type_id":1,"value":"win-host-816.attackrange.local"},{"name":"actor.process","type":"Process","type_id":25},{"name":"actor.process.pid","type":"Process ID","type_id":15,"value":"4"},{"name":"actor.process.file","type":"File","type_id":24},{"name":"actor.user","type":"User","type_id":21},{"name":"actor.user.account.uid","type":"Account Object: uid","type_id":35,"value":"ATTACKRANGE\\REED_FERNANDEZ"},{"name":"actor.user.account.name","type":"Account Object: name","type_id":34,"value":"reed_fernandez"},{"name":"actor.user.uid","type":"User Object: uid","type_id":31,"value":"ATTACKRANGE\\REED_FERNANDEZ"},{"name":"actor.user.name","type":"User Name","type_id":4,"value":"reed_fernandez"},{"name":"user","type":"User","type_id":21},{"name":"user.account.uid","type":"Account Object: uid","type_id":35,"value":"{00000000-0000-0000-0000-000000000000}"},{"name":"user.account.name","type":"Account Object: name","type_id":34,"value":"DARRYL_MEDINA"},{"name":"user.name","type":"User Name","type_id":4,"value":"DARRYL_MEDINA"},{"name":"user.uid","type":"User Object: uid","type_id":31,"value":"{00000000-0000-0000-0000-000000000000}"},{"name":"dst_endpoint","type":"Endpoint","type_id":20},{"name":"dst_endpoint.hostname","type":"Hostname","type_id":1,"value":"win-dc-697.attackrange.local"},{"name":"src_endpoint","type":"Endpoint","type_id":20},{"name":"src_endpoint.ip","type":"IP Address","type_id":2,"value":"10.0.1.14"},{"name":"src_endpoint.port","type":"Port","type_id":11,"value":"445"}],"raw_data":"04/20/2021 09:11:22 PM\nLogName=Security\nSourceName=Microsoft Windows security auditing.\nEventCode=4648\nEventType=0\nType=Information\nComputerName=win-host-816.attackrange.local\nTaskCategory=Logon\nOpCode=Info\nRecordNumber=1306844\nKeywords=Audit Success\nMessage=A logon was attempted using explicit credentials.\nSubject:\n\tSecurity ID:\t\tATTACKRANGE\\REED_FERNANDEZ\n\tAccount Name:\t\treed_fernandez\n\tAccount Domain:\t\tATTACKRANGE\n\tLogon ID:\t\t0x2B1AE6\n\tLogon GUID:\t\t{AF4D94F5-684F-7425-C40B-908B750472DB}\nAccount Whose Credentials Were Used:\n\tAccount Name:\t\tDARRYL_MEDINA\n\tAccount Domain:\t\tattackrange.local\n\tLogon GUID:\t\t{00000000-0000-0000-0000-000000000000}\nTarget Server:\n\tTarget Server Name:\twin-dc-697.attackrange.local\n\tAdditional Information:\twin-dc-697.attackrange.local\nProcess Information:\n\tProcess ID:\t\t0x4\n\tProcess Name:\t\t\nNetwork Information:\n\tNetwork Address:\t10.0.1.14\n\tPort:\t\t\t445\nThis event is generated when a process attempts to log on an account by explicitly specifying that accounts credentials.  This most commonly occurs in batch-type configurations such as scheduled tasks, or when using the RUNAS command.","severity":"Informational","severity_id":1,"src_endpoint":{"ip":"10.0.1.14","port":445},"status":"Success","status_id":1,"time":1618953082000,"type_name":"Authentication: Logon","type_uid":300201,"unmapped":{"EventType":"0","OpCode":"Info","Target Server":{"Additional Information":"win-dc-697.attackrange.local"},"TaskCategory":"Logon"},"user":{"account":{"name":"DARRYL_MEDINA","type":"Windows Account","type_id":2,"uid":"{00000000-0000-0000-0000-000000000000}"},"domain":"attackrange.local","name":"DARRYL_MEDINA","uid":"{00000000-0000-0000-0000-000000000000}"}}
