{"activity_id":4,"activity_name":"Service Ticket Request","auth_protocol":"Kerberos","auth_protocol_id":2,"category_name":"Identity & Access Management","category_uid":3,"class_name":"Authentication","class_uid":3002,"device":{"hostname":"WSDCKPTC4.acme.com","os":{"name":"Windows","type":"Windows","type_id":100},"type":"Unknown","type_id":0},"dst_endpoint":{"hostname":"WSDCKPTC4.acme.com"},"message":"A Kerberos service ticket was requested.","metadata":{"event_code":"4769","log_name":"Security","log_provider":"Microsoft Windows security auditing.","original_time":"05/07/2022 04:42:00 PM","product":{"name":"Microsoft Windows","vendor_name":"Microsoft"},"profiles":["host"],"sequence":4224166980,"uid":"d55ff558aa80990e2785d7624640d50c","version":"1.4.0"},"observables":[{"name":"device","type":"Endpoint","type_id":20},{"name":"device.hostname","type":"Hostname","type_id":1,"value":"WSDCKPTC4.acme.com"},{"name":"user","type":"User","type_id":21},{"name":"user.account.name","type":"Account Object: name","type_id":34,"value":"carbanak"},{"name":"user.name","type":"User Name","type_id":4,"value":"carbanak"},{"name":"src_endpoint","type":"Endpoint","type_id":20},{"name":"src_endpoint.ip","type":"IP Address","type_id":2,"value":"::ffff:168.136.112.69"},{"name":"src_endpoint.port","type":"Port","type_id":11,"value":"60220"},{"name":"dst_endpoint","type":"Endpoint","type_id":20},{"name":"dst_endpoint.hostname","type":"Hostname","type_id":1,"value":"WSDCKPTC4.acme.com"}],"raw_data":"05/07/2022 04:42:00 PM\nLogName=Security\nSourceName=Microsoft Windows security auditing.\nEventCode=4769\nEventType=0\nType=Information\nComputerName=WSDCKPTC4.acme.com\nTaskCategory=Kerberos Service Ticket Operations\nOpCode=Info\nRecordNumber=4224166980\nKeywords=Audit Success\nMessage=A Kerberos service ticket was requested.\nAccount Information:\n\tAccount Name:\t\tcarbanak\n\tAccount Domain:\t\tacme.com\n\tLogon GUID:\t\t{B54E1912-4456-C7FC-52DE-CA7A2418ADD0}\nService Information:\n\tService Name:\t\tWS9519MVN$\n\tService ID:\t\tacme\\WS9519MVN$\nNetwork Information:\n\tClient Address:\t\t::ffff:168.136.112.69\n\tClient Port:\t\t60220\nAdditional Information:\n\tTicket Options:\t\t0x40800000\n\tTicket Encryption Type:\t0x12\n\tFailure Code:\t\t0x2B\n\tTransited Services:\t-\n","session":{"uuid":"{B54E1912-4456-C7FC-52DE-CA7A2418ADD0}"},"severity":"Informational","severity_id":1,"src_endpoint":{"ip":"::ffff:168.136.112.69","port":60220},"status":"Success","status_code":"0x2B","status_id":1,"time":1651941720000,"type_name":"Authentication: Service Ticket Request","type_uid":300204,"unmapped":{"Additional Information":{"Ticket Encryption Type":"0x12","Ticket Options":"0x40800000","Transited Services":"-"},"EventType":"0","OpCode":"Info","Service Information":{"Service ID":"acme\\WS9519MVN$","Service Name":"WS9519MVN$"},"TaskCategory":"Kerberos Service Ticket Operations"},"user":{"account":{"name":"carbanak","type":"Windows Account","type_id":2},"domain":"acme.com","name":"carbanak"}}
{"activity_id":4,"activity_name":"Service Ticket Request","auth_protocol":"Kerberos","auth_protocol_id":2,"category_name":"Identity & Access Management","category_uid":3,"class_name":"Authentication","class_uid":3002,"device":{"hostname":"WSDCKPTC4.acme.com","os":{"name":"Windows","type":"Windows","type_id":100},"type":"Unknown","type_id":0},"dst_endpoint":{"hostname":"WSDCKPTC4.acme.com"},"message":"A Kerberos service ticket was requested.","metadata":{"event_code":"4769","log_name":"Security","log_provider":"Microsoft Windows security auditing.","original_time":"05/07/2022 04:42:00 PM","product":{"name":"Microsoft Windows","vendor_name":"Microsoft"},"profiles":["host"],"sequence":4224166980,"uid":"2ca7b8b06af5ba321ba7839c0ec8c694","version":"1.4.0"},"observables":[{"name":"src_endpoint","type":"Endpoint","type_id":20},{"name":"src_endpoint.ip","type":"IP Address","type_id":2,"value":"::ffff:168.136.112.69"},{"name":"src_endpoint.port","type":"Port","type_id":11,"value":"60220"},{"name":"device","type":"Endpoint","type_id":20},{"name":"device.hostname","type":"Hostname","type_id":1,"value":"WSDCKPTC4.acme.com"},{"name":"user","type":"User","type_id":21},{"name":"user.account.name","type":"Account Object: name","type_id":34,"value":"carbanak"},{"name":"user.name","type":"User Name","type_id":4,"value":"carbanak"},{"name":"dst_endpoint","type":"Endpoint","type_id":20},{"name":"dst_endpoint.hostname","type":"Hostname","type_id":1,"value":"WSDCKPTC4.acme.com"}],"raw_data":"05/07/2022 04:42:00 PM\nLogName=Security\nSourceName=Microsoft Windows security auditing.\nEventCode=4769\nEventType=0\nType=Information\nComputerName=WSDCKPTC4.acme.com\nTaskCategory=Kerberos Service Ticket Operations\nOpCode=Info\nRecordNumber=4224166980\nKeywords=Audit Success\nMessage=A Kerberos service ticket was requested.\nAccount Information:\n\tAccount Name:\t\tcarbanak\n\tAccount Domain:\t\tacme.com\n\tLogon GUID:\t\t{B54E1912-4456-C7FC-52DE-CA7A2418ADD0}\nService Information:\n\tService Name:\t\tWS5731RLAZ$\n\tService ID:\t\tacme\\WS5731RLAZ$\nNetwork Information:\n\tClient Address:\t\t::ffff:168.136.112.69\n\tClient Port:\t\t60220\nAdditional Information:\n\tTicket Options:\t\t0x40800000\n\tTicket Encryption Type:\t0x12\n\tFailure Code:\t\t0x3\n\tTransited Services:\t-\n","session":{"uuid":"{B54E1912-4456-C7FC-52DE-CA7A2418ADD0}"},"severity":"Informational","severity_id":1,"src_endpoint":{"ip":"::ffff:168.136.112.69","port":60220},"status":"Success","status_code":"0x3","status_id":1,"time":1651941720000,"type_name":"Authentication: Service Ticket Request","type_uid":300204,"unmapped":{"Additional Information":{"Ticket Encryption Type":"0x12","Ticket Options":"0x40800000","Transited Services":"-"},"EventType":"0","OpCode":"Info","Service Information":{"Service ID":"acme\\WS5731RLAZ$","Service Name":"WS5731RLAZ$"},"TaskCategory":"Kerberos Service Ticket Operations"},"user":{"account":{"name":"carbanak","type":"Windows Account","type_id":2},"domain":"acme.com","name":"carbanak"}}
{"activity_id":4,"activity_name":"Service Ticket Request","auth_protocol":"Kerberos","auth_protocol_id":2,"category_name":"Identity & Access Management","category_uid":3,"class_name":"Authentication","class_uid":3002,"device":{"hostname":"WSDCKPTC4.acme.com","os":{"name":"Windows","type":"Windows","type_id":100},"type":"Unknown","type_id":0},"dst_endpoint":{"hostname":"WSDCKPTC4.acme.com"},"message":"A Kerberos service ticket was requested.","metadata":{"event_code":"4769","log_name":"Security","log_provider":"Microsoft Windows security auditing.","original_time":"05/07/2022 04:42:00 PM","product":{"name":"Microsoft Windows","vendor_name":"Microsoft"},"profiles":["host"],"sequence":4224166980,"uid":"ae8194b3699bdf884ddb068cc13afe42","version":"1.4.0"},"observables":[{"name":"src_endpoint","type":"Endpoint","type_id":20},{"name":"src_endpoint.ip","type":"IP Address","type_id":2,"value":"::ffff:168.136.112.69"},{"name":"src_endpoint.port","type":"Port","type_id":11,"value":"60220"},{"name":"dst_endpoint","type":"Endpoint","type_id":20},{"name":"dst_endpoint.hostname","type":"Hostname","type_id":1,"value":"WSDCKPTC4.acme.com"},{"name":"user","type":"User","type_id":21},{"name":"user.account.name","type":"Account Object: name","type_id":34,"value":"carbanak"},{"name":"user.name","type":"User Name","type_id":4,"value":"carbanak"},{"name":"device","type":"Endpoint","type_id":20},{"name":"device.hostname","type":"Hostname","type_id":1,"value":"WSDCKPTC4.acme.com"}],"raw_data":"05/07/2022 04:42:00 PM\nLogName=Security\nSourceName=Microsoft Windows security auditing.\nEventCode=4769\nEventType=0\nType=Information\nComputerName=WSDCKPTC4.acme.com\nTaskCategory=Kerberos Service Ticket Operations\nOpCode=Info\nRecordNumber=4224166980\nKeywords=Audit Success\nMessage=A Kerberos service ticket was requested.\nAccount Information:\n\tAccount Name:\t\tcarbanak\n\tAccount Domain:\t\tacme.com\n\tLogon GUID:\t\t{B54E1912-4456-C7FC-52DE-CA7A2418ADD0}\nService Information:\n\tService Name:\t\tWS5731RLAZ$\n\tService ID:\t\tacme\\WS5731RLAZ$\nNetwork Information:\n\tClient Address:\t\t::ffff:168.136.112.69\n\tClient Port:\t\t60220\nAdditional Information:\n\tTicket Options:\t\t0x40800000\n\tTicket Encryption Type:\t0x12\n\tFailure Code:\t\t0x3\n\tTransited Services:\t-\n","session":{"uuid":"{B54E1912-4456-C7FC-52DE-CA7A2418ADD0}"},"severity":"Informational","severity_id":1,"src_endpoint":{"ip":"::ffff:168.136.112.69","port":60220},"status":"Success","status_code":"0x3","status_id":1,"time":1651941720000,"type_name":"Authentication: Service Ticket Request","type_uid":300204,"unmapped":{"Additional Information":{"Ticket Encryption Type":"0x12","Ticket Options":"0x40800000","Transited Services":"-"},"EventType":"0","OpCode":"Info","Service Information":{"Service ID":"acme\\WS5731RLAZ$","Service Name":"WS5731RLAZ$"},"TaskCategory":"Kerberos Service Ticket Operations"},"user":{"account":{"name":"carbanak","type":"Windows Account","type_id":2},"domain":"acme.com","name":"carbanak"}}
{"activity_id":4,"activity_name":"Service Ticket Request","auth_protocol":"Kerberos","auth_protocol_id":2,"category_name":"Identity & Access Management","category_uid":3,"class_name":"Authentication","class_uid":3002,"device":{"hostname":"WSDCKPTC4.acme.com","os":{"name":"Windows","type":"Windows","type_id":100},"type":"Unknown","type_id":0},"dst_endpoint":{"hostname":"WSDCKPTC4.acme.com"},"message":"A Kerberos service ticket was requested.","metadata":{"event_code":"4769","log_name":"Security","log_provider":"Microsoft Windows security auditing.","original_time":"05/07/2022 04:42:00 PM","product":{"name":"Microsoft Windows","vendor_name":"Microsoft"},"profiles":["host"],"sequence":4224166980,"uid":"0b054d18eba58fe27e3815d9a8d72b88","version":"1.4.0"},"observables":[{"name":"dst_endpoint","type":"Endpoint","type_id":20},{"name":"dst_endpoint.hostname","type":"Hostname","type_id":1,"value":"WSDCKPTC4.acme.com"},{"name":"user","type":"User","type_id":21},{"name":"user.name","type":"User Name","type_id":4,"value":"carbanak"},{"name":"user.account.name","type":"Account Object: name","type_id":34,"value":"carbanak"},{"name":"src_endpoint","type":"Endpoint","type_id":20},{"name":"src_endpoint.ip","type":"IP Address","type_id":2,"value":"::ffff:168.136.112.69"},{"name":"src_endpoint.port","type":"Port","type_id":11,"value":"60220"},{"name":"device","type":"Endpoint","type_id":20},{"name":"device.hostname","type":"Hostname","type_id":1,"value":"WSDCKPTC4.acme.com"}],"raw_data":"05/07/2022 04:42:00 PM\nLogName=Security\nSourceName=Microsoft Windows security auditing.\nEventCode=4769\nEventType=0\nType=Information\nComputerName=WSDCKPTC4.acme.com\nTaskCategory=Kerberos Service Ticket Operations\nOpCode=Info\nRecordNumber=4224166980\nKeywords=Audit Success\nMessage=A Kerberos service ticket was requested.\nAccount Information:\n\tAccount Name:\t\tcarbanak\n\tAccount Domain:\t\tacme.com\n\tLogon GUID:\t\t{B54E1912-4456-C7FC-52DE-CA7A2418ADD0}\nService Information:\n\tService Name:\t\tWS5731RLAZ$\n\tService ID:\t\tacme\\WS5731RLAZ$\nNetwork Information:\n\tClient Address:\t\t::ffff:168.136.112.69\n\tClient Port:\t\t60220\nAdditional Information:\n\tTicket Options:\t\t0x40800000\n\tTicket Encryption Type:\t0x12\n\tFailure Code:\t\t0x3\n\tTransited Services:\t-\n","session":{"uuid":"{B54E1912-4456-C7FC-52DE-CA7A2418ADD0}"},"severity":"Informational","severity_id":1,"src_endpoint":{"ip":"::ffff:168.136.112.69","port":60220},"status":"Success","status_code":"0x3","status_id":1,"time":1651941720000,"type_name":"Authentication: Service Ticket Request","type_uid":300204,"unmapped":{"Additional Information":{"Ticket Encryption Type":"0x12","Ticket Options":"0x40800000","Transited Services":"-"},"EventType":"0","OpCode":"Info","Service Information":{"Service ID":"acme\\WS5731RLAZ$","Service Name":"WS5731RLAZ$"},"TaskCategory":"Kerberos Service Ticket Operations"},"user":{"account":{"name":"carbanak","type":"Windows Account","type_id":2},"domain":"acme.com","name":"carbanak"}}
{"activity_id":4,"activity_name":"Service Ticket Request","auth_protocol":"Kerberos","auth_protocol_id":2,"category_name":"Identity & Access Management","category_uid":3,"class_name":"Authentication","class_uid":3002,"device":{"hostname":"WSDCKPTC4.acme.com","os":{"name":"Windows","type":"Windows","type_id":100},"type":"Unknown","type_id":0},"dst_endpoint":{"hostname":"WSDCKPTC4.acme.com"},"message":"A Kerberos service ticket was requested.","metadata":{"event_code":"4769","log_name":"Security","log_provider":"Microsoft Windows security auditing.","original_time":"04/19/2022 04:34:25 PM","product":{"name":"Microsoft Windows","vendor_name":"Microsoft"},"profiles":["host"],"sequence":4224166935,"uid":"88b7c8f90528979a7d90662a52d3238e","version":"1.4.0"},"observables":[{"name":"device","type":"Endpoint","type_id":20},{"name":"device.hostname","type":"Hostname","type_id":1,"value":"WSDCKPTC4.acme.com"},{"name":"dst_endpoint","type":"Endpoint","type_id":20},{"name":"dst_endpoint.hostname","type":"Hostname","type_id":1,"value":"WSDCKPTC4.acme.com"},{"name":"user","type":"User","type_id":21},{"name":"user.account.name","type":"Account Object: name","type_id":34,"value":"carbanak@acme.com"},{"name":"user.name","type":"User Name","type_id":4,"value":"carbanak@acme.com"},{"name":"src_endpoint","type":"Endpoint","type_id":20},{"name":"src_endpoint.ip","type":"IP Address","type_id":2,"value":"::ffff:168.136.112.69"},{"name":"src_endpoint.port","type":"Port","type_id":11,"value":"60210"}],"raw_data":"04/19/2022 04:34:25 PM\nLogName=Security\nSourceName=Microsoft Windows security auditing.\nEventCode=4769\nEventType=0\nType=Information\nComputerName=WSDCKPTC4.acme.com\nTaskCategory=Kerberos Service Ticket Operations\nOpCode=Info\nRecordNumber=4224166935\nKeywords=Audit Success\nMessage=A Kerberos service ticket was requested.\nAccount Information:\n\tAccount Name:\t\tcarbanak@acme.com\n\tAccount Domain:\t\tacme.com\n\tLogon GUID:\t\t{5422BC08-314D-7945-E403-E393C583C00A}\nService Information:\n\tService Name:\t\tCNU2509KYQ-A$\n\tService ID:\t\tacme\\CNU2509KYQ-A$\nNetwork Information:\n\tClient Address:\t\t::ffff:168.136.112.69\n\tClient Port:\t\t60210\nAdditional Information:\n\tTicket Options:\t\t0x40810000\n\tTicket Encryption Type:\t0x12\n\tFailure Code:\t\t0x0\n\tTransited Services:\t-\n","session":{"uuid":"{5422BC08-314D-7945-E403-E393C583C00A}"},"severity":"Informational","severity_id":1,"src_endpoint":{"ip":"::ffff:168.136.112.69","port":60210},"status":"Success","status_code":"0x0","status_id":1,"time":1650386065000,"type_name":"Authentication: Service Ticket Request","type_uid":300204,"unmapped":{"Additional Information":{"Ticket Encryption Type":"0x12","Ticket Options":"0x40810000","Transited Services":"-"},"EventType":"0","OpCode":"Info","Service Information":{"Service ID":"acme\\CNU2509KYQ-A$","Service Name":"CNU2509KYQ-A$"},"TaskCategory":"Kerberos Service Ticket Operations"},"user":{"account":{"name":"carbanak@acme.com","type":"Windows Account","type_id":2},"domain":"acme.com","name":"carbanak@acme.com"}}
{"activity_id":4,"activity_name":"Service Ticket Request","auth_protocol":"Kerberos","auth_protocol_id":2,"category_name":"Identity & Access Management","category_uid":3,"class_name":"Authentication","class_uid":3002,"device":{"hostname":"WSDCKPTC4.acme.com","os":{"name":"Windows","type":"Windows","type_id":100},"type":"Unknown","type_id":0},"dst_endpoint":{"hostname":"WSDCKPTC4.acme.com"},"message":"A Kerberos service ticket was requested.","metadata":{"event_code":"4769","log_name":"Security","log_provider":"Microsoft Windows security auditing.","original_time":"04/19/2022 04:34:26 PM","product":{"name":"Microsoft Windows","vendor_name":"Microsoft"},"profiles":["host"],"sequence":4224166980,"uid":"cf6f31a20e5aefe0435a694285f4fef7","version":"1.4.0"},"observables":[{"name":"device","type":"Endpoint","type_id":20},{"name":"device.hostname","type":"Hostname","type_id":1,"value":"WSDCKPTC4.acme.com"},{"name":"src_endpoint","type":"Endpoint","type_id":20},{"name":"src_endpoint.port","type":"Port","type_id":11,"value":"60220"},{"name":"src_endpoint.ip","type":"IP Address","type_id":2,"value":"::ffff:168.136.112.69"},{"name":"user","type":"User","type_id":21},{"name":"user.account.name","type":"Account Object: name","type_id":34,"value":"carbanak"},{"name":"user.name","type":"User Name","type_id":4,"value":"carbanak"},{"name":"dst_endpoint","type":"Endpoint","type_id":20},{"name":"dst_endpoint.hostname","type":"Hostname","type_id":1,"value":"WSDCKPTC4.acme.com"}],"raw_data":"04/19/2022 04:34:26 PM\nLogName=Security\nSourceName=Microsoft Windows security auditing.\nEventCode=4769\nEventType=0\nType=Information\nComputerName=WSDCKPTC4.acme.com\nTaskCategory=Kerberos Service Ticket Operations\nOpCode=Info\nRecordNumber=4224166980\nKeywords=Audit Success\nMessage=A Kerberos service ticket was requested.\nAccount Information:\n\tAccount Name:\t\tcarbanak\n\tAccount Domain:\t\tacme.com\n\tLogon GUID:\t\t{B54E1912-4456-C7FC-52DE-CA7A2418ADD0}\nService Information:\n\tService Name:\t\tCNU2509KYQ$\n\tService ID:\t\tacme\\CNU2509KYQ$\nNetwork Information:\n\tClient Address:\t\t::ffff:168.136.112.69\n\tClient Port:\t\t60220\nAdditional Information:\n\tTicket Options:\t\t0x40800000\n\tTicket Encryption Type:\t0x12\n\tFailure Code:\t\t0x0\n\tTransited Services:\t-\n","session":{"uuid":"{B54E1912-4456-C7FC-52DE-CA7A2418ADD0}"},"severity":"Informational","severity_id":1,"src_endpoint":{"ip":"::ffff:168.136.112.69","port":60220},"status":"Success","status_code":"0x0","status_id":1,"time":1650386066000,"type_name":"Authentication: Service Ticket Request","type_uid":300204,"unmapped":{"Additional Information":{"Ticket Encryption Type":"0x12","Ticket Options":"0x40800000","Transited Services":"-"},"EventType":"0","OpCode":"Info","Service Information":{"Service ID":"acme\\CNU2509KYQ$","Service Name":"CNU2509KYQ$"},"TaskCategory":"Kerberos Service Ticket Operations"},"user":{"account":{"name":"carbanak","type":"Windows Account","type_id":2},"domain":"acme.com","name":"carbanak"}}
{"activity_id":4,"activity_name":"Service Ticket Request","auth_protocol":"Kerberos","auth_protocol_id":2,"category_name":"Identity & Access Management","category_uid":3,"class_name":"Authentication","class_uid":3002,"device":{"hostname":"WSDCKPTC4.acme.com","os":{"name":"Windows","type":"Windows","type_id":100},"type":"Unknown","type_id":0},"dst_endpoint":{"hostname":"WSDCKPTC4.acme.com"},"message":"A Kerberos service ticket was requested.","metadata":{"event_code":"4769","log_name":"Security","log_provider":"Microsoft Windows security auditing.","original_time":"04/19/2022 04:34:26 PM","product":{"name":"Microsoft Windows","vendor_name":"Microsoft"},"profiles":["host"],"sequence":4224166980,"uid":"70889692ac287abfed08dc1f5d7d933a","version":"1.4.0"},"observables":[{"name":"device","type":"Endpoint","type_id":20},{"name":"device.hostname","type":"Hostname","type_id":1,"value":"WSDCKPTC4.acme.com"},{"name":"user","type":"User","type_id":21},{"name":"user.name","type":"User Name","type_id":4,"value":"carbanak"},{"name":"user.account.name","type":"Account Object: name","type_id":34,"value":"carbanak"},{"name":"src_endpoint","type":"Endpoint","type_id":20},{"name":"src_endpoint.ip","type":"IP Address","type_id":2,"value":"::ffff:168.136.112.69"},{"name":"src_endpoint.port","type":"Port","type_id":11,"value":"60220"},{"name":"dst_endpoint","type":"Endpoint","type_id":20},{"name":"dst_endpoint.hostname","type":"Hostname","type_id":1,"value":"WSDCKPTC4.acme.com"}],"raw_data":"04/19/2022 04:34:26 PM\nLogName=Security\nSourceName=Microsoft Windows security auditing.\nEventCode=4769\nEventType=0\nType=Information\nComputerName=WSDCKPTC4.acme.com\nTaskCategory=Kerberos Service Ticket Operations\nOpCode=Info\nRecordNumber=4224166980\nKeywords=Audit Success\nMessage=A Kerberos service ticket was requested.\nAccount Information:\n\tAccount Name:\t\tcarbanak\n\tAccount Domain:\t\tacme.com\n\tLogon GUID:\t\t{B54E1912-4456-C7FC-52DE-CA7A2418ADD0}\nService Information:\n\tService Name:\t\tCNU2509KYQ$\n\tService ID:\t\tacme\\CNU2509KYQ$\nNetwork Information:\n\tClient Address:\t\t::ffff:168.136.112.69\n\tClient Port:\t\t60220\nAdditional Information:\n\tTicket Options:\t\t0x40800000\n\tTicket Encryption Type:\t0x12\n\tFailure Code:\t\t0x10\n\tTransited Services:\t-\n","session":{"uuid":"{B54E1912-4456-C7FC-52DE-CA7A2418ADD0}"},"severity":"Informational","severity_id":1,"src_endpoint":{"ip":"::ffff:168.136.112.69","port":60220},"status":"Success","status_code":"0x10","status_id":1,"time":1650386066000,"type_name":"Authentication: Service Ticket Request","type_uid":300204,"unmapped":{"Additional Information":{"Ticket Encryption Type":"0x12","Ticket Options":"0x40800000","Transited Services":"-"},"EventType":"0","OpCode":"Info","Service Information":{"Service ID":"acme\\CNU2509KYQ$","Service Name":"CNU2509KYQ$"},"TaskCategory":"Kerberos Service Ticket Operations"},"user":{"account":{"name":"carbanak","type":"Windows Account","type_id":2},"domain":"acme.com","name":"carbanak"}}
{"activity_id":5,"activity_name":"Service Ticket Renew","auth_protocol":"Kerberos","auth_protocol_id":2,"category_name":"Identity & Access Management","category_uid":3,"class_name":"Authentication","class_uid":3002,"device":{"hostname":"testhost1.attackrange.local","os":{"name":"Windows","type":"Windows","type_id":100},"type":"Unknown","type_id":0},"dst_endpoint":{"hostname":"testhost1.attackrange.local"},"message":"A Kerberos service ticket was renewed.","metadata":{"event_code":"4770","log_name":"Security","log_provider":"Microsoft Windows security auditing.","original_time":"09/07/2023 03:28:51 PM","product":{"name":"Microsoft Windows","vendor_name":"Microsoft"},"profiles":["host"],"sequence":2121986,"uid":"a05f5a61064386bf60e0011c960bb6ea","version":"1.4.0"},"observables":[{"name":"device","type":"Endpoint","type_id":20},{"name":"device.hostname","type":"Hostname","type_id":1,"value":"testhost1.attackrange.local"},{"name":"dst_endpoint","type":"Endpoint","type_id":20},{"name":"dst_endpoint.hostname","type":"Hostname","type_id":1,"value":"testhost1.attackrange.local"},{"name":"user","type":"User","type_id":21},{"name":"user.account.name","type":"Account Object: name","type_id":34,"value":"TESTHOST1$@attackrange.local"},{"name":"user.name","type":"User Name","type_id":4,"value":"TESTHOST1$@attackrange.local"},{"name":"src_endpoint","type":"Endpoint","type_id":20},{"name":"src_endpoint.ip","type":"IP Address","type_id":2,"value":"::1"},{"name":"src_endpoint.port","type":"Port","type_id":11,"value":"0"}],"raw_data":"09/07/2023 03:28:51 PM\nLogName=Security\nEventCode=4770\nEventType=0\nComputerName=testhost1.attackrange.local\nSourceName=Microsoft Windows security auditing.\nType=Information\nRecordNumber=2121986\nKeywords=Audit Success\nTaskCategory=Kerberos Service Ticket Operations\nOpCode=Info\nMessage=A Kerberos service ticket was renewed.\n\nAccount Information:\n\tAccount Name:\t\tTESTHOST1$@attackrange.local\n\tAccount Domain:\t\tATTACKRANGE.LOCAL\n\nService Information:\n\tService Name:\t\tkrbtgt\n\tService ID:\t\tATTACKRANGE\\krbtgt\n\nNetwork Information:\n\tClient Address:\t\t::1\n\tClient Port:\t\t0\n\nAdditional Information:\n\tTicket Options:\t\t0x10002\n\tTicket Encryption Type:\t0x12\n\nTicket options and encryption types are defined in RFC 4120.","severity":"Informational","severity_id":1,"src_endpoint":{"ip":"::1","port":0},"status":"Success","status_id":1,"time":1694100531000,"type_name":"Authentication: Service Ticket Renew","type_uid":300205,"unmapped":{"Additional Information":{"Ticket Encryption Type":"0x12","Ticket Options":"0x10002"},"EventType":"0","OpCode":"Info","Service Information":{"Service ID":"ATTACKRANGE\\krbtgt","Service Name":"krbtgt"},"TaskCategory":"Kerberos Service Ticket Operations"},"user":{"account":{"name":"TESTHOST1$@attackrange.local","type":"Windows Account","type_id":2},"domain":"ATTACKRANGE.LOCAL","name":"TESTHOST1$@attackrange.local"}}
{"activity_id":5,"activity_name":"Service Ticket Renew","auth_protocol":"Kerberos","auth_protocol_id":2,"category_name":"Identity & Access Management","category_uid":3,"class_name":"Authentication","class_uid":3002,"device":{"hostname":"TESTHOST1.attackrange.com","os":{"name":"Windows","type":"Windows","type_id":100},"type":"Unknown","type_id":0},"dst_endpoint":{"hostname":"TESTHOST1.attackrange.com"},"message":"A Kerberos service ticket was renewed.","metadata":{"event_code":"4770","log_name":"Security","log_provider":"Microsoft Windows security auditing.","original_time":"09/07/2023 01:54:01 PM","product":{"name":"Microsoft Windows","vendor_name":"Microsoft"},"profiles":["host"],"sequence":134530,"uid":"c9198951e6d25a51dd02f35879ef91f9","version":"1.4.0"},"observables":[{"name":"device","type":"Endpoint","type_id":20},{"name":"device.hostname","type":"Hostname","type_id":1,"value":"TESTHOST1.attackrange.com"},{"name":"dst_endpoint","type":"Endpoint","type_id":20},{"name":"dst_endpoint.hostname","type":"Hostname","type_id":1,"value":"TESTHOST1.attackrange.com"},{"name":"user","type":"User","type_id":21},{"name":"user.account.name","type":"Account Object: name","type_id":34,"value":"johndoe1@ATTACKRANGE.COM"},{"name":"user.name","type":"User Name","type_id":4,"value":"johndoe1@ATTACKRANGE.COM"},{"name":"src_endpoint","type":"Endpoint","type_id":20},{"name":"src_endpoint.ip","type":"IP Address","type_id":2,"value":"::1"},{"name":"src_endpoint.port","type":"Port","type_id":11,"value":"0"}],"raw_data":"09/07/2023 01:54:01 PM\nLogName=Security\nEventCode=4770\nEventType=0\nComputerName=TESTHOST1.attackrange.com\nSourceName=Microsoft Windows security auditing.\nType=Information\nRecordNumber=134530\nKeywords=Audit Success\nTaskCategory=Kerberos Service Ticket Operations\nOpCode=Info\nMessage=A Kerberos service ticket was renewed.\n\nAccount Information:\n\tAccount Name:\t\tjohndoe1@ATTACKRANGE.COM\n\tAccount Domain:\t\tATTACKRANGE.COM\n\nService Information:\n\tService Name:\t\tkrbtgt\n\tService ID:\t\tATTACKRANGE\\krbtgt\n\nNetwork Information:\n\tClient Address:\t\t::1\n\tClient Port:\t\t0\n\nAdditional Information:\n\tTicket Options:\t\t0x10002\n\tTicket Encryption Type:\t0x12\n\nTicket options and encryption types are defined in RFC 4120.","severity":"Informational","severity_id":1,"src_endpoint":{"ip":"::1","port":0},"status":"Success","status_id":1,"time":1694094841000,"type_name":"Authentication: Service Ticket Renew","type_uid":300205,"unmapped":{"Additional Information":{"Ticket Encryption Type":"0x12","Ticket Options":"0x10002"},"EventType":"0","OpCode":"Info","Service Information":{"Service ID":"ATTACKRANGE\\krbtgt","Service Name":"krbtgt"},"TaskCategory":"Kerberos Service Ticket Operations"},"user":{"account":{"name":"johndoe1@ATTACKRANGE.COM","type":"Windows Account","type_id":2},"domain":"ATTACKRANGE.COM","name":"johndoe1@ATTACKRANGE.COM"}}
{"activity_id":5,"activity_name":"Service Ticket Renew","auth_protocol":"Kerberos","auth_protocol_id":2,"category_name":"Identity & Access Management","category_uid":3,"class_name":"Authentication","class_uid":3002,"device":{"hostname":"workstation1.attackrange.com","os":{"name":"Windows","type":"Windows","type_id":100},"type":"Unknown","type_id":0},"dst_endpoint":{"hostname":"workstation1.attackrange.com"},"message":"A Kerberos service ticket was renewed.","metadata":{"event_code":"4770","log_name":"Security","log_provider":"Microsoft Windows security auditing.","original_time":"08/10/2023 08:49:24 AM","product":{"name":"Microsoft Windows","vendor_name":"Microsoft"},"profiles":["host"],"sequence":318089840,"uid":"39f0490951cb4326317db7e2c3a38a31","version":"1.4.0"},"observables":[{"name":"dst_endpoint","type":"Endpoint","type_id":20},{"name":"dst_endpoint.hostname","type":"Hostname","type_id":1,"value":"workstation1.attackrange.com"},{"name":"user","type":"User","type_id":21},{"name":"user.account.name","type":"Account Object: name","type_id":34,"value":"janedoe2@ATTACKRANGE.COM"},{"name":"user.name","type":"User Name","type_id":4,"value":"janedoe2@ATTACKRANGE.COM"},{"name":"src_endpoint","type":"Endpoint","type_id":20},{"name":"src_endpoint.ip","type":"IP Address","type_id":2,"value":"::ffff:10.10.100.22"},{"name":"src_endpoint.port","type":"Port","type_id":11,"value":"49412"},{"name":"device","type":"Endpoint","type_id":20},{"name":"device.hostname","type":"Hostname","type_id":1,"value":"workstation1.attackrange.com"}],"raw_data":"08/10/2023 08:49:24 AM\nLogName=Security\nEventCode=4770\nEventType=0\nComputerName=workstation1.attackrange.com\nSourceName=Microsoft Windows security auditing.\nType=Information\nRecordNumber=318089840\nKeywords=Audit Success\nTaskCategory=Kerberos Service Ticket Operations\nOpCode=Info\nMessage=A Kerberos service ticket was renewed.\n\nAccount Information:\n\tAccount Name:\t\tjanedoe2@ATTACKRANGE.COM\n\tAccount Domain:\t\tATTACKRANGE.COM\n\nService Information:\n\tService Name:\t\tkrbtgt\n\tService ID:\t\tATTACKRANGE\\krbtgt\n\nNetwork Information:\n\tClient Address:\t\t::ffff:10.10.100.22\n\tClient Port:\t\t49412\n\nAdditional Information:\n\tTicket Options:\t\t0x50800002\n\tTicket Encryption Type:\t0x12\n\nTicket options and encryption types are defined in RFC 4120.","severity":"Informational","severity_id":1,"src_endpoint":{"ip":"::ffff:10.10.100.22","port":49412},"status":"Success","status_id":1,"time":1691657364000,"type_name":"Authentication: Service Ticket Renew","type_uid":300205,"unmapped":{"Additional Information":{"Ticket Encryption Type":"0x12","Ticket Options":"0x50800002"},"EventType":"0","OpCode":"Info","Service Information":{"Service ID":"ATTACKRANGE\\krbtgt","Service Name":"krbtgt"},"TaskCategory":"Kerberos Service Ticket Operations"},"user":{"account":{"name":"janedoe2@ATTACKRANGE.COM","type":"Windows Account","type_id":2},"domain":"ATTACKRANGE.COM","name":"janedoe2@ATTACKRANGE.COM"}}
{"activity_id":5,"activity_name":"Service Ticket Renew","auth_protocol":"Kerberos","auth_protocol_id":2,"category_name":"Identity & Access Management","category_uid":3,"class_name":"Authentication","class_uid":3002,"device":{"hostname":"workstation2.splunkcorp.com","os":{"name":"Windows","type":"Windows","type_id":100},"type":"Unknown","type_id":0},"dst_endpoint":{"hostname":"workstation2.splunkcorp.com"},"message":"A Kerberos service ticket was renewed.","metadata":{"event_code":"4770","log_name":"Security","log_provider":"Microsoft Windows security auditing.","original_time":"08/10/2023 07:08:09 AM","product":{"name":"Microsoft Windows","vendor_name":"Microsoft"},"profiles":["host"],"sequence":316195424,"uid":"a4eb93f15b7cca65cf186846e5ba1ffb","version":"1.4.0"},"observables":[{"name":"device","type":"Endpoint","type_id":20},{"name":"device.hostname","type":"Hostname","type_id":1,"value":"workstation2.splunkcorp.com"},{"name":"dst_endpoint","type":"Endpoint","type_id":20},{"name":"dst_endpoint.hostname","type":"Hostname","type_id":1,"value":"workstation2.splunkcorp.com"},{"name":"src_endpoint","type":"Endpoint","type_id":20},{"name":"src_endpoint.port","type":"Port","type_id":11,"value":"64529"},{"name":"src_endpoint.ip","type":"IP Address","type_id":2,"value":"::ffff:10.10.100.24"},{"name":"user","type":"User","type_id":21},{"name":"user.account.name","type":"Account Object: name","type_id":34,"value":"johndoe2@ATTACKRANGE.COM"},{"name":"user.name","type":"User Name","type_id":4,"value":"johndoe2@ATTACKRANGE.COM"}],"raw_data":"08/10/2023 07:08:09 AM\nLogName=Security\nEventCode=4770\nEventType=0\nComputerName=workstation2.splunkcorp.com\nSourceName=Microsoft Windows security auditing.\nType=Information\nRecordNumber=316195424\nKeywords=Audit Success\nTaskCategory=Kerberos Service Ticket Operations\nOpCode=Info\nMessage=A Kerberos service ticket was renewed.\n\nAccount Information:\n\tAccount Name:\t\tjohndoe2@ATTACKRANGE.COM\n\tAccount Domain:\t\tATTACKRANGE.COM\n\nService Information:\n\tService Name:\t\tkrbtgt\n\tService ID:\t\tATTACKRANGE\\krbtgt\n\nNetwork Information:\n\tClient Address:\t\t::ffff:10.10.100.24\n\tClient Port:\t\t64529\n\nAdditional Information:\n\tTicket Options:\t\t0x50800002\n\tTicket Encryption Type:\t0x12\n\nTicket options and encryption types are defined in RFC 4120.","severity":"Informational","severity_id":1,"src_endpoint":{"ip":"::ffff:10.10.100.24","port":64529},"status":"Success","status_id":1,"time":1691651289000,"type_name":"Authentication: Service Ticket Renew","type_uid":300205,"unmapped":{"Additional Information":{"Ticket Encryption Type":"0x12","Ticket Options":"0x50800002"},"EventType":"0","OpCode":"Info","Service Information":{"Service ID":"ATTACKRANGE\\krbtgt","Service Name":"krbtgt"},"TaskCategory":"Kerberos Service Ticket Operations"},"user":{"account":{"name":"johndoe2@ATTACKRANGE.COM","type":"Windows Account","type_id":2},"domain":"ATTACKRANGE.COM","name":"johndoe2@ATTACKRANGE.COM"}}
{"activity_id":5,"activity_name":"Service Ticket Renew","auth_protocol":"Kerberos","auth_protocol_id":2,"category_name":"Identity & Access Management","category_uid":3,"class_name":"Authentication","class_uid":3002,"device":{"hostname":"workstation2.splunkcorp.com","os":{"name":"Windows","type":"Windows","type_id":100},"type":"Unknown","type_id":0},"dst_endpoint":{"hostname":"workstation2.splunkcorp.com"},"message":"A Kerberos service ticket was renewed.","metadata":{"event_code":"4770","log_name":"Security","log_provider":"Microsoft Windows security auditing.","original_time":"08/10/2023 07:08:12 AM","product":{"name":"Microsoft Windows","vendor_name":"Microsoft"},"profiles":["host"],"sequence":316195425,"uid":"d3f9541d6b763e7234393ee8a83bd380","version":"1.4.0"},"observables":[{"name":"user","type":"User","type_id":21},{"name":"user.account.name","type":"Account Object: name","type_id":34,"value":"johndoe2@ATTACKRANGE.COM"},{"name":"user.name","type":"User Name","type_id":4,"value":"johndoe2@ATTACKRANGE.COM"},{"name":"src_endpoint","type":"Endpoint","type_id":20},{"name":"src_endpoint.port","type":"Port","type_id":11,"value":"64530"},{"name":"src_endpoint.ip","type":"IP Address","type_id":2,"value":"10.10.100.24"},{"name":"device","type":"Endpoint","type_id":20},{"name":"device.hostname","type":"Hostname","type_id":1,"value":"workstation2.splunkcorp.com"},{"name":"dst_endpoint","type":"Endpoint","type_id":20},{"name":"dst_endpoint.hostname","type":"Hostname","type_id":1,"value":"workstation2.splunkcorp.com"}],"raw_data":"08/10/2023 07:08:12 AM\nLogName=Security\nEventCode=4770\nEventType=0\nComputerName=workstation2.splunkcorp.com\nSourceName=Microsoft Windows security auditing.\nType=Information\nRecordNumber=316195425\nKeywords=Audit Success\nTaskCategory=Kerberos Service Ticket Operations\nOpCode=Info\nMessage=A Kerberos service ticket was renewed.\n\nAccount Information:\n\tAccount Name:\t\tjohndoe2@ATTACKRANGE.COM\n\tAccount Domain:\t\tATTACKRANGE.COM\n\nService Information:\n\tService Name:\t\tkrbtgt\n\tService ID:\t\tATTACKRANGE\\krbtgt\n\nNetwork Information:\n\tClient Address:\t\t10.10.100.24\n\tClient Port:\t\t64530\n\nAdditional Information:\n\tTicket Options:\t\t0x50800002\n\tTicket Encryption Type:\t0x12\n\nTicket options and encryption types are defined in RFC 4120.","severity":"Informational","severity_id":1,"src_endpoint":{"ip":"10.10.100.24","port":64530},"status":"Success","status_id":1,"time":1691651292000,"type_name":"Authentication: Service Ticket Renew","type_uid":300205,"unmapped":{"Additional Information":{"Ticket Encryption Type":"0x12","Ticket Options":"0x50800002"},"EventType":"0","OpCode":"Info","Service Information":{"Service ID":"ATTACKRANGE\\krbtgt","Service Name":"krbtgt"},"TaskCategory":"Kerberos Service Ticket Operations"},"user":{"account":{"name":"johndoe2@ATTACKRANGE.COM","type":"Windows Account","type_id":2},"domain":"ATTACKRANGE.COM","name":"johndoe2@ATTACKRANGE.COM"}}
{"activity_id":3,"activity_name":"Authentication Ticket","auth_protocol":"Kerberos","auth_protocol_id":2,"category_name":"Identity & Access Management","category_uid":3,"class_name":"Authentication","class_uid":3002,"device":{"hostname":"win-dc-697.attackrange.local","os":{"name":"Windows","type":"Windows","type_id":100},"type":"Unknown","type_id":0},"dst_endpoint":{"hostname":"win-dc-697.attackrange.local"},"message":"Kerberos pre-authentication failed.","metadata":{"event_code":"4771","log_name":"Security","log_provider":"Microsoft Windows security auditing.","original_time":"04/20/2021 04:51:52 PM","product":{"name":"Microsoft Windows","vendor_name":"Microsoft"},"profiles":["host"],"sequence":3578087,"uid":"be18bfeed448f9f179065255c2d87b4d","version":"1.4.0"},"observables":[{"name":"src_endpoint","type":"Endpoint","type_id":20},{"name":"src_endpoint.ip","type":"IP Address","type_id":2,"value":"::ffff:10.0.1.15"},{"name":"src_endpoint.port","type":"Port","type_id":11,"value":"53454"},{"name":"device","type":"Endpoint","type_id":20},{"name":"device.hostname","type":"Hostname","type_id":1,"value":"win-dc-697.attackrange.local"},{"name":"dst_endpoint","type":"Endpoint","type_id":20},{"name":"dst_endpoint.hostname","type":"Hostname","type_id":1,"value":"win-dc-697.attackrange.local"},{"name":"user","type":"User","type_id":21},{"name":"user.account.uid","type":"Account Object: uid","type_id":35,"value":"ATTACKRANGE\\VANCE_LINDSEY"},{"name":"user.account.name","type":"Account Object: name","type_id":34,"value":"VANCE_LINDSEY"},{"name":"user.name","type":"User Name","type_id":4,"value":"VANCE_LINDSEY"},{"name":"user.uid","type":"User Object: uid","type_id":31,"value":"ATTACKRANGE\\VANCE_LINDSEY"}],"raw_data":"04/20/2021 04:51:52 PM\nLogName=Security\nSourceName=Microsoft Windows security auditing.\nEventCode=4771\nEventType=0\nType=Information\nComputerName=win-dc-697.attackrange.local\nTaskCategory=Kerberos Authentication Service\nOpCode=Info\nRecordNumber=3578087\nKeywords=Audit Failure\nMessage=Kerberos pre-authentication failed.\nAccount Information:\n\tSecurity ID:\t\tATTACKRANGE\\VANCE_LINDSEY\n\tAccount Name:\t\tVANCE_LINDSEY\nService Information:\n\tService Name:\t\tkrbtgt/attackrange.local\nNetwork Information:\n\tClient Address:\t\t::ffff:10.0.1.15\n\tClient Port:\t\t53454\nAdditional Information:\n\tTicket Options:\t\t0x40810010\n\tFailure Code:\t\t0x18\n\tPre-Authentication Type:\t2\nCertificate Information:\n\tCertificate Issuer Name:\t\t\n\tCertificate Serial Number: \t\n\tCertificate Thumbprint:\t\t\nCertificate information is only provided if a certificate was used for pre-authentication.\nPre-authentication types, ticket options and failure codes are defined in RFC 4120.\nIf the ticket was malformed or damaged during transit and could not be decrypted, then many fields in this event might not be present.","severity":"Informational","severity_id":1,"src_endpoint":{"ip":"::ffff:10.0.1.15","port":53454},"status":"Failure","status_code":"0x18","status_id":2,"time":1618937512000,"type_name":"Authentication: Authentication Ticket","type_uid":300203,"unmapped":{"Additional Information":{"Pre-Authentication Type":"2","Ticket Options":"0x40810010"},"Certificate Information":{"Certificate Issuer Name":"","Certificate Serial Number":"","Certificate Thumbprint":""},"EventType":"0","OpCode":"Info","Service Information":{"Service Name":"krbtgt/attackrange.local"},"TaskCategory":"Kerberos Authentication Service"},"user":{"account":{"name":"VANCE_LINDSEY","type":"Windows Account","type_id":2,"uid":"ATTACKRANGE\\VANCE_LINDSEY"},"name":"VANCE_LINDSEY","uid":"ATTACKRANGE\\VANCE_LINDSEY"}}
{"activity_id":3,"activity_name":"Authentication Ticket","auth_protocol":"Kerberos","auth_protocol_id":2,"category_name":"Identity & Access Management","category_uid":3,"class_name":"Authentication","class_uid":3002,"device":{"hostname":"win-dc-697.attackrange.local","os":{"name":"Windows","type":"Windows","type_id":100},"type":"Unknown","type_id":0},"dst_endpoint":{"hostname":"win-dc-697.attackrange.local"},"message":"Kerberos pre-authentication failed.","metadata":{"event_code":"4771","log_name":"Security","log_provider":"Microsoft Windows security auditing.","original_time":"04/20/2021 04:51:52 PM","product":{"name":"Microsoft Windows","vendor_name":"Microsoft"},"profiles":["host"],"sequence":3578066,"uid":"e140fb1d6bbba78be43d84811d6cb5c5","version":"1.4.0"},"observables":[{"name":"dst_endpoint","type":"Endpoint","type_id":20},{"name":"dst_endpoint.hostname","type":"Hostname","type_id":1,"value":"win-dc-697.attackrange.local"},{"name":"src_endpoint","type":"Endpoint","type_id":20},{"name":"src_endpoint.ip","type":"IP Address","type_id":2,"value":"::ffff:10.0.1.15"},{"name":"src_endpoint.port","type":"Port","type_id":11,"value":"53440"},{"name":"device","type":"Endpoint","type_id":20},{"name":"device.hostname","type":"Hostname","type_id":1,"value":"win-dc-697.attackrange.local"},{"name":"user","type":"User","type_id":21},{"name":"user.account.uid","type":"Account Object: uid","type_id":35,"value":"ATTACKRANGE\\LIZ_GOODMAN"},{"name":"user.account.name","type":"Account Object: name","type_id":34,"value":"LIZ_GOODMAN"},{"name":"user.name","type":"User Name","type_id":4,"value":"LIZ_GOODMAN"},{"name":"user.uid","type":"User Object: uid","type_id":31,"value":"ATTACKRANGE\\LIZ_GOODMAN"}],"raw_data":"04/20/2021 04:51:52 PM\nLogName=Security\nSourceName=Microsoft Windows security auditing.\nEventCode=4771\nEventType=0\nType=Information\nComputerName=win-dc-697.attackrange.local\nTaskCategory=Kerberos Authentication Service\nOpCode=Info\nRecordNumber=3578066\nKeywords=Audit Failure\nMessage=Kerberos pre-authentication failed.\nAccount Information:\n\tSecurity ID:\t\tATTACKRANGE\\LIZ_GOODMAN\n\tAccount Name:\t\tLIZ_GOODMAN\nService Information:\n\tService Name:\t\tkrbtgt/attackrange.local\nNetwork Information:\n\tClient Address:\t\t::ffff:10.0.1.15\n\tClient Port:\t\t53440\nAdditional Information:\n\tTicket Options:\t\t0x40810010\n\tFailure Code:\t\t0x18\n\tPre-Authentication Type:\t2\nCertificate Information:\n\tCertificate Issuer Name:\t\t\n\tCertificate Serial Number: \t\n\tCertificate Thumbprint:\t\t\nCertificate information is only provided if a certificate was used for pre-authentication.\nPre-authentication types, ticket options and failure codes are defined in RFC 4120.\nIf the ticket was malformed or damaged during transit and could not be decrypted, then many fields in this event might not be present.","severity":"Informational","severity_id":1,"src_endpoint":{"ip":"::ffff:10.0.1.15","port":53440},"status":"Failure","status_code":"0x18","status_id":2,"time":1618937512000,"type_name":"Authentication: Authentication Ticket","type_uid":300203,"unmapped":{"Additional Information":{"Pre-Authentication Type":"2","Ticket Options":"0x40810010"},"Certificate Information":{"Certificate Issuer Name":"","Certificate Serial Number":"","Certificate Thumbprint":""},"EventType":"0","OpCode":"Info","Service Information":{"Service Name":"krbtgt/attackrange.local"},"TaskCategory":"Kerberos Authentication Service"},"user":{"account":{"name":"LIZ_GOODMAN","type":"Windows Account","type_id":2,"uid":"ATTACKRANGE\\LIZ_GOODMAN"},"name":"LIZ_GOODMAN","uid":"ATTACKRANGE\\LIZ_GOODMAN"}}
{"activity_id":3,"activity_name":"Authentication Ticket","auth_protocol":"Kerberos","auth_protocol_id":2,"category_name":"Identity & Access Management","category_uid":3,"class_name":"Authentication","class_uid":3002,"device":{"hostname":"win-dc-697.attackrange.local","os":{"name":"Windows","type":"Windows","type_id":100},"type":"Unknown","type_id":0},"dst_endpoint":{"hostname":"win-dc-697.attackrange.local"},"message":"Kerberos pre-authentication failed.","metadata":{"event_code":"4771","log_name":"Security","log_provider":"Microsoft Windows security auditing.","original_time":"04/20/2021 04:51:52 PM","product":{"name":"Microsoft Windows","vendor_name":"Microsoft"},"profiles":["host"],"sequence":3578069,"uid":"09bf9b7bf8f0f5546489c0cb8ad84b16","version":"1.4.0"},"observables":[{"name":"device","type":"Endpoint","type_id":20},{"name":"device.hostname","type":"Hostname","type_id":1,"value":"win-dc-697.attackrange.local"},{"name":"user","type":"User","type_id":21},{"name":"user.account.uid","type":"Account Object: uid","type_id":35,"value":"ATTACKRANGE\\HAL_HOLCOMB"},{"name":"user.account.name","type":"Account Object: name","type_id":34,"value":"HAL_HOLCOMB"},{"name":"user.name","type":"User Name","type_id":4,"value":"HAL_HOLCOMB"},{"name":"user.uid","type":"User Object: uid","type_id":31,"value":"ATTACKRANGE\\HAL_HOLCOMB"},{"name":"dst_endpoint","type":"Endpoint","type_id":20},{"name":"dst_endpoint.hostname","type":"Hostname","type_id":1,"value":"win-dc-697.attackrange.local"},{"name":"src_endpoint","type":"Endpoint","type_id":20},{"name":"src_endpoint.ip","type":"IP Address","type_id":2,"value":"::ffff:10.0.1.15"},{"name":"src_endpoint.port","type":"Port","type_id":11,"value":"53442"}],"raw_data":"04/20/2021 04:51:52 PM\nLogName=Security\nSourceName=Microsoft Windows security auditing.\nEventCode=4771\nEventType=0\nType=Information\nComputerName=win-dc-697.attackrange.local\nTaskCategory=Kerberos Authentication Service\nOpCode=Info\nRecordNumber=3578069\nKeywords=Audit Failure\nMessage=Kerberos pre-authentication failed.\nAccount Information:\n\tSecurity ID:\t\tATTACKRANGE\\HAL_HOLCOMB\n\tAccount Name:\t\tHAL_HOLCOMB\nService Information:\n\tService Name:\t\tkrbtgt/attackrange.local\nNetwork Information:\n\tClient Address:\t\t::ffff:10.0.1.15\n\tClient Port:\t\t53442\nAdditional Information:\n\tTicket Options:\t\t0x40810010\n\tFailure Code:\t\t0x18\n\tPre-Authentication Type:\t2\nCertificate Information:\n\tCertificate Issuer Name:\t\t\n\tCertificate Serial Number: \t\n\tCertificate Thumbprint:\t\t\nCertificate information is only provided if a certificate was used for pre-authentication.\nPre-authentication types, ticket options and failure codes are defined in RFC 4120.\nIf the ticket was malformed or damaged during transit and could not be decrypted, then many fields in this event might not be present.","severity":"Informational","severity_id":1,"src_endpoint":{"ip":"::ffff:10.0.1.15","port":53442},"status":"Failure","status_code":"0x18","status_id":2,"time":1618937512000,"type_name":"Authentication: Authentication Ticket","type_uid":300203,"unmapped":{"Additional Information":{"Pre-Authentication Type":"2","Ticket Options":"0x40810010"},"Certificate Information":{"Certificate Issuer Name":"","Certificate Serial Number":"","Certificate Thumbprint":""},"EventType":"0","OpCode":"Info","Service Information":{"Service Name":"krbtgt/attackrange.local"},"TaskCategory":"Kerberos Authentication Service"},"user":{"account":{"name":"HAL_HOLCOMB","type":"Windows Account","type_id":2,"uid":"ATTACKRANGE\\HAL_HOLCOMB"},"name":"HAL_HOLCOMB","uid":"ATTACKRANGE\\HAL_HOLCOMB"}}
