{"activity_id":1,"activity_name":"Logon","actor":{"process":{"file":{"name":"-","path":"-","type":"Regular File","type_id":1},"pid":0},"session":{"uid":"0x0"},"user":{"account":{"name":"-","type":"Windows Account","type_id":2,"uid":"S-1-0-0"},"domain":"-","name":"-","uid":"S-1-0-0"}},"auth_protocol":"NTLM","auth_protocol_id":1,"category_name":"Identity & Access Management","category_uid":3,"class_name":"Authentication","class_uid":3002,"device":{"hostname":"AIAXSQLMCSCX001.agent.acme083.com","os":{"name":"Windows","type":"Windows","type_id":100},"type":"Unknown","type_id":0},"dst_endpoint":{"hostname":"AIAXSQLMCSCX001.agent.acme083.com"},"logon_process":{"name":"NtLmSsp ","pid":-1},"logon_type":"Network","logon_type_id":3,"message":"An account was successfully logged on.","metadata":{"event_code":"4624","log_name":"Security","log_provider":"Microsoft Windows security auditing.","original_time":"11/09/2016 07:19:35 PM","product":{"name":"Microsoft Windows","vendor_name":"Microsoft"},"profiles":["host"],"sequence":2252297,"uid":"efd0c6a9532fe3313fe720ca7ebab998","version":"1.4.0"},"observables":[{"name":"device","type":"Endpoint","type_id":20},{"name":"device.hostname","type":"Hostname","type_id":1,"value":"AIAXSQLMCSCX001.agent.acme083.com"},{"name":"user","type":"User","type_id":21},{"name":"user.account.uid","type":"Account Object: uid","type_id":35,"value":"S-1-5-21-2323635272-2119012749-1412307406-19147"},{"name":"user.account.name","type":"Account Object: name","type_id":34,"value":"AIAXCTXDDC002$"},{"name":"user.name","type":"User Name","type_id":4,"value":"AIAXCTXDDC002$"},{"name":"user.uid","type":"User Object: uid","type_id":31,"value":"S-1-5-21-2323635272-2119012749-1412307406-19147"},{"name":"dst_endpoint","type":"Endpoint","type_id":20},{"name":"dst_endpoint.hostname","type":"Hostname","type_id":1,"value":"AIAXSQLMCSCX001.agent.acme083.com"},{"name":"actor.user","type":"User","type_id":21},{"name":"actor.user.account.uid","type":"Account Object: uid","type_id":35,"value":"S-1-0-0"},{"name":"actor.user.account.name","type":"Account Object: name","type_id":34,"value":"-"},{"name":"actor.user.name","type":"User Name","type_id":4,"value":"-"},{"name":"actor.user.uid","type":"User Object: uid","type_id":31,"value":"S-1-0-0"},{"name":"actor.process","type":"Process","type_id":25},{"name":"actor.process.pid","type":"Process ID","type_id":15,"value":"0"},{"name":"actor.process.file","type":"File","type_id":24},{"name":"actor.process.file.name","type":"File Name","type_id":7,"value":"-"},{"name":"src_endpoint","type":"Endpoint","type_id":20},{"name":"src_endpoint.port","type":"Port","type_id":11,"value":"0"},{"name":"src_endpoint.ip","type":"IP Address","type_id":2,"value":"-"},{"name":"logon_process","type":"Process","type_id":25},{"name":"logon_process.name","type":"Process Name","type_id":9,"value":"NtLmSsp "},{"name":"logon_process.pid","type":"Process ID","type_id":15,"value":"-1"}],"raw_data":"11/09/2016 07:19:35 PM\nLogName=Security\nSourceName=Microsoft Windows security auditing.\nEventCode=4624\nEventType=0\nType=Information\nComputerName=AIAXSQLMCSCX001.agent.acme083.com\nTaskCategory=Logon\nOpCode=Info\nRecordNumber=2252297\nCaseID=AD_4624_2_3\nKeywords=Audit Success\nMessage=An account was successfully logged on.\nSubject:\n\tSecurity ID:  S-1-0-0\n\tAccount Name:  -\n\tAccount Domain:  -\n\tLogon ID:  0x0\nLogon Type:   3\nImpersonation Level:  Impersonation\nNew Logon:\n\tSecurity ID:  S-1-5-21-2323635272-2119012749-1412307406-19147\n\tAccount Name:  AIAXCTXDDC002$\n\tAccount Domain:  AGENT\n\tLogon ID:  0x15D53CEA\n\tLogon GUID:  {00000000-0000-0000-0000-000000000000}\nProcess Information:\n\tProcess ID:  0x0\n\tProcess Name:  -\nNetwork Information:\n\tWorkstation Name: AIAXCTXDDC002\n\tSource Network Address: -\n\tSource Port:  -\nDetailed Authentication Information:\n\tLogon Process:  NtLmSsp \n\tAuthentication Package: NTLM\n\tTransited Services: -\n\tPackage Name (NTLM only): NTLM V2\n\tKey Length:  128","session":{"uid":"0x15D53CEA","uuid":"{00000000-0000-0000-0000-000000000000}"},"severity":"Informational","severity_id":1,"src_endpoint":{"ip":"-","name":"AIAXCTXDDC002","port":0},"status":"Success","status_id":1,"time":1478719175000,"type_name":"Authentication: Logon","type_uid":300201,"unmapped":{"CaseID":"AD_4624_2_3","Detailed Authentication Information":{"Key Length":"128","Package Name (NTLM only)":"NTLM V2","Transited Services":"-"},"EventType":"0","Impersonation Level":"Impersonation","OpCode":"Info","TaskCategory":"Logon"},"user":{"account":{"name":"AIAXCTXDDC002$","type":"Windows Account","type_id":2,"uid":"S-1-5-21-2323635272-2119012749-1412307406-19147"},"domain":"AGENT","name":"AIAXCTXDDC002$","uid":"S-1-5-21-2323635272-2119012749-1412307406-19147"}}
{"activity_id":1,"activity_name":"Logon","actor":{"process":{"file":{"name":"-","path":"-","type":"Regular File","type_id":1},"pid":0},"session":{"uid":"0x0"},"user":{"account":{"name":"-","type":"Windows Account","type_id":2,"uid":"NULL SID"},"domain":"-","name":"-","uid":"NULL SID"}},"auth_protocol":"NTLM","auth_protocol_id":1,"category_name":"Identity & Access Management","category_uid":3,"class_name":"Authentication","class_uid":3002,"device":{"hostname":"uba-win9.UBA_DSlab_DOMAIN.local","os":{"name":"Windows","type":"Windows","type_id":100},"type":"Unknown","type_id":0},"dst_endpoint":{"hostname":"uba-win9.UBA_DSlab_DOMAIN.local"},"logon_process":{"name":"NtLmSsp","pid":-1},"logon_type":"Network","logon_type_id":3,"message":"An account was successfully logged on.","metadata":{"event_code":"4624","log_name":"Security","log_provider":"Microsoft Windows security auditing.","original_time":"1/17/2017 10:52:56 AM","product":{"name":"Microsoft Windows","vendor_name":"Microsoft"},"profiles":["host"],"sequence":12126592,"uid":"d45cb7cb99911b644ba1672b375c8a3a","version":"1.4.0"},"observables":[{"name":"logon_process","type":"Process","type_id":25},{"name":"logon_process.name","type":"Process Name","type_id":9,"value":"NtLmSsp"},{"name":"logon_process.pid","type":"Process ID","type_id":15,"value":"-1"},{"name":"actor.user","type":"User","type_id":21},{"name":"actor.user.account.uid","type":"Account Object: uid","type_id":35,"value":"NULL SID"},{"name":"actor.user.account.name","type":"Account Object: name","type_id":34,"value":"-"},{"name":"actor.user.name","type":"User Name","type_id":4,"value":"-"},{"name":"actor.user.uid","type":"User Object: uid","type_id":31,"value":"NULL SID"},{"name":"actor.process","type":"Process","type_id":25},{"name":"actor.process.pid","type":"Process ID","type_id":15,"value":"0"},{"name":"actor.process.file","type":"File","type_id":24},{"name":"actor.process.file.name","type":"File Name","type_id":7,"value":"-"},{"name":"user","type":"User","type_id":21},{"name":"user.account.uid","type":"Account Object: uid","type_id":35,"value":"UBA-WIN9\\Administrator"},{"name":"user.account.name","type":"Account Object: name","type_id":34,"value":"Administrator"},{"name":"user.name","type":"User Name","type_id":4,"value":"Administrator"},{"name":"user.uid","type":"User Object: uid","type_id":31,"value":"UBA-WIN9\\Administrator"},{"name":"dst_endpoint","type":"Endpoint","type_id":20},{"name":"dst_endpoint.hostname","type":"Hostname","type_id":1,"value":"uba-win9.UBA_DSlab_DOMAIN.local"},{"name":"src_endpoint","type":"Endpoint","type_id":20},{"name":"src_endpoint.ip","type":"IP Address","type_id":2,"value":"-"},{"name":"src_endpoint.port","type":"Port","type_id":11,"value":"0"},{"name":"device","type":"Endpoint","type_id":20},{"name":"device.hostname","type":"Hostname","type_id":1,"value":"uba-win9.UBA_DSlab_DOMAIN.local"}],"raw_data":"1/17/2017 10:52:56 AM\n\nLogName=Security\nSourceName=Microsoft Windows security auditing.\nEventCode=4624\nEventType=0\nType=Information\nComputerName=uba-win9.UBA_DSlab_DOMAIN.local\nTaskCategory=Logon\nOpCode=Info\nRecordNumber=12126592\nCaseID=AD_4624_2_4\nKeywords=Audit Success\nMessage=An account was successfully logged on.\nSubject:\n\tSecurity ID:\t\tNULL SID\n\tAccount Name:\t\t-\n\tAccount Domain:\t\t-\n\tLogon ID:\t\t0x0\n\nLogon Type:\t\t\t3\n\nImpersonation Level:\t\tImpersonation\n\nNew Logon:\n\tSecurity ID:\t\tUBA-WIN9\\Administrator\n\tAccount Name:\t\tAdministrator\n\tAccount Domain:\t\tUBA-WIN9\n\tLogon ID:\t\t0xF0965\n\tLogon GUID:\t\t{00000000-0000-0000-0000-000000000000}\n\nProcess Information:\n\tProcess ID:\t\t0x0\n\tProcess Name:\t\t-\n\nNetwork Information:\n\tWorkstation Name:\tsmiskovic-mbp15\n\tSource Network Address:\t-\n\tSource Port:\t\t-\n\nDetailed Authentication Information:\n\tLogon Process:\t\tNtLmSsp\n\tAuthentication Package:\tNTLM\n\tTransited Services:\t-\n\tPackage Name (NTLM only):\tNTLM V2\n\tKey Length:\t\t128","session":{"uid":"0xF0965","uuid":"{00000000-0000-0000-0000-000000000000}"},"severity":"Informational","severity_id":1,"src_endpoint":{"ip":"-","name":"smiskovic-mbp15","port":0},"status":"Success","status_id":1,"time":1484650376000,"type_name":"Authentication: Logon","type_uid":300201,"unmapped":{"CaseID":"AD_4624_2_4","Detailed Authentication Information":{"Key Length":"128","Package Name (NTLM only)":"NTLM V2","Transited Services":"-"},"EventType":"0","Impersonation Level":"Impersonation","OpCode":"Info","TaskCategory":"Logon"},"user":{"account":{"name":"Administrator","type":"Windows Account","type_id":2,"uid":"UBA-WIN9\\Administrator"},"domain":"UBA-WIN9","name":"Administrator","uid":"UBA-WIN9\\Administrator"}}
{"activity_id":1,"activity_name":"Logon","actor":{"process":{"file":{"name":"lsass.exe","parent_folder":"C:\\Windows\\System32","path":"C:\\Windows\\System32\\lsass.exe","type":"Regular File","type_id":1},"pid":556},"session":{"uid":"0x3e7"},"user":{"account":{"name":"WSDCKUA1$","type":"Windows Account","type_id":2,"uid":"NT AUTHORITY\\SYSTEM"},"domain":"ACME081","name":"WSDCKUA1$","uid":"NT AUTHORITY\\SYSTEM"}},"auth_protocol":"MICROSOFT_AUTHENTICATION_PACKAGE_V1_0","auth_protocol_id":99,"category_name":"Identity & Access Management","category_uid":3,"class_name":"Authentication","class_uid":3002,"device":{"hostname":"WSDCKUA1.acme081.com","os":{"name":"Windows","type":"Windows","type_id":100},"type":"Unknown","type_id":0},"dst_endpoint":{"hostname":"WSDCKUA1.acme081.com"},"logon_process":{"name":"Advapi","pid":-1},"logon_type":"Network","logon_type_id":3,"message":"An account was successfully logged on.","metadata":{"event_code":"4624","log_name":"Security","log_provider":"Microsoft Windows security auditing.","original_time":"01/14/2015 09:30:16 PM","product":{"name":"Microsoft Windows","vendor_name":"Microsoft"},"profiles":["host"],"sequence":639634099,"uid":"5d21093028c4ef62d7ae91496777fe2f","version":"1.4.0"},"observables":[{"name":"dst_endpoint","type":"Endpoint","type_id":20},{"name":"dst_endpoint.hostname","type":"Hostname","type_id":1,"value":"WSDCKUA1.acme081.com"},{"name":"src_endpoint","type":"Endpoint","type_id":20},{"name":"src_endpoint.ip","type":"IP Address","type_id":2,"value":"192.0.2.194"},{"name":"src_endpoint.port","type":"Port","type_id":11,"value":"48271"},{"name":"user","type":"User","type_id":21},{"name":"user.account.uid","type":"Account Object: uid","type_id":35,"value":"ACME081\\sapsvcacct"},{"name":"user.account.name","type":"Account Object: name","type_id":34,"value":"sapsvcacct"},{"name":"user.name","type":"User Name","type_id":4,"value":"sapsvcacct"},{"name":"user.uid","type":"User Object: uid","type_id":31,"value":"ACME081\\sapsvcacct"},{"name":"device","type":"Endpoint","type_id":20},{"name":"device.hostname","type":"Hostname","type_id":1,"value":"WSDCKUA1.acme081.com"},{"name":"logon_process","type":"Process","type_id":25},{"name":"logon_process.name","type":"Process Name","type_id":9,"value":"Advapi"},{"name":"logon_process.pid","type":"Process ID","type_id":15,"value":"-1"},{"name":"actor.user","type":"User","type_id":21},{"name":"actor.user.account.uid","type":"Account Object: uid","type_id":35,"value":"NT AUTHORITY\\SYSTEM"},{"name":"actor.user.account.name","type":"Account Object: name","type_id":34,"value":"WSDCKUA1$"},{"name":"actor.user.name","type":"User Name","type_id":4,"value":"WSDCKUA1$"},{"name":"actor.user.uid","type":"User Object: uid","type_id":31,"value":"NT AUTHORITY\\SYSTEM"},{"name":"actor.process","type":"Process","type_id":25},{"name":"actor.process.file","type":"File","type_id":24},{"name":"actor.process.file.name","type":"File Name","type_id":7,"value":"lsass.exe"},{"name":"actor.process.pid","type":"Process ID","type_id":15,"value":"556"}],"raw_data":"01/14/2015 09:30:16 PM\nLogName=Security\nSourceName=Microsoft Windows security auditing.\nEventCode=4624\nEventType=0\nType=Information\nComputerName=WSDCKUA1.acme081.com\nTaskCategory=Logon\nOpCode=Info\nRecordNumber=639634099\nCaseID=AD_4624_3_1\nKeywords=Audit Success\nMessage=An account was successfully logged on.\nSubject:\n\tSecurity ID:\t\tNT AUTHORITY\\SYSTEM\n\tAccount Name:\t\tWSDCKUA1$\n\tAccount Domain:\t\tACME081\n\tLogon ID:\t\t0x3e7\nLogon Type:\t\t\t3\nNew Logon:\n\tSecurity ID:\t\tACME081\\sapsvcacct\n\tAccount Name:\t\tsapsvcacct\n\tAccount Domain:\t\tACME081\n\tLogon ID:\t\t0x15728ef36\n\tLogon GUID:\t\t{00000000-0000-0000-0000-000000000000}\nProcess Information:\n\tProcess ID:\t\t0x22c\n\tProcess Name:\t\tC:\\Windows\\System32\\lsass.exe\nNetwork Information:\n\tWorkstation Name:\tWSDCKUA1\n\tSource Network Address:\t192.0.2.194\n\tSource Port:\t\t48271\nDetailed Authentication Information:\n\tLogon Process:\t\tAdvapi\n\tAuthentication Package:\tMICROSOFT_AUTHENTICATION_PACKAGE_V1_0\n\tTransited Services:\t-\n\tPackage Name (NTLM only):\t-\n\tKey Length:\t\t0","session":{"uid":"0x15728ef36","uuid":"{00000000-0000-0000-0000-000000000000}"},"severity":"Informational","severity_id":1,"src_endpoint":{"ip":"192.0.2.194","name":"WSDCKUA1","port":48271},"status":"Success","status_id":1,"time":1421271016000,"type_name":"Authentication: Logon","type_uid":300201,"unmapped":{"CaseID":"AD_4624_3_1","Detailed Authentication Information":{"Key Length":"0","Package Name (NTLM only)":"-","Transited Services":"-"},"EventType":"0","OpCode":"Info","TaskCategory":"Logon"},"user":{"account":{"name":"sapsvcacct","type":"Windows Account","type_id":2,"uid":"ACME081\\sapsvcacct"},"domain":"ACME081","name":"sapsvcacct","uid":"ACME081\\sapsvcacct"}}
{"activity_id":1,"activity_name":"Logon","actor":{"process":{"file":{"name":"services.exe","parent_folder":"C:\\Windows\\System32","path":"C:\\Windows\\System32\\services.exe","type":"Regular File","type_id":1},"pid":508},"session":{"uid":"0x3e7"},"user":{"account":{"name":"WSRODCSTR1$","type":"Windows Account","type_id":2,"uid":"NT AUTHORITY\\SYSTEM"},"domain":"ACME081","name":"WSRODCSTR1$","uid":"NT AUTHORITY\\SYSTEM"}},"auth_protocol":"Negotiate","auth_protocol_id":99,"category_name":"Identity & Access Management","category_uid":3,"class_name":"Authentication","class_uid":3002,"device":{"hostname":"WSRODCSTR1.acme081.com","os":{"name":"Windows","type":"Windows","type_id":100},"type":"Unknown","type_id":0},"dst_endpoint":{"hostname":"WSRODCSTR1.acme081.com"},"logon_process":{"name":"Advapi","pid":-1},"logon_type":"OS Service","logon_type_id":5,"message":"An account was successfully logged on.","metadata":{"event_code":"4624","log_name":"Security","log_provider":"Microsoft Windows security auditing.","original_time":"01/15/2015 02:33:16 AM","product":{"name":"Microsoft Windows","vendor_name":"Microsoft"},"profiles":["host"],"sequence":21315896,"uid":"2e397cc308a16f96d0b6bd46afe88bdb","version":"1.4.0"},"observables":[{"name":"device","type":"Endpoint","type_id":20},{"name":"device.hostname","type":"Hostname","type_id":1,"value":"WSRODCSTR1.acme081.com"},{"name":"logon_process","type":"Process","type_id":25},{"name":"logon_process.name","type":"Process Name","type_id":9,"value":"Advapi"},{"name":"logon_process.pid","type":"Process ID","type_id":15,"value":"-1"},{"name":"actor.user","type":"User","type_id":21},{"name":"actor.user.account.uid","type":"Account Object: uid","type_id":35,"value":"NT AUTHORITY\\SYSTEM"},{"name":"actor.user.account.name","type":"Account Object: name","type_id":34,"value":"WSRODCSTR1$"},{"name":"actor.user.name","type":"User Name","type_id":4,"value":"WSRODCSTR1$"},{"name":"actor.user.uid","type":"User Object: uid","type_id":31,"value":"NT AUTHORITY\\SYSTEM"},{"name":"actor.process","type":"Process","type_id":25},{"name":"actor.process.pid","type":"Process ID","type_id":15,"value":"508"},{"name":"actor.process.file","type":"File","type_id":24},{"name":"actor.process.file.name","type":"File Name","type_id":7,"value":"services.exe"},{"name":"dst_endpoint","type":"Endpoint","type_id":20},{"name":"dst_endpoint.hostname","type":"Hostname","type_id":1,"value":"WSRODCSTR1.acme081.com"},{"name":"src_endpoint","type":"Endpoint","type_id":20},{"name":"src_endpoint.ip","type":"IP Address","type_id":2,"value":"-"},{"name":"src_endpoint.port","type":"Port","type_id":11,"value":"0"},{"name":"user","type":"User","type_id":21},{"name":"user.account.uid","type":"Account Object: uid","type_id":35,"value":"NT AUTHORITY\\SYSTEM"},{"name":"user.account.name","type":"Account Object: name","type_id":34,"value":"SYSTEM"},{"name":"user.name","type":"User Name","type_id":4,"value":"SYSTEM"},{"name":"user.uid","type":"User Object: uid","type_id":31,"value":"NT AUTHORITY\\SYSTEM"}],"raw_data":"01/15/2015 02:33:16 AM\nLogName=Security\nSourceName=Microsoft Windows security auditing.\nEventCode=4624\nEventType=0\nType=Information\nComputerName=WSRODCSTR1.acme081.com\nTaskCategory=Logon\nOpCode=Info\nRecordNumber=21315896\nCaseID=AD_4624_3_2\nKeywords=Audit Success\nMessage=An account was successfully logged on.\nSubject:\n\tSecurity ID:\t\tNT AUTHORITY\\SYSTEM\n\tAccount Name:\t\tWSRODCSTR1$\n\tAccount Domain:\t\tACME081\n\tLogon ID:\t\t0x3e7\nLogon Type:\t\t\t5\nNew Logon:\n\tSecurity ID:\t\tNT AUTHORITY\\SYSTEM\n\tAccount Name:\t\tSYSTEM\n\tAccount Domain:\t\tNT AUTHORITY\n\tLogon ID:\t\t0x3e7\n\tLogon GUID:\t\t{00000000-0000-0000-0000-000000000000}\nProcess Information:\n\tProcess ID:\t\t0x1fc\n\tProcess Name:\t\tC:\\Windows\\System32\\services.exe\nNetwork Information:\n\tWorkstation Name:\n\tSource Network Address:\t-\n\tSource Port:\t\t-\nDetailed Authentication Information:\n\tLogon Process:\t\tAdvapi\n\tAuthentication Package:\tNegotiate\n\tTransited Services:\t-\n\tPackage Name (NTLM only):\t-\n\tKey Length:\t\t0","session":{"uid":"0x3e7","uuid":"{00000000-0000-0000-0000-000000000000}"},"severity":"Informational","severity_id":1,"src_endpoint":{"ip":"-","name":"","port":0},"status":"Success","status_id":1,"time":1421289196000,"type_name":"Authentication: Logon","type_uid":300201,"unmapped":{"CaseID":"AD_4624_3_2","Detailed Authentication Information":{"Key Length":"0","Package Name (NTLM only)":"-","Transited Services":"-"},"EventType":"0","OpCode":"Info","TaskCategory":"Logon"},"user":{"account":{"name":"SYSTEM","type":"Windows Account","type_id":2,"uid":"NT AUTHORITY\\SYSTEM"},"domain":"NT AUTHORITY","name":"SYSTEM","uid":"NT AUTHORITY\\SYSTEM"}}
{"activity_id":1,"activity_name":"Logon","actor":{"process":{"file":{"name":"w3wp.exe","parent_folder":"C:\\Windows\\System32\\inetsrv","path":"C:\\Windows\\System32\\inetsrv\\w3wp.exe","type":"Regular File","type_id":1},"pid":5780},"session":{"uid":"0x3e4"},"user":{"account":{"name":"SINSOIDC2$","type":"Windows Account","type_id":2,"uid":"NT AUTHORITY\\NETWORK SERVICE"},"domain":"SOI","name":"SINSOIDC2$","uid":"NT AUTHORITY\\NETWORK SERVICE"}},"auth_protocol":"Negotiate","auth_protocol_id":99,"category_name":"Identity & Access Management","category_uid":3,"class_name":"Authentication","class_uid":3002,"device":{"hostname":"sinsoidc2.soi.dir.acme080.com","os":{"name":"Windows","type":"Windows","type_id":100},"type":"Unknown","type_id":0},"dst_endpoint":{"hostname":"sinsoidc2.soi.dir.acme080.com"},"logon_process":{"name":"Advapi  ","pid":-1},"logon_type":"Network Cleartext","logon_type_id":8,"message":"An account was successfully logged on.","metadata":{"event_code":"4624","log_name":"Security","log_provider":"Microsoft Windows security auditing.","original_time":"01/15/2015 02:45:09 AM","product":{"name":"Microsoft Windows","vendor_name":"Microsoft"},"profiles":["host"],"sequence":906791072,"uid":"22bb032cbe0387ced090e05084744dc2","version":"1.4.0"},"observables":[{"name":"dst_endpoint","type":"Endpoint","type_id":20},{"name":"dst_endpoint.hostname","type":"Hostname","type_id":1,"value":"sinsoidc2.soi.dir.acme080.com"},{"name":"src_endpoint","type":"Endpoint","type_id":20},{"name":"src_endpoint.ip","type":"IP Address","type_id":2,"value":"::1"},{"name":"src_endpoint.port","type":"Port","type_id":11,"value":"61703"},{"name":"user","type":"User","type_id":21},{"name":"user.account.uid","type":"Account Object: uid","type_id":35,"value":"SOI\\IUSR_SINSOIDC2"},{"name":"user.account.name","type":"Account Object: name","type_id":34,"value":"IUSR_SINSOIDC2"},{"name":"user.name","type":"User Name","type_id":4,"value":"IUSR_SINSOIDC2"},{"name":"user.uid","type":"User Object: uid","type_id":31,"value":"SOI\\IUSR_SINSOIDC2"},{"name":"device","type":"Endpoint","type_id":20},{"name":"device.hostname","type":"Hostname","type_id":1,"value":"sinsoidc2.soi.dir.acme080.com"},{"name":"logon_process","type":"Process","type_id":25},{"name":"logon_process.name","type":"Process Name","type_id":9,"value":"Advapi  "},{"name":"logon_process.pid","type":"Process ID","type_id":15,"value":"-1"},{"name":"actor.process","type":"Process","type_id":25},{"name":"actor.process.pid","type":"Process ID","type_id":15,"value":"5780"},{"name":"actor.process.file","type":"File","type_id":24},{"name":"actor.process.file.name","type":"File Name","type_id":7,"value":"w3wp.exe"},{"name":"actor.user","type":"User","type_id":21},{"name":"actor.user.account.uid","type":"Account Object: uid","type_id":35,"value":"NT AUTHORITY\\NETWORK SERVICE"},{"name":"actor.user.account.name","type":"Account Object: name","type_id":34,"value":"SINSOIDC2$"},{"name":"actor.user.name","type":"User Name","type_id":4,"value":"SINSOIDC2$"},{"name":"actor.user.uid","type":"User Object: uid","type_id":31,"value":"NT AUTHORITY\\NETWORK SERVICE"}],"raw_data":"01/15/2015 02:45:09 AM\nLogName=Security\nSourceName=Microsoft Windows security auditing.\nEventCode=4624\nEventType=0\nType=Information\nComputerName=sinsoidc2.soi.dir.acme080.com\nTaskCategory=Logon\nOpCode=Info\nRecordNumber=906791072\nCaseID=AD_4624_3_3\nKeywords=Audit Success\nMessage=An account was successfully logged on.\nSubject:\n\tSecurity ID:\t\tNT AUTHORITY\\NETWORK SERVICE\n\tAccount Name:\t\tSINSOIDC2$\n\tAccount Domain:\t\tSOI\n\tLogon ID:\t\t0x3e4\nLogon Type:\t\t\t8\nNew Logon:\n\tSecurity ID:\t\tSOI\\IUSR_SINSOIDC2\n\tAccount Name:\t\tIUSR_SINSOIDC2\n\tAccount Domain:\t\tSOI\n\tLogon ID:\t\t0xb7a4ff60\n\tLogon GUID:\t\t{B3914810-F759-CBC9-6773-37F8300BDF00}\nProcess Information:\n\tProcess ID:\t\t0x1694\n\tProcess Name:\t\tC:\\Windows\\System32\\inetsrv\\w3wp.exe\nNetwork Information:\n\tWorkstation Name:\tSINSOIDC2\n\tSource Network Address:\t::1\n\tSource Port:\t\t61703\nDetailed Authentication Information:\n\tLogon Process:\t\tAdvapi  \n\tAuthentication Package:\tNegotiate\n\tTransited Services:\t-\n\tPackage Name (NTLM only):\t-\n\tKey Length:\t\t0","session":{"uid":"0xb7a4ff60","uuid":"{B3914810-F759-CBC9-6773-37F8300BDF00}"},"severity":"Informational","severity_id":1,"src_endpoint":{"ip":"::1","name":"SINSOIDC2","port":61703},"status":"Success","status_id":1,"time":1421289909000,"type_name":"Authentication: Logon","type_uid":300201,"unmapped":{"CaseID":"AD_4624_3_3","Detailed Authentication Information":{"Key Length":"0","Package Name (NTLM only)":"-","Transited Services":"-"},"EventType":"0","OpCode":"Info","TaskCategory":"Logon"},"user":{"account":{"name":"IUSR_SINSOIDC2","type":"Windows Account","type_id":2,"uid":"SOI\\IUSR_SINSOIDC2"},"domain":"SOI","name":"IUSR_SINSOIDC2","uid":"SOI\\IUSR_SINSOIDC2"}}
{"activity_id":1,"activity_name":"Logon","actor":{"process":{"file":{"name":"lsass.exe","parent_folder":"C:\\Windows\\System32","path":"C:\\Windows\\System32\\lsass.exe","type":"Regular File","type_id":1},"pid":508},"session":{"uid":"0x3e7"},"user":{"account":{"name":"WSRODCMOS1$","type":"Windows Account","type_id":2,"uid":"NT AUTHORITY\\SYSTEM"},"domain":"ACME081","name":"WSRODCMOS1$","uid":"NT AUTHORITY\\SYSTEM"}},"auth_protocol":"Negotiate","auth_protocol_id":99,"category_name":"Identity & Access Management","category_uid":3,"class_name":"Authentication","class_uid":3002,"device":{"hostname":"WSRODCMOS1.acme081.com","os":{"name":"Windows","type":"Windows","type_id":100},"type":"Unknown","type_id":0},"dst_endpoint":{"hostname":"WSRODCMOS1.acme081.com"},"logon_process":{"name":"Advapi  ","pid":-1},"logon_type":"Interactive","logon_type_id":2,"message":"An account was successfully logged on.","metadata":{"event_code":"4624","log_name":"Security","log_provider":"Microsoft Windows security auditing.","original_time":"01/14/2015 05:47:55 PM","product":{"name":"Microsoft Windows","vendor_name":"Microsoft"},"profiles":["host"],"sequence":24305757,"uid":"08a61879118920004f7a27c94ba5f5f2","version":"1.4.0"},"observables":[{"name":"user","type":"User","type_id":21},{"name":"user.account.uid","type":"Account Object: uid","type_id":35,"value":"ACME081\\scaction"},{"name":"user.account.name","type":"Account Object: name","type_id":34,"value":"scaction"},{"name":"user.name","type":"User Name","type_id":4,"value":"scaction"},{"name":"user.uid","type":"User Object: uid","type_id":31,"value":"ACME081\\scaction"},{"name":"dst_endpoint","type":"Endpoint","type_id":20},{"name":"dst_endpoint.hostname","type":"Hostname","type_id":1,"value":"WSRODCMOS1.acme081.com"},{"name":"logon_process","type":"Process","type_id":25},{"name":"logon_process.name","type":"Process Name","type_id":9,"value":"Advapi  "},{"name":"logon_process.pid","type":"Process ID","type_id":15,"value":"-1"},{"name":"src_endpoint","type":"Endpoint","type_id":20},{"name":"src_endpoint.ip","type":"IP Address","type_id":2,"value":"-"},{"name":"src_endpoint.port","type":"Port","type_id":11,"value":"0"},{"name":"device","type":"Endpoint","type_id":20},{"name":"device.hostname","type":"Hostname","type_id":1,"value":"WSRODCMOS1.acme081.com"},{"name":"actor.user","type":"User","type_id":21},{"name":"actor.user.name","type":"User Name","type_id":4,"value":"WSRODCMOS1$"},{"name":"actor.user.uid","type":"User Object: uid","type_id":31,"value":"NT AUTHORITY\\SYSTEM"},{"name":"actor.user.account.name","type":"Account Object: name","type_id":34,"value":"WSRODCMOS1$"},{"name":"actor.user.account.uid","type":"Account Object: uid","type_id":35,"value":"NT AUTHORITY\\SYSTEM"},{"name":"actor.process","type":"Process","type_id":25},{"name":"actor.process.pid","type":"Process ID","type_id":15,"value":"508"},{"name":"actor.process.file","type":"File","type_id":24},{"name":"actor.process.file.name","type":"File Name","type_id":7,"value":"lsass.exe"}],"raw_data":"01/14/2015 05:47:55 PM\nLogName=Security\nSourceName=Microsoft Windows security auditing.\nEventCode=4624\nEventType=0\nType=Information\nComputerName=WSRODCMOS1.acme081.com\nTaskCategory=Logon\nOpCode=Info\nRecordNumber=24305757\nCaseID=AD_4624_3_4\nKeywords=Audit Success\nMessage=An account was successfully logged on.\nSubject:\n\tSecurity ID:\t\tNT AUTHORITY\\SYSTEM\n\tAccount Name:\t\tWSRODCMOS1$\n\tAccount Domain:\t\tACME081\n\tLogon ID:\t\t0x3e7\nLogon Type:\t\t\t2\nNew Logon:\n\tSecurity ID:\t\tACME081\\scaction\n\tAccount Name:\t\tscaction\n\tAccount Domain:\t\tACME081\n\tLogon ID:\t\t0xe8915367\n\tLogon GUID:\t\t{FE7B15DD-5621-7C98-735E-95E4C2629E02}\nProcess Information:\n\tProcess ID:\t\t0x1fc\n\tProcess Name:\t\tC:\\Windows\\System32\\lsass.exe\nNetwork Information:\n\tWorkstation Name:\tWSRODCMOS1\n\tSource Network Address:\t-\n\tSource Port:\t\t-\nDetailed Authentication Information:\n\tLogon Process:\t\tAdvapi  \n\tAuthentication Package:\tNegotiate\n\tTransited Services:\t-\n\tPackage Name (NTLM only):\t-\n\tKey Length:\t\t0","session":{"uid":"0xe8915367","uuid":"{FE7B15DD-5621-7C98-735E-95E4C2629E02}"},"severity":"Informational","severity_id":1,"src_endpoint":{"ip":"-","name":"WSRODCMOS1","port":0},"status":"Success","status_id":1,"time":1421257675000,"type_name":"Authentication: Logon","type_uid":300201,"unmapped":{"CaseID":"AD_4624_3_4","Detailed Authentication Information":{"Key Length":"0","Package Name (NTLM only)":"-","Transited Services":"-"},"EventType":"0","OpCode":"Info","TaskCategory":"Logon"},"user":{"account":{"name":"scaction","type":"Windows Account","type_id":2,"uid":"ACME081\\scaction"},"domain":"ACME081","name":"scaction","uid":"ACME081\\scaction"}}
{"activity_id":1,"activity_name":"Logon","actor":{"process":{"file":{"name":"winlogon.exe","parent_folder":"C:\\Windows\\System32","path":"C:\\Windows\\System32\\winlogon.exe","type":"Regular File","type_id":1},"pid":3576},"session":{"uid":"0x3E7"},"user":{"account":{"name":"UBA-WIN9$","type":"Windows Account","type_id":2,"uid":"SYSTEM"},"domain":"WORKGROUP","name":"UBA-WIN9$","uid":"SYSTEM"}},"auth_protocol":"Negotiate","auth_protocol_id":99,"category_name":"Identity & Access Management","category_uid":3,"class_name":"Authentication","class_uid":3002,"device":{"hostname":"uba-win9.local","os":{"name":"Windows","type":"Windows","type_id":100},"type":"Unknown","type_id":0},"dst_endpoint":{"hostname":"uba-win9.local"},"logon_process":{"name":"User32","pid":-1},"logon_type":"Remote Interactive","logon_type_id":10,"message":"An account was successfully logged on.","metadata":{"event_code":"4624","log_name":"Security","log_provider":"Microsoft Windows security auditing.","original_time":"1/13/2017 7:28:05 PM","product":{"name":"Microsoft Windows","vendor_name":"Microsoft"},"profiles":["host"],"sequence":24305757,"uid":"2b35b092747d68cf3faa19401c9871e1","version":"1.4.0"},"observables":[{"name":"device","type":"Endpoint","type_id":20},{"name":"device.hostname","type":"Hostname","type_id":1,"value":"uba-win9.local"},{"name":"dst_endpoint","type":"Endpoint","type_id":20},{"name":"dst_endpoint.hostname","type":"Hostname","type_id":1,"value":"uba-win9.local"},{"name":"src_endpoint","type":"Endpoint","type_id":20},{"name":"src_endpoint.ip","type":"IP Address","type_id":2,"value":"10.26.69.120"},{"name":"src_endpoint.port","type":"Port","type_id":11,"value":"0"},{"name":"user","type":"User","type_id":21},{"name":"user.account.uid","type":"Account Object: uid","type_id":35,"value":"UBA-WIN9\\Administrator"},{"name":"user.account.name","type":"Account Object: name","type_id":34,"value":"Administrator"},{"name":"user.name","type":"User Name","type_id":4,"value":"Administrator"},{"name":"user.uid","type":"User Object: uid","type_id":31,"value":"UBA-WIN9\\Administrator"},{"name":"logon_process","type":"Process","type_id":25},{"name":"logon_process.name","type":"Process Name","type_id":9,"value":"User32"},{"name":"logon_process.pid","type":"Process ID","type_id":15,"value":"-1"},{"name":"actor.user","type":"User","type_id":21},{"name":"actor.user.account.uid","type":"Account Object: uid","type_id":35,"value":"SYSTEM"},{"name":"actor.user.account.name","type":"Account Object: name","type_id":34,"value":"UBA-WIN9$"},{"name":"actor.user.name","type":"User Name","type_id":4,"value":"UBA-WIN9$"},{"name":"actor.user.uid","type":"User Object: uid","type_id":31,"value":"SYSTEM"},{"name":"actor.process","type":"Process","type_id":25},{"name":"actor.process.pid","type":"Process ID","type_id":15,"value":"3576"},{"name":"actor.process.file","type":"File","type_id":24},{"name":"actor.process.file.name","type":"File Name","type_id":7,"value":"winlogon.exe"}],"raw_data":"1/13/2017 7:28:05 PM\nLogName=Security\nSourceName=Microsoft Windows security auditing.\nEventCode=4624\nEventType=0\nType=Information\nComputerName=uba-win9.local\nTaskCategory=Logon\nOpCode=Info\nRecordNumber=24305757\nCaseID=AD_4624_4_1\nKeywords=Audit Success\nMessage=An account was successfully logged on.\nSubject:\n\tSecurity ID:\t\tSYSTEM\n\tAccount Name:\t\tUBA-WIN9$\n\tAccount Domain:\t\tWORKGROUP\n\tLogon ID:\t\t0x3E7\nLogon Type:\t\t\t10\nImpersonation Level:\t\tImpersonation\nNew Logon:\n\tSecurity ID:\t\tUBA-WIN9\\Administrator\n\tAccount Name:\t\tAdministrator\n\tAccount Domain:\t\tUBA-WIN9\n\tLogon ID:\t\t0xE7F72\n\tLogon GUID:\t\t{00000000-0000-0000-0000-000000000000}\nProcess Information:\n\tProcess ID:\t\t0xdf8\n\tProcess Name:\t\tC:\\Windows\\System32\\winlogon.exe\nNetwork Information:\n\tWorkstation Name:\tUBA-WIN9\n\tSource Network Address:\t10.26.69.120\n\tSource Port:\t\t0\nDetailed Authentication Information:\n\tLogon Process:\t\tUser32\n\tAuthentication Package:\tNegotiate\n\tTransited Services:\t-\n\tPackage Name (NTLM only):\t-\n\tKey Length:\t\t0","session":{"uid":"0xE7F72","uuid":"{00000000-0000-0000-0000-000000000000}"},"severity":"Informational","severity_id":1,"src_endpoint":{"ip":"10.26.69.120","name":"UBA-WIN9","port":0},"status":"Success","status_id":1,"time":1484335685000,"type_name":"Authentication: Logon","type_uid":300201,"unmapped":{"CaseID":"AD_4624_4_1","Detailed Authentication Information":{"Key Length":"0","Package Name (NTLM only)":"-","Transited Services":"-"},"EventType":"0","Impersonation Level":"Impersonation","OpCode":"Info","TaskCategory":"Logon"},"user":{"account":{"name":"Administrator","type":"Windows Account","type_id":2,"uid":"UBA-WIN9\\Administrator"},"domain":"UBA-WIN9","name":"Administrator","uid":"UBA-WIN9\\Administrator"}}
{"activity_id":1,"activity_name":"Logon","actor":{"process":{"file":{"name":"winlogon.exe","parent_folder":"C:\\Windows\\System32","path":"C:\\Windows\\System32\\winlogon.exe","type":"Regular File","type_id":1},"pid":836},"session":{"uid":"0x3e7"},"user":{"account":{"name":"SFBKP01$","type":"Windows Account","type_id":2,"uid":"NT AUTHORITY\\SYSTEM"},"domain":"SPLUNK","name":"SFBKP01$","uid":"NT AUTHORITY\\SYSTEM"}},"auth_protocol":"Negotiate","auth_protocol_id":99,"category_name":"Identity & Access Management","category_uid":3,"class_name":"Authentication","class_uid":3002,"device":{"hostname":"SFBKP01.splunk.local","os":{"name":"Windows","type":"Windows","type_id":100},"type":"Unknown","type_id":0},"dst_endpoint":{"hostname":"SFBKP01.splunk.local"},"logon_process":{"name":"User32","pid":-1},"logon_type":"Interactive","logon_type_id":2,"message":"An account was successfully logged on.","metadata":{"event_code":"4624","log_name":"Security","log_provider":"Microsoft Windows security auditing.","original_time":"10/22/2016 01:13:36 PM","product":{"name":"Microsoft Windows","vendor_name":"Microsoft"},"profiles":["host"],"sequence":330509,"uid":"417fbc311fd3d14b1ebdccb0706cac76","version":"1.4.0"},"observables":[{"name":"actor.process","type":"Process","type_id":25},{"name":"actor.process.pid","type":"Process ID","type_id":15,"value":"836"},{"name":"actor.process.file","type":"File","type_id":24},{"name":"actor.process.file.name","type":"File Name","type_id":7,"value":"winlogon.exe"},{"name":"actor.user","type":"User","type_id":21},{"name":"actor.user.uid","type":"User Object: uid","type_id":31,"value":"NT AUTHORITY\\SYSTEM"},{"name":"actor.user.account.uid","type":"Account Object: uid","type_id":35,"value":"NT AUTHORITY\\SYSTEM"},{"name":"actor.user.account.name","type":"Account Object: name","type_id":34,"value":"SFBKP01$"},{"name":"actor.user.name","type":"User Name","type_id":4,"value":"SFBKP01$"},{"name":"device","type":"Endpoint","type_id":20},{"name":"device.hostname","type":"Hostname","type_id":1,"value":"SFBKP01.splunk.local"},{"name":"user","type":"User","type_id":21},{"name":"user.account.name","type":"Account Object: name","type_id":34,"value":"Administrator"},{"name":"user.account.uid","type":"Account Object: uid","type_id":35,"value":"SFBKP01\\Administrator"},{"name":"user.name","type":"User Name","type_id":4,"value":"Administrator"},{"name":"user.uid","type":"User Object: uid","type_id":31,"value":"SFBKP01\\Administrator"},{"name":"dst_endpoint","type":"Endpoint","type_id":20},{"name":"dst_endpoint.hostname","type":"Hostname","type_id":1,"value":"SFBKP01.splunk.local"},{"name":"logon_process","type":"Process","type_id":25},{"name":"logon_process.name","type":"Process Name","type_id":9,"value":"User32"},{"name":"logon_process.pid","type":"Process ID","type_id":15,"value":"-1"},{"name":"src_endpoint","type":"Endpoint","type_id":20},{"name":"src_endpoint.port","type":"Port","type_id":11,"value":"0"},{"name":"src_endpoint.ip","type":"IP Address","type_id":2,"value":"127.0.0.1"}],"raw_data":"10/22/2016 01:13:36 PM\nLogName=Security\nSourceName=Microsoft Windows security auditing.\nEventCode=4624\nEventType=0\nType=Information\nComputerName=SFBKP01.splunk.local\nTaskCategory=Logon\nOpCode=Info\nRecordNumber=330509\nCaseID=AD_4624_4_2\nKeywords=Audit Success\nMessage=An account was successfully logged on.\n\nSubject:\n Security ID:  NT AUTHORITY\\SYSTEM\n Account Name:  SFBKP01$\n Account Domain:  SPLUNK\n Logon ID:  0x3e7\n\nLogon Type:   2\n\nNew Logon:\n Security ID:  SFBKP01\\Administrator\n Account Name:  Administrator\n Account Domain:  SFBKP01\n Logon ID:  0xc1e5a\n Logon GUID:  {00000000-0000-0000-0000-000000000000}\n\nProcess Information:\n Process ID:  0x344\n Process Name:  C:\\Windows\\System32\\winlogon.exe\n\nNetwork Information:\n Workstation Name: SFBKP01\n Source Network Address: 127.0.0.1\n Source Port:  0\n\nDetailed Authentication Information:\n Logon Process:  User32\n Authentication Package: Negotiate\n Transited Services: -\n Package Name (NTLM only): -\n Key Length:  0","session":{"uid":"0xc1e5a","uuid":"{00000000-0000-0000-0000-000000000000}"},"severity":"Informational","severity_id":1,"src_endpoint":{"ip":"127.0.0.1","name":"SFBKP01","port":0},"status":"Success","status_id":1,"time":1477142016000,"type_name":"Authentication: Logon","type_uid":300201,"unmapped":{"CaseID":"AD_4624_4_2","Detailed Authentication Information":{"Key Length":"0","Package Name (NTLM only)":"-","Transited Services":"-"},"EventType":"0","OpCode":"Info","TaskCategory":"Logon"},"user":{"account":{"name":"Administrator","type":"Windows Account","type_id":2,"uid":"SFBKP01\\Administrator"},"domain":"SFBKP01","name":"Administrator","uid":"SFBKP01\\Administrator"}}
{"activity_id":1,"activity_name":"Logon","actor":{"process":{"file":{"name":"winlogon.exe","parent_folder":"C:\\Windows\\System32","path":"C:\\Windows\\System32\\winlogon.exe","type":"Regular File","type_id":1},"pid":11232},"session":{"uid":"0x3e7"},"user":{"account":{"name":"JUMPHOST$","type":"Windows Account","type_id":2,"uid":"NT AUTHORITY\\SYSTEM"},"domain":"SPLUNK","name":"JUMPHOST$","uid":"NT AUTHORITY\\SYSTEM"}},"auth_protocol":"Negotiate","auth_protocol_id":99,"category_name":"Identity & Access Management","category_uid":3,"class_name":"Authentication","class_uid":3002,"device":{"hostname":"JUMPHOST.splunk.local","os":{"name":"Windows","type":"Windows","type_id":100},"type":"Unknown","type_id":0},"dst_endpoint":{"hostname":"JUMPHOST.splunk.local"},"logon_process":{"name":"User32 ","pid":-1},"logon_type":"Unlock","logon_type_id":7,"message":"An account was successfully logged on.","metadata":{"event_code":"4624","log_name":"Security","log_provider":"Microsoft Windows security auditing.","original_time":"11/09/2016 11:37:57 AM","product":{"name":"Microsoft Windows","vendor_name":"Microsoft"},"profiles":["host"],"sequence":1535347,"uid":"ee37c8793982b7031f52e256ca6934d8","version":"1.4.0"},"observables":[{"name":"dst_endpoint","type":"Endpoint","type_id":20},{"name":"dst_endpoint.hostname","type":"Hostname","type_id":1,"value":"JUMPHOST.splunk.local"},{"name":"actor.user","type":"User","type_id":21},{"name":"actor.user.account.uid","type":"Account Object: uid","type_id":35,"value":"NT AUTHORITY\\SYSTEM"},{"name":"actor.user.account.name","type":"Account Object: name","type_id":34,"value":"JUMPHOST$"},{"name":"actor.user.name","type":"User Name","type_id":4,"value":"JUMPHOST$"},{"name":"actor.user.uid","type":"User Object: uid","type_id":31,"value":"NT AUTHORITY\\SYSTEM"},{"name":"actor.process","type":"Process","type_id":25},{"name":"actor.process.pid","type":"Process ID","type_id":15,"value":"11232"},{"name":"actor.process.file","type":"File","type_id":24},{"name":"actor.process.file.name","type":"File Name","type_id":7,"value":"winlogon.exe"},{"name":"device","type":"Endpoint","type_id":20},{"name":"device.hostname","type":"Hostname","type_id":1,"value":"JUMPHOST.splunk.local"},{"name":"logon_process","type":"Process","type_id":25},{"name":"logon_process.name","type":"Process Name","type_id":9,"value":"User32 "},{"name":"logon_process.pid","type":"Process ID","type_id":15,"value":"-1"},{"name":"src_endpoint","type":"Endpoint","type_id":20},{"name":"src_endpoint.ip","type":"IP Address","type_id":2,"value":"10.16.26.130"},{"name":"src_endpoint.port","type":"Port","type_id":11,"value":"50206"},{"name":"user","type":"User","type_id":21},{"name":"user.account.uid","type":"Account Object: uid","type_id":35,"value":"SPLUNK\\userX"},{"name":"user.account.name","type":"Account Object: name","type_id":34,"value":"userX"},{"name":"user.name","type":"User Name","type_id":4,"value":"userX"},{"name":"user.uid","type":"User Object: uid","type_id":31,"value":"SPLUNK\\userX"}],"raw_data":"11/09/2016 11:37:57 AM\nLogName=Security\nSourceName=Microsoft Windows security auditing.\nEventCode=4624\nEventType=0\nType=Information\nComputerName=JUMPHOST.splunk.local\nTaskCategory=Logon\nOpCode=Info\nRecordNumber=1535347\nCaseID=AD_4624_4_3\nKeywords=Audit Success\nMessage=An account was successfully logged on.\nSubject:\n\tSecurity ID:  NT AUTHORITY\\SYSTEM\n\tAccount Name:  JUMPHOST$\n\tAccount Domain:  SPLUNK\n\tLogon ID:  0x3e7\nLogon Type:   7\nNew Logon:\n\tSecurity ID:  SPLUNK\\userX\n\tAccount Name:  userX\n\tAccount Domain:  SPLUNK\n\tLogon ID:  0x4c02b37\n\tLogon GUID:  {A3376FF9-D589-0329-2DF9-9D594DE199F8}\nProcess Information:\n\tProcess ID:  0x2be0\n\tProcess Name:  C:\\Windows\\System32\\winlogon.exe\nNetwork Information:\n\tWorkstation Name: JUMPHOST\n\tSource Network Address: 10.16.26.130\n\tSource Port:  50206\nDetailed Authentication Information:\n\tLogon Process:  User32 \n\tAuthentication Package: Negotiate\n\tTransited Services: -\n\tPackage Name (NTLM only): -\n\tKey Length:  0\nThis event is generated when a logon session is created. It is generated on the computer that was accessed.","session":{"uid":"0x4c02b37","uuid":"{A3376FF9-D589-0329-2DF9-9D594DE199F8}"},"severity":"Informational","severity_id":1,"src_endpoint":{"ip":"10.16.26.130","name":"JUMPHOST","port":50206},"status":"Success","status_id":1,"time":1478691477000,"type_name":"Authentication: Logon","type_uid":300201,"unmapped":{"CaseID":"AD_4624_4_3","Detailed Authentication Information":{"Key Length":"0","Package Name (NTLM only)":"-","Transited Services":"-"},"EventType":"0","OpCode":"Info","TaskCategory":"Logon"},"user":{"account":{"name":"userX","type":"Windows Account","type_id":2,"uid":"SPLUNK\\userX"},"domain":"SPLUNK","name":"userX","uid":"SPLUNK\\userX"}}
{"activity_id":1,"activity_name":"Logon","actor":{"process":{"file":{"name":"svchost.exe","parent_folder":"C:\\Windows\\System32","path":"C:\\Windows\\System32\\svchost.exe","type":"Regular File","type_id":1},"pid":912},"session":{"uid":"0xc7ec9"},"user":{"account":{"name":"Administrator","type":"Windows Account","type_id":2,"uid":"S-1-5-21-1428927658-4111424224-703010071-500"},"domain":"DCSYPHON","name":"Administrator","uid":"S-1-5-21-1428927658-4111424224-703010071-500"}},"auth_protocol":"Negotiate","auth_protocol_id":99,"category_name":"Identity & Access Management","category_uid":3,"class_name":"Authentication","class_uid":3002,"device":{"hostname":"win7carder.dcsyphon.local","os":{"name":"Windows","type":"Windows","type_id":100},"type":"Unknown","type_id":0},"dst_endpoint":{"hostname":"win7carder.dcsyphon.local"},"logon_process":{"name":"seclogo","pid":-1},"logon_type":"New Credentials","logon_type_id":9,"message":"An account was successfully logged on.","metadata":{"event_code":"4624","log_name":"Security","log_provider":"Microsoft Windows security auditing.","original_time":"01/14/2015 01:19:38 PM","product":{"name":"Microsoft Windows","vendor_name":"Microsoft"},"profiles":["host"],"sequence":1532347,"uid":"07db0cbe4c13bd80225e8456e4073b2f","version":"1.4.0"},"observables":[{"name":"dst_endpoint","type":"Endpoint","type_id":20},{"name":"dst_endpoint.hostname","type":"Hostname","type_id":1,"value":"win7carder.dcsyphon.local"},{"name":"logon_process","type":"Process","type_id":25},{"name":"logon_process.name","type":"Process Name","type_id":9,"value":"seclogo"},{"name":"logon_process.pid","type":"Process ID","type_id":15,"value":"-1"},{"name":"actor.process","type":"Process","type_id":25},{"name":"actor.process.pid","type":"Process ID","type_id":15,"value":"912"},{"name":"actor.process.file","type":"File","type_id":24},{"name":"actor.process.file.name","type":"File Name","type_id":7,"value":"svchost.exe"},{"name":"actor.user","type":"User","type_id":21},{"name":"actor.user.account.uid","type":"Account Object: uid","type_id":35,"value":"S-1-5-21-1428927658-4111424224-703010071-500"},{"name":"actor.user.account.name","type":"Account Object: name","type_id":34,"value":"Administrator"},{"name":"actor.user.name","type":"User Name","type_id":4,"value":"Administrator"},{"name":"actor.user.uid","type":"User Object: uid","type_id":31,"value":"S-1-5-21-1428927658-4111424224-703010071-500"},{"name":"user","type":"User","type_id":21},{"name":"user.uid","type":"User Object: uid","type_id":31,"value":"S-1-5-21-1428927658-4111424224-703010071-500"},{"name":"user.account.uid","type":"Account Object: uid","type_id":35,"value":"S-1-5-21-1428927658-4111424224-703010071-500"},{"name":"user.account.name","type":"Account Object: name","type_id":34,"value":"Administrator"},{"name":"user.name","type":"User Name","type_id":4,"value":"Administrator"},{"name":"device","type":"Endpoint","type_id":20},{"name":"device.hostname","type":"Hostname","type_id":1,"value":"win7carder.dcsyphon.local"},{"name":"src_endpoint","type":"Endpoint","type_id":20},{"name":"src_endpoint.ip","type":"IP Address","type_id":2,"value":"::1"},{"name":"src_endpoint.port","type":"Port","type_id":11,"value":"0"}],"raw_data":"01/14/2015 01:19:38 PM\nLogName=Security\nSourceName=Microsoft Windows security auditing.\nEventCode=4624\nEventType=0\nType=Information\nComputerName=win7carder.dcsyphon.local\nTaskCategory=Logon\nOpCode=Info\nRecordNumber=1532347\nCaseID=AD_4624_5_1\nKeywords=Audit Success\nMessage=An account was successfully logged on.\nSubject:\n\tSecurity ID:\t\tS-1-5-21-1428927658-4111424224-703010071-500\n\tAccount Name:\t\tAdministrator\n\tAccount Domain:\t\tDCSYPHON\n\tLogon ID:\t\t0xc7ec9\nLogon Type:\t\t\t9\nNew Logon:\n\tSecurity ID:\t\tS-1-5-21-1428927658-4111424224-703010071-500\n\tAccount Name:\t\tAdministrator\n\tAccount Domain:\t\tDCSYPHON\n\tLogon ID:\t\t0x33f306\n\tLogon GUID:\t\t{00000000-0000-0000-0000-000000000000}\nProcess Information:\n\tProcess ID:\t\t0x390\n\tProcess Name:\t\tC:\\Windows\\System32\\svchost.exe\nNetwork Information:\n\tWorkstation Name:\n\tSource Network Address:\t::1\n\tSource Port:\t\t0\nDetailed Authentication Information:\n\tLogon Process:\t\tseclogo\n\tAuthentication Package:\tNegotiate\n\tTransited Services:\t-\n\tPackage Name (NTLM only):\t-\n\tKey Length:\t\t0","session":{"uid":"0x33f306","uuid":"{00000000-0000-0000-0000-000000000000}"},"severity":"Informational","severity_id":1,"src_endpoint":{"ip":"::1","name":"","port":0},"status":"Success","status_id":1,"time":1421241578000,"type_name":"Authentication: Logon","type_uid":300201,"unmapped":{"CaseID":"AD_4624_5_1","Detailed Authentication Information":{"Key Length":"0","Package Name (NTLM only)":"-","Transited Services":"-"},"EventType":"0","OpCode":"Info","TaskCategory":"Logon"},"user":{"account":{"name":"Administrator","type":"Windows Account","type_id":2,"uid":"S-1-5-21-1428927658-4111424224-703010071-500"},"domain":"DCSYPHON","name":"Administrator","uid":"S-1-5-21-1428927658-4111424224-703010071-500"}}
