{"activity_id":1,"activity_name":"Logon","auth_protocol":"MICROSOFT_AUTHENTICATION_PACKAGE_V1_0","auth_protocol_id":99,"category_name":"Identity & Access Management","category_uid":3,"class_name":"Authentication","class_uid":3002,"device":{"hostname":"win-dc-697.attackrange.local","os":{"name":"Windows","type":"Windows","type_id":100},"type":"Unknown","type_id":0},"dst_endpoint":{"hostname":"win-dc-697.attackrange.local"},"message":"The computer attempted to validate the credentials for an account.","metadata":{"event_code":"4776","log_name":"Security","log_provider":"Microsoft Windows security auditing.","original_time":"04/20/2021 05:02:23 PM","product":{"name":"Microsoft Windows","vendor_name":"Microsoft"},"profiles":["host"],"sequence":3578887,"uid":"d87484df92fc9f080d74a9ae65f4f9dd","version":"1.4.0"},"observables":[{"name":"src_endpoint","type":"Endpoint","type_id":20},{"name":"device","type":"Endpoint","type_id":20},{"name":"device.hostname","type":"Hostname","type_id":1,"value":"win-dc-697.attackrange.local"},{"name":"dst_endpoint","type":"Endpoint","type_id":20},{"name":"dst_endpoint.hostname","type":"Hostname","type_id":1,"value":"win-dc-697.attackrange.local"},{"name":"user","type":"User","type_id":21},{"name":"user.name","type":"User Name","type_id":4,"value":"MEL_MUELLER"},{"name":"user.account.name","type":"Account Object: name","type_id":34,"value":"MEL_MUELLER"}],"raw_data":"04/20/2021 05:02:23 PM\nLogName=Security\nSourceName=Microsoft Windows security auditing.\nEventCode=4776\nEventType=0\nType=Information\nComputerName=win-dc-697.attackrange.local\nTaskCategory=Credential Validation\nOpCode=Info\nRecordNumber=3578887\nKeywords=Audit Failure\nMessage=The computer attempted to validate the credentials for an account.\nAuthentication Package:\tMICROSOFT_AUTHENTICATION_PACKAGE_V1_0\nLogon Account:\tMEL_MUELLER\nSource Workstation:\tWIN-HOST-816\nError Code:\t0xC000006A","severity":"Informational","severity_id":1,"src_endpoint":{"name":"WIN-HOST-816"},"status":"Failure","status_code":"0xC000006A","status_id":2,"time":1618938143000,"type_name":"Authentication: Logon","type_uid":300201,"unmapped":{"EventType":"0","OpCode":"Info","TaskCategory":"Credential Validation"},"user":{"account":{"name":"MEL_MUELLER","type":"Windows Account","type_id":2},"name":"MEL_MUELLER"}}
{"activity_id":1,"activity_name":"Logon","auth_protocol":"MICROSOFT_AUTHENTICATION_PACKAGE_V1_0","auth_protocol_id":99,"category_name":"Identity & Access Management","category_uid":3,"class_name":"Authentication","class_uid":3002,"device":{"hostname":"win-dc-697.attackrange.local","os":{"name":"Windows","type":"Windows","type_id":100},"type":"Unknown","type_id":0},"dst_endpoint":{"hostname":"win-dc-697.attackrange.local"},"message":"The computer attempted to validate the credentials for an account.","metadata":{"event_code":"4776","log_name":"Security","log_provider":"Microsoft Windows security auditing.","original_time":"04/20/2021 05:02:23 PM","product":{"name":"Microsoft Windows","vendor_name":"Microsoft"},"profiles":["host"],"sequence":3578888,"uid":"d1f0e66fde6d4b3fe6d0a92b632276f6","version":"1.4.0"},"observables":[{"name":"device","type":"Endpoint","type_id":20},{"name":"device.hostname","type":"Hostname","type_id":1,"value":"win-dc-697.attackrange.local"},{"name":"dst_endpoint","type":"Endpoint","type_id":20},{"name":"dst_endpoint.hostname","type":"Hostname","type_id":1,"value":"win-dc-697.attackrange.local"},{"name":"user","type":"User","type_id":21},{"name":"user.account.name","type":"Account Object: name","type_id":34,"value":"DAMIEN_VELAZQUEZ"},{"name":"user.name","type":"User Name","type_id":4,"value":"DAMIEN_VELAZQUEZ"},{"name":"src_endpoint","type":"Endpoint","type_id":20}],"raw_data":"04/20/2021 05:02:23 PM\nLogName=Security\nSourceName=Microsoft Windows security auditing.\nEventCode=4776\nEventType=0\nType=Information\nComputerName=win-dc-697.attackrange.local\nTaskCategory=Credential Validation\nOpCode=Info\nRecordNumber=3578888\nKeywords=Audit Failure\nMessage=The computer attempted to validate the credentials for an account.\nAuthentication Package:\tMICROSOFT_AUTHENTICATION_PACKAGE_V1_0\nLogon Account:\tDAMIEN_VELAZQUEZ\nSource Workstation:\tWIN-HOST-816\nError Code:\t0xC000006A","severity":"Informational","severity_id":1,"src_endpoint":{"name":"WIN-HOST-816"},"status":"Failure","status_code":"0xC000006A","status_id":2,"time":1618938143000,"type_name":"Authentication: Logon","type_uid":300201,"unmapped":{"EventType":"0","OpCode":"Info","TaskCategory":"Credential Validation"},"user":{"account":{"name":"DAMIEN_VELAZQUEZ","type":"Windows Account","type_id":2},"name":"DAMIEN_VELAZQUEZ"}}
{"activity_id":1,"activity_name":"Logon","auth_protocol":"MICROSOFT_AUTHENTICATION_PACKAGE_V1_0","auth_protocol_id":99,"category_name":"Identity & Access Management","category_uid":3,"class_name":"Authentication","class_uid":3002,"device":{"hostname":"win-dc-697.attackrange.local","os":{"name":"Windows","type":"Windows","type_id":100},"type":"Unknown","type_id":0},"dst_endpoint":{"hostname":"win-dc-697.attackrange.local"},"message":"The computer attempted to validate the credentials for an account.","metadata":{"event_code":"4776","log_name":"Security","log_provider":"Microsoft Windows security auditing.","original_time":"04/20/2021 05:02:23 PM","product":{"name":"Microsoft Windows","vendor_name":"Microsoft"},"profiles":["host"],"sequence":3578889,"uid":"1f605b3eb755fcfe46cf26980b162b07","version":"1.4.0"},"observables":[{"name":"dst_endpoint","type":"Endpoint","type_id":20},{"name":"dst_endpoint.hostname","type":"Hostname","type_id":1,"value":"win-dc-697.attackrange.local"},{"name":"user","type":"User","type_id":21},{"name":"user.account.name","type":"Account Object: name","type_id":34,"value":"CARLOS_HAMILTON"},{"name":"user.name","type":"User Name","type_id":4,"value":"CARLOS_HAMILTON"},{"name":"src_endpoint","type":"Endpoint","type_id":20},{"name":"device","type":"Endpoint","type_id":20},{"name":"device.hostname","type":"Hostname","type_id":1,"value":"win-dc-697.attackrange.local"}],"raw_data":"04/20/2021 05:02:23 PM\nLogName=Security\nSourceName=Microsoft Windows security auditing.\nEventCode=4776\nEventType=0\nType=Information\nComputerName=win-dc-697.attackrange.local\nTaskCategory=Credential Validation\nOpCode=Info\nRecordNumber=3578889\nKeywords=Audit Failure\nMessage=The computer attempted to validate the credentials for an account.\nAuthentication Package:\tMICROSOFT_AUTHENTICATION_PACKAGE_V1_0\nLogon Account:\tCARLOS_HAMILTON\nSource Workstation:\tWIN-HOST-816\nError Code:\t0xC000006A","severity":"Informational","severity_id":1,"src_endpoint":{"name":"WIN-HOST-816"},"status":"Failure","status_code":"0xC000006A","status_id":2,"time":1618938143000,"type_name":"Authentication: Logon","type_uid":300201,"unmapped":{"EventType":"0","OpCode":"Info","TaskCategory":"Credential Validation"},"user":{"account":{"name":"CARLOS_HAMILTON","type":"Windows Account","type_id":2},"name":"CARLOS_HAMILTON"}}
{"activity_id":1,"activity_name":"Logon","auth_protocol":"MICROSOFT_AUTHENTICATION_PACKAGE_V1_0","auth_protocol_id":99,"category_name":"Identity & Access Management","category_uid":3,"class_name":"Authentication","class_uid":3002,"device":{"hostname":"win-dc-697.attackrange.local","os":{"name":"Windows","type":"Windows","type_id":100},"type":"Unknown","type_id":0},"dst_endpoint":{"hostname":"win-dc-697.attackrange.local"},"message":"The computer attempted to validate the credentials for an account.","metadata":{"event_code":"4776","log_name":"Security","log_provider":"Microsoft Windows security auditing.","original_time":"04/20/2021 05:02:23 PM","product":{"name":"Microsoft Windows","vendor_name":"Microsoft"},"profiles":["host"],"sequence":3578890,"uid":"1125e8b3fe4c5f7796a2f0b9cca83103","version":"1.4.0"},"observables":[{"name":"user","type":"User","type_id":21},{"name":"user.account.name","type":"Account Object: name","type_id":34,"value":"DONNA_JARVIS"},{"name":"user.name","type":"User Name","type_id":4,"value":"DONNA_JARVIS"},{"name":"src_endpoint","type":"Endpoint","type_id":20},{"name":"device","type":"Endpoint","type_id":20},{"name":"device.hostname","type":"Hostname","type_id":1,"value":"win-dc-697.attackrange.local"},{"name":"dst_endpoint","type":"Endpoint","type_id":20},{"name":"dst_endpoint.hostname","type":"Hostname","type_id":1,"value":"win-dc-697.attackrange.local"}],"raw_data":"04/20/2021 05:02:23 PM\nLogName=Security\nSourceName=Microsoft Windows security auditing.\nEventCode=4776\nEventType=0\nType=Information\nComputerName=win-dc-697.attackrange.local\nTaskCategory=Credential Validation\nOpCode=Info\nRecordNumber=3578890\nKeywords=Audit Failure\nMessage=The computer attempted to validate the credentials for an account.\nAuthentication Package:\tMICROSOFT_AUTHENTICATION_PACKAGE_V1_0\nLogon Account:\tDONNA_JARVIS\nSource Workstation:\tWIN-HOST-816\nError Code:\t0xC000006A","severity":"Informational","severity_id":1,"src_endpoint":{"name":"WIN-HOST-816"},"status":"Failure","status_code":"0xC000006A","status_id":2,"time":1618938143000,"type_name":"Authentication: Logon","type_uid":300201,"unmapped":{"EventType":"0","OpCode":"Info","TaskCategory":"Credential Validation"},"user":{"account":{"name":"DONNA_JARVIS","type":"Windows Account","type_id":2},"name":"DONNA_JARVIS"}}
{"activity_id":1,"activity_name":"Logon","auth_protocol":"MICROSOFT_AUTHENTICATION_PACKAGE_V1_0","auth_protocol_id":99,"category_name":"Identity & Access Management","category_uid":3,"class_name":"Authentication","class_uid":3002,"device":{"hostname":"win-dc-697.attackrange.local","os":{"name":"Windows","type":"Windows","type_id":100},"type":"Unknown","type_id":0},"dst_endpoint":{"hostname":"win-dc-697.attackrange.local"},"message":"The computer attempted to validate the credentials for an account.","metadata":{"event_code":"4776","log_name":"Security","log_provider":"Microsoft Windows security auditing.","original_time":"04/20/2021 05:02:23 PM","product":{"name":"Microsoft Windows","vendor_name":"Microsoft"},"profiles":["host"],"sequence":3578891,"uid":"6f7eb4e0b0552f7a992476d023ce04b7","version":"1.4.0"},"observables":[{"name":"device","type":"Endpoint","type_id":20},{"name":"device.hostname","type":"Hostname","type_id":1,"value":"win-dc-697.attackrange.local"},{"name":"dst_endpoint","type":"Endpoint","type_id":20},{"name":"dst_endpoint.hostname","type":"Hostname","type_id":1,"value":"win-dc-697.attackrange.local"},{"name":"user","type":"User","type_id":21},{"name":"user.account.name","type":"Account Object: name","type_id":34,"value":"NORRIS_MOORE"},{"name":"user.name","type":"User Name","type_id":4,"value":"NORRIS_MOORE"},{"name":"src_endpoint","type":"Endpoint","type_id":20}],"raw_data":"04/20/2021 05:02:23 PM\nLogName=Security\nSourceName=Microsoft Windows security auditing.\nEventCode=4776\nEventType=0\nType=Information\nComputerName=win-dc-697.attackrange.local\nTaskCategory=Credential Validation\nOpCode=Info\nRecordNumber=3578891\nKeywords=Audit Failure\nMessage=The computer attempted to validate the credentials for an account.\nAuthentication Package:\tMICROSOFT_AUTHENTICATION_PACKAGE_V1_0\nLogon Account:\tNORRIS_MOORE\nSource Workstation:\tWIN-HOST-816\nError Code:\t0xC000006A","severity":"Informational","severity_id":1,"src_endpoint":{"name":"WIN-HOST-816"},"status":"Failure","status_code":"0xC000006A","status_id":2,"time":1618938143000,"type_name":"Authentication: Logon","type_uid":300201,"unmapped":{"EventType":"0","OpCode":"Info","TaskCategory":"Credential Validation"},"user":{"account":{"name":"NORRIS_MOORE","type":"Windows Account","type_id":2},"name":"NORRIS_MOORE"}}
{"activity_id":1,"activity_name":"Logon","auth_protocol":"MICROSOFT_AUTHENTICATION_PACKAGE_V1_0","auth_protocol_id":99,"category_name":"Identity & Access Management","category_uid":3,"class_name":"Authentication","class_uid":3002,"device":{"hostname":"win-dc-697.attackrange.local","os":{"name":"Windows","type":"Windows","type_id":100},"type":"Unknown","type_id":0},"dst_endpoint":{"hostname":"win-dc-697.attackrange.local"},"message":"The computer attempted to validate the credentials for an account.","metadata":{"event_code":"4776","log_name":"Security","log_provider":"Microsoft Windows security auditing.","original_time":"04/20/2021 05:02:23 PM","product":{"name":"Microsoft Windows","vendor_name":"Microsoft"},"profiles":["host"],"sequence":3578892,"uid":"1dc2401f5230e2e80a2aa6f134005e53","version":"1.4.0"},"observables":[{"name":"device","type":"Endpoint","type_id":20},{"name":"device.hostname","type":"Hostname","type_id":1,"value":"win-dc-697.attackrange.local"},{"name":"user","type":"User","type_id":21},{"name":"user.name","type":"User Name","type_id":4,"value":"TAMRA_GOODWIN"},{"name":"user.account.name","type":"Account Object: name","type_id":34,"value":"TAMRA_GOODWIN"},{"name":"src_endpoint","type":"Endpoint","type_id":20},{"name":"dst_endpoint","type":"Endpoint","type_id":20},{"name":"dst_endpoint.hostname","type":"Hostname","type_id":1,"value":"win-dc-697.attackrange.local"}],"raw_data":"04/20/2021 05:02:23 PM\nLogName=Security\nSourceName=Microsoft Windows security auditing.\nEventCode=4776\nEventType=0\nType=Information\nComputerName=win-dc-697.attackrange.local\nTaskCategory=Credential Validation\nOpCode=Info\nRecordNumber=3578892\nKeywords=Audit Failure\nMessage=The computer attempted to validate the credentials for an account.\nAuthentication Package:\tMICROSOFT_AUTHENTICATION_PACKAGE_V1_0\nLogon Account:\tTAMRA_GOODWIN\nSource Workstation:\tWIN-HOST-816\nError Code:\t0xC000006A","severity":"Informational","severity_id":1,"src_endpoint":{"name":"WIN-HOST-816"},"status":"Failure","status_code":"0xC000006A","status_id":2,"time":1618938143000,"type_name":"Authentication: Logon","type_uid":300201,"unmapped":{"EventType":"0","OpCode":"Info","TaskCategory":"Credential Validation"},"user":{"account":{"name":"TAMRA_GOODWIN","type":"Windows Account","type_id":2},"name":"TAMRA_GOODWIN"}}
{"activity_id":1,"activity_name":"Logon","auth_protocol":"MICROSOFT_AUTHENTICATION_PACKAGE_V1_0","auth_protocol_id":99,"category_name":"Identity & Access Management","category_uid":3,"class_name":"Authentication","class_uid":3002,"device":{"hostname":"win-dc-697.attackrange.local","os":{"name":"Windows","type":"Windows","type_id":100},"type":"Unknown","type_id":0},"dst_endpoint":{"hostname":"win-dc-697.attackrange.local"},"message":"The computer attempted to validate the credentials for an account.","metadata":{"event_code":"4776","log_name":"Security","log_provider":"Microsoft Windows security auditing.","original_time":"04/20/2021 05:02:23 PM","product":{"name":"Microsoft Windows","vendor_name":"Microsoft"},"profiles":["host"],"sequence":3578893,"uid":"b2df17bb90fe5684a8385934019467a0","version":"1.4.0"},"observables":[{"name":"dst_endpoint","type":"Endpoint","type_id":20},{"name":"dst_endpoint.hostname","type":"Hostname","type_id":1,"value":"win-dc-697.attackrange.local"},{"name":"src_endpoint","type":"Endpoint","type_id":20},{"name":"device","type":"Endpoint","type_id":20},{"name":"device.hostname","type":"Hostname","type_id":1,"value":"win-dc-697.attackrange.local"},{"name":"user","type":"User","type_id":21},{"name":"user.account.name","type":"Account Object: name","type_id":34,"value":"GLEN_DAVID"},{"name":"user.name","type":"User Name","type_id":4,"value":"GLEN_DAVID"}],"raw_data":"04/20/2021 05:02:23 PM\nLogName=Security\nSourceName=Microsoft Windows security auditing.\nEventCode=4776\nEventType=0\nType=Information\nComputerName=win-dc-697.attackrange.local\nTaskCategory=Credential Validation\nOpCode=Info\nRecordNumber=3578893\nKeywords=Audit Failure\nMessage=The computer attempted to validate the credentials for an account.\nAuthentication Package:\tMICROSOFT_AUTHENTICATION_PACKAGE_V1_0\nLogon Account:\tGLEN_DAVID\nSource Workstation:\tWIN-HOST-816\nError Code:\t0xC000006A","severity":"Informational","severity_id":1,"src_endpoint":{"name":"WIN-HOST-816"},"status":"Failure","status_code":"0xC000006A","status_id":2,"time":1618938143000,"type_name":"Authentication: Logon","type_uid":300201,"unmapped":{"EventType":"0","OpCode":"Info","TaskCategory":"Credential Validation"},"user":{"account":{"name":"GLEN_DAVID","type":"Windows Account","type_id":2},"name":"GLEN_DAVID"}}
{"activity_id":1,"activity_name":"Logon","auth_protocol":"MICROSOFT_AUTHENTICATION_PACKAGE_V1_0","auth_protocol_id":99,"category_name":"Identity & Access Management","category_uid":3,"class_name":"Authentication","class_uid":3002,"device":{"hostname":"AD-server.tafadtest.local","os":{"name":"Windows","type":"Windows","type_id":100},"type":"Unknown","type_id":0},"dst_endpoint":{"hostname":"AD-server.tafadtest.local"},"message":"The computer attempted to validate the credentials for an account.","metadata":{"event_code":"4776","log_name":"Security","log_provider":"Microsoft Windows security auditing.","original_time":"09/11/2020 02:54:50 PM","product":{"name":"Microsoft Windows","vendor_name":"Microsoft"},"profiles":["host"],"sequence":16039,"uid":"513df7685b7506920a4055f6f82543f7","version":"1.4.0"},"observables":[{"name":"dst_endpoint","type":"Endpoint","type_id":20},{"name":"dst_endpoint.hostname","type":"Hostname","type_id":1,"value":"AD-server.tafadtest.local"},{"name":"src_endpoint","type":"Endpoint","type_id":20},{"name":"user","type":"User","type_id":21},{"name":"user.name","type":"User Name","type_id":4,"value":"Administrator"},{"name":"user.account.name","type":"Account Object: name","type_id":34,"value":"Administrator"},{"name":"device","type":"Endpoint","type_id":20},{"name":"device.hostname","type":"Hostname","type_id":1,"value":"AD-server.tafadtest.local"}],"raw_data":"09/11/2020 02:54:50 PM\nLogName=Security\nSourceName=Microsoft Windows security auditing.\nEventCode=4776\nEventType=0\nType=Information\nComputerName=AD-server.tafadtest.local\nTaskCategory=Credential Validation\nOpCode=Info\nRecordNumber=16039\nKeywords=Audit Success\nMessage=The computer attempted to validate the credentials for an account.\n\nAuthentication Package:        MICROSOFT_AUTHENTICATION_PACKAGE_V1_0\nLogon Account:        Administrator\nSource Workstation:        W238-SMITP\nError Code:        0x0","severity":"Informational","severity_id":1,"src_endpoint":{"name":"W238-SMITP"},"status":"Success","status_code":"0x0","status_id":1,"time":1599836090000,"type_name":"Authentication: Logon","type_uid":300201,"unmapped":{"EventType":"0","OpCode":"Info","TaskCategory":"Credential Validation"},"user":{"account":{"name":"Administrator","type":"Windows Account","type_id":2},"name":"Administrator"}}
{"activity_id":1,"activity_name":"Logon","auth_protocol":"MICROSOFT_AUTHENTICATION_PACKAGE_V1_0","auth_protocol_id":99,"category_name":"Identity & Access Management","category_uid":3,"class_name":"Authentication","class_uid":3002,"device":{"hostname":"##Computer_Name##","os":{"name":"Windows","type":"Windows","type_id":100},"type":"Unknown","type_id":0},"dst_endpoint":{"hostname":"##Computer_Name##"},"message":"The computer attempted to validate the credentials for an account.","metadata":{"event_code":"4776","log_name":"Security","log_provider":"Microsoft Windows security auditing.","original_time":"09/11/2020 02:54:50 PM","product":{"name":"Microsoft Windows","vendor_name":"Microsoft"},"profiles":["host"],"sequence":0,"uid":"92d1766c0ee49bb94a3f3d8d0dc04e9f","version":"1.4.0"},"observables":[{"name":"src_endpoint","type":"Endpoint","type_id":20},{"name":"device","type":"Endpoint","type_id":20},{"name":"device.hostname","type":"Hostname","type_id":1,"value":"##Computer_Name##"},{"name":"dst_endpoint","type":"Endpoint","type_id":20},{"name":"dst_endpoint.hostname","type":"Hostname","type_id":1,"value":"##Computer_Name##"},{"name":"user","type":"User","type_id":21},{"name":"user.account.name","type":"Account Object: name","type_id":34,"value":"Administrator"},{"name":"user.name","type":"User Name","type_id":4,"value":"Administrator"}],"raw_data":"09/11/2020 02:54:50 PM\nLogName=Security\nSourceName=Microsoft Windows security auditing.\nEventCode=4776\nEventType=0\nType=Information\nComputerName=##Computer_Name##\nTaskCategory=Credential Validation\nOpCode=Info\nRecordNumber=##Record_Number##\nKeywords=Audit Success\nMessage=The computer attempted to validate the credentials for an account.\n\nAuthentication Package:        MICROSOFT_AUTHENTICATION_PACKAGE_V1_0\nLogon Account:        Administrator\nSource Workstation:        W238-SMITP\nError Code:        0x0","severity":"Informational","severity_id":1,"src_endpoint":{"name":"W238-SMITP"},"status":"Success","status_code":"0x0","status_id":1,"time":1599836090000,"type_name":"Authentication: Logon","type_uid":300201,"unmapped":{"EventType":"0","OpCode":"Info","TaskCategory":"Credential Validation"},"user":{"account":{"name":"Administrator","type":"Windows Account","type_id":2},"name":"Administrator"}}
{"activity_id":99,"activity_name":"Account Name Change","actor":{"session":{"uid":"0x1328A6"},"user":{"account":{"name":"administrator","type":"Windows Account","type_id":2,"uid":"TAF\\Administrator"},"domain":"TAF","name":"administrator","uid":"TAF\\Administrator"}},"category_name":"Identity & Access Management","category_uid":3,"class_name":"Account Change","class_uid":3001,"device":{"hostname":"WIN-9A3SFCUS26U.taf.local","os":{"name":"Windows","type":"Windows","type_id":100},"type":"Unknown","type_id":0},"message":"The name of an account was changed:","metadata":{"event_code":"4781","log_name":"Security","log_provider":"Microsoft Windows security auditing.","original_time":"12/02/2021 10:14:09 AM","product":{"name":"Microsoft Windows","vendor_name":"Microsoft"},"profiles":["host"],"sequence":2262346,"uid":"cdcbd47ed217a5d4147bdef4c94ee753","version":"1.4.0"},"observables":[{"name":"device","type":"Endpoint","type_id":20},{"name":"device.hostname","type":"Hostname","type_id":1,"value":"WIN-9A3SFCUS26U.taf.local"},{"name":"actor.user","type":"User","type_id":21},{"name":"actor.user.account.uid","type":"Account Object: uid","type_id":35,"value":"TAF\\Administrator"},{"name":"actor.user.account.name","type":"Account Object: name","type_id":34,"value":"administrator"},{"name":"actor.user.name","type":"User Name","type_id":4,"value":"administrator"},{"name":"actor.user.uid","type":"User Object: uid","type_id":31,"value":"TAF\\Administrator"},{"name":"user","type":"User","type_id":21},{"name":"user.account.uid","type":"Account Object: uid","type_id":35,"value":"TAF\\dsurti"},{"name":"user.account.name","type":"Account Object: name","type_id":34,"value":"dsurti"},{"name":"user.name","type":"User Name","type_id":4,"value":"dsurti"},{"name":"user.uid","type":"User Object: uid","type_id":31,"value":"TAF\\dsurti"},{"name":"user_result","type":"User","type_id":21},{"name":"user_result.name","type":"User Name","type_id":4,"value":"dsurtiA"}],"raw_data":"12/02/2021 10:14:09 AM\nLogName=Security\nEventCode=4781\nEventType=0\nComputerName=WIN-9A3SFCUS26U.taf.local\nSourceName=Microsoft Windows security auditing.\nType=Information\nRecordNumber=2262346\nKeywords=Audit Success\nTaskCategory=User Account Management\nOpCode=Info\nMessage=The name of an account was changed:\n\nSubject:\n\tSecurity ID:\t\tTAF\\Administrator\n\tAccount Name:\t\tadministrator\n\tAccount Domain:\t\tTAF\n\tLogon ID:\t\t0x1328A6\n\nTarget Account:\n\tSecurity ID:\t\tTAF\\dsurti\n\tAccount Domain:\t\tTAF\n\tOld Account Name:\tdsurti\n\tNew Account Name:\tdsurtiA\n\nAdditional Information:\n\tPrivileges:\t\t-","severity":"Informational","severity_id":1,"status":"Success","status_id":1,"time":1638440049000,"type_name":"Account Change: Other","type_uid":300199,"unmapped":{"Additional Information":{"Privileges":"-"},"EventType":"0","OpCode":"Info","TaskCategory":"User Account Management"},"user":{"account":{"name":"dsurti","type":"Windows Account","type_id":2,"uid":"TAF\\dsurti"},"domain":"TAF","name":"dsurti","uid":"TAF\\dsurti"},"user_result":{"name":"dsurtiA"}}
{"access_list":["ReadData (or ListDirectory)"],"access_mask":1,"action":"Allowed","action_id":1,"activity_id":17,"activity_name":"Access Check","actor":{"session":{"uid":"0x74a739"},"user":{"account":{"name":"Administrator","type":"Windows Account","type_id":2,"uid":"ACME-FR\\Administrator"},"domain":"ACME-FR","name":"Administrator","uid":"ACME-FR\\Administrator"}},"category_name":"Application Activity","category_uid":6,"class_name":"File Hosting Activity","class_uid":6006,"device":{"hostname":"ta-dc-w2016.crest-2012r2.com","os":{"name":"Windows","type":"Windows","type_id":100},"type":"Unknown","type_id":0},"disposition":"Allowed","disposition_id":1,"file":{"name":"sysvol","parent_folder":"\\??\\C:\\Windows\\SYSVOL","path":"\\??\\C:\\Windows\\SYSVOL\\sysvol","type":"Regular File","type_id":1},"message":"A network share object was accessed.","metadata":{"event_code":"5140","log_name":"Security","log_provider":"Microsoft Windows security auditing.","original_time":"09/17/2020 02:51:04 AM","product":{"name":"Microsoft Windows","vendor_name":"Microsoft"},"profiles":["security_control","host"],"sequence":7859662,"uid":"4243cc635c320c5486541e048babd7d3","version":"1.4.0"},"observables":[{"name":"device","type":"Endpoint","type_id":20},{"name":"device.hostname","type":"Hostname","type_id":1,"value":"ta-dc-w2016.crest-2012r2.com"},{"name":"file","type":"File","type_id":24},{"name":"file.name","type":"File Name","type_id":7,"value":"sysvol"},{"name":"actor.user","type":"User","type_id":21},{"name":"actor.user.uid","type":"User Object: uid","type_id":31,"value":"ACME-FR\\Administrator"},{"name":"actor.user.account.uid","type":"Account Object: uid","type_id":35,"value":"ACME-FR\\Administrator"},{"name":"actor.user.account.name","type":"Account Object: name","type_id":34,"value":"Administrator"},{"name":"actor.user.name","type":"User Name","type_id":4,"value":"Administrator"},{"name":"src_endpoint","type":"Endpoint","type_id":20},{"name":"src_endpoint.ip","type":"IP Address","type_id":2,"value":"fe80::2d6e:7ef5:8c1e:1dcb"},{"name":"src_endpoint.port","type":"Port","type_id":11,"value":"50436"}],"raw_data":"09/17/2020 02:51:04 AM\nLogName=Security\nSourceName=Microsoft Windows security auditing.\nEventCode=5140\nEventType=0\nType=Information\nComputerName=ta-dc-w2016.crest-2012r2.com\nTaskCategory=File Share\nOpCode=Info\nRecordNumber=7859662\nKeywords=Audit Success\nMessage=A network share object was accessed.\n\nSubject:\n        Security ID:  ACME-FR\\Administrator\n        Account Name:  Administrator\n        Account Domain:  ACME-FR\n        Logon ID:  0x74a739\n\nNetwork Information:\n        Object Type:                File\n        Source Address:                fe80::2d6e:7ef5:8c1e:1dcb\n        Source Port:                50436\n\nShare Information:\n        Share Name:                \\\\*\\SYSVOL\n        Share Path:                \\??\\C:\\Windows\\SYSVOL\\sysvol\n\nAccess Request Information:\n        Access Mask:                0x1\n        Accesses:                ReadData (or ListDirectory)","severity":"Informational","severity_id":1,"src_endpoint":{"ip":"fe80::2d6e:7ef5:8c1e:1dcb","port":50436},"status":"Success","status_id":1,"time":1600311064000,"type_name":"File Hosting Activity: Access Check","type_uid":600617,"unmapped":{"EventType":"0","OpCode":"Info","Share Information":{"Share Name":"\\\\*\\SYSVOL"},"TaskCategory":"File Share"}}
{"access_list":["ReadData (or ListDirectory)"],"access_mask":1,"action":"Allowed","action_id":1,"activity_id":17,"activity_name":"Access Check","actor":{"session":{"uid":"0x74a739"},"user":{"account":{"name":"Administrator$","type":"Windows Account","type_id":2,"uid":"ACME-FR\\Administrator"},"domain":"ACME-FR","name":"Administrator$","uid":"ACME-FR\\Administrator"}},"category_name":"Application Activity","category_uid":6,"class_name":"File Hosting Activity","class_uid":6006,"device":{"hostname":"ta-dc-w2016.crest-2012r2.com","os":{"name":"Windows","type":"Windows","type_id":100},"type":"Unknown","type_id":0},"disposition":"Allowed","disposition_id":1,"file":{"name":"sysvol","parent_folder":"\\??\\C:\\Windows\\SYSVOL","path":"\\??\\C:\\Windows\\SYSVOL\\sysvol","type":"Regular File","type_id":1},"message":"A network share object was accessed.","metadata":{"event_code":"5140","log_name":"Security","log_provider":"Microsoft Windows security auditing.","original_time":"09/17/2020 02:51:04 AM","product":{"name":"Microsoft Windows","vendor_name":"Microsoft"},"profiles":["security_control","host"],"sequence":7859662,"uid":"1898d3794fda5ac0917990cc0541936a","version":"1.4.0"},"observables":[{"name":"file","type":"File","type_id":24},{"name":"file.name","type":"File Name","type_id":7,"value":"sysvol"},{"name":"actor.user","type":"User","type_id":21},{"name":"actor.user.account.uid","type":"Account Object: uid","type_id":35,"value":"ACME-FR\\Administrator"},{"name":"actor.user.account.name","type":"Account Object: name","type_id":34,"value":"Administrator$"},{"name":"actor.user.name","type":"User Name","type_id":4,"value":"Administrator$"},{"name":"actor.user.uid","type":"User Object: uid","type_id":31,"value":"ACME-FR\\Administrator"},{"name":"device","type":"Endpoint","type_id":20},{"name":"device.hostname","type":"Hostname","type_id":1,"value":"ta-dc-w2016.crest-2012r2.com"},{"name":"src_endpoint","type":"Endpoint","type_id":20},{"name":"src_endpoint.ip","type":"IP Address","type_id":2,"value":"fe80::2d6e:7ef5:8c1e:1dcb"},{"name":"src_endpoint.port","type":"Port","type_id":11,"value":"50436"}],"raw_data":"09/17/2020 02:51:04 AM\nLogName=Security\nSourceName=Microsoft Windows security auditing.\nEventCode=5140\nEventType=0\nType=Information\nComputerName=ta-dc-w2016.crest-2012r2.com\nTaskCategory=File Share\nOpCode=Info\nRecordNumber=7859662\nKeywords=Audit Success\nMessage=A network share object was accessed.\n\nSubject:\n        Security ID:  ACME-FR\\Administrator\n        Account Name:  Administrator$\n        Account Domain:  ACME-FR\n        Logon ID:  0x74a739\n\nNetwork Information:\n        Object Type:                File\n        Source Address:                fe80::2d6e:7ef5:8c1e:1dcb\n        Source Port:                50436\n\nShare Information:\n        Share Name:                \\\\*\\SYSVOL\n        Share Path:                \\??\\C:\\Windows\\SYSVOL\\sysvol\n\nAccess Request Information:\n        Access Mask:                0x1\n        Accesses:                ReadData (or ListDirectory)","severity":"Informational","severity_id":1,"src_endpoint":{"ip":"fe80::2d6e:7ef5:8c1e:1dcb","port":50436},"status":"Success","status_id":1,"time":1600311064000,"type_name":"File Hosting Activity: Access Check","type_uid":600617,"unmapped":{"EventType":"0","OpCode":"Info","Share Information":{"Share Name":"\\\\*\\SYSVOL"},"TaskCategory":"File Share"}}
{"access_list":["ReadData (or ListDirectory)"],"access_mask":1,"action":"Allowed","action_id":1,"activity_id":17,"activity_name":"Access Check","actor":{"session":{"uid":"0x##Logon_Id##"},"user":{"account":{"name":"##AccountName##","type":"Windows Account","type_id":2,"uid":"##Domain##\\##AccountName##"},"domain":"##Domain##","name":"##AccountName##","uid":"##Domain##\\##AccountName##"}},"category_name":"Application Activity","category_uid":6,"class_name":"File Hosting Activity","class_uid":6006,"device":{"hostname":"##Computer_Name##","os":{"name":"Windows","type":"Windows","type_id":100},"type":"Unknown","type_id":0},"disposition":"Allowed","disposition_id":1,"file":{"name":"##FilePath##","path":"##FilePath##","type":"Regular File","type_id":1},"message":"A network share object was accessed.","metadata":{"event_code":"5140","log_name":"Security","log_provider":"Microsoft Windows security auditing.","original_time":"09/17/2020 02:51:04 AM","product":{"name":"Microsoft Windows","vendor_name":"Microsoft"},"profiles":["security_control","host"],"sequence":0,"uid":"d96a712264ac4b1bca216f6a0d5a1d9e","version":"1.4.0"},"observables":[{"name":"device","type":"Endpoint","type_id":20},{"name":"device.hostname","type":"Hostname","type_id":1,"value":"##Computer_Name##"},{"name":"file","type":"File","type_id":24},{"name":"file.name","type":"File Name","type_id":7,"value":"##FilePath##"},{"name":"src_endpoint","type":"Endpoint","type_id":20},{"name":"src_endpoint.ip","type":"IP Address","type_id":2,"value":"##IPV6##"},{"name":"src_endpoint.port","type":"Port","type_id":11,"value":"0"},{"name":"actor.user","type":"User","type_id":21},{"name":"actor.user.account.uid","type":"Account Object: uid","type_id":35,"value":"##Domain##\\##AccountName##"},{"name":"actor.user.account.name","type":"Account Object: name","type_id":34,"value":"##AccountName##"},{"name":"actor.user.name","type":"User Name","type_id":4,"value":"##AccountName##"},{"name":"actor.user.uid","type":"User Object: uid","type_id":31,"value":"##Domain##\\##AccountName##"}],"raw_data":"09/17/2020 02:51:04 AM\nLogName=Security\nSourceName=Microsoft Windows security auditing.\nEventCode=5140\nEventType=0\nType=Information\nComputerName=##Computer_Name##\nTaskCategory=File Share\nOpCode=Info\nRecordNumber=##Record_Number##\nKeywords=Audit Success\nMessage=A network share object was accessed.\n        \nSubject:\n        Security ID:                ##Domain##\\##AccountName##\n        Account Name:                ##AccountName##\n        Account Domain:                ##Domain##\n        Logon ID:                0x##Logon_Id##\n\nNetwork Information:        \n        Object Type:                File\n        Source Address:                ##IPV6##\n        Source Port:        ##Port##\n        \nShare Information:\n        Share Name:                \\\\*\\SYSVOL\n        Share Path:                ##FilePath##\n\nAccess Request Information:\n        Access Mask:                0x1\n        Accesses:                ReadData (or ListDirectory)","severity":"Informational","severity_id":1,"src_endpoint":{"ip":"##IPV6##","port":0},"status":"Success","status_id":1,"time":1600311064000,"type_name":"File Hosting Activity: Access Check","type_uid":600617,"unmapped":{"EventType":"0","OpCode":"Info","Share Information":{"Share Name":"\\\\*\\SYSVOL"},"TaskCategory":"File Share"}}
{"access_list":["SYNCHRONIZE","ReadAttributes"],"access_mask":1048704,"access_result":"{\"ReadAttributes\":\"Granted by        D:(A;;0x1200a9;;;WD)\",\"SYNCHRONIZE\":\"Granted by        D:(A;;0x1200a9;;;WD)\"}","action":"Allowed","action_id":1,"activity_id":17,"activity_name":"Access Check","actor":{"session":{"uid":"0x74a739"},"user":{"account":{"name":"Administrator","type":"Windows Account","type_id":2,"uid":"ACME-FR\\Administrator"},"domain":"ACME-FR","name":"Administrator","uid":"ACME-FR\\Administrator"}},"category_name":"Application Activity","category_uid":6,"class_name":"File Hosting Activity","class_uid":6006,"device":{"hostname":"ta-dc-w2016.crest-2012r2.com","os":{"name":"Windows","type":"Windows","type_id":100},"type":"Unknown","type_id":0},"disposition":"Allowed","disposition_id":1,"file":{"name":"sysvol","parent_folder":"\\??\\C:\\Windows\\SYSVOL","path":"\\??\\C:\\Windows\\SYSVOL\\sysvol\\","type":"Regular File","type_id":1},"message":"A network share object was checked to see whether client can be granted desired access.","metadata":{"event_code":"5145","log_name":"Security","log_provider":"Microsoft Windows security auditing.","original_time":"09/17/2020 02:51:04 AM","product":{"name":"Microsoft Windows","vendor_name":"Microsoft"},"profiles":["security_control","host"],"sequence":7859663,"uid":"4e1b132e59cdaae40143f4d389559c0b","version":"1.4.0"},"observables":[{"name":"device","type":"Endpoint","type_id":20},{"name":"device.hostname","type":"Hostname","type_id":1,"value":"ta-dc-w2016.crest-2012r2.com"},{"name":"actor.user","type":"User","type_id":21},{"name":"actor.user.name","type":"User Name","type_id":4,"value":"Administrator"},{"name":"actor.user.uid","type":"User Object: uid","type_id":31,"value":"ACME-FR\\Administrator"},{"name":"actor.user.account.name","type":"Account Object: name","type_id":34,"value":"Administrator"},{"name":"actor.user.account.uid","type":"Account Object: uid","type_id":35,"value":"ACME-FR\\Administrator"},{"name":"file","type":"File","type_id":24},{"name":"file.name","type":"File Name","type_id":7,"value":"sysvol"},{"name":"src_endpoint","type":"Endpoint","type_id":20},{"name":"src_endpoint.ip","type":"IP Address","type_id":2,"value":"fe80::2d6e:7ef5:8c1e:1dcb"},{"name":"src_endpoint.port","type":"Port","type_id":11,"value":"50436"}],"raw_data":"09/17/2020 02:51:04 AM\nLogName=Security\nSourceName=Microsoft Windows security auditing.\nEventCode=5145\nEventType=0\nType=Information\nComputerName=ta-dc-w2016.crest-2012r2.com\nTaskCategory=Detailed File Share\nOpCode=Info\nRecordNumber=7859663\nKeywords=Audit Success\nMessage=A network share object was checked to see whether client can be granted desired access.\n\nSubject:\n        Security ID:  ACME-FR\\Administrator\n        Account Name:  Administrator\n        Account Domain:  ACME-FR\n        Logon ID:  0x74a739\n\nNetwork Information:\n        Object Type:                File\n        Source Address:                fe80::2d6e:7ef5:8c1e:1dcb\n        Source Port:                50436\n\nShare Information:\n        Share Name:                \\\\*\\SYSVOL\n        Share Path:                \\??\\C:\\Windows\\SYSVOL\\sysvol\n        Relative Target Name:        \\\n\nAccess Request Information:\n        Access Mask:                0x100080\n        Accesses:                SYNCHRONIZE\n                                ReadAttributes\n\nAccess Check Results:\n        SYNCHRONIZE:        Granted by        D:(A;;0x1200a9;;;WD)\n                                ReadAttributes:        Granted by        D:(A;;0x1200a9;;;WD)","severity":"Informational","severity_id":1,"share":"\\\\*\\SYSVOL","src_endpoint":{"ip":"fe80::2d6e:7ef5:8c1e:1dcb","port":50436},"status":"Success","status_id":1,"time":1600311064000,"type_name":"File Hosting Activity: Access Check","type_uid":600617,"unmapped":{"EventType":"0","OpCode":"Info","TaskCategory":"Detailed File Share"}}
{"access_list":["ReadData (or ListDirectory)","WriteData (or AddFile)"],"access_mask":3,"action":"Allowed","action_id":1,"activity_id":17,"activity_name":"Access Check","actor":{"session":{"uid":"0x15F809F8"},"user":{"account":{"name":"ANONYMOUS LOGON","type":"Windows Account","type_id":2,"uid":"NT AUTHORITY\\ANONYMOUS LOGON"},"domain":"NT AUTHORITY","name":"ANONYMOUS LOGON","uid":"NT AUTHORITY\\ANONYMOUS LOGON"}},"category_name":"Application Activity","category_uid":6,"class_name":"File Hosting Activity","class_uid":6006,"device":{"hostname":"win-dc-128.attackrange.local","os":{"name":"Windows","type":"Windows","type_id":100},"type":"Unknown","type_id":0},"disposition":"Allowed","disposition_id":1,"file":{"name":"lsarpc","path":"lsarpc","type":"Regular File","type_id":1},"message":"A network share object was checked to see whether client can be granted desired access.","metadata":{"event_code":"5145","log_name":"Security","log_provider":"Microsoft Windows security auditing.","original_time":"04/08/2022 01:57:26 AM","product":{"name":"Microsoft Windows","vendor_name":"Microsoft"},"profiles":["security_control","host"],"sequence":1407657330,"uid":"07ca135d069260eba02c4cc53c2f2aab","version":"1.4.0"},"observables":[{"name":"device","type":"Endpoint","type_id":20},{"name":"device.hostname","type":"Hostname","type_id":1,"value":"win-dc-128.attackrange.local"},{"name":"file","type":"File","type_id":24},{"name":"file.name","type":"File Name","type_id":7,"value":"lsarpc"},{"name":"actor.user","type":"User","type_id":21},{"name":"actor.user.account.uid","type":"Account Object: uid","type_id":35,"value":"NT AUTHORITY\\ANONYMOUS LOGON"},{"name":"actor.user.account.name","type":"Account Object: name","type_id":34,"value":"ANONYMOUS LOGON"},{"name":"actor.user.name","type":"User Name","type_id":4,"value":"ANONYMOUS LOGON"},{"name":"actor.user.uid","type":"User Object: uid","type_id":31,"value":"NT AUTHORITY\\ANONYMOUS LOGON"},{"name":"src_endpoint","type":"Endpoint","type_id":20},{"name":"src_endpoint.ip","type":"IP Address","type_id":2,"value":"10.0.1.16"},{"name":"src_endpoint.port","type":"Port","type_id":11,"value":"55610"}],"raw_data":"04/08/2022 01:57:26 AM\nLogName=Security\nSourceName=Microsoft Windows security auditing.\nEventCode=5145\nEventType=0\nType=Information\nComputerName=win-dc-128.attackrange.local\nTaskCategory=Detailed File Share\nOpCode=Info\nRecordNumber=1407657330\nKeywords=Audit Success\nMessage=A network share object was checked to see whether client can be granted desired access.\n\t\nSubject:\n\tSecurity ID:\t\tNT AUTHORITY\\ANONYMOUS LOGON\n\tAccount Name:\t\tANONYMOUS LOGON\n\tAccount Domain:\t\tNT AUTHORITY\n\tLogon ID:\t\t0x15F809F8\n\nNetwork Information:\t\n\tObject Type:\t\tFile\n\tSource Address:\t\t10.0.1.16\n\tSource Port:\t\t55610\n\t\nShare Information:\n\tShare Name:\t\t\\\\*\\IPC$\n\tShare Path:\t\t\n\tRelative Target Name:\tlsarpc\n\nAccess Request Information:\n\tAccess Mask:\t\t0x3\n\tAccesses:\t\tReadData (or ListDirectory)\n\t\t\t\tWriteData (or AddFile)\n\t\t\t\t\nAccess Check Results:\n\t-","severity":"Informational","severity_id":1,"share":"\\\\*\\IPC$","src_endpoint":{"ip":"10.0.1.16","port":55610},"status":"Success","status_id":1,"time":1649383046000,"type_name":"File Hosting Activity: Access Check","type_uid":600617,"unmapped":{"EventType":"0","OpCode":"Info","TaskCategory":"Detailed File Share"}}
{"access_list":["SYNCHRONIZE","ReadAttributes"],"access_mask":1048704,"access_result":"{\"ReadAttributes\":\"Granted by\\tD:(A;;0x1200a9;;;WD)\",\"SYNCHRONIZE\":\"Granted by\\tD:(A;;0x1200a9;;;WD)\"}","action":"Allowed","action_id":1,"activity_id":17,"activity_name":"Access Check","actor":{"session":{"uid":"0x15F7B649"},"user":{"account":{"name":"WIN-DC-128$","type":"Windows Account","type_id":2,"uid":"NT AUTHORITY\\SYSTEM"},"domain":"ATTACKRANGE","name":"WIN-DC-128$","uid":"NT AUTHORITY\\SYSTEM"}},"category_name":"Application Activity","category_uid":6,"class_name":"File Hosting Activity","class_uid":6006,"device":{"hostname":"win-dc-128.attackrange.local","os":{"name":"Windows","type":"Windows","type_id":100},"type":"Unknown","type_id":0},"disposition":"Allowed","disposition_id":1,"file":{"name":"sysvol","parent_folder":"\\??\\C:\\Windows\\SYSVOL","path":"\\??\\C:\\Windows\\SYSVOL\\sysvol\\","type":"Regular File","type_id":1},"message":"A network share object was checked to see whether client can be granted desired access.","metadata":{"event_code":"5145","log_name":"Security","log_provider":"Microsoft Windows security auditing.","original_time":"04/08/2022 01:55:52 AM","product":{"name":"Microsoft Windows","vendor_name":"Microsoft"},"profiles":["security_control","host"],"sequence":1407653627,"uid":"02f649fa30d9a6c7cbe2e322d39b4de8","version":"1.4.0"},"observables":[{"name":"actor.user","type":"User","type_id":21},{"name":"actor.user.uid","type":"User Object: uid","type_id":31,"value":"NT AUTHORITY\\SYSTEM"},{"name":"actor.user.account.uid","type":"Account Object: uid","type_id":35,"value":"NT AUTHORITY\\SYSTEM"},{"name":"actor.user.account.name","type":"Account Object: name","type_id":34,"value":"WIN-DC-128$"},{"name":"actor.user.name","type":"User Name","type_id":4,"value":"WIN-DC-128$"},{"name":"file","type":"File","type_id":24},{"name":"file.name","type":"File Name","type_id":7,"value":"sysvol"},{"name":"device","type":"Endpoint","type_id":20},{"name":"device.hostname","type":"Hostname","type_id":1,"value":"win-dc-128.attackrange.local"},{"name":"src_endpoint","type":"Endpoint","type_id":20},{"name":"src_endpoint.ip","type":"IP Address","type_id":2,"value":"fe80::b574:557a:2d92:ce61"},{"name":"src_endpoint.port","type":"Port","type_id":11,"value":"63767"}],"raw_data":"04/08/2022 01:55:52 AM\nLogName=Security\nSourceName=Microsoft Windows security auditing.\nEventCode=5145\nEventType=0\nType=Information\nComputerName=win-dc-128.attackrange.local\nTaskCategory=Detailed File Share\nOpCode=Info\nRecordNumber=1407653627\nKeywords=Audit Success\nMessage=A network share object was checked to see whether client can be granted desired access.\n\t\nSubject:\n\tSecurity ID:\t\tNT AUTHORITY\\SYSTEM\n\tAccount Name:\t\tWIN-DC-128$\n\tAccount Domain:\t\tATTACKRANGE\n\tLogon ID:\t\t0x15F7B649\n\nNetwork Information:\t\n\tObject Type:\t\tFile\n\tSource Address:\t\tfe80::b574:557a:2d92:ce61\n\tSource Port:\t\t63767\n\t\nShare Information:\n\tShare Name:\t\t\\\\*\\SYSVOL\n\tShare Path:\t\t\\??\\C:\\Windows\\SYSVOL\\sysvol\n\tRelative Target Name:\t\\\n\nAccess Request Information:\n\tAccess Mask:\t\t0x100080\n\tAccesses:\t\tSYNCHRONIZE\n\t\t\t\tReadAttributes\n\t\t\t\t\nAccess Check Results:\n\tSYNCHRONIZE:\tGranted by\tD:(A;;0x1200a9;;;WD)\n\t\t\t\tReadAttributes:\tGranted by\tD:(A;;0x1200a9;;;WD)","severity":"Informational","severity_id":1,"share":"\\\\*\\SYSVOL","src_endpoint":{"ip":"fe80::b574:557a:2d92:ce61","port":63767},"status":"Success","status_id":1,"time":1649382952000,"type_name":"File Hosting Activity: Access Check","type_uid":600617,"unmapped":{"EventType":"0","OpCode":"Info","TaskCategory":"Detailed File Share"}}
{"access_list":["READ_CONTROL","SYNCHRONIZE","ReadData (or ListDirectory)","ReadEA","ReadAttributes"],"access_mask":1179785,"action":"Allowed","action_id":1,"activity_id":17,"activity_name":"Access Check","actor":{"session":{"uid":"0x45C07B"},"user":{"account":{"name":"Administrator","type":"Windows Account","type_id":2,"uid":"ATTACKRANGE\\Administrator"},"domain":"ATTACKRANGE","name":"Administrator","uid":"ATTACKRANGE\\Administrator"}},"category_name":"Application Activity","category_uid":6,"class_name":"File Hosting Activity","class_uid":6006,"device":{"hostname":"win-host-347.attackrange.local","os":{"name":"Windows","type":"Windows","type_id":100},"type":"Unknown","type_id":0},"disposition":"Allowed","disposition_id":1,"file":{"name":"sreceive.exe.mui","parent_folder":"\\??\\C:\\en-US","path":"\\??\\C:\\en-US\\sreceive.exe.mui","type":"Regular File","type_id":1},"message":"A network share object was checked to see whether client can be granted desired access.","metadata":{"event_code":"5145","log_name":"Security","log_provider":"Microsoft Windows security auditing.","original_time":"04/23/2021 12:55:15 PM","product":{"name":"Microsoft Windows","vendor_name":"Microsoft"},"profiles":["security_control","host"],"sequence":257319,"uid":"4eb6be084354daf654874565b1a85040","version":"1.4.0"},"observables":[{"name":"src_endpoint","type":"Endpoint","type_id":20},{"name":"src_endpoint.ip","type":"IP Address","type_id":2,"value":"10.0.1.14"},{"name":"src_endpoint.port","type":"Port","type_id":11,"value":"56350"},{"name":"actor.user","type":"User","type_id":21},{"name":"actor.user.account.name","type":"Account Object: name","type_id":34,"value":"Administrator"},{"name":"actor.user.account.uid","type":"Account Object: uid","type_id":35,"value":"ATTACKRANGE\\Administrator"},{"name":"actor.user.name","type":"User Name","type_id":4,"value":"Administrator"},{"name":"actor.user.uid","type":"User Object: uid","type_id":31,"value":"ATTACKRANGE\\Administrator"},{"name":"device","type":"Endpoint","type_id":20},{"name":"device.hostname","type":"Hostname","type_id":1,"value":"win-host-347.attackrange.local"},{"name":"file","type":"File","type_id":24},{"name":"file.name","type":"File Name","type_id":7,"value":"sreceive.exe.mui"}],"raw_data":"04/23/2021 12:55:15 PM\nLogName=Security\nSourceName=Microsoft Windows security auditing.\nEventCode=5145\nEventType=0\nType=Information\nComputerName=win-host-347.attackrange.local\nTaskCategory=Detailed File Share\nOpCode=Info\nRecordNumber=257319\nKeywords=Audit Success\nMessage=A network share object was checked to see whether client can be granted desired access.\n\t\nSubject:\n\tSecurity ID:\t\tATTACKRANGE\\Administrator\n\tAccount Name:\t\tAdministrator\n\tAccount Domain:\t\tATTACKRANGE\n\tLogon ID:\t\t0x45C07B\n\nNetwork Information:\t\n\tObject Type:\t\tFile\n\tSource Address:\t\t10.0.1.14\n\tSource Port:\t\t56350\n\t\nShare Information:\n\tShare Name:\t\t\\\\*\\C$\n\tShare Path:\t\t\\??\\C:\\\n\tRelative Target Name:\ten-US\\sreceive.exe.mui\n\nAccess Request Information:\n\tAccess Mask:\t\t0x120089\n\tAccesses:\t\tREAD_CONTROL\n\t\t\t\tSYNCHRONIZE\n\t\t\t\tReadData (or ListDirectory)\n\t\t\t\tReadEA\n\t\t\t\tReadAttributes\n\t\t\t\t\nAccess Check Results:\n\t-","severity":"Informational","severity_id":1,"share":"\\\\*\\C$","src_endpoint":{"ip":"10.0.1.14","port":56350},"status":"Success","status_id":1,"time":1619182515000,"type_name":"File Hosting Activity: Access Check","type_uid":600617,"unmapped":{"EventType":"0","OpCode":"Info","TaskCategory":"Detailed File Share"}}
