{"activity_id":3,"activity_name":"Authentication Ticket","auth_protocol":"Kerberos","auth_protocol_id":2,"category_name":"Identity & Access Management","category_uid":3,"class_name":"Authentication","class_uid":3002,"device":{"hostname":"domainController.domainY.com","os":{"name":"Windows","type":"Windows","type_id":100},"type":"Unknown","type_id":0},"dst_endpoint":{"hostname":"domainController.domainY.com"},"message":"A Kerberos authentication ticket (TGT) was requested.","metadata":{"event_code":"4768","log_name":"Security","log_provider":"Microsoft Windows security auditing.","original_time":"10/15/2018 03:21:23 AM","product":{"name":"Microsoft Windows","vendor_name":"Microsoft"},"profiles":["host"],"sequence":906793793,"uid":"c14252a365c5f15fefb0883731942975","version":"1.4.0"},"observables":[{"name":"src_endpoint","type":"Endpoint","type_id":20},{"name":"src_endpoint.ip","type":"IP Address","type_id":2,"value":"10.1.150.4"},{"name":"src_endpoint.port","type":"Port","type_id":11,"value":"47002"},{"name":"dst_endpoint","type":"Endpoint","type_id":20},{"name":"dst_endpoint.hostname","type":"Hostname","type_id":1,"value":"domainController.domainY.com"},{"name":"device","type":"Endpoint","type_id":20},{"name":"device.hostname","type":"Hostname","type_id":1,"value":"domainController.domainY.com"},{"name":"user","type":"User","type_id":21},{"name":"user.account.name","type":"Account Object: name","type_id":34,"value":"device1$"},{"name":"user.name","type":"User Name","type_id":4,"value":"device1$"}],"raw_data":"10/15/2018 03:21:23 AM\nLogName=Security\nSourceName=Microsoft Windows security auditing.\nEventCode=4768\nEventType=0\nType=Information\nComputerName=domainController.domainY.com\nTaskCategory=Kerberos Authentication Service\nOpCode=Info\nRecordNumber=906793793\nKeywords=Audit Success\nMessage=A Kerberos authentication ticket (TGT) was requested.\nAccount Information:\n    Account Name:       device1$\n    Supplied Realm Name:    DOMAINY.COM\n    User ID:            DOMAINY\\device1$\nService Information:\n    Service Name:       krbtgt\n    Service ID:     DOMAINY\\krbtgt\nNetwork Information:\n    Client Address:     10.1.150.4\n    Client Port:        47002\nAdditional Information:\n    Ticket Options:     0x40800000\n    Result Code:        0x0\n    Ticket Encryption Type: 0x17\n    Pre-Authentication Type:    2\nCertificate Information:\n    Certificate Issuer Name:    domainY-domainController-CA-1\n    Certificate Serial Number:  1D0000000D292FBE3C6CDDAFA200020000000D\n    Certificate Thumbprint:     564DFAEE99C71D62ABC553E695BD8DBC46669413","severity":"Informational","severity_id":1,"src_endpoint":{"ip":"10.1.150.4","port":47002},"status":"Success","status_id":1,"time":1539573683000,"type_name":"Authentication: Authentication Ticket","type_uid":300203,"unmapped":{"Account Information":{"User ID":"DOMAINY\\device1$"},"Additional Information":{"Pre-Authentication Type":"2","Result Code":"0x0","Ticket Encryption Type":"0x17","Ticket Options":"0x40800000"},"Certificate Information":{"Certificate Issuer Name":"domainY-domainController-CA-1","Certificate Serial Number":"1D0000000D292FBE3C6CDDAFA200020000000D","Certificate Thumbprint":"564DFAEE99C71D62ABC553E695BD8DBC46669413"},"EventType":"0","OpCode":"Info","Service Information":{"Service ID":"DOMAINY\\krbtgt","Service Name":"krbtgt"},"TaskCategory":"Kerberos Authentication Service"},"user":{"account":{"name":"device1$","type":"Windows Account","type_id":2},"domain":"DOMAINY.COM","name":"device1$"}}
{"activity_id":3,"activity_name":"Authentication Ticket","auth_protocol":"Kerberos","auth_protocol_id":2,"category_name":"Identity & Access Management","category_uid":3,"class_name":"Authentication","class_uid":3002,"device":{"hostname":"domainController.domainY.com","os":{"name":"Windows","type":"Windows","type_id":100},"type":"Unknown","type_id":0},"dst_endpoint":{"hostname":"domainController.domainY.com"},"message":"A Kerberos authentication ticket (TGT) was requested.","metadata":{"event_code":"4768","log_name":"Security","log_provider":"Microsoft Windows security auditing.","original_time":"10/15/2018 03:21:23 AM","product":{"name":"Microsoft Windows","vendor_name":"Microsoft"},"profiles":["host"],"sequence":906793793,"uid":"d35fc9b263968fc951a2485442d253d0","version":"1.4.0"},"observables":[{"name":"dst_endpoint","type":"Endpoint","type_id":20},{"name":"dst_endpoint.hostname","type":"Hostname","type_id":1,"value":"domainController.domainY.com"},{"name":"src_endpoint","type":"Endpoint","type_id":20},{"name":"src_endpoint.port","type":"Port","type_id":11,"value":"47002"},{"name":"src_endpoint.ip","type":"IP Address","type_id":2,"value":"10.1.150.4"},{"name":"device","type":"Endpoint","type_id":20},{"name":"device.hostname","type":"Hostname","type_id":1,"value":"domainController.domainY.com"},{"name":"user","type":"User","type_id":21},{"name":"user.name","type":"User Name","type_id":4,"value":"device1$@domainY.com"},{"name":"user.account.name","type":"Account Object: name","type_id":34,"value":"device1$@domainY.com"}],"raw_data":"10/15/2018 03:21:23 AM\nLogName=Security\nSourceName=Microsoft Windows security auditing.\nEventCode=4768\nEventType=0\nType=Information\nComputerName=domainController.domainY.com\nTaskCategory=Kerberos Authentication Service\nOpCode=Info\nRecordNumber=906793793\nKeywords=Audit Success\nMessage=A Kerberos authentication ticket (TGT) was requested.\nAccount Information:\n    Account Name:       device1$@domainY.com\n    Supplied Realm Name:    DOMAINY.COM\n    User ID:            DOMAINY\\device1$\nService Information:\n    Service Name:       krbtgt\n    Service ID:     DOMAINY\\krbtgt\nNetwork Information:\n    Client Address:     10.1.150.4\n    Client Port:        47002\nAdditional Information:\n    Ticket Options:     0x40800000\n    Result Code:        0x0\n    Ticket Encryption Type: 0x17\n    Pre-Authentication Type:    2\nCertificate Information:\n    Certificate Issuer Name:    domainY-domainController-CA-1\n    Certificate Serial Number:  1D0000000D292FBE3C6CDDAFA200020000000D\n    Certificate Thumbprint:     564DFAEE99C71D62ABC553E695BD8DBC46669413","severity":"Informational","severity_id":1,"src_endpoint":{"ip":"10.1.150.4","port":47002},"status":"Success","status_id":1,"time":1539573683000,"type_name":"Authentication: Authentication Ticket","type_uid":300203,"unmapped":{"Account Information":{"User ID":"DOMAINY\\device1$"},"Additional Information":{"Pre-Authentication Type":"2","Result Code":"0x0","Ticket Encryption Type":"0x17","Ticket Options":"0x40800000"},"Certificate Information":{"Certificate Issuer Name":"domainY-domainController-CA-1","Certificate Serial Number":"1D0000000D292FBE3C6CDDAFA200020000000D","Certificate Thumbprint":"564DFAEE99C71D62ABC553E695BD8DBC46669413"},"EventType":"0","OpCode":"Info","Service Information":{"Service ID":"DOMAINY\\krbtgt","Service Name":"krbtgt"},"TaskCategory":"Kerberos Authentication Service"},"user":{"account":{"name":"device1$@domainY.com","type":"Windows Account","type_id":2},"domain":"DOMAINY.COM","name":"device1$@domainY.com"}}
{"activity_id":4,"activity_name":"Service Ticket Request","auth_protocol":"Kerberos","auth_protocol_id":2,"category_name":"Identity & Access Management","category_uid":3,"class_name":"Authentication","class_uid":3002,"device":{"hostname":"WSDCKPTC4.acme.com","os":{"name":"Windows","type":"Windows","type_id":100},"type":"Unknown","type_id":0},"dst_endpoint":{"hostname":"WSDCKPTC4.acme.com"},"message":"A Kerberos service ticket was requested.","metadata":{"event_code":"4769","log_name":"Security","log_provider":"Microsoft Windows security auditing.","original_time":"04/17/2022 04:34:25 PM","product":{"name":"Microsoft Windows","vendor_name":"Microsoft"},"profiles":["host"],"sequence":4224166980,"uid":"9239fed2792471d2bc1b34589fe182b7","version":"1.4.0"},"observables":[{"name":"src_endpoint","type":"Endpoint","type_id":20},{"name":"src_endpoint.ip","type":"IP Address","type_id":2,"value":"::ffff:168.136.112.69"},{"name":"src_endpoint.port","type":"Port","type_id":11,"value":"60220"},{"name":"device","type":"Endpoint","type_id":20},{"name":"device.hostname","type":"Hostname","type_id":1,"value":"WSDCKPTC4.acme.com"},{"name":"user","type":"User","type_id":21},{"name":"user.name","type":"User Name","type_id":4,"value":"carbanak"},{"name":"user.account.name","type":"Account Object: name","type_id":34,"value":"carbanak"},{"name":"dst_endpoint","type":"Endpoint","type_id":20},{"name":"dst_endpoint.hostname","type":"Hostname","type_id":1,"value":"WSDCKPTC4.acme.com"}],"raw_data":"\n04/17/2022 04:34:25 PM\nLogName=Security\nSourceName=Microsoft Windows security auditing.\nEventCode=4769\nEventType=0\nType=Information\nComputerName=WSDCKPTC4.acme.com\nTaskCategory=Kerberos Service Ticket Operations\nOpCode=Info\nRecordNumber=4224166935\nKeywords=Audit Success\nMessage=A Kerberos service ticket was requested.\nAccount Information:\n\tAccount Name:\t\tcarbanak@acme.com\n\tAccount Domain:\t\tacme.com\n\tLogon GUID:\t\t{5422BC08-314D-7945-E403-E393C583C00A}\nService Information:\n\tService Name:\t\tCNU2509KYQ-A$\n\tService ID:\t\tacme\\CNU2509KYQ-A$\nNetwork Information:\n\tClient Address:\t\t::ffff:168.136.112.69\n\tClient Port:\t\t60210\nAdditional Information:\n\tTicket Options:\t\t0x40810000\n\tTicket Encryption Type:\t0x12\n\tFailure Code:\t\t0x0\n\tTransited Services:\t-\n\n--\n\n04/17/2022 04:34:26 PM\nLogName=Security\nSourceName=Microsoft Windows security auditing.\nEventCode=4769\nEventType=0\nType=Information\nComputerName=WSDCKPTC4.acme.com\nTaskCategory=Kerberos Service Ticket Operations\nOpCode=Info\nRecordNumber=4224166980\nKeywords=Audit Success\nMessage=A Kerberos service ticket was requested.\nAccount Information:\n\tAccount Name:\t\tcarbanak\n\tAccount Domain:\t\tacme.com\n\tLogon GUID:\t\t{B54E1912-4456-C7FC-52DE-CA7A2418ADD0}\nService Information:\n\tService Name:\t\tCNU2509KYQ$\n\tService ID:\t\tacme\\CNU2509KYQ$\nNetwork Information:\n\tClient Address:\t\t::ffff:168.136.112.69\n\tClient Port:\t\t60220\nAdditional Information:\n\tTicket Options:\t\t0x40800000\n\tTicket Encryption Type:\t0x12\n\tFailure Code:\t\t0x0\n\tTransited Services:\t-\n\n--\n\n04/17/2022 04:34:26 PM\nLogName=Security\nSourceName=Microsoft Windows security auditing.\nEventCode=4769\nEventType=0\nType=Information\nComputerName=WSDCKPTC4.acme.com\nTaskCategory=Kerberos Service Ticket Operations\nOpCode=Info\nRecordNumber=4224166980\nKeywords=Audit Success\nMessage=A Kerberos service ticket was requested.\nAccount Information:\n\tAccount Name:\t\tcarbanak\n\tAccount Domain:\t\tacme.com\n\tLogon GUID:\t\t{B54E1912-4456-C7FC-52DE-CA7A2418ADD0}\nService Information:\n\tService Name:\t\tCNU2509KYQ$\n\tService ID:\t\tacme\\CNU2509KYQ$\nNetwork Information:\n\tClient Address:\t\t::ffff:168.136.112.69\n\tClient Port:\t\t60220\nAdditional Information:\n\tTicket Options:\t\t0x40800000\n\tTicket Encryption Type:\t0x12\n\tFailure Code:\t\t0x10\n\tTransited Services:\t-\n\n--\n\n04/18/2022 04:34:25 PM\nLogName=Security\nSourceName=Microsoft Windows security auditing.\nEventCode=4769\nEventType=0\nType=Information\nComputerName=WSDCKPTC4.acme.com\nTaskCategory=Kerberos Service Ticket Operations\nOpCode=Info\nRecordNumber=4224166935\nKeywords=Audit Success\nMessage=A Kerberos service ticket was requested.\nAccount Information:\n\tAccount Name:\t\tcarbanak@acme.com\n\tAccount Domain:\t\tacme.com\n\tLogon GUID:\t\t{5422BC08-314D-7945-E403-E393C583C00A}\nService Information:\n\tService Name:\t\tCNU2509KYQ-A$\n\tService ID:\t\tacme\\CNU2509KYQ-A$\nNetwork Information:\n\tClient Address:\t\t::ffff:168.136.112.69\n\tClient Port:\t\t60210\nAdditional Information:\n\tTicket Options:\t\t0x40810000\n\tTicket Encryption Type:\t0x12\n\tFailure Code:\t\t0x0\n\tTransited Services:\t-\n\n--\n\n04/18/2022 04:34:26 PM\nLogName=Security\nSourceName=Microsoft Windows security auditing.\nEventCode=4769\nEventType=0\nType=Information\nComputerName=WSDCKPTC4.acme.com\nTaskCategory=Kerberos Service Ticket Operations\nOpCode=Info\nRecordNumber=4224166980\nKeywords=Audit Success\nMessage=A Kerberos service ticket was requested.\nAccount Information:\n\tAccount Name:\t\tcarbanak\n\tAccount Domain:\t\tacme.com\n\tLogon GUID:\t\t{B54E1912-4456-C7FC-52DE-CA7A2418ADD0}\nService Information:\n\tService Name:\t\tCNU2509KYQ$\n\tService ID:\t\tacme\\CNU2509KYQ$\nNetwork Information:\n\tClient Address:\t\t::ffff:168.136.112.69\n\tClient Port:\t\t60220\nAdditional Information:\n\tTicket Options:\t\t0x40800000\n\tTicket Encryption Type:\t0x12\n\tFailure Code:\t\t0x10\n\tTransited Services:\t-\n\n--\n\n04/18/2022 04:34:26 PM\nLogName=Security\nSourceName=Microsoft Windows security auditing.\nEventCode=4769\nEventType=0\nType=Information\nComputerName=WSDCKPTC4.acme.com\nTaskCategory=Kerberos Service Ticket Operations\nOpCode=Info\nRecordNumber=4224166980\nKeywords=Audit Success\nMessage=A Kerberos service ticket was requested.\nAccount Information:\n\tAccount Name:\t\tcarbanak\n\tAccount Domain:\t\tacme.com\n\tLogon GUID:\t\t{B54E1912-4456-C7FC-52DE-CA7A2418ADD0}\nService Information:\n\tService Name:\t\tCNU2509KYQ$\n\tService ID:\t\tacme\\CNU2509KYQ$\nNetwork Information:\n\tClient Address:\t\t::ffff:168.136.112.69\n\tClient Port:\t\t60220\nAdditional Information:\n\tTicket Options:\t\t0x40800000\n\tTicket Encryption Type:\t0x12\n\tFailure Code:\t\t0x0\n\tTransited Services:\t-\n\n--\n\n04/19/2022 04:34:25 PM\nLogName=Security\nSourceName=Microsoft Windows security auditing.\nEventCode=4769\nEventType=0\nType=Information\nComputerName=WSDCKPTC4.acme.com\nTaskCategory=Kerberos Service Ticket Operations\nOpCode=Info\nRecordNumber=4224166935\nKeywords=Audit Success\nMessage=A Kerberos service ticket was requested.\nAccount Information:\n\tAccount Name:\t\tcarbanak@acme.com\n\tAccount Domain:\t\tacme.com\n\tLogon GUID:\t\t{5422BC08-314D-7945-E403-E393C583C00A}\nService Information:\n\tService Name:\t\tCNU2509KYQ-A$\n\tService ID:\t\tacme\\CNU2509KYQ-A$\nNetwork Information:\n\tClient Address:\t\t::ffff:168.136.112.69\n\tClient Port:\t\t60210\nAdditional Information:\n\tTicket Options:\t\t0x40810000\n\tTicket Encryption Type:\t0x12\n\tFailure Code:\t\t0x0\n\tTransited Services:\t-\n\n04/19/2022 04:34:26 PM\nLogName=Security\nSourceName=Microsoft Windows security auditing.\nEventCode=4769\nEventType=0\nType=Information\nComputerName=WSDCKPTC4.acme.com\nTaskCategory=Kerberos Service Ticket Operations\nOpCode=Info\nRecordNumber=4224166980\nKeywords=Audit Success\nMessage=A Kerberos service ticket was requested.\nAccount Information:\n\tAccount Name:\t\tcarbanak\n\tAccount Domain:\t\tacme.com\n\tLogon GUID:\t\t{B54E1912-4456-C7FC-52DE-CA7A2418ADD0}\nService Information:\n\tService Name:\t\tCNU2509KYQ$\n\tService ID:\t\tacme\\CNU2509KYQ$\nNetwork Information:\n\tClient Address:\t\t::ffff:168.136.112.69\n\tClient Port:\t\t60220\nAdditional Information:\n\tTicket Options:\t\t0x40800000\n\tTicket Encryption Type:\t0x12\n\tFailure Code:\t\t0x0\n\tTransited Services:\t-\n\n--\n\n04/19/2022 04:34:26 PM\nLogName=Security\nSourceName=Microsoft Windows security auditing.\nEventCode=4769\nEventType=0\nType=Information\nComputerName=WSDCKPTC4.acme.com\nTaskCategory=Kerberos Service Ticket Operations\nOpCode=Info\nRecordNumber=4224166980\nKeywords=Audit Success\nMessage=A Kerberos service ticket was requested.\nAccount Information:\n\tAccount Name:\t\tcarbanak\n\tAccount Domain:\t\tacme.com\n\tLogon GUID:\t\t{B54E1912-4456-C7FC-52DE-CA7A2418ADD0}\nService Information:\n\tService Name:\t\tCNU2509KYQ$\n\tService ID:\t\tacme\\CNU2509KYQ$\nNetwork Information:\n\tClient Address:\t\t::ffff:168.136.112.69\n\tClient Port:\t\t60220\nAdditional Information:\n\tTicket Options:\t\t0x40800000\n\tTicket Encryption Type:\t0x12\n\tFailure Code:\t\t0x10\n\tTransited Services:\t-\n\n--\n\n04/20/2022 04:34:25 PM\nLogName=Security\nSourceName=Microsoft Windows security auditing.\nEventCode=4769\nEventType=0\nType=Information\nComputerName=WSDCKPTC4.acme.com\nTaskCategory=Kerberos Service Ticket Operations\nOpCode=Info\nRecordNumber=4224166935\nKeywords=Audit Success\nMessage=A Kerberos service ticket was requested.\nAccount Information:\n\tAccount Name:\t\tcarbanak@acme.com\n\tAccount Domain:\t\tacme.com\n\tLogon GUID:\t\t{5422BC08-314D-7945-E403-E393C583C00A}\nService Information:\n\tService Name:\t\tCNU2509KYQ-A$\n\tService ID:\t\tacme\\CNU2509KYQ-A$\nNetwork Information:\n\tClient Address:\t\t::ffff:168.136.112.69\n\tClient Port:\t\t60210\nAdditional Information:\n\tTicket Options:\t\t0x40810000\n\tTicket Encryption Type:\t0x12\n\tFailure Code:\t\t0x0\n\tTransited Services:\t-\n\n04/20/2022 04:34:26 PM\nLogName=Security\nSourceName=Microsoft Windows security auditing.\nEventCode=4769\nEventType=0\nType=Information\nComputerName=WSDCKPTC4.acme.com\nTaskCategory=Kerberos Service Ticket Operations\nOpCode=Info\nRecordNumber=4224166980\nKeywords=Audit Success\nMessage=A Kerberos service ticket was requested.\nAccount Information:\n\tAccount Name:\t\tcarbanak\n\tAccount Domain:\t\tacme.com\n\tLogon GUID:\t\t{B54E1912-4456-C7FC-52DE-CA7A2418ADD0}\nService Information:\n\tService Name:\t\tCNU2509KYQ$\n\tService ID:\t\tacme\\CNU2509KYQ$\nNetwork Information:\n\tClient Address:\t\t::ffff:168.136.112.69\n\tClient Port:\t\t60220\nAdditional Information:\n\tTicket Options:\t\t0x40800000\n\tTicket Encryption Type:\t0x12\n\tFailure Code:\t\t0x0\n\tTransited Services:\t-\n\n--\n\n04/20/2022 04:34:26 PM\nLogName=Security\nSourceName=Microsoft Windows security auditing.\nEventCode=4769\nEventType=0\nType=Information\nComputerName=WSDCKPTC4.acme.com\nTaskCategory=Kerberos Service Ticket Operations\nOpCode=Info\nRecordNumber=4224166980\nKeywords=Audit Success\nMessage=A Kerberos service ticket was requested.\nAccount Information:\n\tAccount Name:\t\tcarbanak\n\tAccount Domain:\t\tacme.com\n\tLogon GUID:\t\t{B54E1912-4456-C7FC-52DE-CA7A2418ADD0}\nService Information:\n\tService Name:\t\tCNU2509KYQ$\n\tService ID:\t\tacme\\CNU2509KYQ$\nNetwork Information:\n\tClient Address:\t\t::ffff:168.136.112.69\n\tClient Port:\t\t60220\nAdditional Information:\n\tTicket Options:\t\t0x40800000\n\tTicket Encryption Type:\t0x12\n\tFailure Code:\t\t0x10\n\tTransited Services:\t-\n\n--\n\n04/21/2022 04:34:25 PM\nLogName=Security\nSourceName=Microsoft Windows security auditing.\nEventCode=4769\nEventType=0\nType=Information\nComputerName=WSDCKPTC4.acme.com\nTaskCategory=Kerberos Service Ticket Operations\nOpCode=Info\nRecordNumber=4224166935\nKeywords=Audit Success\nMessage=A Kerberos service ticket was requested.\nAccount Information:\n\tAccount Name:\t\tcarbanak@acme.com\n\tAccount Domain:\t\tacme.com\n\tLogon GUID:\t\t{5422BC08-314D-7945-E403-E393C583C00A}\nService Information:\n\tService Name:\t\tCNU2509KYQ-A$\n\tService ID:\t\tacme\\CNU2509KYQ-A$\nNetwork Information:\n\tClient Address:\t\t::ffff:168.136.112.69\n\tClient Port:\t\t60210\nAdditional Information:\n\tTicket Options:\t\t0x40810000\n\tTicket Encryption Type:\t0x12\n\tFailure Code:\t\t0x0\n\tTransited Services:\t-\n\n04/21/2022 04:34:26 PM\nLogName=Security\nSourceName=Microsoft Windows security auditing.\nEventCode=4769\nEventType=0\nType=Information\nComputerName=WSDCKPTC4.acme.com\nTaskCategory=Kerberos Service Ticket Operations\nOpCode=Info\nRecordNumber=4224166980\nKeywords=Audit Success\nMessage=A Kerberos service ticket was requested.\nAccount Information:\n\tAccount Name:\t\tcarbanak\n\tAccount Domain:\t\tacme.com\n\tLogon GUID:\t\t{B54E1912-4456-C7FC-52DE-CA7A2418ADD0}\nService Information:\n\tService Name:\t\tCNU2509KYQ$\n\tService ID:\t\tacme\\CNU2509KYQ$\nNetwork Information:\n\tClient Address:\t\t::ffff:168.136.112.69\n\tClient Port:\t\t60220\nAdditional Information:\n\tTicket Options:\t\t0x40800000\n\tTicket Encryption Type:\t0x12\n\tFailure Code:\t\t0x0\n\tTransited Services:\t-\n\n--\n\n04/21/2022 04:34:26 PM\nLogName=Security\nSourceName=Microsoft Windows security auditing.\nEventCode=4769\nEventType=0\nType=Information\nComputerName=WSDCKPTC4.acme.com\nTaskCategory=Kerberos Service Ticket Operations\nOpCode=Info\nRecordNumber=4224166980\nKeywords=Audit Success\nMessage=A Kerberos service ticket was requested.\nAccount Information:\n\tAccount Name:\t\tcarbanak\n\tAccount Domain:\t\tacme.com\n\tLogon GUID:\t\t{B54E1912-4456-C7FC-52DE-CA7A2418ADD0}\nService Information:\n\tService Name:\t\tCNU2509KYQ$\n\tService ID:\t\tacme\\CNU2509KYQ$\nNetwork Information:\n\tClient Address:\t\t::ffff:168.136.112.69\n\tClient Port:\t\t60220\nAdditional Information:\n\tTicket Options:\t\t0x40800000\n\tTicket Encryption Type:\t0x12\n\tFailure Code:\t\t0x10\n\tTransited Services:\t-\n\n--\n\n04/22/2022 04:34:25 PM\nLogName=Security\nSourceName=Microsoft Windows security auditing.\nEventCode=4769\nEventType=0\nType=Information\nComputerName=WSDCKPTC4.acme.com\nTaskCategory=Kerberos Service Ticket Operations\nOpCode=Info\nRecordNumber=4224166935\nKeywords=Audit Success\nMessage=A Kerberos service ticket was requested.\nAccount Information:\n\tAccount Name:\t\tcarbanak@acme.com\n\tAccount Domain:\t\tacme.com\n\tLogon GUID:\t\t{5422BC08-314D-7945-E403-E393C583C00A}\nService Information:\n\tService Name:\t\tCNU2509KYQ-A$\n\tService ID:\t\tacme\\CNU2509KYQ-A$\nNetwork Information:\n\tClient Address:\t\t::ffff:168.136.112.69\n\tClient Port:\t\t60210\nAdditional Information:\n\tTicket Options:\t\t0x40810000\n\tTicket Encryption Type:\t0x12\n\tFailure Code:\t\t0x0\n\tTransited Services:\t-\n\n--\n\n04/22/2022 04:34:26 PM\nLogName=Security\nSourceName=Microsoft Windows security auditing.\nEventCode=4769\nEventType=0\nType=Information\nComputerName=WSDCKPTC4.acme.com\nTaskCategory=Kerberos Service Ticket Operations\nOpCode=Info\nRecordNumber=4224166980\nKeywords=Audit Success\nMessage=A Kerberos service ticket was requested.\nAccount Information:\n\tAccount Name:\t\tcarbanak\n\tAccount Domain:\t\tacme.com\n\tLogon GUID:\t\t{B54E1912-4456-C7FC-52DE-CA7A2418ADD0}\nService Information:\n\tService Name:\t\tCNU2509KYQ$\n\tService ID:\t\tacme\\CNU2509KYQ$\nNetwork Information:\n\tClient Address:\t\t::ffff:168.136.112.69\n\tClient Port:\t\t60220\nAdditional Information:\n\tTicket Options:\t\t0x40800000\n\tTicket Encryption Type:\t0x12\n\tFailure Code:\t\t0x10\n\tTransited Services:\t-\n\n--\n\n04/22/2022 04:34:26 PM\nLogName=Security\nSourceName=Microsoft Windows security auditing.\nEventCode=4769\nEventType=0\nType=Information\nComputerName=WSDCKPTC4.acme.com\nTaskCategory=Kerberos Service Ticket Operations\nOpCode=Info\nRecordNumber=4224166980\nKeywords=Audit Success\nMessage=A Kerberos service ticket was requested.\nAccount Information:\n\tAccount Name:\t\tcarbanak\n\tAccount Domain:\t\tacme.com\n\tLogon GUID:\t\t{B54E1912-4456-C7FC-52DE-CA7A2418ADD0}\nService Information:\n\tService Name:\t\tCNU2509KYQ$\n\tService ID:\t\tacme\\CNU2509KYQ$\nNetwork Information:\n\tClient Address:\t\t::ffff:168.136.112.69\n\tClient Port:\t\t60220\nAdditional Information:\n\tTicket Options:\t\t0x40800000\n\tTicket Encryption Type:\t0x12\n\tFailure Code:\t\t0x0\n\tTransited Services:\t-\n\n--\n\n04/23/2022 04:34:25 PM\nLogName=Security\nSourceName=Microsoft Windows security auditing.\nEventCode=4769\nEventType=0\nType=Information\nComputerName=WSDCKPTC4.acme.com\nTaskCategory=Kerberos Service Ticket Operations\nOpCode=Info\nRecordNumber=4224166935\nKeywords=Audit Success\nMessage=A Kerberos service ticket was requested.\nAccount Information:\n\tAccount Name:\t\tcarbanak@acme.com\n\tAccount Domain:\t\tacme.com\n\tLogon GUID:\t\t{5422BC08-314D-7945-E403-E393C583C00A}\nService Information:\n\tService Name:\t\tCNU2509KYQ-A$\n\tService ID:\t\tacme\\CNU2509KYQ-A$\nNetwork Information:\n\tClient Address:\t\t::ffff:168.136.112.69\n\tClient Port:\t\t60210\nAdditional Information:\n\tTicket Options:\t\t0x40810000\n\tTicket Encryption Type:\t0x12\n\tFailure Code:\t\t0x0\n\tTransited Services:\t-\n\n--\n\n04/23/2022 04:34:26 PM\nLogName=Security\nSourceName=Microsoft Windows security auditing.\nEventCode=4769\nEventType=0\nType=Information\nComputerName=WSDCKPTC4.acme.com\nTaskCategory=Kerberos Service Ticket Operations\nOpCode=Info\nRecordNumber=4224166980\nKeywords=Audit Success\nMessage=A Kerberos service ticket was requested.\nAccount Information:\n\tAccount Name:\t\tcarbanak\n\tAccount Domain:\t\tacme.com\n\tLogon GUID:\t\t{B54E1912-4456-C7FC-52DE-CA7A2418ADD0}\nService Information:\n\tService Name:\t\tCNU2509KYQ$\n\tService ID:\t\tacme\\CNU2509KYQ$\nNetwork Information:\n\tClient Address:\t\t::ffff:168.136.112.69\n\tClient Port:\t\t60220\nAdditional Information:\n\tTicket Options:\t\t0x40800000\n\tTicket Encryption Type:\t0x12\n\tFailure Code:\t\t0x0\n\tTransited Services:\t-\n\n--\n\n04/23/2022 04:34:26 PM\nLogName=Security\nSourceName=Microsoft Windows security auditing.\nEventCode=4769\nEventType=0\nType=Information\nComputerName=WSDCKPTC4.acme.com\nTaskCategory=Kerberos Service Ticket Operations\nOpCode=Info\nRecordNumber=4224166980\nKeywords=Audit Success\nMessage=A Kerberos service ticket was requested.\nAccount Information:\n\tAccount Name:\t\tcarbanak\n\tAccount Domain:\t\tacme.com\n\tLogon GUID:\t\t{B54E1912-4456-C7FC-52DE-CA7A2418ADD0}\nService Information:\n\tService Name:\t\tCNU2509KYQ$\n\tService ID:\t\tacme\\CNU2509KYQ$\nNetwork Information:\n\tClient Address:\t\t::ffff:168.136.112.69\n\tClient Port:\t\t60220\nAdditional Information:\n\tTicket Options:\t\t0x40800000\n\tTicket Encryption Type:\t0x12\n\tFailure Code:\t\t0x10\n\tTransited Services:\t-\n\n--\n\n04/24/2022 04:34:25 PM\nLogName=Security\nSourceName=Microsoft Windows security auditing.\nEventCode=4769\nEventType=0\nType=Information\nComputerName=WSDCKPTC4.acme.com\nTaskCategory=Kerberos Service Ticket Operations\nOpCode=Info\nRecordNumber=4224166935\nKeywords=Audit Success\nMessage=A Kerberos service ticket was requested.\nAccount Information:\n\tAccount Name:\t\tcarbanak@acme.com\n\tAccount Domain:\t\tacme.com\n\tLogon GUID:\t\t{5422BC08-314D-7945-E403-E393C583C00A}\nService Information:\n\tService Name:\t\tCNU2509KYQ-A$\n\tService ID:\t\tacme\\CNU2509KYQ-A$\nNetwork Information:\n\tClient Address:\t\t::ffff:168.136.112.69\n\tClient Port:\t\t60210\nAdditional Information:\n\tTicket Options:\t\t0x40810000\n\tTicket Encryption Type:\t0x12\n\tFailure Code:\t\t0x0\n\tTransited Services:\t-\n\n--\n\n04/24/2022 04:34:26 PM\nLogName=Security\nSourceName=Microsoft Windows security auditing.\nEventCode=4769\nEventType=0\nType=Information\nComputerName=WSDCKPTC4.acme.com\nTaskCategory=Kerberos Service Ticket Operations\nOpCode=Info\nRecordNumber=4224166980\nKeywords=Audit Success\nMessage=A Kerberos service ticket was requested.\nAccount Information:\n\tAccount Name:\t\tcarbanak\n\tAccount Domain:\t\tacme.com\n\tLogon GUID:\t\t{B54E1912-4456-C7FC-52DE-CA7A2418ADD0}\nService Information:\n\tService Name:\t\tCNU2509KYQ$\n\tService ID:\t\tacme\\CNU2509KYQ$\nNetwork Information:\n\tClient Address:\t\t::ffff:168.136.112.69\n\tClient Port:\t\t60220\nAdditional Information:\n\tTicket Options:\t\t0x40800000\n\tTicket Encryption Type:\t0x12\n\tFailure Code:\t\t0x10\n\tTransited Services:\t-\n\n--\n\n04/24/2022 04:34:26 PM\nLogName=Security\nSourceName=Microsoft Windows security auditing.\nEventCode=4769\nEventType=0\nType=Information\nComputerName=WSDCKPTC4.acme.com\nTaskCategory=Kerberos Service Ticket Operations\nOpCode=Info\nRecordNumber=4224166980\nKeywords=Audit Success\nMessage=A Kerberos service ticket was requested.\nAccount Information:\n\tAccount Name:\t\tcarbanak\n\tAccount Domain:\t\tacme.com\n\tLogon GUID:\t\t{B54E1912-4456-C7FC-52DE-CA7A2418ADD0}\nService Information:\n\tService Name:\t\tCNU2509KYQ$\n\tService ID:\t\tacme\\CNU2509KYQ$\nNetwork Information:\n\tClient Address:\t\t::ffff:168.136.112.69\n\tClient Port:\t\t60220\nAdditional Information:\n\tTicket Options:\t\t0x40800000\n\tTicket Encryption Type:\t0x12\n\tFailure Code:\t\t0x0\n\tTransited Services:\t-\n\n--\n\n04/25/2022 04:34:25 PM\nLogName=Security\nSourceName=Microsoft Windows security auditing.\nEventCode=4769\nEventType=0\nType=Information\nComputerName=WSDCKPTC4.acme.com\nTaskCategory=Kerberos Service Ticket Operations\nOpCode=Info\nRecordNumber=4224166935\nKeywords=Audit Success\nMessage=A Kerberos service ticket was requested.\nAccount Information:\n\tAccount Name:\t\tcarbanak@acme.com\n\tAccount Domain:\t\tacme.com\n\tLogon GUID:\t\t{5422BC08-314D-7945-E403-E393C583C00A}\nService Information:\n\tService Name:\t\tCNU2509KYQ-A$\n\tService ID:\t\tacme\\CNU2509KYQ-A$\nNetwork Information:\n\tClient Address:\t\t::ffff:168.136.112.69\n\tClient Port:\t\t60210\nAdditional Information:\n\tTicket Options:\t\t0x40810000\n\tTicket Encryption Type:\t0x12\n\tFailure Code:\t\t0x0\n\tTransited Services:\t-\n\n--\n\n04/25/2022 04:34:26 PM\nLogName=Security\nSourceName=Microsoft Windows security auditing.\nEventCode=4769\nEventType=0\nType=Information\nComputerName=WSDCKPTC4.acme.com\nTaskCategory=Kerberos Service Ticket Operations\nOpCode=Info\nRecordNumber=4224166980\nKeywords=Audit Success\nMessage=A Kerberos service ticket was requested.\nAccount Information:\n\tAccount Name:\t\tcarbanak\n\tAccount Domain:\t\tacme.com\n\tLogon GUID:\t\t{B54E1912-4456-C7FC-52DE-CA7A2418ADD0}\nService Information:\n\tService Name:\t\tCNU2509KYQ$\n\tService ID:\t\tacme\\CNU2509KYQ$\nNetwork Information:\n\tClient Address:\t\t::ffff:168.136.112.69\n\tClient Port:\t\t60220\nAdditional Information:\n\tTicket Options:\t\t0x40800000\n\tTicket Encryption Type:\t0x12\n\tFailure Code:\t\t0x10\n\tTransited Services:\t-\n\n--\n\n04/25/2022 04:34:26 PM\nLogName=Security\nSourceName=Microsoft Windows security auditing.\nEventCode=4769\nEventType=0\nType=Information\nComputerName=WSDCKPTC4.acme.com\nTaskCategory=Kerberos Service Ticket Operations\nOpCode=Info\nRecordNumber=4224166980\nKeywords=Audit Success\nMessage=A Kerberos service ticket was requested.\nAccount Information:\n\tAccount Name:\t\tcarbanak\n\tAccount Domain:\t\tacme.com\n\tLogon GUID:\t\t{B54E1912-4456-C7FC-52DE-CA7A2418ADD0}\nService Information:\n\tService Name:\t\tCNU2509KYQ$\n\tService ID:\t\tacme\\CNU2509KYQ$\nNetwork Information:\n\tClient Address:\t\t::ffff:168.136.112.69\n\tClient Port:\t\t60220\nAdditional Information:\n\tTicket Options:\t\t0x40800000\n\tTicket Encryption Type:\t0x12\n\tFailure Code:\t\t0x0\n\tTransited Services:\t-\n\n--\n\n04/26/2022 04:34:25 PM\nLogName=Security\nSourceName=Microsoft Windows security auditing.\nEventCode=4769\nEventType=0\nType=Information\nComputerName=WSDCKPTC4.acme.com\nTaskCategory=Kerberos Service Ticket Operations\nOpCode=Info\nRecordNumber=4224166935\nKeywords=Audit Success\nMessage=A Kerberos service ticket was requested.\nAccount Information:\n\tAccount Name:\t\tcarbanak@acme.com\n\tAccount Domain:\t\tacme.com\n\tLogon GUID:\t\t{5422BC08-314D-7945-E403-E393C583C00A}\nService Information:\n\tService Name:\t\tCNU2509KYQ-A$\n\tService ID:\t\tacme\\CNU2509KYQ-A$\nNetwork Information:\n\tClient Address:\t\t::ffff:168.136.112.69\n\tClient Port:\t\t60210\nAdditional Information:\n\tTicket Options:\t\t0x40810000\n\tTicket Encryption Type:\t0x12\n\tFailure Code:\t\t0x0\n\tTransited Services:\t-\n\n--\n\n04/26/2022 04:34:26 PM\nLogName=Security\nSourceName=Microsoft Windows security auditing.\nEventCode=4769\nEventType=0\nType=Information\nComputerName=WSDCKPTC4.acme.com\nTaskCategory=Kerberos Service Ticket Operations\nOpCode=Info\nRecordNumber=4224166980\nKeywords=Audit Success\nMessage=A Kerberos service ticket was requested.\nAccount Information:\n\tAccount Name:\t\tcarbanak\n\tAccount Domain:\t\tacme.com\n\tLogon GUID:\t\t{B54E1912-4456-C7FC-52DE-CA7A2418ADD0}\nService Information:\n\tService Name:\t\tCNU2509KYQ$\n\tService ID:\t\tacme\\CNU2509KYQ$\nNetwork Information:\n\tClient Address:\t\t::ffff:168.136.112.69\n\tClient Port:\t\t60220\nAdditional Information:\n\tTicket Options:\t\t0x40800000\n\tTicket Encryption Type:\t0x12\n\tFailure Code:\t\t0x0\n\tTransited Services:\t-\n\n--\n\n04/26/2022 04:34:26 PM\nLogName=Security\nSourceName=Microsoft Windows security auditing.\nEventCode=4769\nEventType=0\nType=Information\nComputerName=WSDCKPTC4.acme.com\nTaskCategory=Kerberos Service Ticket Operations\nOpCode=Info\nRecordNumber=4224166980\nKeywords=Audit Success\nMessage=A Kerberos service ticket was requested.\nAccount Information:\n\tAccount Name:\t\tcarbanak\n\tAccount Domain:\t\tacme.com\n\tLogon GUID:\t\t{B54E1912-4456-C7FC-52DE-CA7A2418ADD0}\nService Information:\n\tService Name:\t\tCNU2509KYQ$\n\tService ID:\t\tacme\\CNU2509KYQ$\nNetwork Information:\n\tClient Address:\t\t::ffff:168.136.112.69\n\tClient Port:\t\t60220\nAdditional Information:\n\tTicket Options:\t\t0x40800000\n\tTicket Encryption Type:\t0x12\n\tFailure Code:\t\t0x10\n\tTransited Services:\t-\n\n--\n\n04/27/2022 04:34:25 PM\nLogName=Security\nSourceName=Microsoft Windows security auditing.\nEventCode=4769\nEventType=0\nType=Information\nComputerName=WSDCKPTC4.acme.com\nTaskCategory=Kerberos Service Ticket Operations\nOpCode=Info\nRecordNumber=4224166935\nKeywords=Audit Success\nMessage=A Kerberos service ticket was requested.\nAccount Information:\n\tAccount Name:\t\tcarbanak@acme.com\n\tAccount Domain:\t\tacme.com\n\tLogon GUID:\t\t{5422BC08-314D-7945-E403-E393C583C00A}\nService Information:\n\tService Name:\t\tCNU2509KYQ-A$\n\tService ID:\t\tacme\\CNU2509KYQ-A$\nNetwork Information:\n\tClient Address:\t\t::ffff:168.136.112.69\n\tClient Port:\t\t60210\nAdditional Information:\n\tTicket Options:\t\t0x40810000\n\tTicket Encryption Type:\t0x12\n\tFailure Code:\t\t0x0\n\tTransited Services:\t-\n\n--\n\n04/27/2022 04:34:26 PM\nLogName=Security\nSourceName=Microsoft Windows security auditing.\nEventCode=4769\nEventType=0\nType=Information\nComputerName=WSDCKPTC4.acme.com\nTaskCategory=Kerberos Service Ticket Operations\nOpCode=Info\nRecordNumber=4224166980\nKeywords=Audit Success\nMessage=A Kerberos service ticket was requested.\nAccount Information:\n\tAccount Name:\t\tcarbanak\n\tAccount Domain:\t\tacme.com\n\tLogon GUID:\t\t{B54E1912-4456-C7FC-52DE-CA7A2418ADD0}\nService Information:\n\tService Name:\t\tCNU2509KYQ$\n\tService ID:\t\tacme\\CNU2509KYQ$\nNetwork Information:\n\tClient Address:\t\t::ffff:168.136.112.69\n\tClient Port:\t\t60220\nAdditional Information:\n\tTicket Options:\t\t0x40800000\n\tTicket Encryption Type:\t0x12\n\tFailure Code:\t\t0x0\n\tTransited Services:\t-\n\n--\n\n04/27/2022 04:34:26 PM\nLogName=Security\nSourceName=Microsoft Windows security auditing.\nEventCode=4769\nEventType=0\nType=Information\nComputerName=WSDCKPTC4.acme.com\nTaskCategory=Kerberos Service Ticket Operations\nOpCode=Info\nRecordNumber=4224166980\nKeywords=Audit Success\nMessage=A Kerberos service ticket was requested.\nAccount Information:\n\tAccount Name:\t\tcarbanak\n\tAccount Domain:\t\tacme.com\n\tLogon GUID:\t\t{B54E1912-4456-C7FC-52DE-CA7A2418ADD0}\nService Information:\n\tService Name:\t\tCNU2509KYQ$\n\tService ID:\t\tacme\\CNU2509KYQ$\nNetwork Information:\n\tClient Address:\t\t::ffff:168.136.112.69\n\tClient Port:\t\t60220\nAdditional Information:\n\tTicket Options:\t\t0x40800000\n\tTicket Encryption Type:\t0x12\n\tFailure Code:\t\t0x10\n\tTransited Services:\t-\n\n--\n\n05/03/2022 04:41:59 PM\nLogName=Security\nSourceName=Microsoft Windows security auditing.\nEventCode=4769\nEventType=0\nType=Information\nComputerName=WSDCKPTC4.acme.com\nTaskCategory=Kerberos Service Ticket Operations\nOpCode=Info\nRecordNumber=4224166935\nKeywords=Audit Success\nMessage=A Kerberos service ticket was requested.\nAccount Information:\n\tAccount Name:\t\tcarbanak@acme.com\n\tAccount Domain:\t\tacme.com\n\tLogon GUID:\t\t{5422BC08-314D-7945-E403-E393C583C00A}\nService Information:\n\tService Name:\t\tCNU2509KYQ-A$\n\tService ID:\t\tacme\\CNU2509KYQ-A$\nNetwork Information:\n\tClient Address:\t\t::ffff:168.136.112.69\n\tClient Port:\t\t60210\nAdditional Information:\n\tTicket Options:\t\t0x40810000\n\tTicket Encryption Type:\t0x12\n\tFailure Code:\t\t0x0\n\tTransited Services:\t-\n\n--\n\n05/04/2022 04:41:59 PM\nLogName=Security\nSourceName=Microsoft Windows security auditing.\nEventCode=4769\nEventType=0\nType=Information\nComputerName=WSDCKPTC4.acme.com\nTaskCategory=Kerberos Service Ticket Operations\nOpCode=Info\nRecordNumber=4224166935\nKeywords=Audit Success\nMessage=A Kerberos service ticket was requested.\nAccount Information:\n\tAccount Name:\t\tcarbanak@acme.com\n\tAccount Domain:\t\tacme.com\n\tLogon GUID:\t\t{5422BC08-314D-7945-E403-E393C583C00A}\nService Information:\n\tService Name:\t\tCNU2509KYQ-A$\n\tService ID:\t\tacme\\CNU2509KYQ-A$\nNetwork Information:\n\tClient Address:\t\t::ffff:168.136.112.69\n\tClient Port:\t\t60210\nAdditional Information:\n\tTicket Options:\t\t0x40810000\n\tTicket Encryption Type:\t0x12\n\tFailure Code:\t\t0x0\n\tTransited Services:\t-\n\n05/04/2022 04:42:00 PM\nLogName=Security\nSourceName=Microsoft Windows security auditing.\nEventCode=4769\nEventType=0\nType=Information\nComputerName=WSDCKPTC4.acme.com\nTaskCategory=Kerberos Service Ticket Operations\nOpCode=Info\nRecordNumber=4224166980\nKeywords=Audit Success\nMessage=A Kerberos service ticket was requested.\nAccount Information:\n\tAccount Name:\t\tcarbanak\n\tAccount Domain:\t\tacme.com\n\tLogon GUID:\t\t{B54E1912-4456-C7FC-52DE-CA7A2418ADD0}\nService Information:\n\tService Name:\t\tCNU2509KYQ$\n\tService ID:\t\tacme\\CNU2509KYQ$\nNetwork Information:\n\tClient Address:\t\t::ffff:168.136.112.69\n\tClient Port:\t\t60220\nAdditional Information:\n\tTicket Options:\t\t0x40800000\n\tTicket Encryption Type:\t0x12\n\tFailure Code:\t\t0x10\n\tTransited Services:\t-\n\n05/04/2022 04:42:00 PM\nLogName=Security\nSourceName=Microsoft Windows security auditing.\nEventCode=4769\nEventType=0\nType=Information\nComputerName=WSDCKPTC4.acme.com\nTaskCategory=Kerberos Service Ticket Operations\nOpCode=Info\nRecordNumber=4224166980\nKeywords=Audit Success\nMessage=A Kerberos service ticket was requested.\nAccount Information:\n\tAccount Name:\t\tcarbanak\n\tAccount Domain:\t\tacme.com\n\tLogon GUID:\t\t{B54E1912-4456-C7FC-52DE-CA7A2418ADD0}\nService Information:\n\tService Name:\t\tCNU2509KYQ$\n\tService ID:\t\tacme\\CNU2509KYQ$\nNetwork Information:\n\tClient Address:\t\t::ffff:168.136.112.69\n\tClient Port:\t\t60220\nAdditional Information:\n\tTicket Options:\t\t0x40800000\n\tTicket Encryption Type:\t0x12\n\tFailure Code:\t\t0x0\n\tTransited Services:\t-\n\n--\n\n05/05/2022 04:41:59 PM\nLogName=Security\nSourceName=Microsoft Windows security auditing.\nEventCode=4769\nEventType=0\nType=Information\nComputerName=WSDCKPTC4.acme.com\nTaskCategory=Kerberos Service Ticket Operations\nOpCode=Info\nRecordNumber=4224166935\nKeywords=Audit Success\nMessage=A Kerberos service ticket was requested.\nAccount Information:\n\tAccount Name:\t\tcarbanak@acme.com\n\tAccount Domain:\t\tacme.com\n\tLogon GUID:\t\t{5422BC08-314D-7945-E403-E393C583C00A}\nService Information:\n\tService Name:\t\tCNU2509KYQ-A$\n\tService ID:\t\tacme\\CNU2509KYQ-A$\nNetwork Information:\n\tClient Address:\t\t::ffff:168.136.112.69\n\tClient Port:\t\t60210\nAdditional Information:\n\tTicket Options:\t\t0x40810000\n\tTicket Encryption Type:\t0x12\n\tFailure Code:\t\t0x0\n\tTransited Services:\t-\n\n--\n\n05/05/2022 04:42:00 PM\nLogName=Security\nSourceName=Microsoft Windows security auditing.\nEventCode=4769\nEventType=0\nType=Information\nComputerName=WSDCKPTC4.acme.com\nTaskCategory=Kerberos Service Ticket Operations\nOpCode=Info\nRecordNumber=4224166980\nKeywords=Audit Success\nMessage=A Kerberos service ticket was requested.\nAccount Information:\n\tAccount Name:\t\tcarbanak\n\tAccount Domain:\t\tacme.com\n\tLogon GUID:\t\t{B54E1912-4456-C7FC-52DE-CA7A2418ADD0}\nService Information:\n\tService Name:\t\tCNU2509KYQ$\n\tService ID:\t\tacme\\CNU2509KYQ$\nNetwork Information:\n\tClient Address:\t\t::ffff:168.136.112.69\n\tClient Port:\t\t60220\nAdditional Information:\n\tTicket Options:\t\t0x40800000\n\tTicket Encryption Type:\t0x12\n\tFailure Code:\t\t0x10\n\tTransited Services:\t-\n\n--\n\n05/05/2022 04:42:00 PM\nLogName=Security\nSourceName=Microsoft Windows security auditing.\nEventCode=4769\nEventType=0\nType=Information\nComputerName=WSDCKPTC4.acme.com\nTaskCategory=Kerberos Service Ticket Operations\nOpCode=Info\nRecordNumber=4224166980\nKeywords=Audit Success\nMessage=A Kerberos service ticket was requested.\nAccount Information:\n\tAccount Name:\t\tcarbanak\n\tAccount Domain:\t\tacme.com\n\tLogon GUID:\t\t{B54E1912-4456-C7FC-52DE-CA7A2418ADD0}\nService Information:\n\tService Name:\t\tCNU2509KYQ$\n\tService ID:\t\tacme\\CNU2509KYQ$\nNetwork Information:\n\tClient Address:\t\t::ffff:168.136.112.69\n\tClient Port:\t\t60220\nAdditional Information:\n\tTicket Options:\t\t0x40800000\n\tTicket Encryption Type:\t0x12\n\tFailure Code:\t\t0x0\n\tTransited Services:\t-\n\n--\n\n05/06/2022 04:41:59 PM\nLogName=Security\nSourceName=Microsoft Windows security auditing.\nEventCode=4769\nEventType=0\nType=Information\nComputerName=WSDCKPTC4.acme.com\nTaskCategory=Kerberos Service Ticket Operations\nOpCode=Info\nRecordNumber=4224166935\nKeywords=Audit Success\nMessage=A Kerberos service ticket was requested.\nAccount Information:\n\tAccount Name:\t\tcarbanak@acme.com\n\tAccount Domain:\t\tacme.com\n\tLogon GUID:\t\t{5422BC08-314D-7945-E403-E393C583C00A}\nService Information:\n\tService Name:\t\tCNU2509KYQ-A$\n\tService ID:\t\tacme\\CNU2509KYQ-A$\nNetwork Information:\n\tClient Address:\t\t::ffff:168.136.112.69\n\tClient Port:\t\t60210\nAdditional Information:\n\tTicket Options:\t\t0x40810000\n\tTicket Encryption Type:\t0x12\n\tFailure Code:\t\t0x0\n\tTransited Services:\t-\n\n--\n\n05/07/2022 04:42:00 PM\nLogName=Security\nSourceName=Microsoft Windows security auditing.\nEventCode=4769\nEventType=0\nType=Information\nComputerName=WSDCKPTC4.acme.com\nTaskCategory=Kerberos Service Ticket Operations\nOpCode=Info\nRecordNumber=4224166980\nKeywords=Audit Success\nMessage=A Kerberos service ticket was requested.\nAccount Information:\n\tAccount Name:\t\tcarbanak\n\tAccount Domain:\t\tacme.com\n\tLogon GUID:\t\t{B54E1912-4456-C7FC-52DE-CA7A2418ADD0}\nService Information:\n\tService Name:\t\tacmel-lpt0399177$\n\tService ID:\t\tacme\\acmel-lpt0399177$\nNetwork Information:\n\tClient Address:\t\t::ffff:168.136.112.69\n\tClient Port:\t\t60220\nAdditional Information:\n\tTicket Options:\t\t0x40800000\n\tTicket Encryption Type:\t0x12\n\tFailure Code:\t\t0x19\n\tTransited Services:\t-\n\n--\n\n05/07/2022 04:42:00 PM\nLogName=Security\nSourceName=Microsoft Windows security auditing.\nEventCode=4769\nEventType=0\nType=Information\nComputerName=WSDCKPTC4.acme.com\nTaskCategory=Kerberos Service Ticket Operations\nOpCode=Info\nRecordNumber=4224166980\nKeywords=Audit Success\nMessage=A Kerberos service ticket was requested.\nAccount Information:\n\tAccount Name:\t\tcarbanak\n\tAccount Domain:\t\tacme.com\n\tLogon GUID:\t\t{B54E1912-4456-C7FC-52DE-CA7A2418ADD0}\nService Information:\n\tService Name:\t\tWS6714SUNN$\n\tService ID:\t\tacme\\WS6714SUNN$\nNetwork Information:\n\tClient Address:\t\t::ffff:168.136.112.69\n\tClient Port:\t\t60220\nAdditional Information:\n\tTicket Options:\t\t0x40800000\n\tTicket Encryption Type:\t0x12\n\tFailure Code:\t\t0x14\n\tTransited Services:\t-\n\n05/07/2022 04:42:00 PM\nLogName=Security\nSourceName=Microsoft Windows security auditing.\nEventCode=4769\nEventType=0\nType=Information\nComputerName=WSDCKPTC4.acme.com\nTaskCategory=Kerberos Service Ticket Operations\nOpCode=Info\nRecordNumber=4224166980\nKeywords=Audit Success\nMessage=A Kerberos service ticket was requested.\nAccount Information:\n\tAccount Name:\t\tcarbanak\n\tAccount Domain:\t\tacme.com\n\tLogon GUID:\t\t{B54E1912-4456-C7FC-52DE-CA7A2418ADD0}\nService Information:\n\tService Name:\t\tNT2NIKU01$\n\tService ID:\t\tacme\\NT2NIKU01$\nNetwork Information:\n\tClient Address:\t\t::ffff:168.136.112.69\n\tClient Port:\t\t60220\nAdditional Information:\n\tTicket Options:\t\t0x40800000\n\tTicket Encryption Type:\t0x12\n\tFailure Code:\t\t0x22\n\tTransited Services:\t-\n\n05/07/2022 04:42:00 PM\nLogName=Security\nSourceName=Microsoft Windows security auditing.\nEventCode=4769\nEventType=0\nType=Information\nComputerName=WSDCKPTC4.acme.com\nTaskCategory=Kerberos Service Ticket Operations\nOpCode=Info\nRecordNumber=4224166980\nKeywords=Audit Success\nMessage=A Kerberos service ticket was requested.\nAccount Information:\n\tAccount Name:\t\tcarbanak\n\tAccount Domain:\t\tacme.com\n\tLogon GUID:\t\t{B54E1912-4456-C7FC-52DE-CA7A2418ADD0}\nService Information:\n\tService Name:\t\tWS5751RLAZ$\n\tService ID:\t\tacme\\WS5751RLAZ$\nNetwork Information:\n\tClient Address:\t\t::ffff:168.136.112.69\n\tClient Port:\t\t60220\nAdditional Information:\n\tTicket Options:\t\t0x40800000\n\tTicket Encryption Type:\t0x12\n\tFailure Code:\t\t0x8\n\tTransited Services:\t-\n\n05/07/2022 04:42:00 PM\nLogName=Security\nSourceName=Microsoft Windows security auditing.\nEventCode=4769\nEventType=0\nType=Information\nComputerName=WSDCKPTC4.acme.com\nTaskCategory=Kerberos Service Ticket Operations\nOpCode=Info\nRecordNumber=4224166980\nKeywords=Audit Success\nMessage=A Kerberos service ticket was requested.\nAccount Information:\n\tAccount Name:\t\tcarbanak\n\tAccount Domain:\t\tacme.com\n\tLogon GUID:\t\t{B54E1912-4456-C7FC-52DE-CA7A2418ADD0}\nService Information:\n\tService Name:\t\tISI283SR$\n\tService ID:\t\tacme\\ISI283SR$\nNetwork Information:\n\tClient Address:\t\t::ffff:168.136.112.69\n\tClient Port:\t\t60220\nAdditional Information:\n\tTicket Options:\t\t0x40800000\n\tTicket Encryption Type:\t0x12\n\tFailure Code:\t\t0x29\n\tTransited Services:\t-\n\n05/07/2022 04:42:00 PM\nLogName=Security\nSourceName=Microsoft Windows security auditing.\nEventCode=4769\nEventType=0\nType=Information\nComputerName=WSDCKPTC4.acme.com\nTaskCategory=Kerberos Service Ticket Operations\nOpCode=Info\nRecordNumber=4224166980\nKeywords=Audit Success\nMessage=A Kerberos service ticket was requested.\nAccount Information:\n\tAccount Name:\t\tcarbanak\n\tAccount Domain:\t\tacme.com\n\tLogon GUID:\t\t{B54E1912-4456-C7FC-52DE-CA7A2418ADD0}\nService Information:\n\tService Name:\t\tISI283PRD$\n\tService ID:\t\tacme\\ISI284PRD$\nNetwork Information:\n\tClient Address:\t\t::ffff:168.136.112.69\n\tClient Port:\t\t60220\nAdditional Information:\n\tTicket Options:\t\t0x40800000\n\tTicket Encryption Type:\t0x12\n\tFailure Code:\t\t0x20\n\tTransited Services:\t-\n\n05/07/2022 04:42:00 PM\nLogName=Security\nSourceName=Microsoft Windows security auditing.\nEventCode=4769\nEventType=0\nType=Information\nComputerName=WSDCKPTC4.acme.com\nTaskCategory=Kerberos Service Ticket Operations\nOpCode=Info\nRecordNumber=4224166980\nKeywords=Audit Success\nMessage=A Kerberos service ticket was requested.\nAccount Information:\n\tAccount Name:\t\tcarbanak\n\tAccount Domain:\t\tacme.com\n\tLogon GUID:\t\t{B54E1912-4456-C7FC-52DE-CA7A2418ADD0}\nService Information:\n\tService Name:\t\tWS5731RLDZ$\n\tService ID:\t\tacme\\WS5731RLDZ$\nNetwork Information:\n\tClient Address:\t\t::ffff:168.136.112.69\n\tClient Port:\t\t60220\nAdditional Information:\n\tTicket Options:\t\t0x40800000\n\tTicket Encryption Type:\t0x12\n\tFailure Code:\t\t0x1\n\tTransited Services:\t-\n\n05/07/2022 04:42:00 PM\nLogName=Security\nSourceName=Microsoft Windows security auditing.\nEventCode=4769\nEventType=0\nType=Information\nComputerName=WSDCKPTC4.acme.com\nTaskCategory=Kerberos Service Ticket Operations\nOpCode=Info\nRecordNumber=4224166980\nKeywords=Audit Success\nMessage=A Kerberos service ticket was requested.\nAccount Information:\n\tAccount Name:\t\tcarbanak\n\tAccount Domain:\t\tacme.com\n\tLogon GUID:\t\t{B54E1912-4456-C7FC-52DE-CA7A2418ADD0}\nService Information:\n\tService Name:\t\tQWS9519MVN$\n\tService ID:\t\tacme\\QWS9519MVN$\nNetwork Information:\n\tClient Address:\t\t::ffff:168.136.112.69\n\tClient Port:\t\t60220\nAdditional Information:\n\tTicket Options:\t\t0x40800000\n\tTicket Encryption Type:\t0x12\n\tFailure Code:\t\t0x2B\n\tTransited Services:\t-\n\n05/07/2022 04:42:00 PM\nLogName=Security\nSourceName=Microsoft Windows security auditing.\nEventCode=4769\nEventType=0\nType=Information\nComputerName=WSDCKPTC4.acme.com\nTaskCategory=Kerberos Service Ticket Operations\nOpCode=Info\nRecordNumber=4224166980\nKeywords=Audit Success\nMessage=A Kerberos service ticket was requested.\nAccount Information:\n\tAccount Name:\t\tcarbanak\n\tAccount Domain:\t\tacme.com\n\tLogon GUID:\t\t{B54E1912-4456-C7FC-52DE-CA7A2418ADD0}\nService Information:\n\tService Name:\t\tWS1319MVN$\n\tService ID:\t\tacme\\WS1319MVN$\nNetwork Information:\n\tClient Address:\t\t::ffff:168.136.112.69\n\tClient Port:\t\t60220\nAdditional Information:\n\tTicket Options:\t\t0x40800000\n\tTicket Encryption Type:\t0x12\n\tFailure Code:\t\t0x5\n\tTransited Services:\t-\n\n05/07/2022 04:42:00 PM\nLogName=Security\nSourceName=Microsoft Windows security auditing.\nEventCode=4769\nEventType=0\nType=Information\nComputerName=WSDCKPTC4.acme.com\nTaskCategory=Kerberos Service Ticket Operations\nOpCode=Info\nRecordNumber=4224166980\nKeywords=Audit Success\nMessage=A Kerberos service ticket was requested.\nAccount Information:\n\tAccount Name:\t\tcarbanak\n\tAccount Domain:\t\tacme.com\n\tLogon GUID:\t\t{B54E1912-4456-C7FC-52DE-CA7A2418ADD0}\nService Information:\n\tService Name:\t\tWWS9519MVN$\n\tService ID:\t\tacme\\WWS9519MVN$\nNetwork Information:\n\tClient Address:\t\t::ffff:168.136.112.69\n\tClient Port:\t\t60220\nAdditional Information:\n\tTicket Options:\t\t0x40800000\n\tTicket Encryption Type:\t0x12\n\tFailure Code:\t\t0x2B\n\tTransited Services:\t-\n\n05/07/2022 04:42:00 PM\nLogName=Security\nSourceName=Microsoft Windows security auditing.\nEventCode=4769\nEventType=0\nType=Information\nComputerName=WSDCKPTC4.acme.com\nTaskCategory=Kerberos Service Ticket Operations\nOpCode=Info\n