RecordNumber=4224166980\nKeywords=Audit Success\nMessage=A Kerberos service ticket was requested.\nAccount Information:\n\tAccount Name:\t\tcarbanak\n\tAccount Domain:\t\tacme.com\n\tLogon GUID:\t\t{B54E1912-4456-C7FC-52DE-CA7A2418ADD0}\nService Information:\n\tService Name:\t\tWS2314SUNN$\n\tService ID:\t\tacme\\WS2314SUNN$\nNetwork Information:\n\tClient Address:\t\t::ffff:168.136.112.69\n\tClient Port:\t\t60220\nAdditional Information:\n\tTicket Options:\t\t0x40800000\n\tTicket Encryption Type:\t0x12\n\tFailure Code:\t\t0x25\n\tTransited Services:\t-\n\n05/07/2022 04:42:00 PM\nLogName=Security\nSourceName=Microsoft Windows security auditing.\nEventCode=4769\nEventType=0\nType=Information\nComputerName=WSDCKPTC4.acme.com\nTaskCategory=Kerberos Service Ticket Operations\nOpCode=Info\nRecordNumber=4224166980\nKeywords=Audit Success\nMessage=A Kerberos service ticket was requested.\nAccount Information:\n\tAccount Name:\t\tcarbanak\n\tAccount Domain:\t\tacme.com\n\tLogon GUID:\t\t{B54E1912-4456-C7FC-52DE-CA7A2418ADD0}\nService Information:\n\tService Name:\t\tWS5719MVRN$\n\tService ID:\t\tacme\\WS5719MVRN$\nNetwork Information:\n\tClient Address:\t\t::ffff:168.136.112.69\n\tClient Port:\t\t60220\nAdditional Information:\n\tTicket Options:\t\t0x40800000\n\tTicket Encryption Type:\t0x12\n\tFailure Code:\t\t0x10\n\tTransited Services:\t-\n\n05/07/2022 04:42:00 PM\nLogName=Security\nSourceName=Microsoft Windows security auditing.\nEventCode=4769\nEventType=0\nType=Information\nComputerName=WSDCKPTC4.acme.com\nTaskCategory=Kerberos Service Ticket Operations\nOpCode=Info\nRecordNumber=4224166980\nKeywords=Audit Success\nMessage=A Kerberos service ticket was requested.\nAccount Information:\n\tAccount Name:\t\tcarbanak\n\tAccount Domain:\t\tacme.com\n\tLogon GUID:\t\t{B54E1912-4456-C7FC-52DE-CA7A2418ADD0}\nService Information:\n\tService Name:\t\tISI284PRD$\n\tService ID:\t\tacme\\ISI284PRD$\nNetwork Information:\n\tClient Address:\t\t::ffff:168.136.112.69\n\tClient Port:\t\t60220\nAdditional Information:\n\tTicket Options:\t\t0x40800000\n\tTicket Encryption Type:\t0x12\n\tFailure Code:\t\t0x12\n\tTransited Services:\t-\n\n05/07/2022 04:42:00 PM\nLogName=Security\nSourceName=Microsoft Windows security auditing.\nEventCode=4769\nEventType=0\nType=Information\nComputerName=WSDCKPTC4.acme.com\nTaskCategory=Kerberos Service Ticket Operations\nOpCode=Info\nRecordNumber=4224166980\nKeywords=Audit Success\nMessage=A Kerberos service ticket was requested.\nAccount Information:\n\tAccount Name:\t\tcarbanak\n\tAccount Domain:\t\tacme.com\n\tLogon GUID:\t\t{B54E1912-4456-C7FC-52DE-CA7A2418ADD0}\nService Information:\n\tService Name:\t\tWS9719SUNN$\n\tService ID:\t\tacme\\WS9719SUNN$\nNetwork Information:\n\tClient Address:\t\t::ffff:168.136.112.69\n\tClient Port:\t\t60220\nAdditional Information:\n\tTicket Options:\t\t0x40800000\n\tTicket Encryption Type:\t0x12\n\tFailure Code:\t\t0x2C\n\tTransited Services:\t-\n\n05/07/2022 04:42:00 PM\nLogName=Security\nSourceName=Microsoft Windows security auditing.\nEventCode=4769\nEventType=0\nType=Information\nComputerName=WSDCKPTC4.acme.com\nTaskCategory=Kerberos Service Ticket Operations\nOpCode=Info\nRecordNumber=4224166980\nKeywords=Audit Success\nMessage=A Kerberos service ticket was requested.\nAccount Information:\n\tAccount Name:\t\tcarbanak\n\tAccount Domain:\t\tacme.com\n\tLogon GUID:\t\t{B54E1912-4456-C7FC-52DE-CA7A2418ADD0}\nService Information:\n\tService Name:\t\tWSDCKPTC1$\n\tService ID:\t\tacme\\WSDCKPTC1$\nNetwork Information:\n\tClient Address:\t\t::ffff:168.136.112.69\n\tClient Port:\t\t60220\nAdditional Information:\n\tTicket Options:\t\t0x40800000\n\tTicket Encryption Type:\t0x12\n\tFailure Code:\t\t0x31\n\tTransited Services:\t-\n\n05/07/2022 04:42:00 PM\nLogName=Security\nSourceName=Microsoft Windows security auditing.\nEventCode=4769\nEventType=0\nType=Information\nComputerName=WSDCKPTC4.acme.com\nTaskCategory=Kerberos Service Ticket Operations\nOpCode=Info\nRecordNumber=4224166980\nKeywords=Audit Success\nMessage=A Kerberos service ticket was requested.\nAccount Information:\n\tAccount Name:\t\tcarbanak\n\tAccount Domain:\t\tacme.com\n\tLogon GUID:\t\t{B54E1912-4456-C7FC-52DE-CA7A2418ADD0}\nService Information:\n\tService Name:\t\tEWS9519MVN$\n\tService ID:\t\tacme\\EWS9519MVN$\nNetwork Information:\n\tClient Address:\t\t::ffff:168.136.112.69\n\tClient Port:\t\t60220\nAdditional Information:\n\tTicket Options:\t\t0x40800000\n\tTicket Encryption Type:\t0x12\n\tFailure Code:\t\t0x2B\n\tTransited Services:\t-\n\n05/07/2022 04:42:00 PM\nLogName=Security\nSourceName=Microsoft Windows security auditing.\nEventCode=4769\nEventType=0\nType=Information\nComputerName=WSDCKPTC4.acme.com\nTaskCategory=Kerberos Service Ticket Operations\nOpCode=Info\nRecordNumber=4224166980\nKeywords=Audit Success\nMessage=A Kerberos service ticket was requested.\nAccount Information:\n\tAccount Name:\t\tcarbanak\n\tAccount Domain:\t\tacme.com\n\tLogon GUID:\t\t{B54E1912-4456-C7FC-52DE-CA7A2418ADD0}\nService Information:\n\tService Name:\t\tWS2714SUNN$\n\tService ID:\t\tacme\\WS2714SUNN$\nNetwork Information:\n\tClient Address:\t\t::ffff:168.136.112.69\n\tClient Port:\t\t60220\nAdditional Information:\n\tTicket Options:\t\t0x40800000\n\tTicket Encryption Type:\t0x12\n\tFailure Code:\t\t0x2A\n\tTransited Services:\t-\n\n05/07/2022 04:42:00 PM\nLogName=Security\nSourceName=Microsoft Windows security auditing.\nEventCode=4769\nEventType=0\nType=Information\nComputerName=WSDCKPTC4.acme.com\nTaskCategory=Kerberos Service Ticket Operations\nOpCode=Info\nRecordNumber=4224166980\nKeywords=Audit Success\nMessage=A Kerberos service ticket was requested.\nAccount Information:\n\tAccount Name:\t\tcarbanak\n\tAccount Domain:\t\tacme.com\n\tLogon GUID:\t\t{B54E1912-4456-C7FC-52DE-CA7A2418ADD0}\nService Information:\n\tService Name:\t\tWS1719MVN$\n\tService ID:\t\tacme\\WS1719MVN$\nNetwork Information:\n\tClient Address:\t\t::ffff:168.136.112.69\n\tClient Port:\t\t60220\nAdditional Information:\n\tTicket Options:\t\t0x40800000\n\tTicket Encryption Type:\t0x12\n\tFailure Code:\t\t0x4\n\tTransited Services:\t-\n\n05/07/2022 04:42:00 PM\nLogName=Security\nSourceName=Microsoft Windows security auditing.\nEventCode=4769\nEventType=0\nType=Information\nComputerName=WSDCKPTC4.acme.com\nTaskCategory=Kerberos Service Ticket Operations\nOpCode=Info\nRecordNumber=4224166980\nKeywords=Audit Success\nMessage=A Kerberos service ticket was requested.\nAccount Information:\n\tAccount Name:\t\tcarbanak\n\tAccount Domain:\t\tacme.com\n\tLogon GUID:\t\t{B54E1912-4456-C7FC-52DE-CA7A2418ADD0}\nService Information:\n\tService Name:\t\tWS8751RZAA$\n\tService ID:\t\tacme\\WS8751RZAA$\nNetwork Information:\n\tClient Address:\t\t::ffff:168.136.112.69\n\tClient Port:\t\t60220\nAdditional Information:\n\tTicket Options:\t\t0x40800000\n\tTicket Encryption Type:\t0x12\n\tFailure Code:\t\t0x1F\n\tTransited Services:\t-\n\n05/07/2022 04:42:00 PM\nLogName=Security\nSourceName=Microsoft Windows security auditing.\nEventCode=4769\nEventType=0\nType=Information\nComputerName=WSDCKPTC4.acme.com\nTaskCategory=Kerberos Service Ticket Operations\nOpCode=Info\nRecordNumber=4224166980\nKeywords=Audit Success\nMessage=A Kerberos service ticket was requested.\nAccount Information:\n\tAccount Name:\t\tcarbanak\n\tAccount Domain:\t\tacme.com\n\tLogon GUID:\t\t{B54E1912-4456-C7FC-52DE-CA7A2418ADD0}\nService Information:\n\tService Name:\t\tWS9519MVN$\n\tService ID:\t\tacme\\WS9519MVN$\nNetwork Information:\n\tClient Address:\t\t::ffff:168.136.112.69\n\tClient Port:\t\t60220\nAdditional Information:\n\tTicket Options:\t\t0x40800000\n\tTicket Encryption Type:\t0x12\n\tFailure Code:\t\t0x2B\n\tTransited Services:\t-\n\n05/07/2022 04:42:00 PM\nLogName=Security\nSourceName=Microsoft Windows security auditing.\nEventCode=4769\nEventType=0\nType=Information\nComputerName=WSDCKPTC4.acme.com\nTaskCategory=Kerberos Service Ticket Operations\nOpCode=Info\nRecordNumber=4224166980\nKeywords=Audit Success\nMessage=A Kerberos service ticket was requested.\nAccount Information:\n\tAccount Name:\t\tcarbanak\n\tAccount Domain:\t\tacme.com\n\tLogon GUID:\t\t{B54E1912-4456-C7FC-52DE-CA7A2418ADD0}\nService Information:\n\tService Name:\t\tWS5731RLAZ$\n\tService ID:\t\tacme\\WS5731RLAZ$\nNetwork Information:\n\tClient Address:\t\t::ffff:168.136.112.69\n\tClient Port:\t\t60220\nAdditional Information:\n\tTicket Options:\t\t0x40800000\n\tTicket Encryption Type:\t0x12\n\tFailure Code:\t\t0x3\n\tTransited Services:\t-\n\n","session":{"uuid":"{B54E1912-4456-C7FC-52DE-CA7A2418ADD0}"},"severity":"Informational","severity_id":1,"src_endpoint":{"ip":"::ffff:168.136.112.69","port":60220},"status":"Success","status_code":"0x3","status_id":1,"time":1650213265000,"type_name":"Authentication: Service Ticket Request","type_uid":300204,"unmapped":{"2022 04":"42:00 PM","Additional Information":{"Ticket Encryption Type":"0x12","Ticket Options":"0x40800000","Transited Services":"-"},"EventType":"0","OpCode":"Info","Service Information":{"Service ID":"acme\\WS5731RLAZ$","Service Name":"WS5731RLAZ$"},"TaskCategory":"Kerberos Service Ticket Operations"},"user":{"account":{"name":"carbanak","type":"Windows Account","type_id":2},"domain":"acme.com","name":"carbanak"}}
{"activity_id":4,"activity_name":"Service Ticket Request","auth_protocol":"Kerberos","auth_protocol_id":2,"category_name":"Identity & Access Management","category_uid":3,"class_name":"Authentication","class_uid":3002,"device":{"hostname":"domainController@domainX.com","os":{"name":"Windows","type":"Windows","type_id":100},"type":"Unknown","type_id":0},"dst_endpoint":{"hostname":"domainController@domainX.com"},"message":"A Kerberos service ticket was requested.","metadata":{"event_code":"4769","log_name":"Security","log_provider":"Microsoft Windows security auditing.","original_time":"01/15/2018 03:20:01 AM","product":{"name":"Microsoft Windows","vendor_name":"Microsoft"},"profiles":["host"],"sequence":906793691,"uid":"6290bd781eb91e7d444e5d18828b2bb2","version":"1.4.0"},"observables":[{"name":"src_endpoint","type":"Endpoint","type_id":20},{"name":"src_endpoint.ip","type":"IP Address","type_id":2,"value":"10.23.23.23"},{"name":"src_endpoint.port","type":"Port","type_id":11,"value":"46276"},{"name":"device","type":"Endpoint","type_id":20},{"name":"device.hostname","type":"Hostname","type_id":1,"value":"domainController@domainX.com"},{"name":"dst_endpoint","type":"Endpoint","type_id":20},{"name":"dst_endpoint.hostname","type":"Hostname","type_id":1,"value":"domainController@domainX.com"},{"name":"user","type":"User","type_id":21},{"name":"user.name","type":"User Name","type_id":4,"value":"device1$@domainX.com"},{"name":"user.account.name","type":"Account Object: name","type_id":34,"value":"device1$@domainX.com"}],"raw_data":"01/15/2018 03:20:01 AM\nLogName=Security\nSourceName=Microsoft Windows security auditing.\nEventCode=4769\nEventType=0\nType=Information\nComputerName=domainController@domainX.com\nTaskCategory=Kerberos Service Ticket Operations\nOpCode=Info\nRecordNumber=906793691\nKeywords=Audit Success\nMessage=A Kerberos service ticket was requested.\nAccount Information:\n    Account Name:       device1$@domainX.com\n    Account Domain:     DOMAINX.COM\n    Logon GUID:     {BD0B2FB8-CD81-A88A-A2CD-55DBB38ABB12}\nService Information:\n    Service Name:       krbtgt\n    Service ID:     SOI\\krbtgt\nNetwork Information:\n    Client Address:     10.23.23.23\n    Client Port:        46276\nAdditional Information:\n    Ticket Options:     0x60000000\n    Ticket Encryption Type: 0x17\n    Failure Code:       0x0\n    Transited Services: -","session":{"uuid":"{BD0B2FB8-CD81-A88A-A2CD-55DBB38ABB12}"},"severity":"Informational","severity_id":1,"src_endpoint":{"ip":"10.23.23.23","port":46276},"status":"Success","status_code":"0x0","status_id":1,"time":1515986401000,"type_name":"Authentication: Service Ticket Request","type_uid":300204,"unmapped":{"Additional Information":{"Ticket Encryption Type":"0x17","Ticket Options":"0x60000000","Transited Services":"-"},"EventType":"0","OpCode":"Info","Service Information":{"Service ID":"SOI\\krbtgt","Service Name":"krbtgt"},"TaskCategory":"Kerberos Service Ticket Operations"},"user":{"account":{"name":"device1$@domainX.com","type":"Windows Account","type_id":2},"domain":"DOMAINX.COM","name":"device1$@domainX.com"}}
{"activity_id":4,"activity_name":"Service Ticket Request","auth_protocol":"Kerberos","auth_protocol_id":2,"category_name":"Identity & Access Management","category_uid":3,"class_name":"Authentication","class_uid":3002,"device":{"hostname":"uba-win11.UBA_DSlab_DOMAIN.local","os":{"name":"Windows","type":"Windows","type_id":100},"type":"Unknown","type_id":0},"dst_endpoint":{"hostname":"uba-win11.UBA_DSlab_DOMAIN.local"},"message":"A Kerberos service ticket was requested.","metadata":{"event_code":"4769","log_name":"Security","log_provider":"Microsoft Windows security auditing.","original_time":"1/18/2017 2:49:34 PM","product":{"name":"Microsoft Windows","vendor_name":"Microsoft"},"profiles":["host"],"sequence":870310595,"uid":"c8c890416312c91a6d17552071349e62","version":"1.4.0"},"observables":[{"name":"device","type":"Endpoint","type_id":20},{"name":"device.hostname","type":"Hostname","type_id":1,"value":"uba-win11.UBA_DSlab_DOMAIN.local"},{"name":"src_endpoint","type":"Endpoint","type_id":20},{"name":"src_endpoint.ip","type":"IP Address","type_id":2,"value":"::ffff:10.141.38.82"},{"name":"src_endpoint.port","type":"Port","type_id":11,"value":"49243"},{"name":"user","type":"User","type_id":21},{"name":"user.name","type":"User Name","type_id":4,"value":"ad_user1@UBA_DSLAB_DOMAIN.LOCAL"},{"name":"user.account.name","type":"Account Object: name","type_id":34,"value":"ad_user1@UBA_DSLAB_DOMAIN.LOCAL"},{"name":"dst_endpoint","type":"Endpoint","type_id":20},{"name":"dst_endpoint.hostname","type":"Hostname","type_id":1,"value":"uba-win11.UBA_DSlab_DOMAIN.local"}],"raw_data":"1/18/2017 2:49:34 PM\nLogName=Security\nSourceName=Microsoft Windows security auditing.\nEventCode=4769\nEventType=0\nType=Information\nComputerName=uba-win11.UBA_DSlab_DOMAIN.local\nTaskCategory=Kerberos Service Ticket Operations\nOpCode=Info\nRecordNumber=870310595\nKeywords=Audit Success\nMessage=A Kerberos service ticket was requested.\nAccount Information:\n    Account Name:       ad_user1@UBA_DSLAB_DOMAIN.LOCAL\n    Account Domain:     UBA_DSLAB_DOMAIN.LOCAL\n    Logon GUID:     {3d7348b9-4712-45ce-a2fa-dbca4094b710}\nService Information:\n    Service Name:       UBA-WIN11$\n    Service ID:     UBA_DSLAB_DOMAI\\UBA-WIN11$\nNetwork Information:\n    Client Address:     ::ffff:10.141.38.82\n    Client Port:        49243\nAdditional Information:\n    Ticket Options:     0x40810000\n    Ticket Encryption Type: 0x12\n    Failure Code:       0x0\n    Transited Services: -","session":{"uuid":"{3d7348b9-4712-45ce-a2fa-dbca4094b710}"},"severity":"Informational","severity_id":1,"src_endpoint":{"ip":"::ffff:10.141.38.82","port":49243},"status":"Success","status_code":"0x0","status_id":1,"time":1484750974000,"type_name":"Authentication: Service Ticket Request","type_uid":300204,"unmapped":{"Additional Information":{"Ticket Encryption Type":"0x12","Ticket Options":"0x40810000","Transited Services":"-"},"EventType":"0","OpCode":"Info","Service Information":{"Service ID":"UBA_DSLAB_DOMAI\\UBA-WIN11$","Service Name":"UBA-WIN11$"},"TaskCategory":"Kerberos Service Ticket Operations"},"user":{"account":{"name":"ad_user1@UBA_DSLAB_DOMAIN.LOCAL","type":"Windows Account","type_id":2},"domain":"UBA_DSLAB_DOMAIN.LOCAL","name":"ad_user1@UBA_DSLAB_DOMAIN.LOCAL"}}
{"activity_id":4,"activity_name":"Service Ticket Request","auth_protocol":"Kerberos","auth_protocol_id":2,"category_name":"Identity & Access Management","category_uid":3,"class_name":"Authentication","class_uid":3002,"device":{"hostname":"WSDCKAS1.emn.com","os":{"name":"Windows","type":"Windows","type_id":100},"type":"Unknown","type_id":0},"dst_endpoint":{"hostname":"WSDCKAS1.emn.com"},"message":"A Kerberos service ticket was requested.","metadata":{"event_code":"4769","log_name":"Security","log_provider":"Microsoft Windows security auditing.","original_time":"01/09/2019 05:12:38 PM","product":{"name":"Microsoft Windows","vendor_name":"Microsoft"},"profiles":["host"],"sequence":565198445,"uid":"eab4391a571eca8b445178f2e187e42e","version":"1.4.0"},"observables":[{"name":"src_endpoint","type":"Endpoint","type_id":20},{"name":"src_endpoint.ip","type":"IP Address","type_id":2,"value":"::ffff:10.51.15.1"},{"name":"src_endpoint.port","type":"Port","type_id":11,"value":"59917"},{"name":"user","type":"User","type_id":21},{"name":"user.name","type":"User Name","type_id":4,"value":"u213089@EMN.COM"},{"name":"user.account.name","type":"Account Object: name","type_id":34,"value":"u213089@EMN.COM"},{"name":"device","type":"Endpoint","type_id":20},{"name":"device.hostname","type":"Hostname","type_id":1,"value":"WSDCKAS1.emn.com"},{"name":"dst_endpoint","type":"Endpoint","type_id":20},{"name":"dst_endpoint.hostname","type":"Hostname","type_id":1,"value":"WSDCKAS1.emn.com"}],"raw_data":"01/09/2019 05:12:38 PM\nLogName=Security\nSourceName=Microsoft Windows security auditing.\nEventCode=4769\nEventType=0\nType=Information\nComputerName=WSDCKAS1.emn.com\nTaskCategory=Kerberos Service Ticket Operations\nOpCode=Info\nRecordNumber=565198445\nKeywords=Audit Success\nMessage=A Kerberos service ticket was requested.\nAccount Information:\n\tAccount Name:\t\tu213089@EMN.COM\n\tAccount Domain:\t\tEMN.COM\n\tLogon GUID:\t\t{81303AA1-D2C2-D988-9FEB-1ACF4C8085B9}\nService Information:\n\tService Name:\t\tkrbtgt\n\tService ID:\t\tEASTMAN\\krbtgt\nNetwork Information:\n\tClient Address:\t\t::ffff:10.51.15.1\n\tClient Port:\t\t59917\nAdditional Information:\n\tTicket Options:\t\t0x60810010\n\tTicket Encryption Type:\t0x17\n\tFailure Code:\t\t0x0\n\tTransited Services:\t-","session":{"uuid":"{81303AA1-D2C2-D988-9FEB-1ACF4C8085B9}"},"severity":"Informational","severity_id":1,"src_endpoint":{"ip":"::ffff:10.51.15.1","port":59917},"status":"Success","status_code":"0x0","status_id":1,"time":1547053958000,"type_name":"Authentication: Service Ticket Request","type_uid":300204,"unmapped":{"Additional Information":{"Ticket Encryption Type":"0x17","Ticket Options":"0x60810010","Transited Services":"-"},"EventType":"0","OpCode":"Info","Service Information":{"Service ID":"EASTMAN\\krbtgt","Service Name":"krbtgt"},"TaskCategory":"Kerberos Service Ticket Operations"},"user":{"account":{"name":"u213089@EMN.COM","type":"Windows Account","type_id":2},"domain":"EMN.COM","name":"u213089@EMN.COM"}}
{"activity_id":4,"activity_name":"Service Ticket Request","auth_protocol":"Kerberos","auth_protocol_id":2,"category_name":"Identity & Access Management","category_uid":3,"class_name":"Authentication","class_uid":3002,"device":{"hostname":"domainController@domainX.com","os":{"name":"Windows","type":"Windows","type_id":100},"type":"Unknown","type_id":0},"dst_endpoint":{"hostname":"domainController@domainX.com"},"message":"A Kerberos service ticket was requested.","metadata":{"event_code":"4769","log_name":"Security","log_provider":"Microsoft Windows security auditing.","original_time":"01/15/2018 03:20:01 AM","product":{"name":"Microsoft Windows","vendor_name":"Microsoft"},"profiles":["host"],"sequence":906793691,"uid":"c6797e5d0e76cf7a974acd06deea11ab","version":"1.4.0"},"observables":[{"name":"dst_endpoint","type":"Endpoint","type_id":20},{"name":"dst_endpoint.hostname","type":"Hostname","type_id":1,"value":"domainController@domainX.com"},{"name":"device","type":"Endpoint","type_id":20},{"name":"device.hostname","type":"Hostname","type_id":1,"value":"domainController@domainX.com"},{"name":"user","type":"User","type_id":21},{"name":"user.account.name","type":"Account Object: name","type_id":34,"value":"device1$"},{"name":"user.name","type":"User Name","type_id":4,"value":"device1$"},{"name":"src_endpoint","type":"Endpoint","type_id":20},{"name":"src_endpoint.ip","type":"IP Address","type_id":2,"value":"10.23.23.23"},{"name":"src_endpoint.port","type":"Port","type_id":11,"value":"46276"}],"raw_data":"01/15/2018 03:20:01 AM\nLogName=Security\nSourceName=Microsoft Windows security auditing.\nEventCode=4769\nEventType=0\nType=Information\nComputerName=domainController@domainX.com\nTaskCategory=Kerberos Service Ticket Operations\nOpCode=Info\nRecordNumber=906793691\nKeywords=Audit Success\nMessage=A Kerberos service ticket was requested.\nAccount Information:\n    Account Name:       device1$\n    Account Domain:     DOMAINX.COM\n    Logon GUID:     {BD0B2FB8-CD81-A88A-A2CD-55DBB38ABB12}\nService Information:\n    Service Name:       krbtgt\n    Service ID:     SOI\\krbtgt\nNetwork Information:\n    Client Address:     10.23.23.23\n    Client Port:        46276\nAdditional Information:\n    Ticket Options:     0x60000000\n    Ticket Encryption Type: 0x17\n    Failure Code:       0x0\n    Transited Services: -","session":{"uuid":"{BD0B2FB8-CD81-A88A-A2CD-55DBB38ABB12}"},"severity":"Informational","severity_id":1,"src_endpoint":{"ip":"10.23.23.23","port":46276},"status":"Success","status_code":"0x0","status_id":1,"time":1515986401000,"type_name":"Authentication: Service Ticket Request","type_uid":300204,"unmapped":{"Additional Information":{"Ticket Encryption Type":"0x17","Ticket Options":"0x60000000","Transited Services":"-"},"EventType":"0","OpCode":"Info","Service Information":{"Service ID":"SOI\\krbtgt","Service Name":"krbtgt"},"TaskCategory":"Kerberos Service Ticket Operations"},"user":{"account":{"name":"device1$","type":"Windows Account","type_id":2},"domain":"DOMAINX.COM","name":"device1$"}}
{"activity_id":4,"activity_name":"Service Ticket Request","auth_protocol":"Kerberos","auth_protocol_id":2,"category_name":"Identity & Access Management","category_uid":3,"class_name":"Authentication","class_uid":3002,"device":{"hostname":"WSDCKPTC4.acme.com","os":{"name":"Windows","type":"Windows","type_id":100},"type":"Unknown","type_id":0},"dst_endpoint":{"hostname":"WSDCKPTC4.acme.com"},"message":"A Kerberos service ticket was requested.","metadata":{"event_code":"4769","log_name":"Security","log_provider":"Microsoft Windows security auditing.","original_time":"04/17/2022 04:34:25 PM","product":{"name":"Microsoft Windows","vendor_name":"Microsoft"},"profiles":["host"],"sequence":4224166935,"uid":"4895a046b4e083bc2ffbd68345427122","version":"1.4.0"},"observables":[{"name":"user","type":"User","type_id":21},{"name":"user.account.name","type":"Account Object: name","type_id":34,"value":"carbanak@acme.com"},{"name":"user.name","type":"User Name","type_id":4,"value":"carbanak@acme.com"},{"name":"device","type":"Endpoint","type_id":20},{"name":"device.hostname","type":"Hostname","type_id":1,"value":"WSDCKPTC4.acme.com"},{"name":"dst_endpoint","type":"Endpoint","type_id":20},{"name":"dst_endpoint.hostname","type":"Hostname","type_id":1,"value":"WSDCKPTC4.acme.com"},{"name":"src_endpoint","type":"Endpoint","type_id":20},{"name":"src_endpoint.ip","type":"IP Address","type_id":2,"value":"::ffff:168.136.112.69"},{"name":"src_endpoint.port","type":"Port","type_id":11,"value":"60210"}],"raw_data":"04/17/2022 04:34:25 PM\nLogName=Security\nSourceName=Microsoft Windows security auditing.\nEventCode=4769\nEventType=0\nType=Information\nComputerName=WSDCKPTC4.acme.com\nTaskCategory=Kerberos Service Ticket Operations\nOpCode=Info\nRecordNumber=4224166935\nKeywords=Audit Success\nMessage=A Kerberos service ticket was requested.\nAccount Information:\n\tAccount Name:\t\tcarbanak@acme.com\n\tAccount Domain:\t\tacme.com\n\tLogon GUID:\t\t{5422BC08-314D-7945-E403-E393C583C00A}\nService Information:\n\tService Name:\t\tCNU2509KYQ-A$\n\tService ID:\t\tacme\\CNU2509KYQ-A$\nNetwork Information:\n\tClient Address:\t\t::ffff:168.136.112.69\n\tClient Port:\t\t60210\nAdditional Information:\n\tTicket Options:\t\t0x40810000\n\tTicket Encryption Type:\t0x12\n\tFailure Code:\t\t0x0\n\tTransited Services:\t-","session":{"uuid":"{5422BC08-314D-7945-E403-E393C583C00A}"},"severity":"Informational","severity_id":1,"src_endpoint":{"ip":"::ffff:168.136.112.69","port":60210},"status":"Success","status_code":"0x0","status_id":1,"time":1650213265000,"type_name":"Authentication: Service Ticket Request","type_uid":300204,"unmapped":{"Additional Information":{"Ticket Encryption Type":"0x12","Ticket Options":"0x40810000","Transited Services":"-"},"EventType":"0","OpCode":"Info","Service Information":{"Service ID":"acme\\CNU2509KYQ-A$","Service Name":"CNU2509KYQ-A$"},"TaskCategory":"Kerberos Service Ticket Operations"},"user":{"account":{"name":"carbanak@acme.com","type":"Windows Account","type_id":2},"domain":"acme.com","name":"carbanak@acme.com"}}
{"activity_id":4,"activity_name":"Service Ticket Request","auth_protocol":"Kerberos","auth_protocol_id":2,"category_name":"Identity & Access Management","category_uid":3,"class_name":"Authentication","class_uid":3002,"device":{"hostname":"WSDCKPTC4.acme.com","os":{"name":"Windows","type":"Windows","type_id":100},"type":"Unknown","type_id":0},"dst_endpoint":{"hostname":"WSDCKPTC4.acme.com"},"message":"A Kerberos service ticket was requested.","metadata":{"event_code":"4769","log_name":"Security","log_provider":"Microsoft Windows security auditing.","original_time":"04/20/2022 04:34:25 PM","product":{"name":"Microsoft Windows","vendor_name":"Microsoft"},"profiles":["host"],"sequence":4224166935,"uid":"291abd4dd68a1179414808714c9e92ac","version":"1.4.0"},"observables":[{"name":"device","type":"Endpoint","type_id":20},{"name":"device.hostname","type":"Hostname","type_id":1,"value":"WSDCKPTC4.acme.com"},{"name":"dst_endpoint","type":"Endpoint","type_id":20},{"name":"dst_endpoint.hostname","type":"Hostname","type_id":1,"value":"WSDCKPTC4.acme.com"},{"name":"user","type":"User","type_id":21},{"name":"user.account.name","type":"Account Object: name","type_id":34,"value":"carbanak@acme.com"},{"name":"user.name","type":"User Name","type_id":4,"value":"carbanak@acme.com"},{"name":"src_endpoint","type":"Endpoint","type_id":20},{"name":"src_endpoint.port","type":"Port","type_id":11,"value":"60210"},{"name":"src_endpoint.ip","type":"IP Address","type_id":2,"value":"::ffff:168.136.112.69"}],"raw_data":"04/20/2022 04:34:25 PM\nLogName=Security\nSourceName=Microsoft Windows security auditing.\nEventCode=4769\nEventType=0\nType=Information\nComputerName=WSDCKPTC4.acme.com\nTaskCategory=Kerberos Service Ticket Operations\nOpCode=Info\nRecordNumber=4224166935\nKeywords=Audit Success\nMessage=A Kerberos service ticket was requested.\nAccount Information:\n\tAccount Name:\t\tcarbanak@acme.com\n\tAccount Domain:\t\tacme.com\n\tLogon GUID:\t\t{5422BC08-314D-7945-E403-E393C583C00A}\nService Information:\n\tService Name:\t\tCNU2509KYQ-A$\n\tService ID:\t\tacme\\CNU2509KYQ-A$\nNetwork Information:\n\tClient Address:\t\t::ffff:168.136.112.69\n\tClient Port:\t\t60210\nAdditional Information:\n\tTicket Options:\t\t0x40810000\n\tTicket Encryption Type:\t0x12\n\tFailure Code:\t\t0x0\n\tTransited Services:\t-\n","session":{"uuid":"{5422BC08-314D-7945-E403-E393C583C00A}"},"severity":"Informational","severity_id":1,"src_endpoint":{"ip":"::ffff:168.136.112.69","port":60210},"status":"Success","status_code":"0x0","status_id":1,"time":1650472465000,"type_name":"Authentication: Service Ticket Request","type_uid":300204,"unmapped":{"Additional Information":{"Ticket Encryption Type":"0x12","Ticket Options":"0x40810000","Transited Services":"-"},"EventType":"0","OpCode":"Info","Service Information":{"Service ID":"acme\\CNU2509KYQ-A$","Service Name":"CNU2509KYQ-A$"},"TaskCategory":"Kerberos Service Ticket Operations"},"user":{"account":{"name":"carbanak@acme.com","type":"Windows Account","type_id":2},"domain":"acme.com","name":"carbanak@acme.com"}}
{"activity_id":4,"activity_name":"Service Ticket Request","auth_protocol":"Kerberos","auth_protocol_id":2,"category_name":"Identity & Access Management","category_uid":3,"class_name":"Authentication","class_uid":3002,"device":{"hostname":"WSDCKPTC4.acme.com","os":{"name":"Windows","type":"Windows","type_id":100},"type":"Unknown","type_id":0},"dst_endpoint":{"hostname":"WSDCKPTC4.acme.com"},"message":"A Kerberos service ticket was requested.","metadata":{"event_code":"4769","log_name":"Security","log_provider":"Microsoft Windows security auditing.","original_time":"04/20/2022 04:34:26 PM","product":{"name":"Microsoft Windows","vendor_name":"Microsoft"},"profiles":["host"],"sequence":4224166980,"uid":"b4d0ec410edcf5a712ec1619d40f84d9","version":"1.4.0"},"observables":[{"name":"dst_endpoint","type":"Endpoint","type_id":20},{"name":"dst_endpoint.hostname","type":"Hostname","type_id":1,"value":"WSDCKPTC4.acme.com"},{"name":"src_endpoint","type":"Endpoint","type_id":20},{"name":"src_endpoint.port","type":"Port","type_id":11,"value":"60220"},{"name":"src_endpoint.ip","type":"IP Address","type_id":2,"value":"::ffff:168.136.112.69"},{"name":"device","type":"Endpoint","type_id":20},{"name":"device.hostname","type":"Hostname","type_id":1,"value":"WSDCKPTC4.acme.com"},{"name":"user","type":"User","type_id":21},{"name":"user.name","type":"User Name","type_id":4,"value":"carbanak"},{"name":"user.account.name","type":"Account Object: name","type_id":34,"value":"carbanak"}],"raw_data":"04/20/2022 04:34:26 PM\nLogName=Security\nSourceName=Microsoft Windows security auditing.\nEventCode=4769\nEventType=0\nType=Information\nComputerName=WSDCKPTC4.acme.com\nTaskCategory=Kerberos Service Ticket Operations\nOpCode=Info\nRecordNumber=4224166980\nKeywords=Audit Success\nMessage=A Kerberos service ticket was requested.\nAccount Information:\n\tAccount Name:\t\tcarbanak\n\tAccount Domain:\t\tacme.com\n\tLogon GUID:\t\t{B54E1912-4456-C7FC-52DE-CA7A2418ADD0}\nService Information:\n\tService Name:\t\tCNU2509KYQ$\n\tService ID:\t\tacme\\CNU2509KYQ$\nNetwork Information:\n\tClient Address:\t\t::ffff:168.136.112.69\n\tClient Port:\t\t60220\nAdditional Information:\n\tTicket Options:\t\t0x40800000\n\tTicket Encryption Type:\t0x12\n\tFailure Code:\t\t0x0\n\tTransited Services:\t-\n","session":{"uuid":"{B54E1912-4456-C7FC-52DE-CA7A2418ADD0}"},"severity":"Informational","severity_id":1,"src_endpoint":{"ip":"::ffff:168.136.112.69","port":60220},"status":"Success","status_code":"0x0","status_id":1,"time":1650472466000,"type_name":"Authentication: Service Ticket Request","type_uid":300204,"unmapped":{"Additional Information":{"Ticket Encryption Type":"0x12","Ticket Options":"0x40800000","Transited Services":"-"},"EventType":"0","OpCode":"Info","Service Information":{"Service ID":"acme\\CNU2509KYQ$","Service Name":"CNU2509KYQ$"},"TaskCategory":"Kerberos Service Ticket Operations"},"user":{"account":{"name":"carbanak","type":"Windows Account","type_id":2},"domain":"acme.com","name":"carbanak"}}
{"activity_id":4,"activity_name":"Service Ticket Request","auth_protocol":"Kerberos","auth_protocol_id":2,"category_name":"Identity & Access Management","category_uid":3,"class_name":"Authentication","class_uid":3002,"device":{"hostname":"WSDCKPTC4.acme.com","os":{"name":"Windows","type":"Windows","type_id":100},"type":"Unknown","type_id":0},"dst_endpoint":{"hostname":"WSDCKPTC4.acme.com"},"message":"A Kerberos service ticket was requested.","metadata":{"event_code":"4769","log_name":"Security","log_provider":"Microsoft Windows security auditing.","original_time":"04/20/2022 04:34:26 PM","product":{"name":"Microsoft Windows","vendor_name":"Microsoft"},"profiles":["host"],"sequence":4224166980,"uid":"c8d457e92c86aba4b897aa594c563495","version":"1.4.0"},"observables":[{"name":"dst_endpoint","type":"Endpoint","type_id":20},{"name":"dst_endpoint.hostname","type":"Hostname","type_id":1,"value":"WSDCKPTC4.acme.com"},{"name":"src_endpoint","type":"Endpoint","type_id":20},{"name":"src_endpoint.ip","type":"IP Address","type_id":2,"value":"::ffff:168.136.112.69"},{"name":"src_endpoint.port","type":"Port","type_id":11,"value":"60220"},{"name":"user","type":"User","type_id":21},{"name":"user.name","type":"User Name","type_id":4,"value":"carbanak"},{"name":"user.account.name","type":"Account Object: name","type_id":34,"value":"carbanak"},{"name":"device","type":"Endpoint","type_id":20},{"name":"device.hostname","type":"Hostname","type_id":1,"value":"WSDCKPTC4.acme.com"}],"raw_data":"04/20/2022 04:34:26 PM\nLogName=Security\nSourceName=Microsoft Windows security auditing.\nEventCode=4769\nEventType=0\nType=Information\nComputerName=WSDCKPTC4.acme.com\nTaskCategory=Kerberos Service Ticket Operations\nOpCode=Info\nRecordNumber=4224166980\nKeywords=Audit Success\nMessage=A Kerberos service ticket was requested.\nAccount Information:\n\tAccount Name:\t\tcarbanak\n\tAccount Domain:\t\tacme.com\n\tLogon GUID:\t\t{B54E1912-4456-C7FC-52DE-CA7A2418ADD0}\nService Information:\n\tService Name:\t\tCNU2509KYQ$\n\tService ID:\t\tacme\\CNU2509KYQ$\nNetwork Information:\n\tClient Address:\t\t::ffff:168.136.112.69\n\tClient Port:\t\t60220\nAdditional Information:\n\tTicket Options:\t\t0x40800000\n\tTicket Encryption Type:\t0x12\n\tFailure Code:\t\t0x10\n\tTransited Services:\t-\n","session":{"uuid":"{B54E1912-4456-C7FC-52DE-CA7A2418ADD0}"},"severity":"Informational","severity_id":1,"src_endpoint":{"ip":"::ffff:168.136.112.69","port":60220},"status":"Success","status_code":"0x10","status_id":1,"time":1650472466000,"type_name":"Authentication: Service Ticket Request","type_uid":300204,"unmapped":{"Additional Information":{"Ticket Encryption Type":"0x12","Ticket Options":"0x40800000","Transited Services":"-"},"EventType":"0","OpCode":"Info","Service Information":{"Service ID":"acme\\CNU2509KYQ$","Service Name":"CNU2509KYQ$"},"TaskCategory":"Kerberos Service Ticket Operations"},"user":{"account":{"name":"carbanak","type":"Windows Account","type_id":2},"domain":"acme.com","name":"carbanak"}}
{"activity_id":4,"activity_name":"Service Ticket Request","auth_protocol":"Kerberos","auth_protocol_id":2,"category_name":"Identity & Access Management","category_uid":3,"class_name":"Authentication","class_uid":3002,"device":{"hostname":"WSDCKPTC4.acme.com","os":{"name":"Windows","type":"Windows","type_id":100},"type":"Unknown","type_id":0},"dst_endpoint":{"hostname":"WSDCKPTC4.acme.com"},"message":"A Kerberos service ticket was requested.","metadata":{"event_code":"4769","log_name":"Security","log_provider":"Microsoft Windows security auditing.","original_time":"04/21/2022 04:34:25 PM","product":{"name":"Microsoft Windows","vendor_name":"Microsoft"},"profiles":["host"],"sequence":4224166935,"uid":"6efc3ae76ec7a070fc7a86800e29239c","version":"1.4.0"},"observables":[{"name":"src_endpoint","type":"Endpoint","type_id":20},{"name":"src_endpoint.ip","type":"IP Address","type_id":2,"value":"::ffff:168.136.112.69"},{"name":"src_endpoint.port","type":"Port","type_id":11,"value":"60210"},{"name":"device","type":"Endpoint","type_id":20},{"name":"device.hostname","type":"Hostname","type_id":1,"value":"WSDCKPTC4.acme.com"},{"name":"dst_endpoint","type":"Endpoint","type_id":20},{"name":"dst_endpoint.hostname","type":"Hostname","type_id":1,"value":"WSDCKPTC4.acme.com"},{"name":"user","type":"User","type_id":21},{"name":"user.account.name","type":"Account Object: name","type_id":34,"value":"carbanak@acme.com"},{"name":"user.name","type":"User Name","type_id":4,"value":"carbanak@acme.com"}],"raw_data":"04/21/2022 04:34:25 PM\nLogName=Security\nSourceName=Microsoft Windows security auditing.\nEventCode=4769\nEventType=0\nType=Information\nComputerName=WSDCKPTC4.acme.com\nTaskCategory=Kerberos Service Ticket Operations\nOpCode=Info\nRecordNumber=4224166935\nKeywords=Audit Success\nMessage=A Kerberos service ticket was requested.\nAccount Information:\n\tAccount Name:\t\tcarbanak@acme.com\n\tAccount Domain:\t\tacme.com\n\tLogon GUID:\t\t{5422BC08-314D-7945-E403-E393C583C00A}\nService Information:\n\tService Name:\t\tCNU2509KYQ-A$\n\tService ID:\t\tacme\\CNU2509KYQ-A$\nNetwork Information:\n\tClient Address:\t\t::ffff:168.136.112.69\n\tClient Port:\t\t60210\nAdditional Information:\n\tTicket Options:\t\t0x40810000\n\tTicket Encryption Type:\t0x12\n\tFailure Code:\t\t0x0\n\tTransited Services:\t-\n","session":{"uuid":"{5422BC08-314D-7945-E403-E393C583C00A}"},"severity":"Informational","severity_id":1,"src_endpoint":{"ip":"::ffff:168.136.112.69","port":60210},"status":"Success","status_code":"0x0","status_id":1,"time":1650558865000,"type_name":"Authentication: Service Ticket Request","type_uid":300204,"unmapped":{"Additional Information":{"Ticket Encryption Type":"0x12","Ticket Options":"0x40810000","Transited Services":"-"},"EventType":"0","OpCode":"Info","Service Information":{"Service ID":"acme\\CNU2509KYQ-A$","Service Name":"CNU2509KYQ-A$"},"TaskCategory":"Kerberos Service Ticket Operations"},"user":{"account":{"name":"carbanak@acme.com","type":"Windows Account","type_id":2},"domain":"acme.com","name":"carbanak@acme.com"}}
{"activity_id":4,"activity_name":"Service Ticket Request","auth_protocol":"Kerberos","auth_protocol_id":2,"category_name":"Identity & Access Management","category_uid":3,"class_name":"Authentication","class_uid":3002,"device":{"hostname":"WSDCKPTC4.acme.com","os":{"name":"Windows","type":"Windows","type_id":100},"type":"Unknown","type_id":0},"dst_endpoint":{"hostname":"WSDCKPTC4.acme.com"},"message":"A Kerberos service ticket was requested.","metadata":{"event_code":"4769","log_name":"Security","log_provider":"Microsoft Windows security auditing.","original_time":"04/21/2022 04:34:26 PM","product":{"name":"Microsoft Windows","vendor_name":"Microsoft"},"profiles":["host"],"sequence":4224166980,"uid":"d7c9b0e6b0cc17c7cd605ae2479c5de3","version":"1.4.0"},"observables":[{"name":"dst_endpoint","type":"Endpoint","type_id":20},{"name":"dst_endpoint.hostname","type":"Hostname","type_id":1,"value":"WSDCKPTC4.acme.com"},{"name":"user","type":"User","type_id":21},{"name":"user.account.name","type":"Account Object: name","type_id":34,"value":"carbanak"},{"name":"user.name","type":"User Name","type_id":4,"value":"carbanak"},{"name":"src_endpoint","type":"Endpoint","type_id":20},{"name":"src_endpoint.ip","type":"IP Address","type_id":2,"value":"::ffff:168.136.112.69"},{"name":"src_endpoint.port","type":"Port","type_id":11,"value":"60220"},{"name":"device","type":"Endpoint","type_id":20},{"name":"device.hostname","type":"Hostname","type_id":1,"value":"WSDCKPTC4.acme.com"}],"raw_data":"04/21/2022 04:34:26 PM\nLogName=Security\nSourceName=Microsoft Windows security auditing.\nEventCode=4769\nEventType=0\nType=Information\nComputerName=WSDCKPTC4.acme.com\nTaskCategory=Kerberos Service Ticket Operations\nOpCode=Info\nRecordNumber=4224166980\nKeywords=Audit Success\nMessage=A Kerberos service ticket was requested.\nAccount Information:\n\tAccount Name:\t\tcarbanak\n\tAccount Domain:\t\tacme.com\n\tLogon GUID:\t\t{B54E1912-4456-C7FC-52DE-CA7A2418ADD0}\nService Information:\n\tService Name:\t\tCNU2509KYQ$\n\tService ID:\t\tacme\\CNU2509KYQ$\nNetwork Information:\n\tClient Address:\t\t::ffff:168.136.112.69\n\tClient Port:\t\t60220\nAdditional Information:\n\tTicket Options:\t\t0x40800000\n\tTicket Encryption Type:\t0x12\n\tFailure Code:\t\t0x0\n\tTransited Services:\t-\n","session":{"uuid":"{B54E1912-4456-C7FC-52DE-CA7A2418ADD0}"},"severity":"Informational","severity_id":1,"src_endpoint":{"ip":"::ffff:168.136.112.69","port":60220},"status":"Success","status_code":"0x0","status_id":1,"time":1650558866000,"type_name":"Authentication: Service Ticket Request","type_uid":300204,"unmapped":{"Additional Information":{"Ticket Encryption Type":"0x12","Ticket Options":"0x40800000","Transited Services":"-"},"EventType":"0","OpCode":"Info","Service Information":{"Service ID":"acme\\CNU2509KYQ$","Service Name":"CNU2509KYQ$"},"TaskCategory":"Kerberos Service Ticket Operations"},"user":{"account":{"name":"carbanak","type":"Windows Account","type_id":2},"domain":"acme.com","name":"carbanak"}}
{"activity_id":4,"activity_name":"Service Ticket Request","auth_protocol":"Kerberos","auth_protocol_id":2,"category_name":"Identity & Access Management","category_uid":3,"class_name":"Authentication","class_uid":3002,"device":{"hostname":"WSDCKPTC4.acme.com","os":{"name":"Windows","type":"Windows","type_id":100},"type":"Unknown","type_id":0},"dst_endpoint":{"hostname":"WSDCKPTC4.acme.com"},"message":"A Kerberos service ticket was requested.","metadata":{"event_code":"4769","log_name":"Security","log_provider":"Microsoft Windows security auditing.","original_time":"04/21/2022 04:34:26 PM","product":{"name":"Microsoft Windows","vendor_name":"Microsoft"},"profiles":["host"],"sequence":4224166980,"uid":"4f9054b5556bdca1aacefd92e8425561","version":"1.4.0"},"observables":[{"name":"dst_endpoint","type":"Endpoint","type_id":20},{"name":"dst_endpoint.hostname","type":"Hostname","type_id":1,"value":"WSDCKPTC4.acme.com"},{"name":"device","type":"Endpoint","type_id":20},{"name":"device.hostname","type":"Hostname","type_id":1,"value":"WSDCKPTC4.acme.com"},{"name":"user","type":"User","type_id":21},{"name":"user.account.name","type":"Account Object: name","type_id":34,"value":"carbanak"},{"name":"user.name","type":"User Name","type_id":4,"value":"carbanak"},{"name":"src_endpoint","type":"Endpoint","type_id":20},{"name":"src_endpoint.ip","type":"IP Address","type_id":2,"value":"::ffff:168.136.112.69"},{"name":"src_endpoint.port","type":"Port","type_id":11,"value":"60220"}],"raw_data":"04/21/2022 04:34:26 PM\nLogName=Security\nSourceName=Microsoft Windows security auditing.\nEventCode=4769\nEventType=0\nType=Information\nComputerName=WSDCKPTC4.acme.com\nTaskCategory=Kerberos Service Ticket Operations\nOpCode=Info\nRecordNumber=4224166980\nKeywords=Audit Success\nMessage=A Kerberos service ticket was requested.\nAccount Information:\n\tAccount Name:\t\tcarbanak\n\tAccount Domain:\t\tacme.com\n\tLogon GUID:\t\t{B54E1912-4456-C7FC-52DE-CA7A2418ADD0}\nService Information:\n\tService Name:\t\tCNU2509KYQ$\n\tService ID:\t\tacme\\CNU2509KYQ$\nNetwork Information:\n\tClient Address:\t\t::ffff:168.136.112.69\n\tClient Port:\t\t60220\nAdditional Information:\n\tTicket Options:\t\t0x40800000\n\tTicket Encryption Type:\t0x12\n\tFailure Code:\t\t0x10\n\tTransited Services:\t-\n","session":{"uuid":"{B54E1912-4456-C7FC-52DE-CA7A2418ADD0}"},"severity":"Informational","severity_id":1,"src_endpoint":{"ip":"::ffff:168.136.112.69","port":60220},"status":"Success","status_code":"0x10","status_id":1,"time":1650558866000,"type_name":"Authentication: Service Ticket Request","type_uid":300204,"unmapped":{"Additional Information":{"Ticket Encryption Type":"0x12","Ticket Options":"0x40800000","Transited Services":"-"},"EventType":"0","OpCode":"Info","Service Information":{"Service ID":"acme\\CNU2509KYQ$","Service Name":"CNU2509KYQ$"},"TaskCategory":"Kerberos Service Ticket Operations"},"user":{"account":{"name":"carbanak","type":"Windows Account","type_id":2},"domain":"acme.com","name":"carbanak"}}
{"activity_id":4,"activity_name":"Service Ticket Request","auth_protocol":"Kerberos","auth_protocol_id":2,"category_name":"Identity & Access Management","category_uid":3,"class_name":"Authentication","class_uid":3002,"device":{"hostname":"WSDCKPTC4.acme.com","os":{"name":"Windows","type":"Windows","type_id":100},"type":"Unknown","type_id":0},"dst_endpoint":{"hostname":"WSDCKPTC4.acme.com"},"message":"A Kerberos service ticket was requested.","metadata":{"event_code":"4769","log_name":"Security","log_provider":"Microsoft Windows security auditing.","original_time":"04/22/2022 04:34:25 PM","product":{"name":"Microsoft Windows","vendor_name":"Microsoft"},"profiles":["host"],"sequence":4224166935,"uid":"df1c04c9f2152b730e11ecdf1ef46379","version":"1.4.0"},"observables":[{"name":"device","type":"Endpoint","type_id":20},{"name":"device.hostname","type":"Hostname","type_id":1,"value":"WSDCKPTC4.acme.com"},{"name":"src_endpoint","type":"Endpoint","type_id":20},{"name":"src_endpoint.ip","type":"IP Address","type_id":2,"value":"::ffff:168.136.112.69"},{"name":"src_endpoint.port","type":"Port","type_id":11,"value":"60210"},{"name":"dst_endpoint","type":"Endpoint","type_id":20},{"name":"dst_endpoint.hostname","type":"Hostname","type_id":1,"value":"WSDCKPTC4.acme.com"},{"name":"user","type":"User","type_id":21},{"name":"user.name","type":"User Name","type_id":4,"value":"carbanak@acme.com"},{"name":"user.account.name","type":"Account Object: name","type_id":34,"value":"carbanak@acme.com"}],"raw_data":"04/22/2022 04:34:25 PM\nLogName=Security\nSourceName=Microsoft Windows security auditing.\nEventCode=4769\nEventType=0\nType=Information\nComputerName=WSDCKPTC4.acme.com\nTaskCategory=Kerberos Service Ticket Operations\nOpCode=Info\nRecordNumber=4224166935\nKeywords=Audit Success\nMessage=A Kerberos service ticket was requested.\nAccount Information:\n\tAccount Name:\t\tcarbanak@acme.com\n\tAccount Domain:\t\tacme.com\n\tLogon GUID:\t\t{5422BC08-314D-7945-E403-E393C583C00A}\nService Information:\n\tService Name:\t\tCNU2509KYQ-A$\n\tService ID:\t\tacme\\CNU2509KYQ-A$\nNetwork Information:\n\tClient Address:\t\t::ffff:168.136.112.69\n\tClient Port:\t\t60210\nAdditional Information:\n\tTicket Options:\t\t0x40810000\n\tTicket Encryption Type:\t0x12\n\tFailure Code:\t\t0x0\n\tTransited Services:\t-\n","session":{"uuid":"{5422BC08-314D-7945-E403-E393C583C00A}"},"severity":"Informational","severity_id":1,"src_endpoint":{"ip":"::ffff:168.136.112.69","port":60210},"status":"Success","status_code":"0x0","status_id":1,"time":1650645265000,"type_name":"Authentication: Service Ticket Request","type_uid":300204,"unmapped":{"Additional Information":{"Ticket Encryption Type":"0x12","Ticket Options":"0x40810000","Transited Services":"-"},"EventType":"0","OpCode":"Info","Service Information":{"Service ID":"acme\\CNU2509KYQ-A$","Service Name":"CNU2509KYQ-A$"},"TaskCategory":"Kerberos Service Ticket Operations"},"user":{"account":{"name":"carbanak@acme.com","type":"Windows Account","type_id":2},"domain":"acme.com","name":"carbanak@acme.com"}}
{"activity_id":4,"activity_name":"Service Ticket Request","auth_protocol":"Kerberos","auth_protocol_id":2,"category_name":"Identity & Access Management","category_uid":3,"class_name":"Authentication","class_uid":3002,"device":{"hostname":"WSDCKPTC4.acme.com","os":{"name":"Windows","type":"Windows","type_id":100},"type":"Unknown","type_id":0},"dst_endpoint":{"hostname":"WSDCKPTC4.acme.com"},"message":"A Kerberos service ticket was requested.","metadata":{"event_code":"4769","log_name":"Security","log_provider":"Microsoft Windows security auditing.","original_time":"04/22/2022 04:34:26 PM","product":{"name":"Microsoft Windows","vendor_name":"Microsoft"},"profiles":["host"],"sequence":4224166980,"uid":"dd6cdf3d0af4b1dc22df36fca462e63a","version":"1.4.0"},"observables":[{"name":"device","type":"Endpoint","type_id":20},{"name":"device.hostname","type":"Hostname","type_id":1,"value":"WSDCKPTC4.acme.com"},{"name":"dst_endpoint","type":"Endpoint","type_id":20},{"name":"dst_endpoint.hostname","type":"Hostname","type_id":1,"value":"WSDCKPTC4.acme.com"},{"name":"user","type":"User","type_id":21},{"name":"user.account.name","type":"Account Object: name","type_id":34,"value":"carbanak"},{"name":"user.name","type":"User Name","type_id":4,"value":"carbanak"},{"name":"src_endpoint","type":"Endpoint","type_id":20},{"name":"src_endpoint.ip","type":"IP Address","type_id":2,"value":"::ffff:168.136.112.69"},{"name":"src_endpoint.port","type":"Port","type_id":11,"value":"60220"}],"raw_data":"04/22/2022 04:34:26 PM\nLogName=Security\nSourceName=Microsoft Windows security auditing.\nEventCode=4769\nEventType=0\nType=Information\nComputerName=WSDCKPTC4.acme.com\nTaskCategory=Kerberos Service Ticket Operations\nOpCode=Info\nRecordNumber=4224166980\nKeywords=Audit Success\nMessage=A Kerberos service ticket was requested.\nAccount Information:\n\tAccount Name:\t\tcarbanak\n\tAccount Domain:\t\tacme.com\n\tLogon GUID:\t\t{B54E1912-4456-C7FC-52DE-CA7A2418ADD0}\nService Information:\n\tService Name:\t\tCNU2509KYQ$\n\tService ID:\t\tacme\\CNU2509KYQ$\nNetwork Information:\n\tClient Address:\t\t::ffff:168.136.112.69\n\tClient Port:\t\t60220\nAdditional Information:\n\tTicket Options:\t\t0x40800000\n\tTicket Encryption Type:\t0x12\n\tFailure Code:\t\t0x10\n\tTransited Services:\t-\n","session":{"uuid":"{B54E1912-4456-C7FC-52DE-CA7A2418ADD0}"},"severity":"Informational","severity_id":1,"src_endpoint":{"ip":"::ffff:168.136.112.69","port":60220},"status":"Success","status_code":"0x10","status_id":1,"time":1650645266000,"type_name":"Authentication: Service Ticket Request","type_uid":300204,"unmapped":{"Additional Information":{"Ticket Encryption Type":"0x12","Ticket Options":"0x40800000","Transited Services":"-"},"EventType":"0","OpCode":"Info","Service Information":{"Service ID":"acme\\CNU2509KYQ$","Service Name":"CNU2509KYQ$"},"TaskCategory":"Kerberos Service Ticket Operations"},"user":{"account":{"name":"carbanak","type":"Windows Account","type_id":2},"domain":"acme.com","name":"carbanak"}}
