{"activity_id":4,"activity_name":"Service Ticket Request","auth_protocol":"Kerberos","auth_protocol_id":2,"category_name":"Identity & Access Management","category_uid":3,"class_name":"Authentication","class_uid":3002,"device":{"hostname":"WSDCKPTC4.acme.com","os":{"name":"Windows","type":"Windows","type_id":100},"type":"Unknown","type_id":0},"dst_endpoint":{"hostname":"WSDCKPTC4.acme.com"},"message":"A Kerberos service ticket was requested.","metadata":{"event_code":"4769","log_name":"Security","log_provider":"Microsoft Windows security auditing.","original_time":"04/27/2022 04:34:26 PM","product":{"name":"Microsoft Windows","vendor_name":"Microsoft"},"profiles":["host"],"sequence":4224166980,"uid":"47ccef20f15b12dcfd341e6006a17350","version":"1.4.0"},"observables":[{"name":"src_endpoint","type":"Endpoint","type_id":20},{"name":"src_endpoint.ip","type":"IP Address","type_id":2,"value":"::ffff:168.136.112.69"},{"name":"src_endpoint.port","type":"Port","type_id":11,"value":"60220"},{"name":"user","type":"User","type_id":21},{"name":"user.account.name","type":"Account Object: name","type_id":34,"value":"carbanak"},{"name":"user.name","type":"User Name","type_id":4,"value":"carbanak"},{"name":"dst_endpoint","type":"Endpoint","type_id":20},{"name":"dst_endpoint.hostname","type":"Hostname","type_id":1,"value":"WSDCKPTC4.acme.com"},{"name":"device","type":"Endpoint","type_id":20},{"name":"device.hostname","type":"Hostname","type_id":1,"value":"WSDCKPTC4.acme.com"}],"raw_data":"04/27/2022 04:34:26 PM\nLogName=Security\nSourceName=Microsoft Windows security auditing.\nEventCode=4769\nEventType=0\nType=Information\nComputerName=WSDCKPTC4.acme.com\nTaskCategory=Kerberos Service Ticket Operations\nOpCode=Info\nRecordNumber=4224166980\nKeywords=Audit Success\nMessage=A Kerberos service ticket was requested.\nAccount Information:\n\tAccount Name:\t\tcarbanak\n\tAccount Domain:\t\tacme.com\n\tLogon GUID:\t\t{B54E1912-4456-C7FC-52DE-CA7A2418ADD0}\nService Information:\n\tService Name:\t\tCNU2509KYQ$\n\tService ID:\t\tacme\\CNU2509KYQ$\nNetwork Information:\n\tClient Address:\t\t::ffff:168.136.112.69\n\tClient Port:\t\t60220\nAdditional Information:\n\tTicket Options:\t\t0x40800000\n\tTicket Encryption Type:\t0x12\n\tFailure Code:\t\t0x0\n\tTransited Services:\t-\n","session":{"uuid":"{B54E1912-4456-C7FC-52DE-CA7A2418ADD0}"},"severity":"Informational","severity_id":1,"src_endpoint":{"ip":"::ffff:168.136.112.69","port":60220},"status":"Success","status_code":"0x0","status_id":1,"time":1651077266000,"type_name":"Authentication: Service Ticket Request","type_uid":300204,"unmapped":{"Additional Information":{"Ticket Encryption Type":"0x12","Ticket Options":"0x40800000","Transited Services":"-"},"EventType":"0","OpCode":"Info","Service Information":{"Service ID":"acme\\CNU2509KYQ$","Service Name":"CNU2509KYQ$"},"TaskCategory":"Kerberos Service Ticket Operations"},"user":{"account":{"name":"carbanak","type":"Windows Account","type_id":2},"domain":"acme.com","name":"carbanak"}}
{"activity_id":4,"activity_name":"Service Ticket Request","auth_protocol":"Kerberos","auth_protocol_id":2,"category_name":"Identity & Access Management","category_uid":3,"class_name":"Authentication","class_uid":3002,"device":{"hostname":"WSDCKPTC4.acme.com","os":{"name":"Windows","type":"Windows","type_id":100},"type":"Unknown","type_id":0},"dst_endpoint":{"hostname":"WSDCKPTC4.acme.com"},"message":"A Kerberos service ticket was requested.","metadata":{"event_code":"4769","log_name":"Security","log_provider":"Microsoft Windows security auditing.","original_time":"04/27/2022 04:34:26 PM","product":{"name":"Microsoft Windows","vendor_name":"Microsoft"},"profiles":["host"],"sequence":4224166980,"uid":"aef3334e52796647829c74ec3ed5c649","version":"1.4.0"},"observables":[{"name":"user","type":"User","type_id":21},{"name":"user.account.name","type":"Account Object: name","type_id":34,"value":"carbanak"},{"name":"user.name","type":"User Name","type_id":4,"value":"carbanak"},{"name":"device","type":"Endpoint","type_id":20},{"name":"device.hostname","type":"Hostname","type_id":1,"value":"WSDCKPTC4.acme.com"},{"name":"src_endpoint","type":"Endpoint","type_id":20},{"name":"src_endpoint.ip","type":"IP Address","type_id":2,"value":"::ffff:168.136.112.69"},{"name":"src_endpoint.port","type":"Port","type_id":11,"value":"60220"},{"name":"dst_endpoint","type":"Endpoint","type_id":20},{"name":"dst_endpoint.hostname","type":"Hostname","type_id":1,"value":"WSDCKPTC4.acme.com"}],"raw_data":"04/27/2022 04:34:26 PM\nLogName=Security\nSourceName=Microsoft Windows security auditing.\nEventCode=4769\nEventType=0\nType=Information\nComputerName=WSDCKPTC4.acme.com\nTaskCategory=Kerberos Service Ticket Operations\nOpCode=Info\nRecordNumber=4224166980\nKeywords=Audit Success\nMessage=A Kerberos service ticket was requested.\nAccount Information:\n\tAccount Name:\t\tcarbanak\n\tAccount Domain:\t\tacme.com\n\tLogon GUID:\t\t{B54E1912-4456-C7FC-52DE-CA7A2418ADD0}\nService Information:\n\tService Name:\t\tCNU2509KYQ$\n\tService ID:\t\tacme\\CNU2509KYQ$\nNetwork Information:\n\tClient Address:\t\t::ffff:168.136.112.69\n\tClient Port:\t\t60220\nAdditional Information:\n\tTicket Options:\t\t0x40800000\n\tTicket Encryption Type:\t0x12\n\tFailure Code:\t\t0x10\n\tTransited Services:\t-\n","session":{"uuid":"{B54E1912-4456-C7FC-52DE-CA7A2418ADD0}"},"severity":"Informational","severity_id":1,"src_endpoint":{"ip":"::ffff:168.136.112.69","port":60220},"status":"Success","status_code":"0x10","status_id":1,"time":1651077266000,"type_name":"Authentication: Service Ticket Request","type_uid":300204,"unmapped":{"Additional Information":{"Ticket Encryption Type":"0x12","Ticket Options":"0x40800000","Transited Services":"-"},"EventType":"0","OpCode":"Info","Service Information":{"Service ID":"acme\\CNU2509KYQ$","Service Name":"CNU2509KYQ$"},"TaskCategory":"Kerberos Service Ticket Operations"},"user":{"account":{"name":"carbanak","type":"Windows Account","type_id":2},"domain":"acme.com","name":"carbanak"}}
{"activity_id":4,"activity_name":"Service Ticket Request","auth_protocol":"Kerberos","auth_protocol_id":2,"category_name":"Identity & Access Management","category_uid":3,"class_name":"Authentication","class_uid":3002,"device":{"hostname":"WSDCKPTC4.acme.com","os":{"name":"Windows","type":"Windows","type_id":100},"type":"Unknown","type_id":0},"dst_endpoint":{"hostname":"WSDCKPTC4.acme.com"},"message":"A Kerberos service ticket was requested.","metadata":{"event_code":"4769","log_name":"Security","log_provider":"Microsoft Windows security auditing.","original_time":"05/03/2022 04:41:59 PM","product":{"name":"Microsoft Windows","vendor_name":"Microsoft"},"profiles":["host"],"sequence":4224166935,"uid":"efde952ac4965dbad69dab7a045b8ad4","version":"1.4.0"},"observables":[{"name":"dst_endpoint","type":"Endpoint","type_id":20},{"name":"dst_endpoint.hostname","type":"Hostname","type_id":1,"value":"WSDCKPTC4.acme.com"},{"name":"src_endpoint","type":"Endpoint","type_id":20},{"name":"src_endpoint.ip","type":"IP Address","type_id":2,"value":"::ffff:168.136.112.69"},{"name":"src_endpoint.port","type":"Port","type_id":11,"value":"60210"},{"name":"user","type":"User","type_id":21},{"name":"user.account.name","type":"Account Object: name","type_id":34,"value":"carbanak@acme.com"},{"name":"user.name","type":"User Name","type_id":4,"value":"carbanak@acme.com"},{"name":"device","type":"Endpoint","type_id":20},{"name":"device.hostname","type":"Hostname","type_id":1,"value":"WSDCKPTC4.acme.com"}],"raw_data":"05/03/2022 04:41:59 PM\nLogName=Security\nSourceName=Microsoft Windows security auditing.\nEventCode=4769\nEventType=0\nType=Information\nComputerName=WSDCKPTC4.acme.com\nTaskCategory=Kerberos Service Ticket Operations\nOpCode=Info\nRecordNumber=4224166935\nKeywords=Audit Success\nMessage=A Kerberos service ticket was requested.\nAccount Information:\n\tAccount Name:\t\tcarbanak@acme.com\n\tAccount Domain:\t\tacme.com\n\tLogon GUID:\t\t{5422BC08-314D-7945-E403-E393C583C00A}\nService Information:\n\tService Name:\t\tCNU2509KYQ-A$\n\tService ID:\t\tacme\\CNU2509KYQ-A$\nNetwork Information:\n\tClient Address:\t\t::ffff:168.136.112.69\n\tClient Port:\t\t60210\nAdditional Information:\n\tTicket Options:\t\t0x40810000\n\tTicket Encryption Type:\t0x12\n\tFailure Code:\t\t0x0\n\tTransited Services:\t-\n","session":{"uuid":"{5422BC08-314D-7945-E403-E393C583C00A}"},"severity":"Informational","severity_id":1,"src_endpoint":{"ip":"::ffff:168.136.112.69","port":60210},"status":"Success","status_code":"0x0","status_id":1,"time":1651596119000,"type_name":"Authentication: Service Ticket Request","type_uid":300204,"unmapped":{"Additional Information":{"Ticket Encryption Type":"0x12","Ticket Options":"0x40810000","Transited Services":"-"},"EventType":"0","OpCode":"Info","Service Information":{"Service ID":"acme\\CNU2509KYQ-A$","Service Name":"CNU2509KYQ-A$"},"TaskCategory":"Kerberos Service Ticket Operations"},"user":{"account":{"name":"carbanak@acme.com","type":"Windows Account","type_id":2},"domain":"acme.com","name":"carbanak@acme.com"}}
{"activity_id":4,"activity_name":"Service Ticket Request","auth_protocol":"Kerberos","auth_protocol_id":2,"category_name":"Identity & Access Management","category_uid":3,"class_name":"Authentication","class_uid":3002,"device":{"hostname":"WSDCKPTC4.acme.com","os":{"name":"Windows","type":"Windows","type_id":100},"type":"Unknown","type_id":0},"dst_endpoint":{"hostname":"WSDCKPTC4.acme.com"},"message":"A Kerberos service ticket was requested.","metadata":{"event_code":"4769","log_name":"Security","log_provider":"Microsoft Windows security auditing.","original_time":"05/04/2022 04:41:59 PM","product":{"name":"Microsoft Windows","vendor_name":"Microsoft"},"profiles":["host"],"sequence":4224166935,"uid":"406e84e618ccd07a7297f01f9663e697","version":"1.4.0"},"observables":[{"name":"device","type":"Endpoint","type_id":20},{"name":"device.hostname","type":"Hostname","type_id":1,"value":"WSDCKPTC4.acme.com"},{"name":"dst_endpoint","type":"Endpoint","type_id":20},{"name":"dst_endpoint.hostname","type":"Hostname","type_id":1,"value":"WSDCKPTC4.acme.com"},{"name":"user","type":"User","type_id":21},{"name":"user.account.name","type":"Account Object: name","type_id":34,"value":"carbanak@acme.com"},{"name":"user.name","type":"User Name","type_id":4,"value":"carbanak@acme.com"},{"name":"src_endpoint","type":"Endpoint","type_id":20},{"name":"src_endpoint.ip","type":"IP Address","type_id":2,"value":"::ffff:168.136.112.69"},{"name":"src_endpoint.port","type":"Port","type_id":11,"value":"60210"}],"raw_data":"05/04/2022 04:41:59 PM\nLogName=Security\nSourceName=Microsoft Windows security auditing.\nEventCode=4769\nEventType=0\nType=Information\nComputerName=WSDCKPTC4.acme.com\nTaskCategory=Kerberos Service Ticket Operations\nOpCode=Info\nRecordNumber=4224166935\nKeywords=Audit Success\nMessage=A Kerberos service ticket was requested.\nAccount Information:\n\tAccount Name:\t\tcarbanak@acme.com\n\tAccount Domain:\t\tacme.com\n\tLogon GUID:\t\t{5422BC08-314D-7945-E403-E393C583C00A}\nService Information:\n\tService Name:\t\tCNU2509KYQ-A$\n\tService ID:\t\tacme\\CNU2509KYQ-A$\nNetwork Information:\n\tClient Address:\t\t::ffff:168.136.112.69\n\tClient Port:\t\t60210\nAdditional Information:\n\tTicket Options:\t\t0x40810000\n\tTicket Encryption Type:\t0x12\n\tFailure Code:\t\t0x0\n\tTransited Services:\t-\n","session":{"uuid":"{5422BC08-314D-7945-E403-E393C583C00A}"},"severity":"Informational","severity_id":1,"src_endpoint":{"ip":"::ffff:168.136.112.69","port":60210},"status":"Success","status_code":"0x0","status_id":1,"time":1651682519000,"type_name":"Authentication: Service Ticket Request","type_uid":300204,"unmapped":{"Additional Information":{"Ticket Encryption Type":"0x12","Ticket Options":"0x40810000","Transited Services":"-"},"EventType":"0","OpCode":"Info","Service Information":{"Service ID":"acme\\CNU2509KYQ-A$","Service Name":"CNU2509KYQ-A$"},"TaskCategory":"Kerberos Service Ticket Operations"},"user":{"account":{"name":"carbanak@acme.com","type":"Windows Account","type_id":2},"domain":"acme.com","name":"carbanak@acme.com"}}
{"activity_id":4,"activity_name":"Service Ticket Request","auth_protocol":"Kerberos","auth_protocol_id":2,"category_name":"Identity & Access Management","category_uid":3,"class_name":"Authentication","class_uid":3002,"device":{"hostname":"WSDCKPTC4.acme.com","os":{"name":"Windows","type":"Windows","type_id":100},"type":"Unknown","type_id":0},"dst_endpoint":{"hostname":"WSDCKPTC4.acme.com"},"message":"A Kerberos service ticket was requested.","metadata":{"event_code":"4769","log_name":"Security","log_provider":"Microsoft Windows security auditing.","original_time":"05/04/2022 04:42:00 PM","product":{"name":"Microsoft Windows","vendor_name":"Microsoft"},"profiles":["host"],"sequence":4224166980,"uid":"9ebb509ef7f23448f50adaa8ba3069b5","version":"1.4.0"},"observables":[{"name":"device","type":"Endpoint","type_id":20},{"name":"device.hostname","type":"Hostname","type_id":1,"value":"WSDCKPTC4.acme.com"},{"name":"user","type":"User","type_id":21},{"name":"user.account.name","type":"Account Object: name","type_id":34,"value":"carbanak"},{"name":"user.name","type":"User Name","type_id":4,"value":"carbanak"},{"name":"src_endpoint","type":"Endpoint","type_id":20},{"name":"src_endpoint.port","type":"Port","type_id":11,"value":"60220"},{"name":"src_endpoint.ip","type":"IP Address","type_id":2,"value":"::ffff:168.136.112.69"},{"name":"dst_endpoint","type":"Endpoint","type_id":20},{"name":"dst_endpoint.hostname","type":"Hostname","type_id":1,"value":"WSDCKPTC4.acme.com"}],"raw_data":"05/04/2022 04:42:00 PM\nLogName=Security\nSourceName=Microsoft Windows security auditing.\nEventCode=4769\nEventType=0\nType=Information\nComputerName=WSDCKPTC4.acme.com\nTaskCategory=Kerberos Service Ticket Operations\nOpCode=Info\nRecordNumber=4224166980\nKeywords=Audit Success\nMessage=A Kerberos service ticket was requested.\nAccount Information:\n\tAccount Name:\t\tcarbanak\n\tAccount Domain:\t\tacme.com\n\tLogon GUID:\t\t{B54E1912-4456-C7FC-52DE-CA7A2418ADD0}\nService Information:\n\tService Name:\t\tCNU2509KYQ$\n\tService ID:\t\tacme\\CNU2509KYQ$\nNetwork Information:\n\tClient Address:\t\t::ffff:168.136.112.69\n\tClient Port:\t\t60220\nAdditional Information:\n\tTicket Options:\t\t0x40800000\n\tTicket Encryption Type:\t0x12\n\tFailure Code:\t\t0x10\n\tTransited Services:\t-\n","session":{"uuid":"{B54E1912-4456-C7FC-52DE-CA7A2418ADD0}"},"severity":"Informational","severity_id":1,"src_endpoint":{"ip":"::ffff:168.136.112.69","port":60220},"status":"Success","status_code":"0x10","status_id":1,"time":1651682520000,"type_name":"Authentication: Service Ticket Request","type_uid":300204,"unmapped":{"Additional Information":{"Ticket Encryption Type":"0x12","Ticket Options":"0x40800000","Transited Services":"-"},"EventType":"0","OpCode":"Info","Service Information":{"Service ID":"acme\\CNU2509KYQ$","Service Name":"CNU2509KYQ$"},"TaskCategory":"Kerberos Service Ticket Operations"},"user":{"account":{"name":"carbanak","type":"Windows Account","type_id":2},"domain":"acme.com","name":"carbanak"}}
{"activity_id":4,"activity_name":"Service Ticket Request","auth_protocol":"Kerberos","auth_protocol_id":2,"category_name":"Identity & Access Management","category_uid":3,"class_name":"Authentication","class_uid":3002,"device":{"hostname":"WSDCKPTC4.acme.com","os":{"name":"Windows","type":"Windows","type_id":100},"type":"Unknown","type_id":0},"dst_endpoint":{"hostname":"WSDCKPTC4.acme.com"},"message":"A Kerberos service ticket was requested.","metadata":{"event_code":"4769","log_name":"Security","log_provider":"Microsoft Windows security auditing.","original_time":"05/04/2022 04:42:00 PM","product":{"name":"Microsoft Windows","vendor_name":"Microsoft"},"profiles":["host"],"sequence":4224166980,"uid":"c5f7cab28278f57b27e39044b2fe3155","version":"1.4.0"},"observables":[{"name":"src_endpoint","type":"Endpoint","type_id":20},{"name":"src_endpoint.ip","type":"IP Address","type_id":2,"value":"::ffff:168.136.112.69"},{"name":"src_endpoint.port","type":"Port","type_id":11,"value":"60220"},{"name":"dst_endpoint","type":"Endpoint","type_id":20},{"name":"dst_endpoint.hostname","type":"Hostname","type_id":1,"value":"WSDCKPTC4.acme.com"},{"name":"device","type":"Endpoint","type_id":20},{"name":"device.hostname","type":"Hostname","type_id":1,"value":"WSDCKPTC4.acme.com"},{"name":"user","type":"User","type_id":21},{"name":"user.name","type":"User Name","type_id":4,"value":"carbanak"},{"name":"user.account.name","type":"Account Object: name","type_id":34,"value":"carbanak"}],"raw_data":"05/04/2022 04:42:00 PM\nLogName=Security\nSourceName=Microsoft Windows security auditing.\nEventCode=4769\nEventType=0\nType=Information\nComputerName=WSDCKPTC4.acme.com\nTaskCategory=Kerberos Service Ticket Operations\nOpCode=Info\nRecordNumber=4224166980\nKeywords=Audit Success\nMessage=A Kerberos service ticket was requested.\nAccount Information:\n\tAccount Name:\t\tcarbanak\n\tAccount Domain:\t\tacme.com\n\tLogon GUID:\t\t{B54E1912-4456-C7FC-52DE-CA7A2418ADD0}\nService Information:\n\tService Name:\t\tCNU2509KYQ$\n\tService ID:\t\tacme\\CNU2509KYQ$\nNetwork Information:\n\tClient Address:\t\t::ffff:168.136.112.69\n\tClient Port:\t\t60220\nAdditional Information:\n\tTicket Options:\t\t0x40800000\n\tTicket Encryption Type:\t0x12\n\tFailure Code:\t\t0x0\n\tTransited Services:\t-\n","session":{"uuid":"{B54E1912-4456-C7FC-52DE-CA7A2418ADD0}"},"severity":"Informational","severity_id":1,"src_endpoint":{"ip":"::ffff:168.136.112.69","port":60220},"status":"Success","status_code":"0x0","status_id":1,"time":1651682520000,"type_name":"Authentication: Service Ticket Request","type_uid":300204,"unmapped":{"Additional Information":{"Ticket Encryption Type":"0x12","Ticket Options":"0x40800000","Transited Services":"-"},"EventType":"0","OpCode":"Info","Service Information":{"Service ID":"acme\\CNU2509KYQ$","Service Name":"CNU2509KYQ$"},"TaskCategory":"Kerberos Service Ticket Operations"},"user":{"account":{"name":"carbanak","type":"Windows Account","type_id":2},"domain":"acme.com","name":"carbanak"}}
{"activity_id":4,"activity_name":"Service Ticket Request","auth_protocol":"Kerberos","auth_protocol_id":2,"category_name":"Identity & Access Management","category_uid":3,"class_name":"Authentication","class_uid":3002,"device":{"hostname":"WSDCKPTC4.acme.com","os":{"name":"Windows","type":"Windows","type_id":100},"type":"Unknown","type_id":0},"dst_endpoint":{"hostname":"WSDCKPTC4.acme.com"},"message":"A Kerberos service ticket was requested.","metadata":{"event_code":"4769","log_name":"Security","log_provider":"Microsoft Windows security auditing.","original_time":"05/05/2022 04:41:59 PM","product":{"name":"Microsoft Windows","vendor_name":"Microsoft"},"profiles":["host"],"sequence":4224166935,"uid":"f8f08afc5ca4df74d3f38e68fb9bfeb1","version":"1.4.0"},"observables":[{"name":"dst_endpoint","type":"Endpoint","type_id":20},{"name":"dst_endpoint.hostname","type":"Hostname","type_id":1,"value":"WSDCKPTC4.acme.com"},{"name":"src_endpoint","type":"Endpoint","type_id":20},{"name":"src_endpoint.ip","type":"IP Address","type_id":2,"value":"::ffff:168.136.112.69"},{"name":"src_endpoint.port","type":"Port","type_id":11,"value":"60210"},{"name":"device","type":"Endpoint","type_id":20},{"name":"device.hostname","type":"Hostname","type_id":1,"value":"WSDCKPTC4.acme.com"},{"name":"user","type":"User","type_id":21},{"name":"user.account.name","type":"Account Object: name","type_id":34,"value":"carbanak@acme.com"},{"name":"user.name","type":"User Name","type_id":4,"value":"carbanak@acme.com"}],"raw_data":"05/05/2022 04:41:59 PM\nLogName=Security\nSourceName=Microsoft Windows security auditing.\nEventCode=4769\nEventType=0\nType=Information\nComputerName=WSDCKPTC4.acme.com\nTaskCategory=Kerberos Service Ticket Operations\nOpCode=Info\nRecordNumber=4224166935\nKeywords=Audit Success\nMessage=A Kerberos service ticket was requested.\nAccount Information:\n\tAccount Name:\t\tcarbanak@acme.com\n\tAccount Domain:\t\tacme.com\n\tLogon GUID:\t\t{5422BC08-314D-7945-E403-E393C583C00A}\nService Information:\n\tService Name:\t\tCNU2509KYQ-A$\n\tService ID:\t\tacme\\CNU2509KYQ-A$\nNetwork Information:\n\tClient Address:\t\t::ffff:168.136.112.69\n\tClient Port:\t\t60210\nAdditional Information:\n\tTicket Options:\t\t0x40810000\n\tTicket Encryption Type:\t0x12\n\tFailure Code:\t\t0x0\n\tTransited Services:\t-\n","session":{"uuid":"{5422BC08-314D-7945-E403-E393C583C00A}"},"severity":"Informational","severity_id":1,"src_endpoint":{"ip":"::ffff:168.136.112.69","port":60210},"status":"Success","status_code":"0x0","status_id":1,"time":1651768919000,"type_name":"Authentication: Service Ticket Request","type_uid":300204,"unmapped":{"Additional Information":{"Ticket Encryption Type":"0x12","Ticket Options":"0x40810000","Transited Services":"-"},"EventType":"0","OpCode":"Info","Service Information":{"Service ID":"acme\\CNU2509KYQ-A$","Service Name":"CNU2509KYQ-A$"},"TaskCategory":"Kerberos Service Ticket Operations"},"user":{"account":{"name":"carbanak@acme.com","type":"Windows Account","type_id":2},"domain":"acme.com","name":"carbanak@acme.com"}}
{"activity_id":4,"activity_name":"Service Ticket Request","auth_protocol":"Kerberos","auth_protocol_id":2,"category_name":"Identity & Access Management","category_uid":3,"class_name":"Authentication","class_uid":3002,"device":{"hostname":"WSDCKPTC4.acme.com","os":{"name":"Windows","type":"Windows","type_id":100},"type":"Unknown","type_id":0},"dst_endpoint":{"hostname":"WSDCKPTC4.acme.com"},"message":"A Kerberos service ticket was requested.","metadata":{"event_code":"4769","log_name":"Security","log_provider":"Microsoft Windows security auditing.","original_time":"05/05/2022 04:42:00 PM","product":{"name":"Microsoft Windows","vendor_name":"Microsoft"},"profiles":["host"],"sequence":4224166980,"uid":"d8a29c08dca97dd373e2c7900e327aec","version":"1.4.0"},"observables":[{"name":"src_endpoint","type":"Endpoint","type_id":20},{"name":"src_endpoint.ip","type":"IP Address","type_id":2,"value":"::ffff:168.136.112.69"},{"name":"src_endpoint.port","type":"Port","type_id":11,"value":"60220"},{"name":"device","type":"Endpoint","type_id":20},{"name":"device.hostname","type":"Hostname","type_id":1,"value":"WSDCKPTC4.acme.com"},{"name":"dst_endpoint","type":"Endpoint","type_id":20},{"name":"dst_endpoint.hostname","type":"Hostname","type_id":1,"value":"WSDCKPTC4.acme.com"},{"name":"user","type":"User","type_id":21},{"name":"user.account.name","type":"Account Object: name","type_id":34,"value":"carbanak"},{"name":"user.name","type":"User Name","type_id":4,"value":"carbanak"}],"raw_data":"05/05/2022 04:42:00 PM\nLogName=Security\nSourceName=Microsoft Windows security auditing.\nEventCode=4769\nEventType=0\nType=Information\nComputerName=WSDCKPTC4.acme.com\nTaskCategory=Kerberos Service Ticket Operations\nOpCode=Info\nRecordNumber=4224166980\nKeywords=Audit Success\nMessage=A Kerberos service ticket was requested.\nAccount Information:\n\tAccount Name:\t\tcarbanak\n\tAccount Domain:\t\tacme.com\n\tLogon GUID:\t\t{B54E1912-4456-C7FC-52DE-CA7A2418ADD0}\nService Information:\n\tService Name:\t\tCNU2509KYQ$\n\tService ID:\t\tacme\\CNU2509KYQ$\nNetwork Information:\n\tClient Address:\t\t::ffff:168.136.112.69\n\tClient Port:\t\t60220\nAdditional Information:\n\tTicket Options:\t\t0x40800000\n\tTicket Encryption Type:\t0x12\n\tFailure Code:\t\t0x10\n\tTransited Services:\t-\n","session":{"uuid":"{B54E1912-4456-C7FC-52DE-CA7A2418ADD0}"},"severity":"Informational","severity_id":1,"src_endpoint":{"ip":"::ffff:168.136.112.69","port":60220},"status":"Success","status_code":"0x10","status_id":1,"time":1651768920000,"type_name":"Authentication: Service Ticket Request","type_uid":300204,"unmapped":{"Additional Information":{"Ticket Encryption Type":"0x12","Ticket Options":"0x40800000","Transited Services":"-"},"EventType":"0","OpCode":"Info","Service Information":{"Service ID":"acme\\CNU2509KYQ$","Service Name":"CNU2509KYQ$"},"TaskCategory":"Kerberos Service Ticket Operations"},"user":{"account":{"name":"carbanak","type":"Windows Account","type_id":2},"domain":"acme.com","name":"carbanak"}}
{"activity_id":4,"activity_name":"Service Ticket Request","auth_protocol":"Kerberos","auth_protocol_id":2,"category_name":"Identity & Access Management","category_uid":3,"class_name":"Authentication","class_uid":3002,"device":{"hostname":"WSDCKPTC4.acme.com","os":{"name":"Windows","type":"Windows","type_id":100},"type":"Unknown","type_id":0},"dst_endpoint":{"hostname":"WSDCKPTC4.acme.com"},"message":"A Kerberos service ticket was requested.","metadata":{"event_code":"4769","log_name":"Security","log_provider":"Microsoft Windows security auditing.","original_time":"04/18/2022 04:34:25 PM","product":{"name":"Microsoft Windows","vendor_name":"Microsoft"},"profiles":["host"],"sequence":4224166935,"uid":"37f66fc15832cbc3adc9944f54bb8f8a","version":"1.4.0"},"observables":[{"name":"src_endpoint","type":"Endpoint","type_id":20},{"name":"src_endpoint.ip","type":"IP Address","type_id":2,"value":"::ffff:168.136.112.69"},{"name":"src_endpoint.port","type":"Port","type_id":11,"value":"60210"},{"name":"device","type":"Endpoint","type_id":20},{"name":"device.hostname","type":"Hostname","type_id":1,"value":"WSDCKPTC4.acme.com"},{"name":"dst_endpoint","type":"Endpoint","type_id":20},{"name":"dst_endpoint.hostname","type":"Hostname","type_id":1,"value":"WSDCKPTC4.acme.com"},{"name":"user","type":"User","type_id":21},{"name":"user.account.name","type":"Account Object: name","type_id":34,"value":"carbanak@acme.com"},{"name":"user.name","type":"User Name","type_id":4,"value":"carbanak@acme.com"}],"raw_data":"04/18/2022 04:34:25 PM\nLogName=Security\nSourceName=Microsoft Windows security auditing.\nEventCode=4769\nEventType=0\nType=Information\nComputerName=WSDCKPTC4.acme.com\nTaskCategory=Kerberos Service Ticket Operations\nOpCode=Info\nRecordNumber=4224166935\nKeywords=Audit Success\nMessage=A Kerberos service ticket was requested.\nAccount Information:\n\tAccount Name:\t\tcarbanak@acme.com\n\tAccount Domain:\t\tacme.com\n\tLogon GUID:\t\t{5422BC08-314D-7945-E403-E393C583C00A}\nService Information:\n\tService Name:\t\tCNU2509KYQ-A$\n\tService ID:\t\tacme\\CNU2509KYQ-A$\nNetwork Information:\n\tClient Address:\t\t::ffff:168.136.112.69\n\tClient Port:\t\t60210\nAdditional Information:\n\tTicket Options:\t\t0x40810000\n\tTicket Encryption Type:\t0x12\n\tFailure Code:\t\t0x0\n\tTransited Services:\t-\n","session":{"uuid":"{5422BC08-314D-7945-E403-E393C583C00A}"},"severity":"Informational","severity_id":1,"src_endpoint":{"ip":"::ffff:168.136.112.69","port":60210},"status":"Success","status_code":"0x0","status_id":1,"time":1650299665000,"type_name":"Authentication: Service Ticket Request","type_uid":300204,"unmapped":{"Additional Information":{"Ticket Encryption Type":"0x12","Ticket Options":"0x40810000","Transited Services":"-"},"EventType":"0","OpCode":"Info","Service Information":{"Service ID":"acme\\CNU2509KYQ-A$","Service Name":"CNU2509KYQ-A$"},"TaskCategory":"Kerberos Service Ticket Operations"},"user":{"account":{"name":"carbanak@acme.com","type":"Windows Account","type_id":2},"domain":"acme.com","name":"carbanak@acme.com"}}
{"activity_id":4,"activity_name":"Service Ticket Request","auth_protocol":"Kerberos","auth_protocol_id":2,"category_name":"Identity & Access Management","category_uid":3,"class_name":"Authentication","class_uid":3002,"device":{"hostname":"WSDCKPTC4.acme.com","os":{"name":"Windows","type":"Windows","type_id":100},"type":"Unknown","type_id":0},"dst_endpoint":{"hostname":"WSDCKPTC4.acme.com"},"message":"A Kerberos service ticket was requested.","metadata":{"event_code":"4769","log_name":"Security","log_provider":"Microsoft Windows security auditing.","original_time":"05/05/2022 04:42:00 PM","product":{"name":"Microsoft Windows","vendor_name":"Microsoft"},"profiles":["host"],"sequence":4224166980,"uid":"94617854c539d4efa2d21ef1db066d6f","version":"1.4.0"},"observables":[{"name":"src_endpoint","type":"Endpoint","type_id":20},{"name":"src_endpoint.ip","type":"IP Address","type_id":2,"value":"::ffff:168.136.112.69"},{"name":"src_endpoint.port","type":"Port","type_id":11,"value":"60220"},{"name":"device","type":"Endpoint","type_id":20},{"name":"device.hostname","type":"Hostname","type_id":1,"value":"WSDCKPTC4.acme.com"},{"name":"dst_endpoint","type":"Endpoint","type_id":20},{"name":"dst_endpoint.hostname","type":"Hostname","type_id":1,"value":"WSDCKPTC4.acme.com"},{"name":"user","type":"User","type_id":21},{"name":"user.account.name","type":"Account Object: name","type_id":34,"value":"carbanak"},{"name":"user.name","type":"User Name","type_id":4,"value":"carbanak"}],"raw_data":"05/05/2022 04:42:00 PM\nLogName=Security\nSourceName=Microsoft Windows security auditing.\nEventCode=4769\nEventType=0\nType=Information\nComputerName=WSDCKPTC4.acme.com\nTaskCategory=Kerberos Service Ticket Operations\nOpCode=Info\nRecordNumber=4224166980\nKeywords=Audit Success\nMessage=A Kerberos service ticket was requested.\nAccount Information:\n\tAccount Name:\t\tcarbanak\n\tAccount Domain:\t\tacme.com\n\tLogon GUID:\t\t{B54E1912-4456-C7FC-52DE-CA7A2418ADD0}\nService Information:\n\tService Name:\t\tCNU2509KYQ$\n\tService ID:\t\tacme\\CNU2509KYQ$\nNetwork Information:\n\tClient Address:\t\t::ffff:168.136.112.69\n\tClient Port:\t\t60220\nAdditional Information:\n\tTicket Options:\t\t0x40800000\n\tTicket Encryption Type:\t0x12\n\tFailure Code:\t\t0x0\n\tTransited Services:\t-\n","session":{"uuid":"{B54E1912-4456-C7FC-52DE-CA7A2418ADD0}"},"severity":"Informational","severity_id":1,"src_endpoint":{"ip":"::ffff:168.136.112.69","port":60220},"status":"Success","status_code":"0x0","status_id":1,"time":1651768920000,"type_name":"Authentication: Service Ticket Request","type_uid":300204,"unmapped":{"Additional Information":{"Ticket Encryption Type":"0x12","Ticket Options":"0x40800000","Transited Services":"-"},"EventType":"0","OpCode":"Info","Service Information":{"Service ID":"acme\\CNU2509KYQ$","Service Name":"CNU2509KYQ$"},"TaskCategory":"Kerberos Service Ticket Operations"},"user":{"account":{"name":"carbanak","type":"Windows Account","type_id":2},"domain":"acme.com","name":"carbanak"}}
{"activity_id":4,"activity_name":"Service Ticket Request","auth_protocol":"Kerberos","auth_protocol_id":2,"category_name":"Identity & Access Management","category_uid":3,"class_name":"Authentication","class_uid":3002,"device":{"hostname":"WSDCKPTC4.acme.com","os":{"name":"Windows","type":"Windows","type_id":100},"type":"Unknown","type_id":0},"dst_endpoint":{"hostname":"WSDCKPTC4.acme.com"},"message":"A Kerberos service ticket was requested.","metadata":{"event_code":"4769","log_name":"Security","log_provider":"Microsoft Windows security auditing.","original_time":"05/06/2022 04:41:59 PM","product":{"name":"Microsoft Windows","vendor_name":"Microsoft"},"profiles":["host"],"sequence":4224166935,"uid":"24fede2ca462dd2f6566c9aa48cb8cc7","version":"1.4.0"},"observables":[{"name":"device","type":"Endpoint","type_id":20},{"name":"device.hostname","type":"Hostname","type_id":1,"value":"WSDCKPTC4.acme.com"},{"name":"dst_endpoint","type":"Endpoint","type_id":20},{"name":"dst_endpoint.hostname","type":"Hostname","type_id":1,"value":"WSDCKPTC4.acme.com"},{"name":"user","type":"User","type_id":21},{"name":"user.name","type":"User Name","type_id":4,"value":"carbanak@acme.com"},{"name":"user.account.name","type":"Account Object: name","type_id":34,"value":"carbanak@acme.com"},{"name":"src_endpoint","type":"Endpoint","type_id":20},{"name":"src_endpoint.ip","type":"IP Address","type_id":2,"value":"::ffff:168.136.112.69"},{"name":"src_endpoint.port","type":"Port","type_id":11,"value":"60210"}],"raw_data":"05/06/2022 04:41:59 PM\nLogName=Security\nSourceName=Microsoft Windows security auditing.\nEventCode=4769\nEventType=0\nType=Information\nComputerName=WSDCKPTC4.acme.com\nTaskCategory=Kerberos Service Ticket Operations\nOpCode=Info\nRecordNumber=4224166935\nKeywords=Audit Success\nMessage=A Kerberos service ticket was requested.\nAccount Information:\n\tAccount Name:\t\tcarbanak@acme.com\n\tAccount Domain:\t\tacme.com\n\tLogon GUID:\t\t{5422BC08-314D-7945-E403-E393C583C00A}\nService Information:\n\tService Name:\t\tCNU2509KYQ-A$\n\tService ID:\t\tacme\\CNU2509KYQ-A$\nNetwork Information:\n\tClient Address:\t\t::ffff:168.136.112.69\n\tClient Port:\t\t60210\nAdditional Information:\n\tTicket Options:\t\t0x40810000\n\tTicket Encryption Type:\t0x12\n\tFailure Code:\t\t0x0\n\tTransited Services:\t-\n","session":{"uuid":"{5422BC08-314D-7945-E403-E393C583C00A}"},"severity":"Informational","severity_id":1,"src_endpoint":{"ip":"::ffff:168.136.112.69","port":60210},"status":"Success","status_code":"0x0","status_id":1,"time":1651855319000,"type_name":"Authentication: Service Ticket Request","type_uid":300204,"unmapped":{"Additional Information":{"Ticket Encryption Type":"0x12","Ticket Options":"0x40810000","Transited Services":"-"},"EventType":"0","OpCode":"Info","Service Information":{"Service ID":"acme\\CNU2509KYQ-A$","Service Name":"CNU2509KYQ-A$"},"TaskCategory":"Kerberos Service Ticket Operations"},"user":{"account":{"name":"carbanak@acme.com","type":"Windows Account","type_id":2},"domain":"acme.com","name":"carbanak@acme.com"}}
{"activity_id":4,"activity_name":"Service Ticket Request","auth_protocol":"Kerberos","auth_protocol_id":2,"category_name":"Identity & Access Management","category_uid":3,"class_name":"Authentication","class_uid":3002,"device":{"hostname":"WSDCKPTC4.acme.com","os":{"name":"Windows","type":"Windows","type_id":100},"type":"Unknown","type_id":0},"dst_endpoint":{"hostname":"WSDCKPTC4.acme.com"},"message":"A Kerberos service ticket was requested.","metadata":{"event_code":"4769","log_name":"Security","log_provider":"Microsoft Windows security auditing.","original_time":"05/07/2022 04:42:00 PM","product":{"name":"Microsoft Windows","vendor_name":"Microsoft"},"profiles":["host"],"sequence":4224166980,"uid":"f9dfe2e98e46fe1be703ca4eb48a04c0","version":"1.4.0"},"observables":[{"name":"src_endpoint","type":"Endpoint","type_id":20},{"name":"src_endpoint.ip","type":"IP Address","type_id":2,"value":"::ffff:168.136.112.69"},{"name":"src_endpoint.port","type":"Port","type_id":11,"value":"60220"},{"name":"user","type":"User","type_id":21},{"name":"user.account.name","type":"Account Object: name","type_id":34,"value":"carbanak"},{"name":"user.name","type":"User Name","type_id":4,"value":"carbanak"},{"name":"dst_endpoint","type":"Endpoint","type_id":20},{"name":"dst_endpoint.hostname","type":"Hostname","type_id":1,"value":"WSDCKPTC4.acme.com"},{"name":"device","type":"Endpoint","type_id":20},{"name":"device.hostname","type":"Hostname","type_id":1,"value":"WSDCKPTC4.acme.com"}],"raw_data":"05/07/2022 04:42:00 PM\nLogName=Security\nSourceName=Microsoft Windows security auditing.\nEventCode=4769\nEventType=0\nType=Information\nComputerName=WSDCKPTC4.acme.com\nTaskCategory=Kerberos Service Ticket Operations\nOpCode=Info\nRecordNumber=4224166980\nKeywords=Audit Success\nMessage=A Kerberos service ticket was requested.\nAccount Information:\n\tAccount Name:\t\tcarbanak\n\tAccount Domain:\t\tacme.com\n\tLogon GUID:\t\t{B54E1912-4456-C7FC-52DE-CA7A2418ADD0}\nService Information:\n\tService Name:\t\tacmel-lpt0399177$\n\tService ID:\t\tacme\\acmel-lpt0399177$\nNetwork Information:\n\tClient Address:\t\t::ffff:168.136.112.69\n\tClient Port:\t\t60220\nAdditional Information:\n\tTicket Options:\t\t0x40800000\n\tTicket Encryption Type:\t0x12\n\tFailure Code:\t\t0x19\n\tTransited Services:\t-\n","session":{"uuid":"{B54E1912-4456-C7FC-52DE-CA7A2418ADD0}"},"severity":"Informational","severity_id":1,"src_endpoint":{"ip":"::ffff:168.136.112.69","port":60220},"status":"Success","status_code":"0x19","status_id":1,"time":1651941720000,"type_name":"Authentication: Service Ticket Request","type_uid":300204,"unmapped":{"Additional Information":{"Ticket Encryption Type":"0x12","Ticket Options":"0x40800000","Transited Services":"-"},"EventType":"0","OpCode":"Info","Service Information":{"Service ID":"acme\\acmel-lpt0399177$","Service Name":"acmel-lpt0399177$"},"TaskCategory":"Kerberos Service Ticket Operations"},"user":{"account":{"name":"carbanak","type":"Windows Account","type_id":2},"domain":"acme.com","name":"carbanak"}}
{"activity_id":4,"activity_name":"Service Ticket Request","auth_protocol":"Kerberos","auth_protocol_id":2,"category_name":"Identity & Access Management","category_uid":3,"class_name":"Authentication","class_uid":3002,"device":{"hostname":"WSDCKPTC4.acme.com","os":{"name":"Windows","type":"Windows","type_id":100},"type":"Unknown","type_id":0},"dst_endpoint":{"hostname":"WSDCKPTC4.acme.com"},"message":"A Kerberos service ticket was requested.","metadata":{"event_code":"4769","log_name":"Security","log_provider":"Microsoft Windows security auditing.","original_time":"05/07/2022 04:42:00 PM","product":{"name":"Microsoft Windows","vendor_name":"Microsoft"},"profiles":["host"],"sequence":4224166980,"uid":"80be9018c810e2c75d745d61b792105f","version":"1.4.0"},"observables":[{"name":"dst_endpoint","type":"Endpoint","type_id":20},{"name":"dst_endpoint.hostname","type":"Hostname","type_id":1,"value":"WSDCKPTC4.acme.com"},{"name":"user","type":"User","type_id":21},{"name":"user.account.name","type":"Account Object: name","type_id":34,"value":"carbanak"},{"name":"user.name","type":"User Name","type_id":4,"value":"carbanak"},{"name":"device","type":"Endpoint","type_id":20},{"name":"device.hostname","type":"Hostname","type_id":1,"value":"WSDCKPTC4.acme.com"},{"name":"src_endpoint","type":"Endpoint","type_id":20},{"name":"src_endpoint.ip","type":"IP Address","type_id":2,"value":"::ffff:168.136.112.69"},{"name":"src_endpoint.port","type":"Port","type_id":11,"value":"60220"}],"raw_data":"05/07/2022 04:42:00 PM\nLogName=Security\nSourceName=Microsoft Windows security auditing.\nEventCode=4769\nEventType=0\nType=Information\nComputerName=WSDCKPTC4.acme.com\nTaskCategory=Kerberos Service Ticket Operations\nOpCode=Info\nRecordNumber=4224166980\nKeywords=Audit Success\nMessage=A Kerberos service ticket was requested.\nAccount Information:\n\tAccount Name:\t\tcarbanak\n\tAccount Domain:\t\tacme.com\n\tLogon GUID:\t\t{B54E1912-4456-C7FC-52DE-CA7A2418ADD0}\nService Information:\n\tService Name:\t\tWS6714SUNN$\n\tService ID:\t\tacme\\WS6714SUNN$\nNetwork Information:\n\tClient Address:\t\t::ffff:168.136.112.69\n\tClient Port:\t\t60220\nAdditional Information:\n\tTicket Options:\t\t0x40800000\n\tTicket Encryption Type:\t0x12\n\tFailure Code:\t\t0x14\n\tTransited Services:\t-\n","session":{"uuid":"{B54E1912-4456-C7FC-52DE-CA7A2418ADD0}"},"severity":"Informational","severity_id":1,"src_endpoint":{"ip":"::ffff:168.136.112.69","port":60220},"status":"Success","status_code":"0x14","status_id":1,"time":1651941720000,"type_name":"Authentication: Service Ticket Request","type_uid":300204,"unmapped":{"Additional Information":{"Ticket Encryption Type":"0x12","Ticket Options":"0x40800000","Transited Services":"-"},"EventType":"0","OpCode":"Info","Service Information":{"Service ID":"acme\\WS6714SUNN$","Service Name":"WS6714SUNN$"},"TaskCategory":"Kerberos Service Ticket Operations"},"user":{"account":{"name":"carbanak","type":"Windows Account","type_id":2},"domain":"acme.com","name":"carbanak"}}
{"activity_id":4,"activity_name":"Service Ticket Request","auth_protocol":"Kerberos","auth_protocol_id":2,"category_name":"Identity & Access Management","category_uid":3,"class_name":"Authentication","class_uid":3002,"device":{"hostname":"WSDCKPTC4.acme.com","os":{"name":"Windows","type":"Windows","type_id":100},"type":"Unknown","type_id":0},"dst_endpoint":{"hostname":"WSDCKPTC4.acme.com"},"message":"A Kerberos service ticket was requested.","metadata":{"event_code":"4769","log_name":"Security","log_provider":"Microsoft Windows security auditing.","original_time":"05/07/2022 04:42:00 PM","product":{"name":"Microsoft Windows","vendor_name":"Microsoft"},"profiles":["host"],"sequence":4224166980,"uid":"c699689bcb9338cbd13a1b360955bc24","version":"1.4.0"},"observables":[{"name":"device","type":"Endpoint","type_id":20},{"name":"device.hostname","type":"Hostname","type_id":1,"value":"WSDCKPTC4.acme.com"},{"name":"dst_endpoint","type":"Endpoint","type_id":20},{"name":"dst_endpoint.hostname","type":"Hostname","type_id":1,"value":"WSDCKPTC4.acme.com"},{"name":"user","type":"User","type_id":21},{"name":"user.account.name","type":"Account Object: name","type_id":34,"value":"carbanak"},{"name":"user.name","type":"User Name","type_id":4,"value":"carbanak"},{"name":"src_endpoint","type":"Endpoint","type_id":20},{"name":"src_endpoint.ip","type":"IP Address","type_id":2,"value":"::ffff:168.136.112.69"},{"name":"src_endpoint.port","type":"Port","type_id":11,"value":"60220"}],"raw_data":"05/07/2022 04:42:00 PM\nLogName=Security\nSourceName=Microsoft Windows security auditing.\nEventCode=4769\nEventType=0\nType=Information\nComputerName=WSDCKPTC4.acme.com\nTaskCategory=Kerberos Service Ticket Operations\nOpCode=Info\nRecordNumber=4224166980\nKeywords=Audit Success\nMessage=A Kerberos service ticket was requested.\nAccount Information:\n\tAccount Name:\t\tcarbanak\n\tAccount Domain:\t\tacme.com\n\tLogon GUID:\t\t{B54E1912-4456-C7FC-52DE-CA7A2418ADD0}\nService Information:\n\tService Name:\t\tNT2NIKU01$\n\tService ID:\t\tacme\\NT2NIKU01$\nNetwork Information:\n\tClient Address:\t\t::ffff:168.136.112.69\n\tClient Port:\t\t60220\nAdditional Information:\n\tTicket Options:\t\t0x40800000\n\tTicket Encryption Type:\t0x12\n\tFailure Code:\t\t0x22\n\tTransited Services:\t-\n","session":{"uuid":"{B54E1912-4456-C7FC-52DE-CA7A2418ADD0}"},"severity":"Informational","severity_id":1,"src_endpoint":{"ip":"::ffff:168.136.112.69","port":60220},"status":"Success","status_code":"0x22","status_id":1,"time":1651941720000,"type_name":"Authentication: Service Ticket Request","type_uid":300204,"unmapped":{"Additional Information":{"Ticket Encryption Type":"0x12","Ticket Options":"0x40800000","Transited Services":"-"},"EventType":"0","OpCode":"Info","Service Information":{"Service ID":"acme\\NT2NIKU01$","Service Name":"NT2NIKU01$"},"TaskCategory":"Kerberos Service Ticket Operations"},"user":{"account":{"name":"carbanak","type":"Windows Account","type_id":2},"domain":"acme.com","name":"carbanak"}}
{"activity_id":4,"activity_name":"Service Ticket Request","auth_protocol":"Kerberos","auth_protocol_id":2,"category_name":"Identity & Access Management","category_uid":3,"class_name":"Authentication","class_uid":3002,"device":{"hostname":"WSDCKPTC4.acme.com","os":{"name":"Windows","type":"Windows","type_id":100},"type":"Unknown","type_id":0},"dst_endpoint":{"hostname":"WSDCKPTC4.acme.com"},"message":"A Kerberos service ticket was requested.","metadata":{"event_code":"4769","log_name":"Security","log_provider":"Microsoft Windows security auditing.","original_time":"05/07/2022 04:42:00 PM","product":{"name":"Microsoft Windows","vendor_name":"Microsoft"},"profiles":["host"],"sequence":4224166980,"uid":"f3542d84b95e2a72bacc68d2fcc25888","version":"1.4.0"},"observables":[{"name":"user","type":"User","type_id":21},{"name":"user.account.name","type":"Account Object: name","type_id":34,"value":"carbanak"},{"name":"user.name","type":"User Name","type_id":4,"value":"carbanak"},{"name":"src_endpoint","type":"Endpoint","type_id":20},{"name":"src_endpoint.ip","type":"IP Address","type_id":2,"value":"::ffff:168.136.112.69"},{"name":"src_endpoint.port","type":"Port","type_id":11,"value":"60220"},{"name":"device","type":"Endpoint","type_id":20},{"name":"device.hostname","type":"Hostname","type_id":1,"value":"WSDCKPTC4.acme.com"},{"name":"dst_endpoint","type":"Endpoint","type_id":20},{"name":"dst_endpoint.hostname","type":"Hostname","type_id":1,"value":"WSDCKPTC4.acme.com"}],"raw_data":"05/07/2022 04:42:00 PM\nLogName=Security\nSourceName=Microsoft Windows security auditing.\nEventCode=4769\nEventType=0\nType=Information\nComputerName=WSDCKPTC4.acme.com\nTaskCategory=Kerberos Service Ticket Operations\nOpCode=Info\nRecordNumber=4224166980\nKeywords=Audit Success\nMessage=A Kerberos service ticket was requested.\nAccount Information:\n\tAccount Name:\t\tcarbanak\n\tAccount Domain:\t\tacme.com\n\tLogon GUID:\t\t{B54E1912-4456-C7FC-52DE-CA7A2418ADD0}\nService Information:\n\tService Name:\t\tWS5751RLAZ$\n\tService ID:\t\tacme\\WS5751RLAZ$\nNetwork Information:\n\tClient Address:\t\t::ffff:168.136.112.69\n\tClient Port:\t\t60220\nAdditional Information:\n\tTicket Options:\t\t0x40800000\n\tTicket Encryption Type:\t0x12\n\tFailure Code:\t\t0x8\n\tTransited Services:\t-\n","session":{"uuid":"{B54E1912-4456-C7FC-52DE-CA7A2418ADD0}"},"severity":"Informational","severity_id":1,"src_endpoint":{"ip":"::ffff:168.136.112.69","port":60220},"status":"Success","status_code":"0x8","status_id":1,"time":1651941720000,"type_name":"Authentication: Service Ticket Request","type_uid":300204,"unmapped":{"Additional Information":{"Ticket Encryption Type":"0x12","Ticket Options":"0x40800000","Transited Services":"-"},"EventType":"0","OpCode":"Info","Service Information":{"Service ID":"acme\\WS5751RLAZ$","Service Name":"WS5751RLAZ$"},"TaskCategory":"Kerberos Service Ticket Operations"},"user":{"account":{"name":"carbanak","type":"Windows Account","type_id":2},"domain":"acme.com","name":"carbanak"}}
{"activity_id":4,"activity_name":"Service Ticket Request","auth_protocol":"Kerberos","auth_protocol_id":2,"category_name":"Identity & Access Management","category_uid":3,"class_name":"Authentication","class_uid":3002,"device":{"hostname":"WSDCKPTC4.acme.com","os":{"name":"Windows","type":"Windows","type_id":100},"type":"Unknown","type_id":0},"dst_endpoint":{"hostname":"WSDCKPTC4.acme.com"},"message":"A Kerberos service ticket was requested.","metadata":{"event_code":"4769","log_name":"Security","log_provider":"Microsoft Windows security auditing.","original_time":"05/07/2022 04:42:00 PM","product":{"name":"Microsoft Windows","vendor_name":"Microsoft"},"profiles":["host"],"sequence":4224166980,"uid":"e65f509dd5b2a4b716906dcfa7132360","version":"1.4.0"},"observables":[{"name":"user","type":"User","type_id":21},{"name":"user.account.name","type":"Account Object: name","type_id":34,"value":"carbanak"},{"name":"user.name","type":"User Name","type_id":4,"value":"carbanak"},{"name":"device","type":"Endpoint","type_id":20},{"name":"device.hostname","type":"Hostname","type_id":1,"value":"WSDCKPTC4.acme.com"},{"name":"dst_endpoint","type":"Endpoint","type_id":20},{"name":"dst_endpoint.hostname","type":"Hostname","type_id":1,"value":"WSDCKPTC4.acme.com"},{"name":"src_endpoint","type":"Endpoint","type_id":20},{"name":"src_endpoint.ip","type":"IP Address","type_id":2,"value":"::ffff:168.136.112.69"},{"name":"src_endpoint.port","type":"Port","type_id":11,"value":"60220"}],"raw_data":"05/07/2022 04:42:00 PM\nLogName=Security\nSourceName=Microsoft Windows security auditing.\nEventCode=4769\nEventType=0\nType=Information\nComputerName=WSDCKPTC4.acme.com\nTaskCategory=Kerberos Service Ticket Operations\nOpCode=Info\nRecordNumber=4224166980\nKeywords=Audit Success\nMessage=A Kerberos service ticket was requested.\nAccount Information:\n\tAccount Name:\t\tcarbanak\n\tAccount Domain:\t\tacme.com\n\tLogon GUID:\t\t{B54E1912-4456-C7FC-52DE-CA7A2418ADD0}\nService Information:\n\tService Name:\t\tISI283SR$\n\tService ID:\t\tacme\\ISI283SR$\nNetwork Information:\n\tClient Address:\t\t::ffff:168.136.112.69\n\tClient Port:\t\t60220\nAdditional Information:\n\tTicket Options:\t\t0x40800000\n\tTicket Encryption Type:\t0x12\n\tFailure Code:\t\t0x29\n\tTransited Services:\t-\n","session":{"uuid":"{B54E1912-4456-C7FC-52DE-CA7A2418ADD0}"},"severity":"Informational","severity_id":1,"src_endpoint":{"ip":"::ffff:168.136.112.69","port":60220},"status":"Success","status_code":"0x29","status_id":1,"time":1651941720000,"type_name":"Authentication: Service Ticket Request","type_uid":300204,"unmapped":{"Additional Information":{"Ticket Encryption Type":"0x12","Ticket Options":"0x40800000","Transited Services":"-"},"EventType":"0","OpCode":"Info","Service Information":{"Service ID":"acme\\ISI283SR$","Service Name":"ISI283SR$"},"TaskCategory":"Kerberos Service Ticket Operations"},"user":{"account":{"name":"carbanak","type":"Windows Account","type_id":2},"domain":"acme.com","name":"carbanak"}}
