{"activity_id":1,"activity_name":"Logon","actor":{"process":{"file":{"name":"winlogon.exe","parent_folder":"C:\\Windows\\System32","path":"C:\\Windows\\System32\\winlogon.exe","type":"Regular File","type_id":1},"pid":572},"session":{"uid":"0x3e7","uuid":"{00000000-0000-0000-0000-000000000000}"},"user":{"account":{"name":"WIN-DC-MRADKA-4$","type":"Windows Account","type_id":2,"uid":"NT AUTHORITY\\SYSTEM"},"domain":"ATTACKRANGE","name":"WIN-DC-MRADKA-4$","uid":"NT AUTHORITY\\SYSTEM"}},"category_name":"Identity & Access Management","category_uid":3,"class_name":"Authentication","class_uid":3002,"device":{"hostname":"win-dc-mradka-46070-659.attackrange.local","os":{"name":"Windows","type":"Windows","type_id":100},"type":"Unknown","type_id":0},"dst_endpoint":{"hostname":"localhost"},"metadata":{"event_code":"4648","log_name":"Security","log_provider":"Microsoft-Windows-Security-Auditing","log_version":"0","original_time":"2022-07-29T20:56:08.672475500Z","product":{"feature":{"uid":"{54849625-5478-4994-A5BA-3E3B0328C30D}"},"name":"Microsoft Windows","vendor_name":"Microsoft"},"profiles":["host"],"sequence":327274,"uid":"787544bcadc23b4bc918328e9a4eea3e","version":"1.4.0"},"observables":[{"name":"device","type":"Endpoint","type_id":20},{"name":"device.hostname","type":"Hostname","type_id":1,"value":"win-dc-mradka-46070-659.attackrange.local"},{"name":"dst_endpoint","type":"Endpoint","type_id":20},{"name":"dst_endpoint.hostname","type":"Hostname","type_id":1,"value":"localhost"},{"name":"user","type":"User","type_id":21},{"name":"user.name","type":"User Name","type_id":4,"value":"DWM-1"},{"name":"user.uid","type":"User Object: uid","type_id":31,"value":"{00000000-0000-0000-0000-000000000000}"},{"name":"user.account.uid","type":"Account Object: uid","type_id":35,"value":"{00000000-0000-0000-0000-000000000000}"},{"name":"user.account.name","type":"Account Object: name","type_id":34,"value":"DWM-1"},{"name":"actor.user","type":"User","type_id":21},{"name":"actor.user.name","type":"User Name","type_id":4,"value":"WIN-DC-MRADKA-4$"},{"name":"actor.user.account.uid","type":"Account Object: uid","type_id":35,"value":"NT AUTHORITY\\SYSTEM"},{"name":"actor.user.account.name","type":"Account Object: name","type_id":34,"value":"WIN-DC-MRADKA-4$"},{"name":"actor.user.uid","type":"User Object: uid","type_id":31,"value":"NT AUTHORITY\\SYSTEM"},{"name":"actor.process","type":"Process","type_id":25},{"name":"actor.process.pid","type":"Process ID","type_id":15,"value":"572"},{"name":"actor.process.file","type":"File","type_id":24},{"name":"actor.process.file.name","type":"File Name","type_id":7,"value":"winlogon.exe"}],"raw_data":"<Event xmlns='http://schemas.microsoft.com/win/2004/08/events/event'>\n  <System>\n    <Provider Name='Microsoft-Windows-Security-Auditing' Guid='{54849625-5478-4994-A5BA-3E3B0328C30D}'/>\n    <EventID>4648</EventID>\n    <Version>0</Version>\n    <Level>0</Level>\n    <Task>12544</Task>\n    <Opcode>0</Opcode>\n    <Keywords>0x8020000000000000</Keywords>\n    <TimeCreated SystemTime='2022-07-29T20:56:08.672475500Z'/>\n    <EventRecordID>327274</EventRecordID>\n    <Correlation/>\n    <Execution ProcessID='632' ThreadID='672'/>\n    <Channel>Security</Channel>\n    <Computer>win-dc-mradka-46070-659.attackrange.local</Computer>\n    <Security/>\n  </System>\n  <EventData>\n    <Data Name='SubjectUserSid'>NT AUTHORITY\\SYSTEM</Data>\n    <Data Name='SubjectUserName'>WIN-DC-MRADKA-4$</Data>\n    <Data Name='SubjectDomainName'>ATTACKRANGE</Data>\n    <Data Name='SubjectLogonId'>0x3e7</Data>\n    <Data Name='LogonGuid'>{00000000-0000-0000-0000-000000000000}</Data>\n    <Data Name='TargetUserName'>DWM-1</Data>\n    <Data Name='TargetDomainName'>Window Manager</Data>\n    <Data Name='TargetLogonGuid'>{00000000-0000-0000-0000-000000000000}</Data>\n    <Data Name='TargetServerName'>localhost</Data>\n    <Data Name='TargetInfo'>localhost</Data>\n    <Data Name='ProcessId'>0x23c</Data>\n    <Data Name='ProcessName'>C:\\Windows\\System32\\winlogon.exe</Data>\n    <Data Name='IpAddress'>-</Data>\n    <Data Name='IpPort'>-</Data>\n  </EventData>\n</Event>","severity":"Informational","severity_id":1,"status":"Success","status_id":1,"time":1659128168672,"type_name":"Authentication: Logon","type_uid":300201,"unmapped":{"EventData":{"TargetInfo":"localhost"},"Execution":{"ProcessID":"632","ThreadID":"672"},"Opcode":"0","Task":"12544"},"user":{"account":{"name":"DWM-1","type":"Windows Account","type_id":2,"uid":"{00000000-0000-0000-0000-000000000000}"},"domain":"Window Manager","name":"DWM-1","uid":"{00000000-0000-0000-0000-000000000000}"}}
{"activity_id":1,"activity_name":"Logon","actor":{"process":{"file":{"name":"svchost.exe","parent_folder":"C:\\Windows\\System32","path":"C:\\Windows\\System32\\svchost.exe","type":"Regular File","type_id":1},"pid":1096},"session":{"uid":"0x3e4","uuid":"{00000000-0000-0000-0000-000000000000}"},"user":{"account":{"name":"WIN-DC-MRADKA-4$","type":"Windows Account","type_id":2,"uid":"NT AUTHORITY\\NETWORK SERVICE"},"domain":"ATTACKRANGE","name":"WIN-DC-MRADKA-4$","uid":"NT AUTHORITY\\NETWORK SERVICE"}},"category_name":"Identity & Access Management","category_uid":3,"class_name":"Authentication","class_uid":3002,"device":{"hostname":"win-dc-mradka-46070-659.attackrange.local","os":{"name":"Windows","type":"Windows","type_id":100},"type":"Unknown","type_id":0},"dst_endpoint":{"hostname":"localhost"},"metadata":{"event_code":"4648","log_name":"Security","log_provider":"Microsoft-Windows-Security-Auditing","log_version":"0","original_time":"2022-07-29T20:57:16.248806200Z","product":{"feature":{"uid":"{54849625-5478-4994-A5BA-3E3B0328C30D}"},"name":"Microsoft Windows","vendor_name":"Microsoft"},"profiles":["host"],"sequence":327714,"uid":"76167d605b2c578ad95c642feb483f36","version":"1.4.0"},"observables":[{"name":"dst_endpoint","type":"Endpoint","type_id":20},{"name":"dst_endpoint.hostname","type":"Hostname","type_id":1,"value":"localhost"},{"name":"user","type":"User","type_id":21},{"name":"user.account.uid","type":"Account Object: uid","type_id":35,"value":"{4349A22B-73A4-05E3-2640-15A66BDC3BE7}"},{"name":"user.account.name","type":"Account Object: name","type_id":34,"value":"Administrator"},{"name":"user.name","type":"User Name","type_id":4,"value":"Administrator"},{"name":"user.uid","type":"User Object: uid","type_id":31,"value":"{4349A22B-73A4-05E3-2640-15A66BDC3BE7}"},{"name":"device","type":"Endpoint","type_id":20},{"name":"device.hostname","type":"Hostname","type_id":1,"value":"win-dc-mradka-46070-659.attackrange.local"},{"name":"actor.process","type":"Process","type_id":25},{"name":"actor.process.pid","type":"Process ID","type_id":15,"value":"1096"},{"name":"actor.process.file","type":"File","type_id":24},{"name":"actor.process.file.name","type":"File Name","type_id":7,"value":"svchost.exe"},{"name":"actor.user","type":"User","type_id":21},{"name":"actor.user.name","type":"User Name","type_id":4,"value":"WIN-DC-MRADKA-4$"},{"name":"actor.user.account.uid","type":"Account Object: uid","type_id":35,"value":"NT AUTHORITY\\NETWORK SERVICE"},{"name":"actor.user.account.name","type":"Account Object: name","type_id":34,"value":"WIN-DC-MRADKA-4$"},{"name":"actor.user.uid","type":"User Object: uid","type_id":31,"value":"NT AUTHORITY\\NETWORK SERVICE"}],"raw_data":"<Event xmlns='http://schemas.microsoft.com/win/2004/08/events/event'>\n  <System>\n    <Provider Name='Microsoft-Windows-Security-Auditing' Guid='{54849625-5478-4994-A5BA-3E3B0328C30D}'/>\n    <EventID>4648</EventID>\n    <Version>0</Version>\n    <Level>0</Level>\n    <Task>12544</Task>\n    <Opcode>0</Opcode>\n    <Keywords>0x8020000000000000</Keywords>\n    <TimeCreated SystemTime='2022-07-29T20:57:16.248806200Z'/>\n    <EventRecordID>327714</EventRecordID>\n    <Correlation/>\n    <Execution ProcessID='632' ThreadID='828'/>\n    <Channel>Security</Channel>\n    <Computer>win-dc-mradka-46070-659.attackrange.local</Computer>\n    <Security/>\n  </System>\n  <EventData>\n    <Data Name='SubjectUserSid'>NT AUTHORITY\\NETWORK SERVICE</Data>\n    <Data Name='SubjectUserName'>WIN-DC-MRADKA-4$</Data>\n    <Data Name='SubjectDomainName'>ATTACKRANGE</Data>\n    <Data Name='SubjectLogonId'>0x3e4</Data>\n    <Data Name='LogonGuid'>{00000000-0000-0000-0000-000000000000}</Data>\n    <Data Name='TargetUserName'>Administrator</Data>\n    <Data Name='TargetDomainName'>ATTACKRANGE</Data>\n    <Data Name='TargetLogonGuid'>{4349A22B-73A4-05E3-2640-15A66BDC3BE7}</Data>\n    <Data Name='TargetServerName'>localhost</Data>\n    <Data Name='TargetInfo'>localhost</Data>\n    <Data Name='ProcessId'>0x448</Data>\n    <Data Name='ProcessName'>C:\\Windows\\System32\\svchost.exe</Data>\n    <Data Name='IpAddress'>-</Data>\n    <Data Name='IpPort'>-</Data>\n  </EventData>\n</Event>","severity":"Informational","severity_id":1,"status":"Success","status_id":1,"time":1659128236248,"type_name":"Authentication: Logon","type_uid":300201,"unmapped":{"EventData":{"TargetInfo":"localhost"},"Execution":{"ProcessID":"632","ThreadID":"828"},"Opcode":"0","Task":"12544"},"user":{"account":{"name":"Administrator","type":"Windows Account","type_id":2,"uid":"{4349A22B-73A4-05E3-2640-15A66BDC3BE7}"},"domain":"ATTACKRANGE","name":"Administrator","uid":"{4349A22B-73A4-05E3-2640-15A66BDC3BE7}"}}
{"activity_id":1,"activity_name":"Logon","actor":{"process":{"file":{"name":"svchost.exe","parent_folder":"C:\\\\Windows\\\\System32\\","path":"C:\\\\Windows\\\\System32\\\\svchost.exe","type":"Regular File","type_id":1},"pid":872},"session":{"uid":"0x31844","uuid":"{00000000-0000-0000-0000-000000000000}"},"user":{"account":{"name":"dadmin","type":"Windows Account","type_id":2,"uid":"S-1-5-21-3457937927-2839227994-823803824-1104"},"domain":"CONTOSO","name":"dadmin","uid":"S-1-5-21-3457937927-2839227994-823803824-1104"}},"category_name":"Identity & Access Management","category_uid":3,"class_name":"Authentication","class_uid":3002,"device":{"hostname":"DC01.contoso.local","os":{"name":"Windows","type":"Windows","type_id":100},"type":"Unknown","type_id":0},"dst_endpoint":{"hostname":"localhost"},"metadata":{"event_code":"4648","log_name":"Security","log_provider":"Microsoft-Windows-Security-Auditing","log_version":"0","original_time":"2015-09-10T02:54:50.771459000Z","product":{"feature":{"uid":"{54849625-5478-4994-A5BA-3E3B0328C30D}"},"name":"Microsoft Windows","vendor_name":"Microsoft"},"profiles":["host"],"sequence":233200,"uid":"5a649605a7de788475d4d204b7d327b1","version":"1.4.0"},"observables":[{"name":"src_endpoint","type":"Endpoint","type_id":20},{"name":"src_endpoint.ip","type":"IP Address","type_id":2,"value":"::1"},{"name":"src_endpoint.port","type":"Port","type_id":11,"value":"0"},{"name":"device","type":"Endpoint","type_id":20},{"name":"device.hostname","type":"Hostname","type_id":1,"value":"DC01.contoso.local"},{"name":"user","type":"User","type_id":21},{"name":"user.account.uid","type":"Account Object: uid","type_id":35,"value":"{0887F1E4-39EA-D53C-804F-31D568A06274}"},{"name":"user.account.name","type":"Account Object: name","type_id":34,"value":"ladmin"},{"name":"user.name","type":"User Name","type_id":4,"value":"ladmin"},{"name":"user.uid","type":"User Object: uid","type_id":31,"value":"{0887F1E4-39EA-D53C-804F-31D568A06274}"},{"name":"actor.process","type":"Process","type_id":25},{"name":"actor.process.pid","type":"Process ID","type_id":15,"value":"872"},{"name":"actor.process.file","type":"File","type_id":24},{"name":"actor.process.file.name","type":"File Name","type_id":7,"value":"svchost.exe"},{"name":"actor.user","type":"User","type_id":21},{"name":"actor.user.account.uid","type":"Account Object: uid","type_id":35,"value":"S-1-5-21-3457937927-2839227994-823803824-1104"},{"name":"actor.user.account.name","type":"Account Object: name","type_id":34,"value":"dadmin"},{"name":"actor.user.uid","type":"User Object: uid","type_id":31,"value":"S-1-5-21-3457937927-2839227994-823803824-1104"},{"name":"actor.user.name","type":"User Name","type_id":4,"value":"dadmin"},{"name":"dst_endpoint","type":"Endpoint","type_id":20},{"name":"dst_endpoint.hostname","type":"Hostname","type_id":1,"value":"localhost"}],"raw_data":"<Event xmlns=\"http://schemas.microsoft.com/win/2004/08/events/event\">\n  <System>\n    <Provider Name=\"Microsoft-Windows-Security-Auditing\" Guid=\"{54849625-5478-4994-A5BA-3E3B0328C30D}\" />\n    <EventID>4648</EventID>\n    <Version>0</Version>\n    <Level>0</Level>\n    <Task>12544</Task>\n    <Opcode>0</Opcode>\n    <Keywords>0x8020000000000000</Keywords>\n    <TimeCreated SystemTime=\"2015-09-10T02:54:50.771459000Z\" />\n    <EventRecordID>233200</EventRecordID>\n    <Correlation />\n    <Execution ProcessID=\"516\" ThreadID=\"1116\" />\n    <Channel>Security</Channel>\n    <Computer>DC01.contoso.local</Computer>\n    <Security />\n  </System>\n  <EventData>\n    <Data Name=\"SubjectUserSid\">S-1-5-21-3457937927-2839227994-823803824-1104</Data>\n    <Data Name=\"SubjectUserName\">dadmin</Data>\n    <Data Name=\"SubjectDomainName\">CONTOSO</Data>\n    <Data Name=\"SubjectLogonId\">0x31844</Data>\n    <Data Name=\"LogonGuid\">{00000000-0000-0000-0000-000000000000}</Data>\n    <Data Name=\"TargetUserName\">ladmin</Data>\n    <Data Name=\"TargetDomainName\">CONTOSO</Data>\n    <Data Name=\"TargetLogonGuid\">{0887F1E4-39EA-D53C-804F-31D568A06274}</Data>\n    <Data Name=\"TargetServerName\">localhost</Data>\n    <Data Name=\"TargetInfo\">localhost</Data>\n    <Data Name=\"ProcessId\">0x368</Data>\n    <Data Name=\"ProcessName\">C:\\\\Windows\\\\System32\\\\svchost.exe</Data>\n    <Data Name=\"IpAddress\">::1</Data>\n    <Data Name=\"IpPort\">0</Data>\n  </EventData>\n</Event>","severity":"Informational","severity_id":1,"src_endpoint":{"ip":"::1","port":0},"status":"Success","status_id":1,"time":1441853690771,"type_name":"Authentication: Logon","type_uid":300201,"unmapped":{"EventData":{"TargetInfo":"localhost"},"Execution":{"ProcessID":"516","ThreadID":"1116"},"Opcode":"0","Task":"12544"},"user":{"account":{"name":"ladmin","type":"Windows Account","type_id":2,"uid":"{0887F1E4-39EA-D53C-804F-31D568A06274}"},"domain":"CONTOSO","name":"ladmin","uid":"{0887F1E4-39EA-D53C-804F-31D568A06274}"}}
{"activity_id":99,"activity_name":"Other","actor":{"process":{"file":{"name":"lsass.exe","parent_folder":"C:\\Windows\\System32","path":"C:\\Windows\\System32\\lsass.exe","type":"Regular File","type_id":1},"pid":724},"session":{"uid":"0x146ef485"},"user":{"account":{"name":"administrator","type":"Windows Account","type_id":2,"uid":"CREST-2012R2\\Administrator"},"domain":"CREST-2012R2","name":"administrator","uid":"CREST-2012R2\\Administrator"}},"category_name":"System Activity","category_uid":1,"class_name":"Windows Resource Activity","class_uid":201003,"device":{"hostname":"ta-dc-w2016.crest-2012r2.com","os":{"name":"Windows","type":"Windows","type_id":100},"type":"Unknown","type_id":0},"message":"A handle to an object was requested.","metadata":{"event_code":"4661","log_name":"Security","log_provider":"Microsoft-Windows-Security-Auditing","log_version":"1","original_time":"2020-09-22T09:12:18.565462500Z","product":{"feature":{"uid":"{54849625-5478-4994-A5BA-3E3B0328C30D}"},"name":"Microsoft Windows","vendor_name":"Microsoft"},"profiles":["host"],"sequence":12132836,"uid":"c4cec25f9a1c3c07b9aa204b50998c0e","version":"1.4.0"},"observables":[{"name":"device","type":"Endpoint","type_id":20},{"name":"device.hostname","type":"Hostname","type_id":1,"value":"ta-dc-w2016.crest-2012r2.com"},{"name":"actor.process","type":"Process","type_id":25},{"name":"actor.process.file","type":"File","type_id":24},{"name":"actor.process.file.name","type":"File Name","type_id":7,"value":"lsass.exe"},{"name":"actor.process.pid","type":"Process ID","type_id":15,"value":"724"},{"name":"actor.user","type":"User","type_id":21},{"name":"actor.user.account.uid","type":"Account Object: uid","type_id":35,"value":"CREST-2012R2\\Administrator"},{"name":"actor.user.account.name","type":"Account Object: name","type_id":34,"value":"administrator"},{"name":"actor.user.name","type":"User Name","type_id":4,"value":"administrator"},{"name":"actor.user.uid","type":"User Object: uid","type_id":31,"value":"CREST-2012R2\\Administrator"}],"raw_data":"<?xml version=\"1.0\" encoding=\"UTF-8\"?>\n<Event xmlns=\"http://schemas.microsoft.com/win/2004/08/events/event\">\n   <System>\n      <Provider Name=\"Microsoft-Windows-Security-Auditing\" Guid=\"{54849625-5478-4994-A5BA-3E3B0328C30D}\" />\n      <EventID>4661</EventID>\n      <Version>1</Version>\n      <Level>0</Level>\n      <Task>12803</Task>\n      <Opcode>0</Opcode>\n      <Keywords>0x8020000000000000</Keywords>\n      <TimeCreated SystemTime=\"2020-09-22T09:12:18.565462500Z\" />\n      <EventRecordID>12132836</EventRecordID>\n      <Correlation />\n      <Execution ProcessID=\"4\" ThreadID=\"8924\" />\n      <Channel>Security</Channel>\n      <Computer>ta-dc-w2016.crest-2012r2.com</Computer>\n      <Security />\n   </System>\n   <EventData>\n      <Data Name=\"SubjectUserSid\">CREST-2012R2\\Administrator</Data>\n      <Data Name=\"SubjectUserName\">administrator</Data>\n      <Data Name=\"SubjectDomainName\">CREST-2012R2</Data>\n      <Data Name=\"SubjectLogonId\">0x146ef485</Data>\n      <Data Name=\"ObjectServer\">Security Account Manager</Data>\n      <Data Name=\"ObjectType\">SAM_USER</Data>\n      <Data Name=\"ObjectName\">CREST-2012R2\\Administrator</Data>\n      <Data Name=\"HandleId\">0x2979554b080</Data>\n      <Data Name=\"TransactionId\">{00000000-0000-0000-0000-000000000000}</Data>\n      <Data Name=\"AccessList\">%%1538\n                                %%5442\n                                %%5444\n                                %%5447</Data>\n      <Data Name=\"AccessReason\">-</Data>\n      <Data Name=\"AccessMask\">0x20094</Data>\n      <Data Name=\"PrivilegeList\">-</Data>\n      <Data Name=\"Properties\">---\n        user\n%%1538\n%%5442\n%%5444\n%%5447\n                General Information\n                        codePage\n                        countryCode\n                        objectSid\n                        primaryGroupID\n                        sAMAccountName\n                        comment\n                        displayName\n                Account Restrictions\n                        accountExpires\n                        pwdLastSet\n                        userAccountControl\n                        userParameters\n                Logon Information\n                        badPwdCount\n                        homeDirectory\n                        homeDrive\n                        lastLogoff\n                        lastLogon\n                        logonCount\n                        logonHours\n                        logonWorkstation\n                        profilePath\n                        scriptPath\n                Public Information\n                        description\n                Group Membership\n                        memberOf\n                Reset Password\n                {7ed84960-ad10-11d0-8a92-00aa006e0529}\n%%1538\n%%5442\n%%5444\n%%5447\n%%5448\n                Change Password</Data>\n      <Data Name=\"RestrictedSidCount\">0</Data>\n      <Data Name=\"ProcessId\">0x2d4</Data>\n      <Data Name=\"ProcessName\">C:\\Windows\\System32\\lsass.exe</Data>\n   </EventData>\n</Event>","severity":"Informational","severity_id":1,"status":"Success","status_id":1,"time":1600765938565,"type_name":"Windows Resource Activity: Other","type_uid":20100399,"unmapped":{"EventData":{"AccessList":"%%1538\n                                %%5442\n                                %%5444\n                                %%5447","AccessMask":"0x20094","ObjectServer":"Security Account Manager","Properties":"---\n        user\n%%1538\n%%5442\n%%5444\n%%5447\n                General Information\n                        codePage\n                        countryCode\n                        objectSid\n                        primaryGroupID\n                        sAMAccountName\n                        comment\n                        displayName\n                Account Restrictions\n                        accountExpires\n                        pwdLastSet\n                        userAccountControl\n                        userParameters\n                Logon Information\n                        badPwdCount\n                        homeDirectory\n                        homeDrive\n                        lastLogoff\n                        lastLogon\n                        logonCount\n                        logonHours\n                        logonWorkstation\n                        profilePath\n                        scriptPath\n                Public Information\n                        description\n                Group Membership\n                        memberOf\n                Reset Password\n                {7ed84960-ad10-11d0-8a92-00aa006e0529}\n%%1538\n%%5442\n%%5444\n%%5447\n%%5448\n                Change Password","RestrictedSidCount":"0","TransactionId":"{00000000-0000-0000-0000-000000000000}"},"Execution":{"ProcessID":"4","ThreadID":"8924"},"Opcode":"0","Task":"12803"},"win_resource":{"name":"CREST-2012R2\\Administrator","type":"SAM_USER","type_id":35,"uid":"0x2979554b080"}}
{"activity_id":99,"activity_name":"Other","actor":{"process":{"file":{"name":"lsass.exe","parent_folder":"C:\\Windows\\System32","path":"C:\\Windows\\System32\\lsass.exe","type":"Regular File","type_id":1},"pid":680},"session":{"uid":"0x3e7"},"user":{"account":{"name":"SESWIN2019DC2$","type":"Windows Account","type_id":2,"uid":"S-1-5-18"},"domain":"SESTEST","name":"SESWIN2019DC2$","uid":"S-1-5-18"}},"category_name":"System Activity","category_uid":1,"class_name":"Windows Resource Activity","class_uid":201003,"device":{"hostname":"SesWin2019DC2.SesTest.local","os":{"name":"Windows","type":"Windows","type_id":100},"type":"Unknown","type_id":0},"message":"A handle to an object was requested.","metadata":{"event_code":"4661","log_name":"Security","log_provider":"Microsoft-Windows-Security-Auditing","log_version":"1","original_time":"2022-01-12T23:59:26.560409300Z","product":{"feature":{"uid":"{54849625-5478-4994-a5ba-3e3b0328c30d}"},"name":"Microsoft Windows","vendor_name":"Microsoft"},"profiles":["host"],"sequence":127752,"uid":"f0eabc4017f51ac62abcc0ec46692a6c","version":"1.4.0"},"observables":[{"name":"device","type":"Endpoint","type_id":20},{"name":"device.hostname","type":"Hostname","type_id":1,"value":"SesWin2019DC2.SesTest.local"},{"name":"actor.process","type":"Process","type_id":25},{"name":"actor.process.file","type":"File","type_id":24},{"name":"actor.process.file.name","type":"File Name","type_id":7,"value":"lsass.exe"},{"name":"actor.process.pid","type":"Process ID","type_id":15,"value":"680"},{"name":"actor.user","type":"User","type_id":21},{"name":"actor.user.account.uid","type":"Account Object: uid","type_id":35,"value":"S-1-5-18"},{"name":"actor.user.account.name","type":"Account Object: name","type_id":34,"value":"SESWIN2019DC2$"},{"name":"actor.user.name","type":"User Name","type_id":4,"value":"SESWIN2019DC2$"},{"name":"actor.user.uid","type":"User Object: uid","type_id":31,"value":"S-1-5-18"}],"raw_data":"<Event xmlns='http://schemas.microsoft.com/win/2004/08/events/event'>\n\t<System>\n\t\t<Provider Name='Microsoft-Windows-Security-Auditing' Guid='{54849625-5478-4994-a5ba-3e3b0328c30d}'/>\n\t\t<EventID>4661</EventID>\n\t\t<Version>1</Version>\n\t\t<Level>0</Level>\n\t\t<Task>12803</Task>\n\t\t<Opcode>0</Opcode>\n\t\t<Keywords>0x8020000000000000</Keywords>\n\t\t<TimeCreated SystemTime='2022-01-12T23:59:26.560409300Z'/>\n\t\t<EventRecordID>127752</EventRecordID>\n\t\t<Correlation/>\n\t\t<Execution ProcessID='4' ThreadID='384'/>\n\t\t<Channel>Security</Channel>\n\t\t<Computer>SesWin2019DC2.SesTest.local</Computer>\n\t\t<Security/>\n\t</System>\n\t<EventData>\n\t\t<Data Name='SubjectUserSid'>S-1-5-18</Data>\n\t\t<Data Name='SubjectUserName'>SESWIN2019DC2$</Data>\n\t\t<Data Name='SubjectDomainName'>SESTEST</Data>\n\t\t<Data Name='SubjectLogonId'>0x3e7</Data>\n\t\t<Data Name='ObjectServer'>Security Account Manager</Data>\n\t\t<Data Name='ObjectType'>SAM_DOMAIN</Data>\n\t\t<Data Name='ObjectName'>CN=Builtin,DC=SesTest,DC=local</Data>\n\t\t<Data Name='HandleId'>0x1d62b596440</Data>\n\t\t<Data Name='TransactionId'>{00000000-0000-0000-0000-000000000000}</Data>\n\t\t<Data Name='AccessList'>%%1537\n\t\t\t\t%%1538\n\t\t\t\t%%1539\n\t\t\t\t%%1540\n\t\t\t\t%%5392\n\t\t\t\t%%5393\n\t\t\t\t%%5394\n\t\t\t\t%%5395\n\t\t\t\t%%5396\n\t\t\t\t%%5397\n\t\t\t\t%%5398\n\t\t\t\t%%5399\n\t\t\t\t%%5400\n\t\t</Data>\n\t\t<Data Name='AccessReason'>-</Data>\n\t\t<Data Name='AccessMask'>0xf01ff</Data>\n\t\t<Data Name='PrivilegeList'>-</Data>\n\t\t<Data Name='Properties'>---\n\t{19195a5a-6da0-11d0-afd3-00c04fd930c9}\n%%1537\n%%1538\n%%1539\n%%1540\n%%5392\n%%5393\n%%5394\n%%5395\n%%5396\n%%5397\n%%5398\n%%5399\n%%5400\n\t\t{c7407360-20bf-11d0-a768-00aa006e0529}\n\t\t\t{bf9679a4-0de6-11d0-a285-00aa003049e2}\n\t\t\t{bf9679a5-0de6-11d0-a285-00aa003049e2}\n\t\t\t{bf9679a6-0de6-11d0-a285-00aa003049e2}\n\t\t\t{bf9679bb-0de6-11d0-a285-00aa003049e2}\n\t\t\t{bf9679c2-0de6-11d0-a285-00aa003049e2}\n\t\t\t{bf9679c3-0de6-11d0-a285-00aa003049e2}\n\t\t\t{bf967a09-0de6-11d0-a285-00aa003049e2}\n\t\t\t{bf967a0b-0de6-11d0-a285-00aa003049e2}\n\t\t{b8119fd0-04f6-4762-ab7a-4986c76b3f9a}\n\t\t\t{bf967a34-0de6-11d0-a285-00aa003049e2}\n\t\t\t{bf967a33-0de6-11d0-a285-00aa003049e2}\n\t\t\t{bf9679c5-0de6-11d0-a285-00aa003049e2}\n\t\t\t{bf967a61-0de6-11d0-a285-00aa003049e2}\n\t\t\t{bf967977-0de6-11d0-a285-00aa003049e2}\n\t\t\t{bf96795e-0de6-11d0-a285-00aa003049e2}\n\t\t\t{bf9679ea-0de6-11d0-a285-00aa003049e2}\n\t\t{ab721a52-1e2f-11d0-9819-00aa0040529b}\n\t\t</Data>\n\t\t<Data Name='RestrictedSidCount'>0</Data>\n\t\t<Data Name='ProcessId'>0x2a8</Data>\n\t\t<Data Name='ProcessName'>C:\\Windows\\System32\\lsass.exe</Data>\n\t</EventData>\n</Event>","severity":"Informational","severity_id":1,"status":"Success","status_id":1,"time":1642031966560,"type_name":"Windows Resource Activity: Other","type_uid":20100399,"unmapped":{"EventData":{"AccessList":"%%1537\n\t\t\t\t%%1538\n\t\t\t\t%%1539\n\t\t\t\t%%1540\n\t\t\t\t%%5392\n\t\t\t\t%%5393\n\t\t\t\t%%5394\n\t\t\t\t%%5395\n\t\t\t\t%%5396\n\t\t\t\t%%5397\n\t\t\t\t%%5398\n\t\t\t\t%%5399\n\t\t\t\t%%5400","AccessMask":"0xf01ff","ObjectServer":"Security Account Manager","Properties":"---\n\t{19195a5a-6da0-11d0-afd3-00c04fd930c9}\n%%1537\n%%1538\n%%1539\n%%1540\n%%5392\n%%5393\n%%5394\n%%5395\n%%5396\n%%5397\n%%5398\n%%5399\n%%5400\n\t\t{c7407360-20bf-11d0-a768-00aa006e0529}\n\t\t\t{bf9679a4-0de6-11d0-a285-00aa003049e2}\n\t\t\t{bf9679a5-0de6-11d0-a285-00aa003049e2}\n\t\t\t{bf9679a6-0de6-11d0-a285-00aa003049e2}\n\t\t\t{bf9679bb-0de6-11d0-a285-00aa003049e2}\n\t\t\t{bf9679c2-0de6-11d0-a285-00aa003049e2}\n\t\t\t{bf9679c3-0de6-11d0-a285-00aa003049e2}\n\t\t\t{bf967a09-0de6-11d0-a285-00aa003049e2}\n\t\t\t{bf967a0b-0de6-11d0-a285-00aa003049e2}\n\t\t{b8119fd0-04f6-4762-ab7a-4986c76b3f9a}\n\t\t\t{bf967a34-0de6-11d0-a285-00aa003049e2}\n\t\t\t{bf967a33-0de6-11d0-a285-00aa003049e2}\n\t\t\t{bf9679c5-0de6-11d0-a285-00aa003049e2}\n\t\t\t{bf967a61-0de6-11d0-a285-00aa003049e2}\n\t\t\t{bf967977-0de6-11d0-a285-00aa003049e2}\n\t\t\t{bf96795e-0de6-11d0-a285-00aa003049e2}\n\t\t\t{bf9679ea-0de6-11d0-a285-00aa003049e2}\n\t\t{ab721a52-1e2f-11d0-9819-00aa0040529b}","RestrictedSidCount":"0","TransactionId":"{00000000-0000-0000-0000-000000000000}"},"Execution":{"ProcessID":"4","ThreadID":"384"},"Opcode":"0","Task":"12803"},"win_resource":{"name":"CN=Builtin,DC=SesTest,DC=local","type":"SAM_DOMAIN","type_id":36,"uid":"0x1d62b596440"}}
{"activity_id":99,"activity_name":"Other","actor":{"process":{"file":{"name":"lsass.exe","parent_folder":"C:\\Windows\\System32","path":"C:\\Windows\\System32\\lsass.exe","type":"Regular File","type_id":1},"pid":680},"session":{"uid":"0x3e7"},"user":{"account":{"name":"SESWIN2019DC2$","type":"Windows Account","type_id":2,"uid":"S-1-5-18"},"domain":"SESTEST","name":"SESWIN2019DC2$","uid":"S-1-5-18"}},"category_name":"System Activity","category_uid":1,"class_name":"Windows Resource Activity","class_uid":201003,"device":{"hostname":"SesWin2019DC2.SesTest.local","os":{"name":"Windows","type":"Windows","type_id":100},"type":"Unknown","type_id":0},"message":"A handle to an object was requested.","metadata":{"event_code":"4661","log_name":"Security","log_provider":"Microsoft-Windows-Security-Auditing","log_version":"1","original_time":"2022-01-13T00:02:03.338377300Z","product":{"feature":{"uid":"{54849625-5478-4994-a5ba-3e3b0328c30d}"},"name":"Microsoft Windows","vendor_name":"Microsoft"},"profiles":["host"],"sequence":127851,"uid":"135b8e66b03829e057d5ab98c670df94","version":"1.4.0"},"observables":[{"name":"device","type":"Endpoint","type_id":20},{"name":"device.hostname","type":"Hostname","type_id":1,"value":"SesWin2019DC2.SesTest.local"},{"name":"actor.process","type":"Process","type_id":25},{"name":"actor.process.file","type":"File","type_id":24},{"name":"actor.process.file.name","type":"File Name","type_id":7,"value":"lsass.exe"},{"name":"actor.process.pid","type":"Process ID","type_id":15,"value":"680"},{"name":"actor.user","type":"User","type_id":21},{"name":"actor.user.name","type":"User Name","type_id":4,"value":"SESWIN2019DC2$"},{"name":"actor.user.uid","type":"User Object: uid","type_id":31,"value":"S-1-5-18"},{"name":"actor.user.account.uid","type":"Account Object: uid","type_id":35,"value":"S-1-5-18"},{"name":"actor.user.account.name","type":"Account Object: name","type_id":34,"value":"SESWIN2019DC2$"}],"raw_data":"<Event xmlns='http://schemas.microsoft.com/win/2004/08/events/event'>\n\t<System>\n\t\t<Provider Name='Microsoft-Windows-Security-Auditing' Guid='{54849625-5478-4994-a5ba-3e3b0328c30d}'/>\n\t\t<EventID>4661</EventID>\n\t\t<Version>1</Version>\n\t\t<Level>0</Level>\n\t\t<Task>12803</Task>\n\t\t<Opcode>0</Opcode>\n\t\t<Keywords>0x8020000000000000</Keywords>\n\t\t<TimeCreated SystemTime='2022-01-13T00:02:03.338377300Z'/>\n\t\t<EventRecordID>127851</EventRecordID>\n\t\t<Correlation/>\n\t\t<Execution ProcessID='4' ThreadID='464'/>\n\t\t<Channel>Security</Channel>\n\t\t<Computer>SesWin2019DC2.SesTest.local</Computer>\n\t\t<Security/>\n\t</System>\n\t<EventData>\n\t\t<Data Name='SubjectUserSid'>S-1-5-18</Data>\n\t\t<Data Name='SubjectUserName'>SESWIN2019DC2$</Data>\n\t\t<Data Name='SubjectDomainName'>SESTEST</Data>\n\t\t<Data Name='SubjectLogonId'>0x3e7</Data>\n\t\t<Data Name='ObjectServer'>Security Account Manager</Data>\n\t\t<Data Name='ObjectType'>SAM_DOMAIN</Data>\n\t\t<Data Name='ObjectName'>CN=Builtin,DC=SesTest,DC=local</Data>\n\t\t<Data Name='HandleId'>0x1d62b596440</Data>\n\t\t<Data Name='TransactionId'>{00000000-0000-0000-0000-000000000000}</Data>\n\t\t<Data Name='AccessList'>%%1537\n\t\t\t\t%%1538\n\t\t\t\t%%1539\n\t\t\t\t%%1540\n\t\t\t\t%%5392\n\t\t\t\t%%5393\n\t\t\t\t%%5394\n\t\t\t\t%%5395\n\t\t\t\t%%5396\n\t\t\t\t%%5397\n\t\t\t\t%%5398\n\t\t\t\t%%5399\n\t\t\t\t%%5400\n\t\t</Data>\n\t\t<Data Name='AccessReason'>-</Data>\n\t\t<Data Name='AccessMask'>0xf01ff</Data>\n\t\t<Data Name='PrivilegeList'>-</Data>\n\t\t<Data Name='Properties'>---\n\t{19195a5a-6da0-11d0-afd3-00c04fd930c9}\n%%1537\n%%1538\n%%1539\n%%1540\n%%5392\n%%5393\n%%5394\n%%5395\n%%5396\n%%5397\n%%5398\n%%5399\n%%5400\n\t\t{c7407360-20bf-11d0-a768-00aa006e0529}\n\t\t\t{bf9679a4-0de6-11d0-a285-00aa003049e2}\n\t\t\t{bf9679a5-0de6-11d0-a285-00aa003049e2}\n\t\t\t{bf9679a6-0de6-11d0-a285-00aa003049e2}\n\t\t\t{bf9679bb-0de6-11d0-a285-00aa003049e2}\n\t\t\t{bf9679c2-0de6-11d0-a285-00aa003049e2}\n\t\t\t{bf9679c3-0de6-11d0-a285-00aa003049e2}\n\t\t\t{bf967a09-0de6-11d0-a285-00aa003049e2}\n\t\t\t{bf967a0b-0de6-11d0-a285-00aa003049e2}\n\t\t{b8119fd0-04f6-4762-ab7a-4986c76b3f9a}\n\t\t\t{bf967a34-0de6-11d0-a285-00aa003049e2}\n\t\t\t{bf967a33-0de6-11d0-a285-00aa003049e2}\n\t\t\t{bf9679c5-0de6-11d0-a285-00aa003049e2}\n\t\t\t{bf967a61-0de6-11d0-a285-00aa003049e2}\n\t\t\t{bf967977-0de6-11d0-a285-00aa003049e2}\n\t\t\t{bf96795e-0de6-11d0-a285-00aa003049e2}\n\t\t\t{bf9679ea-0de6-11d0-a285-00aa003049e2}\n\t\t{ab721a52-1e2f-11d0-9819-00aa0040529b}\n\t\t</Data>\n\t\t<Data Name='RestrictedSidCount'>0</Data>\n\t\t<Data Name='ProcessId'>0x2a8</Data>\n\t\t<Data Name='ProcessName'>C:\\Windows\\System32\\lsass.exe</Data>\n\t</EventData>\n</Event>","severity":"Informational","severity_id":1,"status":"Success","status_id":1,"time":1642032123338,"type_name":"Windows Resource Activity: Other","type_uid":20100399,"unmapped":{"EventData":{"AccessList":"%%1537\n\t\t\t\t%%1538\n\t\t\t\t%%1539\n\t\t\t\t%%1540\n\t\t\t\t%%5392\n\t\t\t\t%%5393\n\t\t\t\t%%5394\n\t\t\t\t%%5395\n\t\t\t\t%%5396\n\t\t\t\t%%5397\n\t\t\t\t%%5398\n\t\t\t\t%%5399\n\t\t\t\t%%5400","AccessMask":"0xf01ff","ObjectServer":"Security Account Manager","Properties":"---\n\t{19195a5a-6da0-11d0-afd3-00c04fd930c9}\n%%1537\n%%1538\n%%1539\n%%1540\n%%5392\n%%5393\n%%5394\n%%5395\n%%5396\n%%5397\n%%5398\n%%5399\n%%5400\n\t\t{c7407360-20bf-11d0-a768-00aa006e0529}\n\t\t\t{bf9679a4-0de6-11d0-a285-00aa003049e2}\n\t\t\t{bf9679a5-0de6-11d0-a285-00aa003049e2}\n\t\t\t{bf9679a6-0de6-11d0-a285-00aa003049e2}\n\t\t\t{bf9679bb-0de6-11d0-a285-00aa003049e2}\n\t\t\t{bf9679c2-0de6-11d0-a285-00aa003049e2}\n\t\t\t{bf9679c3-0de6-11d0-a285-00aa003049e2}\n\t\t\t{bf967a09-0de6-11d0-a285-00aa003049e2}\n\t\t\t{bf967a0b-0de6-11d0-a285-00aa003049e2}\n\t\t{b8119fd0-04f6-4762-ab7a-4986c76b3f9a}\n\t\t\t{bf967a34-0de6-11d0-a285-00aa003049e2}\n\t\t\t{bf967a33-0de6-11d0-a285-00aa003049e2}\n\t\t\t{bf9679c5-0de6-11d0-a285-00aa003049e2}\n\t\t\t{bf967a61-0de6-11d0-a285-00aa003049e2}\n\t\t\t{bf967977-0de6-11d0-a285-00aa003049e2}\n\t\t\t{bf96795e-0de6-11d0-a285-00aa003049e2}\n\t\t\t{bf9679ea-0de6-11d0-a285-00aa003049e2}\n\t\t{ab721a52-1e2f-11d0-9819-00aa0040529b}","RestrictedSidCount":"0","TransactionId":"{00000000-0000-0000-0000-000000000000}"},"Execution":{"ProcessID":"4","ThreadID":"464"},"Opcode":"0","Task":"12803"},"win_resource":{"name":"CN=Builtin,DC=SesTest,DC=local","type":"SAM_DOMAIN","type_id":36,"uid":"0x1d62b596440"}}
{"activity_id":99,"activity_name":"Other","actor":{"process":{"file":{"name":"lsass.exe","parent_folder":"C:\\Windows\\System32","path":"C:\\Windows\\System32\\lsass.exe","type":"Regular File","type_id":1},"pid":680},"session":{"uid":"0x3e7"},"user":{"account":{"name":"SESWIN2019DC2$","type":"Windows Account","type_id":2,"uid":"S-1-5-18"},"domain":"SESTEST","name":"SESWIN2019DC2$","uid":"S-1-5-18"}},"category_name":"System Activity","category_uid":1,"class_name":"Windows Resource Activity","class_uid":201003,"device":{"hostname":"SesWin2019DC2.SesTest.local","os":{"name":"Windows","type":"Windows","type_id":100},"type":"Unknown","type_id":0},"message":"A handle to an object was requested.","metadata":{"event_code":"4661","log_name":"Security","log_provider":"Microsoft-Windows-Security-Auditing","log_version":"1","original_time":"2022-01-13T00:02:03.335285300Z","product":{"feature":{"uid":"{54849625-5478-4994-a5ba-3e3b0328c30d}"},"name":"Microsoft Windows","vendor_name":"Microsoft"},"profiles":["host"],"sequence":127847,"uid":"3fb9a3c2fed2f362d050bd907efa093d","version":"1.4.0"},"observables":[{"name":"actor.process","type":"Process","type_id":25},{"name":"actor.process.file","type":"File","type_id":24},{"name":"actor.process.file.name","type":"File Name","type_id":7,"value":"lsass.exe"},{"name":"actor.process.pid","type":"Process ID","type_id":15,"value":"680"},{"name":"actor.user","type":"User","type_id":21},{"name":"actor.user.account.name","type":"Account Object: name","type_id":34,"value":"SESWIN2019DC2$"},{"name":"actor.user.account.uid","type":"Account Object: uid","type_id":35,"value":"S-1-5-18"},{"name":"actor.user.name","type":"User Name","type_id":4,"value":"SESWIN2019DC2$"},{"name":"actor.user.uid","type":"User Object: uid","type_id":31,"value":"S-1-5-18"},{"name":"device","type":"Endpoint","type_id":20},{"name":"device.hostname","type":"Hostname","type_id":1,"value":"SesWin2019DC2.SesTest.local"}],"raw_data":"<Event xmlns='http://schemas.microsoft.com/win/2004/08/events/event'>\n\t<System>\n\t\t<Provider Name='Microsoft-Windows-Security-Auditing' Guid='{54849625-5478-4994-a5ba-3e3b0328c30d}'/>\n\t\t<EventID>4661</EventID>\n\t\t<Version>1</Version>\n\t\t<Level>0</Level>\n\t\t<Task>12803</Task>\n\t\t<Opcode>0</Opcode>\n\t\t<Keywords>0x8020000000000000</Keywords>\n\t\t<TimeCreated SystemTime='2022-01-13T00:02:03.335285300Z'/>\n\t\t<EventRecordID>127847</EventRecordID>\n\t\t<Correlation/>\n\t\t<Execution ProcessID='4' ThreadID='464'/>\n\t\t<Channel>Security</Channel>\n\t\t<Computer>SesWin2019DC2.SesTest.local</Computer>\n\t\t<Security/>\n\t</System>\n\t<EventData>\n\t\t<Data Name='SubjectUserSid'>S-1-5-18</Data>\n\t\t<Data Name='SubjectUserName'>SESWIN2019DC2$</Data>\n\t\t<Data Name='SubjectDomainName'>SESTEST</Data>\n\t\t<Data Name='SubjectLogonId'>0x3e7</Data>\n\t\t<Data Name='ObjectServer'>Security Account Manager</Data>\n\t\t<Data Name='ObjectType'>SAM_USER</Data>\n\t\t<Data Name='ObjectName'>S-1-5-21-3599146515-3183291219-1546714568-1119</Data>\n\t\t<Data Name='HandleId'>0x1d62b598120</Data>\n\t\t<Data Name='TransactionId'>{00000000-0000-0000-0000-000000000000}</Data>\n\t\t<Data Name='AccessList'>%%1537\n\t\t\t\t%%1538\n\t\t\t\t%%1539\n\t\t\t\t%%1540\n\t\t\t\t%%5440\n\t\t\t\t%%5441\n\t\t\t\t%%5442\n\t\t\t\t%%5443\n\t\t\t\t%%5444\n\t\t\t\t%%5445\n\t\t\t\t%%5446\n\t\t\t\t%%5447\n\t\t\t\t%%5448\n\t\t</Data>\n\t\t<Data Name='AccessReason'>-</Data>\n\t\t<Data Name='AccessMask'>0xf01ff</Data>\n\t\t<Data Name='PrivilegeList'>-</Data>\n\t\t<Data Name='Properties'>---\n\t{bf967aba-0de6-11d0-a285-00aa003049e2}\n%%1537\n%%1538\n%%1539\n%%1540\n%%5440\n%%5441\n%%5442\n%%5443\n%%5444\n%%5445\n%%5446\n%%5447\n%%5448\n\t\t{59ba2f42-79a2-11d0-9020-00c04fc2d3cf}\n\t\t\t{bf967938-0de6-11d0-a285-00aa003049e2}\n\t\t\t{5fd42471-1262-11d0-a060-00aa006c33ed}\n\t\t\t{bf9679e8-0de6-11d0-a285-00aa003049e2}\n\t\t\t{bf967a00-0de6-11d0-a285-00aa003049e2}\n\t\t\t{3e0abfd0-126a-11d0-a060-00aa006c33ed}\n\t\t\t{bf967a6a-0de6-11d0-a285-00aa003049e2}\n\t\t\t{bf967953-0de6-11d0-a285-00aa003049e2}\n\t\t{4c164200-20c0-11d0-a768-00aa006e0529}\n\t\t\t{bf967915-0de6-11d0-a285-00aa003049e2}\n\t\t\t{bf967a0a-0de6-11d0-a285-00aa003049e2}\n\t\t\t{bf967a68-0de6-11d0-a285-00aa003049e2}\n\t\t\t{bf967a6d-0de6-11d0-a285-00aa003049e2}\n\t\t{5f202010-79a5-11d0-9020-00c04fc2d4cf}\n\t\t\t{bf96792e-0de6-11d0-a285-00aa003049e2}\n\t\t\t{bf967985-0de6-11d0-a285-00aa003049e2}\n\t\t\t{bf967986-0de6-11d0-a285-00aa003049e2}\n\t\t\t{bf967996-0de6-11d0-a285-00aa003049e2}\n\t\t\t{bf967997-0de6-11d0-a285-00aa003049e2}\n\t\t\t{bf9679aa-0de6-11d0-a285-00aa003049e2}\n\t\t\t{bf9679ab-0de6-11d0-a285-00aa003049e2}\n\t\t\t{bf9679ac-0de6-11d0-a285-00aa003049e2}\n\t\t\t{bf967a05-0de6-11d0-a285-00aa003049e2}\n\t\t\t{bf9679a8-0de6-11d0-a285-00aa003049e2}\n\t\t{e48d0154-bcf8-11d1-8702-00c04fb96050}\n\t\t\t{bf967950-0de6-11d0-a285-00aa003049e2}\n\t\t{bc0ac240-79a9-11d0-9020-00c04fc2d4cf}\n\t\t\t{bf967991-0de6-11d0-a285-00aa003049e2}\n\t\t{ab721a53-1e2f-11d0-9819-00aa0040529b}\n\t\t{00299570-246d-11d0-a768-00aa006e0529}\n\t\t{7ed84960-ad10-11d0-8a92-00aa006e0529}\n\t\t</Data>\n\t\t<Data Name='RestrictedSidCount'>0</Data>\n\t\t<Data Name='ProcessId'>0x2a8</Data>\n\t\t<Data Name='ProcessName'>C:\\Windows\\System32\\lsass.exe</Data>\n\t</EventData>\n</Event>","severity":"Informational","severity_id":1,"status":"Success","status_id":1,"time":1642032123335,"type_name":"Windows Resource Activity: Other","type_uid":20100399,"unmapped":{"EventData":{"AccessList":"%%1537\n\t\t\t\t%%1538\n\t\t\t\t%%1539\n\t\t\t\t%%1540\n\t\t\t\t%%5440\n\t\t\t\t%%5441\n\t\t\t\t%%5442\n\t\t\t\t%%5443\n\t\t\t\t%%5444\n\t\t\t\t%%5445\n\t\t\t\t%%5446\n\t\t\t\t%%5447\n\t\t\t\t%%5448","AccessMask":"0xf01ff","ObjectServer":"Security Account Manager","Properties":"---\n\t{bf967aba-0de6-11d0-a285-00aa003049e2}\n%%1537\n%%1538\n%%1539\n%%1540\n%%5440\n%%5441\n%%5442\n%%5443\n%%5444\n%%5445\n%%5446\n%%5447\n%%5448\n\t\t{59ba2f42-79a2-11d0-9020-00c04fc2d3cf}\n\t\t\t{bf967938-0de6-11d0-a285-00aa003049e2}\n\t\t\t{5fd42471-1262-11d0-a060-00aa006c33ed}\n\t\t\t{bf9679e8-0de6-11d0-a285-00aa003049e2}\n\t\t\t{bf967a00-0de6-11d0-a285-00aa003049e2}\n\t\t\t{3e0abfd0-126a-11d0-a060-00aa006c33ed}\n\t\t\t{bf967a6a-0de6-11d0-a285-00aa003049e2}\n\t\t\t{bf967953-0de6-11d0-a285-00aa003049e2}\n\t\t{4c164200-20c0-11d0-a768-00aa006e0529}\n\t\t\t{bf967915-0de6-11d0-a285-00aa003049e2}\n\t\t\t{bf967a0a-0de6-11d0-a285-00aa003049e2}\n\t\t\t{bf967a68-0de6-11d0-a285-00aa003049e2}\n\t\t\t{bf967a6d-0de6-11d0-a285-00aa003049e2}\n\t\t{5f202010-79a5-11d0-9020-00c04fc2d4cf}\n\t\t\t{bf96792e-0de6-11d0-a285-00aa003049e2}\n\t\t\t{bf967985-0de6-11d0-a285-00aa003049e2}\n\t\t\t{bf967986-0de6-11d0-a285-00aa003049e2}\n\t\t\t{bf967996-0de6-11d0-a285-00aa003049e2}\n\t\t\t{bf967997-0de6-11d0-a285-00aa003049e2}\n\t\t\t{bf9679aa-0de6-11d0-a285-00aa003049e2}\n\t\t\t{bf9679ab-0de6-11d0-a285-00aa003049e2}\n\t\t\t{bf9679ac-0de6-11d0-a285-00aa003049e2}\n\t\t\t{bf967a05-0de6-11d0-a285-00aa003049e2}\n\t\t\t{bf9679a8-0de6-11d0-a285-00aa003049e2}\n\t\t{e48d0154-bcf8-11d1-8702-00c04fb96050}\n\t\t\t{bf967950-0de6-11d0-a285-00aa003049e2}\n\t\t{bc0ac240-79a9-11d0-9020-00c04fc2d4cf}\n\t\t\t{bf967991-0de6-11d0-a285-00aa003049e2}\n\t\t{ab721a53-1e2f-11d0-9819-00aa0040529b}\n\t\t{00299570-246d-11d0-a768-00aa006e0529}\n\t\t{7ed84960-ad10-11d0-8a92-00aa006e0529}","RestrictedSidCount":"0","TransactionId":"{00000000-0000-0000-0000-000000000000}"},"Execution":{"ProcessID":"4","ThreadID":"464"},"Opcode":"0","Task":"12803"},"win_resource":{"name":"S-1-5-21-3599146515-3183291219-1546714568-1119","type":"SAM_USER","type_id":35,"uid":"0x1d62b598120"}}
{"activity_id":99,"activity_name":"Other","actor":{"session":{"uid":"0x99ff8"},"user":{"account":{"name":"Administrator","type":"Windows Account","type_id":2,"uid":"TAFADTEST\\Administrator"},"domain":"TAFADTEST","name":"Administrator","uid":"TAFADTEST\\Administrator"}},"category_name":"Identity & Access Management","category_uid":3,"class_name":"Entity Management","class_uid":3004,"device":{"hostname":"AD-server.tafadtest.local","os":{"name":"Windows","type":"Windows","type_id":100},"type":"Unknown","type_id":0},"entity":{"name":"CN={31B2F340-016D-11D2-945F-00C04FB984F9},CN=Policies,CN=System,DC=tafadtest,DC=local","type":"groupPolicyContainer","uid":"0x0"},"message":"An operation was performed on an object.","metadata":{"event_code":"4662","log_name":"Security","log_provider":"Microsoft-Windows-Security-Auditing","log_version":"0","original_time":"2020-09-23T10:08:57.256916900Z","product":{"feature":{"uid":"{54849625-5478-4994-A5BA-3E3B0328C30D}"},"name":"Microsoft Windows","vendor_name":"Microsoft"},"profiles":["host"],"sequence":141717,"uid":"78312010577775e324b449c7a021109f","version":"1.4.0"},"observables":[{"name":"actor.user","type":"User","type_id":21},{"name":"actor.user.account.uid","type":"Account Object: uid","type_id":35,"value":"TAFADTEST\\Administrator"},{"name":"actor.user.account.name","type":"Account Object: name","type_id":34,"value":"Administrator"},{"name":"actor.user.name","type":"User Name","type_id":4,"value":"Administrator"},{"name":"actor.user.uid","type":"User Object: uid","type_id":31,"value":"TAFADTEST\\Administrator"},{"name":"device","type":"Endpoint","type_id":20},{"name":"device.hostname","type":"Hostname","type_id":1,"value":"AD-server.tafadtest.local"}],"raw_data":"<Event\n  xmlns='http://schemas.microsoft.com/win/2004/08/events/event'>\n  <System>\n    <Provider Name='Microsoft-Windows-Security-Auditing' Guid='{54849625-5478-4994-A5BA-3E3B0328C30D}'/>\n    <EventID>4662</EventID>\n    <Version>0</Version>\n    <Level>0</Level>\n    <Task>14080</Task>\n    <Opcode>0</Opcode>\n    <Keywords>0x8020000000000000</Keywords>\n    <TimeCreated SystemTime='2020-09-23T10:08:57.256916900Z'/>\n    <EventRecordID>141717</EventRecordID>\n    <Correlation ActivityID='{B0C3715F-875E-0000-6C71-C3B05E87D601}'/>\n    <Execution ProcessID='612' ThreadID='4028'/>\n    <Channel>Security</Channel>\n    <Computer>AD-server.tafadtest.local</Computer>\n    <Security/>\n  </System>\n  <EventData>\n    <Data Name='SubjectUserSid'>TAFADTEST\\Administrator</Data>\n    <Data Name='SubjectUserName'>Administrator</Data>\n    <Data Name='SubjectDomainName'>TAFADTEST</Data>\n    <Data Name='SubjectLogonId'>0x99ff8</Data>\n    <Data Name='ObjectServer'>DS</Data>\n    <Data Name='ObjectType'>groupPolicyContainer</Data>\n    <Data Name='ObjectName'>CN={31B2F340-016D-11D2-945F-00C04FB984F9},CN=Policies,CN=System,DC=tafadtest,DC=local</Data>\n    <Data Name='OperationType'>Object Access</Data>\n    <Data Name='HandleId'>0x0</Data>\n    <Data Name='AccessList'>%%1539\n                                </Data>\n    <Data Name='AccessMask'>0x40000</Data>\n    <Data Name='Properties'>%%1539\n        groupPolicyContainer\n</Data>\n    <Data Name='AdditionalInfo'>-</Data>\n    <Data Name='AdditionalInfo2'></Data>\n  </EventData>\n</Event>","severity":"Informational","severity_id":1,"status":"Success","status_id":1,"time":1600855737256,"type_name":"Entity Management: Other","type_uid":300499,"unmapped":{"Correlation":{"ActivityID":"{B0C3715F-875E-0000-6C71-C3B05E87D601}"},"EventData":{"AccessList":"%%1539","AccessMask":"0x40000","ObjectServer":"DS","OperationType":"Object Access","Properties":"%%1539\n        groupPolicyContainer"},"Execution":{"ProcessID":"612","ThreadID":"4028"},"Opcode":"0","Task":"14080"}}
{"activity_id":99,"activity_name":"Other","actor":{"session":{"uid":"0x706b5"},"user":{"account":{"name":"splunker","type":"Windows Account","type_id":2,"uid":"S-1-5-21-31992985-514707769-889761591-1013"},"domain":"SESWIN2012-1","name":"splunker","uid":"S-1-5-21-31992985-514707769-889761591-1013"}},"category_name":"Identity & Access Management","category_uid":3,"class_name":"Entity Management","class_uid":3004,"device":{"hostname":"SesWin2012-1.SesTest.local","os":{"name":"Windows","type":"Windows","type_id":100},"type":"Unknown","type_id":0},"entity":{"name":"Policy\\Secrets\\$MACHINE.ACC","type":"SecretObject","uid":"0xf349324040"},"message":"An operation was performed on an object.","metadata":{"event_code":"4662","log_name":"Security","log_provider":"Microsoft-Windows-Security-Auditing","log_version":"0","original_time":"2021-12-21T02:10:14.700978700Z","product":{"feature":{"uid":"{54849625-5478-4994-A5BA-3E3B0328C30D}"},"name":"Microsoft Windows","vendor_name":"Microsoft"},"profiles":["host"],"sequence":127270,"uid":"04e549f81d6152cb6b2c275adddcc474","version":"1.4.0"},"observables":[{"name":"actor.user","type":"User","type_id":21},{"name":"actor.user.account.uid","type":"Account Object: uid","type_id":35,"value":"S-1-5-21-31992985-514707769-889761591-1013"},{"name":"actor.user.account.name","type":"Account Object: name","type_id":34,"value":"splunker"},{"name":"actor.user.name","type":"User Name","type_id":4,"value":"splunker"},{"name":"actor.user.uid","type":"User Object: uid","type_id":31,"value":"S-1-5-21-31992985-514707769-889761591-1013"},{"name":"device","type":"Endpoint","type_id":20},{"name":"device.hostname","type":"Hostname","type_id":1,"value":"SesWin2012-1.SesTest.local"}],"raw_data":"<Event xmlns='http://schemas.microsoft.com/win/2004/08/events/event'>\n    <System>\n        <Provider Name='Microsoft-Windows-Security-Auditing' Guid='{54849625-5478-4994-A5BA-3E3B0328C30D}'/>\n        <EventID>4662</EventID>\n        <Version>0</Version>\n        <Level>0</Level>\n        <Task>12804</Task>\n        <Opcode>0</Opcode>\n        <Keywords>0x8020000000000000</Keywords>\n        <TimeCreated SystemTime='2021-12-21T02:10:14.700978700Z'/>\n        <EventRecordID>127270</EventRecordID>\n        <Correlation/>\n        <Execution ProcessID='556' ThreadID='1696'/>\n        <Channel>Security</Channel>\n        <Computer>SesWin2012-1.SesTest.local</Computer>\n        <Security/>\n    </System>\n    <EventData>\n        <Data Name='SubjectUserSid'>S-1-5-21-31992985-514707769-889761591-1013</Data>\n        <Data Name='SubjectUserName'>splunker</Data>\n        <Data Name='SubjectDomainName'>SESWIN2012-1</Data>\n        <Data Name='SubjectLogonId'>0x706b5</Data>\n        <Data Name='ObjectServer'>LSA</Data>\n        <Data Name='ObjectType'>SecretObject</Data>\n        <Data Name='ObjectName'>Policy\\Secrets\\$MACHINE.ACC</Data>\n        <Data Name='OperationType'>Query</Data>\n        <Data Name='HandleId'>0xf349324040</Data>\n        <Data Name='AccessList'>%%5649\n        </Data>\n        <Data Name='AccessMask'>0x2</Data>\n        <Data Name='Properties'>-</Data>\n        <Data Name='AdditionalInfo'>-</Data>\n        <Data Name='AdditionalInfo2'>-</Data>\n    </EventData>\n</Event>","severity":"Informational","severity_id":1,"status":"Success","status_id":1,"time":1640052614700,"type_name":"Entity Management: Other","type_uid":300499,"unmapped":{"EventData":{"AccessList":"%%5649","AccessMask":"0x2","ObjectServer":"LSA","OperationType":"Query"},"Execution":{"ProcessID":"556","ThreadID":"1696"},"Opcode":"0","Task":"12804"}}
