{"activity_id":3,"activity_name":"Authentication Ticket","auth_protocol":"Kerberos","auth_protocol_id":2,"category_name":"Identity & Access Management","category_uid":3,"class_name":"Authentication","class_uid":3002,"device":{"hostname":"xx-xx-w2016.dummy-2012r2.com","os":{"name":"Windows","type":"Windows","type_id":100},"type":"Unknown","type_id":0},"dst_endpoint":{"hostname":"xx-xx-w2016.dummy-2012r2.com"},"metadata":{"event_code":"4768","log_name":"Security","log_provider":"Microsoft-Windows-Security-Auditing","log_version":"0","original_time":"2020-09-22T09:22:42.391728200Z","product":{"feature":{"uid":"##LOGON_GUID##"},"name":"Microsoft Windows","vendor_name":"Microsoft"},"profiles":["host"],"sequence":0,"uid":"675ab64310c67a5e12c25882f0e42fd0","version":"1.4.0"},"observables":[{"name":"user","type":"User","type_id":21},{"name":"user.account.uid","type":"Account Object: uid","type_id":35,"value":"dummy-2012R2\\xx-xx-w2016$"},{"name":"user.account.name","type":"Account Object: name","type_id":34,"value":"xx-xx-w2016$"},{"name":"user.name","type":"User Name","type_id":4,"value":"xx-xx-w2016$"},{"name":"user.uid","type":"User Object: uid","type_id":31,"value":"dummy-2012R2\\xx-xx-w2016$"},{"name":"device","type":"Endpoint","type_id":20},{"name":"device.hostname","type":"Hostname","type_id":1,"value":"xx-xx-w2016.dummy-2012r2.com"},{"name":"src_endpoint","type":"Endpoint","type_id":20},{"name":"src_endpoint.ip","type":"IP Address","type_id":2,"value":"::1"},{"name":"src_endpoint.port","type":"Port","type_id":11,"value":"0"},{"name":"dst_endpoint","type":"Endpoint","type_id":20},{"name":"dst_endpoint.hostname","type":"Hostname","type_id":1,"value":"xx-xx-w2016.dummy-2012r2.com"}],"raw_data":"<Event xmlns='http://xyz.pqr.abc/win/2004/08/events/event'>\n  <System>\n    <Provider Name='Microsoft-Windows-Security-Auditing' Guid='##LOGON_GUID##'/>\n    <EventID>4768</EventID>\n    <Version>0</Version>\n    <Level>0</Level>\n    <Task>14339</Task>\n    <Opcode>0</Opcode>\n    <Keywords>0x8020000000000000</Keywords>\n    <TimeCreated SystemTime='2020-09-22T09:22:42.391728200Z'/>\n    <EventRecordID>##Record_Number##</EventRecordID>\n    <Correlation/>\n    <Execution ProcessID='##Process_Id##' ThreadID='3100'/>\n    <Channel>Security</Channel>\n    <Computer>xx-xx-w2016.dummy-2012r2.com</Computer>\n    <Security/>\n  </System>\n  <EventData>\n    <Data Name='TargetUserName'>xx-xx-w2016$</Data>\n    <Data Name='TargetDomainName'>dummy-2012R2.COM</Data>\n    <Data Name='TargetSid'>dummy-2012R2\\xx-xx-w2016$</Data>\n    <Data Name='ServiceName'>krbtgt</Data>\n    <Data Name='ServiceSid'>dummy-2012R2\\krbtgt</Data>\n    <Data Name='TicketOptions'>0x40810010</Data>\n    <Data Name='Status'>0x0</Data>\n    <Data Name='TicketEncryptionType'>0x12</Data>\n    <Data Name='PreAuthType'>2</Data>\n    <Data Name='IpAddress'>::1</Data>\n    <Data Name='IpPort'>0</Data>\n    <Data Name='CertIssuerName'></Data>\n    <Data Name='CertSerialNumber'></Data>\n    <Data Name='CertThumbprint'></Data>\n  </EventData>\n</Event>","severity":"Informational","severity_id":1,"src_endpoint":{"ip":"::1","port":0},"status":"Success","status_id":1,"time":1600766562391,"type_name":"Authentication: Authentication Ticket","type_uid":300203,"unmapped":{"EventData":{"PreAuthType":"2","ServiceName":"krbtgt","ServiceSid":"dummy-2012R2\\krbtgt","Status":"0x0","TicketEncryptionType":"0x12","TicketOptions":"0x40810010"},"Execution":{"ProcessID":"##Process_Id##","ThreadID":"3100"},"Opcode":"0","Task":"14339"},"user":{"account":{"name":"xx-xx-w2016$","type":"Windows Account","type_id":2,"uid":"dummy-2012R2\\xx-xx-w2016$"},"domain":"dummy-2012R2.COM","name":"xx-xx-w2016$","uid":"dummy-2012R2\\xx-xx-w2016$"}}
{"activity_id":3,"activity_name":"Authentication Ticket","auth_protocol":"Kerberos","auth_protocol_id":2,"category_name":"Identity & Access Management","category_uid":3,"class_name":"Authentication","class_uid":3002,"device":{"hostname":"DC01.contoso.local","os":{"name":"Windows","type":"Windows","type_id":100},"type":"Unknown","type_id":0},"dst_endpoint":{"hostname":"DC01.contoso.local"},"metadata":{"event_code":"4768","log_name":"Security","log_provider":"Microsoft-Windows-Security-Auditing","log_version":"0","original_time":"2015-08-07T18:13:46.074535600Z","product":{"feature":{"uid":"{54849625-5478-4994-A5BA-3E3B0328C30D}"},"name":"Microsoft Windows","vendor_name":"Microsoft"},"profiles":["host"],"sequence":166747,"uid":"d1eb893ac9bc28a43096b94bef5292b6","version":"1.4.0"},"observables":[{"name":"device","type":"Endpoint","type_id":20},{"name":"device.hostname","type":"Hostname","type_id":1,"value":"DC01.contoso.local"},{"name":"dst_endpoint","type":"Endpoint","type_id":20},{"name":"dst_endpoint.hostname","type":"Hostname","type_id":1,"value":"DC01.contoso.local"},{"name":"src_endpoint","type":"Endpoint","type_id":20},{"name":"src_endpoint.ip","type":"IP Address","type_id":2,"value":"::ffff:10.0.0.12"},{"name":"src_endpoint.port","type":"Port","type_id":11,"value":"49273"},{"name":"user","type":"User","type_id":21},{"name":"user.account.uid","type":"Account Object: uid","type_id":35,"value":"S-1-5-21-3457937927-2839227994-823803824-1104"},{"name":"user.account.name","type":"Account Object: name","type_id":34,"value":"dadmin"},{"name":"user.name","type":"User Name","type_id":4,"value":"dadmin"},{"name":"user.uid","type":"User Object: uid","type_id":31,"value":"S-1-5-21-3457937927-2839227994-823803824-1104"}],"raw_data":"<Event xmlns=\"http://schemas.microsoft.com/win/2004/08/events/event\">\n  <System>\n    <Provider Name=\"Microsoft-Windows-Security-Auditing\" Guid=\"{54849625-5478-4994-A5BA-3E3B0328C30D}\" />\n    <EventID>4768</EventID>\n    <Version>0</Version>\n    <Level>0</Level>\n    <Task>14339</Task>\n    <Opcode>0</Opcode>\n    <Keywords>0x8020000000000000</Keywords>\n    <TimeCreated SystemTime=\"2015-08-07T18:13:46.074535600Z\" />\n    <EventRecordID>166747</EventRecordID>\n    <Correlation />\n    <Execution ProcessID=\"520\" ThreadID=\"1496\" />\n    <Channel>Security</Channel>\n    <Computer>DC01.contoso.local</Computer>\n    <Security />\n  </System>\n  <EventData>\n    <Data Name=\"TargetUserName\">dadmin</Data>\n    <Data Name=\"TargetDomainName\">CONTOSO.LOCAL</Data>\n    <Data Name=\"TargetSid\">S-1-5-21-3457937927-2839227994-823803824-1104</Data>\n    <Data Name=\"ServiceName\">krbtgt</Data>\n    <Data Name=\"ServiceSid\">S-1-5-21-3457937927-2839227994-823803824-502</Data>\n    <Data Name=\"TicketOptions\">0x40810010</Data>\n    <Data Name=\"Status\">0x0</Data>\n    <Data Name=\"TicketEncryptionType\">0x12</Data>\n    <Data Name=\"PreAuthType\">15</Data>\n    <Data Name=\"IpAddress\">::ffff:10.0.0.12</Data>\n    <Data Name=\"IpPort\">49273</Data>\n    <Data Name=\"CertIssuerName\">contoso-DC01-CA-1</Data>\n    <Data Name=\"CertSerialNumber\">1D0000000D292FBE3C6CDDAFA200020000000D</Data>\n    <Data Name=\"CertThumbprint\">564DFAEE99C71D62ABC553E695BD8DBC46669413</Data>\n  </EventData>\n</Event>","severity":"Informational","severity_id":1,"src_endpoint":{"ip":"::ffff:10.0.0.12","port":49273},"status":"Success","status_id":1,"time":1438971226074,"type_name":"Authentication: Authentication Ticket","type_uid":300203,"unmapped":{"EventData":{"CertIssuerName":"contoso-DC01-CA-1","CertSerialNumber":"1D0000000D292FBE3C6CDDAFA200020000000D","CertThumbprint":"564DFAEE99C71D62ABC553E695BD8DBC46669413","PreAuthType":"15","ServiceName":"krbtgt","ServiceSid":"S-1-5-21-3457937927-2839227994-823803824-502","Status":"0x0","TicketEncryptionType":"0x12","TicketOptions":"0x40810010"},"Execution":{"ProcessID":"520","ThreadID":"1496"},"Opcode":"0","Task":"14339"},"user":{"account":{"name":"dadmin","type":"Windows Account","type_id":2,"uid":"S-1-5-21-3457937927-2839227994-823803824-1104"},"domain":"CONTOSO.LOCAL","name":"dadmin","uid":"S-1-5-21-3457937927-2839227994-823803824-1104"}}
{"activity_id":4,"activity_name":"Service Ticket Request","auth_protocol":"Kerberos","auth_protocol_id":2,"category_name":"Identity & Access Management","category_uid":3,"class_name":"Authentication","class_uid":3002,"device":{"hostname":"WIN2008R2.contoso.local","os":{"name":"Windows","type":"Windows","type_id":100},"type":"Unknown","type_id":0},"dst_endpoint":{"hostname":"WIN2008R2.contoso.local"},"metadata":{"event_code":"4769","log_name":"Security","log_provider":"Microsoft-Windows-Security-Auditing","log_version":"0","original_time":"2015-08-07T18:13:46.043256100Z","product":{"feature":{"uid":"{54849625-5478-4994-A5BA-3E3B0328C30D}"},"name":"Microsoft Windows","vendor_name":"Microsoft"},"profiles":["host"],"sequence":166746,"uid":"9d8e6105a7befb7fc80401bb66858594","version":"1.4.0"},"observables":[{"name":"user","type":"User","type_id":21},{"name":"user.account.name","type":"Account Object: name","type_id":34,"value":"dadmin@CONTOSO.LOCA"},{"name":"user.name","type":"User Name","type_id":4,"value":"dadmin@CONTOSO.LOCA"},{"name":"device","type":"Endpoint","type_id":20},{"name":"device.hostname","type":"Hostname","type_id":1,"value":"WIN2008R2.contoso.local"},{"name":"src_endpoint","type":"Endpoint","type_id":20},{"name":"src_endpoint.ip","type":"IP Address","type_id":2,"value":"::ffff:10.0.0.12"},{"name":"src_endpoint.port","type":"Port","type_id":11,"value":"49272"},{"name":"dst_endpoint","type":"Endpoint","type_id":20},{"name":"dst_endpoint.hostname","type":"Hostname","type_id":1,"value":"WIN2008R2.contoso.local"}],"raw_data":" <Event xmlns=\"http://schemas.microsoft.com/win/2004/08/events/event\">\n\t<System>\n\t\t<Provider Name=\"Microsoft-Windows-Security-Auditing\" Guid=\"{54849625-5478-4994-A5BA-3E3B0328C30D}\" />\n\t\t<EventID>4769</EventID>\n\t\t<Version>0</Version>\n\t\t<Level>0</Level>\n\t\t<Task>14337</Task>\n\t\t<Opcode>0</Opcode>\n\t\t<Keywords>0x8020000000000000</Keywords>\n\t\t<TimeCreated SystemTime=\"2015-08-07T18:13:46.043256100Z\" />\n\t\t<EventRecordID>166746</EventRecordID>\n\t\t<Correlation />\n\t\t<Execution ProcessID=\"520\" ThreadID=\"1496\" />\n\t\t<Channel>Security</Channel>\n\t\t<Computer>WIN2008R2.contoso.local</Computer>\n\t\t<Security />\n\t</System>\n\t<EventData>\n\t\t<Data Name=\"TargetUserName\">dadmin@CONTOSO.LOCA</Data>\n\t\t<Data Name=\"TargetDomainName\">CONTOSO.LOCAL</Data>\n\t\t<Data Name=\"ServiceName\">WIN2008R2$</Data>\n\t\t<Data Name=\"ServiceSid\">CONTOSO/WIN2008R2$</Data>\n\t\t<Data Name=\"TicketOptions\">0x40810000</Data>\n\t\t<Data Name=\"TicketEncryptionType\">0x12</Data>\n\t\t<Data Name=\"IpAddress\">::ffff:10.0.0.12</Data>\n\t\t<Data Name=\"IpPort\">49272</Data>\n\t\t<Data Name=\"Status\">0x1</Data>\n\t\t<Data Name=\"LogonGuid\">{F85C455E-C66E-205C-6B39-F6C60A7FE453}</Data>\n\t\t<Data Name=\"TransmittedServices\">-</Data>\n\t</EventData>\n</Event>","session":{"uuid":"{F85C455E-C66E-205C-6B39-F6C60A7FE453}"},"severity":"Informational","severity_id":1,"src_endpoint":{"ip":"::ffff:10.0.0.12","port":49272},"status":"Success","status_code":"0x1","status_id":1,"time":1438971226043,"type_name":"Authentication: Service Ticket Request","type_uid":300204,"unmapped":{"EventData":{"ServiceName":"WIN2008R2$","ServiceSid":"CONTOSO/WIN2008R2$","TicketEncryptionType":"0x12","TicketOptions":"0x40810000"},"Execution":{"ProcessID":"520","ThreadID":"1496"},"Opcode":"0","Task":"14337"},"user":{"account":{"name":"dadmin@CONTOSO.LOCA","type":"Windows Account","type_id":2},"domain":"CONTOSO.LOCAL","name":"dadmin@CONTOSO.LOCA"}}
{"activity_id":4,"activity_name":"Service Ticket Request","auth_protocol":"Kerberos","auth_protocol_id":2,"category_name":"Identity & Access Management","category_uid":3,"class_name":"Authentication","class_uid":3002,"device":{"hostname":"domainController@domainX.com","os":{"name":"Windows","type":"Windows","type_id":100},"type":"Unknown","type_id":0},"dst_endpoint":{"hostname":"domainController@domainX.com"},"metadata":{"event_code":"4769","log_name":"Security","log_provider":"Microsoft-Windows-Security-Auditing","log_version":"0","original_time":"2015-08-07T18:13:46.043256100Z","product":{"feature":{"uid":"{54849625-5478-4994-A5BA-3E3B0328C30D}"},"name":"Microsoft Windows","vendor_name":"Microsoft"},"profiles":["host"],"sequence":166746,"uid":"0dddc0cab4663ab5ce41e9ad0bfdede7","version":"1.4.0"},"observables":[{"name":"device","type":"Endpoint","type_id":20},{"name":"device.hostname","type":"Hostname","type_id":1,"value":"domainController@domainX.com"},{"name":"user","type":"User","type_id":21},{"name":"user.account.name","type":"Account Object: name","type_id":34,"value":"device1$@domainX.com"},{"name":"user.name","type":"User Name","type_id":4,"value":"device1$@domainX.com"},{"name":"dst_endpoint","type":"Endpoint","type_id":20},{"name":"dst_endpoint.hostname","type":"Hostname","type_id":1,"value":"domainController@domainX.com"},{"name":"src_endpoint","type":"Endpoint","type_id":20},{"name":"src_endpoint.ip","type":"IP Address","type_id":2,"value":"10.23.23.23"},{"name":"src_endpoint.port","type":"Port","type_id":11,"value":"46276"}],"raw_data":" <Event xmlns=\"http://schemas.microsoft.com/win/2004/08/events/event\">\n\t<System>\n\t\t<Provider Name=\"Microsoft-Windows-Security-Auditing\" Guid=\"{54849625-5478-4994-A5BA-3E3B0328C30D}\" />\n\t\t<EventID>4769</EventID>\n\t\t<Version>0</Version>\n\t\t<Level>0</Level>\n\t\t<Task>14337</Task>\n\t\t<Opcode>0</Opcode>\n\t\t<Keywords>0x8020000000000000</Keywords>\n\t\t<TimeCreated SystemTime=\"2015-08-07T18:13:46.043256100Z\" />\n\t\t<EventRecordID>166746</EventRecordID>\n\t\t<Correlation />\n\t\t<Execution ProcessID=\"520\" ThreadID=\"1496\" />\n\t\t<Channel>Security</Channel>\n\t\t<Computer>domainController@domainX.com</Computer>\n\t\t<Security />\n\t</System>\n\t<EventData>\n\t\t<Data Name=\"TargetUserName\">device1$@domainX.com</Data>\n\t\t<Data Name=\"TargetDomainName\">DOMAINX.COML</Data>\n\t\t<Data Name=\"ServiceName\">krbtgt</Data>\n\t\t<Data Name=\"ServiceSid\">SOI\\krbtgt</Data>\n\t\t<Data Name=\"TicketOptions\">0x60000000</Data>\n\t\t<Data Name=\"TicketEncryptionType\">0x17</Data>\n\t\t<Data Name=\"IpAddress\">10.23.23.23</Data>\n\t\t<Data Name=\"IpPort\">46276</Data>\n\t\t<Data Name=\"Status\">0x0</Data>\n\t\t<Data Name=\"LogonGuid\">{BD0B2FB8-CD81-A88A-A2CD-55DBB38ABB12}</Data>\n\t\t<Data Name=\"TransmittedServices\">-</Data>\n\t</EventData>\n</Event>","session":{"uuid":"{BD0B2FB8-CD81-A88A-A2CD-55DBB38ABB12}"},"severity":"Informational","severity_id":1,"src_endpoint":{"ip":"10.23.23.23","port":46276},"status":"Success","status_code":"0x0","status_id":1,"time":1438971226043,"type_name":"Authentication: Service Ticket Request","type_uid":300204,"unmapped":{"EventData":{"ServiceName":"krbtgt","ServiceSid":"SOI\\krbtgt","TicketEncryptionType":"0x17","TicketOptions":"0x60000000"},"Execution":{"ProcessID":"520","ThreadID":"1496"},"Opcode":"0","Task":"14337"},"user":{"account":{"name":"device1$@domainX.com","type":"Windows Account","type_id":2},"domain":"DOMAINX.COML","name":"device1$@domainX.com"}}
{"activity_id":4,"activity_name":"Service Ticket Request","auth_protocol":"Kerberos","auth_protocol_id":2,"category_name":"Identity & Access Management","category_uid":3,"class_name":"Authentication","class_uid":3002,"device":{"hostname":"domainController@domainX.com","os":{"name":"Windows","type":"Windows","type_id":100},"type":"Unknown","type_id":0},"dst_endpoint":{"hostname":"domainController@domainX.com"},"metadata":{"event_code":"4769","log_name":"Security","log_provider":"Microsoft-Windows-Security-Auditing","log_version":"0","original_time":"2015-08-07T18:13:46.043256100Z","product":{"feature":{"uid":"{54849625-5478-4994-A5BA-3E3B0328C30D}"},"name":"Microsoft Windows","vendor_name":"Microsoft"},"profiles":["host"],"sequence":166746,"uid":"92c364955cfc55191266d0ea6c948b0a","version":"1.4.0"},"observables":[{"name":"dst_endpoint","type":"Endpoint","type_id":20},{"name":"dst_endpoint.hostname","type":"Hostname","type_id":1,"value":"domainController@domainX.com"},{"name":"user","type":"User","type_id":21},{"name":"user.name","type":"User Name","type_id":4,"value":"device1$"},{"name":"user.account.name","type":"Account Object: name","type_id":34,"value":"device1$"},{"name":"src_endpoint","type":"Endpoint","type_id":20},{"name":"src_endpoint.port","type":"Port","type_id":11,"value":"46276"},{"name":"src_endpoint.ip","type":"IP Address","type_id":2,"value":"10.23.23.23"},{"name":"device","type":"Endpoint","type_id":20},{"name":"device.hostname","type":"Hostname","type_id":1,"value":"domainController@domainX.com"}],"raw_data":" <Event xmlns=\"http://schemas.microsoft.com/win/2004/08/events/event\">\n\t<System>\n\t\t<Provider Name=\"Microsoft-Windows-Security-Auditing\" Guid=\"{54849625-5478-4994-A5BA-3E3B0328C30D}\" />\n\t\t<EventID>4769</EventID>\n\t\t<Version>0</Version>\n\t\t<Level>0</Level>\n\t\t<Task>14337</Task>\n\t\t<Opcode>0</Opcode>\n\t\t<Keywords>0x8020000000000000</Keywords>\n\t\t<TimeCreated SystemTime=\"2015-08-07T18:13:46.043256100Z\" />\n\t\t<EventRecordID>166746</EventRecordID>\n\t\t<Correlation />\n\t\t<Execution ProcessID=\"520\" ThreadID=\"1496\" />\n\t\t<Channel>Security</Channel>\n\t\t<Computer>domainController@domainX.com</Computer>\n\t\t<Security />\n\t</System>\n\t<EventData>\n\t\t<Data Name=\"TargetUserName\">device1$</Data>\n\t\t<Data Name=\"TargetDomainName\">DOMAINX.COML</Data>\n\t\t<Data Name=\"ServiceName\">krbtgt</Data>\n\t\t<Data Name=\"ServiceSid\">SOI\\krbtgt</Data>\n\t\t<Data Name=\"TicketOptions\">0x60000000</Data>\n\t\t<Data Name=\"TicketEncryptionType\">0x17</Data>\n\t\t<Data Name=\"IpAddress\">10.23.23.23</Data>\n\t\t<Data Name=\"IpPort\">46276</Data>\n\t\t<Data Name=\"Status\">0x0</Data>\n\t\t<Data Name=\"LogonGuid\">{BD0B2FB8-CD81-A88A-A2CD-55DBB38ABB12}</Data>\n\t\t<Data Name=\"TransmittedServices\">-</Data>\n\t</EventData>\n</Event>","session":{"uuid":"{BD0B2FB8-CD81-A88A-A2CD-55DBB38ABB12}"},"severity":"Informational","severity_id":1,"src_endpoint":{"ip":"10.23.23.23","port":46276},"status":"Success","status_code":"0x0","status_id":1,"time":1438971226043,"type_name":"Authentication: Service Ticket Request","type_uid":300204,"unmapped":{"EventData":{"ServiceName":"krbtgt","ServiceSid":"SOI\\krbtgt","TicketEncryptionType":"0x17","TicketOptions":"0x60000000"},"Execution":{"ProcessID":"520","ThreadID":"1496"},"Opcode":"0","Task":"14337"},"user":{"account":{"name":"device1$","type":"Windows Account","type_id":2},"domain":"DOMAINX.COML","name":"device1$"}}
{"activity_id":4,"activity_name":"Service Ticket Request","auth_protocol":"Kerberos","auth_protocol_id":2,"category_name":"Identity & Access Management","category_uid":3,"class_name":"Authentication","class_uid":3002,"device":{"hostname":"xx-xx-w2016.dummy-2012r2.com","os":{"name":"Windows","type":"Windows","type_id":100},"type":"Unknown","type_id":0},"dst_endpoint":{"hostname":"xx-xx-w2016.dummy-2012r2.com"},"metadata":{"event_code":"4769","log_name":"Security","log_provider":"Microsoft-Windows-Security-Auditing","log_version":"0","original_time":"2020-09-22T09:22:42.392588900Z","product":{"feature":{"uid":"##LOGON_GUID##"},"name":"Microsoft Windows","vendor_name":"Microsoft"},"profiles":["host"],"sequence":0,"uid":"d4f5d981772e76bd6297dbec8253e5ab","version":"1.4.0"},"observables":[{"name":"device","type":"Endpoint","type_id":20},{"name":"device.hostname","type":"Hostname","type_id":1,"value":"xx-xx-w2016.dummy-2012r2.com"},{"name":"dst_endpoint","type":"Endpoint","type_id":20},{"name":"dst_endpoint.hostname","type":"Hostname","type_id":1,"value":"xx-xx-w2016.dummy-2012r2.com"},{"name":"user","type":"User","type_id":21},{"name":"user.name","type":"User Name","type_id":4,"value":"xx-xx-w2016$@dummy-2012R2.COM"},{"name":"user.account.name","type":"Account Object: name","type_id":34,"value":"xx-xx-w2016$@dummy-2012R2.COM"},{"name":"src_endpoint","type":"Endpoint","type_id":20},{"name":"src_endpoint.ip","type":"IP Address","type_id":2,"value":"::1"},{"name":"src_endpoint.port","type":"Port","type_id":11,"value":"0"}],"raw_data":"<Event xmlns='http://xyz.pqr.abc/win/2004/08/events/event'>\n  <System>\n    <Provider Name='Microsoft-Windows-Security-Auditing' Guid='##LOGON_GUID##'/>\n    <EventID>4769</EventID>\n    <Version>0</Version>\n    <Level>0</Level>\n    <Task>14337</Task>\n    <Opcode>0</Opcode>\n    <Keywords>0x8020000000000000</Keywords>\n    <TimeCreated SystemTime='2020-09-22T09:22:42.392588900Z'/>\n    <EventRecordID>##Record_Number##</EventRecordID>\n    <Correlation/>\n    <Execution ProcessID='##Process_Id##' ThreadID='3100'/>\n    <Channel>Security</Channel>\n    <Computer>xx-xx-w2016.dummy-2012r2.com</Computer>\n    <Security/>\n  </System>\n  <EventData>\n    <Data Name='TargetUserName'>xx-xx-w2016$@dummy-2012R2.COM</Data>\n    <Data Name='TargetDomainName'>dummy-2012R2.COM</Data>\n    <Data Name='ServiceName'>xx-xx-w2016$</Data>\n    <Data Name='ServiceSid'>dummy-2012R2\\xx-xx-w2016$</Data>\n    <Data Name='TicketOptions'>0x40810000</Data>\n    <Data Name='TicketEncryptionType'>0x12</Data>\n    <Data Name='IpAddress'>::1</Data>\n    <Data Name='IpPort'>0</Data>\n    <Data Name='Status'>0x0</Data>\n    <Data Name='LogonGuid'>##LOGON_GUID##</Data>\n    <Data Name='TransmittedServices'>-</Data>\n  </EventData>\n</Event>","session":{"uuid":"##LOGON_GUID##"},"severity":"Informational","severity_id":1,"src_endpoint":{"ip":"::1","port":0},"status":"Success","status_code":"0x0","status_id":1,"time":1600766562392,"type_name":"Authentication: Service Ticket Request","type_uid":300204,"unmapped":{"EventData":{"ServiceName":"xx-xx-w2016$","ServiceSid":"dummy-2012R2\\xx-xx-w2016$","TicketEncryptionType":"0x12","TicketOptions":"0x40810000"},"Execution":{"ProcessID":"##Process_Id##","ThreadID":"3100"},"Opcode":"0","Task":"14337"},"user":{"account":{"name":"xx-xx-w2016$@dummy-2012R2.COM","type":"Windows Account","type_id":2},"domain":"dummy-2012R2.COM","name":"xx-xx-w2016$@dummy-2012R2.COM"}}
{"activity_id":4,"activity_name":"Service Ticket Request","auth_protocol":"Kerberos","auth_protocol_id":2,"category_name":"Identity & Access Management","category_uid":3,"class_name":"Authentication","class_uid":3002,"device":{"hostname":"DC01.contoso.local","os":{"name":"Windows","type":"Windows","type_id":100},"type":"Unknown","type_id":0},"dst_endpoint":{"hostname":"DC01.contoso.local"},"metadata":{"event_code":"4769","log_name":"Security","log_provider":"Microsoft-Windows-Security-Auditing","log_version":"0","original_time":"2015-08-07T18:13:46.043256100Z","product":{"feature":{"uid":"{54849625-5478-4994-A5BA-3E3B0328C30D}"},"name":"Microsoft Windows","vendor_name":"Microsoft"},"profiles":["host"],"sequence":166746,"uid":"a9bdeb24a34c5bfd4480bf1be789ffb0","version":"1.4.0"},"observables":[{"name":"dst_endpoint","type":"Endpoint","type_id":20},{"name":"dst_endpoint.hostname","type":"Hostname","type_id":1,"value":"DC01.contoso.local"},{"name":"device","type":"Endpoint","type_id":20},{"name":"device.hostname","type":"Hostname","type_id":1,"value":"DC01.contoso.local"},{"name":"user","type":"User","type_id":21},{"name":"user.account.name","type":"Account Object: name","type_id":34,"value":"dadmin@CONTOSO.LOCAL"},{"name":"user.name","type":"User Name","type_id":4,"value":"dadmin@CONTOSO.LOCAL"},{"name":"src_endpoint","type":"Endpoint","type_id":20},{"name":"src_endpoint.port","type":"Port","type_id":11,"value":"49272"},{"name":"src_endpoint.ip","type":"IP Address","type_id":2,"value":"::ffff:10.0.0.12"}],"raw_data":"<Event xmlns=\"http://schemas.microsoft.com/win/2004/08/events/event\">\n  <System>\n    <Provider Name=\"Microsoft-Windows-Security-Auditing\" Guid=\"{54849625-5478-4994-A5BA-3E3B0328C30D}\" />\n    <EventID>4769</EventID>\n    <Version>0</Version>\n    <Level>0</Level>\n    <Task>14337</Task>\n    <Opcode>0</Opcode>\n    <Keywords>0x8020000000000000</Keywords>\n    <TimeCreated SystemTime=\"2015-08-07T18:13:46.043256100Z\" />\n    <EventRecordID>166746</EventRecordID>\n    <Correlation />\n    <Execution ProcessID=\"520\" ThreadID=\"1496\" />\n    <Channel>Security</Channel>\n    <Computer>DC01.contoso.local</Computer>\n    <Security />\n  </System>\n  <EventData>\n    <Data Name=\"TargetUserName\">dadmin@CONTOSO.LOCAL</Data>\n    <Data Name=\"TargetDomainName\">CONTOSO.LOCAL</Data>\n    <Data Name=\"ServiceName\">WIN2008R2$</Data>\n    <Data Name=\"ServiceSid\">S-1-5-21-3457937927-2839227994-823803824-2102</Data>\n    <Data Name=\"TicketOptions\">0x40810000</Data>\n    <Data Name=\"TicketEncryptionType\">0x12</Data>\n    <Data Name=\"IpAddress\">::ffff:10.0.0.12</Data>\n    <Data Name=\"IpPort\">49272</Data>\n    <Data Name=\"Status\">0x0</Data>\n    <Data Name=\"LogonGuid\">{F85C455E-C66E-205C-6B39-F6C60A7FE453}</Data>\n    <Data Name=\"TransmittedServices\">-</Data>\n  </EventData>\n</Event>","session":{"uuid":"{F85C455E-C66E-205C-6B39-F6C60A7FE453}"},"severity":"Informational","severity_id":1,"src_endpoint":{"ip":"::ffff:10.0.0.12","port":49272},"status":"Success","status_code":"0x0","status_id":1,"time":1438971226043,"type_name":"Authentication: Service Ticket Request","type_uid":300204,"unmapped":{"EventData":{"ServiceName":"WIN2008R2$","ServiceSid":"S-1-5-21-3457937927-2839227994-823803824-2102","TicketEncryptionType":"0x12","TicketOptions":"0x40810000"},"Execution":{"ProcessID":"520","ThreadID":"1496"},"Opcode":"0","Task":"14337"},"user":{"account":{"name":"dadmin@CONTOSO.LOCAL","type":"Windows Account","type_id":2},"domain":"CONTOSO.LOCAL","name":"dadmin@CONTOSO.LOCAL"}}
{"activity_id":5,"activity_name":"Service Ticket Renew","auth_protocol":"Kerberos","auth_protocol_id":2,"category_name":"Identity & Access Management","category_uid":3,"class_name":"Authentication","class_uid":3002,"device":{"hostname":"DC01.contoso.local","os":{"name":"Windows","type":"Windows","type_id":100},"type":"Unknown","type_id":0},"dst_endpoint":{"hostname":"DC01.contoso.local"},"metadata":{"event_code":"4770","log_name":"Security","log_provider":"Microsoft-Windows-Security-Auditing","log_version":"0","original_time":"2015-08-07T03:26:23.466552900Z","product":{"feature":{"uid":"{54849625-5478-4994-A5BA-3E3B0328C30D}"},"name":"Microsoft Windows","vendor_name":"Microsoft"},"profiles":["host"],"sequence":166481,"uid":"35cc823476df9789e70b0b74051d95ce","version":"1.4.0"},"observables":[{"name":"src_endpoint","type":"Endpoint","type_id":20},{"name":"src_endpoint.ip","type":"IP Address","type_id":2,"value":"::ffff:10.0.0.12"},{"name":"src_endpoint.port","type":"Port","type_id":11,"value":"49964"},{"name":"dst_endpoint","type":"Endpoint","type_id":20},{"name":"dst_endpoint.hostname","type":"Hostname","type_id":1,"value":"DC01.contoso.local"},{"name":"user","type":"User","type_id":21},{"name":"user.name","type":"User Name","type_id":4,"value":"WIN2008R2$@CONTOSO.LOCAL"},{"name":"user.account.name","type":"Account Object: name","type_id":34,"value":"WIN2008R2$@CONTOSO.LOCAL"},{"name":"device","type":"Endpoint","type_id":20},{"name":"device.hostname","type":"Hostname","type_id":1,"value":"DC01.contoso.local"}],"raw_data":"<Event xmlns=\"http://schemas.microsoft.com/win/2004/08/events/event\">\n<System>\n <Provider Name=\"Microsoft-Windows-Security-Auditing\" Guid=\"{54849625-5478-4994-A5BA-3E3B0328C30D}\" /> \n <EventID>4770</EventID> \n <Version>0</Version> \n <Level>0</Level> \n <Task>14337</Task> \n <Opcode>0</Opcode> \n <Keywords>0x8020000000000000</Keywords> \n <TimeCreated SystemTime=\"2015-08-07T03:26:23.466552900Z\" /> \n <EventRecordID>166481</EventRecordID> \n <Correlation /> \n <Execution ProcessID=\"520\" ThreadID=\"1084\" /> \n <Channel>Security</Channel> \n <Computer>DC01.contoso.local</Computer> \n <Security /> \n </System>\n<EventData>\n <Data Name=\"TargetUserName\">WIN2008R2$@CONTOSO.LOCAL</Data> \n <Data Name=\"TargetDomainName\">CONTOSO.LOCAL</Data> \n <Data Name=\"ServiceName\">krbtgt</Data> \n <Data Name=\"ServiceSid\">S-1-5-21-3457937927-2839227994-823803824-502</Data> \n <Data Name=\"TicketOptions\">0x2</Data> \n <Data Name=\"TicketEncryptionType\">0x12</Data> \n <Data Name=\"IpAddress\">::ffff:10.0.0.12</Data> \n <Data Name=\"IpPort\">49964</Data> \n </EventData>\n </Event>\n\n","severity":"Informational","severity_id":1,"src_endpoint":{"ip":"::ffff:10.0.0.12","port":49964},"status":"Success","status_id":1,"time":1438917983466,"type_name":"Authentication: Service Ticket Renew","type_uid":300205,"unmapped":{"EventData":{"ServiceName":"krbtgt","ServiceSid":"S-1-5-21-3457937927-2839227994-823803824-502","TicketEncryptionType":"0x12","TicketOptions":"0x2"},"Execution":{"ProcessID":"520","ThreadID":"1084"},"Opcode":"0","Task":"14337"},"user":{"account":{"name":"WIN2008R2$@CONTOSO.LOCAL","type":"Windows Account","type_id":2},"domain":"CONTOSO.LOCAL","name":"WIN2008R2$@CONTOSO.LOCAL"}}
{"activity_id":3,"activity_name":"Authentication Ticket","auth_protocol":"Kerberos","auth_protocol_id":2,"category_name":"Identity & Access Management","category_uid":3,"class_name":"Authentication","class_uid":3002,"device":{"hostname":"AD-server.xxadtest.local","os":{"name":"Windows","type":"Windows","type_id":100},"type":"Unknown","type_id":0},"dst_endpoint":{"hostname":"AD-server.xxadtest.local"},"metadata":{"event_code":"4771","log_name":"Security","log_provider":"Microsoft-Windows-Security-Auditing","log_version":"0","original_time":"2020-09-23T13:41:21.638074200Z","product":{"feature":{"uid":"##LOGON_GUID##"},"name":"Microsoft Windows","vendor_name":"Microsoft"},"profiles":["host"],"sequence":0,"uid":"14f9a3fab7ba6d762ab2a57179733ede","version":"1.4.0"},"observables":[{"name":"dst_endpoint","type":"Endpoint","type_id":20},{"name":"dst_endpoint.hostname","type":"Hostname","type_id":1,"value":"AD-server.xxadtest.local"},{"name":"device","type":"Endpoint","type_id":20},{"name":"device.hostname","type":"Hostname","type_id":1,"value":"AD-server.xxadtest.local"},{"name":"user","type":"User","type_id":21},{"name":"user.account.uid","type":"Account Object: uid","type_id":35,"value":"USERDTEST\\Administrator"},{"name":"user.account.name","type":"Account Object: name","type_id":34,"value":"Administrator"},{"name":"user.name","type":"User Name","type_id":4,"value":"Administrator"},{"name":"user.uid","type":"User Object: uid","type_id":31,"value":"USERDTEST\\Administrator"}],"raw_data":"<Event xmlns='http://xyz.pqr.abc/win/2004/08/events/event'>\n  <System>\n    <Provider Name='Microsoft-Windows-Security-Auditing' Guid='##LOGON_GUID##'/>\n    <EventID>4771</EventID>\n    <Version>0</Version>\n    <Level>0</Level>\n    <Task>14339</Task>\n    <Opcode>0</Opcode>\n    <Keywords>0x8010000000000000</Keywords>\n    <TimeCreated SystemTime='2020-09-23T13:41:21.638074200Z'/>\n    <EventRecordID>##Record_Number##</EventRecordID>\n    <Correlation/>\n    <Execution ProcessID='##Process_Id##' ThreadID='4012'/>\n    <Channel>Security</Channel>\n    <Computer>AD-server.xxadtest.local</Computer>\n    <Security/>\n  </System>\n  <EventData>\n    <Data Name='TargetUserName'>Administrator</Data>\n    <Data Name='TargetSid'>USERDTEST\\Administrator</Data>\n    <Data Name='ServiceName'>krbtgt/USERDTEST</Data>\n    <Data Name='TicketOptions'>0x40810010</Data>\n    <Data Name='Status'>0x18</Data>\n    <Data Name='PreAuthType'>2</Data>\n    <Data Name='IpAddress'></Data>\n    <Data Name='IpPort'></Data>\n    <Data Name='CertIssuerName'></Data>\n    <Data Name='CertSerialNumber'></Data>\n    <Data Name='CertThumbprint'></Data>\n  </EventData>\n</Event>","severity":"Informational","severity_id":1,"status":"Failure","status_code":"0x18","status_id":2,"time":1600868481638,"type_name":"Authentication: Authentication Ticket","type_uid":300203,"unmapped":{"EventData":{"PreAuthType":"2","ServiceName":"krbtgt/USERDTEST","TicketOptions":"0x40810010"},"Execution":{"ProcessID":"##Process_Id##","ThreadID":"4012"},"Opcode":"0","Task":"14339"},"user":{"account":{"name":"Administrator","type":"Windows Account","type_id":2,"uid":"USERDTEST\\Administrator"},"name":"Administrator","uid":"USERDTEST\\Administrator"}}
{"activity_id":3,"activity_name":"Authentication Ticket","auth_protocol":"Kerberos","auth_protocol_id":2,"category_name":"Identity & Access Management","category_uid":3,"class_name":"Authentication","class_uid":3002,"device":{"hostname":"DC01.contoso.local","os":{"name":"Windows","type":"Windows","type_id":100},"type":"Unknown","type_id":0},"dst_endpoint":{"hostname":"DC01.contoso.local"},"metadata":{"event_code":"4771","log_name":"Security","log_provider":"Microsoft-Windows-Security-Auditing","log_version":"0","original_time":"2015-08-07T18:10:21.495462300Z","product":{"feature":{"uid":"{54849625-5478-4994-A5BA-3E3B0328C30D}"},"name":"Microsoft Windows","vendor_name":"Microsoft"},"profiles":["host"],"sequence":166708,"uid":"278c7f5c45291da78d40367d94f98a90","version":"1.4.0"},"observables":[{"name":"src_endpoint","type":"Endpoint","type_id":20},{"name":"src_endpoint.ip","type":"IP Address","type_id":2,"value":"::ffff:10.0.0.12"},{"name":"src_endpoint.port","type":"Port","type_id":11,"value":"49254"},{"name":"user","type":"User","type_id":21},{"name":"user.account.uid","type":"Account Object: uid","type_id":35,"value":"S-1-5-21-3457937927-2839227994-823803824-1104"},{"name":"user.account.name","type":"Account Object: name","type_id":34,"value":"dadmin"},{"name":"user.name","type":"User Name","type_id":4,"value":"dadmin"},{"name":"user.uid","type":"User Object: uid","type_id":31,"value":"S-1-5-21-3457937927-2839227994-823803824-1104"},{"name":"device","type":"Endpoint","type_id":20},{"name":"device.hostname","type":"Hostname","type_id":1,"value":"DC01.contoso.local"},{"name":"dst_endpoint","type":"Endpoint","type_id":20},{"name":"dst_endpoint.hostname","type":"Hostname","type_id":1,"value":"DC01.contoso.local"}],"raw_data":"<Event xmlns=\"http://schemas.microsoft.com/win/2004/08/events/event\">\n  <System>\n    <Provider Name=\"Microsoft-Windows-Security-Auditing\" Guid=\"{54849625-5478-4994-A5BA-3E3B0328C30D}\" />\n    <EventID>4771</EventID>\n    <Version>0</Version>\n    <Level>0</Level>\n    <Task>14339</Task>\n    <Opcode>0</Opcode>\n    <Keywords>0x8010000000000000</Keywords>\n    <TimeCreated SystemTime=\"2015-08-07T18:10:21.495462300Z\" />\n    <EventRecordID>166708</EventRecordID>\n    <Correlation />\n    <Execution ProcessID=\"520\" ThreadID=\"1084\" />\n    <Channel>Security</Channel>\n    <Computer>DC01.contoso.local</Computer>\n    <Security />\n  </System>\n  <EventData>\n    <Data Name=\"TargetUserName\">dadmin</Data>\n    <Data Name=\"TargetSid\">S-1-5-21-3457937927-2839227994-823803824-1104</Data>\n    <Data Name=\"ServiceName\">krbtgt/CONTOSO.LOCAL</Data>\n    <Data Name=\"TicketOptions\">0x40810010</Data>\n    <Data Name=\"Status\">0x10</Data>\n    <Data Name=\"PreAuthType\">15</Data>\n    <Data Name=\"IpAddress\">::ffff:10.0.0.12</Data>\n    <Data Name=\"IpPort\">49254</Data>\n    <Data Name=\"CertIssuerName\" />\n    <Data Name=\"CertSerialNumber\" />\n    <Data Name=\"CertThumbprint\" />\n  </EventData>\n</Event>","severity":"Informational","severity_id":1,"src_endpoint":{"ip":"::ffff:10.0.0.12","port":49254},"status":"Failure","status_code":"0x10","status_id":2,"time":1438971021495,"type_name":"Authentication: Authentication Ticket","type_uid":300203,"unmapped":{"EventData":{"PreAuthType":"15","ServiceName":"krbtgt/CONTOSO.LOCAL","TicketOptions":"0x40810010"},"Execution":{"ProcessID":"520","ThreadID":"1084"},"Opcode":"0","Task":"14339"},"user":{"account":{"name":"dadmin","type":"Windows Account","type_id":2,"uid":"S-1-5-21-3457937927-2839227994-823803824-1104"},"name":"dadmin","uid":"S-1-5-21-3457937927-2839227994-823803824-1104"}}
{"activity_id":1,"activity_name":"Logon","auth_protocol":"MICROSOFT_AUTHENTICATION_PACKAGE_V1_0","auth_protocol_id":99,"category_name":"Identity & Access Management","category_uid":3,"class_name":"Authentication","class_uid":3002,"device":{"hostname":"ta-dc-w2016.crest-2012r2.com","os":{"name":"Windows","type":"Windows","type_id":100},"type":"Unknown","type_id":0},"dst_endpoint":{"hostname":"ta-dc-w2016.crest-2012r2.com"},"metadata":{"event_code":"4776","log_name":"Security","log_provider":"Microsoft-Windows-Security-Auditing","log_version":"0","original_time":"2020-01-22T07:17:40.487264400Z","product":{"feature":{"uid":"{54849625-5478-4994-A5BA-3E3B0328C30D}"},"name":"Microsoft Windows","vendor_name":"Microsoft"},"profiles":["host"],"sequence":5315358,"uid":"f94d7701f254a866b5b145edf79ef02f","version":"1.4.0"},"observables":[{"name":"src_endpoint","type":"Endpoint","type_id":20},{"name":"dst_endpoint","type":"Endpoint","type_id":20},{"name":"dst_endpoint.hostname","type":"Hostname","type_id":1,"value":"ta-dc-w2016.crest-2012r2.com"},{"name":"user","type":"User","type_id":21},{"name":"user.account.name","type":"Account Object: name","type_id":34,"value":"Administrator"},{"name":"user.name","type":"User Name","type_id":4,"value":"Administrator"},{"name":"device","type":"Endpoint","type_id":20},{"name":"device.hostname","type":"Hostname","type_id":1,"value":"ta-dc-w2016.crest-2012r2.com"}],"raw_data":"<?xml version=\"1.0\" encoding=\"UTF-8\"?>\n<Event xmlns=\"http://schemas.microsoft.com/win/2004/08/events/event\">\n\t<System>\n\t\t<Provider Name=\"Microsoft-Windows-Security-Auditing\" Guid=\"{54849625-5478-4994-A5BA-3E3B0328C30D}\" />\n\t\t<EventID>4776</EventID>\n\t\t<Version>0</Version>\n\t\t<Level>0</Level>\n\t\t<Task>14336</Task>\n\t\t<Opcode>0</Opcode>\n\t\t<Keywords>0x8020000000000000</Keywords>\n\t\t<TimeCreated SystemTime=\"2020-01-22T07:17:40.487264400Z\" />\n\t\t<EventRecordID>5315358</EventRecordID>\n\t\t<Correlation />\n\t\t<Execution ProcessID=\"724\" ThreadID=\"2940\" />\n\t\t<Channel>Security</Channel>\n\t\t<Computer>ta-dc-w2016.crest-2012r2.com</Computer>\n\t\t<Security />\n\t</System>\n\t<EventData>\n\t\t<Data Name=\"PackageName\">MICROSOFT_AUTHENTICATION_PACKAGE_V1_0</Data>\n\t\t<Data Name=\"TargetUserName\">Administrator</Data>\n\t\t<Data Name=\"Workstation\">W184-SHUBHAMB</Data>\n\t\t<Data Name=\"Status\">0x0</Data>\n\t</EventData>\n</Event>","severity":"Informational","severity_id":1,"src_endpoint":{"name":"W184-SHUBHAMB"},"status":"Success","status_code":"0x0","status_id":1,"time":1579677460487,"type_name":"Authentication: Logon","type_uid":300201,"unmapped":{"Execution":{"ProcessID":"724","ThreadID":"2940"},"Opcode":"0","Task":"14336"},"user":{"account":{"name":"Administrator","type":"Windows Account","type_id":2},"name":"Administrator"}}
{"activity_id":1,"activity_name":"Logon","auth_protocol":"MICROSOFT\\_AUTHENTICATION\\_PACKAGE\\_V1\\_0","auth_protocol_id":99,"category_name":"Identity & Access Management","category_uid":3,"class_name":"Authentication","class_uid":3002,"device":{"hostname":"DC01.contoso.local","os":{"name":"Windows","type":"Windows","type_id":100},"type":"Unknown","type_id":0},"dst_endpoint":{"hostname":"DC01.contoso.local"},"metadata":{"event_code":"4776","log_name":"Security","log_provider":"Microsoft-Windows-Security-Auditing","log_version":"0","original_time":"2015-07-25T04:38:11.003163100Z","product":{"feature":{"uid":"{54849625-5478-4994-A5BA-3E3B0328C30D}"},"name":"Microsoft Windows","vendor_name":"Microsoft"},"profiles":["host"],"sequence":165437,"uid":"0079d23d4279cb686f9a90314d52f861","version":"1.4.0"},"observables":[{"name":"dst_endpoint","type":"Endpoint","type_id":20},{"name":"dst_endpoint.hostname","type":"Hostname","type_id":1,"value":"DC01.contoso.local"},{"name":"user","type":"User","type_id":21},{"name":"user.name","type":"User Name","type_id":4,"value":"dadmin"},{"name":"user.account.name","type":"Account Object: name","type_id":34,"value":"dadmin"},{"name":"device","type":"Endpoint","type_id":20},{"name":"device.hostname","type":"Hostname","type_id":1,"value":"DC01.contoso.local"},{"name":"src_endpoint","type":"Endpoint","type_id":20}],"raw_data":"<?xml version=\"1.0\" encoding=\"UTF-8\"?>\n<Event xmlns=\"http://schemas.microsoft.com/win/2004/08/events/event\">\n  <System>\n    <Provider Name=\"Microsoft-Windows-Security-Auditing\" Guid=\"{54849625-5478-4994-A5BA-3E3B0328C30D}\" />\n    <EventID>4776</EventID>\n    <Version>0</Version>\n    <Level>0</Level>\n    <Task>14336</Task>\n    <Opcode>0</Opcode>\n    <Keywords>0x8010000000000000</Keywords>\n    <TimeCreated SystemTime=\"2015-07-25T04:38:11.003163100Z\" />\n    <EventRecordID>165437</EventRecordID>\n    <Correlation />\n    <Execution ProcessID=\"500\" ThreadID=\"532\" />\n    <Channel>Security</Channel>\n    <Computer>DC01.contoso.local</Computer>\n    <Security />\n  </System>\n  <EventData>\n    <Data Name=\"PackageName\">MICROSOFT\\_AUTHENTICATION\\_PACKAGE\\_V1\\_0</Data>\n    <Data Name=\"TargetUserName\">dadmin</Data>\n    <Data Name=\"Workstation\">WIN81</Data>\n    <Data Name=\"Status\">0xc0000234</Data>\n  </EventData>\n</Event>","severity":"Informational","severity_id":1,"src_endpoint":{"name":"WIN81"},"status":"Failure","status_code":"0xc0000234","status_id":2,"time":1437799091003,"type_name":"Authentication: Logon","type_uid":300201,"unmapped":{"Execution":{"ProcessID":"500","ThreadID":"532"},"Opcode":"0","Task":"14336"},"user":{"account":{"name":"dadmin","type":"Windows Account","type_id":2},"name":"dadmin"}}
{"activity_id":1,"activity_name":"Logon","auth_protocol":"MICROSOFT_AUTHENTICATION_PACKAGE_V1_0","auth_protocol_id":99,"category_name":"Identity & Access Management","category_uid":3,"class_name":"Authentication","class_uid":3002,"device":{"hostname":"xx-xx-w2016.dummy-2012r2.com","os":{"name":"Windows","type":"Windows","type_id":100},"type":"Unknown","type_id":0},"dst_endpoint":{"hostname":"xx-xx-w2016.dummy-2012r2.com"},"metadata":{"event_code":"4776","log_name":"Security","log_provider":"Microsoft-Windows-Security-Auditing","log_version":"0","original_time":"2020-01-22T07:17:40.487264400Z","product":{"feature":{"uid":"##LOGON_GUID##"},"name":"Microsoft Windows","vendor_name":"Microsoft"},"profiles":["host"],"sequence":0,"uid":"c14e97fe89cbb7623420f857ee73bee6","version":"1.4.0"},"observables":[{"name":"dst_endpoint","type":"Endpoint","type_id":20},{"name":"dst_endpoint.hostname","type":"Hostname","type_id":1,"value":"xx-xx-w2016.dummy-2012r2.com"},{"name":"user","type":"User","type_id":21},{"name":"user.account.name","type":"Account Object: name","type_id":34,"value":"Administrator"},{"name":"user.name","type":"User Name","type_id":4,"value":"Administrator"},{"name":"device","type":"Endpoint","type_id":20},{"name":"device.hostname","type":"Hostname","type_id":1,"value":"xx-xx-w2016.dummy-2012r2.com"},{"name":"src_endpoint","type":"Endpoint","type_id":20}],"raw_data":"<Event xmlns='http://xyz.pqr.abc/win/2004/08/events/event'>\n  <System>\n    <Provider Name='Microsoft-Windows-Security-Auditing' Guid='##LOGON_GUID##'/>\n    <EventID>4776</EventID>\n    <Version>0</Version>\n    <Level>0</Level>\n    <Task>14336</Task>\n    <Opcode>0</Opcode>\n    <Keywords>0x8020000000000000</Keywords>\n    <TimeCreated SystemTime='2020-01-22T07:17:40.487264400Z'/>\n    <EventRecordID>##Record_Number##</EventRecordID>\n    <Correlation/>\n    <Execution ProcessID='##Process_Id##' ThreadID='2940'/>\n    <Channel>Security</Channel>\n    <Computer>xx-xx-w2016.dummy-2012r2.com</Computer>\n    <Security/>\n  </System>\n  <EventData>\n    <Data Name='PackageName'>MICROSOFT_AUTHENTICATION_PACKAGE_V1_0</Data>\n    <Data Name='TargetUserName'>Administrator</Data>\n    <Data Name='Workstation'>W184-SHUBHAMB</Data>\n    <Data Name='Status'>0x0</Data>\n  </EventData>\n</Event>","severity":"Informational","severity_id":1,"src_endpoint":{"name":"W184-SHUBHAMB"},"status":"Success","status_code":"0x0","status_id":1,"time":1579677460487,"type_name":"Authentication: Logon","type_uid":300201,"unmapped":{"Execution":{"ProcessID":"##Process_Id##","ThreadID":"2940"},"Opcode":"0","Task":"14336"},"user":{"account":{"name":"Administrator","type":"Windows Account","type_id":2},"name":"Administrator"}}
{"activity_id":1,"activity_name":"Logon","auth_protocol":"MICROSOFT\\_AUTHENTICATION\\_PACKAGE\\_V1\\_0","auth_protocol_id":99,"category_name":"Identity & Access Management","category_uid":3,"class_name":"Authentication","class_uid":3002,"device":{"hostname":"DC01.contoso.local","os":{"name":"Windows","type":"Windows","type_id":100},"type":"Unknown","type_id":0},"dst_endpoint":{"hostname":"DC01.contoso.local"},"metadata":{"event_code":"4776","log_name":"Security","log_provider":"Microsoft-Windows-Security-Auditing","log_version":"0","original_time":"2015-07-25T04:38:11.003163100Z","product":{"feature":{"uid":"{54849625-5478-4994-A5BA-3E3B0328C30D}"},"name":"Microsoft Windows","vendor_name":"Microsoft"},"profiles":["host"],"sequence":165437,"uid":"44a6113ef41c53871a8f3438ebf7772e","version":"1.4.0"},"observables":[{"name":"src_endpoint","type":"Endpoint","type_id":20},{"name":"user","type":"User","type_id":21},{"name":"user.account.name","type":"Account Object: name","type_id":34,"value":"dadmin"},{"name":"user.name","type":"User Name","type_id":4,"value":"dadmin"},{"name":"device","type":"Endpoint","type_id":20},{"name":"device.hostname","type":"Hostname","type_id":1,"value":"DC01.contoso.local"},{"name":"dst_endpoint","type":"Endpoint","type_id":20},{"name":"dst_endpoint.hostname","type":"Hostname","type_id":1,"value":"DC01.contoso.local"}],"raw_data":"<Event xmlns=\"http://schemas.microsoft.com/win/2004/08/events/event\">\n  <System>\n    <Provider Name=\"Microsoft-Windows-Security-Auditing\" Guid=\"{54849625-5478-4994-A5BA-3E3B0328C30D}\" />\n    <EventID>4776</EventID>\n    <Version>0</Version>\n    <Level>0</Level>\n    <Task>14336</Task>\n    <Opcode>0</Opcode>\n    <Keywords>0x8010000000000000</Keywords>\n    <TimeCreated SystemTime=\"2015-07-25T04:38:11.003163100Z\" />\n    <EventRecordID>165437</EventRecordID>\n    <Correlation />\n    <Execution ProcessID=\"500\" ThreadID=\"532\" />\n    <Channel>Security</Channel>\n    <Computer>DC01.contoso.local</Computer>\n    <Security />\n  </System>\n  <EventData>\n    <Data Name=\"PackageName\">MICROSOFT\\_AUTHENTICATION\\_PACKAGE\\_V1\\_0</Data>\n    <Data Name=\"TargetUserName\">dadmin</Data>\n    <Data Name=\"Workstation\">WIN81</Data>\n    <Data Name=\"Status\">0xc0000234</Data>\n  </EventData>\n</Event>","severity":"Informational","severity_id":1,"src_endpoint":{"name":"WIN81"},"status":"Failure","status_code":"0xc0000234","status_id":2,"time":1437799091003,"type_name":"Authentication: Logon","type_uid":300201,"unmapped":{"Execution":{"ProcessID":"500","ThreadID":"532"},"Opcode":"0","Task":"14336"},"user":{"account":{"name":"dadmin","type":"Windows Account","type_id":2},"name":"dadmin"}}
