{"access_list":["%%1541","%%4416","%%4423"],"access_mask":1048705,"access_result":"%%1541:\t%%1801\tD:(A;OICI;FA;;;BA)\n\t\t\t\t%%4416:\t%%1801\tD:(A;OICI;FA;;;BA)\n\t\t\t\t%%4423:\t%%1801\tD:(A;OICI;FA;;;BA)","action":"Allowed","action_id":1,"activity_id":17,"activity_name":"Access Check","actor":{"session":{"uid":"0x139ed65"},"user":{"account":{"name":"Administrator","type":"Windows Account","type_id":2,"uid":"WIN-HOST-TESTUSER\\Administrator"},"domain":"WIN-HOST-TESTUSER","name":"Administrator","uid":"WIN-HOST-TESTUSER\\Administrator"}},"category_name":"Application Activity","category_uid":6,"class_name":"File Hosting Activity","class_uid":6006,"device":{"hostname":"win-host-testuser-46070-307","os":{"name":"Windows","type":"Windows","type_id":100},"type":"Unknown","type_id":0},"disposition":"Allowed","disposition_id":1,"file":{"name":"testshare","parent_folder":"\\??\\C:\\Users\\Administrator\\Desktop","path":"\\??\\C:\\Users\\Administrator\\Desktop\\testshare","type":"Regular File","type_id":1},"metadata":{"event_code":"5145","log_name":"Security","log_provider":"Microsoft-Windows-Security-Auditing","log_version":"0","original_time":"2022-04-12T16:18:04.799480700Z","product":{"feature":{"uid":"{54849625-5478-4994-A5BA-3E3B0328C30D}"},"name":"Microsoft Windows","vendor_name":"Microsoft"},"profiles":["security_control","host"],"sequence":315343,"uid":"4e6d7d7c97849a3719176f6c56b36e76","version":"1.4.0"},"observables":[{"name":"device","type":"Endpoint","type_id":20},{"name":"device.hostname","type":"Hostname","type_id":1,"value":"win-host-testuser-46070-307"},{"name":"actor.user","type":"User","type_id":21},{"name":"actor.user.name","type":"User Name","type_id":4,"value":"Administrator"},{"name":"actor.user.uid","type":"User Object: uid","type_id":31,"value":"WIN-HOST-TESTUSER\\Administrator"},{"name":"actor.user.account.uid","type":"Account Object: uid","type_id":35,"value":"WIN-HOST-TESTUSER\\Administrator"},{"name":"actor.user.account.name","type":"Account Object: name","type_id":34,"value":"Administrator"},{"name":"file","type":"File","type_id":24},{"name":"file.name","type":"File Name","type_id":7,"value":"testshare"},{"name":"src_endpoint","type":"Endpoint","type_id":20},{"name":"src_endpoint.ip","type":"IP Address","type_id":2,"value":"10.0.1.14"},{"name":"src_endpoint.port","type":"Port","type_id":11,"value":"59453"}],"raw_data":"<Event xmlns='http://schemas.microsoft.com/win/2004/08/events/event'>\n\t<System>\n\t\t<Provider Name='Microsoft-Windows-Security-Auditing' Guid='{54849625-5478-4994-A5BA-3E3B0328C30D}'/>\n\t\t<EventID>5145</EventID>\n\t\t<Version>0</Version>\n\t\t<Level>0</Level>\n\t\t<Task>12811</Task>\n\t\t<Opcode>0</Opcode>\n\t\t<Keywords>0x8020000000000000</Keywords>\n\t\t<TimeCreated SystemTime='2022-04-12T16:18:04.799480700Z'/>\n\t\t<EventRecordID>315343</EventRecordID>\n\t\t<Correlation/>\n\t\t<Execution ProcessID='4' ThreadID='2056'/>\n\t\t<Channel>Security</Channel>\n\t\t<Computer>win-host-testuser-46070-307</Computer>\n\t\t<Security/>\n\t</System>\n\t<EventData>\n\t\t<Data Name='SubjectUserSid'>WIN-HOST-TESTUSER\\Administrator</Data>\n\t\t<Data Name='SubjectUserName'>Administrator</Data>\n\t\t<Data Name='SubjectDomainName'>WIN-HOST-TESTUSER</Data>\n\t\t<Data Name='SubjectLogonId'>0x139ed65</Data>\n\t\t<Data Name='ObjectType'>File</Data>\n\t\t<Data Name='IpAddress'>10.0.1.14</Data>\n\t\t<Data Name='IpPort'>59453</Data>\n\t\t<Data Name='ShareName'>\\\\*\\Users</Data>\n\t\t<Data Name='ShareLocalPath'>\\??\\C:\\Users</Data>\n\t\t<Data Name='RelativeTargetName'>Administrator\\Desktop\\testshare</Data>\n\t\t<Data Name='AccessMask'>0x100081</Data>\n\t\t<Data Name='AccessList'>%%1541\n\t\t\t\t%%4416\n\t\t\t\t%%4423\n\t\t</Data>\n\t\t<Data Name='AccessReason'>%%1541:\t%%1801\tD:(A;OICI;FA;;;BA)\n\t\t\t\t%%4416:\t%%1801\tD:(A;OICI;FA;;;BA)\n\t\t\t\t%%4423:\t%%1801\tD:(A;OICI;FA;;;BA)\n\t\t</Data>\n\t</EventData>\n</Event>","severity":"Informational","severity_id":1,"share":"\\\\*\\Users","src_endpoint":{"ip":"10.0.1.14","port":59453},"status":"Success","status_id":1,"time":1649780284799,"type_name":"File Hosting Activity: Access Check","type_uid":600617,"unmapped":{"Execution":{"ProcessID":"4","ThreadID":"2056"},"Opcode":"0","Task":"12811"}}
{"access_list":["%%1538","%%1541","%%4416","%%4417","%%4418","%%4419","%%4420","%%4423","%%4424"],"access_mask":1180063,"action":"Allowed","action_id":1,"activity_id":17,"activity_name":"Access Check","actor":{"session":{"uid":"0x139ed65"},"user":{"account":{"name":"Administrator","type":"Windows Account","type_id":2,"uid":"WIN-HOST-TESTUSER\\Administrator"},"domain":"WIN-HOST-TESTUSER","name":"Administrator","uid":"WIN-HOST-TESTUSER\\Administrator"}},"category_name":"Application Activity","category_uid":6,"class_name":"File Hosting Activity","class_uid":6006,"device":{"hostname":"win-host-testuser-46070-307","os":{"name":"Windows","type":"Windows","type_id":100},"type":"Unknown","type_id":0},"disposition":"Allowed","disposition_id":1,"file":{"name":"srvsvc","path":"srvsvc","type":"Regular File","type_id":1},"metadata":{"event_code":"5145","log_name":"Security","log_provider":"Microsoft-Windows-Security-Auditing","log_version":"0","original_time":"2022-04-12T16:18:04.743369100Z","product":{"feature":{"uid":"{54849625-5478-4994-A5BA-3E3B0328C30D}"},"name":"Microsoft Windows","vendor_name":"Microsoft"},"profiles":["security_control","host"],"sequence":315332,"uid":"65657de9a7f78a8f9f6cd7f606b796f8","version":"1.4.0"},"observables":[{"name":"file","type":"File","type_id":24},{"name":"file.name","type":"File Name","type_id":7,"value":"srvsvc"},{"name":"device","type":"Endpoint","type_id":20},{"name":"device.hostname","type":"Hostname","type_id":1,"value":"win-host-testuser-46070-307"},{"name":"actor.user","type":"User","type_id":21},{"name":"actor.user.name","type":"User Name","type_id":4,"value":"Administrator"},{"name":"actor.user.uid","type":"User Object: uid","type_id":31,"value":"WIN-HOST-TESTUSER\\Administrator"},{"name":"actor.user.account.uid","type":"Account Object: uid","type_id":35,"value":"WIN-HOST-TESTUSER\\Administrator"},{"name":"actor.user.account.name","type":"Account Object: name","type_id":34,"value":"Administrator"},{"name":"src_endpoint","type":"Endpoint","type_id":20},{"name":"src_endpoint.ip","type":"IP Address","type_id":2,"value":"10.0.1.14"},{"name":"src_endpoint.port","type":"Port","type_id":11,"value":"59453"}],"raw_data":"<Event xmlns='http://schemas.microsoft.com/win/2004/08/events/event'>\n\t<System>\n\t\t<Provider Name='Microsoft-Windows-Security-Auditing' Guid='{54849625-5478-4994-A5BA-3E3B0328C30D}'/>\n\t\t<EventID>5145</EventID>\n\t\t<Version>0</Version>\n\t\t<Level>0</Level>\n\t\t<Task>12811</Task>\n\t\t<Opcode>0</Opcode>\n\t\t<Keywords>0x8020000000000000</Keywords>\n\t\t<TimeCreated SystemTime='2022-04-12T16:18:04.743369100Z'/>\n\t\t<EventRecordID>315332</EventRecordID>\n\t\t<Correlation/>\n\t\t<Execution ProcessID='4' ThreadID='2056'/>\n\t\t<Channel>Security</Channel>\n\t\t<Computer>win-host-testuser-46070-307</Computer>\n\t\t<Security/>\n\t</System>\n\t<EventData>\n\t\t<Data Name='SubjectUserSid'>WIN-HOST-TESTUSER\\Administrator</Data>\n\t\t<Data Name='SubjectUserName'>Administrator</Data>\n\t\t<Data Name='SubjectDomainName'>WIN-HOST-TESTUSER</Data>\n\t\t<Data Name='SubjectLogonId'>0x139ed65</Data>\n\t\t<Data Name='ObjectType'>File</Data>\n\t\t<Data Name='IpAddress'>10.0.1.14</Data>\n\t\t<Data Name='IpPort'>59453</Data>\n\t\t<Data Name='ShareName'>\\\\*\\IPC$</Data>\n\t\t<Data Name='ShareLocalPath'></Data>\n\t\t<Data Name='RelativeTargetName'>srvsvc</Data>\n\t\t<Data Name='AccessMask'>0x12019f</Data>\n\t\t<Data Name='AccessList'>%%1538\n\t\t\t\t%%1541\n\t\t\t\t%%4416\n\t\t\t\t%%4417\n\t\t\t\t%%4418\n\t\t\t\t%%4419\n\t\t\t\t%%4420\n\t\t\t\t%%4423\n\t\t\t\t%%4424\n\t\t</Data>\n\t\t<Data Name='AccessReason'>-</Data>\n\t</EventData>\n</Event>","severity":"Informational","severity_id":1,"share":"\\\\*\\IPC$","src_endpoint":{"ip":"10.0.1.14","port":59453},"status":"Success","status_id":1,"time":1649780284743,"type_name":"File Hosting Activity: Access Check","type_uid":600617,"unmapped":{"Execution":{"ProcessID":"4","ThreadID":"2056"},"Opcode":"0","Task":"12811"}}
{"access_list":["%%4423"],"access_mask":128,"access_result":"%%4423:\t%%1801\tD:(A;OICI;FA;;;BA)","action":"Allowed","action_id":1,"activity_id":17,"activity_name":"Access Check","actor":{"session":{"uid":"0x139ed65"},"user":{"account":{"name":"Administrator","type":"Windows Account","type_id":2,"uid":"WIN-HOST-TESTUSER\\Administrator"},"domain":"WIN-HOST-TESTUSER","name":"Administrator","uid":"WIN-HOST-TESTUSER\\Administrator"}},"category_name":"Application Activity","category_uid":6,"class_name":"File Hosting Activity","class_uid":6006,"device":{"hostname":"win-host-testuser-46070-307","os":{"name":"Windows","type":"Windows","type_id":100},"type":"Unknown","type_id":0},"disposition":"Allowed","disposition_id":1,"file":{"name":"test.rtf:Zone.Identifier","parent_folder":"\\??\\C:\\Users\\Administrator\\Desktop\\testshare","path":"\\??\\C:\\Users\\Administrator\\Desktop\\testshare\\test.rtf:Zone.Identifier","type":"Regular File","type_id":1},"metadata":{"event_code":"5145","log_name":"Security","log_provider":"Microsoft-Windows-Security-Auditing","log_version":"0","original_time":"2022-04-12T16:18:04.558944900Z","product":{"feature":{"uid":"{54849625-5478-4994-A5BA-3E3B0328C30D}"},"name":"Microsoft Windows","vendor_name":"Microsoft"},"profiles":["security_control","host"],"sequence":315330,"uid":"0a05ad90e59880b4750caa0a7e964364","version":"1.4.0"},"observables":[{"name":"device","type":"Endpoint","type_id":20},{"name":"device.hostname","type":"Hostname","type_id":1,"value":"win-host-testuser-46070-307"},{"name":"file","type":"File","type_id":24},{"name":"file.name","type":"File Name","type_id":7,"value":"test.rtf:Zone.Identifier"},{"name":"src_endpoint","type":"Endpoint","type_id":20},{"name":"src_endpoint.ip","type":"IP Address","type_id":2,"value":"10.0.1.14"},{"name":"src_endpoint.port","type":"Port","type_id":11,"value":"59453"},{"name":"actor.user","type":"User","type_id":21},{"name":"actor.user.name","type":"User Name","type_id":4,"value":"Administrator"},{"name":"actor.user.uid","type":"User Object: uid","type_id":31,"value":"WIN-HOST-TESTUSER\\Administrator"},{"name":"actor.user.account.uid","type":"Account Object: uid","type_id":35,"value":"WIN-HOST-TESTUSER\\Administrator"},{"name":"actor.user.account.name","type":"Account Object: name","type_id":34,"value":"Administrator"}],"raw_data":"<Event xmlns='http://schemas.microsoft.com/win/2004/08/events/event'>\n\t<System>\n\t\t<Provider Name='Microsoft-Windows-Security-Auditing' Guid='{54849625-5478-4994-A5BA-3E3B0328C30D}'/>\n\t\t<EventID>5145</EventID>\n\t\t<Version>0</Version>\n\t\t<Level>0</Level>\n\t\t<Task>12811</Task>\n\t\t<Opcode>0</Opcode>\n\t\t<Keywords>0x8020000000000000</Keywords>\n\t\t<TimeCreated SystemTime='2022-04-12T16:18:04.558944900Z'/>\n\t\t<EventRecordID>315330</EventRecordID>\n\t\t<Correlation/>\n\t\t<Execution ProcessID='4' ThreadID='2056'/>\n\t\t<Channel>Security</Channel>\n\t\t<Computer>win-host-testuser-46070-307</Computer>\n\t\t<Security/>\n\t</System>\n\t<EventData>\n\t\t<Data Name='SubjectUserSid'>WIN-HOST-TESTUSER\\Administrator</Data>\n\t\t<Data Name='SubjectUserName'>Administrator</Data>\n\t\t<Data Name='SubjectDomainName'>WIN-HOST-TESTUSER</Data>\n\t\t<Data Name='SubjectLogonId'>0x139ed65</Data>\n\t\t<Data Name='ObjectType'>File</Data>\n\t\t<Data Name='IpAddress'>10.0.1.14</Data>\n\t\t<Data Name='IpPort'>59453</Data>\n\t\t<Data Name='ShareName'>\\\\*\\Users</Data>\n\t\t<Data Name='ShareLocalPath'>\\??\\C:\\Users</Data>\n\t\t<Data Name='RelativeTargetName'>Administrator\\Desktop\\testshare\\test.rtf:Zone.Identifier</Data>\n\t\t<Data Name='AccessMask'>0x80</Data>\n\t\t<Data Name='AccessList'>%%4423\n\t\t</Data>\n\t\t<Data Name='AccessReason'>%%4423:\t%%1801\tD:(A;OICI;FA;;;BA)\n\t\t</Data>\n\t</EventData>\n</Event>","severity":"Informational","severity_id":1,"share":"\\\\*\\Users","src_endpoint":{"ip":"10.0.1.14","port":59453},"status":"Success","status_id":1,"time":1649780284558,"type_name":"File Hosting Activity: Access Check","type_uid":600617,"unmapped":{"Execution":{"ProcessID":"4","ThreadID":"2056"},"Opcode":"0","Task":"12811"}}
{"access_list":["%%1538","%%1541","%%4416","%%4419","%%4423"],"access_mask":1179785,"access_result":"%%1538:\t%%1804\n\t\t\t\t%%1541:\t%%1801\tD:(A;OICI;FA;;;BA)\n\t\t\t\t%%4416:\t%%1801\tD:(A;OICI;FA;;;BA)\n\t\t\t\t%%4419:\t%%1801\tD:(A;OICI;FA;;;BA)\n\t\t\t\t%%4423:\t%%1801\tD:(A;OICI;FA;;;BA)","action":"Allowed","action_id":1,"activity_id":17,"activity_name":"Access Check","actor":{"session":{"uid":"0x139ed65"},"user":{"account":{"name":"Administrator","type":"Windows Account","type_id":2,"uid":"WIN-HOST-TESTUSER\\Administrator"},"domain":"WIN-HOST-TESTUSER","name":"Administrator","uid":"WIN-HOST-TESTUSER\\Administrator"}},"category_name":"Application Activity","category_uid":6,"class_name":"File Hosting Activity","class_uid":6006,"device":{"hostname":"win-host-testuser-46070-307","os":{"name":"Windows","type":"Windows","type_id":100},"type":"Unknown","type_id":0},"disposition":"Allowed","disposition_id":1,"file":{"name":"TESTSHARE","parent_folder":"\\??\\C:\\Users\\ADMINISTRATOR\\DESKTOP","path":"\\??\\C:\\Users\\ADMINISTRATOR\\DESKTOP\\TESTSHARE","type":"Regular File","type_id":1},"metadata":{"event_code":"5145","log_name":"Security","log_provider":"Microsoft-Windows-Security-Auditing","log_version":"0","original_time":"2022-04-12T16:18:02.909396500Z","product":{"feature":{"uid":"{54849625-5478-4994-A5BA-3E3B0328C30D}"},"name":"Microsoft Windows","vendor_name":"Microsoft"},"profiles":["security_control","host"],"sequence":315327,"uid":"42c82f54c25f2466846eece5755bec4e","version":"1.4.0"},"observables":[{"name":"device","type":"Endpoint","type_id":20},{"name":"device.hostname","type":"Hostname","type_id":1,"value":"win-host-testuser-46070-307"},{"name":"file","type":"File","type_id":24},{"name":"file.name","type":"File Name","type_id":7,"value":"TESTSHARE"},{"name":"src_endpoint","type":"Endpoint","type_id":20},{"name":"src_endpoint.ip","type":"IP Address","type_id":2,"value":"10.0.1.14"},{"name":"src_endpoint.port","type":"Port","type_id":11,"value":"59454"},{"name":"actor.user","type":"User","type_id":21},{"name":"actor.user.account.uid","type":"Account Object: uid","type_id":35,"value":"WIN-HOST-TESTUSER\\Administrator"},{"name":"actor.user.account.name","type":"Account Object: name","type_id":34,"value":"Administrator"},{"name":"actor.user.name","type":"User Name","type_id":4,"value":"Administrator"},{"name":"actor.user.uid","type":"User Object: uid","type_id":31,"value":"WIN-HOST-TESTUSER\\Administrator"}],"raw_data":"<Event xmlns='http://schemas.microsoft.com/win/2004/08/events/event'>\n\t<System>\n\t\t<Provider Name='Microsoft-Windows-Security-Auditing' Guid='{54849625-5478-4994-A5BA-3E3B0328C30D}'/>\n\t\t<EventID>5145</EventID>\n\t\t<Version>0</Version>\n\t\t<Level>0</Level>\n\t\t<Task>12811</Task>\n\t\t<Opcode>0</Opcode>\n\t\t<Keywords>0x8020000000000000</Keywords>\n\t\t<TimeCreated SystemTime='2022-04-12T16:18:02.909396500Z'/>\n\t\t<EventRecordID>315327</EventRecordID>\n\t\t<Correlation/>\n\t\t<Execution ProcessID='4' ThreadID='3112'/>\n\t\t<Channel>Security</Channel>\n\t\t<Computer>win-host-testuser-46070-307</Computer>\n\t\t<Security/>\n\t</System>\n\t<EventData>\n\t\t<Data Name='SubjectUserSid'>WIN-HOST-TESTUSER\\Administrator</Data>\n\t\t<Data Name='SubjectUserName'>Administrator</Data>\n\t\t<Data Name='SubjectDomainName'>WIN-HOST-TESTUSER</Data>\n\t\t<Data Name='SubjectLogonId'>0x139ed65</Data>\n\t\t<Data Name='ObjectType'>File</Data>\n\t\t<Data Name='IpAddress'>10.0.1.14</Data>\n\t\t<Data Name='IpPort'>59454</Data>\n\t\t<Data Name='ShareName'>\\\\*\\Users</Data>\n\t\t<Data Name='ShareLocalPath'>\\??\\C:\\Users</Data>\n\t\t<Data Name='RelativeTargetName'>ADMINISTRATOR\\DESKTOP\\TESTSHARE</Data>\n\t\t<Data Name='AccessMask'>0x120089</Data>\n\t\t<Data Name='AccessList'>%%1538\n\t\t\t\t%%1541\n\t\t\t\t%%4416\n\t\t\t\t%%4419\n\t\t\t\t%%4423\n\t\t</Data>\n\t\t<Data Name='AccessReason'>%%1538:\t%%1804\n\t\t\t\t%%1541:\t%%1801\tD:(A;OICI;FA;;;BA)\n\t\t\t\t%%4416:\t%%1801\tD:(A;OICI;FA;;;BA)\n\t\t\t\t%%4419:\t%%1801\tD:(A;OICI;FA;;;BA)\n\t\t\t\t%%4423:\t%%1801\tD:(A;OICI;FA;;;BA)\n\t\t</Data>\n\t</EventData>\n</Event>","severity":"Informational","severity_id":1,"share":"\\\\*\\Users","src_endpoint":{"ip":"10.0.1.14","port":59454},"status":"Success","status_id":1,"time":1649780282909,"type_name":"File Hosting Activity: Access Check","type_uid":600617,"unmapped":{"Execution":{"ProcessID":"4","ThreadID":"3112"},"Opcode":"0","Task":"12811"}}
