{"activity_id":1,"activity_name":"Logon","actor":{"process":{"file":{"name":"svchost.exe","parent_folder":"C:\\Windows\\System32","path":"C:\\Windows\\System32\\svchost.exe","type":"Regular File","type_id":1},"pid":1096},"session":{"uid":"0x3e4","uuid":"{00000000-0000-0000-0000-000000000000}"},"user":{"account":{"name":"WIN-DC-MRADKA-4$","type":"Windows Account","type_id":2,"uid":"NT AUTHORITY\\NETWORK SERVICE"},"domain":"ATTACKRANGE","name":"WIN-DC-MRADKA-4$","uid":"NT AUTHORITY\\NETWORK SERVICE"}},"category_name":"Identity & Access Management","category_uid":3,"class_name":"Authentication","class_uid":3002,"device":{"hostname":"win-dc-mradka-46070-659.attackrange.local","os":{"name":"Windows","type":"Windows","type_id":100},"type":"Unknown","type_id":0},"dst_endpoint":{"hostname":"localhost"},"metadata":{"event_code":"4648","log_name":"Security","log_provider":"Microsoft-Windows-Security-Auditing","log_version":"0","original_time":"2022-07-29T20:57:13.207016600Z","product":{"feature":{"uid":"{54849625-5478-4994-A5BA-3E3B0328C30D}"},"name":"Microsoft Windows","vendor_name":"Microsoft"},"profiles":["host"],"sequence":327657,"uid":"002478b0c9445558d9f50d3da6ec1b26","version":"1.4.0"},"observables":[{"name":"user","type":"User","type_id":21},{"name":"user.account.uid","type":"Account Object: uid","type_id":35,"value":"{91D4DC3D-BA79-BB72-D680-480670C69C20}"},{"name":"user.account.name","type":"Account Object: name","type_id":34,"value":"Administrator"},{"name":"user.name","type":"User Name","type_id":4,"value":"Administrator"},{"name":"user.uid","type":"User Object: uid","type_id":31,"value":"{91D4DC3D-BA79-BB72-D680-480670C69C20}"},{"name":"actor.process","type":"Process","type_id":25},{"name":"actor.process.file","type":"File","type_id":24},{"name":"actor.process.file.name","type":"File Name","type_id":7,"value":"svchost.exe"},{"name":"actor.process.pid","type":"Process ID","type_id":15,"value":"1096"},{"name":"actor.user","type":"User","type_id":21},{"name":"actor.user.account.uid","type":"Account Object: uid","type_id":35,"value":"NT AUTHORITY\\NETWORK SERVICE"},{"name":"actor.user.account.name","type":"Account Object: name","type_id":34,"value":"WIN-DC-MRADKA-4$"},{"name":"actor.user.uid","type":"User Object: uid","type_id":31,"value":"NT AUTHORITY\\NETWORK SERVICE"},{"name":"actor.user.name","type":"User Name","type_id":4,"value":"WIN-DC-MRADKA-4$"},{"name":"device","type":"Endpoint","type_id":20},{"name":"device.hostname","type":"Hostname","type_id":1,"value":"win-dc-mradka-46070-659.attackrange.local"},{"name":"dst_endpoint","type":"Endpoint","type_id":20},{"name":"dst_endpoint.hostname","type":"Hostname","type_id":1,"value":"localhost"}],"raw_data":"<Event xmlns='http://schemas.microsoft.com/win/2004/08/events/event'>\n  <System>\n    <Provider Name='Microsoft-Windows-Security-Auditing' Guid='{54849625-5478-4994-A5BA-3E3B0328C30D}'/>\n    <EventID>4648</EventID>\n    <Version>0</Version>\n    <Level>0</Level>\n    <Task>12544</Task>\n    <Opcode>0</Opcode>\n    <Keywords>0x8020000000000000</Keywords>\n    <TimeCreated SystemTime='2022-07-29T20:57:13.207016600Z'/>\n    <EventRecordID>327657</EventRecordID>\n    <Correlation/>\n    <Execution ProcessID='632' ThreadID='828'/>\n    <Channel>Security</Channel>\n    <Computer>win-dc-mradka-46070-659.attackrange.local</Computer>\n    <Security/>\n  </System>\n  <EventData>\n    <Data Name='SubjectUserSid'>NT AUTHORITY\\NETWORK SERVICE</Data>\n    <Data Name='SubjectUserName'>WIN-DC-MRADKA-4$</Data>\n    <Data Name='SubjectDomainName'>ATTACKRANGE</Data>\n    <Data Name='SubjectLogonId'>0x3e4</Data>\n    <Data Name='LogonGuid'>{00000000-0000-0000-0000-000000000000}</Data>\n    <Data Name='TargetUserName'>Administrator</Data>\n    <Data Name='TargetDomainName'>ATTACKRANGE</Data>\n    <Data Name='TargetLogonGuid'>{91D4DC3D-BA79-BB72-D680-480670C69C20}</Data>\n    <Data Name='TargetServerName'>localhost</Data>\n    <Data Name='TargetInfo'>localhost</Data>\n    <Data Name='ProcessId'>0x448</Data>\n    <Data Name='ProcessName'>C:\\Windows\\System32\\svchost.exe</Data>\n    <Data Name='IpAddress'>-</Data>\n    <Data Name='IpPort'>-</Data>\n  </EventData>\n</Event>","severity":"Informational","severity_id":1,"status":"Success","status_id":1,"time":1659128233207,"type_name":"Authentication: Logon","type_uid":300201,"unmapped":{"EventData":{"TargetInfo":"localhost"},"Execution":{"ProcessID":"632","ThreadID":"828"},"Opcode":"0","Task":"12544"},"user":{"account":{"name":"Administrator","type":"Windows Account","type_id":2,"uid":"{91D4DC3D-BA79-BB72-D680-480670C69C20}"},"domain":"ATTACKRANGE","name":"Administrator","uid":"{91D4DC3D-BA79-BB72-D680-480670C69C20}"}}
{"activity_id":1,"activity_name":"Logon","actor":{"process":{"file":{"name":"svchost.exe","parent_folder":"C:\\Windows\\System32","path":"C:\\Windows\\System32\\svchost.exe","type":"Regular File","type_id":1},"pid":1096},"session":{"uid":"0x3e4","uuid":"{00000000-0000-0000-0000-000000000000}"},"user":{"account":{"name":"WIN-DC-MRADKA-4$","type":"Windows Account","type_id":2,"uid":"NT AUTHORITY\\NETWORK SERVICE"},"domain":"ATTACKRANGE","name":"WIN-DC-MRADKA-4$","uid":"NT AUTHORITY\\NETWORK SERVICE"}},"category_name":"Identity & Access Management","category_uid":3,"class_name":"Authentication","class_uid":3002,"device":{"hostname":"win-dc-mradka-46070-659.attackrange.local","os":{"name":"Windows","type":"Windows","type_id":100},"type":"Unknown","type_id":0},"dst_endpoint":{"hostname":"localhost"},"metadata":{"event_code":"4648","log_name":"Security","log_provider":"Microsoft-Windows-Security-Auditing","log_version":"0","original_time":"2022-07-29T20:57:12.871670100Z","product":{"feature":{"uid":"{54849625-5478-4994-A5BA-3E3B0328C30D}"},"name":"Microsoft Windows","vendor_name":"Microsoft"},"profiles":["host"],"sequence":327650,"uid":"2e3717800f8034f7c8b5eda65e94fc83","version":"1.4.0"},"observables":[{"name":"dst_endpoint","type":"Endpoint","type_id":20},{"name":"dst_endpoint.hostname","type":"Hostname","type_id":1,"value":"localhost"},{"name":"user","type":"User","type_id":21},{"name":"user.account.uid","type":"Account Object: uid","type_id":35,"value":"{A0076E0E-381F-69C5-2D5F-6B185F3102BD}"},{"name":"user.account.name","type":"Account Object: name","type_id":34,"value":"Administrator"},{"name":"user.name","type":"User Name","type_id":4,"value":"Administrator"},{"name":"user.uid","type":"User Object: uid","type_id":31,"value":"{A0076E0E-381F-69C5-2D5F-6B185F3102BD}"},{"name":"actor.process","type":"Process","type_id":25},{"name":"actor.process.pid","type":"Process ID","type_id":15,"value":"1096"},{"name":"actor.process.file","type":"File","type_id":24},{"name":"actor.process.file.name","type":"File Name","type_id":7,"value":"svchost.exe"},{"name":"actor.user","type":"User","type_id":21},{"name":"actor.user.name","type":"User Name","type_id":4,"value":"WIN-DC-MRADKA-4$"},{"name":"actor.user.account.uid","type":"Account Object: uid","type_id":35,"value":"NT AUTHORITY\\NETWORK SERVICE"},{"name":"actor.user.account.name","type":"Account Object: name","type_id":34,"value":"WIN-DC-MRADKA-4$"},{"name":"actor.user.uid","type":"User Object: uid","type_id":31,"value":"NT AUTHORITY\\NETWORK SERVICE"},{"name":"device","type":"Endpoint","type_id":20},{"name":"device.hostname","type":"Hostname","type_id":1,"value":"win-dc-mradka-46070-659.attackrange.local"}],"raw_data":"<Event xmlns='http://schemas.microsoft.com/win/2004/08/events/event'>\n  <System>\n    <Provider Name='Microsoft-Windows-Security-Auditing' Guid='{54849625-5478-4994-A5BA-3E3B0328C30D}'/>\n    <EventID>4648</EventID>\n    <Version>0</Version>\n    <Level>0</Level>\n    <Task>12544</Task>\n    <Opcode>0</Opcode>\n    <Keywords>0x8020000000000000</Keywords>\n    <TimeCreated SystemTime='2022-07-29T20:57:12.871670100Z'/>\n    <EventRecordID>327650</EventRecordID>\n    <Correlation/>\n    <Execution ProcessID='632' ThreadID='828'/>\n    <Channel>Security</Channel>\n    <Computer>win-dc-mradka-46070-659.attackrange.local</Computer>\n    <Security/>\n  </System>\n  <EventData>\n    <Data Name='SubjectUserSid'>NT AUTHORITY\\NETWORK SERVICE</Data>\n    <Data Name='SubjectUserName'>WIN-DC-MRADKA-4$</Data>\n    <Data Name='SubjectDomainName'>ATTACKRANGE</Data>\n    <Data Name='SubjectLogonId'>0x3e4</Data>\n    <Data Name='LogonGuid'>{00000000-0000-0000-0000-000000000000}</Data>\n    <Data Name='TargetUserName'>Administrator</Data>\n    <Data Name='TargetDomainName'>ATTACKRANGE</Data>\n    <Data Name='TargetLogonGuid'>{A0076E0E-381F-69C5-2D5F-6B185F3102BD}</Data>\n    <Data Name='TargetServerName'>localhost</Data>\n    <Data Name='TargetInfo'>localhost</Data>\n    <Data Name='ProcessId'>0x448</Data>\n    <Data Name='ProcessName'>C:\\Windows\\System32\\svchost.exe</Data>\n    <Data Name='IpAddress'>-</Data>\n    <Data Name='IpPort'>-</Data>\n  </EventData>\n</Event>","severity":"Informational","severity_id":1,"status":"Success","status_id":1,"time":1659128232871,"type_name":"Authentication: Logon","type_uid":300201,"unmapped":{"EventData":{"TargetInfo":"localhost"},"Execution":{"ProcessID":"632","ThreadID":"828"},"Opcode":"0","Task":"12544"},"user":{"account":{"name":"Administrator","type":"Windows Account","type_id":2,"uid":"{A0076E0E-381F-69C5-2D5F-6B185F3102BD}"},"domain":"ATTACKRANGE","name":"Administrator","uid":"{A0076E0E-381F-69C5-2D5F-6B185F3102BD}"}}
{"activity_id":1,"activity_name":"Logon","actor":{"process":{"file":{"name":"svchost.exe","parent_folder":"C:\\Windows\\System32","path":"C:\\Windows\\System32\\svchost.exe","type":"Regular File","type_id":1},"pid":1096},"session":{"uid":"0x3e4","uuid":"{00000000-0000-0000-0000-000000000000}"},"user":{"account":{"name":"WIN-DC-MRADKA-4$","type":"Windows Account","type_id":2,"uid":"NT AUTHORITY\\NETWORK SERVICE"},"domain":"ATTACKRANGE","name":"WIN-DC-MRADKA-4$","uid":"NT AUTHORITY\\NETWORK SERVICE"}},"category_name":"Identity & Access Management","category_uid":3,"class_name":"Authentication","class_uid":3002,"device":{"hostname":"win-dc-mradka-46070-659.attackrange.local","os":{"name":"Windows","type":"Windows","type_id":100},"type":"Unknown","type_id":0},"dst_endpoint":{"hostname":"localhost"},"metadata":{"event_code":"4648","log_name":"Security","log_provider":"Microsoft-Windows-Security-Auditing","log_version":"0","original_time":"2022-07-29T20:57:12.836205700Z","product":{"feature":{"uid":"{54849625-5478-4994-A5BA-3E3B0328C30D}"},"name":"Microsoft Windows","vendor_name":"Microsoft"},"profiles":["host"],"sequence":327643,"uid":"b64bee55c625cc103ea908f1c9b2f294","version":"1.4.0"},"observables":[{"name":"device","type":"Endpoint","type_id":20},{"name":"device.hostname","type":"Hostname","type_id":1,"value":"win-dc-mradka-46070-659.attackrange.local"},{"name":"actor.user","type":"User","type_id":21},{"name":"actor.user.uid","type":"User Object: uid","type_id":31,"value":"NT AUTHORITY\\NETWORK SERVICE"},{"name":"actor.user.name","type":"User Name","type_id":4,"value":"WIN-DC-MRADKA-4$"},{"name":"actor.user.account.name","type":"Account Object: name","type_id":34,"value":"WIN-DC-MRADKA-4$"},{"name":"actor.user.account.uid","type":"Account Object: uid","type_id":35,"value":"NT AUTHORITY\\NETWORK SERVICE"},{"name":"actor.process","type":"Process","type_id":25},{"name":"actor.process.pid","type":"Process ID","type_id":15,"value":"1096"},{"name":"actor.process.file","type":"File","type_id":24},{"name":"actor.process.file.name","type":"File Name","type_id":7,"value":"svchost.exe"},{"name":"dst_endpoint","type":"Endpoint","type_id":20},{"name":"dst_endpoint.hostname","type":"Hostname","type_id":1,"value":"localhost"},{"name":"user","type":"User","type_id":21},{"name":"user.name","type":"User Name","type_id":4,"value":"Administrator"},{"name":"user.uid","type":"User Object: uid","type_id":31,"value":"{A0076E0E-381F-69C5-2D5F-6B185F3102BD}"},{"name":"user.account.uid","type":"Account Object: uid","type_id":35,"value":"{A0076E0E-381F-69C5-2D5F-6B185F3102BD}"},{"name":"user.account.name","type":"Account Object: name","type_id":34,"value":"Administrator"}],"raw_data":"<Event xmlns='http://schemas.microsoft.com/win/2004/08/events/event'>\n  <System>\n    <Provider Name='Microsoft-Windows-Security-Auditing' Guid='{54849625-5478-4994-A5BA-3E3B0328C30D}'/>\n    <EventID>4648</EventID>\n    <Version>0</Version>\n    <Level>0</Level>\n    <Task>12544</Task>\n    <Opcode>0</Opcode>\n    <Keywords>0x8020000000000000</Keywords>\n    <TimeCreated SystemTime='2022-07-29T20:57:12.836205700Z'/>\n    <EventRecordID>327643</EventRecordID>\n    <Correlation/>\n    <Execution ProcessID='632' ThreadID='828'/>\n    <Channel>Security</Channel>\n    <Computer>win-dc-mradka-46070-659.attackrange.local</Computer>\n    <Security/>\n  </System>\n  <EventData>\n    <Data Name='SubjectUserSid'>NT AUTHORITY\\NETWORK SERVICE</Data>\n    <Data Name='SubjectUserName'>WIN-DC-MRADKA-4$</Data>\n    <Data Name='SubjectDomainName'>ATTACKRANGE</Data>\n    <Data Name='SubjectLogonId'>0x3e4</Data>\n    <Data Name='LogonGuid'>{00000000-0000-0000-0000-000000000000}</Data>\n    <Data Name='TargetUserName'>Administrator</Data>\n    <Data Name='TargetDomainName'>ATTACKRANGE</Data>\n    <Data Name='TargetLogonGuid'>{A0076E0E-381F-69C5-2D5F-6B185F3102BD}</Data>\n    <Data Name='TargetServerName'>localhost</Data>\n    <Data Name='TargetInfo'>localhost</Data>\n    <Data Name='ProcessId'>0x448</Data>\n    <Data Name='ProcessName'>C:\\Windows\\System32\\svchost.exe</Data>\n    <Data Name='IpAddress'>-</Data>\n    <Data Name='IpPort'>-</Data>\n  </EventData>\n</Event>","severity":"Informational","severity_id":1,"status":"Success","status_id":1,"time":1659128232836,"type_name":"Authentication: Logon","type_uid":300201,"unmapped":{"EventData":{"TargetInfo":"localhost"},"Execution":{"ProcessID":"632","ThreadID":"828"},"Opcode":"0","Task":"12544"},"user":{"account":{"name":"Administrator","type":"Windows Account","type_id":2,"uid":"{A0076E0E-381F-69C5-2D5F-6B185F3102BD}"},"domain":"ATTACKRANGE","name":"Administrator","uid":"{A0076E0E-381F-69C5-2D5F-6B185F3102BD}"}}
{"activity_id":1,"activity_name":"Logon","actor":{"process":{"file":{"name":"svchost.exe","parent_folder":"C:\\Windows\\System32","path":"C:\\Windows\\System32\\svchost.exe","type":"Regular File","type_id":1},"pid":1096},"session":{"uid":"0x3e4","uuid":"{00000000-0000-0000-0000-000000000000}"},"user":{"account":{"name":"WIN-DC-MRADKA-4$","type":"Windows Account","type_id":2,"uid":"NT AUTHORITY\\NETWORK SERVICE"},"domain":"ATTACKRANGE","name":"WIN-DC-MRADKA-4$","uid":"NT AUTHORITY\\NETWORK SERVICE"}},"category_name":"Identity & Access Management","category_uid":3,"class_name":"Authentication","class_uid":3002,"device":{"hostname":"win-dc-mradka-46070-659.attackrange.local","os":{"name":"Windows","type":"Windows","type_id":100},"type":"Unknown","type_id":0},"dst_endpoint":{"hostname":"localhost"},"metadata":{"event_code":"4648","log_name":"Security","log_provider":"Microsoft-Windows-Security-Auditing","log_version":"0","original_time":"2022-07-29T20:57:06.414705200Z","product":{"feature":{"uid":"{54849625-5478-4994-A5BA-3E3B0328C30D}"},"name":"Microsoft Windows","vendor_name":"Microsoft"},"profiles":["host"],"sequence":327553,"uid":"f162fbbac4505979d44e0d5b9fb96a67","version":"1.4.0"},"observables":[{"name":"dst_endpoint","type":"Endpoint","type_id":20},{"name":"dst_endpoint.hostname","type":"Hostname","type_id":1,"value":"localhost"},{"name":"user","type":"User","type_id":21},{"name":"user.uid","type":"User Object: uid","type_id":31,"value":"{638A68C2-14C4-D0B3-3287-2F44371BB1A1}"},{"name":"user.account.uid","type":"Account Object: uid","type_id":35,"value":"{638A68C2-14C4-D0B3-3287-2F44371BB1A1}"},{"name":"user.account.name","type":"Account Object: name","type_id":34,"value":"Administrator"},{"name":"user.name","type":"User Name","type_id":4,"value":"Administrator"},{"name":"actor.process","type":"Process","type_id":25},{"name":"actor.process.pid","type":"Process ID","type_id":15,"value":"1096"},{"name":"actor.process.file","type":"File","type_id":24},{"name":"actor.process.file.name","type":"File Name","type_id":7,"value":"svchost.exe"},{"name":"actor.user","type":"User","type_id":21},{"name":"actor.user.account.uid","type":"Account Object: uid","type_id":35,"value":"NT AUTHORITY\\NETWORK SERVICE"},{"name":"actor.user.account.name","type":"Account Object: name","type_id":34,"value":"WIN-DC-MRADKA-4$"},{"name":"actor.user.uid","type":"User Object: uid","type_id":31,"value":"NT AUTHORITY\\NETWORK SERVICE"},{"name":"actor.user.name","type":"User Name","type_id":4,"value":"WIN-DC-MRADKA-4$"},{"name":"device","type":"Endpoint","type_id":20},{"name":"device.hostname","type":"Hostname","type_id":1,"value":"win-dc-mradka-46070-659.attackrange.local"}],"raw_data":"<Event xmlns='http://schemas.microsoft.com/win/2004/08/events/event'>\n  <System>\n    <Provider Name='Microsoft-Windows-Security-Auditing' Guid='{54849625-5478-4994-A5BA-3E3B0328C30D}'/>\n    <EventID>4648</EventID>\n    <Version>0</Version>\n    <Level>0</Level>\n    <Task>12544</Task>\n    <Opcode>0</Opcode>\n    <Keywords>0x8020000000000000</Keywords>\n    <TimeCreated SystemTime='2022-07-29T20:57:06.414705200Z'/>\n    <EventRecordID>327553</EventRecordID>\n    <Correlation/>\n    <Execution ProcessID='632' ThreadID='796'/>\n    <Channel>Security</Channel>\n    <Computer>win-dc-mradka-46070-659.attackrange.local</Computer>\n    <Security/>\n  </System>\n  <EventData>\n    <Data Name='SubjectUserSid'>NT AUTHORITY\\NETWORK SERVICE</Data>\n    <Data Name='SubjectUserName'>WIN-DC-MRADKA-4$</Data>\n    <Data Name='SubjectDomainName'>ATTACKRANGE</Data>\n    <Data Name='SubjectLogonId'>0x3e4</Data>\n    <Data Name='LogonGuid'>{00000000-0000-0000-0000-000000000000}</Data>\n    <Data Name='TargetUserName'>Administrator</Data>\n    <Data Name='TargetDomainName'>ATTACKRANGE</Data>\n    <Data Name='TargetLogonGuid'>{638A68C2-14C4-D0B3-3287-2F44371BB1A1}</Data>\n    <Data Name='TargetServerName'>localhost</Data>\n    <Data Name='TargetInfo'>localhost</Data>\n    <Data Name='ProcessId'>0x448</Data>\n    <Data Name='ProcessName'>C:\\Windows\\System32\\svchost.exe</Data>\n    <Data Name='IpAddress'>-</Data>\n    <Data Name='IpPort'>-</Data>\n  </EventData>\n</Event>","severity":"Informational","severity_id":1,"status":"Success","status_id":1,"time":1659128226414,"type_name":"Authentication: Logon","type_uid":300201,"unmapped":{"EventData":{"TargetInfo":"localhost"},"Execution":{"ProcessID":"632","ThreadID":"796"},"Opcode":"0","Task":"12544"},"user":{"account":{"name":"Administrator","type":"Windows Account","type_id":2,"uid":"{638A68C2-14C4-D0B3-3287-2F44371BB1A1}"},"domain":"ATTACKRANGE","name":"Administrator","uid":"{638A68C2-14C4-D0B3-3287-2F44371BB1A1}"}}
{"activity_id":1,"activity_name":"Logon","actor":{"process":{"file":{"name":"svchost.exe","parent_folder":"C:\\Windows\\System32","path":"C:\\Windows\\System32\\svchost.exe","type":"Regular File","type_id":1},"pid":1096},"session":{"uid":"0x3e4","uuid":"{00000000-0000-0000-0000-000000000000}"},"user":{"account":{"name":"WIN-DC-MRADKA-4$","type":"Windows Account","type_id":2,"uid":"NT AUTHORITY\\NETWORK SERVICE"},"domain":"ATTACKRANGE","name":"WIN-DC-MRADKA-4$","uid":"NT AUTHORITY\\NETWORK SERVICE"}},"category_name":"Identity & Access Management","category_uid":3,"class_name":"Authentication","class_uid":3002,"device":{"hostname":"win-dc-mradka-46070-659.attackrange.local","os":{"name":"Windows","type":"Windows","type_id":100},"type":"Unknown","type_id":0},"dst_endpoint":{"hostname":"localhost"},"metadata":{"event_code":"4648","log_name":"Security","log_provider":"Microsoft-Windows-Security-Auditing","log_version":"0","original_time":"2022-07-29T20:57:12.795544800Z","product":{"feature":{"uid":"{54849625-5478-4994-A5BA-3E3B0328C30D}"},"name":"Microsoft Windows","vendor_name":"Microsoft"},"profiles":["host"],"sequence":327637,"uid":"e5b73adc0ec02c3fee785d5ddf13629c","version":"1.4.0"},"observables":[{"name":"device","type":"Endpoint","type_id":20},{"name":"device.hostname","type":"Hostname","type_id":1,"value":"win-dc-mradka-46070-659.attackrange.local"},{"name":"dst_endpoint","type":"Endpoint","type_id":20},{"name":"dst_endpoint.hostname","type":"Hostname","type_id":1,"value":"localhost"},{"name":"user","type":"User","type_id":21},{"name":"user.name","type":"User Name","type_id":4,"value":"Administrator"},{"name":"user.uid","type":"User Object: uid","type_id":31,"value":"{A0076E0E-381F-69C5-2D5F-6B185F3102BD}"},{"name":"user.account.uid","type":"Account Object: uid","type_id":35,"value":"{A0076E0E-381F-69C5-2D5F-6B185F3102BD}"},{"name":"user.account.name","type":"Account Object: name","type_id":34,"value":"Administrator"},{"name":"actor.process","type":"Process","type_id":25},{"name":"actor.process.pid","type":"Process ID","type_id":15,"value":"1096"},{"name":"actor.process.file","type":"File","type_id":24},{"name":"actor.process.file.name","type":"File Name","type_id":7,"value":"svchost.exe"},{"name":"actor.user","type":"User","type_id":21},{"name":"actor.user.name","type":"User Name","type_id":4,"value":"WIN-DC-MRADKA-4$"},{"name":"actor.user.account.uid","type":"Account Object: uid","type_id":35,"value":"NT AUTHORITY\\NETWORK SERVICE"},{"name":"actor.user.account.name","type":"Account Object: name","type_id":34,"value":"WIN-DC-MRADKA-4$"},{"name":"actor.user.uid","type":"User Object: uid","type_id":31,"value":"NT AUTHORITY\\NETWORK SERVICE"}],"raw_data":"<Event xmlns='http://schemas.microsoft.com/win/2004/08/events/event'>\n  <System>\n    <Provider Name='Microsoft-Windows-Security-Auditing' Guid='{54849625-5478-4994-A5BA-3E3B0328C30D}'/>\n    <EventID>4648</EventID>\n    <Version>0</Version>\n    <Level>0</Level>\n    <Task>12544</Task>\n    <Opcode>0</Opcode>\n    <Keywords>0x8020000000000000</Keywords>\n    <TimeCreated SystemTime='2022-07-29T20:57:12.795544800Z'/>\n    <EventRecordID>327637</EventRecordID>\n    <Correlation/>\n    <Execution ProcessID='632' ThreadID='796'/>\n    <Channel>Security</Channel>\n    <Computer>win-dc-mradka-46070-659.attackrange.local</Computer>\n    <Security/>\n  </System>\n  <EventData>\n    <Data Name='SubjectUserSid'>NT AUTHORITY\\NETWORK SERVICE</Data>\n    <Data Name='SubjectUserName'>WIN-DC-MRADKA-4$</Data>\n    <Data Name='SubjectDomainName'>ATTACKRANGE</Data>\n    <Data Name='SubjectLogonId'>0x3e4</Data>\n    <Data Name='LogonGuid'>{00000000-0000-0000-0000-000000000000}</Data>\n    <Data Name='TargetUserName'>Administrator</Data>\n    <Data Name='TargetDomainName'>ATTACKRANGE</Data>\n    <Data Name='TargetLogonGuid'>{A0076E0E-381F-69C5-2D5F-6B185F3102BD}</Data>\n    <Data Name='TargetServerName'>localhost</Data>\n    <Data Name='TargetInfo'>localhost</Data>\n    <Data Name='ProcessId'>0x448</Data>\n    <Data Name='ProcessName'>C:\\Windows\\System32\\svchost.exe</Data>\n    <Data Name='IpAddress'>-</Data>\n    <Data Name='IpPort'>-</Data>\n  </EventData>\n</Event>","severity":"Informational","severity_id":1,"status":"Success","status_id":1,"time":1659128232795,"type_name":"Authentication: Logon","type_uid":300201,"unmapped":{"EventData":{"TargetInfo":"localhost"},"Execution":{"ProcessID":"632","ThreadID":"796"},"Opcode":"0","Task":"12544"},"user":{"account":{"name":"Administrator","type":"Windows Account","type_id":2,"uid":"{A0076E0E-381F-69C5-2D5F-6B185F3102BD}"},"domain":"ATTACKRANGE","name":"Administrator","uid":"{A0076E0E-381F-69C5-2D5F-6B185F3102BD}"}}
{"activity_id":1,"activity_name":"Logon","actor":{"process":{"file":{"name":"svchost.exe","parent_folder":"C:\\Windows\\System32","path":"C:\\Windows\\System32\\svchost.exe","type":"Regular File","type_id":1},"pid":1096},"session":{"uid":"0x3e4","uuid":"{00000000-0000-0000-0000-000000000000}"},"user":{"account":{"name":"WIN-DC-MRADKA-4$","type":"Windows Account","type_id":2,"uid":"NT AUTHORITY\\NETWORK SERVICE"},"domain":"ATTACKRANGE","name":"WIN-DC-MRADKA-4$","uid":"NT AUTHORITY\\NETWORK SERVICE"}},"category_name":"Identity & Access Management","category_uid":3,"class_name":"Authentication","class_uid":3002,"device":{"hostname":"win-dc-mradka-46070-659.attackrange.local","os":{"name":"Windows","type":"Windows","type_id":100},"type":"Unknown","type_id":0},"dst_endpoint":{"hostname":"localhost"},"metadata":{"event_code":"4648","log_name":"Security","log_provider":"Microsoft-Windows-Security-Auditing","log_version":"0","original_time":"2022-07-29T20:57:06.378018200Z","product":{"feature":{"uid":"{54849625-5478-4994-A5BA-3E3B0328C30D}"},"name":"Microsoft Windows","vendor_name":"Microsoft"},"profiles":["host"],"sequence":327546,"uid":"8be8500a4cd549fe7e1ed55f35aa95d2","version":"1.4.0"},"observables":[{"name":"dst_endpoint","type":"Endpoint","type_id":20},{"name":"dst_endpoint.hostname","type":"Hostname","type_id":1,"value":"localhost"},{"name":"user","type":"User","type_id":21},{"name":"user.account.name","type":"Account Object: name","type_id":34,"value":"Administrator"},{"name":"user.account.uid","type":"Account Object: uid","type_id":35,"value":"{638A68C2-14C4-D0B3-3287-2F44371BB1A1}"},{"name":"user.name","type":"User Name","type_id":4,"value":"Administrator"},{"name":"user.uid","type":"User Object: uid","type_id":31,"value":"{638A68C2-14C4-D0B3-3287-2F44371BB1A1}"},{"name":"device","type":"Endpoint","type_id":20},{"name":"device.hostname","type":"Hostname","type_id":1,"value":"win-dc-mradka-46070-659.attackrange.local"},{"name":"actor.user","type":"User","type_id":21},{"name":"actor.user.account.uid","type":"Account Object: uid","type_id":35,"value":"NT AUTHORITY\\NETWORK SERVICE"},{"name":"actor.user.account.name","type":"Account Object: name","type_id":34,"value":"WIN-DC-MRADKA-4$"},{"name":"actor.user.uid","type":"User Object: uid","type_id":31,"value":"NT AUTHORITY\\NETWORK SERVICE"},{"name":"actor.user.name","type":"User Name","type_id":4,"value":"WIN-DC-MRADKA-4$"},{"name":"actor.process","type":"Process","type_id":25},{"name":"actor.process.pid","type":"Process ID","type_id":15,"value":"1096"},{"name":"actor.process.file","type":"File","type_id":24},{"name":"actor.process.file.name","type":"File Name","type_id":7,"value":"svchost.exe"}],"raw_data":"<Event xmlns='http://schemas.microsoft.com/win/2004/08/events/event'>\n  <System>\n    <Provider Name='Microsoft-Windows-Security-Auditing' Guid='{54849625-5478-4994-A5BA-3E3B0328C30D}'/>\n    <EventID>4648</EventID>\n    <Version>0</Version>\n    <Level>0</Level>\n    <Task>12544</Task>\n    <Opcode>0</Opcode>\n    <Keywords>0x8020000000000000</Keywords>\n    <TimeCreated SystemTime='2022-07-29T20:57:06.378018200Z'/>\n    <EventRecordID>327546</EventRecordID>\n    <Correlation/>\n    <Execution ProcessID='632' ThreadID='796'/>\n    <Channel>Security</Channel>\n    <Computer>win-dc-mradka-46070-659.attackrange.local</Computer>\n    <Security/>\n  </System>\n  <EventData>\n    <Data Name='SubjectUserSid'>NT AUTHORITY\\NETWORK SERVICE</Data>\n    <Data Name='SubjectUserName'>WIN-DC-MRADKA-4$</Data>\n    <Data Name='SubjectDomainName'>ATTACKRANGE</Data>\n    <Data Name='SubjectLogonId'>0x3e4</Data>\n    <Data Name='LogonGuid'>{00000000-0000-0000-0000-000000000000}</Data>\n    <Data Name='TargetUserName'>Administrator</Data>\n    <Data Name='TargetDomainName'>ATTACKRANGE</Data>\n    <Data Name='TargetLogonGuid'>{638A68C2-14C4-D0B3-3287-2F44371BB1A1}</Data>\n    <Data Name='TargetServerName'>localhost</Data>\n    <Data Name='TargetInfo'>localhost</Data>\n    <Data Name='ProcessId'>0x448</Data>\n    <Data Name='ProcessName'>C:\\Windows\\System32\\svchost.exe</Data>\n    <Data Name='IpAddress'>-</Data>\n    <Data Name='IpPort'>-</Data>\n  </EventData>\n</Event>","severity":"Informational","severity_id":1,"status":"Success","status_id":1,"time":1659128226378,"type_name":"Authentication: Logon","type_uid":300201,"unmapped":{"EventData":{"TargetInfo":"localhost"},"Execution":{"ProcessID":"632","ThreadID":"796"},"Opcode":"0","Task":"12544"},"user":{"account":{"name":"Administrator","type":"Windows Account","type_id":2,"uid":"{638A68C2-14C4-D0B3-3287-2F44371BB1A1}"},"domain":"ATTACKRANGE","name":"Administrator","uid":"{638A68C2-14C4-D0B3-3287-2F44371BB1A1}"}}
{"activity_id":1,"activity_name":"Logon","actor":{"process":{"file":{"name":"svchost.exe","parent_folder":"C:\\Windows\\System32","path":"C:\\Windows\\System32\\svchost.exe","type":"Regular File","type_id":1},"pid":1096},"session":{"uid":"0x3e4","uuid":"{00000000-0000-0000-0000-000000000000}"},"user":{"account":{"name":"WIN-DC-MRADKA-4$","type":"Windows Account","type_id":2,"uid":"NT AUTHORITY\\NETWORK SERVICE"},"domain":"ATTACKRANGE","name":"WIN-DC-MRADKA-4$","uid":"NT AUTHORITY\\NETWORK SERVICE"}},"category_name":"Identity & Access Management","category_uid":3,"class_name":"Authentication","class_uid":3002,"device":{"hostname":"win-dc-mradka-46070-659.attackrange.local","os":{"name":"Windows","type":"Windows","type_id":100},"type":"Unknown","type_id":0},"dst_endpoint":{"hostname":"localhost"},"metadata":{"event_code":"4648","log_name":"Security","log_provider":"Microsoft-Windows-Security-Auditing","log_version":"0","original_time":"2022-07-29T20:57:06.224770900Z","product":{"feature":{"uid":"{54849625-5478-4994-A5BA-3E3B0328C30D}"},"name":"Microsoft Windows","vendor_name":"Microsoft"},"profiles":["host"],"sequence":327538,"uid":"553e549690959a10f84ab81958e6feee","version":"1.4.0"},"observables":[{"name":"actor.process","type":"Process","type_id":25},{"name":"actor.process.pid","type":"Process ID","type_id":15,"value":"1096"},{"name":"actor.process.file","type":"File","type_id":24},{"name":"actor.process.file.name","type":"File Name","type_id":7,"value":"svchost.exe"},{"name":"actor.user","type":"User","type_id":21},{"name":"actor.user.account.uid","type":"Account Object: uid","type_id":35,"value":"NT AUTHORITY\\NETWORK SERVICE"},{"name":"actor.user.account.name","type":"Account Object: name","type_id":34,"value":"WIN-DC-MRADKA-4$"},{"name":"actor.user.uid","type":"User Object: uid","type_id":31,"value":"NT AUTHORITY\\NETWORK SERVICE"},{"name":"actor.user.name","type":"User Name","type_id":4,"value":"WIN-DC-MRADKA-4$"},{"name":"device","type":"Endpoint","type_id":20},{"name":"device.hostname","type":"Hostname","type_id":1,"value":"win-dc-mradka-46070-659.attackrange.local"},{"name":"dst_endpoint","type":"Endpoint","type_id":20},{"name":"dst_endpoint.hostname","type":"Hostname","type_id":1,"value":"localhost"},{"name":"user","type":"User","type_id":21},{"name":"user.name","type":"User Name","type_id":4,"value":"Administrator"},{"name":"user.uid","type":"User Object: uid","type_id":31,"value":"{638A68C2-14C4-D0B3-3287-2F44371BB1A1}"},{"name":"user.account.name","type":"Account Object: name","type_id":34,"value":"Administrator"},{"name":"user.account.uid","type":"Account Object: uid","type_id":35,"value":"{638A68C2-14C4-D0B3-3287-2F44371BB1A1}"}],"raw_data":"<Event xmlns='http://schemas.microsoft.com/win/2004/08/events/event'>\n  <System>\n    <Provider Name='Microsoft-Windows-Security-Auditing' Guid='{54849625-5478-4994-A5BA-3E3B0328C30D}'/>\n    <EventID>4648</EventID>\n    <Version>0</Version>\n    <Level>0</Level>\n    <Task>12544</Task>\n    <Opcode>0</Opcode>\n    <Keywords>0x8020000000000000</Keywords>\n    <TimeCreated SystemTime='2022-07-29T20:57:06.224770900Z'/>\n    <EventRecordID>327538</EventRecordID>\n    <Correlation/>\n    <Execution ProcessID='632' ThreadID='796'/>\n    <Channel>Security</Channel>\n    <Computer>win-dc-mradka-46070-659.attackrange.local</Computer>\n    <Security/>\n  </System>\n  <EventData>\n    <Data Name='SubjectUserSid'>NT AUTHORITY\\NETWORK SERVICE</Data>\n    <Data Name='SubjectUserName'>WIN-DC-MRADKA-4$</Data>\n    <Data Name='SubjectDomainName'>ATTACKRANGE</Data>\n    <Data Name='SubjectLogonId'>0x3e4</Data>\n    <Data Name='LogonGuid'>{00000000-0000-0000-0000-000000000000}</Data>\n    <Data Name='TargetUserName'>Administrator</Data>\n    <Data Name='TargetDomainName'>ATTACKRANGE</Data>\n    <Data Name='TargetLogonGuid'>{638A68C2-14C4-D0B3-3287-2F44371BB1A1}</Data>\n    <Data Name='TargetServerName'>localhost</Data>\n    <Data Name='TargetInfo'>localhost</Data>\n    <Data Name='ProcessId'>0x448</Data>\n    <Data Name='ProcessName'>C:\\Windows\\System32\\svchost.exe</Data>\n    <Data Name='IpAddress'>-</Data>\n    <Data Name='IpPort'>-</Data>\n  </EventData>\n</Event>","severity":"Informational","severity_id":1,"status":"Success","status_id":1,"time":1659128226224,"type_name":"Authentication: Logon","type_uid":300201,"unmapped":{"EventData":{"TargetInfo":"localhost"},"Execution":{"ProcessID":"632","ThreadID":"796"},"Opcode":"0","Task":"12544"},"user":{"account":{"name":"Administrator","type":"Windows Account","type_id":2,"uid":"{638A68C2-14C4-D0B3-3287-2F44371BB1A1}"},"domain":"ATTACKRANGE","name":"Administrator","uid":"{638A68C2-14C4-D0B3-3287-2F44371BB1A1}"}}
{"activity_id":1,"activity_name":"Logon","actor":{"process":{"file":{"name":"svchost.exe","parent_folder":"C:\\Windows\\System32","path":"C:\\Windows\\System32\\svchost.exe","type":"Regular File","type_id":1},"pid":1096},"session":{"uid":"0x3e4","uuid":"{00000000-0000-0000-0000-000000000000}"},"user":{"account":{"name":"WIN-DC-MRADKA-4$","type":"Windows Account","type_id":2,"uid":"NT AUTHORITY\\NETWORK SERVICE"},"domain":"ATTACKRANGE","name":"WIN-DC-MRADKA-4$","uid":"NT AUTHORITY\\NETWORK SERVICE"}},"category_name":"Identity & Access Management","category_uid":3,"class_name":"Authentication","class_uid":3002,"device":{"hostname":"win-dc-mradka-46070-659.attackrange.local","os":{"name":"Windows","type":"Windows","type_id":100},"type":"Unknown","type_id":0},"dst_endpoint":{"hostname":"localhost"},"metadata":{"event_code":"4648","log_name":"Security","log_provider":"Microsoft-Windows-Security-Auditing","log_version":"0","original_time":"2022-07-29T20:56:51.119444200Z","product":{"feature":{"uid":"{54849625-5478-4994-A5BA-3E3B0328C30D}"},"name":"Microsoft Windows","vendor_name":"Microsoft"},"profiles":["host"],"sequence":327498,"uid":"1549edcd3ebc3406dd7b6a19300b277b","version":"1.4.0"},"observables":[{"name":"user","type":"User","type_id":21},{"name":"user.name","type":"User Name","type_id":4,"value":"Administrator"},{"name":"user.uid","type":"User Object: uid","type_id":31,"value":"{8667FF9A-DE15-9E5B-DF93-C076752119BF}"},{"name":"user.account.uid","type":"Account Object: uid","type_id":35,"value":"{8667FF9A-DE15-9E5B-DF93-C076752119BF}"},{"name":"user.account.name","type":"Account Object: name","type_id":34,"value":"Administrator"},{"name":"device","type":"Endpoint","type_id":20},{"name":"device.hostname","type":"Hostname","type_id":1,"value":"win-dc-mradka-46070-659.attackrange.local"},{"name":"dst_endpoint","type":"Endpoint","type_id":20},{"name":"dst_endpoint.hostname","type":"Hostname","type_id":1,"value":"localhost"},{"name":"actor.process","type":"Process","type_id":25},{"name":"actor.process.pid","type":"Process ID","type_id":15,"value":"1096"},{"name":"actor.process.file","type":"File","type_id":24},{"name":"actor.process.file.name","type":"File Name","type_id":7,"value":"svchost.exe"},{"name":"actor.user","type":"User","type_id":21},{"name":"actor.user.account.name","type":"Account Object: name","type_id":34,"value":"WIN-DC-MRADKA-4$"},{"name":"actor.user.account.uid","type":"Account Object: uid","type_id":35,"value":"NT AUTHORITY\\NETWORK SERVICE"},{"name":"actor.user.uid","type":"User Object: uid","type_id":31,"value":"NT AUTHORITY\\NETWORK SERVICE"},{"name":"actor.user.name","type":"User Name","type_id":4,"value":"WIN-DC-MRADKA-4$"}],"raw_data":"<Event xmlns='http://schemas.microsoft.com/win/2004/08/events/event'>\n  <System>\n    <Provider Name='Microsoft-Windows-Security-Auditing' Guid='{54849625-5478-4994-A5BA-3E3B0328C30D}'/>\n    <EventID>4648</EventID>\n    <Version>0</Version>\n    <Level>0</Level>\n    <Task>12544</Task>\n    <Opcode>0</Opcode>\n    <Keywords>0x8020000000000000</Keywords>\n    <TimeCreated SystemTime='2022-07-29T20:56:51.119444200Z'/>\n    <EventRecordID>327498</EventRecordID>\n    <Correlation/>\n    <Execution ProcessID='632' ThreadID='680'/>\n    <Channel>Security</Channel>\n    <Computer>win-dc-mradka-46070-659.attackrange.local</Computer>\n    <Security/>\n  </System>\n  <EventData>\n    <Data Name='SubjectUserSid'>NT AUTHORITY\\NETWORK SERVICE</Data>\n    <Data Name='SubjectUserName'>WIN-DC-MRADKA-4$</Data>\n    <Data Name='SubjectDomainName'>ATTACKRANGE</Data>\n    <Data Name='SubjectLogonId'>0x3e4</Data>\n    <Data Name='LogonGuid'>{00000000-0000-0000-0000-000000000000}</Data>\n    <Data Name='TargetUserName'>Administrator</Data>\n    <Data Name='TargetDomainName'>ATTACKRANGE</Data>\n    <Data Name='TargetLogonGuid'>{8667FF9A-DE15-9E5B-DF93-C076752119BF}</Data>\n    <Data Name='TargetServerName'>localhost</Data>\n    <Data Name='TargetInfo'>localhost</Data>\n    <Data Name='ProcessId'>0x448</Data>\n    <Data Name='ProcessName'>C:\\Windows\\System32\\svchost.exe</Data>\n    <Data Name='IpAddress'>-</Data>\n    <Data Name='IpPort'>-</Data>\n  </EventData>\n</Event>","severity":"Informational","severity_id":1,"status":"Success","status_id":1,"time":1659128211119,"type_name":"Authentication: Logon","type_uid":300201,"unmapped":{"EventData":{"TargetInfo":"localhost"},"Execution":{"ProcessID":"632","ThreadID":"680"},"Opcode":"0","Task":"12544"},"user":{"account":{"name":"Administrator","type":"Windows Account","type_id":2,"uid":"{8667FF9A-DE15-9E5B-DF93-C076752119BF}"},"domain":"ATTACKRANGE","name":"Administrator","uid":"{8667FF9A-DE15-9E5B-DF93-C076752119BF}"}}
{"activity_id":1,"activity_name":"Logon","actor":{"process":{"file":{"name":"svchost.exe","parent_folder":"C:\\Windows\\System32","path":"C:\\Windows\\System32\\svchost.exe","type":"Regular File","type_id":1},"pid":1316},"session":{"uid":"0x3e7","uuid":"{00000000-0000-0000-0000-000000000000}"},"user":{"account":{"name":"WIN-DC-MRADKA-4$","type":"Windows Account","type_id":2,"uid":"NT AUTHORITY\\SYSTEM"},"domain":"ATTACKRANGE","name":"WIN-DC-MRADKA-4$","uid":"NT AUTHORITY\\SYSTEM"}},"category_name":"Identity & Access Management","category_uid":3,"class_name":"Authentication","class_uid":3002,"device":{"hostname":"win-dc-mradka-46070-659.attackrange.local","os":{"name":"Windows","type":"Windows","type_id":100},"type":"Unknown","type_id":0},"dst_endpoint":{"hostname":"localhost"},"metadata":{"event_code":"4648","log_name":"Security","log_provider":"Microsoft-Windows-Security-Auditing","log_version":"0","original_time":"2022-07-29T20:56:49.317004200Z","product":{"feature":{"uid":"{54849625-5478-4994-A5BA-3E3B0328C30D}"},"name":"Microsoft Windows","vendor_name":"Microsoft"},"profiles":["host"],"sequence":327466,"uid":"cbc904503f67d237d0bb5ba1706e2cfe","version":"1.4.0"},"observables":[{"name":"device","type":"Endpoint","type_id":20},{"name":"device.hostname","type":"Hostname","type_id":1,"value":"win-dc-mradka-46070-659.attackrange.local"},{"name":"user","type":"User","type_id":21},{"name":"user.account.uid","type":"Account Object: uid","type_id":35,"value":"{B2227E14-EB31-36AA-8485-927B3E0F5BDD}"},{"name":"user.account.name","type":"Account Object: name","type_id":34,"value":"Administrator"},{"name":"user.name","type":"User Name","type_id":4,"value":"Administrator"},{"name":"user.uid","type":"User Object: uid","type_id":31,"value":"{B2227E14-EB31-36AA-8485-927B3E0F5BDD}"},{"name":"actor.process","type":"Process","type_id":25},{"name":"actor.process.file","type":"File","type_id":24},{"name":"actor.process.file.name","type":"File Name","type_id":7,"value":"svchost.exe"},{"name":"actor.process.pid","type":"Process ID","type_id":15,"value":"1316"},{"name":"actor.user","type":"User","type_id":21},{"name":"actor.user.account.name","type":"Account Object: name","type_id":34,"value":"WIN-DC-MRADKA-4$"},{"name":"actor.user.account.uid","type":"Account Object: uid","type_id":35,"value":"NT AUTHORITY\\SYSTEM"},{"name":"actor.user.uid","type":"User Object: uid","type_id":31,"value":"NT AUTHORITY\\SYSTEM"},{"name":"actor.user.name","type":"User Name","type_id":4,"value":"WIN-DC-MRADKA-4$"},{"name":"src_endpoint","type":"Endpoint","type_id":20},{"name":"src_endpoint.ip","type":"IP Address","type_id":2,"value":"162.249.116.2"},{"name":"src_endpoint.port","type":"Port","type_id":11,"value":"0"},{"name":"dst_endpoint","type":"Endpoint","type_id":20},{"name":"dst_endpoint.hostname","type":"Hostname","type_id":1,"value":"localhost"}],"raw_data":"<Event xmlns='http://schemas.microsoft.com/win/2004/08/events/event'>\n  <System>\n    <Provider Name='Microsoft-Windows-Security-Auditing' Guid='{54849625-5478-4994-A5BA-3E3B0328C30D}'/>\n    <EventID>4648</EventID>\n    <Version>0</Version>\n    <Level>0</Level>\n    <Task>12544</Task>\n    <Opcode>0</Opcode>\n    <Keywords>0x8020000000000000</Keywords>\n    <TimeCreated SystemTime='2022-07-29T20:56:49.317004200Z'/>\n    <EventRecordID>327466</EventRecordID>\n    <Correlation/>\n    <Execution ProcessID='632' ThreadID='3344'/>\n    <Channel>Security</Channel>\n    <Computer>win-dc-mradka-46070-659.attackrange.local</Computer>\n    <Security/>\n  </System>\n  <EventData>\n    <Data Name='SubjectUserSid'>NT AUTHORITY\\SYSTEM</Data>\n    <Data Name='SubjectUserName'>WIN-DC-MRADKA-4$</Data>\n    <Data Name='SubjectDomainName'>ATTACKRANGE</Data>\n    <Data Name='SubjectLogonId'>0x3e7</Data>\n    <Data Name='LogonGuid'>{00000000-0000-0000-0000-000000000000}</Data>\n    <Data Name='TargetUserName'>Administrator</Data>\n    <Data Name='TargetDomainName'>ATTACKRANGE</Data>\n    <Data Name='TargetLogonGuid'>{B2227E14-EB31-36AA-8485-927B3E0F5BDD}</Data>\n    <Data Name='TargetServerName'>localhost</Data>\n    <Data Name='TargetInfo'>localhost</Data>\n    <Data Name='ProcessId'>0x524</Data>\n    <Data Name='ProcessName'>C:\\Windows\\System32\\svchost.exe</Data>\n    <Data Name='IpAddress'>162.249.116.2</Data>\n    <Data Name='IpPort'>0</Data>\n  </EventData>\n</Event>","severity":"Informational","severity_id":1,"src_endpoint":{"ip":"162.249.116.2","port":0},"status":"Success","status_id":1,"time":1659128209317,"type_name":"Authentication: Logon","type_uid":300201,"unmapped":{"EventData":{"TargetInfo":"localhost"},"Execution":{"ProcessID":"632","ThreadID":"3344"},"Opcode":"0","Task":"12544"},"user":{"account":{"name":"Administrator","type":"Windows Account","type_id":2,"uid":"{B2227E14-EB31-36AA-8485-927B3E0F5BDD}"},"domain":"ATTACKRANGE","name":"Administrator","uid":"{B2227E14-EB31-36AA-8485-927B3E0F5BDD}"}}
{"activity_id":1,"activity_name":"Logon","actor":{"process":{"file":{"name":"winlogon.exe","parent_folder":"C:\\Windows\\System32","path":"C:\\Windows\\System32\\winlogon.exe","type":"Regular File","type_id":1},"pid":3188},"session":{"uid":"0x3e7","uuid":"{00000000-0000-0000-0000-000000000000}"},"user":{"account":{"name":"WIN-DC-MRADKA-4$","type":"Windows Account","type_id":2,"uid":"NT AUTHORITY\\SYSTEM"},"domain":"ATTACKRANGE","name":"WIN-DC-MRADKA-4$","uid":"NT AUTHORITY\\SYSTEM"}},"category_name":"Identity & Access Management","category_uid":3,"class_name":"Authentication","class_uid":3002,"device":{"hostname":"win-dc-mradka-46070-659.attackrange.local","os":{"name":"Windows","type":"Windows","type_id":100},"type":"Unknown","type_id":0},"dst_endpoint":{"hostname":"localhost"},"metadata":{"event_code":"4648","log_name":"Security","log_provider":"Microsoft-Windows-Security-Auditing","log_version":"0","original_time":"2022-07-29T20:56:41.102917100Z","product":{"feature":{"uid":"{54849625-5478-4994-A5BA-3E3B0328C30D}"},"name":"Microsoft Windows","vendor_name":"Microsoft"},"profiles":["host"],"sequence":327418,"uid":"66d6fb5fce01105563b436e978bd3a84","version":"1.4.0"},"observables":[{"name":"user","type":"User","type_id":21},{"name":"user.account.uid","type":"Account Object: uid","type_id":35,"value":"{00000000-0000-0000-0000-000000000000}"},{"name":"user.account.name","type":"Account Object: name","type_id":34,"value":"DWM-2"},{"name":"user.name","type":"User Name","type_id":4,"value":"DWM-2"},{"name":"user.uid","type":"User Object: uid","type_id":31,"value":"{00000000-0000-0000-0000-000000000000}"},{"name":"device","type":"Endpoint","type_id":20},{"name":"device.hostname","type":"Hostname","type_id":1,"value":"win-dc-mradka-46070-659.attackrange.local"},{"name":"dst_endpoint","type":"Endpoint","type_id":20},{"name":"dst_endpoint.hostname","type":"Hostname","type_id":1,"value":"localhost"},{"name":"actor.process","type":"Process","type_id":25},{"name":"actor.process.pid","type":"Process ID","type_id":15,"value":"3188"},{"name":"actor.process.file","type":"File","type_id":24},{"name":"actor.process.file.name","type":"File Name","type_id":7,"value":"winlogon.exe"},{"name":"actor.user","type":"User","type_id":21},{"name":"actor.user.uid","type":"User Object: uid","type_id":31,"value":"NT AUTHORITY\\SYSTEM"},{"name":"actor.user.name","type":"User Name","type_id":4,"value":"WIN-DC-MRADKA-4$"},{"name":"actor.user.account.uid","type":"Account Object: uid","type_id":35,"value":"NT AUTHORITY\\SYSTEM"},{"name":"actor.user.account.name","type":"Account Object: name","type_id":34,"value":"WIN-DC-MRADKA-4$"}],"raw_data":"<Event xmlns='http://schemas.microsoft.com/win/2004/08/events/event'>\n  <System>\n    <Provider Name='Microsoft-Windows-Security-Auditing' Guid='{54849625-5478-4994-A5BA-3E3B0328C30D}'/>\n    <EventID>4648</EventID>\n    <Version>0</Version>\n    <Level>0</Level>\n    <Task>12544</Task>\n    <Opcode>0</Opcode>\n    <Keywords>0x8020000000000000</Keywords>\n    <TimeCreated SystemTime='2022-07-29T20:56:41.102917100Z'/>\n    <EventRecordID>327418</EventRecordID>\n    <Correlation/>\n    <Execution ProcessID='632' ThreadID='796'/>\n    <Channel>Security</Channel>\n    <Computer>win-dc-mradka-46070-659.attackrange.local</Computer>\n    <Security/>\n  </System>\n  <EventData>\n    <Data Name='SubjectUserSid'>NT AUTHORITY\\SYSTEM</Data>\n    <Data Name='SubjectUserName'>WIN-DC-MRADKA-4$</Data>\n    <Data Name='SubjectDomainName'>ATTACKRANGE</Data>\n    <Data Name='SubjectLogonId'>0x3e7</Data>\n    <Data Name='LogonGuid'>{00000000-0000-0000-0000-000000000000}</Data>\n    <Data Name='TargetUserName'>DWM-2</Data>\n    <Data Name='TargetDomainName'>Window Manager</Data>\n    <Data Name='TargetLogonGuid'>{00000000-0000-0000-0000-000000000000}</Data>\n    <Data Name='TargetServerName'>localhost</Data>\n    <Data Name='TargetInfo'>localhost</Data>\n    <Data Name='ProcessId'>0xc74</Data>\n    <Data Name='ProcessName'>C:\\Windows\\System32\\winlogon.exe</Data>\n    <Data Name='IpAddress'>-</Data>\n    <Data Name='IpPort'>-</Data>\n  </EventData>\n</Event>","severity":"Informational","severity_id":1,"status":"Success","status_id":1,"time":1659128201102,"type_name":"Authentication: Logon","type_uid":300201,"unmapped":{"EventData":{"TargetInfo":"localhost"},"Execution":{"ProcessID":"632","ThreadID":"796"},"Opcode":"0","Task":"12544"},"user":{"account":{"name":"DWM-2","type":"Windows Account","type_id":2,"uid":"{00000000-0000-0000-0000-000000000000}"},"domain":"Window Manager","name":"DWM-2","uid":"{00000000-0000-0000-0000-000000000000}"}}
