{"activity_id":1,"activity_name":"Launch","actor":{"process":{"file":{"name":"wininit.exe","parent_folder":"C:\\Windows\\System32","path":"C:\\Windows\\System32\\wininit.exe","type":"Regular File","type_id":1},"pid":448},"session":{"uid":"0x3e7"},"user":{"account":{"type":"Windows Account","type_id":2,"uid":"NT AUTHORITY\\SYSTEM"},"uid":"NT AUTHORITY\\SYSTEM"}},"category_name":"System Activity","category_uid":1,"class_name":"Process Activity","class_uid":1007,"device":{"hostname":"SesTestWin2019DC.SesTestDomain.local","os":{"name":"Windows","type":"Windows","type_id":100},"type":"Unknown","type_id":0},"message":"A new process has been created.","metadata":{"event_code":"4688","log_name":"Security","log_provider":"Microsoft-Windows-Security-Auditing","log_version":"2","original_time":"2021-12-10T18:30:36.248975100Z","product":{"feature":{"uid":"{54849625-5478-4994-a5ba-3e3b0328c30d}"},"name":"Microsoft Windows","vendor_name":"Microsoft"},"profiles":["host"],"sequence":113410,"uid":"05549fc52c5c9b9ecaa379afd71a852a","version":"1.4.0"},"observables":[{"name":"device","type":"Endpoint","type_id":20},{"name":"device.hostname","type":"Hostname","type_id":1,"value":"SesTestWin2019DC.SesTestDomain.local"},{"name":"actor.process","type":"Process","type_id":25},{"name":"actor.process.file","type":"File","type_id":24},{"name":"actor.process.file.name","type":"File Name","type_id":7,"value":"wininit.exe"},{"name":"actor.process.pid","type":"Process ID","type_id":15,"value":"448"},{"name":"actor.user","type":"User","type_id":21},{"name":"actor.user.account.uid","type":"Account Object: uid","type_id":35,"value":"NT AUTHORITY\\SYSTEM"},{"name":"actor.user.uid","type":"User Object: uid","type_id":31,"value":"NT AUTHORITY\\SYSTEM"},{"name":"process","type":"Process","type_id":25},{"name":"process.file","type":"File","type_id":24},{"name":"process.file.name","type":"File Name","type_id":7,"value":"lsass.exe"},{"name":"process.pid","type":"Process ID","type_id":15,"value":"608"},{"name":"process.user","type":"User","type_id":21},{"name":"process.user.uid","type":"User Object: uid","type_id":31,"value":"NULL SID"}],"process":{"file":{"name":"lsass.exe","parent_folder":"C:\\Windows\\System32","path":"C:\\Windows\\System32\\lsass.exe","type":"Regular File","type_id":1},"pid":608,"session":{"uid":"0x0"},"user":{"uid":"NULL SID"}},"raw_data":"<Event xmlns='http://schemas.microsoft.com/win/2004/08/events/event'>\n   <System>\n      <Provider Name='Microsoft-Windows-Security-Auditing' Guid='{54849625-5478-4994-a5ba-3e3b0328c30d}'/>\n      <EventID>4688</EventID>\n      <Version>2</Version>\n      <Level>0</Level>\n      <Task>13312</Task>\n      <Opcode>0</Opcode>\n      <Keywords>0x8020000000000000</Keywords>\n      <TimeCreated SystemTime='2021-12-10T18:30:36.248975100Z'/>\n      <EventRecordID>113410</EventRecordID>\n      <Correlation/>\n      <Execution ProcessID='4' ThreadID='104'/>\n      <Channel>Security</Channel>\n      <Computer>SesTestWin2019DC.SesTestDomain.local</Computer>\n      <Security/>\n   </System>\n   <EventData>\n      <Data Name='SubjectUserSid'>NT AUTHORITY\\SYSTEM</Data>\n      <Data Name='SubjectUserName'>-</Data>\n      <Data Name='SubjectDomainName'>-</Data>\n      <Data Name='SubjectLogonId'>0x3e7</Data>\n      <Data Name='NewProcessId'>0x260</Data>\n      <Data Name='NewProcessName'>C:\\Windows\\System32\\lsass.exe</Data>\n      <Data Name='TokenElevationType'>%%1936</Data>\n      <Data Name='ProcessId'>0x1c0</Data>\n      <Data Name='CommandLine'></Data>\n      <Data Name='TargetUserSid'>NULL SID</Data>\n      <Data Name='TargetUserName'>-</Data>\n      <Data Name='TargetDomainName'>-</Data>\n      <Data Name='TargetLogonId'>0x0</Data>\n      <Data Name='ParentProcessName'>C:\\Windows\\System32\\wininit.exe</Data>\n      <Data Name='MandatoryLabel'>Mandatory Label\\System Mandatory Level</Data>\n   </EventData>\n</Event>","severity":"Informational","severity_id":1,"status":"Success","status_id":1,"time":1639161036248,"type_name":"Process Activity: Launch","type_uid":100701,"unmapped":{"EventData":{"MandatoryLabel":"Mandatory Label\\System Mandatory Level","TokenElevationType":"%%1936"},"Execution":{"ProcessID":"4","ThreadID":"104"},"Opcode":"0","Task":"13312"}}
{"activity_id":1,"activity_name":"Launch","actor":{"process":{"pid":4256},"session":{"uid":"0x3e7"},"user":{"account":{"name":"SESTESTWIN2012$","type":"Windows Account","type_id":2,"uid":"NT AUTHORITY\\SYSTEM"},"domain":"SESTESTDOMAIN","name":"SESTESTWIN2012$","uid":"NT AUTHORITY\\SYSTEM"}},"category_name":"System Activity","category_uid":1,"class_name":"Process Activity","class_uid":1007,"device":{"hostname":"SesTestWin2012.SesTestDomain.local","os":{"name":"Windows","type":"Windows","type_id":100},"type":"Unknown","type_id":0},"message":"A new process has been created.","metadata":{"event_code":"4688","log_name":"Security","log_provider":"Microsoft-Windows-Security-Auditing","log_version":"2","original_time":"2021-12-10T20:16:07.835452000Z","product":{"feature":{"uid":"{54849625-5478-4994-A5BA-3E3B0328C30D}"},"name":"Microsoft Windows","vendor_name":"Microsoft"},"profiles":["host"],"sequence":127899,"uid":"599feece5320241680c567862b4bd46a","version":"1.4.0"},"observables":[{"name":"device","type":"Endpoint","type_id":20},{"name":"device.hostname","type":"Hostname","type_id":1,"value":"SesTestWin2012.SesTestDomain.local"},{"name":"actor.process","type":"Process","type_id":25},{"name":"actor.process.pid","type":"Process ID","type_id":15,"value":"4256"},{"name":"actor.user","type":"User","type_id":21},{"name":"actor.user.account.uid","type":"Account Object: uid","type_id":35,"value":"NT AUTHORITY\\SYSTEM"},{"name":"actor.user.account.name","type":"Account Object: name","type_id":34,"value":"SESTESTWIN2012$"},{"name":"actor.user.name","type":"User Name","type_id":4,"value":"SESTESTWIN2012$"},{"name":"actor.user.uid","type":"User Object: uid","type_id":31,"value":"NT AUTHORITY\\SYSTEM"},{"name":"process","type":"Process","type_id":25},{"name":"process.cmd_line","type":"Command Line","type_id":13,"value":"cmd.exe"},{"name":"process.file","type":"File","type_id":24},{"name":"process.file.name","type":"File Name","type_id":7,"value":"cmd.exe"},{"name":"process.pid","type":"Process ID","type_id":15,"value":"3156"},{"name":"process.user","type":"User","type_id":21},{"name":"process.user.name","type":"User Name","type_id":4,"value":"sestestuser"},{"name":"process.user.uid","type":"User Object: uid","type_id":31,"value":"NULL SID"}],"process":{"cmd_line":"cmd.exe","file":{"name":"cmd.exe","parent_folder":"C:\\Windows\\System32","path":"C:\\Windows\\System32\\cmd.exe","type":"Regular File","type_id":1},"pid":3156,"session":{"uid":"0x57ddd6"},"user":{"domain":"SESTESTDOMAIN","name":"sestestuser","uid":"NULL SID"}},"raw_data":"<Event xmlns='http://schemas.microsoft.com/win/2004/08/events/event'>\n   <System>\n      <Provider Name='Microsoft-Windows-Security-Auditing' Guid='{54849625-5478-4994-A5BA-3E3B0328C30D}'/>\n      <EventID>4688</EventID>\n      <Version>2</Version>\n      <Level>0</Level>\n      <Task>13312</Task>\n      <Opcode>0</Opcode>\n      <Keywords>0x8020000000000000</Keywords>\n      <TimeCreated SystemTime='2021-12-10T20:16:07.835452000Z'/>\n      <EventRecordID>127899</EventRecordID>\n      <Correlation/>\n      <Execution ProcessID='4' ThreadID='256'/>\n      <Channel>Security</Channel>\n      <Computer>SesTestWin2012.SesTestDomain.local</Computer>\n      <Security/>\n   </System>\n   <EventData>\n      <Data Name='SubjectUserSid'>NT AUTHORITY\\SYSTEM</Data>\n      <Data Name='SubjectUserName'>SESTESTWIN2012$</Data>\n      <Data Name='SubjectDomainName'>SESTESTDOMAIN</Data>\n      <Data Name='SubjectLogonId'>0x3e7</Data>\n      <Data Name='NewProcessId'>0xc54</Data>\n      <Data Name='NewProcessName'>C:\\Windows\\System32\\cmd.exe</Data>\n      <Data Name='TokenElevationType'>%%1936</Data>\n      <Data Name='ProcessId'>0x10a0</Data>\n      <Data Name='CommandLine'>cmd.exe</Data>\n      <Data Name='TargetUserSid'>NULL SID</Data>\n      <Data Name='TargetUserName'>sestestuser</Data>\n      <Data Name='TargetDomainName'>SESTESTDOMAIN</Data>\n      <Data Name='TargetLogonId'>0x57ddd6</Data>\n   </EventData>\n</Event>","severity":"Informational","severity_id":1,"status":"Success","status_id":1,"time":1639167367835,"type_name":"Process Activity: Launch","type_uid":100701,"unmapped":{"EventData":{"TokenElevationType":"%%1936"},"Execution":{"ProcessID":"4","ThreadID":"256"},"Opcode":"0","Task":"13312"}}
{"activity_id":1,"activity_name":"Launch","actor":{"process":{"pid":4360},"session":{"uid":"0x296174"},"user":{"account":{"name":"splunker","type":"Windows Account","type_id":2,"uid":"SESTESTWIN2012\\splunker"},"domain":"SESTESTWIN2012","name":"splunker","uid":"SESTESTWIN2012\\splunker"}},"category_name":"System Activity","category_uid":1,"class_name":"Process Activity","class_uid":1007,"device":{"hostname":"SesTestWin2012.SesTestDomain.local","os":{"name":"Windows","type":"Windows","type_id":100},"type":"Unknown","type_id":0},"message":"A new process has been created.","metadata":{"event_code":"4688","log_name":"Security","log_provider":"Microsoft-Windows-Security-Auditing","log_version":"2","original_time":"2021-12-10T20:04:35.409101900Z","product":{"feature":{"uid":"{54849625-5478-4994-A5BA-3E3B0328C30D}"},"name":"Microsoft Windows","vendor_name":"Microsoft"},"profiles":["host"],"sequence":127601,"uid":"f3aafbefe5a0f425f63eeb398969872d","version":"1.4.0"},"observables":[{"name":"actor.process","type":"Process","type_id":25},{"name":"actor.process.pid","type":"Process ID","type_id":15,"value":"4360"},{"name":"actor.user","type":"User","type_id":21},{"name":"actor.user.account.name","type":"Account Object: name","type_id":34,"value":"splunker"},{"name":"actor.user.account.uid","type":"Account Object: uid","type_id":35,"value":"SESTESTWIN2012\\splunker"},{"name":"actor.user.name","type":"User Name","type_id":4,"value":"splunker"},{"name":"actor.user.uid","type":"User Object: uid","type_id":31,"value":"SESTESTWIN2012\\splunker"},{"name":"device","type":"Endpoint","type_id":20},{"name":"device.hostname","type":"Hostname","type_id":1,"value":"SesTestWin2012.SesTestDomain.local"},{"name":"process","type":"Process","type_id":25},{"name":"process.pid","type":"Process ID","type_id":15,"value":"3728"},{"name":"process.user","type":"User","type_id":21},{"name":"process.user.uid","type":"User Object: uid","type_id":31,"value":"NULL SID"},{"name":"process.cmd_line","type":"Command Line","type_id":13,"value":"runas  /user:sestestdomain.local\\sestestuser cmd.exe"},{"name":"process.file","type":"File","type_id":24},{"name":"process.file.name","type":"File Name","type_id":7,"value":"runas.exe"}],"process":{"cmd_line":"runas  /user:sestestdomain.local\\sestestuser cmd.exe","file":{"name":"runas.exe","parent_folder":"C:\\Windows\\System32","path":"C:\\Windows\\System32\\runas.exe","type":"Regular File","type_id":1},"pid":3728,"session":{"uid":"0x0"},"user":{"uid":"NULL SID"}},"raw_data":"<Event xmlns='http://schemas.microsoft.com/win/2004/08/events/event'>\n   <System>\n      <Provider Name='Microsoft-Windows-Security-Auditing' Guid='{54849625-5478-4994-A5BA-3E3B0328C30D}'/>\n      <EventID>4688</EventID>\n      <Version>2</Version>\n      <Level>0</Level>\n      <Task>13312</Task>\n      <Opcode>0</Opcode>\n      <Keywords>0x8020000000000000</Keywords>\n      <TimeCreated SystemTime='2021-12-10T20:04:35.409101900Z'/>\n      <EventRecordID>127601</EventRecordID>\n      <Correlation/>\n      <Execution ProcessID='4' ThreadID='2212'/>\n      <Channel>Security</Channel>\n      <Computer>SesTestWin2012.SesTestDomain.local</Computer>\n      <Security/>\n   </System>\n   <EventData>\n      <Data Name='SubjectUserSid'>SESTESTWIN2012\\splunker</Data>\n      <Data Name='SubjectUserName'>splunker</Data>\n      <Data Name='SubjectDomainName'>SESTESTWIN2012</Data>\n      <Data Name='SubjectLogonId'>0x296174</Data>\n      <Data Name='NewProcessId'>0xe90</Data>\n      <Data Name='NewProcessName'>C:\\Windows\\System32\\runas.exe</Data>\n      <Data Name='TokenElevationType'>%%1938</Data>\n      <Data Name='ProcessId'>0x1108</Data>\n      <Data Name='CommandLine'>runas  /user:sestestdomain.local\\sestestuser cmd.exe</Data>\n      <Data Name='TargetUserSid'>NULL SID</Data>\n      <Data Name='TargetUserName'>-</Data>\n      <Data Name='TargetDomainName'>-</Data>\n      <Data Name='TargetLogonId'>0x0</Data>\n   </EventData>\n</Event>","severity":"Informational","severity_id":1,"status":"Success","status_id":1,"time":1639166675409,"type_name":"Process Activity: Launch","type_uid":100701,"unmapped":{"EventData":{"TokenElevationType":"%%1938"},"Execution":{"ProcessID":"4","ThreadID":"2212"},"Opcode":"0","Task":"13312"}}
{"activity_id":1,"activity_name":"Launch","actor":{"process":{"pid":1528},"session":{"uid":"0x3e7"},"user":{"account":{"name":"SESTESTWIN2012$","type":"Windows Account","type_id":2,"uid":"NT AUTHORITY\\SYSTEM"},"domain":"SESTESTDOMAIN","name":"SESTESTWIN2012$","uid":"NT AUTHORITY\\SYSTEM"}},"category_name":"System Activity","category_uid":1,"class_name":"Process Activity","class_uid":1007,"device":{"hostname":"SesTestWin2012.SesTestDomain.local","os":{"name":"Windows","type":"Windows","type_id":100},"type":"Unknown","type_id":0},"message":"A new process has been created.","metadata":{"event_code":"4688","log_name":"Security","log_provider":"Microsoft-Windows-Security-Auditing","log_version":"2","original_time":"2021-12-10T20:07:54.153095900Z","product":{"feature":{"uid":"{54849625-5478-4994-A5BA-3E3B0328C30D}"},"name":"Microsoft Windows","vendor_name":"Microsoft"},"profiles":["host"],"sequence":127687,"uid":"8d1da1154e12b9621fb479d00d8b62bc","version":"1.4.0"},"observables":[{"name":"actor.process","type":"Process","type_id":25},{"name":"actor.process.pid","type":"Process ID","type_id":15,"value":"1528"},{"name":"actor.user","type":"User","type_id":21},{"name":"actor.user.name","type":"User Name","type_id":4,"value":"SESTESTWIN2012$"},{"name":"actor.user.uid","type":"User Object: uid","type_id":31,"value":"NT AUTHORITY\\SYSTEM"},{"name":"actor.user.account.uid","type":"Account Object: uid","type_id":35,"value":"NT AUTHORITY\\SYSTEM"},{"name":"actor.user.account.name","type":"Account Object: name","type_id":34,"value":"SESTESTWIN2012$"},{"name":"process","type":"Process","type_id":25},{"name":"process.cmd_line","type":"Command Line","type_id":13,"value":"\"C:\\Program Files\\SplunkUniversalForwarder\\bin\\splunk-powershell.exe\" --ps2"},{"name":"process.file","type":"File","type_id":24},{"name":"process.file.name","type":"File Name","type_id":7,"value":"splunk-powershell.exe"},{"name":"process.pid","type":"Process ID","type_id":15,"value":"4720"},{"name":"process.user","type":"User","type_id":21},{"name":"process.user.uid","type":"User Object: uid","type_id":31,"value":"NULL SID"},{"name":"device","type":"Endpoint","type_id":20},{"name":"device.hostname","type":"Hostname","type_id":1,"value":"SesTestWin2012.SesTestDomain.local"}],"process":{"cmd_line":"\"C:\\Program Files\\SplunkUniversalForwarder\\bin\\splunk-powershell.exe\" --ps2","file":{"name":"splunk-powershell.exe","parent_folder":"C:\\Program Files\\SplunkUniversalForwarder\\bin","path":"C:\\Program Files\\SplunkUniversalForwarder\\bin\\splunk-powershell.exe","type":"Regular File","type_id":1},"pid":4720,"session":{"uid":"0x0"},"user":{"uid":"NULL SID"}},"raw_data":"<Event xmlns='http://schemas.microsoft.com/win/2004/08/events/event'>\n   <System>\n      <Provider Name='Microsoft-Windows-Security-Auditing' Guid='{54849625-5478-4994-A5BA-3E3B0328C30D}'/>\n      <EventID>4688</EventID>\n      <Version>2</Version>\n      <Level>0</Level>\n      <Task>13312</Task>\n      <Opcode>0</Opcode>\n      <Keywords>0x8020000000000000</Keywords>\n      <TimeCreated SystemTime='2021-12-10T20:07:54.153095900Z'/>\n      <EventRecordID>127687</EventRecordID>\n      <Correlation/>\n      <Execution ProcessID='4' ThreadID='128'/>\n      <Channel>Security</Channel>\n      <Computer>SesTestWin2012.SesTestDomain.local</Computer>\n      <Security/>\n   </System>\n   <EventData>\n      <Data Name='SubjectUserSid'>NT AUTHORITY\\SYSTEM</Data>\n      <Data Name='SubjectUserName'>SESTESTWIN2012$</Data>\n      <Data Name='SubjectDomainName'>SESTESTDOMAIN</Data>\n      <Data Name='SubjectLogonId'>0x3e7</Data>\n      <Data Name='NewProcessId'>0x1270</Data>\n      <Data Name='NewProcessName'>C:\\Program Files\\SplunkUniversalForwarder\\bin\\splunk-powershell.exe</Data>\n      <Data Name='TokenElevationType'>%%1936</Data>\n      <Data Name='ProcessId'>0x5f8</Data>\n      <Data Name='CommandLine'>\"C:\\Program Files\\SplunkUniversalForwarder\\bin\\splunk-powershell.exe\" --ps2</Data>\n      <Data Name='TargetUserSid'>NULL SID</Data>\n      <Data Name='TargetUserName'>-</Data>\n      <Data Name='TargetDomainName'>-</Data>\n      <Data Name='TargetLogonId'>0x0</Data>\n   </EventData>\n</Event>","severity":"Informational","severity_id":1,"status":"Success","status_id":1,"time":1639166874153,"type_name":"Process Activity: Launch","type_uid":100701,"unmapped":{"EventData":{"TokenElevationType":"%%1936"},"Execution":{"ProcessID":"4","ThreadID":"128"},"Opcode":"0","Task":"13312"}}
{"activity_id":2,"activity_name":"Terminate","actor":{"process":{"file":{"name":"notepad.exe","parent_folder":"C:\\Windows\\System32","path":"C:\\Windows\\System32\\notepad.exe","type":"Regular File","type_id":1},"pid":4016},"session":{"uid":"0x31365"},"user":{"account":{"name":"dadmin","type":"Windows Account","type_id":2,"uid":"S-1-5-21-3457937927-2839227994-823803824-1104"},"domain":"CONTOSO","name":"dadmin","uid":"S-1-5-21-3457937927-2839227994-823803824-1104"}},"category_name":"System Activity","category_uid":1,"class_name":"Process Activity","class_uid":1007,"device":{"hostname":"DC01.contoso.local","os":{"name":"Windows","type":"Windows","type_id":100},"type":"Unknown","type_id":0},"exit_code":0,"message":"A process has exited.","metadata":{"event_code":"4689","log_name":"Security","log_provider":"Microsoft-Windows-Security-Auditing","log_version":"0","original_time":"2015-08-27T17:13:01.826339500Z","product":{"feature":{"uid":"{54849625-5478-4994-A5BA-3E3B0328C30D}"},"name":"Microsoft Windows","vendor_name":"Microsoft"},"profiles":["host"],"sequence":187030,"uid":"2e47f55bee50861899f26a9710d203f7","version":"1.4.0"},"observables":[{"name":"device","type":"Endpoint","type_id":20},{"name":"device.hostname","type":"Hostname","type_id":1,"value":"DC01.contoso.local"},{"name":"process","type":"Process","type_id":25},{"name":"process.pid","type":"Process ID","type_id":15,"value":"4016"},{"name":"process.file","type":"File","type_id":24},{"name":"process.file.name","type":"File Name","type_id":7,"value":"notepad.exe"},{"name":"actor.process","type":"Process","type_id":25},{"name":"actor.process.file","type":"File","type_id":24},{"name":"actor.process.file.name","type":"File Name","type_id":7,"value":"notepad.exe"},{"name":"actor.process.pid","type":"Process ID","type_id":15,"value":"4016"},{"name":"actor.user","type":"User","type_id":21},{"name":"actor.user.name","type":"User Name","type_id":4,"value":"dadmin"},{"name":"actor.user.uid","type":"User Object: uid","type_id":31,"value":"S-1-5-21-3457937927-2839227994-823803824-1104"},{"name":"actor.user.account.uid","type":"Account Object: uid","type_id":35,"value":"S-1-5-21-3457937927-2839227994-823803824-1104"},{"name":"actor.user.account.name","type":"Account Object: name","type_id":34,"value":"dadmin"}],"process":{"file":{"name":"notepad.exe","parent_folder":"C:\\Windows\\System32","path":"C:\\Windows\\System32\\notepad.exe","type":"Regular File","type_id":1},"pid":4016},"raw_data":"<?xml version=\"1.0\" encoding=\"UTF-8\"?>\n<Event xmlns=\"http://schemas.microsoft.com/win/2004/08/events/event\">\n   <System>\n      <Provider Name=\"Microsoft-Windows-Security-Auditing\" Guid=\"{54849625-5478-4994-A5BA-3E3B0328C30D}\" />\n      <EventID>4689</EventID>\n      <Version>0</Version>\n      <Level>0</Level>\n      <Task>13313</Task>\n      <Opcode>0</Opcode>\n      <Keywords>0x8020000000000000</Keywords>\n      <TimeCreated SystemTime=\"2015-08-27T17:13:01.826339500Z\" />\n      <EventRecordID>187030</EventRecordID>\n      <Correlation />\n      <Execution ProcessID=\"4\" ThreadID=\"144\" />\n      <Channel>Security</Channel>\n      <Computer>DC01.contoso.local</Computer>\n      <Security />\n   </System>\n   <EventData>\n      <Data Name=\"SubjectUserSid\">S-1-5-21-3457937927-2839227994-823803824-1104</Data>\n      <Data Name=\"SubjectUserName\">dadmin</Data>\n      <Data Name=\"SubjectDomainName\">CONTOSO</Data>\n      <Data Name=\"SubjectLogonId\">0x31365</Data>\n      <Data Name=\"Status\">0x0</Data>\n      <Data Name=\"ProcessId\">0xfb0</Data>\n      <Data Name=\"ProcessName\">C:\\Windows\\System32\\notepad.exe</Data>\n   </EventData>\n</Event>\n","severity":"Informational","severity_id":1,"status":"Success","status_id":1,"time":1440695581826,"type_name":"Process Activity: Terminate","type_uid":100702,"unmapped":{"Execution":{"ProcessID":"4","ThreadID":"144"},"Opcode":"0","Task":"13313"}}
{"activity_id":2,"activity_name":"Terminate","actor":{"process":{"file":{"name":"notepad.exe","parent_folder":"C:\\Windows\\System32","path":"C:\\Windows\\System32\\notepad.exe","type":"Regular File","type_id":1},"pid":4016},"session":{"uid":"0x31365"},"user":{"account":{"name":"DC01$","type":"Windows Account","type_id":2,"uid":"NT AUTHORITY\\SYSTEM"},"domain":"CONTOSO","name":"DC01$","uid":"NT AUTHORITY\\SYSTEM"}},"category_name":"System Activity","category_uid":1,"class_name":"Process Activity","class_uid":1007,"device":{"hostname":"DC01.contoso.com","os":{"name":"Windows","type":"Windows","type_id":100},"type":"Unknown","type_id":0},"exit_code":0,"message":"A process has exited.","metadata":{"event_code":"4689","log_name":"Security","log_provider":"Microsoft-Windows-Security-Auditing","log_version":"0","original_time":"2015-08-27T17:13:01.826339500Z","product":{"feature":{"uid":"{54849625-5478-4994-A5BA-3E3B0328C30D}"},"name":"Microsoft Windows","vendor_name":"Microsoft"},"profiles":["host"],"sequence":187030,"uid":"0a06e4ef5195935179b9d2964c839826","version":"1.4.0"},"observables":[{"name":"process","type":"Process","type_id":25},{"name":"process.pid","type":"Process ID","type_id":15,"value":"4016"},{"name":"process.file","type":"File","type_id":24},{"name":"process.file.name","type":"File Name","type_id":7,"value":"notepad.exe"},{"name":"device","type":"Endpoint","type_id":20},{"name":"device.hostname","type":"Hostname","type_id":1,"value":"DC01.contoso.com"},{"name":"actor.process","type":"Process","type_id":25},{"name":"actor.process.pid","type":"Process ID","type_id":15,"value":"4016"},{"name":"actor.process.file","type":"File","type_id":24},{"name":"actor.process.file.name","type":"File Name","type_id":7,"value":"notepad.exe"},{"name":"actor.user","type":"User","type_id":21},{"name":"actor.user.account.uid","type":"Account Object: uid","type_id":35,"value":"NT AUTHORITY\\SYSTEM"},{"name":"actor.user.account.name","type":"Account Object: name","type_id":34,"value":"DC01$"},{"name":"actor.user.name","type":"User Name","type_id":4,"value":"DC01$"},{"name":"actor.user.uid","type":"User Object: uid","type_id":31,"value":"NT AUTHORITY\\SYSTEM"}],"process":{"file":{"name":"notepad.exe","parent_folder":"C:\\Windows\\System32","path":"C:\\Windows\\System32\\notepad.exe","type":"Regular File","type_id":1},"pid":4016},"raw_data":"<?xml version=\"1.0\" encoding=\"UTF-8\"?>\n<Event xmlns=\"http://schemas.microsoft.com/win/2004/08/events/event\">\n   <System>\n      <Provider Name=\"Microsoft-Windows-Security-Auditing\" Guid=\"{54849625-5478-4994-A5BA-3E3B0328C30D}\" />\n      <EventID>4689</EventID>\n      <Version>0</Version>\n      <Level>0</Level>\n      <Task>13313</Task>\n      <Opcode>0</Opcode>\n      <Keywords>0x8020000000000000</Keywords>\n      <TimeCreated SystemTime=\"2015-08-27T17:13:01.826339500Z\" />\n      <EventRecordID>187030</EventRecordID>\n      <Correlation />\n      <Execution ProcessID=\"4\" ThreadID=\"144\" />\n      <Channel>Security</Channel>\n      <Computer>DC01.contoso.com</Computer>\n      <Security />\n   </System>\n   <EventData>\n      <Data Name=\"SubjectUserSid\">NT AUTHORITY\\SYSTEM</Data>\n      <Data Name=\"SubjectUserName\">DC01$</Data>\n      <Data Name=\"SubjectDomainName\">CONTOSO</Data>\n      <Data Name=\"SubjectLogonId\">0x31365</Data>\n      <Data Name=\"Status\">0x0</Data>\n      <Data Name=\"ProcessId\">0xfb0</Data>\n      <Data Name=\"ProcessName\">C:\\Windows\\System32\\notepad.exe</Data>\n   </EventData>\n</Event>\n","severity":"Informational","severity_id":1,"status":"Success","status_id":1,"time":1440695581826,"type_name":"Process Activity: Terminate","type_uid":100702,"unmapped":{"Execution":{"ProcessID":"4","ThreadID":"144"},"Opcode":"0","Task":"13313"}}
{"activity_id":2,"activity_name":"Terminate","actor":{"process":{"file":{"name":"cmd.exe","parent_folder":"C:\\Windows\\System32","path":"C:\\Windows\\System32\\cmd.exe","type":"Regular File","type_id":1},"pid":3992},"session":{"uid":"0x10bc0a7"},"user":{"account":{"name":"splunker","type":"Windows Account","type_id":2,"uid":"SESTESTWIN2012\\splunker"},"domain":"SESTESTWIN2012","name":"splunker","uid":"SESTESTWIN2012\\splunker"}},"category_name":"System Activity","category_uid":1,"class_name":"Process Activity","class_uid":1007,"device":{"hostname":"SesTestWin2012.SesTestDomain.local","os":{"name":"Windows","type":"Windows","type_id":100},"type":"Unknown","type_id":0},"exit_code":0,"message":"A process has exited.","metadata":{"event_code":"4689","log_name":"Security","log_provider":"Microsoft-Windows-Security-Auditing","log_version":"0","original_time":"2021-12-13T18:31:41.001559000Z","product":{"feature":{"uid":"{54849625-5478-4994-A5BA-3E3B0328C30D}"},"name":"Microsoft Windows","vendor_name":"Microsoft"},"profiles":["host"],"sequence":158004,"uid":"7c650794aece97b5363140cb27f069ae","version":"1.4.0"},"observables":[{"name":"process","type":"Process","type_id":25},{"name":"process.pid","type":"Process ID","type_id":15,"value":"3992"},{"name":"process.file","type":"File","type_id":24},{"name":"process.file.name","type":"File Name","type_id":7,"value":"cmd.exe"},{"name":"actor.process","type":"Process","type_id":25},{"name":"actor.process.pid","type":"Process ID","type_id":15,"value":"3992"},{"name":"actor.process.file","type":"File","type_id":24},{"name":"actor.process.file.name","type":"File Name","type_id":7,"value":"cmd.exe"},{"name":"actor.user","type":"User","type_id":21},{"name":"actor.user.account.uid","type":"Account Object: uid","type_id":35,"value":"SESTESTWIN2012\\splunker"},{"name":"actor.user.account.name","type":"Account Object: name","type_id":34,"value":"splunker"},{"name":"actor.user.name","type":"User Name","type_id":4,"value":"splunker"},{"name":"actor.user.uid","type":"User Object: uid","type_id":31,"value":"SESTESTWIN2012\\splunker"},{"name":"device","type":"Endpoint","type_id":20},{"name":"device.hostname","type":"Hostname","type_id":1,"value":"SesTestWin2012.SesTestDomain.local"}],"process":{"file":{"name":"cmd.exe","parent_folder":"C:\\Windows\\System32","path":"C:\\Windows\\System32\\cmd.exe","type":"Regular File","type_id":1},"pid":3992},"raw_data":"<Event xmlns='http://schemas.microsoft.com/win/2004/08/events/event'>\n    <System>\n        <Provider Name='Microsoft-Windows-Security-Auditing' Guid='{54849625-5478-4994-A5BA-3E3B0328C30D}'/>\n        <EventID>4689</EventID>\n        <Version>0</Version>\n        <Level>0</Level>\n        <Task>13313</Task>\n        <Opcode>0</Opcode>\n        <Keywords>0x8020000000000000</Keywords>\n        <TimeCreated SystemTime='2021-12-13T18:31:41.001559000Z'/>\n        <EventRecordID>158004</EventRecordID>\n        <Correlation/>\n        <Execution ProcessID='4' ThreadID='2868'/>\n        <Channel>Security</Channel>\n        <Computer>SesTestWin2012.SesTestDomain.local</Computer>\n        <Security/>\n    </System>\n    <EventData>\n        <Data Name='SubjectUserSid'>SESTESTWIN2012\\splunker</Data>\n        <Data Name='SubjectUserName'>splunker</Data>\n        <Data Name='SubjectDomainName'>SESTESTWIN2012</Data>\n        <Data Name='SubjectLogonId'>0x10bc0a7</Data>\n        <Data Name='Status'>0x0</Data>\n        <Data Name='ProcessId'>0xf98</Data>\n        <Data Name='ProcessName'>C:\\Windows\\System32\\cmd.exe</Data>\n    </EventData>\n</Event>","severity":"Informational","severity_id":1,"status":"Success","status_id":1,"time":1639420301001,"type_name":"Process Activity: Terminate","type_uid":100702,"unmapped":{"Execution":{"ProcessID":"4","ThreadID":"2868"},"Opcode":"0","Task":"13313"}}
{"activity_id":2,"activity_name":"Terminate","actor":{"process":{"file":{"name":"cmd.exe","parent_folder":"C:\\Windows\\System32","path":"C:\\Windows\\System32\\cmd.exe","type":"Regular File","type_id":1},"pid":3256},"session":{"uid":"0x10bc0a7"},"user":{"account":{"name":"splunker","type":"Windows Account","type_id":2,"uid":"SESTESTWIN2012\\splunker"},"domain":"SESTESTWIN2012","name":"splunker","uid":"SESTESTWIN2012\\splunker"}},"category_name":"System Activity","category_uid":1,"class_name":"Process Activity","class_uid":1007,"device":{"hostname":"SesTestWin2012.SesTestDomain.local","os":{"name":"Windows","type":"Windows","type_id":100},"type":"Unknown","type_id":0},"exit_code":3221225786,"message":"A process has exited.","metadata":{"event_code":"4689","log_name":"Security","log_provider":"Microsoft-Windows-Security-Auditing","log_version":"0","original_time":"2021-12-13T18:31:42.690538500Z","product":{"feature":{"uid":"{54849625-5478-4994-A5BA-3E3B0328C30D}"},"name":"Microsoft Windows","vendor_name":"Microsoft"},"profiles":["host"],"sequence":158005,"uid":"819243f2f38a5357112a7219460e0e57","version":"1.4.0"},"observables":[{"name":"actor.process","type":"Process","type_id":25},{"name":"actor.process.pid","type":"Process ID","type_id":15,"value":"3256"},{"name":"actor.process.file","type":"File","type_id":24},{"name":"actor.process.file.name","type":"File Name","type_id":7,"value":"cmd.exe"},{"name":"actor.user","type":"User","type_id":21},{"name":"actor.user.uid","type":"User Object: uid","type_id":31,"value":"SESTESTWIN2012\\splunker"},{"name":"actor.user.account.uid","type":"Account Object: uid","type_id":35,"value":"SESTESTWIN2012\\splunker"},{"name":"actor.user.account.name","type":"Account Object: name","type_id":34,"value":"splunker"},{"name":"actor.user.name","type":"User Name","type_id":4,"value":"splunker"},{"name":"process","type":"Process","type_id":25},{"name":"process.pid","type":"Process ID","type_id":15,"value":"3256"},{"name":"process.file","type":"File","type_id":24},{"name":"process.file.name","type":"File Name","type_id":7,"value":"cmd.exe"},{"name":"device","type":"Endpoint","type_id":20},{"name":"device.hostname","type":"Hostname","type_id":1,"value":"SesTestWin2012.SesTestDomain.local"}],"process":{"file":{"name":"cmd.exe","parent_folder":"C:\\Windows\\System32","path":"C:\\Windows\\System32\\cmd.exe","type":"Regular File","type_id":1},"pid":3256},"raw_data":"<Event xmlns='http://schemas.microsoft.com/win/2004/08/events/event'>\n    <System>\n        <Provider Name='Microsoft-Windows-Security-Auditing' Guid='{54849625-5478-4994-A5BA-3E3B0328C30D}'/>\n        <EventID>4689</EventID>\n        <Version>0</Version>\n        <Level>0</Level>\n        <Task>13313</Task>\n        <Opcode>0</Opcode>\n        <Keywords>0x8020000000000000</Keywords>\n        <TimeCreated SystemTime='2021-12-13T18:31:42.690538500Z'/>\n        <EventRecordID>158005</EventRecordID>\n        <Correlation/>\n        <Execution ProcessID='4' ThreadID='2868'/>\n        <Channel>Security</Channel>\n        <Computer>SesTestWin2012.SesTestDomain.local</Computer>\n        <Security/>\n    </System>\n    <EventData>\n        <Data Name='SubjectUserSid'>SESTESTWIN2012\\splunker</Data>\n        <Data Name='SubjectUserName'>splunker</Data>\n        <Data Name='SubjectDomainName'>SESTESTWIN2012</Data>\n        <Data Name='SubjectLogonId'>0x10bc0a7</Data>\n        <Data Name='Status'>0xc000013a</Data>\n        <Data Name='ProcessId'>0xcb8</Data>\n        <Data Name='ProcessName'>C:\\Windows\\System32\\cmd.exe</Data>\n    </EventData>\n</Event>","severity":"Informational","severity_id":1,"status":"Success","status_id":1,"time":1639420302690,"type_name":"Process Activity: Terminate","type_uid":100702,"unmapped":{"Execution":{"ProcessID":"4","ThreadID":"2868"},"Opcode":"0","Task":"13313"}}
{"activity_id":2,"activity_name":"Terminate","actor":{"process":{"file":{"name":"ctfmon.exe","parent_folder":"C:\\Windows\\System32","path":"C:\\Windows\\System32\\ctfmon.exe","type":"Regular File","type_id":1},"pid":4644},"session":{"uid":"0x1264781"},"user":{"account":{"name":"sestestuser","type":"Windows Account","type_id":2,"uid":"SESTESTDOMAIN\\SesTestUser"},"domain":"SESTESTDOMAIN","name":"sestestuser","uid":"SESTESTDOMAIN\\SesTestUser"}},"category_name":"System Activity","category_uid":1,"class_name":"Process Activity","class_uid":1007,"device":{"hostname":"SesTestWin2012.SesTestDomain.local","os":{"name":"Windows","type":"Windows","type_id":100},"type":"Unknown","type_id":0},"exit_code":1,"message":"A process has exited.","metadata":{"event_code":"4689","log_name":"Security","log_provider":"Microsoft-Windows-Security-Auditing","log_version":"0","original_time":"2021-12-13T18:55:19.362002000Z","product":{"feature":{"uid":"{54849625-5478-4994-A5BA-3E3B0328C30D}"},"name":"Microsoft Windows","vendor_name":"Microsoft"},"profiles":["host"],"sequence":159275,"uid":"024885d2d8240b3ce4358581b53ffd59","version":"1.4.0"},"observables":[{"name":"process","type":"Process","type_id":25},{"name":"process.pid","type":"Process ID","type_id":15,"value":"4644"},{"name":"process.file","type":"File","type_id":24},{"name":"process.file.name","type":"File Name","type_id":7,"value":"ctfmon.exe"},{"name":"device","type":"Endpoint","type_id":20},{"name":"device.hostname","type":"Hostname","type_id":1,"value":"SesTestWin2012.SesTestDomain.local"},{"name":"actor.process","type":"Process","type_id":25},{"name":"actor.process.pid","type":"Process ID","type_id":15,"value":"4644"},{"name":"actor.process.file","type":"File","type_id":24},{"name":"actor.process.file.name","type":"File Name","type_id":7,"value":"ctfmon.exe"},{"name":"actor.user","type":"User","type_id":21},{"name":"actor.user.uid","type":"User Object: uid","type_id":31,"value":"SESTESTDOMAIN\\SesTestUser"},{"name":"actor.user.account.uid","type":"Account Object: uid","type_id":35,"value":"SESTESTDOMAIN\\SesTestUser"},{"name":"actor.user.account.name","type":"Account Object: name","type_id":34,"value":"sestestuser"},{"name":"actor.user.name","type":"User Name","type_id":4,"value":"sestestuser"}],"process":{"file":{"name":"ctfmon.exe","parent_folder":"C:\\Windows\\System32","path":"C:\\Windows\\System32\\ctfmon.exe","type":"Regular File","type_id":1},"pid":4644},"raw_data":"<Event xmlns='http://schemas.microsoft.com/win/2004/08/events/event'>\n    <System>\n        <Provider Name='Microsoft-Windows-Security-Auditing' Guid='{54849625-5478-4994-A5BA-3E3B0328C30D}'/>\n        <EventID>4689</EventID>\n        <Version>0</Version>\n        <Level>0</Level>\n        <Task>13313</Task>\n        <Opcode>0</Opcode>\n        <Keywords>0x8020000000000000</Keywords>\n        <TimeCreated SystemTime='2021-12-13T18:55:19.362002000Z'/>\n        <EventRecordID>159275</EventRecordID>\n        <Correlation/>\n        <Execution ProcessID='4' ThreadID='3292'/>\n        <Channel>Security</Channel>\n        <Computer>SesTestWin2012.SesTestDomain.local</Computer>\n        <Security/>\n    </System>\n    <EventData>\n        <Data Name='SubjectUserSid'>SESTESTDOMAIN\\SesTestUser</Data>\n        <Data Name='SubjectUserName'>sestestuser</Data>\n        <Data Name='SubjectDomainName'>SESTESTDOMAIN</Data>\n        <Data Name='SubjectLogonId'>0x1264781</Data>\n        <Data Name='Status'>0x1</Data>\n        <Data Name='ProcessId'>0x1224</Data>\n        <Data Name='ProcessName'>C:\\Windows\\System32\\ctfmon.exe</Data>\n    </EventData>\n</Event>","severity":"Informational","severity_id":1,"status":"Success","status_id":1,"time":1639421719362,"type_name":"Process Activity: Terminate","type_uid":100702,"unmapped":{"Execution":{"ProcessID":"4","ThreadID":"3292"},"Opcode":"0","Task":"13313"}}
{"activity_id":2,"activity_name":"Terminate","actor":{"process":{"file":{"name":"powershell.exe","parent_folder":"C:\\Windows\\System32\\WindowsPowerShell\\v1.0","path":"C:\\Windows\\System32\\WindowsPowerShell\\v1.0\\powershell.exe","type":"Regular File","type_id":1},"pid":4608},"session":{"uid":"0x1264781"},"user":{"account":{"name":"sestestuser","type":"Windows Account","type_id":2,"uid":"SESTESTDOMAIN\\SesTestUser"},"domain":"SESTESTDOMAIN","name":"sestestuser","uid":"SESTESTDOMAIN\\SesTestUser"}},"category_name":"System Activity","category_uid":1,"class_name":"Process Activity","class_uid":1007,"device":{"hostname":"SesTestWin2012.SesTestDomain.local","os":{"name":"Windows","type":"Windows","type_id":100},"type":"Unknown","type_id":0},"exit_code":0,"message":"A process has exited.","metadata":{"event_code":"4689","log_name":"Security","log_provider":"Microsoft-Windows-Security-Auditing","log_version":"0","original_time":"2021-12-13T18:55:35.211435300Z","product":{"feature":{"uid":"{54849625-5478-4994-A5BA-3E3B0328C30D}"},"name":"Microsoft Windows","vendor_name":"Microsoft"},"profiles":["host"],"sequence":159298,"uid":"940281e7b9e01018fed47bc9a51920e8","version":"1.4.0"},"observables":[{"name":"process","type":"Process","type_id":25},{"name":"process.pid","type":"Process ID","type_id":15,"value":"4608"},{"name":"process.file","type":"File","type_id":24},{"name":"process.file.name","type":"File Name","type_id":7,"value":"powershell.exe"},{"name":"actor.process","type":"Process","type_id":25},{"name":"actor.process.pid","type":"Process ID","type_id":15,"value":"4608"},{"name":"actor.process.file","type":"File","type_id":24},{"name":"actor.process.file.name","type":"File Name","type_id":7,"value":"powershell.exe"},{"name":"actor.user","type":"User","type_id":21},{"name":"actor.user.name","type":"User Name","type_id":4,"value":"sestestuser"},{"name":"actor.user.uid","type":"User Object: uid","type_id":31,"value":"SESTESTDOMAIN\\SesTestUser"},{"name":"actor.user.account.uid","type":"Account Object: uid","type_id":35,"value":"SESTESTDOMAIN\\SesTestUser"},{"name":"actor.user.account.name","type":"Account Object: name","type_id":34,"value":"sestestuser"},{"name":"device","type":"Endpoint","type_id":20},{"name":"device.hostname","type":"Hostname","type_id":1,"value":"SesTestWin2012.SesTestDomain.local"}],"process":{"file":{"name":"powershell.exe","parent_folder":"C:\\Windows\\System32\\WindowsPowerShell\\v1.0","path":"C:\\Windows\\System32\\WindowsPowerShell\\v1.0\\powershell.exe","type":"Regular File","type_id":1},"pid":4608},"raw_data":"<Event xmlns='http://schemas.microsoft.com/win/2004/08/events/event'>\n    <System>\n        <Provider Name='Microsoft-Windows-Security-Auditing' Guid='{54849625-5478-4994-A5BA-3E3B0328C30D}'/>\n        <EventID>4689</EventID>\n        <Version>0</Version>\n        <Level>0</Level>\n        <Task>13313</Task>\n        <Opcode>0</Opcode>\n        <Keywords>0x8020000000000000</Keywords>\n        <TimeCreated SystemTime='2021-12-13T18:55:35.211435300Z'/>\n        <EventRecordID>159298</EventRecordID>\n        <Correlation/>\n        <Execution ProcessID='4' ThreadID='2980'/>\n        <Channel>Security</Channel>\n        <Computer>SesTestWin2012.SesTestDomain.local</Computer>\n        <Security/>\n    </System>\n    <EventData>\n        <Data Name='SubjectUserSid'>SESTESTDOMAIN\\SesTestUser</Data>\n        <Data Name='SubjectUserName'>sestestuser</Data>\n        <Data Name='SubjectDomainName'>SESTESTDOMAIN</Data>\n        <Data Name='SubjectLogonId'>0x1264781</Data>\n        <Data Name='Status'>0x0</Data>\n        <Data Name='ProcessId'>0x1200</Data>\n        <Data Name='ProcessName'>C:\\Windows\\System32\\WindowsPowerShell\\v1.0\\powershell.exe</Data>\n    </EventData>\n</Event>","severity":"Informational","severity_id":1,"status":"Success","status_id":1,"time":1639421735211,"type_name":"Process Activity: Terminate","type_uid":100702,"unmapped":{"Execution":{"ProcessID":"4","ThreadID":"2980"},"Opcode":"0","Task":"13313"}}
{"activity_id":2,"activity_name":"Terminate","actor":{"process":{"file":{"name":"whoami.exe","parent_folder":"C:\\Windows\\System32","path":"C:\\Windows\\System32\\whoami.exe","type":"Regular File","type_id":1},"pid":4572},"session":{"uid":"0x1264781"},"user":{"account":{"name":"sestestuser","type":"Windows Account","type_id":2,"uid":"SESTESTDOMAIN\\SesTestUser"},"domain":"SESTESTDOMAIN","name":"sestestuser","uid":"SESTESTDOMAIN\\SesTestUser"}},"category_name":"System Activity","category_uid":1,"class_name":"Process Activity","class_uid":1007,"device":{"hostname":"SesTestWin2012.SesTestDomain.local","os":{"name":"Windows","type":"Windows","type_id":100},"type":"Unknown","type_id":0},"exit_code":0,"message":"A process has exited.","metadata":{"event_code":"4689","log_name":"Security","log_provider":"Microsoft-Windows-Security-Auditing","log_version":"0","original_time":"2021-12-13T18:55:26.719237200Z","product":{"feature":{"uid":"{54849625-5478-4994-A5BA-3E3B0328C30D}"},"name":"Microsoft Windows","vendor_name":"Microsoft"},"profiles":["host"],"sequence":159297,"uid":"009a55c93e3f2d2d57569159e7179ed2","version":"1.4.0"},"observables":[{"name":"device","type":"Endpoint","type_id":20},{"name":"device.hostname","type":"Hostname","type_id":1,"value":"SesTestWin2012.SesTestDomain.local"},{"name":"process","type":"Process","type_id":25},{"name":"process.pid","type":"Process ID","type_id":15,"value":"4572"},{"name":"process.file","type":"File","type_id":24},{"name":"process.file.name","type":"File Name","type_id":7,"value":"whoami.exe"},{"name":"actor.process","type":"Process","type_id":25},{"name":"actor.process.pid","type":"Process ID","type_id":15,"value":"4572"},{"name":"actor.process.file","type":"File","type_id":24},{"name":"actor.process.file.name","type":"File Name","type_id":7,"value":"whoami.exe"},{"name":"actor.user","type":"User","type_id":21},{"name":"actor.user.name","type":"User Name","type_id":4,"value":"sestestuser"},{"name":"actor.user.uid","type":"User Object: uid","type_id":31,"value":"SESTESTDOMAIN\\SesTestUser"},{"name":"actor.user.account.uid","type":"Account Object: uid","type_id":35,"value":"SESTESTDOMAIN\\SesTestUser"},{"name":"actor.user.account.name","type":"Account Object: name","type_id":34,"value":"sestestuser"}],"process":{"file":{"name":"whoami.exe","parent_folder":"C:\\Windows\\System32","path":"C:\\Windows\\System32\\whoami.exe","type":"Regular File","type_id":1},"pid":4572},"raw_data":"<Event xmlns='http://schemas.microsoft.com/win/2004/08/events/event'>\n    <System>\n        <Provider Name='Microsoft-Windows-Security-Auditing' Guid='{54849625-5478-4994-A5BA-3E3B0328C30D}'/>\n        <EventID>4689</EventID>\n        <Version>0</Version>\n        <Level>0</Level>\n        <Task>13313</Task>\n        <Opcode>0</Opcode>\n        <Keywords>0x8020000000000000</Keywords>\n        <TimeCreated SystemTime='2021-12-13T18:55:26.719237200Z'/>\n        <EventRecordID>159297</EventRecordID>\n        <Correlation/>\n        <Execution ProcessID='4' ThreadID='2776'/>\n        <Channel>Security</Channel>\n        <Computer>SesTestWin2012.SesTestDomain.local</Computer>\n        <Security/>\n    </System>\n    <EventData>\n        <Data Name='SubjectUserSid'>SESTESTDOMAIN\\SesTestUser</Data>\n        <Data Name='SubjectUserName'>sestestuser</Data>\n        <Data Name='SubjectDomainName'>SESTESTDOMAIN</Data>\n        <Data Name='SubjectLogonId'>0x1264781</Data>\n        <Data Name='Status'>0x0</Data>\n        <Data Name='ProcessId'>0x11dc</Data>\n        <Data Name='ProcessName'>C:\\Windows\\System32\\whoami.exe</Data>\n    </EventData>\n</Event>","severity":"Informational","severity_id":1,"status":"Success","status_id":1,"time":1639421726719,"type_name":"Process Activity: Terminate","type_uid":100702,"unmapped":{"Execution":{"ProcessID":"4","ThreadID":"2776"},"Opcode":"0","Task":"13313"}}
{"activity_id":2,"activity_name":"Terminate","actor":{"process":{"file":{"name":"eventvwr.exe","parent_folder":"C:\\Windows\\System32","path":"C:\\Windows\\System32\\eventvwr.exe","type":"Regular File","type_id":1},"pid":1960},"session":{"uid":"0x10bc0a7"},"user":{"account":{"name":"splunker","type":"Windows Account","type_id":2,"uid":"SESTESTWIN2012\\splunker"},"domain":"SESTESTWIN2012","name":"splunker","uid":"SESTESTWIN2012\\splunker"}},"category_name":"System Activity","category_uid":1,"class_name":"Process Activity","class_uid":1007,"device":{"hostname":"SesTestWin2012.SesTestDomain.local","os":{"name":"Windows","type":"Windows","type_id":100},"type":"Unknown","type_id":0},"exit_code":3221226540,"message":"A process has exited.","metadata":{"event_code":"4689","log_name":"Security","log_provider":"Microsoft-Windows-Security-Auditing","log_version":"0","original_time":"2021-12-13T18:41:44.184355900Z","product":{"feature":{"uid":"{54849625-5478-4994-A5BA-3E3B0328C30D}"},"name":"Microsoft Windows","vendor_name":"Microsoft"},"profiles":["host"],"sequence":158533,"uid":"26b23e3be1a011b9d743e053528b1790","version":"1.4.0"},"observables":[{"name":"device","type":"Endpoint","type_id":20},{"name":"device.hostname","type":"Hostname","type_id":1,"value":"SesTestWin2012.SesTestDomain.local"},{"name":"process","type":"Process","type_id":25},{"name":"process.pid","type":"Process ID","type_id":15,"value":"1960"},{"name":"process.file","type":"File","type_id":24},{"name":"process.file.name","type":"File Name","type_id":7,"value":"eventvwr.exe"},{"name":"actor.process","type":"Process","type_id":25},{"name":"actor.process.file","type":"File","type_id":24},{"name":"actor.process.file.name","type":"File Name","type_id":7,"value":"eventvwr.exe"},{"name":"actor.process.pid","type":"Process ID","type_id":15,"value":"1960"},{"name":"actor.user","type":"User","type_id":21},{"name":"actor.user.account.uid","type":"Account Object: uid","type_id":35,"value":"SESTESTWIN2012\\splunker"},{"name":"actor.user.account.name","type":"Account Object: name","type_id":34,"value":"splunker"},{"name":"actor.user.name","type":"User Name","type_id":4,"value":"splunker"},{"name":"actor.user.uid","type":"User Object: uid","type_id":31,"value":"SESTESTWIN2012\\splunker"}],"process":{"file":{"name":"eventvwr.exe","parent_folder":"C:\\Windows\\System32","path":"C:\\Windows\\System32\\eventvwr.exe","type":"Regular File","type_id":1},"pid":1960},"raw_data":"<Event xmlns='http://schemas.microsoft.com/win/2004/08/events/event'>\n    <System>\n        <Provider Name='Microsoft-Windows-Security-Auditing' Guid='{54849625-5478-4994-A5BA-3E3B0328C30D}'/>\n        <EventID>4689</EventID>\n        <Version>0</Version>\n        <Level>0</Level>\n        <Task>13313</Task>\n        <Opcode>0</Opcode>\n        <Keywords>0x8020000000000000</Keywords>\n        <TimeCreated SystemTime='2021-12-13T18:41:44.184355900Z'/>\n        <EventRecordID>158533</EventRecordID>\n        <Correlation/>\n        <Execution ProcessID='4' ThreadID='1596'/>\n        <Channel>Security</Channel>\n        <Computer>SesTestWin2012.SesTestDomain.local</Computer>\n        <Security/>\n    </System>\n    <EventData>\n        <Data Name='SubjectUserSid'>SESTESTWIN2012\\splunker</Data>\n        <Data Name='SubjectUserName'>splunker</Data>\n        <Data Name='SubjectDomainName'>SESTESTWIN2012</Data>\n        <Data Name='SubjectLogonId'>0x10bc0a7</Data>\n        <Data Name='Status'>0xc000042c</Data>\n        <Data Name='ProcessId'>0x7a8</Data>\n        <Data Name='ProcessName'>C:\\Windows\\System32\\eventvwr.exe</Data>\n    </EventData>\n</Event>","severity":"Informational","severity_id":1,"status":"Success","status_id":1,"time":1639420904184,"type_name":"Process Activity: Terminate","type_uid":100702,"unmapped":{"Execution":{"ProcessID":"4","ThreadID":"1596"},"Opcode":"0","Task":"13313"}}
