{"activity_id":99,"activity_name":"Account Name Change","actor":{"session":{"uid":"0x219ba5"},"user":{"account":{"name":"administrator","type":"Windows Account","type_id":2,"uid":"TAF\\Administrator"},"domain":"TAF","name":"administrator","uid":"TAF\\Administrator"}},"category_name":"Identity & Access Management","category_uid":3,"class_name":"Account Change","class_uid":3001,"device":{"hostname":"WIN-9A3SFCUS26U.taf.local","os":{"name":"Windows","type":"Windows","type_id":100},"type":"Unknown","type_id":0},"metadata":{"event_code":"4781","log_name":"Security","log_provider":"Microsoft-Windows-Security-Auditing","log_version":"0","original_time":"2021-12-27T18:37:55.1220779Z","product":{"feature":{"uid":"{54849625-5478-4994-a5ba-3e3b0328c30d}"},"name":"Microsoft Windows","vendor_name":"Microsoft"},"profiles":["host"],"sequence":4290534,"uid":"5908dc7cb8aa9bb03650a78ab87a26a0","version":"1.4.0"},"observables":[{"name":"device","type":"Endpoint","type_id":20},{"name":"device.hostname","type":"Hostname","type_id":1,"value":"WIN-9A3SFCUS26U.taf.local"},{"name":"user_result","type":"User","type_id":21},{"name":"user_result.name","type":"User Name","type_id":4,"value":"dsurti_user2"},{"name":"actor.user","type":"User","type_id":21},{"name":"actor.user.account.uid","type":"Account Object: uid","type_id":35,"value":"TAF\\Administrator"},{"name":"actor.user.account.name","type":"Account Object: name","type_id":34,"value":"administrator"},{"name":"actor.user.name","type":"User Name","type_id":4,"value":"administrator"},{"name":"actor.user.uid","type":"User Object: uid","type_id":31,"value":"TAF\\Administrator"},{"name":"user","type":"User","type_id":21},{"name":"user.account.uid","type":"Account Object: uid","type_id":35,"value":"TAF\\user2"},{"name":"user.account.name","type":"Account Object: name","type_id":34,"value":"user2"},{"name":"user.name","type":"User Name","type_id":4,"value":"user2"},{"name":"user.uid","type":"User Object: uid","type_id":31,"value":"TAF\\user2"}],"raw_data":"<?xml version=\"1.0\" ?>\n<Event xmlns=\"http://schemas.microsoft.com/win/2004/08/events/event\">\n   <System>\n      <Provider Name=\"Microsoft-Windows-Security-Auditing\" Guid=\"{54849625-5478-4994-a5ba-3e3b0328c30d}\"/>\n      <EventID>4781</EventID>\n      <Version>0</Version>\n      <Level>0</Level>\n      <Task>13824</Task>\n      <Opcode>0</Opcode>\n      <Keywords>0x8020000000000000</Keywords>\n      <TimeCreated SystemTime=\"2021-12-27T18:37:55.1220779Z\"/>\n      <EventRecordID>4290534</EventRecordID>\n      <Correlation/>\n      <Execution ProcessID=\"704\" ThreadID=\"4984\"/>\n      <Channel>Security</Channel>\n      <Computer>WIN-9A3SFCUS26U.taf.local</Computer>\n      <Security/>\n   </System>\n   <EventData>\n      <Data Name=\"OldTargetUserName\">user2</Data>\n      <Data Name=\"NewTargetUserName\">dsurti_user2</Data>\n      <Data Name=\"TargetDomainName\">TAF</Data>\n      <Data Name=\"TargetSid\">TAF\\user2</Data>\n      <Data Name=\"SubjectUserSid\">TAF\\Administrator</Data>\n      <Data Name=\"SubjectUserName\">administrator</Data>\n      <Data Name=\"SubjectDomainName\">TAF</Data>\n      <Data Name=\"SubjectLogonId\">0x219ba5</Data>\n      <Data Name=\"PrivilegeList\">-</Data>\n   </EventData>\n</Event>","severity":"Informational","severity_id":1,"status":"Success","status_id":1,"time":1640630275122,"type_name":"Account Change: Other","type_uid":300199,"unmapped":{"Execution":{"ProcessID":"704","ThreadID":"4984"},"Opcode":"0","Task":"13824"},"user":{"account":{"name":"user2","type":"Windows Account","type_id":2,"uid":"TAF\\user2"},"domain":"TAF","name":"user2","uid":"TAF\\user2"},"user_result":{"name":"dsurti_user2"}}
{"access_list":["%%4416"],"access_mask":1,"action":"Allowed","action_id":1,"activity_id":17,"activity_name":"Access Check","actor":{"session":{"uid":"0x541f35"},"user":{"account":{"name":"dadmin","type":"Windows Account","type_id":2,"uid":"S-1-5-21-3457937927-2839227994-823803824-1104"},"domain":"CONTOSO","name":"dadmin","uid":"S-1-5-21-3457937927-2839227994-823803824-1104"}},"category_name":"Application Activity","category_uid":6,"class_name":"File Hosting Activity","class_uid":6006,"device":{"hostname":"DC01.contoso.local","os":{"name":"Windows","type":"Windows","type_id":100},"type":"Unknown","type_id":0},"disposition":"Allowed","disposition_id":1,"file":{"name":"Documents","parent_folder":"\\\\??\\\\C:\\","path":"\\\\??\\\\C:\\\\Documents","type":"Regular File","type_id":1},"metadata":{"event_code":"5140","log_name":"Security","log_provider":"Microsoft-Windows-Security-Auditing","log_version":"1","original_time":"2015-09-18T02:45:13.581231400Z","product":{"feature":{"uid":"{54849625-5478-4994-A5BA-3E3B0328C30D}"},"name":"Microsoft Windows","vendor_name":"Microsoft"},"profiles":["security_control","host"],"sequence":268495,"uid":"8ce877fc98bab617d06f7406c0709e6f","version":"1.4.0"},"observables":[{"name":"file","type":"File","type_id":24},{"name":"file.name","type":"File Name","type_id":7,"value":"Documents"},{"name":"device","type":"Endpoint","type_id":20},{"name":"device.hostname","type":"Hostname","type_id":1,"value":"DC01.contoso.local"},{"name":"src_endpoint","type":"Endpoint","type_id":20},{"name":"src_endpoint.ip","type":"IP Address","type_id":2,"value":"10.0.0.100"},{"name":"src_endpoint.port","type":"Port","type_id":11,"value":"49212"},{"name":"actor.user","type":"User","type_id":21},{"name":"actor.user.account.uid","type":"Account Object: uid","type_id":35,"value":"S-1-5-21-3457937927-2839227994-823803824-1104"},{"name":"actor.user.account.name","type":"Account Object: name","type_id":34,"value":"dadmin"},{"name":"actor.user.name","type":"User Name","type_id":4,"value":"dadmin"},{"name":"actor.user.uid","type":"User Object: uid","type_id":31,"value":"S-1-5-21-3457937927-2839227994-823803824-1104"}],"raw_data":"<Event xmlns=\"http://schemas.microsoft.com/win/2004/08/events/event\">\n<System>\n <Provider Name=\"Microsoft-Windows-Security-Auditing\" Guid=\"{54849625-5478-4994-A5BA-3E3B0328C30D}\" />\n <EventID>5140</EventID>\n <Version>1</Version>\n <Level>0</Level>\n <Task>12808</Task>\n <Opcode>0</Opcode>\n <Keywords>0x8020000000000000</Keywords>\n <TimeCreated SystemTime=\"2015-09-18T02:45:13.581231400Z\" />\n <EventRecordID>268495</EventRecordID>\n <Correlation />\n <Execution ProcessID=\"4\" ThreadID=\"772\" />\n <Channel>Security</Channel>\n <Computer>DC01.contoso.local</Computer>\n <Security />\n </System>\n<EventData>\n <Data Name=\"SubjectUserSid\">S-1-5-21-3457937927-2839227994-823803824-1104</Data>\n <Data Name=\"SubjectUserName\">dadmin</Data>\n <Data Name=\"SubjectDomainName\">CONTOSO</Data>\n <Data Name=\"SubjectLogonId\">0x541f35</Data>\n <Data Name=\"ObjectType\">File</Data>\n <Data Name=\"IpAddress\">10.0.0.100</Data>\n <Data Name=\"IpPort\">49212</Data>\n <Data Name=\"ShareName\">\\\\\\\\\\*\\\\Documents</Data>\n <Data Name=\"ShareLocalPath\">\\\\??\\\\C:\\\\Documents</Data>\n <Data Name=\"AccessMask\">0x1</Data>\n <Data Name=\"AccessList\">%%4416</Data>\n </EventData>\n </Event>","severity":"Informational","severity_id":1,"src_endpoint":{"ip":"10.0.0.100","port":49212},"status":"Success","status_id":1,"time":1442544313581,"type_name":"File Hosting Activity: Access Check","type_uid":600617,"unmapped":{"EventData":{"ShareName":"\\\\\\\\\\*\\\\Documents"},"Execution":{"ProcessID":"4","ThreadID":"772"},"Opcode":"0","Task":"12808"}}
{"access_list":["%%4416"],"access_mask":1,"action":"Allowed","action_id":1,"activity_id":17,"activity_name":"Access Check","actor":{"session":{"uid":"0x541f35"},"user":{"account":{"name":"dadmin$","type":"Windows Account","type_id":2,"uid":"S-1-5-21-3457937927-2839227994-823803824-1104"},"domain":"CONTOSO","name":"dadmin$","uid":"S-1-5-21-3457937927-2839227994-823803824-1104"}},"category_name":"Application Activity","category_uid":6,"class_name":"File Hosting Activity","class_uid":6006,"device":{"hostname":"DC01.contoso.local","os":{"name":"Windows","type":"Windows","type_id":100},"type":"Unknown","type_id":0},"disposition":"Allowed","disposition_id":1,"file":{"name":"Documents","parent_folder":"\\\\??\\\\C:\\","path":"\\\\??\\\\C:\\\\Documents","type":"Regular File","type_id":1},"metadata":{"event_code":"5140","log_name":"Security","log_provider":"Microsoft-Windows-Security-Auditing","log_version":"1","original_time":"2015-09-18T02:45:13.581231400Z","product":{"feature":{"uid":"{54849625-5478-4994-A5BA-3E3B0328C30D}"},"name":"Microsoft Windows","vendor_name":"Microsoft"},"profiles":["security_control","host"],"sequence":268495,"uid":"53388782a4d3469ab65648093a621d2f","version":"1.4.0"},"observables":[{"name":"file","type":"File","type_id":24},{"name":"file.name","type":"File Name","type_id":7,"value":"Documents"},{"name":"actor.user","type":"User","type_id":21},{"name":"actor.user.account.uid","type":"Account Object: uid","type_id":35,"value":"S-1-5-21-3457937927-2839227994-823803824-1104"},{"name":"actor.user.account.name","type":"Account Object: name","type_id":34,"value":"dadmin$"},{"name":"actor.user.name","type":"User Name","type_id":4,"value":"dadmin$"},{"name":"actor.user.uid","type":"User Object: uid","type_id":31,"value":"S-1-5-21-3457937927-2839227994-823803824-1104"},{"name":"device","type":"Endpoint","type_id":20},{"name":"device.hostname","type":"Hostname","type_id":1,"value":"DC01.contoso.local"},{"name":"src_endpoint","type":"Endpoint","type_id":20},{"name":"src_endpoint.ip","type":"IP Address","type_id":2,"value":"10.0.0.100"},{"name":"src_endpoint.port","type":"Port","type_id":11,"value":"49212"}],"raw_data":"<Event xmlns=\"http://schemas.microsoft.com/win/2004/08/events/event\">\n<System>\n <Provider Name=\"Microsoft-Windows-Security-Auditing\" Guid=\"{54849625-5478-4994-A5BA-3E3B0328C30D}\" />\n <EventID>5140</EventID>\n <Version>1</Version>\n <Level>0</Level>\n <Task>12808</Task>\n <Opcode>0</Opcode>\n <Keywords>0x8020000000000000</Keywords>\n <TimeCreated SystemTime=\"2015-09-18T02:45:13.581231400Z\" />\n <EventRecordID>268495</EventRecordID>\n <Correlation />\n <Execution ProcessID=\"4\" ThreadID=\"772\" />\n <Channel>Security</Channel>\n <Computer>DC01.contoso.local</Computer>\n <Security />\n </System>\n<EventData>\n <Data Name=\"SubjectUserSid\">S-1-5-21-3457937927-2839227994-823803824-1104</Data>\n <Data Name=\"SubjectUserName\">dadmin$</Data>\n <Data Name=\"SubjectDomainName\">CONTOSO</Data>\n <Data Name=\"SubjectLogonId\">0x541f35</Data>\n <Data Name=\"ObjectType\">File</Data>\n <Data Name=\"IpAddress\">10.0.0.100</Data>\n <Data Name=\"IpPort\">49212</Data>\n <Data Name=\"ShareName\">\\\\\\\\\\*\\\\Documents</Data>\n <Data Name=\"ShareLocalPath\">\\\\??\\\\C:\\\\Documents</Data>\n <Data Name=\"AccessMask\">0x1</Data>\n <Data Name=\"AccessList\">%%4416</Data>\n </EventData>\n </Event>","severity":"Informational","severity_id":1,"src_endpoint":{"ip":"10.0.0.100","port":49212},"status":"Success","status_id":1,"time":1442544313581,"type_name":"File Hosting Activity: Access Check","type_uid":600617,"unmapped":{"EventData":{"ShareName":"\\\\\\\\\\*\\\\Documents"},"Execution":{"ProcessID":"4","ThreadID":"772"},"Opcode":"0","Task":"12808"}}
{"access_list":["%%4416"],"access_mask":1,"action":"Allowed","action_id":1,"activity_id":17,"activity_name":"Access Check","actor":{"session":{"uid":"0x541f35"},"user":{"account":{"name":"dadmin","type":"Windows Account","type_id":2,"uid":"S-1-5-21-3457937927-2839227994-823803824-1104"},"domain":"CONTOSO","name":"dadmin","uid":"S-1-5-21-3457937927-2839227994-823803824-1104"}},"category_name":"Application Activity","category_uid":6,"class_name":"File Hosting Activity","class_uid":6006,"device":{"hostname":"DC01.contoso.local","os":{"name":"Windows","type":"Windows","type_id":100},"type":"Unknown","type_id":0},"disposition":"Allowed","disposition_id":1,"file":{"name":"Documents","parent_folder":"\\\\??\\\\C:\\","path":"\\\\??\\\\C:\\\\Documents","type":"Regular File","type_id":1},"metadata":{"event_code":"5140","log_name":"Security","log_provider":"Microsoft-Windows-Security-Auditing","log_version":"1","original_time":"2015-09-18T02:45:13.581231400Z","product":{"feature":{"uid":"{54849625-5478-4994-A5BA-3E3B0328C30D}"},"name":"Microsoft Windows","vendor_name":"Microsoft"},"profiles":["security_control","host"],"sequence":268495,"uid":"fa13fdfe05883b91a3aba8529e250b23","version":"1.4.0"},"observables":[{"name":"actor.user","type":"User","type_id":21},{"name":"actor.user.account.uid","type":"Account Object: uid","type_id":35,"value":"S-1-5-21-3457937927-2839227994-823803824-1104"},{"name":"actor.user.account.name","type":"Account Object: name","type_id":34,"value":"dadmin"},{"name":"actor.user.name","type":"User Name","type_id":4,"value":"dadmin"},{"name":"actor.user.uid","type":"User Object: uid","type_id":31,"value":"S-1-5-21-3457937927-2839227994-823803824-1104"},{"name":"file","type":"File","type_id":24},{"name":"file.name","type":"File Name","type_id":7,"value":"Documents"},{"name":"src_endpoint","type":"Endpoint","type_id":20},{"name":"src_endpoint.port","type":"Port","type_id":11,"value":"49212"},{"name":"src_endpoint.ip","type":"IP Address","type_id":2,"value":"10.0.0.100"},{"name":"device","type":"Endpoint","type_id":20},{"name":"device.hostname","type":"Hostname","type_id":1,"value":"DC01.contoso.local"}],"raw_data":"<Event xmlns=\"http://schemas.microsoft.com/win/2004/08/events/event\">\n  <System>\n    <Provider Name=\"Microsoft-Windows-Security-Auditing\" Guid=\"{54849625-5478-4994-A5BA-3E3B0328C30D}\" />\n    <EventID>5140</EventID>\n    <Version>1</Version>\n    <Level>0</Level>\n    <Task>12808</Task>\n    <Opcode>0</Opcode>\n    <Keywords>0x8020000000000000</Keywords>\n    <TimeCreated SystemTime=\"2015-09-18T02:45:13.581231400Z\" />\n    <EventRecordID>268495</EventRecordID>\n    <Correlation />\n    <Execution ProcessID=\"4\" ThreadID=\"772\" />\n    <Channel>Security</Channel>\n    <Computer>DC01.contoso.local</Computer>\n    <Security />\n  </System>\n-  <EventData>\n    <Data Name=\"SubjectUserSid\">S-1-5-21-3457937927-2839227994-823803824-1104</Data>\n    <Data Name=\"SubjectUserName\">dadmin</Data>\n    <Data Name=\"SubjectDomainName\">CONTOSO</Data>\n    <Data Name=\"SubjectLogonId\">0x541f35</Data>\n    <Data Name=\"ObjectType\">File</Data>\n    <Data Name=\"IpAddress\">10.0.0.100</Data>\n    <Data Name=\"IpPort\">49212</Data>\n    <Data Name=\"ShareName\">\\\\\\\\\\*\\\\Documents</Data>\n    <Data Name=\"ShareLocalPath\">\\\\??\\\\C:\\\\Documents</Data>\n    <Data Name=\"AccessMask\">0x1</Data>\n    <Data Name=\"AccessList\">%%4416</Data>\n  </EventData>\n</Event>","severity":"Informational","severity_id":1,"src_endpoint":{"ip":"10.0.0.100","port":49212},"status":"Success","status_id":1,"time":1442544313581,"type_name":"File Hosting Activity: Access Check","type_uid":600617,"unmapped":{"EventData":{"ShareName":"\\\\\\\\\\*\\\\Documents"},"Execution":{"ProcessID":"4","ThreadID":"772"},"Opcode":"0","Task":"12808"}}
{"access_list":["%%1541","%%4416","%%4423"],"access_mask":1048705,"access_result":"%%1541: %%1801 D:(A;;FA;;;WD) %%4416: %%1801 D:(A;;FA;;;WD) %%4423: %%1801 D:(A;;FA;;;WD)","action":"Allowed","action_id":1,"activity_id":17,"activity_name":"Access Check","actor":{"session":{"uid":"0x38d34"},"user":{"account":{"name":"dadmin","type":"Windows Account","type_id":2,"uid":"S-1-5-21-3457937927-2839227994-823803824-1104"},"domain":"CONTOSO","name":"dadmin","uid":"S-1-5-21-3457937927-2839227994-823803824-1104"}},"category_name":"Application Activity","category_uid":6,"class_name":"File Hosting Activity","class_uid":6006,"device":{"hostname":"DC01.contoso.local","os":{"name":"Windows","type":"Windows","type_id":100},"type":"Unknown","type_id":0},"disposition":"Allowed","disposition_id":1,"file":{"name":"Bginfo.exe","parent_folder":"\\\\??\\\\C:\\\\Documents","path":"\\\\??\\\\C:\\\\Documents\\Bginfo.exe","type":"Regular File","type_id":1},"metadata":{"event_code":"5145","log_name":"Security","log_provider":"Microsoft-Windows-Security-Auditing","log_version":"0","original_time":"2015-09-17T23:54:48.941761700Z","product":{"feature":{"uid":"{54849625-5478-4994-A5BA-3E3B0328C30D}"},"name":"Microsoft Windows","vendor_name":"Microsoft"},"profiles":["security_control","host"],"sequence":267092,"uid":"57ca67c4e2a69d439806d9e36a9a3a25","version":"1.4.0"},"observables":[{"name":"device","type":"Endpoint","type_id":20},{"name":"device.hostname","type":"Hostname","type_id":1,"value":"DC01.contoso.local"},{"name":"src_endpoint","type":"Endpoint","type_id":20},{"name":"src_endpoint.ip","type":"IP Address","type_id":2,"value":"fe80::31ea:6c3c:f40d:1973"},{"name":"src_endpoint.port","type":"Port","type_id":11,"value":"56926"},{"name":"actor.user","type":"User","type_id":21},{"name":"actor.user.uid","type":"User Object: uid","type_id":31,"value":"S-1-5-21-3457937927-2839227994-823803824-1104"},{"name":"actor.user.account.uid","type":"Account Object: uid","type_id":35,"value":"S-1-5-21-3457937927-2839227994-823803824-1104"},{"name":"actor.user.account.name","type":"Account Object: name","type_id":34,"value":"dadmin"},{"name":"actor.user.name","type":"User Name","type_id":4,"value":"dadmin"},{"name":"file","type":"File","type_id":24},{"name":"file.name","type":"File Name","type_id":7,"value":"Bginfo.exe"}],"raw_data":"<Event xmlns=\"http://schemas.microsoft.com/win/2004/08/events/event\">\n   <System>\n      <Provider Name=\"Microsoft-Windows-Security-Auditing\" Guid=\"{54849625-5478-4994-A5BA-3E3B0328C30D}\" />\n      <EventID>5145</EventID>\n      <Version>0</Version>\n      <Level>0</Level>\n      <Task>12811</Task>\n      <Opcode>0</Opcode>\n      <Keywords>0x8020000000000000</Keywords>\n      <TimeCreated SystemTime=\"2015-09-17T23:54:48.941761700Z\" />\n      <EventRecordID>267092</EventRecordID>\n      <Correlation />\n      <Execution ProcessID=\"516\" ThreadID=\"524\" />\n      <Channel>Security</Channel>\n      <Computer>DC01.contoso.local</Computer>\n      <Security />\n   </System>\n   -\n   <EventData>\n      <Data Name=\"SubjectUserSid\">S-1-5-21-3457937927-2839227994-823803824-1104</Data>\n      <Data Name=\"SubjectUserName\">dadmin</Data>\n      <Data Name=\"SubjectDomainName\">CONTOSO</Data>\n      <Data Name=\"SubjectLogonId\">0x38d34</Data>\n      <Data Name=\"ObjectType\">File</Data>\n      <Data Name=\"IpAddress\">fe80::31ea:6c3c:f40d:1973</Data>\n      <Data Name=\"IpPort\">56926</Data>\n      <Data Name=\"ShareName\">\\\\\\\\\\*\\\\Documents</Data>\n      <Data Name=\"ShareLocalPath\">\\\\??\\\\C:\\\\Documents</Data>\n      <Data Name=\"RelativeTargetName\">Bginfo.exe</Data>\n      <Data Name=\"AccessMask\">0x100081</Data>\n      <Data Name=\"AccessList\">%%1541\n                              %%4416\n                              %%4423</Data>\n      <Data Name=\"AccessReason\">%%1541: %%1801 D:(A;;FA;;;WD) %%4416: %%1801 D:(A;;FA;;;WD) %%4423: %%1801 D:(A;;FA;;;WD)</Data>\n   </EventData>\n</Event>","severity":"Informational","severity_id":1,"share":"\\\\\\\\\\*\\\\Documents","src_endpoint":{"ip":"fe80::31ea:6c3c:f40d:1973","port":56926},"status":"Success","status_id":1,"time":1442534088941,"type_name":"File Hosting Activity: Access Check","type_uid":600617,"unmapped":{"Execution":{"ProcessID":"516","ThreadID":"524"},"Opcode":"0","Task":"12811"}}
{"access_list":["%%1538","%%1541","%%4416","%%4419","%%4423"],"access_mask":1179785,"access_result":"%%1538:\t%%1804\n\t\t\t\t%%1541:\t%%1801\tD:(A;;0x1200a9;;;WD)\n\t\t\t\t%%4416:\t%%1801\tD:(A;;0x1200a9;;;WD)\n\t\t\t\t%%4419:\t%%1801\tD:(A;;0x1200a9;;;WD)\n\t\t\t\t%%4423:\t%%1801\tD:(A;;0x1200a9;;;WD)","action":"Allowed","action_id":1,"activity_id":17,"activity_name":"Access Check","actor":{"session":{"uid":"0x151afce"},"user":{"account":{"name":"WIN-DC-TESTUSER-4$","type":"Windows Account","type_id":2,"uid":"NT AUTHORITY\\SYSTEM"},"domain":"ATTACKRANGE","name":"WIN-DC-TESTUSER-4$","uid":"NT AUTHORITY\\SYSTEM"}},"category_name":"Application Activity","category_uid":6,"class_name":"File Hosting Activity","class_uid":6006,"device":{"hostname":"win-dc-testuser-46070-300.attackrange.local","os":{"name":"Windows","type":"Windows","type_id":100},"type":"Unknown","type_id":0},"disposition":"Allowed","disposition_id":1,"file":{"name":"gpt.ini","parent_folder":"\\??\\C:\\Windows\\SYSVOL\\sysvol\\attackrange.local\\Policies\\{6AC1786C-016F-11D2-945F-00C04fB984F9}","path":"\\??\\C:\\Windows\\SYSVOL\\sysvol\\attackrange.local\\Policies\\{6AC1786C-016F-11D2-945F-00C04fB984F9}\\gpt.ini","type":"Regular File","type_id":1},"metadata":{"event_code":"5145","log_name":"Security","log_provider":"Microsoft-Windows-Security-Auditing","log_version":"0","original_time":"2022-04-12T16:23:56.625358400Z","product":{"feature":{"uid":"{54849625-5478-4994-A5BA-3E3B0328C30D}"},"name":"Microsoft Windows","vendor_name":"Microsoft"},"profiles":["security_control","host"],"sequence":328580,"uid":"9676189ebcc2c82431565662cae5f05b","version":"1.4.0"},"observables":[{"name":"device","type":"Endpoint","type_id":20},{"name":"device.hostname","type":"Hostname","type_id":1,"value":"win-dc-testuser-46070-300.attackrange.local"},{"name":"actor.user","type":"User","type_id":21},{"name":"actor.user.uid","type":"User Object: uid","type_id":31,"value":"NT AUTHORITY\\SYSTEM"},{"name":"actor.user.account.uid","type":"Account Object: uid","type_id":35,"value":"NT AUTHORITY\\SYSTEM"},{"name":"actor.user.account.name","type":"Account Object: name","type_id":34,"value":"WIN-DC-TESTUSER-4$"},{"name":"actor.user.name","type":"User Name","type_id":4,"value":"WIN-DC-TESTUSER-4$"},{"name":"file","type":"File","type_id":24},{"name":"file.name","type":"File Name","type_id":7,"value":"gpt.ini"},{"name":"src_endpoint","type":"Endpoint","type_id":20},{"name":"src_endpoint.ip","type":"IP Address","type_id":2,"value":"fe80::d163:1870:56a2:1ee"},{"name":"src_endpoint.port","type":"Port","type_id":11,"value":"58728"}],"raw_data":"<Event xmlns='http://schemas.microsoft.com/win/2004/08/events/event'>\n\t<System>\n\t\t<Provider Name='Microsoft-Windows-Security-Auditing' Guid='{54849625-5478-4994-A5BA-3E3B0328C30D}'/>\n\t\t<EventID>5145</EventID>\n\t\t<Version>0</Version>\n\t\t<Level>0</Level>\n\t\t<Task>12811</Task>\n\t\t<Opcode>0</Opcode>\n\t\t<Keywords>0x8020000000000000</Keywords>\n\t\t<TimeCreated SystemTime='2022-04-12T16:23:56.625358400Z'/>\n\t\t<EventRecordID>328580</EventRecordID>\n\t\t<Correlation/>\n\t\t<Execution ProcessID='4' ThreadID='1100'/>\n\t\t<Channel>Security</Channel>\n\t\t<Computer>win-dc-testuser-46070-300.attackrange.local</Computer>\n\t\t<Security/>\n\t</System>\n\t<EventData>\n\t\t<Data Name='SubjectUserSid'>NT AUTHORITY\\SYSTEM</Data>\n\t\t<Data Name='SubjectUserName'>WIN-DC-TESTUSER-4$</Data>\n\t\t<Data Name='SubjectDomainName'>ATTACKRANGE</Data>\n\t\t<Data Name='SubjectLogonId'>0x151afce</Data>\n\t\t<Data Name='ObjectType'>File</Data>\n\t\t<Data Name='IpAddress'>fe80::d163:1870:56a2:1ee</Data>\n\t\t<Data Name='IpPort'>58728</Data>\n\t\t<Data Name='ShareName'>\\\\*\\SYSVOL</Data>\n\t\t<Data Name='ShareLocalPath'>\\??\\C:\\Windows\\SYSVOL\\sysvol</Data>\n\t\t<Data Name='RelativeTargetName'>attackrange.local\\Policies\\{6AC1786C-016F-11D2-945F-00C04fB984F9}\\gpt.ini</Data>\n\t\t<Data Name='AccessMask'>0x120089</Data>\n\t\t<Data Name='AccessList'>%%1538\n\t\t\t\t%%1541\n\t\t\t\t%%4416\n\t\t\t\t%%4419\n\t\t\t\t%%4423\n\t\t</Data>\n\t\t<Data Name='AccessReason'>%%1538:\t%%1804\n\t\t\t\t%%1541:\t%%1801\tD:(A;;0x1200a9;;;WD)\n\t\t\t\t%%4416:\t%%1801\tD:(A;;0x1200a9;;;WD)\n\t\t\t\t%%4419:\t%%1801\tD:(A;;0x1200a9;;;WD)\n\t\t\t\t%%4423:\t%%1801\tD:(A;;0x1200a9;;;WD)\n\t\t</Data>\n\t</EventData>\n</Event>","severity":"Informational","severity_id":1,"share":"\\\\*\\SYSVOL","src_endpoint":{"ip":"fe80::d163:1870:56a2:1ee","port":58728},"status":"Success","status_id":1,"time":1649780636625,"type_name":"File Hosting Activity: Access Check","type_uid":600617,"unmapped":{"Execution":{"ProcessID":"4","ThreadID":"1100"},"Opcode":"0","Task":"12811"}}
{"access_list":["%%1538","%%1541","%%4416","%%4419","%%4423"],"access_mask":1179785,"access_result":"%%1538:\t%%1804\n\t\t\t\t%%1541:\t%%1801\tD:(A;OICI;FA;;;BA)\n\t\t\t\t%%4416:\t%%1801\tD:(A;OICI;FA;;;BA)\n\t\t\t\t%%4419:\t%%1801\tD:(A;OICI;FA;;;BA)\n\t\t\t\t%%4423:\t%%1801\tD:(A;OICI;FA;;;BA)","action":"Allowed","action_id":1,"activity_id":17,"activity_name":"Access Check","actor":{"session":{"uid":"0x139ed65"},"user":{"account":{"name":"Administrator","type":"Windows Account","type_id":2,"uid":"WIN-HOST-TESTUSER\\Administrator"},"domain":"WIN-HOST-TESTUSER","name":"Administrator","uid":"WIN-HOST-TESTUSER\\Administrator"}},"category_name":"Application Activity","category_uid":6,"class_name":"File Hosting Activity","class_uid":6006,"device":{"hostname":"win-host-testuser-46070-307","os":{"name":"Windows","type":"Windows","type_id":100},"type":"Unknown","type_id":0},"disposition":"Allowed","disposition_id":1,"file":{"name":"desktop.ini","parent_folder":"\\??\\C:\\Users\\Administrator\\Desktop\\testshare","path":"\\??\\C:\\Users\\Administrator\\Desktop\\testshare\\desktop.ini","type":"Regular File","type_id":1},"metadata":{"event_code":"5145","log_name":"Security","log_provider":"Microsoft-Windows-Security-Auditing","log_version":"0","original_time":"2022-04-12T16:18:02.872757000Z","product":{"feature":{"uid":"{54849625-5478-4994-A5BA-3E3B0328C30D}"},"name":"Microsoft Windows","vendor_name":"Microsoft"},"profiles":["security_control","host"],"sequence":315325,"uid":"828a99ae2bad7efb7749142097262178","version":"1.4.0"},"observables":[{"name":"actor.user","type":"User","type_id":21},{"name":"actor.user.account.uid","type":"Account Object: uid","type_id":35,"value":"WIN-HOST-TESTUSER\\Administrator"},{"name":"actor.user.account.name","type":"Account Object: name","type_id":34,"value":"Administrator"},{"name":"actor.user.name","type":"User Name","type_id":4,"value":"Administrator"},{"name":"actor.user.uid","type":"User Object: uid","type_id":31,"value":"WIN-HOST-TESTUSER\\Administrator"},{"name":"file","type":"File","type_id":24},{"name":"file.name","type":"File Name","type_id":7,"value":"desktop.ini"},{"name":"src_endpoint","type":"Endpoint","type_id":20},{"name":"src_endpoint.ip","type":"IP Address","type_id":2,"value":"10.0.1.14"},{"name":"src_endpoint.port","type":"Port","type_id":11,"value":"59455"},{"name":"device","type":"Endpoint","type_id":20},{"name":"device.hostname","type":"Hostname","type_id":1,"value":"win-host-testuser-46070-307"}],"raw_data":"<Event xmlns='http://schemas.microsoft.com/win/2004/08/events/event'>\n\t<System>\n\t\t<Provider Name='Microsoft-Windows-Security-Auditing' Guid='{54849625-5478-4994-A5BA-3E3B0328C30D}'/>\n\t\t<EventID>5145</EventID>\n\t\t<Version>0</Version>\n\t\t<Level>0</Level>\n\t\t<Task>12811</Task>\n\t\t<Opcode>0</Opcode>\n\t\t<Keywords>0x8020000000000000</Keywords>\n\t\t<TimeCreated SystemTime='2022-04-12T16:18:02.872757000Z'/>\n\t\t<EventRecordID>315325</EventRecordID>\n\t\t<Correlation/>\n\t\t<Execution ProcessID='4' ThreadID='3112'/>\n\t\t<Channel>Security</Channel>\n\t\t<Computer>win-host-testuser-46070-307</Computer>\n\t\t<Security/>\n\t</System>\n\t<EventData>\n\t\t<Data Name='SubjectUserSid'>WIN-HOST-TESTUSER\\Administrator</Data>\n\t\t<Data Name='SubjectUserName'>Administrator</Data>\n\t\t<Data Name='SubjectDomainName'>WIN-HOST-TESTUSER</Data>\n\t\t<Data Name='SubjectLogonId'>0x139ed65</Data>\n\t\t<Data Name='ObjectType'>File</Data>\n\t\t<Data Name='IpAddress'>10.0.1.14</Data>\n\t\t<Data Name='IpPort'>59455</Data>\n\t\t<Data Name='ShareName'>\\\\*\\Users</Data>\n\t\t<Data Name='ShareLocalPath'>\\??\\C:\\Users</Data>\n\t\t<Data Name='RelativeTargetName'>Administrator\\Desktop\\testshare\\desktop.ini</Data>\n\t\t<Data Name='AccessMask'>0x120089</Data>\n\t\t<Data Name='AccessList'>%%1538\n\t\t\t\t%%1541\n\t\t\t\t%%4416\n\t\t\t\t%%4419\n\t\t\t\t%%4423\n\t\t</Data>\n\t\t<Data Name='AccessReason'>%%1538:\t%%1804\n\t\t\t\t%%1541:\t%%1801\tD:(A;OICI;FA;;;BA)\n\t\t\t\t%%4416:\t%%1801\tD:(A;OICI;FA;;;BA)\n\t\t\t\t%%4419:\t%%1801\tD:(A;OICI;FA;;;BA)\n\t\t\t\t%%4423:\t%%1801\tD:(A;OICI;FA;;;BA)\n\t\t</Data>\n\t</EventData>\n</Event>","severity":"Informational","severity_id":1,"share":"\\\\*\\Users","src_endpoint":{"ip":"10.0.1.14","port":59455},"status":"Success","status_id":1,"time":1649780282872,"type_name":"File Hosting Activity: Access Check","type_uid":600617,"unmapped":{"Execution":{"ProcessID":"4","ThreadID":"3112"},"Opcode":"0","Task":"12811"}}
{"access_list":["%%4417"],"access_mask":2,"action":"Allowed","action_id":1,"activity_id":17,"activity_name":"Access Check","actor":{"session":{"uid":"0x139ed65"},"user":{"account":{"name":"Administrator","type":"Windows Account","type_id":2,"uid":"WIN-HOST-MRADKA\\Administrator"},"domain":"WIN-HOST-MRADKA","name":"Administrator","uid":"WIN-HOST-MRADKA\\Administrator"}},"category_name":"Application Activity","category_uid":6,"class_name":"File Hosting Activity","class_uid":6006,"device":{"hostname":"win-host-mradka-46070-307","os":{"name":"Windows","type":"Windows","type_id":100},"type":"Unknown","type_id":0},"disposition":"Allowed","disposition_id":1,"file":{"name":"calc.exe","parent_folder":"\\??\\C:","path":"\\??\\C:\\calc.exe","type":"Regular File","type_id":1},"metadata":{"event_code":"5145","log_name":"Security","log_provider":"Microsoft-Windows-Security-Auditing","log_version":"0","original_time":"2022-04-12T16:46:00.965065300Z","product":{"feature":{"uid":"{54849625-5478-4994-A5BA-3E3B0328C30D}"},"name":"Microsoft Windows","vendor_name":"Microsoft"},"profiles":["security_control","host"],"sequence":315598,"uid":"d1e0202a9a0b4b26613117db9c611879","version":"1.4.0"},"observables":[{"name":"file","type":"File","type_id":24},{"name":"file.name","type":"File Name","type_id":7,"value":"calc.exe"},{"name":"actor.user","type":"User","type_id":21},{"name":"actor.user.name","type":"User Name","type_id":4,"value":"Administrator"},{"name":"actor.user.uid","type":"User Object: uid","type_id":31,"value":"WIN-HOST-MRADKA\\Administrator"},{"name":"actor.user.account.uid","type":"Account Object: uid","type_id":35,"value":"WIN-HOST-MRADKA\\Administrator"},{"name":"actor.user.account.name","type":"Account Object: name","type_id":34,"value":"Administrator"},{"name":"device","type":"Endpoint","type_id":20},{"name":"device.hostname","type":"Hostname","type_id":1,"value":"win-host-mradka-46070-307"},{"name":"src_endpoint","type":"Endpoint","type_id":20},{"name":"src_endpoint.ip","type":"IP Address","type_id":2,"value":"10.0.1.14"},{"name":"src_endpoint.port","type":"Port","type_id":11,"value":"59455"}],"raw_data":"<Event xmlns='http://schemas.microsoft.com/win/2004/08/events/event'>\n\t<System>\n\t\t<Provider Name='Microsoft-Windows-Security-Auditing' Guid='{54849625-5478-4994-A5BA-3E3B0328C30D}'/>\n\t\t<EventID>5145</EventID>\n\t\t<Version>0</Version>\n\t\t<Level>0</Level>\n\t\t<Task>12811</Task>\n\t\t<Opcode>0</Opcode>\n\t\t<Keywords>0x8020000000000000</Keywords>\n\t\t<TimeCreated SystemTime='2022-04-12T16:46:00.965065300Z'/>\n\t\t<EventRecordID>315598</EventRecordID>\n\t\t<Correlation/>\n\t\t<Execution ProcessID='4' ThreadID='2860'/>\n\t\t<Channel>Security</Channel>\n\t\t<Computer>win-host-mradka-46070-307</Computer>\n\t\t<Security/>\n\t</System>\n\t<EventData>\n\t\t<Data Name='SubjectUserSid'>WIN-HOST-MRADKA\\Administrator</Data>\n\t\t<Data Name='SubjectUserName'>Administrator</Data>\n\t\t<Data Name='SubjectDomainName'>WIN-HOST-MRADKA</Data>\n\t\t<Data Name='SubjectLogonId'>0x139ed65</Data>\n\t\t<Data Name='ObjectType'>File</Data>\n\t\t<Data Name='IpAddress'>10.0.1.14</Data>\n\t\t<Data Name='IpPort'>59455</Data>\n\t\t<Data Name='ShareName'>\\\\*\\C$</Data>\n\t\t<Data Name='ShareLocalPath'>\\??\\C:\\</Data>\n\t\t<Data Name='RelativeTargetName'>calc.exe</Data>\n\t\t<Data Name='AccessMask'>0x2</Data>\n\t\t<Data Name='AccessList'>%%4417\n\t\t</Data>\n\t\t<Data Name='AccessReason'>-</Data>\n\t</EventData>\n</Event>","severity":"Informational","severity_id":1,"share":"\\\\*\\C$","src_endpoint":{"ip":"10.0.1.14","port":59455},"status":"Success","status_id":1,"time":1649781960965,"type_name":"File Hosting Activity: Access Check","type_uid":600617,"unmapped":{"Execution":{"ProcessID":"4","ThreadID":"2860"},"Opcode":"0","Task":"12811"}}
{"access_list":["%%1538","%%1541","%%4416","%%4419","%%4423"],"access_mask":1179785,"access_result":"%%1538:\t%%1804\n\t\t\t\t%%1541:\t%%1801\tD:(A;;0x1200a9;;;WD)\n\t\t\t\t%%4416:\t%%1801\tD:(A;;0x1200a9;;;WD)\n\t\t\t\t%%4419:\t%%1801\tD:(A;;0x1200a9;;;WD)\n\t\t\t\t%%4423:\t%%1801\tD:(A;;0x1200a9;;;WD)","action":"Allowed","action_id":1,"activity_id":17,"activity_name":"Access Check","actor":{"session":{"uid":"0x151afce"},"user":{"account":{"name":"WIN-DC-TESTUSER-4$","type":"Windows Account","type_id":2,"uid":"NT AUTHORITY\\SYSTEM"},"domain":"ATTACKRANGE","name":"WIN-DC-TESTUSER-4$","uid":"NT AUTHORITY\\SYSTEM"}},"category_name":"Application Activity","category_uid":6,"class_name":"File Hosting Activity","class_uid":6006,"device":{"hostname":"win-dc-testuser-46070-300.attackrange.local","os":{"name":"Windows","type":"Windows","type_id":100},"type":"Unknown","type_id":0},"disposition":"Allowed","disposition_id":1,"file":{"name":"gpt.ini","parent_folder":"\\??\\C:\\Windows\\SYSVOL\\sysvol\\attackrange.local\\Policies\\{31B2F340-016D-11D2-945F-00C04FB984F9}","path":"\\??\\C:\\Windows\\SYSVOL\\sysvol\\attackrange.local\\Policies\\{31B2F340-016D-11D2-945F-00C04FB984F9}\\gpt.ini","type":"Regular File","type_id":1},"metadata":{"event_code":"5145","log_name":"Security","log_provider":"Microsoft-Windows-Security-Auditing","log_version":"0","original_time":"2022-04-12T16:23:56.624454500Z","product":{"feature":{"uid":"{54849625-5478-4994-A5BA-3E3B0328C30D}"},"name":"Microsoft Windows","vendor_name":"Microsoft"},"profiles":["security_control","host"],"sequence":328579,"uid":"c1f223a5257b7a851d06bd7a49acd1b4","version":"1.4.0"},"observables":[{"name":"actor.user","type":"User","type_id":21},{"name":"actor.user.uid","type":"User Object: uid","type_id":31,"value":"NT AUTHORITY\\SYSTEM"},{"name":"actor.user.account.uid","type":"Account Object: uid","type_id":35,"value":"NT AUTHORITY\\SYSTEM"},{"name":"actor.user.account.name","type":"Account Object: name","type_id":34,"value":"WIN-DC-TESTUSER-4$"},{"name":"actor.user.name","type":"User Name","type_id":4,"value":"WIN-DC-TESTUSER-4$"},{"name":"device","type":"Endpoint","type_id":20},{"name":"device.hostname","type":"Hostname","type_id":1,"value":"win-dc-testuser-46070-300.attackrange.local"},{"name":"file","type":"File","type_id":24},{"name":"file.name","type":"File Name","type_id":7,"value":"gpt.ini"},{"name":"src_endpoint","type":"Endpoint","type_id":20},{"name":"src_endpoint.ip","type":"IP Address","type_id":2,"value":"fe80::d163:1870:56a2:1ee"},{"name":"src_endpoint.port","type":"Port","type_id":11,"value":"58728"}],"raw_data":"<Event xmlns='http://schemas.microsoft.com/win/2004/08/events/event'>\n\t<System>\n\t\t<Provider Name='Microsoft-Windows-Security-Auditing' Guid='{54849625-5478-4994-A5BA-3E3B0328C30D}'/>\n\t\t<EventID>5145</EventID>\n\t\t<Version>0</Version>\n\t\t<Level>0</Level>\n\t\t<Task>12811</Task>\n\t\t<Opcode>0</Opcode>\n\t\t<Keywords>0x8020000000000000</Keywords>\n\t\t<TimeCreated SystemTime='2022-04-12T16:23:56.624454500Z'/>\n\t\t<EventRecordID>328579</EventRecordID>\n\t\t<Correlation/>\n\t\t<Execution ProcessID='4' ThreadID='1100'/>\n\t\t<Channel>Security</Channel>\n\t\t<Computer>win-dc-testuser-46070-300.attackrange.local</Computer>\n\t\t<Security/>\n\t</System>\n\t<EventData>\n\t\t<Data Name='SubjectUserSid'>NT AUTHORITY\\SYSTEM</Data>\n\t\t<Data Name='SubjectUserName'>WIN-DC-TESTUSER-4$</Data>\n\t\t<Data Name='SubjectDomainName'>ATTACKRANGE</Data>\n\t\t<Data Name='SubjectLogonId'>0x151afce</Data>\n\t\t<Data Name='ObjectType'>File</Data>\n\t\t<Data Name='IpAddress'>fe80::d163:1870:56a2:1ee</Data>\n\t\t<Data Name='IpPort'>58728</Data>\n\t\t<Data Name='ShareName'>\\\\*\\SYSVOL</Data>\n\t\t<Data Name='ShareLocalPath'>\\??\\C:\\Windows\\SYSVOL\\sysvol</Data>\n\t\t<Data Name='RelativeTargetName'>attackrange.local\\Policies\\{31B2F340-016D-11D2-945F-00C04FB984F9}\\gpt.ini</Data>\n\t\t<Data Name='AccessMask'>0x120089</Data>\n\t\t<Data Name='AccessList'>%%1538\n\t\t\t\t%%1541\n\t\t\t\t%%4416\n\t\t\t\t%%4419\n\t\t\t\t%%4423\n\t\t</Data>\n\t\t<Data Name='AccessReason'>%%1538:\t%%1804\n\t\t\t\t%%1541:\t%%1801\tD:(A;;0x1200a9;;;WD)\n\t\t\t\t%%4416:\t%%1801\tD:(A;;0x1200a9;;;WD)\n\t\t\t\t%%4419:\t%%1801\tD:(A;;0x1200a9;;;WD)\n\t\t\t\t%%4423:\t%%1801\tD:(A;;0x1200a9;;;WD)\n\t\t</Data>\n\t</EventData>\n</Event>","severity":"Informational","severity_id":1,"share":"\\\\*\\SYSVOL","src_endpoint":{"ip":"fe80::d163:1870:56a2:1ee","port":58728},"status":"Success","status_id":1,"time":1649780636624,"type_name":"File Hosting Activity: Access Check","type_uid":600617,"unmapped":{"Execution":{"ProcessID":"4","ThreadID":"1100"},"Opcode":"0","Task":"12811"}}
{"access_list":["%%1541","%%4423"],"access_mask":1048704,"access_result":"%%1541:\t%%1801\tD:(A;;0x1200a9;;;WD)\n\t\t\t\t%%4423:\t%%1801\tD:(A;;0x1200a9;;;WD)","action":"Allowed","action_id":1,"activity_id":17,"activity_name":"Access Check","actor":{"session":{"uid":"0x1509f30"},"user":{"account":{"name":"WIN-DC-TESTUSER-4$","type":"Windows Account","type_id":2,"uid":"NT AUTHORITY\\SYSTEM"},"domain":"ATTACKRANGE","name":"WIN-DC-TESTUSER-4$","uid":"NT AUTHORITY\\SYSTEM"}},"category_name":"Application Activity","category_uid":6,"class_name":"File Hosting Activity","class_uid":6006,"device":{"hostname":"win-dc-testuser-46070-300.attackrange.local","os":{"name":"Windows","type":"Windows","type_id":100},"type":"Unknown","type_id":0},"disposition":"Allowed","disposition_id":1,"file":{"name":"sysvol","parent_folder":"\\??\\C:\\Windows\\SYSVOL","path":"\\??\\C:\\Windows\\SYSVOL\\sysvol\\","type":"Regular File","type_id":1},"metadata":{"event_code":"5145","log_name":"Security","log_provider":"Microsoft-Windows-Security-Auditing","log_version":"0","original_time":"2022-04-12T16:19:22.727970600Z","product":{"feature":{"uid":"{54849625-5478-4994-A5BA-3E3B0328C30D}"},"name":"Microsoft Windows","vendor_name":"Microsoft"},"profiles":["security_control","host"],"sequence":328523,"uid":"4e672730315a3c5673c52568fe4ddf19","version":"1.4.0"},"observables":[{"name":"device","type":"Endpoint","type_id":20},{"name":"device.hostname","type":"Hostname","type_id":1,"value":"win-dc-testuser-46070-300.attackrange.local"},{"name":"file","type":"File","type_id":24},{"name":"file.name","type":"File Name","type_id":7,"value":"sysvol"},{"name":"src_endpoint","type":"Endpoint","type_id":20},{"name":"src_endpoint.ip","type":"IP Address","type_id":2,"value":"10.0.1.14"},{"name":"src_endpoint.port","type":"Port","type_id":11,"value":"58663"},{"name":"actor.user","type":"User","type_id":21},{"name":"actor.user.account.uid","type":"Account Object: uid","type_id":35,"value":"NT AUTHORITY\\SYSTEM"},{"name":"actor.user.account.name","type":"Account Object: name","type_id":34,"value":"WIN-DC-TESTUSER-4$"},{"name":"actor.user.name","type":"User Name","type_id":4,"value":"WIN-DC-TESTUSER-4$"},{"name":"actor.user.uid","type":"User Object: uid","type_id":31,"value":"NT AUTHORITY\\SYSTEM"}],"raw_data":"<Event xmlns='http://schemas.microsoft.com/win/2004/08/events/event'>\n\t<System>\n\t\t<Provider Name='Microsoft-Windows-Security-Auditing' Guid='{54849625-5478-4994-A5BA-3E3B0328C30D}'/>\n\t\t<EventID>5145</EventID>\n\t\t<Version>0</Version>\n\t\t<Level>0</Level>\n\t\t<Task>12811</Task>\n\t\t<Opcode>0</Opcode>\n\t\t<Keywords>0x8020000000000000</Keywords>\n\t\t<TimeCreated SystemTime='2022-04-12T16:19:22.727970600Z'/>\n\t\t<EventRecordID>328523</EventRecordID>\n\t\t<Correlation/>\n\t\t<Execution ProcessID='4' ThreadID='332'/>\n\t\t<Channel>Security</Channel>\n\t\t<Computer>win-dc-testuser-46070-300.attackrange.local</Computer>\n\t\t<Security/>\n\t</System>\n\t<EventData>\n\t\t<Data Name='SubjectUserSid'>NT AUTHORITY\\SYSTEM</Data>\n\t\t<Data Name='SubjectUserName'>WIN-DC-TESTUSER-4$</Data>\n\t\t<Data Name='SubjectDomainName'>ATTACKRANGE</Data>\n\t\t<Data Name='SubjectLogonId'>0x1509f30</Data>\n\t\t<Data Name='ObjectType'>File</Data>\n\t\t<Data Name='IpAddress'>10.0.1.14</Data>\n\t\t<Data Name='IpPort'>58663</Data>\n\t\t<Data Name='ShareName'>\\\\*\\SYSVOL</Data>\n\t\t<Data Name='ShareLocalPath'>\\??\\C:\\Windows\\SYSVOL\\sysvol</Data>\n\t\t<Data Name='RelativeTargetName'>\\</Data>\n\t\t<Data Name='AccessMask'>0x100080</Data>\n\t\t<Data Name='AccessList'>%%1541\n\t\t\t\t%%4423\n\t\t</Data>\n\t\t<Data Name='AccessReason'>%%1541:\t%%1801\tD:(A;;0x1200a9;;;WD)\n\t\t\t\t%%4423:\t%%1801\tD:(A;;0x1200a9;;;WD)\n\t\t</Data>\n\t</EventData>\n</Event>","severity":"Informational","severity_id":1,"share":"\\\\*\\SYSVOL","src_endpoint":{"ip":"10.0.1.14","port":58663},"status":"Success","status_id":1,"time":1649780362727,"type_name":"File Hosting Activity: Access Check","type_uid":600617,"unmapped":{"Execution":{"ProcessID":"4","ThreadID":"332"},"Opcode":"0","Task":"12811"}}
{"access_list":["%%1538","%%1541","%%4416","%%4419","%%4423"],"access_mask":1179785,"access_result":"%%1538:\t%%1804\n\t\t\t\t%%1541:\t%%1801\tD:(A;OICI;FA;;;BA)\n\t\t\t\t%%4416:\t%%1801\tD:(A;OICI;FA;;;BA)\n\t\t\t\t%%4419:\t%%1801\tD:(A;OICI;FA;;;BA)\n\t\t\t\t%%4423:\t%%1801\tD:(A;OICI;FA;;;BA)","action":"Allowed","action_id":1,"activity_id":17,"activity_name":"Access Check","actor":{"session":{"uid":"0x139ed65"},"user":{"account":{"name":"Administrator","type":"Windows Account","type_id":2,"uid":"WIN-HOST-TESTUSER\\Administrator"},"domain":"WIN-HOST-TESTUSER","name":"Administrator","uid":"WIN-HOST-TESTUSER\\Administrator"}},"category_name":"Application Activity","category_uid":6,"class_name":"File Hosting Activity","class_uid":6006,"device":{"hostname":"win-host-testuser-46070-307","os":{"name":"Windows","type":"Windows","type_id":100},"type":"Unknown","type_id":0},"disposition":"Allowed","disposition_id":1,"file":{"name":"test.rtf","parent_folder":"\\??\\C:\\Users\\Administrator\\Desktop\\testshare","path":"\\??\\C:\\Users\\Administrator\\Desktop\\testshare\\test.rtf","type":"Regular File","type_id":1},"metadata":{"event_code":"5145","log_name":"Security","log_provider":"Microsoft-Windows-Security-Auditing","log_version":"0","original_time":"2022-04-12T16:18:06.665470900Z","product":{"feature":{"uid":"{54849625-5478-4994-A5BA-3E3B0328C30D}"},"name":"Microsoft Windows","vendor_name":"Microsoft"},"profiles":["security_control","host"],"sequence":315347,"uid":"30e46745879eed4f8f76f781d039a5d4","version":"1.4.0"},"observables":[{"name":"device","type":"Endpoint","type_id":20},{"name":"device.hostname","type":"Hostname","type_id":1,"value":"win-host-testuser-46070-307"},{"name":"file","type":"File","type_id":24},{"name":"file.name","type":"File Name","type_id":7,"value":"test.rtf"},{"name":"src_endpoint","type":"Endpoint","type_id":20},{"name":"src_endpoint.ip","type":"IP Address","type_id":2,"value":"10.0.1.14"},{"name":"src_endpoint.port","type":"Port","type_id":11,"value":"59452"},{"name":"actor.user","type":"User","type_id":21},{"name":"actor.user.name","type":"User Name","type_id":4,"value":"Administrator"},{"name":"actor.user.uid","type":"User Object: uid","type_id":31,"value":"WIN-HOST-TESTUSER\\Administrator"},{"name":"actor.user.account.uid","type":"Account Object: uid","type_id":35,"value":"WIN-HOST-TESTUSER\\Administrator"},{"name":"actor.user.account.name","type":"Account Object: name","type_id":34,"value":"Administrator"}],"raw_data":"<Event xmlns='http://schemas.microsoft.com/win/2004/08/events/event'>\n\t<System>\n\t\t<Provider Name='Microsoft-Windows-Security-Auditing' Guid='{54849625-5478-4994-A5BA-3E3B0328C30D}'/>\n\t\t<EventID>5145</EventID>\n\t\t<Version>0</Version>\n\t\t<Level>0</Level>\n\t\t<Task>12811</Task>\n\t\t<Opcode>0</Opcode>\n\t\t<Keywords>0x8020000000000000</Keywords>\n\t\t<TimeCreated SystemTime='2022-04-12T16:18:06.665470900Z'/>\n\t\t<EventRecordID>315347</EventRecordID>\n\t\t<Correlation/>\n\t\t<Execution ProcessID='4' ThreadID='1440'/>\n\t\t<Channel>Security</Channel>\n\t\t<Computer>win-host-testuser-46070-307</Computer>\n\t\t<Security/>\n\t</System>\n\t<EventData>\n\t\t<Data Name='SubjectUserSid'>WIN-HOST-TESTUSER\\Administrator</Data>\n\t\t<Data Name='SubjectUserName'>Administrator</Data>\n\t\t<Data Name='SubjectDomainName'>WIN-HOST-TESTUSER</Data>\n\t\t<Data Name='SubjectLogonId'>0x139ed65</Data>\n\t\t<Data Name='ObjectType'>File</Data>\n\t\t<Data Name='IpAddress'>10.0.1.14</Data>\n\t\t<Data Name='IpPort'>59452</Data>\n\t\t<Data Name='ShareName'>\\\\*\\Users</Data>\n\t\t<Data Name='ShareLocalPath'>\\??\\C:\\Users</Data>\n\t\t<Data Name='RelativeTargetName'>Administrator\\Desktop\\testshare\\test.rtf</Data>\n\t\t<Data Name='AccessMask'>0x120089</Data>\n\t\t<Data Name='AccessList'>%%1538\n\t\t\t\t%%1541\n\t\t\t\t%%4416\n\t\t\t\t%%4419\n\t\t\t\t%%4423\n\t\t</Data>\n\t\t<Data Name='AccessReason'>%%1538:\t%%1804\n\t\t\t\t%%1541:\t%%1801\tD:(A;OICI;FA;;;BA)\n\t\t\t\t%%4416:\t%%1801\tD:(A;OICI;FA;;;BA)\n\t\t\t\t%%4419:\t%%1801\tD:(A;OICI;FA;;;BA)\n\t\t\t\t%%4423:\t%%1801\tD:(A;OICI;FA;;;BA)\n\t\t</Data>\n\t</EventData>\n</Event>","severity":"Informational","severity_id":1,"share":"\\\\*\\Users","src_endpoint":{"ip":"10.0.1.14","port":59452},"status":"Success","status_id":1,"time":1649780286665,"type_name":"File Hosting Activity: Access Check","type_uid":600617,"unmapped":{"Execution":{"ProcessID":"4","ThreadID":"1440"},"Opcode":"0","Task":"12811"}}
{"access_list":["%%1541","%%4416","%%4423"],"access_mask":1048705,"access_result":"%%1541:\t%%1801\tD:(A;OICI;FA;;;BA)\n\t\t\t\t%%4416:\t%%1801\tD:(A;OICI;FA;;;BA)\n\t\t\t\t%%4423:\t%%1801\tD:(A;OICI;FA;;;BA)","action":"Allowed","action_id":1,"activity_id":17,"activity_name":"Access Check","actor":{"session":{"uid":"0x139ed65"},"user":{"account":{"name":"Administrator","type":"Windows Account","type_id":2,"uid":"WIN-HOST-TESTUSER\\Administrator"},"domain":"WIN-HOST-TESTUSER","name":"Administrator","uid":"WIN-HOST-TESTUSER\\Administrator"}},"category_name":"Application Activity","category_uid":6,"class_name":"File Hosting Activity","class_uid":6006,"device":{"hostname":"win-host-testuser-46070-307","os":{"name":"Windows","type":"Windows","type_id":100},"type":"Unknown","type_id":0},"disposition":"Allowed","disposition_id":1,"file":{"name":"Desktop","parent_folder":"\\??\\C:\\Users\\Administrator","path":"\\??\\C:\\Users\\Administrator\\Desktop","type":"Regular File","type_id":1},"metadata":{"event_code":"5145","log_name":"Security","log_provider":"Microsoft-Windows-Security-Auditing","log_version":"0","original_time":"2022-04-12T16:18:05.207701600Z","product":{"feature":{"uid":"{54849625-5478-4994-A5BA-3E3B0328C30D}"},"name":"Microsoft Windows","vendor_name":"Microsoft"},"profiles":["security_control","host"],"sequence":315345,"uid":"0c249f3212a38efec3c90109126076aa","version":"1.4.0"},"observables":[{"name":"src_endpoint","type":"Endpoint","type_id":20},{"name":"src_endpoint.ip","type":"IP Address","type_id":2,"value":"10.0.1.14"},{"name":"src_endpoint.port","type":"Port","type_id":11,"value":"59452"},{"name":"actor.user","type":"User","type_id":21},{"name":"actor.user.name","type":"User Name","type_id":4,"value":"Administrator"},{"name":"actor.user.uid","type":"User Object: uid","type_id":31,"value":"WIN-HOST-TESTUSER\\Administrator"},{"name":"actor.user.account.uid","type":"Account Object: uid","type_id":35,"value":"WIN-HOST-TESTUSER\\Administrator"},{"name":"actor.user.account.name","type":"Account Object: name","type_id":34,"value":"Administrator"},{"name":"device","type":"Endpoint","type_id":20},{"name":"device.hostname","type":"Hostname","type_id":1,"value":"win-host-testuser-46070-307"},{"name":"file","type":"File","type_id":24},{"name":"file.name","type":"File Name","type_id":7,"value":"Desktop"}],"raw_data":"<Event xmlns='http://schemas.microsoft.com/win/2004/08/events/event'>\n\t<System>\n\t\t<Provider Name='Microsoft-Windows-Security-Auditing' Guid='{54849625-5478-4994-A5BA-3E3B0328C30D}'/>\n\t\t<EventID>5145</EventID>\n\t\t<Version>0</Version>\n\t\t<Level>0</Level>\n\t\t<Task>12811</Task>\n\t\t<Opcode>0</Opcode>\n\t\t<Keywords>0x8020000000000000</Keywords>\n\t\t<TimeCreated SystemTime='2022-04-12T16:18:05.207701600Z'/>\n\t\t<EventRecordID>315345</EventRecordID>\n\t\t<Correlation/>\n\t\t<Execution ProcessID='4' ThreadID='2056'/>\n\t\t<Channel>Security</Channel>\n\t\t<Computer>win-host-testuser-46070-307</Computer>\n\t\t<Security/>\n\t</System>\n\t<EventData>\n\t\t<Data Name='SubjectUserSid'>WIN-HOST-TESTUSER\\Administrator</Data>\n\t\t<Data Name='SubjectUserName'>Administrator</Data>\n\t\t<Data Name='SubjectDomainName'>WIN-HOST-TESTUSER</Data>\n\t\t<Data Name='SubjectLogonId'>0x139ed65</Data>\n\t\t<Data Name='ObjectType'>File</Data>\n\t\t<Data Name='IpAddress'>10.0.1.14</Data>\n\t\t<Data Name='IpPort'>59452</Data>\n\t\t<Data Name='ShareName'>\\\\*\\Users</Data>\n\t\t<Data Name='ShareLocalPath'>\\??\\C:\\Users</Data>\n\t\t<Data Name='RelativeTargetName'>Administrator\\Desktop</Data>\n\t\t<Data Name='AccessMask'>0x100081</Data>\n\t\t<Data Name='AccessList'>%%1541\n\t\t\t\t%%4416\n\t\t\t\t%%4423\n\t\t</Data>\n\t\t<Data Name='AccessReason'>%%1541:\t%%1801\tD:(A;OICI;FA;;;BA)\n\t\t\t\t%%4416:\t%%1801\tD:(A;OICI;FA;;;BA)\n\t\t\t\t%%4423:\t%%1801\tD:(A;OICI;FA;;;BA)\n\t\t</Data>\n\t</EventData>\n</Event>","severity":"Informational","severity_id":1,"share":"\\\\*\\Users","src_endpoint":{"ip":"10.0.1.14","port":59452},"status":"Success","status_id":1,"time":1649780285207,"type_name":"File Hosting Activity: Access Check","type_uid":600617,"unmapped":{"Execution":{"ProcessID":"4","ThreadID":"2056"},"Opcode":"0","Task":"12811"}}
