{"activity_id":1,"activity_name":"Logon","actor":{"process":{"file":{"name":"w3wp.exe","parent_folder":"C:\\Windows\\System32\\inetsrv","path":"C:\\Windows\\System32\\inetsrv\\w3wp.exe","type":"Regular File","type_id":1},"pid":4728},"session":{"uid":"0x1619247"},"user":{"account":{"name":"DefaultAppPool","type":"Windows Account","type_id":2,"uid":"IIS APPPOOL\\DefaultAppPool"},"domain":"IIS APPPOOL","name":"DefaultAppPool","uid":"IIS APPPOOL\\DefaultAppPool"}},"auth_protocol":"Negotiate","auth_protocol_id":99,"category_name":"Identity & Access Management","category_uid":3,"class_name":"Authentication","class_uid":3002,"device":{"hostname":"SesTestWin2012.SesTestDomain.local","os":{"name":"Windows","type":"Windows","type_id":100},"type":"Unknown","type_id":0},"dst_endpoint":{"hostname":"SesTestWin2012.SesTestDomain.local"},"logon_process":{"name":"Advapi","pid":-1},"logon_type":"Network Cleartext","logon_type_id":8,"message":"An account was successfully logged on.","metadata":{"event_code":"4624","log_name":"Security","log_provider":"Microsoft-Windows-Security-Auditing","log_version":"1","original_time":"2021-12-06T20:16:55.420292500Z","product":{"feature":{"uid":"{54849625-5478-4994-A5BA-3E3B0328C30D}"},"name":"Microsoft Windows","vendor_name":"Microsoft"},"profiles":["host"],"sequence":125463,"uid":"5e7708d39a6c402f9951c54f6c6444c1","version":"1.4.0"},"observables":[{"name":"logon_process","type":"Process","type_id":25},{"name":"logon_process.name","type":"Process Name","type_id":9,"value":"Advapi"},{"name":"logon_process.pid","type":"Process ID","type_id":15,"value":"-1"},{"name":"device","type":"Endpoint","type_id":20},{"name":"device.hostname","type":"Hostname","type_id":1,"value":"SesTestWin2012.SesTestDomain.local"},{"name":"dst_endpoint","type":"Endpoint","type_id":20},{"name":"dst_endpoint.hostname","type":"Hostname","type_id":1,"value":"SesTestWin2012.SesTestDomain.local"},{"name":"user","type":"User","type_id":21},{"name":"user.name","type":"User Name","type_id":4,"value":"SesTestUser"},{"name":"user.uid","type":"User Object: uid","type_id":31,"value":"SESTESTDOMAIN\\SesTestUser"},{"name":"user.account.uid","type":"Account Object: uid","type_id":35,"value":"SESTESTDOMAIN\\SesTestUser"},{"name":"user.account.name","type":"Account Object: name","type_id":34,"value":"SesTestUser"},{"name":"actor.process","type":"Process","type_id":25},{"name":"actor.process.file","type":"File","type_id":24},{"name":"actor.process.file.name","type":"File Name","type_id":7,"value":"w3wp.exe"},{"name":"actor.process.pid","type":"Process ID","type_id":15,"value":"4728"},{"name":"actor.user","type":"User","type_id":21},{"name":"actor.user.account.uid","type":"Account Object: uid","type_id":35,"value":"IIS APPPOOL\\DefaultAppPool"},{"name":"actor.user.account.name","type":"Account Object: name","type_id":34,"value":"DefaultAppPool"},{"name":"actor.user.name","type":"User Name","type_id":4,"value":"DefaultAppPool"},{"name":"actor.user.uid","type":"User Object: uid","type_id":31,"value":"IIS APPPOOL\\DefaultAppPool"},{"name":"src_endpoint","type":"Endpoint","type_id":20},{"name":"src_endpoint.ip","type":"IP Address","type_id":2,"value":"10.136.158.126"},{"name":"src_endpoint.port","type":"Port","type_id":11,"value":"56526"}],"raw_data":"<Event xmlns='http://schemas.microsoft.com/win/2004/08/events/event'>\n    <System>\n        <Provider Name='Microsoft-Windows-Security-Auditing' Guid='{54849625-5478-4994-A5BA-3E3B0328C30D}'/>\n        <EventID>4624</EventID>\n        <Version>1</Version>\n        <Level>0</Level>\n        <Task>12544</Task>\n        <Opcode>0</Opcode>\n        <Keywords>0x8020000000000000</Keywords>\n        <TimeCreated SystemTime='2021-12-06T20:16:55.420292500Z'/>\n        <EventRecordID>125463</EventRecordID>\n        <Correlation/>\n        <Execution ProcessID='480' ThreadID='4488'/>\n        <Channel>Security</Channel>\n        <Computer>SesTestWin2012.SesTestDomain.local</Computer>\n        <Security/>\n    </System>\n    <EventData>\n        <Data Name='SubjectUserSid'>IIS APPPOOL\\DefaultAppPool</Data>\n        <Data Name='SubjectUserName'>DefaultAppPool</Data>\n        <Data Name='SubjectDomainName'>IIS APPPOOL</Data>\n        <Data Name='SubjectLogonId'>0x1619247</Data>\n        <Data Name='TargetUserSid'>SESTESTDOMAIN\\SesTestUser</Data>\n        <Data Name='TargetUserName'>SesTestUser</Data>\n        <Data Name='TargetDomainName'>SESTESTDOMAIN</Data>\n        <Data Name='TargetLogonId'>0x162c825</Data>\n        <Data Name='LogonType'>8</Data>\n        <Data Name='LogonProcessName'>Advapi  </Data>\n        <Data Name='AuthenticationPackageName'>Negotiate</Data>\n        <Data Name='WorkstationName'>SESTESTWIN2012</Data>\n        <Data Name='LogonGuid'>{55D66D94-27A3-E344-C4FA-F8AB0E1F77A9}</Data>\n        <Data Name='TransmittedServices'>-</Data>\n        <Data Name='LmPackageName'>-</Data>\n        <Data Name='KeyLength'>0</Data>\n        <Data Name='ProcessId'>0x1278</Data>\n        <Data Name='ProcessName'>C:\\Windows\\System32\\inetsrv\\w3wp.exe</Data>\n        <Data Name='IpAddress'>10.136.158.126</Data>\n        <Data Name='IpPort'>56526</Data>\n        <Data Name='ImpersonationLevel'>%%1833</Data>\n    </EventData>\n</Event>","session":{"uid":"0x162c825","uuid":"{55D66D94-27A3-E344-C4FA-F8AB0E1F77A9}"},"severity":"Informational","severity_id":1,"src_endpoint":{"ip":"10.136.158.126","name":"SESTESTWIN2012","port":56526},"status":"Success","status_id":1,"time":1638821815420,"type_name":"Authentication: Logon","type_uid":300201,"unmapped":{"EventData":{"ImpersonationLevel":"%%1833","KeyLength":"0"},"Execution":{"ProcessID":"480","ThreadID":"4488"},"Opcode":"0","Task":"12544"},"user":{"account":{"name":"SesTestUser","type":"Windows Account","type_id":2,"uid":"SESTESTDOMAIN\\SesTestUser"},"domain":"SESTESTDOMAIN","name":"SesTestUser","uid":"SESTESTDOMAIN\\SesTestUser"}}
{"activity_id":1,"activity_name":"Logon","actor":{"process":{"file":{"name":"svchost.exe","parent_folder":"C:\\Windows\\System32","path":"C:\\Windows\\System32\\svchost.exe","type":"Regular File","type_id":1},"pid":720},"session":{"uid":"0xaaa9d"},"user":{"account":{"name":"splunker","type":"Windows Account","type_id":2,"uid":"SESTESTWIN2012\\splunker"},"domain":"SESTESTWIN2012","name":"splunker","uid":"SESTESTWIN2012\\splunker"}},"auth_protocol":"Negotiate","auth_protocol_id":99,"category_name":"Identity & Access Management","category_uid":3,"class_name":"Authentication","class_uid":3002,"device":{"hostname":"SesTestWin2012.SesTestDomain.local","os":{"name":"Windows","type":"Windows","type_id":100},"type":"Unknown","type_id":0},"dst_endpoint":{"hostname":"SesTestWin2012.SesTestDomain.local"},"logon_process":{"name":"seclogo","pid":-1},"logon_type":"New Credentials","logon_type_id":9,"message":"An account was successfully logged on.","metadata":{"event_code":"4624","log_name":"Security","log_provider":"Microsoft-Windows-Security-Auditing","log_version":"1","original_time":"2021-12-06T21:42:21.556824400Z","product":{"feature":{"uid":"{54849625-5478-4994-A5BA-3E3B0328C30D}"},"name":"Microsoft Windows","vendor_name":"Microsoft"},"profiles":["host"],"sequence":125926,"uid":"311ed49524256dde7ede293bd77218bf","version":"1.4.0"},"observables":[{"name":"dst_endpoint","type":"Endpoint","type_id":20},{"name":"dst_endpoint.hostname","type":"Hostname","type_id":1,"value":"SesTestWin2012.SesTestDomain.local"},{"name":"actor.process","type":"Process","type_id":25},{"name":"actor.process.pid","type":"Process ID","type_id":15,"value":"720"},{"name":"actor.process.file","type":"File","type_id":24},{"name":"actor.process.file.name","type":"File Name","type_id":7,"value":"svchost.exe"},{"name":"actor.user","type":"User","type_id":21},{"name":"actor.user.account.uid","type":"Account Object: uid","type_id":35,"value":"SESTESTWIN2012\\splunker"},{"name":"actor.user.account.name","type":"Account Object: name","type_id":34,"value":"splunker"},{"name":"actor.user.name","type":"User Name","type_id":4,"value":"splunker"},{"name":"actor.user.uid","type":"User Object: uid","type_id":31,"value":"SESTESTWIN2012\\splunker"},{"name":"device","type":"Endpoint","type_id":20},{"name":"device.hostname","type":"Hostname","type_id":1,"value":"SesTestWin2012.SesTestDomain.local"},{"name":"src_endpoint","type":"Endpoint","type_id":20},{"name":"src_endpoint.ip","type":"IP Address","type_id":2,"value":"::1"},{"name":"src_endpoint.port","type":"Port","type_id":11,"value":"0"},{"name":"user","type":"User","type_id":21},{"name":"user.name","type":"User Name","type_id":4,"value":"splunker"},{"name":"user.uid","type":"User Object: uid","type_id":31,"value":"SESTESTWIN2012\\splunker"},{"name":"user.account.uid","type":"Account Object: uid","type_id":35,"value":"SESTESTWIN2012\\splunker"},{"name":"user.account.name","type":"Account Object: name","type_id":34,"value":"splunker"},{"name":"logon_process","type":"Process","type_id":25},{"name":"logon_process.pid","type":"Process ID","type_id":15,"value":"-1"},{"name":"logon_process.name","type":"Process Name","type_id":9,"value":"seclogo"}],"raw_data":"<Event xmlns='http://schemas.microsoft.com/win/2004/08/events/event'>\n    <System>\n        <Provider Name='Microsoft-Windows-Security-Auditing' Guid='{54849625-5478-4994-A5BA-3E3B0328C30D}'/>\n        <EventID>4624</EventID>\n        <Version>1</Version>\n        <Level>0</Level>\n        <Task>12544</Task>\n        <Opcode>0</Opcode>\n        <Keywords>0x8020000000000000</Keywords>\n        <TimeCreated SystemTime='2021-12-06T21:42:21.556824400Z'/>\n        <EventRecordID>125926</EventRecordID>\n        <Correlation/>\n        <Execution ProcessID='476' ThreadID='504'/>\n        <Channel>Security</Channel>\n        <Computer>SesTestWin2012.SesTestDomain.local</Computer>\n        <Security/>\n    </System>\n    <EventData>\n        <Data Name='SubjectUserSid'>SESTESTWIN2012\\splunker</Data>\n        <Data Name='SubjectUserName'>splunker</Data>\n        <Data Name='SubjectDomainName'>SESTESTWIN2012</Data>\n        <Data Name='SubjectLogonId'>0xaaa9d</Data>\n        <Data Name='TargetUserSid'>SESTESTWIN2012\\splunker</Data>\n        <Data Name='TargetUserName'>splunker</Data>\n        <Data Name='TargetDomainName'>SESTESTWIN2012</Data>\n        <Data Name='TargetLogonId'>0x373080</Data>\n        <Data Name='LogonType'>9</Data>\n        <Data Name='LogonProcessName'>seclogo</Data>\n        <Data Name='AuthenticationPackageName'>Negotiate</Data>\n        <Data Name='WorkstationName'>-</Data>\n        <Data Name='LogonGuid'>{00000000-0000-0000-0000-000000000000}</Data>\n        <Data Name='TransmittedServices'>-</Data>\n        <Data Name='LmPackageName'>-</Data>\n        <Data Name='KeyLength'>0</Data>\n        <Data Name='ProcessId'>0x2d0</Data>\n        <Data Name='ProcessName'>C:\\Windows\\System32\\svchost.exe</Data>\n        <Data Name='IpAddress'>::1</Data>\n        <Data Name='IpPort'>0</Data>\n        <Data Name='ImpersonationLevel'>%%1833</Data>\n    </EventData>\n</Event>","session":{"uid":"0x373080","uuid":"{00000000-0000-0000-0000-000000000000}"},"severity":"Informational","severity_id":1,"src_endpoint":{"ip":"::1","port":0},"status":"Success","status_id":1,"time":1638826941556,"type_name":"Authentication: Logon","type_uid":300201,"unmapped":{"EventData":{"ImpersonationLevel":"%%1833","KeyLength":"0"},"Execution":{"ProcessID":"476","ThreadID":"504"},"Opcode":"0","Task":"12544"},"user":{"account":{"name":"splunker","type":"Windows Account","type_id":2,"uid":"SESTESTWIN2012\\splunker"},"domain":"SESTESTWIN2012","name":"splunker","uid":"SESTESTWIN2012\\splunker"}}
{"activity_id":1,"activity_name":"Logon","actor":{"process":{"file":{"name":"abcd","path":"abcd","type":"Regular File","type_id":1},"pid":0},"session":{"uid":"0x0"},"user":{"account":{"name":"Aa-Bb","type":"Windows Account","type_id":2,"uid":"NULL SID"},"name":"Aa-Bb","uid":"NULL SID"}},"auth_protocol":"Kerberos","auth_protocol_id":2,"category_name":"Identity & Access Management","category_uid":3,"class_name":"Authentication","class_uid":3002,"device":{"hostname":"ta-dc-w2016.crest-2012r2.com","os":{"name":"Windows","type":"Windows","type_id":100},"type":"Unknown","type_id":0},"dst_endpoint":{"hostname":"ta-dc-w2016.crest-2012r2.com"},"logon_process":{"name":"Kerberos","pid":-1},"logon_type":"Network","logon_type_id":3,"message":"An account was successfully logged on.","metadata":{"event_code":"4624","log_name":"Security","log_provider":"Microsoft-Windows-Security-Auditing","log_version":"2","original_time":"2020-09-22T09:22:54.268295200Z","product":{"feature":{"uid":"{54849625-5478-4994-A5BA-3E3B0328C30D}"},"name":"Microsoft Windows","vendor_name":"Microsoft"},"profiles":["host"],"sequence":12138030,"uid":"51226ece120ce6951fafe27343f58f58","version":"1.4.0"},"observables":[{"name":"logon_process","type":"Process","type_id":25},{"name":"logon_process.name","type":"Process Name","type_id":9,"value":"Kerberos"},{"name":"logon_process.pid","type":"Process ID","type_id":15,"value":"-1"},{"name":"device","type":"Endpoint","type_id":20},{"name":"device.hostname","type":"Hostname","type_id":1,"value":"ta-dc-w2016.crest-2012r2.com"},{"name":"dst_endpoint","type":"Endpoint","type_id":20},{"name":"dst_endpoint.hostname","type":"Hostname","type_id":1,"value":"ta-dc-w2016.crest-2012r2.com"},{"name":"src_endpoint","type":"Endpoint","type_id":20},{"name":"src_endpoint.ip","type":"IP Address","type_id":2,"value":"10.141.36.87"},{"name":"src_endpoint.port","type":"Port","type_id":11,"value":"59116"},{"name":"actor.process","type":"Process","type_id":25},{"name":"actor.process.file","type":"File","type_id":24},{"name":"actor.process.file.name","type":"File Name","type_id":7,"value":"abcd"},{"name":"actor.process.pid","type":"Process ID","type_id":15,"value":"0"},{"name":"actor.user","type":"User","type_id":21},{"name":"actor.user.account.uid","type":"Account Object: uid","type_id":35,"value":"NULL SID"},{"name":"actor.user.account.name","type":"Account Object: name","type_id":34,"value":"Aa-Bb"},{"name":"actor.user.name","type":"User Name","type_id":4,"value":"Aa-Bb"},{"name":"actor.user.uid","type":"User Object: uid","type_id":31,"value":"NULL SID"},{"name":"user","type":"User","type_id":21},{"name":"user.account.uid","type":"Account Object: uid","type_id":35,"value":"CREST-2012R2\\TA-DC-W2012R2$"},{"name":"user.account.name","type":"Account Object: name","type_id":34,"value":"TA-DC-W2012R2$"},{"name":"user.name","type":"User Name","type_id":4,"value":"TA-DC-W2012R2$"},{"name":"user.uid","type":"User Object: uid","type_id":31,"value":"CREST-2012R2\\TA-DC-W2012R2$"}],"raw_data":"<?xml version=\"1.0\" encoding=\"UTF-8\"?>\n<Event xmlns=\"http://schemas.microsoft.com/win/2004/08/events/event\">\n   <System>\n      <Provider Name=\"Microsoft-Windows-Security-Auditing\" Guid=\"{54849625-5478-4994-A5BA-3E3B0328C30D}\" />\n      <EventID>4624</EventID>\n      <Version>2</Version>\n      <Level>0</Level>\n      <Task>12544</Task>\n      <Opcode>0</Opcode>\n      <Keywords>0x8020000000000000</Keywords>\n      <TimeCreated SystemTime=\"2020-09-22T09:22:54.268295200Z\" />\n      <EventRecordID>12138030</EventRecordID>\n      <Correlation ActivityID=\"{C31DFEBE-8DAB-000B-BFFE-1DC3AB8DD601}\" />\n      <Execution ProcessID=\"724\" ThreadID=\"3656\" />\n      <Channel>Security</Channel>\n      <Computer>ta-dc-w2016.crest-2012r2.com</Computer>\n      <Security />\n      <TargetUserSid>test</TargetUserSid>\n   </System>\n   <EventData>\n      <Data Name=\"SubjectUserSid\">NULL SID</Data>\n      <Data Name=\"SubjectUserName\">Aa-Bb</Data>\n      <Data Name=\"SubjectDomainName\">-</Data>\n      <Data Name=\"SubjectLogonId\">0x0</Data>\n      <Data Name=\"TargetUserSid\">CREST-2012R2\\TA-DC-W2012R2$</Data>\n      <Data Name=\"TargetUserName\">TA-DC-W2012R2$</Data>\n      <Data Name=\"TargetDomainName\">CREST-2012R2.COM</Data>\n      <Data Name=\"TargetLogonId\">0x19b0004d</Data>\n      <Data Name=\"LogonType\">3</Data>\n      <Data Name=\"LogonProcessName\">Kerberos</Data>\n      <Data Name=\"AuthenticationPackageName\">Kerberos</Data>\n      <Data Name=\"WorkstationName\" />\n      <Data Name=\"LogonGuid\">{88A766D5-5207-DBD6-8A42-FBEF1D9BB821}</Data>\n      <Data Name=\"TransmittedServices\">-</Data>\n      <Data Name=\"LmPackageName\">-</Data>\n      <Data Name=\"KeyLength\">0</Data>\n      <Data Name=\"ProcessId\">0x0</Data>\n      <Data Name=\"ProcessName\">abcd</Data>\n      <Data Name=\"IpAddress\">10.141.36.87</Data>\n      <Data Name=\"IpPort\">59116</Data>\n      <Data Name=\"ImpersonationLevel\">%%1833</Data>\n      <Data Name=\"RestrictedAdminMode\">-</Data>\n      <Data Name=\"TargetOutboundUserName\">-</Data>\n      <Data Name=\"TargetOutboundDomainName\">-</Data>\n      <Data Name=\"VirtualAccount\">%%1843</Data>\n      <Data Name=\"TargetLinkedLogonId\">0x0</Data>\n      <Data Name=\"ElevatedToken\">%%1842</Data>\n   </EventData>\n</Event>","session":{"uid":"0x19b0004d","uuid":"{88A766D5-5207-DBD6-8A42-FBEF1D9BB821}"},"severity":"Informational","severity_id":1,"src_endpoint":{"ip":"10.141.36.87","port":59116},"status":"Success","status_id":1,"time":1600766574268,"type_name":"Authentication: Logon","type_uid":300201,"unmapped":{"Correlation":{"ActivityID":"{C31DFEBE-8DAB-000B-BFFE-1DC3AB8DD601}"},"EventData":{"ElevatedToken":"%%1842","ImpersonationLevel":"%%1833","KeyLength":"0","TargetLinkedLogonId":"0x0","VirtualAccount":"%%1843"},"Execution":{"ProcessID":"724","ThreadID":"3656"},"Opcode":"0","TargetUserSid":"test","Task":"12544"},"user":{"account":{"name":"TA-DC-W2012R2$","type":"Windows Account","type_id":2,"uid":"CREST-2012R2\\TA-DC-W2012R2$"},"domain":"CREST-2012R2.COM","name":"TA-DC-W2012R2$","uid":"CREST-2012R2\\TA-DC-W2012R2$"}}
{"activity_id":1,"activity_name":"Logon","actor":{"process":{"pid":4},"session":{"uid":"0x0"},"user":{"account":{"name":"","type":"Windows Account","type_id":2,"uid":"NULL SID"},"name":"","uid":"NULL SID"}},"auth_protocol":"Unknown","auth_protocol_id":0,"category_name":"Identity & Access Management","category_uid":3,"class_name":"Authentication","class_uid":3002,"device":{"hostname":"IP-0ACA0AA5","os":{"name":"Windows","type":"Windows","type_id":100},"type":"Unknown","type_id":0},"dst_endpoint":{"hostname":"IP-0ACA0AA5"},"logon_process":{"pid":-1},"logon_type":"Unknown","logon_type_id":0,"message":"An account was successfully logged on.","metadata":{"event_code":"4624","log_name":"Security","log_provider":"Microsoft-Windows-Security-Auditing","log_version":"2","original_time":"2021-12-02T12:46:42.791181200Z","product":{"feature":{"uid":"{54849625-5478-4994-A5BA-3E3B0328C30D}"},"name":"Microsoft Windows","vendor_name":"Microsoft"},"profiles":["host"],"sequence":280472,"uid":"e924988a294e1e4b9f136d02158d7c43","version":"1.4.0"},"observables":[{"name":"user","type":"User","type_id":21},{"name":"user.account.uid","type":"Account Object: uid","type_id":35,"value":"NT AUTHORITY\\SYSTEM"},{"name":"user.account.name","type":"Account Object: name","type_id":34,"value":"SYSTEM"},{"name":"user.name","type":"User Name","type_id":4,"value":"SYSTEM"},{"name":"user.uid","type":"User Object: uid","type_id":31,"value":"NT AUTHORITY\\SYSTEM"},{"name":"dst_endpoint","type":"Endpoint","type_id":20},{"name":"dst_endpoint.hostname","type":"Hostname","type_id":1,"value":"IP-0ACA0AA5"},{"name":"actor.process","type":"Process","type_id":25},{"name":"actor.process.pid","type":"Process ID","type_id":15,"value":"4"},{"name":"actor.user","type":"User","type_id":21},{"name":"actor.user.uid","type":"User Object: uid","type_id":31,"value":"NULL SID"},{"name":"actor.user.account.uid","type":"Account Object: uid","type_id":35,"value":"NULL SID"},{"name":"logon_process","type":"Process","type_id":25},{"name":"logon_process.pid","type":"Process ID","type_id":15,"value":"-1"},{"name":"device","type":"Endpoint","type_id":20},{"name":"device.hostname","type":"Hostname","type_id":1,"value":"IP-0ACA0AA5"}],"raw_data":"<Event xmlns='http://schemas.microsoft.com/win/2004/08/events/event'>\n    <System>\n        <Provider Name='Microsoft-Windows-Security-Auditing' Guid='{54849625-5478-4994-A5BA-3E3B0328C30D}'/>\n        <EventID>4624</EventID>\n        <Version>2</Version>\n        <Level>0</Level>\n        <Task>12544</Task>\n        <Opcode>0</Opcode>\n        <Keywords>0x8020000000000000</Keywords>\n        <TimeCreated SystemTime='2021-12-02T12:46:42.791181200Z'/>\n        <EventRecordID>280472</EventRecordID>\n        <Correlation/>\n        <Execution ProcessID='572' ThreadID='576'/>\n        <Channel>Security</Channel>\n        <Computer>IP-0ACA0AA5</Computer>\n        <Security/>\n    </System>\n    <EventData>\n        <Data Name='SubjectUserSid'>NULL SID</Data>\n        <Data Name='SubjectUserName'>-</Data>\n        <Data Name='SubjectDomainName'>-</Data>\n        <Data Name='SubjectLogonId'>0x0</Data>\n        <Data Name='TargetUserSid'>NT AUTHORITY\\SYSTEM</Data>\n        <Data Name='TargetUserName'>SYSTEM</Data>\n        <Data Name='TargetDomainName'>NT AUTHORITY</Data>\n        <Data Name='TargetLogonId'>0x3e7</Data>\n        <Data Name='LogonType'>0</Data>\n        <Data Name='LogonProcessName'>-</Data>\n        <Data Name='AuthenticationPackageName'>-</Data>\n        <Data Name='WorkstationName'>-</Data>\n        <Data Name='LogonGuid'>{00000000-0000-0000-0000-000000000000}</Data>\n        <Data Name='TransmittedServices'>-</Data>\n        <Data Name='LmPackageName'>-</Data>\n        <Data Name='KeyLength'>0</Data>\n        <Data Name='ProcessId'>0x4</Data>\n        <Data Name='ProcessName'></Data>\n        <Data Name='IpAddress'>-</Data>\n        <Data Name='IpPort'>-</Data>\n        <Data Name='ImpersonationLevel'>-</Data>\n        <Data Name='RestrictedAdminMode'>-</Data>\n        <Data Name='TargetOutboundUserName'>-</Data>\n        <Data Name='TargetOutboundDomainName'>-</Data>\n        <Data Name='VirtualAccount'>%%1843</Data>\n        <Data Name='TargetLinkedLogonId'>0x0</Data>\n        <Data Name='ElevatedToken'>%%1842</Data>\n    </EventData>\n</Event>","session":{"uid":"0x3e7","uuid":"{00000000-0000-0000-0000-000000000000}"},"severity":"Informational","severity_id":1,"status":"Success","status_id":1,"time":1638449202791,"type_name":"Authentication: Logon","type_uid":300201,"unmapped":{"EventData":{"ElevatedToken":"%%1842","KeyLength":"0","TargetLinkedLogonId":"0x0","VirtualAccount":"%%1843"},"Execution":{"ProcessID":"572","ThreadID":"576"},"Opcode":"0","Task":"12544"},"user":{"account":{"name":"SYSTEM","type":"Windows Account","type_id":2,"uid":"NT AUTHORITY\\SYSTEM"},"domain":"NT AUTHORITY","name":"SYSTEM","uid":"NT AUTHORITY\\SYSTEM"}}
{"activity_id":1,"activity_name":"Logon","actor":{"process":{"file":{"name":"svchost.exe","parent_folder":"C:\\Windows\\System32","path":"C:\\Windows\\System32\\svchost.exe","type":"Regular File","type_id":1},"pid":448},"session":{"uid":"0x3e7"},"user":{"account":{"name":"IP-0ACA0AA5$","type":"Windows Account","type_id":2,"uid":"NT AUTHORITY\\SYSTEM"},"domain":"WORKGROUP","name":"IP-0ACA0AA5$","uid":"NT AUTHORITY\\SYSTEM"}},"auth_protocol":"Negotiate","auth_protocol_id":99,"category_name":"Identity & Access Management","category_uid":3,"class_name":"Authentication","class_uid":3002,"device":{"hostname":"IP-0ACA0AA5","os":{"name":"Windows","type":"Windows","type_id":100},"type":"Unknown","type_id":0},"dst_endpoint":{"hostname":"IP-0ACA0AA5"},"logon_process":{"name":"User32","pid":-1},"logon_type":"Remote Interactive","logon_type_id":10,"message":"An account was successfully logged on.","metadata":{"event_code":"4624","log_name":"Security","log_provider":"Microsoft-Windows-Security-Auditing","log_version":"2","original_time":"2021-12-02T19:27:15.486055100Z","product":{"feature":{"uid":"{54849625-5478-4994-A5BA-3E3B0328C30D}"},"name":"Microsoft Windows","vendor_name":"Microsoft"},"profiles":["host"],"sequence":280535,"uid":"626035844136e02ac280a518104aaac3","version":"1.4.0"},"observables":[{"name":"dst_endpoint","type":"Endpoint","type_id":20},{"name":"dst_endpoint.hostname","type":"Hostname","type_id":1,"value":"IP-0ACA0AA5"},{"name":"actor.user","type":"User","type_id":21},{"name":"actor.user.uid","type":"User Object: uid","type_id":31,"value":"NT AUTHORITY\\SYSTEM"},{"name":"actor.user.account.uid","type":"Account Object: uid","type_id":35,"value":"NT AUTHORITY\\SYSTEM"},{"name":"actor.user.account.name","type":"Account Object: name","type_id":34,"value":"IP-0ACA0AA5$"},{"name":"actor.user.name","type":"User Name","type_id":4,"value":"IP-0ACA0AA5$"},{"name":"actor.process","type":"Process","type_id":25},{"name":"actor.process.file","type":"File","type_id":24},{"name":"actor.process.file.name","type":"File Name","type_id":7,"value":"svchost.exe"},{"name":"actor.process.pid","type":"Process ID","type_id":15,"value":"448"},{"name":"device","type":"Endpoint","type_id":20},{"name":"device.hostname","type":"Hostname","type_id":1,"value":"IP-0ACA0AA5"},{"name":"src_endpoint","type":"Endpoint","type_id":20},{"name":"src_endpoint.ip","type":"IP Address","type_id":2,"value":"10.136.158.250"},{"name":"src_endpoint.port","type":"Port","type_id":11,"value":"0"},{"name":"user","type":"User","type_id":21},{"name":"user.account.uid","type":"Account Object: uid","type_id":35,"value":"IP-0ACA0AA5\\splunker"},{"name":"user.account.name","type":"Account Object: name","type_id":34,"value":"splunker"},{"name":"user.name","type":"User Name","type_id":4,"value":"splunker"},{"name":"user.uid","type":"User Object: uid","type_id":31,"value":"IP-0ACA0AA5\\splunker"},{"name":"logon_process","type":"Process","type_id":25},{"name":"logon_process.name","type":"Process Name","type_id":9,"value":"User32"},{"name":"logon_process.pid","type":"Process ID","type_id":15,"value":"-1"}],"raw_data":"<Event xmlns='http://schemas.microsoft.com/win/2004/08/events/event'>\n    <System>\n        <Provider Name='Microsoft-Windows-Security-Auditing' Guid='{54849625-5478-4994-A5BA-3E3B0328C30D}'/>\n        <EventID>4624</EventID>\n        <Version>2</Version>\n        <Level>0</Level>\n        <Task>12544</Task>\n        <Opcode>0</Opcode>\n        <Keywords>0x8020000000000000</Keywords>\n        <TimeCreated SystemTime='2021-12-02T19:27:15.486055100Z'/>\n        <EventRecordID>280535</EventRecordID>\n        <Correlation ActivityID='{A712B501-E77A-0000-13B5-12A77AE7D701}'/>\n        <Execution ProcessID='572' ThreadID='3444'/>\n        <Channel>Security</Channel>\n        <Computer>IP-0ACA0AA5</Computer>\n        <Security/>\n    </System>\n    <EventData>\n        <Data Name='SubjectUserSid'>NT AUTHORITY\\SYSTEM</Data>\n        <Data Name='SubjectUserName'>IP-0ACA0AA5$</Data>\n        <Data Name='SubjectDomainName'>WORKGROUP</Data>\n        <Data Name='SubjectLogonId'>0x3e7</Data>\n        <Data Name='TargetUserSid'>IP-0ACA0AA5\\splunker</Data>\n        <Data Name='TargetUserName'>splunker</Data>\n        <Data Name='TargetDomainName'>IP-0ACA0AA5</Data>\n        <Data Name='TargetLogonId'>0x398c3db</Data>\n        <Data Name='LogonType'>10</Data>\n        <Data Name='LogonProcessName'>User32 </Data>\n        <Data Name='AuthenticationPackageName'>Negotiate</Data>\n        <Data Name='WorkstationName'>IP-0ACA0AA5</Data>\n        <Data Name='LogonGuid'>{00000000-0000-0000-0000-000000000000}</Data>\n        <Data Name='TransmittedServices'>-</Data>\n        <Data Name='LmPackageName'>-</Data>\n        <Data Name='KeyLength'>0</Data>\n        <Data Name='ProcessId'>0x1c0</Data>\n        <Data Name='ProcessName'>C:\\Windows\\System32\\svchost.exe</Data>\n        <Data Name='IpAddress'>10.136.158.250</Data>\n        <Data Name='IpPort'>0</Data>\n        <Data Name='ImpersonationLevel'>%%1833</Data>\n        <Data Name='RestrictedAdminMode'>%%1843</Data>\n        <Data Name='TargetOutboundUserName'>-</Data>\n        <Data Name='TargetOutboundDomainName'>-</Data>\n        <Data Name='VirtualAccount'>%%1843</Data>\n        <Data Name='TargetLinkedLogonId'>0x398c3ac</Data>\n        <Data Name='ElevatedToken'>%%1843</Data>\n    </EventData>\n</Event>","session":{"uid":"0x398c3db","uuid":"{00000000-0000-0000-0000-000000000000}"},"severity":"Informational","severity_id":1,"src_endpoint":{"ip":"10.136.158.250","name":"IP-0ACA0AA5","port":0},"status":"Success","status_id":1,"time":1638473235486,"type_name":"Authentication: Logon","type_uid":300201,"unmapped":{"Correlation":{"ActivityID":"{A712B501-E77A-0000-13B5-12A77AE7D701}"},"EventData":{"ElevatedToken":"%%1843","ImpersonationLevel":"%%1833","KeyLength":"0","RestrictedAdminMode":"%%1843","TargetLinkedLogonId":"0x398c3ac","VirtualAccount":"%%1843"},"Execution":{"ProcessID":"572","ThreadID":"3444"},"Opcode":"0","Task":"12544"},"user":{"account":{"name":"splunker","type":"Windows Account","type_id":2,"uid":"IP-0ACA0AA5\\splunker"},"domain":"IP-0ACA0AA5","name":"splunker","uid":"IP-0ACA0AA5\\splunker"}}
{"activity_id":1,"activity_name":"Logon","actor":{"process":{"file":{"name":"svchost.exe","parent_folder":"C:\\Windows\\System32","path":"C:\\Windows\\System32\\svchost.exe","type":"Regular File","type_id":1},"pid":1192},"session":{"uid":"0x3e7"},"user":{"account":{"name":"SESTESTWIN2016$","type":"Windows Account","type_id":2,"uid":"NT AUTHORITY\\SYSTEM"},"domain":"SESTESTDOMAIN","name":"SESTESTWIN2016$","uid":"NT AUTHORITY\\SYSTEM"}},"auth_protocol":"Negotiate","auth_protocol_id":99,"category_name":"Identity & Access Management","category_uid":3,"class_name":"Authentication","class_uid":3002,"device":{"hostname":"SesTestWin2016.SesTestDomain.local","os":{"name":"Windows","type":"Windows","type_id":100},"type":"Unknown","type_id":0},"dst_endpoint":{"hostname":"SesTestWin2016.SesTestDomain.local"},"logon_process":{"name":"User32","pid":-1},"logon_type":"Remote Interactive","logon_type_id":10,"message":"An account was successfully logged on.","metadata":{"event_code":"4624","log_name":"Security","log_provider":"Microsoft-Windows-Security-Auditing","log_version":"2","original_time":"2021-12-06T18:45:50.289855000Z","product":{"feature":{"uid":"{54849625-5478-4994-A5BA-3E3B0328C30D}"},"name":"Microsoft Windows","vendor_name":"Microsoft"},"profiles":["host"],"sequence":281230,"uid":"8bfd4de3fab750eaacba31975c88b7d1","version":"1.4.0"},"observables":[{"name":"logon_process","type":"Process","type_id":25},{"name":"logon_process.name","type":"Process Name","type_id":9,"value":"User32"},{"name":"logon_process.pid","type":"Process ID","type_id":15,"value":"-1"},{"name":"device","type":"Endpoint","type_id":20},{"name":"device.hostname","type":"Hostname","type_id":1,"value":"SesTestWin2016.SesTestDomain.local"},{"name":"actor.process","type":"Process","type_id":25},{"name":"actor.process.file","type":"File","type_id":24},{"name":"actor.process.file.name","type":"File Name","type_id":7,"value":"svchost.exe"},{"name":"actor.process.pid","type":"Process ID","type_id":15,"value":"1192"},{"name":"actor.user","type":"User","type_id":21},{"name":"actor.user.account.name","type":"Account Object: name","type_id":34,"value":"SESTESTWIN2016$"},{"name":"actor.user.account.uid","type":"Account Object: uid","type_id":35,"value":"NT AUTHORITY\\SYSTEM"},{"name":"actor.user.name","type":"User Name","type_id":4,"value":"SESTESTWIN2016$"},{"name":"actor.user.uid","type":"User Object: uid","type_id":31,"value":"NT AUTHORITY\\SYSTEM"},{"name":"src_endpoint","type":"Endpoint","type_id":20},{"name":"src_endpoint.ip","type":"IP Address","type_id":2,"value":"10.202.6.99"},{"name":"src_endpoint.port","type":"Port","type_id":11,"value":"0"},{"name":"dst_endpoint","type":"Endpoint","type_id":20},{"name":"dst_endpoint.hostname","type":"Hostname","type_id":1,"value":"SesTestWin2016.SesTestDomain.local"},{"name":"user","type":"User","type_id":21},{"name":"user.account.name","type":"Account Object: name","type_id":34,"value":"SesTestUser"},{"name":"user.account.uid","type":"Account Object: uid","type_id":35,"value":"SESTESTDOMAIN\\SesTestUser"},{"name":"user.name","type":"User Name","type_id":4,"value":"SesTestUser"},{"name":"user.uid","type":"User Object: uid","type_id":31,"value":"SESTESTDOMAIN\\SesTestUser"}],"raw_data":"<Event xmlns='http://schemas.microsoft.com/win/2004/08/events/event'>\n    <System>\n        <Provider Name='Microsoft-Windows-Security-Auditing' Guid='{54849625-5478-4994-A5BA-3E3B0328C30D}'/>\n        <EventID>4624</EventID>\n        <Version>2</Version>\n        <Level>0</Level>\n        <Task>12544</Task>\n        <Opcode>0</Opcode>\n        <Keywords>0x8020000000000000</Keywords>\n        <TimeCreated SystemTime='2021-12-06T18:45:50.289855000Z'/>\n        <EventRecordID>281230</EventRecordID>\n        <Correlation ActivityID='{5616F5AF-EA9F-0001-BFF5-16569FEAD701}'/>\n        <Execution ProcessID='576' ThreadID='804'/>\n        <Channel>Security</Channel>\n        <Computer>SesTestWin2016.SesTestDomain.local</Computer>\n        <Security/>\n    </System>\n    <EventData>\n        <Data Name='SubjectUserSid'>NT AUTHORITY\\SYSTEM</Data>\n        <Data Name='SubjectUserName'>SESTESTWIN2016$</Data>\n        <Data Name='SubjectDomainName'>SESTESTDOMAIN</Data>\n        <Data Name='SubjectLogonId'>0x3e7</Data>\n        <Data Name='TargetUserSid'>SESTESTDOMAIN\\SesTestUser</Data>\n        <Data Name='TargetUserName'>SesTestUser</Data>\n        <Data Name='TargetDomainName'>SESTESTDOMAIN</Data>\n        <Data Name='TargetLogonId'>0x412c73c</Data>\n        <Data Name='LogonType'>10</Data>\n        <Data Name='LogonProcessName'>User32 </Data>\n        <Data Name='AuthenticationPackageName'>Negotiate</Data>\n        <Data Name='WorkstationName'>SESTESTWIN2016</Data>\n        <Data Name='LogonGuid'>{28071A19-D2BC-6A61-C8FA-0ECE40969D13}</Data>\n        <Data Name='TransmittedServices'>-</Data>\n        <Data Name='LmPackageName'>-</Data>\n        <Data Name='KeyLength'>0</Data>\n        <Data Name='ProcessId'>0x4a8</Data>\n        <Data Name='ProcessName'>C:\\Windows\\System32\\svchost.exe</Data>\n        <Data Name='IpAddress'>10.202.6.99</Data>\n        <Data Name='IpPort'>0</Data>\n        <Data Name='ImpersonationLevel'>%%1833</Data>\n        <Data Name='RestrictedAdminMode'>%%1843</Data>\n        <Data Name='TargetOutboundUserName'>-</Data>\n        <Data Name='TargetOutboundDomainName'>-</Data>\n        <Data Name='VirtualAccount'>%%1843</Data>\n        <Data Name='TargetLinkedLogonId'>0x0</Data>\n        <Data Name='ElevatedToken'>%%1843</Data>\n    </EventData>\n</Event>","session":{"uid":"0x412c73c","uuid":"{28071A19-D2BC-6A61-C8FA-0ECE40969D13}"},"severity":"Informational","severity_id":1,"src_endpoint":{"ip":"10.202.6.99","name":"SESTESTWIN2016","port":0},"status":"Success","status_id":1,"time":1638816350289,"type_name":"Authentication: Logon","type_uid":300201,"unmapped":{"Correlation":{"ActivityID":"{5616F5AF-EA9F-0001-BFF5-16569FEAD701}"},"EventData":{"ElevatedToken":"%%1843","ImpersonationLevel":"%%1833","KeyLength":"0","RestrictedAdminMode":"%%1843","TargetLinkedLogonId":"0x0","VirtualAccount":"%%1843"},"Execution":{"ProcessID":"576","ThreadID":"804"},"Opcode":"0","Task":"12544"},"user":{"account":{"name":"SesTestUser","type":"Windows Account","type_id":2,"uid":"SESTESTDOMAIN\\SesTestUser"},"domain":"SESTESTDOMAIN","name":"SesTestUser","uid":"SESTESTDOMAIN\\SesTestUser"}}
{"activity_id":1,"activity_name":"Logon","actor":{"process":{"file":{"name":"winlogon.exe","parent_folder":"C:\\Windows\\System32","path":"C:\\Windows\\System32\\winlogon.exe","type":"Regular File","type_id":1},"pid":2776},"session":{"uid":"0x3e7"},"user":{"account":{"name":"IP-0ACA0AA5$","type":"Windows Account","type_id":2,"uid":"NT AUTHORITY\\SYSTEM"},"domain":"WORKGROUP","name":"IP-0ACA0AA5$","uid":"NT AUTHORITY\\SYSTEM"}},"auth_protocol":"Negotiate","auth_protocol_id":99,"category_name":"Identity & Access Management","category_uid":3,"class_name":"Authentication","class_uid":3002,"device":{"hostname":"IP-0ACA0AA5","os":{"name":"Windows","type":"Windows","type_id":100},"type":"Unknown","type_id":0},"dst_endpoint":{"hostname":"IP-0ACA0AA5"},"logon_process":{"name":"Advapi","pid":-1},"logon_type":"Interactive","logon_type_id":2,"message":"An account was successfully logged on.","metadata":{"event_code":"4624","log_name":"Security","log_provider":"Microsoft-Windows-Security-Auditing","log_version":"2","original_time":"2021-12-02T19:27:14.565447100Z","product":{"feature":{"uid":"{54849625-5478-4994-A5BA-3E3B0328C30D}"},"name":"Microsoft Windows","vendor_name":"Microsoft"},"profiles":["host"],"sequence":280523,"uid":"3c4eea23f42a0cc033544b74b4dedafe","version":"1.4.0"},"observables":[{"name":"actor.process","type":"Process","type_id":25},{"name":"actor.process.file","type":"File","type_id":24},{"name":"actor.process.file.name","type":"File Name","type_id":7,"value":"winlogon.exe"},{"name":"actor.process.pid","type":"Process ID","type_id":15,"value":"2776"},{"name":"actor.user","type":"User","type_id":21},{"name":"actor.user.name","type":"User Name","type_id":4,"value":"IP-0ACA0AA5$"},{"name":"actor.user.uid","type":"User Object: uid","type_id":31,"value":"NT AUTHORITY\\SYSTEM"},{"name":"actor.user.account.uid","type":"Account Object: uid","type_id":35,"value":"NT AUTHORITY\\SYSTEM"},{"name":"actor.user.account.name","type":"Account Object: name","type_id":34,"value":"IP-0ACA0AA5$"},{"name":"dst_endpoint","type":"Endpoint","type_id":20},{"name":"dst_endpoint.hostname","type":"Hostname","type_id":1,"value":"IP-0ACA0AA5"},{"name":"logon_process","type":"Process","type_id":25},{"name":"logon_process.name","type":"Process Name","type_id":9,"value":"Advapi"},{"name":"logon_process.pid","type":"Process ID","type_id":15,"value":"-1"},{"name":"user","type":"User","type_id":21},{"name":"user.uid","type":"User Object: uid","type_id":31,"value":"Window Manager\\DWM-2"},{"name":"user.account.uid","type":"Account Object: uid","type_id":35,"value":"Window Manager\\DWM-2"},{"name":"user.account.name","type":"Account Object: name","type_id":34,"value":"DWM-2"},{"name":"user.name","type":"User Name","type_id":4,"value":"DWM-2"},{"name":"device","type":"Endpoint","type_id":20},{"name":"device.hostname","type":"Hostname","type_id":1,"value":"IP-0ACA0AA5"}],"raw_data":"<Event xmlns='http://schemas.microsoft.com/win/2004/08/events/event'>\n    <System>\n        <Provider Name='Microsoft-Windows-Security-Auditing' Guid='{54849625-5478-4994-A5BA-3E3B0328C30D}'/>\n        <EventID>4624</EventID>\n        <Version>2</Version>\n        <Level>0</Level>\n        <Task>12544</Task>\n        <Opcode>0</Opcode>\n        <Keywords>0x8020000000000000</Keywords>\n        <TimeCreated SystemTime='2021-12-02T19:27:14.565447100Z'/>\n        <EventRecordID>280523</EventRecordID>\n        <Correlation ActivityID='{A712B501-E77A-0000-13B5-12A77AE7D701}'/>\n        <Execution ProcessID='572' ThreadID='3444'/>\n        <Channel>Security</Channel>\n        <Computer>IP-0ACA0AA5</Computer>\n        <Security/>\n    </System>\n    <EventData>\n        <Data Name='SubjectUserSid'>NT AUTHORITY\\SYSTEM</Data>\n        <Data Name='SubjectUserName'>IP-0ACA0AA5$</Data>\n        <Data Name='SubjectDomainName'>WORKGROUP</Data>\n        <Data Name='SubjectLogonId'>0x3e7</Data>\n        <Data Name='TargetUserSid'>Window Manager\\DWM-2</Data>\n        <Data Name='TargetUserName'>DWM-2</Data>\n        <Data Name='TargetDomainName'>Window Manager</Data>\n        <Data Name='TargetLogonId'>0x3984e4a</Data>\n        <Data Name='LogonType'>2</Data>\n        <Data Name='LogonProcessName'>Advapi  </Data>\n        <Data Name='AuthenticationPackageName'>Negotiate</Data>\n        <Data Name='WorkstationName'>-</Data>\n        <Data Name='LogonGuid'>{00000000-0000-0000-0000-000000000000}</Data>\n        <Data Name='TransmittedServices'>-</Data>\n        <Data Name='LmPackageName'>-</Data>\n        <Data Name='KeyLength'>0</Data>\n        <Data Name='ProcessId'>0xad8</Data>\n        <Data Name='ProcessName'>C:\\Windows\\System32\\winlogon.exe</Data>\n        <Data Name='IpAddress'>-</Data>\n        <Data Name='IpPort'>-</Data>\n        <Data Name='ImpersonationLevel'>%%1833</Data>\n        <Data Name='RestrictedAdminMode'>-</Data>\n        <Data Name='TargetOutboundUserName'>-</Data>\n        <Data Name='TargetOutboundDomainName'>-</Data>\n        <Data Name='VirtualAccount'>%%1842</Data>\n        <Data Name='TargetLinkedLogonId'>0x3981ff8</Data>\n        <Data Name='ElevatedToken'>%%1843</Data>\n    </EventData>\n</Event>","session":{"uid":"0x3984e4a","uuid":"{00000000-0000-0000-0000-000000000000}"},"severity":"Informational","severity_id":1,"status":"Success","status_id":1,"time":1638473234565,"type_name":"Authentication: Logon","type_uid":300201,"unmapped":{"Correlation":{"ActivityID":"{A712B501-E77A-0000-13B5-12A77AE7D701}"},"EventData":{"ElevatedToken":"%%1843","ImpersonationLevel":"%%1833","KeyLength":"0","TargetLinkedLogonId":"0x3981ff8","VirtualAccount":"%%1842"},"Execution":{"ProcessID":"572","ThreadID":"3444"},"Opcode":"0","Task":"12544"},"user":{"account":{"name":"DWM-2","type":"Windows Account","type_id":2,"uid":"Window Manager\\DWM-2"},"domain":"Window Manager","name":"DWM-2","uid":"Window Manager\\DWM-2"}}
{"activity_id":1,"activity_name":"Logon","actor":{"process":{"pid":0},"session":{"uid":"0x0"},"user":{"account":{"name":"","type":"Windows Account","type_id":2,"uid":"NULL SID"},"name":"","uid":"NULL SID"}},"auth_protocol":"NTLM","auth_protocol_id":1,"category_name":"Identity & Access Management","category_uid":3,"class_name":"Authentication","class_uid":3002,"device":{"hostname":"IP-0ACA0AA5","os":{"name":"Windows","type":"Windows","type_id":100},"type":"Unknown","type_id":0},"dst_endpoint":{"hostname":"IP-0ACA0AA5"},"logon_process":{"name":"NtLmSsp","pid":-1},"logon_type":"Network","logon_type_id":3,"message":"An account was successfully logged on.","metadata":{"event_code":"4624","log_name":"Security","log_provider":"Microsoft-Windows-Security-Auditing","log_version":"2","original_time":"2021-12-02T19:27:11.683979800Z","product":{"feature":{"uid":"{54849625-5478-4994-A5BA-3E3B0328C30D}"},"name":"Microsoft Windows","vendor_name":"Microsoft"},"profiles":["host"],"sequence":280520,"uid":"c452237dd9c028952bef361fe7a4c5ee","version":"1.4.0"},"observables":[{"name":"device","type":"Endpoint","type_id":20},{"name":"device.hostname","type":"Hostname","type_id":1,"value":"IP-0ACA0AA5"},{"name":"actor.process","type":"Process","type_id":25},{"name":"actor.process.pid","type":"Process ID","type_id":15,"value":"0"},{"name":"actor.user","type":"User","type_id":21},{"name":"actor.user.account.uid","type":"Account Object: uid","type_id":35,"value":"NULL SID"},{"name":"actor.user.uid","type":"User Object: uid","type_id":31,"value":"NULL SID"},{"name":"user","type":"User","type_id":21},{"name":"user.name","type":"User Name","type_id":4,"value":"splunker"},{"name":"user.uid","type":"User Object: uid","type_id":31,"value":"IP-0ACA0AA5\\splunker"},{"name":"user.account.uid","type":"Account Object: uid","type_id":35,"value":"IP-0ACA0AA5\\splunker"},{"name":"user.account.name","type":"Account Object: name","type_id":34,"value":"splunker"},{"name":"dst_endpoint","type":"Endpoint","type_id":20},{"name":"dst_endpoint.hostname","type":"Hostname","type_id":1,"value":"IP-0ACA0AA5"},{"name":"logon_process","type":"Process","type_id":25},{"name":"logon_process.name","type":"Process Name","type_id":9,"value":"NtLmSsp"},{"name":"logon_process.pid","type":"Process ID","type_id":15,"value":"-1"},{"name":"src_endpoint","type":"Endpoint","type_id":20},{"name":"src_endpoint.ip","type":"IP Address","type_id":2,"value":"10.136.158.250"},{"name":"src_endpoint.port","type":"Port","type_id":11,"value":"0"}],"raw_data":"<Event xmlns='http://schemas.microsoft.com/win/2004/08/events/event'>\n    <System>\n        <Provider Name='Microsoft-Windows-Security-Auditing' Guid='{54849625-5478-4994-A5BA-3E3B0328C30D}'/>\n        <EventID>4624</EventID>\n        <Version>2</Version>\n        <Level>0</Level>\n        <Task>12544</Task>\n        <Opcode>0</Opcode>\n        <Keywords>0x8020000000000000</Keywords>\n        <TimeCreated SystemTime='2021-12-02T19:27:11.683979800Z'/>\n        <EventRecordID>280520</EventRecordID>\n        <Correlation ActivityID='{A712B501-E77A-0000-13B5-12A77AE7D701}'/>\n        <Execution ProcessID='572' ThreadID='1288'/>\n        <Channel>Security</Channel>\n        <Computer>IP-0ACA0AA5</Computer>\n        <Security/>\n    </System>\n    <EventData>\n        <Data Name='SubjectUserSid'>NULL SID</Data>\n        <Data Name='SubjectUserName'>-</Data>\n        <Data Name='SubjectDomainName'>-</Data>\n        <Data Name='SubjectLogonId'>0x0</Data>\n        <Data Name='TargetUserSid'>IP-0ACA0AA5\\splunker</Data>\n        <Data Name='TargetUserName'>splunker</Data>\n        <Data Name='TargetDomainName'>IP-0ACA0AA5</Data>\n        <Data Name='TargetLogonId'>0x397e71a</Data>\n        <Data Name='LogonType'>3</Data>\n        <Data Name='LogonProcessName'>NtLmSsp </Data>\n        <Data Name='AuthenticationPackageName'>NTLM</Data>\n        <Data Name='WorkstationName'>-</Data>\n        <Data Name='LogonGuid'>{00000000-0000-0000-0000-000000000000}</Data>\n        <Data Name='TransmittedServices'>-</Data>\n        <Data Name='LmPackageName'>NTLM V2</Data>\n        <Data Name='KeyLength'>128</Data>\n        <Data Name='ProcessId'>0x0</Data>\n        <Data Name='ProcessName'>-</Data>\n        <Data Name='IpAddress'>10.136.158.250</Data>\n        <Data Name='IpPort'>0</Data>\n        <Data Name='ImpersonationLevel'>%%1833</Data>\n        <Data Name='RestrictedAdminMode'>-</Data>\n        <Data Name='TargetOutboundUserName'>-</Data>\n        <Data Name='TargetOutboundDomainName'>-</Data>\n        <Data Name='VirtualAccount'>%%1843</Data>\n        <Data Name='TargetLinkedLogonId'>0x0</Data>\n        <Data Name='ElevatedToken'>%%1842</Data>\n    </EventData>\n</Event>","session":{"uid":"0x397e71a","uuid":"{00000000-0000-0000-0000-000000000000}"},"severity":"Informational","severity_id":1,"src_endpoint":{"ip":"10.136.158.250","port":0},"status":"Success","status_id":1,"time":1638473231683,"type_name":"Authentication: Logon","type_uid":300201,"unmapped":{"Correlation":{"ActivityID":"{A712B501-E77A-0000-13B5-12A77AE7D701}"},"EventData":{"ElevatedToken":"%%1842","ImpersonationLevel":"%%1833","KeyLength":"128","LmPackageName":"NTLM V2","TargetLinkedLogonId":"0x0","VirtualAccount":"%%1843"},"Execution":{"ProcessID":"572","ThreadID":"1288"},"Opcode":"0","Task":"12544"},"user":{"account":{"name":"splunker","type":"Windows Account","type_id":2,"uid":"IP-0ACA0AA5\\splunker"},"domain":"IP-0ACA0AA5","name":"splunker","uid":"IP-0ACA0AA5\\splunker"}}
