{"activity_id":99,"activity_name":"Other","actor":{"session":{"uid":"0xe51e1c"},"user":{"account":{"name":"splunker","type":"Windows Account","type_id":2,"uid":"S-1-5-21-3599146515-3183291219-1546714568-1011"},"domain":"SESTEST","name":"splunker","uid":"S-1-5-21-3599146515-3183291219-1546714568-1011"}},"category_name":"Identity & Access Management","category_uid":3,"class_name":"Entity Management","class_uid":3004,"device":{"hostname":"SesWin2019DC2.SesTest.local","os":{"name":"Windows","type":"Windows","type_id":100},"type":"Unknown","type_id":0},"entity":{"name":"%{b26ae7d4-a8f8-4028-b6f4-004cad3f9532}","type":"%{bf967a9c-0de6-11d0-a285-00aa003049e2}","uid":"0x0"},"message":"An operation was performed on an object.","metadata":{"event_code":"4662","log_name":"Security","log_provider":"Microsoft-Windows-Security-Auditing","log_version":"0","original_time":"2022-01-12T23:13:50.748177800Z","product":{"feature":{"uid":"{54849625-5478-4994-a5ba-3e3b0328c30d}"},"name":"Microsoft Windows","vendor_name":"Microsoft"},"profiles":["host"],"sequence":127328,"uid":"09a23dbc7de263fbc7ee97b9841750d9","version":"1.4.0"},"observables":[{"name":"actor.user","type":"User","type_id":21},{"name":"actor.user.account.uid","type":"Account Object: uid","type_id":35,"value":"S-1-5-21-3599146515-3183291219-1546714568-1011"},{"name":"actor.user.account.name","type":"Account Object: name","type_id":34,"value":"splunker"},{"name":"actor.user.name","type":"User Name","type_id":4,"value":"splunker"},{"name":"actor.user.uid","type":"User Object: uid","type_id":31,"value":"S-1-5-21-3599146515-3183291219-1546714568-1011"},{"name":"device","type":"Endpoint","type_id":20},{"name":"device.hostname","type":"Hostname","type_id":1,"value":"SesWin2019DC2.SesTest.local"}],"raw_data":"<Event xmlns='http://schemas.microsoft.com/win/2004/08/events/event'>\n    <System>\n        <Provider Name='Microsoft-Windows-Security-Auditing' Guid='{54849625-5478-4994-a5ba-3e3b0328c30d}'/>\n        <EventID>4662</EventID>\n        <Version>0</Version>\n        <Level>0</Level>\n        <Task>14080</Task>\n        <Opcode>0</Opcode>\n        <Keywords>0x8020000000000000</Keywords>\n        <TimeCreated SystemTime='2022-01-12T23:13:50.748177800Z'/>\n        <EventRecordID>127328</EventRecordID>\n        <Correlation/>\n        <Execution ProcessID='680' ThreadID='800'/>\n        <Channel>Security</Channel>\n        <Computer>SesWin2019DC2.SesTest.local</Computer>\n        <Security/>\n    </System>\n    <EventData>\n        <Data Name='SubjectUserSid'>S-1-5-21-3599146515-3183291219-1546714568-1011</Data>\n        <Data Name='SubjectUserName'>splunker</Data>\n        <Data Name='SubjectDomainName'>SESTEST</Data>\n        <Data Name='SubjectLogonId'>0xe51e1c</Data>\n        <Data Name='ObjectServer'>DS</Data>\n        <Data Name='ObjectType'>%{bf967a9c-0de6-11d0-a285-00aa003049e2}</Data>\n        <Data Name='ObjectName'>%{b26ae7d4-a8f8-4028-b6f4-004cad3f9532}</Data>\n        <Data Name='OperationType'>Object Access</Data>\n        <Data Name='HandleId'>0x0</Data>\n        <Data Name='AccessList'>%%7685\n        </Data>\n        <Data Name='AccessMask'>0x20</Data>\n        <Data Name='Properties'>%%7685\n\t\t{bc0ac240-79a9-11d0-9020-00c04fc2d4cf}\n\t\t\t{bf9679c0-0de6-11d0-a285-00aa003049e2}\n\t{bf967a9c-0de6-11d0-a285-00aa003049e2}\n        </Data>\n        <Data Name='AdditionalInfo'>-</Data>\n        <Data Name='AdditionalInfo2'></Data>\n    </EventData>\n</Event>","severity":"Informational","severity_id":1,"status":"Success","status_id":1,"time":1642029230748,"type_name":"Entity Management: Other","type_uid":300499,"unmapped":{"EventData":{"AccessList":"%%7685","AccessMask":"0x20","ObjectServer":"DS","OperationType":"Object Access","Properties":"%%7685\n\t\t{bc0ac240-79a9-11d0-9020-00c04fc2d4cf}\n\t\t\t{bf9679c0-0de6-11d0-a285-00aa003049e2}\n\t{bf967a9c-0de6-11d0-a285-00aa003049e2}"},"Execution":{"ProcessID":"680","ThreadID":"800"},"Opcode":"0","Task":"14080"}}
{"activity_id":99,"activity_name":"Other","actor":{"session":{"uid":"0xe51e1c"},"user":{"account":{"name":"splunker","type":"Windows Account","type_id":2,"uid":"S-1-5-21-3599146515-3183291219-1546714568-1011"},"domain":"SESTEST","name":"splunker","uid":"S-1-5-21-3599146515-3183291219-1546714568-1011"}},"category_name":"Identity & Access Management","category_uid":3,"class_name":"Entity Management","class_uid":3004,"device":{"hostname":"SesWin2019DC2.SesTest.local","os":{"name":"Windows","type":"Windows","type_id":100},"type":"Unknown","type_id":0},"entity":{"name":"%{b26ae7d4-a8f8-4028-b6f4-004cad3f9532}","type":"%{bf967a9c-0de6-11d0-a285-00aa003049e2}","uid":"0x0"},"message":"An operation was performed on an object.","metadata":{"event_code":"4662","log_name":"Security","log_provider":"Microsoft-Windows-Security-Auditing","log_version":"0","original_time":"2022-01-12T23:14:07.534859200Z","product":{"feature":{"uid":"{54849625-5478-4994-a5ba-3e3b0328c30d}"},"name":"Microsoft Windows","vendor_name":"Microsoft"},"profiles":["host"],"sequence":127329,"uid":"030f16143295440a21911d8431766aad","version":"1.4.0"},"observables":[{"name":"device","type":"Endpoint","type_id":20},{"name":"device.hostname","type":"Hostname","type_id":1,"value":"SesWin2019DC2.SesTest.local"},{"name":"actor.user","type":"User","type_id":21},{"name":"actor.user.account.uid","type":"Account Object: uid","type_id":35,"value":"S-1-5-21-3599146515-3183291219-1546714568-1011"},{"name":"actor.user.account.name","type":"Account Object: name","type_id":34,"value":"splunker"},{"name":"actor.user.name","type":"User Name","type_id":4,"value":"splunker"},{"name":"actor.user.uid","type":"User Object: uid","type_id":31,"value":"S-1-5-21-3599146515-3183291219-1546714568-1011"}],"raw_data":"<Event xmlns='http://schemas.microsoft.com/win/2004/08/events/event'>\n    <System>\n        <Provider Name='Microsoft-Windows-Security-Auditing' Guid='{54849625-5478-4994-a5ba-3e3b0328c30d}'/>\n        <EventID>4662</EventID>\n        <Version>0</Version>\n        <Level>0</Level>\n        <Task>14080</Task>\n        <Opcode>0</Opcode>\n        <Keywords>0x8020000000000000</Keywords>\n        <TimeCreated SystemTime='2022-01-12T23:14:07.534859200Z'/>\n        <EventRecordID>127329</EventRecordID>\n        <Correlation/>\n        <Execution ProcessID='680' ThreadID='800'/>\n        <Channel>Security</Channel>\n        <Computer>SesWin2019DC2.SesTest.local</Computer>\n        <Security/>\n    </System>\n    <EventData>\n        <Data Name='SubjectUserSid'>S-1-5-21-3599146515-3183291219-1546714568-1011</Data>\n        <Data Name='SubjectUserName'>splunker</Data>\n        <Data Name='SubjectDomainName'>SESTEST</Data>\n        <Data Name='SubjectLogonId'>0xe51e1c</Data>\n        <Data Name='ObjectServer'>DS</Data>\n        <Data Name='ObjectType'>%{bf967a9c-0de6-11d0-a285-00aa003049e2}</Data>\n        <Data Name='ObjectName'>%{b26ae7d4-a8f8-4028-b6f4-004cad3f9532}</Data>\n        <Data Name='OperationType'>Object Access</Data>\n        <Data Name='HandleId'>0x0</Data>\n        <Data Name='AccessList'>%%7685\n        </Data>\n        <Data Name='AccessMask'>0x20</Data>\n        <Data Name='Properties'>%%7685\n\t\t{bc0ac240-79a9-11d0-9020-00c04fc2d4cf}\n\t\t\t{bf9679c0-0de6-11d0-a285-00aa003049e2}\n\t{bf967a9c-0de6-11d0-a285-00aa003049e2}\n        </Data>\n        <Data Name='AdditionalInfo'>-</Data>\n        <Data Name='AdditionalInfo2'></Data>\n    </EventData>\n</Event>","severity":"Informational","severity_id":1,"status":"Success","status_id":1,"time":1642029247534,"type_name":"Entity Management: Other","type_uid":300499,"unmapped":{"EventData":{"AccessList":"%%7685","AccessMask":"0x20","ObjectServer":"DS","OperationType":"Object Access","Properties":"%%7685\n\t\t{bc0ac240-79a9-11d0-9020-00c04fc2d4cf}\n\t\t\t{bf9679c0-0de6-11d0-a285-00aa003049e2}\n\t{bf967a9c-0de6-11d0-a285-00aa003049e2}"},"Execution":{"ProcessID":"680","ThreadID":"800"},"Opcode":"0","Task":"14080"}}
{"activity_id":99,"activity_name":"Other","actor":{"session":{"uid":"0x99ff8"},"user":{"account":{"name":"Administrator$","type":"Windows Account","type_id":2,"uid":"TAFADTEST\\Administrator"},"domain":"TAFADTEST","name":"Administrator$","uid":"TAFADTEST\\Administrator"}},"category_name":"Identity & Access Management","category_uid":3,"class_name":"Entity Management","class_uid":3004,"device":{"hostname":"AD-server.tafadtest.local","os":{"name":"Windows","type":"Windows","type_id":100},"type":"Unknown","type_id":0},"entity":{"name":"CN={31B2F340-016D-11D2-945F-00C04FB984F9},CN=Policies,CN=System,DC=tafadtest,DC=local","type":"groupPolicyContainer","uid":"0x0"},"message":"An operation was performed on an object.","metadata":{"event_code":"4662","log_name":"Security","log_provider":"Microsoft-Windows-Security-Auditing","log_version":"0","original_time":"2020-09-23T10:08:57.256916900Z","product":{"feature":{"uid":"{54849625-5478-4994-A5BA-3E3B0328C30D}"},"name":"Microsoft Windows","vendor_name":"Microsoft"},"profiles":["host"],"sequence":141717,"uid":"579bd7526fc6ea8b8a9c8a86b554fb94","version":"1.4.0"},"observables":[{"name":"device","type":"Endpoint","type_id":20},{"name":"device.hostname","type":"Hostname","type_id":1,"value":"AD-server.tafadtest.local"},{"name":"actor.user","type":"User","type_id":21},{"name":"actor.user.uid","type":"User Object: uid","type_id":31,"value":"TAFADTEST\\Administrator"},{"name":"actor.user.account.uid","type":"Account Object: uid","type_id":35,"value":"TAFADTEST\\Administrator"},{"name":"actor.user.account.name","type":"Account Object: name","type_id":34,"value":"Administrator$"},{"name":"actor.user.name","type":"User Name","type_id":4,"value":"Administrator$"}],"raw_data":"<Event\n  xmlns='http://schemas.microsoft.com/win/2004/08/events/event'>\n  <System>\n    <Provider Name='Microsoft-Windows-Security-Auditing' Guid='{54849625-5478-4994-A5BA-3E3B0328C30D}'/>\n    <EventID>4662</EventID>\n    <Version>0</Version>\n    <Level>0</Level>\n    <Task>14080</Task>\n    <Opcode>0</Opcode>\n    <Keywords>0x8020000000000000</Keywords>\n    <TimeCreated SystemTime='2020-09-23T10:08:57.256916900Z'/>\n    <EventRecordID>141717</EventRecordID>\n    <Correlation ActivityID='{B0C3715F-875E-0000-6C71-C3B05E87D601}'/>\n    <Execution ProcessID='612' ThreadID='4028'/>\n    <Channel>Security</Channel>\n    <Computer>AD-server.tafadtest.local</Computer>\n    <Security/>\n  </System>\n  <EventData>\n    <Data Name='SubjectUserSid'>TAFADTEST\\Administrator</Data>\n    <Data Name='SubjectUserName'>Administrator$</Data>\n    <Data Name='SubjectDomainName'>TAFADTEST</Data>\n    <Data Name='SubjectLogonId'>0x99ff8</Data>\n    <Data Name='ObjectServer'>DS</Data>\n    <Data Name='ObjectType'>groupPolicyContainer</Data>\n    <Data Name='ObjectName'>CN={31B2F340-016D-11D2-945F-00C04FB984F9},CN=Policies,CN=System,DC=tafadtest,DC=local</Data>\n    <Data Name='OperationType'>Object Access</Data>\n    <Data Name='HandleId'>0x0</Data>\n    <Data Name='AccessList'>%%1539\n                                </Data>\n    <Data Name='AccessMask'>0x40000</Data>\n    <Data Name='Properties'>%%1539\n        groupPolicyContainer\n</Data>\n    <Data Name='AdditionalInfo'>-</Data>\n    <Data Name='AdditionalInfo2'></Data>\n  </EventData>\n</Event>","severity":"Informational","severity_id":1,"status":"Success","status_id":1,"time":1600855737256,"type_name":"Entity Management: Other","type_uid":300499,"unmapped":{"Correlation":{"ActivityID":"{B0C3715F-875E-0000-6C71-C3B05E87D601}"},"EventData":{"AccessList":"%%1539","AccessMask":"0x40000","ObjectServer":"DS","OperationType":"Object Access","Properties":"%%1539\n        groupPolicyContainer"},"Execution":{"ProcessID":"612","ThreadID":"4028"},"Opcode":"0","Task":"14080"}}
{"activity_id":99,"activity_name":"Other","actor":{"session":{"uid":"0x99ff8"},"user":{"account":{"name":"Admini$trator","type":"Windows Account","type_id":2,"uid":"TAFADTEST\\Administrator"},"domain":"TAFADTEST","name":"Admini$trator","uid":"TAFADTEST\\Administrator"}},"category_name":"Identity & Access Management","category_uid":3,"class_name":"Entity Management","class_uid":3004,"device":{"hostname":"AD-server.tafadtest.local","os":{"name":"Windows","type":"Windows","type_id":100},"type":"Unknown","type_id":0},"entity":{"name":"CN={31B2F340-016D-11D2-945F-00C04FB984F9},CN=Policies,CN=System,DC=tafadtest,DC=local","type":"groupPolicyContainer","uid":"0x0"},"message":"An operation was performed on an object.","metadata":{"event_code":"4662","log_name":"Security","log_provider":"Microsoft-Windows-Security-Auditing","log_version":"0","original_time":"2020-09-23T10:08:57.256916900Z","product":{"feature":{"uid":"{54849625-5478-4994-A5BA-3E3B0328C30D}"},"name":"Microsoft Windows","vendor_name":"Microsoft"},"profiles":["host"],"sequence":141717,"uid":"fac2bb43f6a05ee647005b424e7e581f","version":"1.4.0"},"observables":[{"name":"device","type":"Endpoint","type_id":20},{"name":"device.hostname","type":"Hostname","type_id":1,"value":"AD-server.tafadtest.local"},{"name":"actor.user","type":"User","type_id":21},{"name":"actor.user.account.uid","type":"Account Object: uid","type_id":35,"value":"TAFADTEST\\Administrator"},{"name":"actor.user.account.name","type":"Account Object: name","type_id":34,"value":"Admini$trator"},{"name":"actor.user.name","type":"User Name","type_id":4,"value":"Admini$trator"},{"name":"actor.user.uid","type":"User Object: uid","type_id":31,"value":"TAFADTEST\\Administrator"}],"raw_data":"<Event\n  xmlns='http://schemas.microsoft.com/win/2004/08/events/event'>\n  <System>\n    <Provider Name='Microsoft-Windows-Security-Auditing' Guid='{54849625-5478-4994-A5BA-3E3B0328C30D}'/>\n    <EventID>4662</EventID>\n    <Version>0</Version>\n    <Level>0</Level>\n    <Task>14080</Task>\n    <Opcode>0</Opcode>\n    <Keywords>0x8020000000000000</Keywords>\n    <TimeCreated SystemTime='2020-09-23T10:08:57.256916900Z'/>\n    <EventRecordID>141717</EventRecordID>\n    <Correlation ActivityID='{B0C3715F-875E-0000-6C71-C3B05E87D601}'/>\n    <Execution ProcessID='612' ThreadID='4028'/>\n    <Channel>Security</Channel>\n    <Computer>AD-server.tafadtest.local</Computer>\n    <Security/>\n  </System>\n  <EventData>\n    <Data Name='SubjectUserSid'>TAFADTEST\\Administrator</Data>\n    <Data Name='SubjectUserName'>Admini$trator</Data>\n    <Data Name='SubjectDomainName'>TAFADTEST</Data>\n    <Data Name='SubjectLogonId'>0x99ff8</Data>\n    <Data Name='ObjectServer'>DS</Data>\n    <Data Name='ObjectType'>groupPolicyContainer</Data>\n    <Data Name='ObjectName'>CN={31B2F340-016D-11D2-945F-00C04FB984F9},CN=Policies,CN=System,DC=tafadtest,DC=local</Data>\n    <Data Name='OperationType'>Object Access</Data>\n    <Data Name='HandleId'>0x0</Data>\n    <Data Name='AccessList'>%%1539\n                                </Data>\n    <Data Name='AccessMask'>0x40000</Data>\n    <Data Name='Properties'>%%1539\n        groupPolicyContainer\n</Data>\n    <Data Name='AdditionalInfo'>-</Data>\n    <Data Name='AdditionalInfo2'></Data>\n  </EventData>\n</Event>","severity":"Informational","severity_id":1,"status":"Success","status_id":1,"time":1600855737256,"type_name":"Entity Management: Other","type_uid":300499,"unmapped":{"Correlation":{"ActivityID":"{B0C3715F-875E-0000-6C71-C3B05E87D601}"},"EventData":{"AccessList":"%%1539","AccessMask":"0x40000","ObjectServer":"DS","OperationType":"Object Access","Properties":"%%1539\n        groupPolicyContainer"},"Execution":{"ProcessID":"612","ThreadID":"4028"},"Opcode":"0","Task":"14080"}}
{"activity_id":1,"activity_name":"Access","actor":{"process":{"file":{"name":"osqueryd.exe","parent_folder":"C:\\Program Files\\Kolide\\Launcher-launcher\\bin","path":"C:\\Program Files\\Kolide\\Launcher-launcher\\bin\\osqueryd.exe","type":"Regular File","type_id":1},"pid":3136},"session":{"uid":"0x3e7"},"user":{"account":{"name":"IP-0ACA07BA$","type":"Windows Account","type_id":2,"uid":"S-1-5-18"},"domain":"WORKGROUP","name":"IP-0ACA07BA$","uid":"S-1-5-18"}},"category_name":"System Activity","category_uid":1,"class_name":"Windows Resource Activity","class_uid":201003,"device":{"hostname":"IP-0ACA07BA","os":{"name":"Windows","type":"Windows","type_id":100},"type":"Unknown","type_id":0},"metadata":{"event_code":"4663","log_name":"Security","log_provider":"Microsoft-Windows-Security-Auditing","log_version":"1","original_time":"2022-01-11T23:57:02.044161400Z","product":{"feature":{"uid":"{54849625-5478-4994-A5BA-3E3B0328C30D}"},"name":"Microsoft Windows","vendor_name":"Microsoft"},"profiles":["host"],"sequence":282729,"uid":"907c5df51db905999b886a42f51134ea","version":"1.4.0"},"observables":[{"name":"device","type":"Endpoint","type_id":20},{"name":"device.hostname","type":"Hostname","type_id":1,"value":"IP-0ACA07BA"},{"name":"actor.process","type":"Process","type_id":25},{"name":"actor.process.file","type":"File","type_id":24},{"name":"actor.process.file.name","type":"File Name","type_id":7,"value":"osqueryd.exe"},{"name":"actor.process.pid","type":"Process ID","type_id":15,"value":"3136"},{"name":"actor.user","type":"User","type_id":21},{"name":"actor.user.name","type":"User Name","type_id":4,"value":"IP-0ACA07BA$"},{"name":"actor.user.uid","type":"User Object: uid","type_id":31,"value":"S-1-5-18"},{"name":"actor.user.account.uid","type":"Account Object: uid","type_id":35,"value":"S-1-5-18"},{"name":"actor.user.account.name","type":"Account Object: name","type_id":34,"value":"IP-0ACA07BA$"}],"raw_data":"<Event xmlns='http://schemas.microsoft.com/win/2004/08/events/event'>\n    <System>\n        <Provider Name='Microsoft-Windows-Security-Auditing' Guid='{54849625-5478-4994-A5BA-3E3B0328C30D}'/>\n        <EventID>4663</EventID>\n        <Version>1</Version>\n        <Level>0</Level>\n        <Task>12802</Task>\n        <Opcode>0</Opcode>\n        <Keywords>0x8020000000000000</Keywords>\n        <TimeCreated SystemTime='2022-01-11T23:57:02.044161400Z'/>\n        <EventRecordID>282729</EventRecordID>\n        <Correlation/>\n        <Execution ProcessID='4' ThreadID='176'/>\n        <Channel>Security</Channel>\n        <Computer>IP-0ACA07BA</Computer>\n        <Security/>\n    </System>\n    <EventData>\n        <Data Name='SubjectUserSid'>S-1-5-18</Data>\n        <Data Name='SubjectUserName'>IP-0ACA07BA$</Data>\n        <Data Name='SubjectDomainName'>WORKGROUP</Data>\n        <Data Name='SubjectLogonId'>0x3e7</Data>\n        <Data Name='ObjectServer'>Security</Data>\n        <Data Name='ObjectType'>Process</Data>\n        <Data Name='ObjectName'>\\Device\\HarddiskVolume1\\Windows\\System32\\lsass.exe</Data>\n        <Data Name='HandleId'>0x774</Data>\n        <Data Name='AccessList'>%%4484\n        </Data>\n        <Data Name='AccessMask'>0x10</Data>\n        <Data Name='ProcessId'>0xc40</Data>\n        <Data Name='ProcessName'>C:\\Program Files\\Kolide\\Launcher-launcher\\bin\\osqueryd.exe</Data>\n        <Data Name='ResourceAttributes'>-</Data>\n    </EventData>\n</Event>","severity":"Informational","severity_id":1,"status":"Success","status_id":1,"time":1641945422044,"type_name":"Windows Resource Activity: Access","type_uid":20100301,"unmapped":{"EventData":{"AccessList":"%%4484","AccessMask":"0x10","ObjectServer":"Security"},"Execution":{"ProcessID":"4","ThreadID":"176"},"Opcode":"0","Task":"12802"},"win_resource":{"name":"\\Device\\HarddiskVolume1\\Windows\\System32\\lsass.exe","type":"Process","type_id":20,"uid":"0x774"}}
{"activity_id":1,"activity_name":"Access","actor":{"process":{"file":{"name":"services.exe","parent_folder":"C:\\Windows\\System32","path":"C:\\Windows\\System32\\services.exe","type":"Regular File","type_id":1},"pid":716},"session":{"uid":"0x3e7"},"user":{"account":{"name":"TA-DC-W2016$","type":"Windows Account","type_id":2,"uid":"NT AUTHORITY\\SYSTEM"},"domain":"CREST-2012R2","name":"TA-DC-W2016$","uid":"NT AUTHORITY\\SYSTEM"}},"category_name":"System Activity","category_uid":1,"class_name":"Windows Resource Activity","class_uid":201003,"device":{"hostname":"ta-dc-w2016.crest-2012r2.com","os":{"name":"Windows","type":"Windows","type_id":100},"type":"Unknown","type_id":0},"metadata":{"event_code":"4663","log_name":"Security","log_provider":"Microsoft-Windows-Security-Auditing","log_version":"1","original_time":"2020-09-22T09:22:42.249232300Z","product":{"feature":{"uid":"{54849625-5478-4994-A5BA-3E3B0328C30D}"},"name":"Microsoft Windows","vendor_name":"Microsoft"},"profiles":["host"],"sequence":12137682,"uid":"37a12b30c0d5721be7b85a5ae14fdb3d","version":"1.4.0"},"observables":[{"name":"device","type":"Endpoint","type_id":20},{"name":"device.hostname","type":"Hostname","type_id":1,"value":"ta-dc-w2016.crest-2012r2.com"},{"name":"actor.process","type":"Process","type_id":25},{"name":"actor.process.file","type":"File","type_id":24},{"name":"actor.process.file.name","type":"File Name","type_id":7,"value":"services.exe"},{"name":"actor.process.pid","type":"Process ID","type_id":15,"value":"716"},{"name":"actor.user","type":"User","type_id":21},{"name":"actor.user.account.name","type":"Account Object: name","type_id":34,"value":"TA-DC-W2016$"},{"name":"actor.user.account.uid","type":"Account Object: uid","type_id":35,"value":"NT AUTHORITY\\SYSTEM"},{"name":"actor.user.name","type":"User Name","type_id":4,"value":"TA-DC-W2016$"},{"name":"actor.user.uid","type":"User Object: uid","type_id":31,"value":"NT AUTHORITY\\SYSTEM"}],"raw_data":"<?xml version=\"1.0\" encoding=\"UTF-8\"?>\n<Event xmlns=\"http://schemas.microsoft.com/win/2004/08/events/event\">\n   <System>\n      <Provider Name=\"Microsoft-Windows-Security-Auditing\" Guid=\"{54849625-5478-4994-A5BA-3E3B0328C30D}\" />\n      <EventID>4663</EventID>\n      <Version>1</Version>\n      <Level>0</Level>\n      <Task>12801</Task>\n      <Opcode>0</Opcode>\n      <Keywords>0x8020000000000000</Keywords>\n      <TimeCreated SystemTime=\"2020-09-22T09:22:42.249232300Z\" />\n      <EventRecordID>12137682</EventRecordID>\n      <Correlation />\n      <Execution ProcessID=\"4\" ThreadID=\"2792\" />\n      <Channel>Security</Channel>\n      <Computer>ta-dc-w2016.crest-2012r2.com</Computer>\n      <Security />\n   </System>\n   <EventData>\n      <Data Name=\"SubjectUserSid\">NT AUTHORITY\\SYSTEM</Data>\n      <Data Name=\"SubjectUserName\">TA-DC-W2016$</Data>\n      <Data Name=\"SubjectDomainName\">CREST-2012R2</Data>\n      <Data Name=\"SubjectLogonId\">0x3e7</Data>\n      <Data Name=\"ObjectServer\">Security</Data>\n      <Data Name=\"ObjectType\">Key</Data>\n      <Data Name=\"ObjectName\">\\REGISTRY\\MACHINE\\SYSTEM\\ControlSet001\\Services\\EventLog\\Security</Data>\n      <Data Name=\"HandleId\">0x1c8</Data>\n      <Data Name=\"AccessList\">%%4433</Data>\n      <Data Name=\"AccessMask\">0x2</Data>\n      <Data Name=\"ProcessId\">0x2cc</Data>\n      <Data Name=\"ProcessName\">C:\\Windows\\System32\\services.exe</Data>\n      <Data Name=\"ResourceAttributes\">-</Data>\n   </EventData>\n</Event>","severity":"Informational","severity_id":1,"status":"Success","status_id":1,"time":1600766562249,"type_name":"Windows Resource Activity: Access","type_uid":20100301,"unmapped":{"EventData":{"AccessList":"%%4433","AccessMask":"0x2","ObjectServer":"Security"},"Execution":{"ProcessID":"4","ThreadID":"2792"},"Opcode":"0","Task":"12801"},"win_resource":{"name":"\\REGISTRY\\MACHINE\\SYSTEM\\ControlSet001\\Services\\EventLog\\Security","type":"Key","type_id":25,"uid":"0x1c8"}}
{"activity_id":1,"activity_name":"Access","actor":{"process":{"file":{"name":"MsMpEng.exe","parent_folder":"C:\\ProgramData\\Microsoft\\Windows Defender\\platform\\4.18.2107.4-0","path":"C:\\ProgramData\\Microsoft\\Windows Defender\\platform\\4.18.2107.4-0\\MsMpEng.exe","type":"Regular File","type_id":1},"pid":1316},"session":{"uid":"0x3e7"},"user":{"account":{"name":"IP-0ACA07BA$","type":"Windows Account","type_id":2,"uid":"S-1-5-18"},"domain":"WORKGROUP","name":"IP-0ACA07BA$","uid":"S-1-5-18"}},"category_name":"System Activity","category_uid":1,"class_name":"Windows Resource Activity","class_uid":201003,"device":{"hostname":"IP-0ACA07BA","os":{"name":"Windows","type":"Windows","type_id":100},"type":"Unknown","type_id":0},"metadata":{"event_code":"4663","log_name":"Security","log_provider":"Microsoft-Windows-Security-Auditing","log_version":"1","original_time":"2022-01-12T00:20:28.546816400Z","product":{"feature":{"uid":"{54849625-5478-4994-A5BA-3E3B0328C30D}"},"name":"Microsoft Windows","vendor_name":"Microsoft"},"profiles":["host"],"sequence":283151,"uid":"0d361525a9f409ad7a1084201b6b0082","version":"1.4.0"},"observables":[{"name":"actor.process","type":"Process","type_id":25},{"name":"actor.process.file","type":"File","type_id":24},{"name":"actor.process.file.name","type":"File Name","type_id":7,"value":"MsMpEng.exe"},{"name":"actor.process.pid","type":"Process ID","type_id":15,"value":"1316"},{"name":"actor.user","type":"User","type_id":21},{"name":"actor.user.name","type":"User Name","type_id":4,"value":"IP-0ACA07BA$"},{"name":"actor.user.uid","type":"User Object: uid","type_id":31,"value":"S-1-5-18"},{"name":"actor.user.account.uid","type":"Account Object: uid","type_id":35,"value":"S-1-5-18"},{"name":"actor.user.account.name","type":"Account Object: name","type_id":34,"value":"IP-0ACA07BA$"},{"name":"device","type":"Endpoint","type_id":20},{"name":"device.hostname","type":"Hostname","type_id":1,"value":"IP-0ACA07BA"}],"raw_data":"<Event xmlns='http://schemas.microsoft.com/win/2004/08/events/event'>\n    <System>\n        <Provider Name='Microsoft-Windows-Security-Auditing' Guid='{54849625-5478-4994-A5BA-3E3B0328C30D}'/>\n        <EventID>4663</EventID>\n        <Version>1</Version>\n        <Level>0</Level>\n        <Task>12802</Task>\n        <Opcode>0</Opcode>\n        <Keywords>0x8020000000000000</Keywords>\n        <TimeCreated SystemTime='2022-01-12T00:20:28.546816400Z'/>\n        <EventRecordID>283151</EventRecordID>\n        <Correlation/>\n        <Execution ProcessID='4' ThreadID='152'/>\n        <Channel>Security</Channel>\n        <Computer>IP-0ACA07BA</Computer>\n        <Security/>\n    </System>\n    <EventData>\n        <Data Name='SubjectUserSid'>S-1-5-18</Data>\n        <Data Name='SubjectUserName'>IP-0ACA07BA$</Data>\n        <Data Name='SubjectDomainName'>WORKGROUP</Data>\n        <Data Name='SubjectLogonId'>0x3e7</Data>\n        <Data Name='ObjectServer'>Security</Data>\n        <Data Name='ObjectType'>Process</Data>\n        <Data Name='ObjectName'>\\Device\\HarddiskVolume1\\Windows\\System32\\lsass.exe</Data>\n        <Data Name='HandleId'>0x8e0</Data>\n        <Data Name='AccessList'>%%4484\n        </Data>\n        <Data Name='AccessMask'>0x10</Data>\n        <Data Name='ProcessId'>0x524</Data>\n        <Data Name='ProcessName'>C:\\ProgramData\\Microsoft\\Windows Defender\\platform\\4.18.2107.4-0\\MsMpEng.exe</Data>\n        <Data Name='ResourceAttributes'>-</Data>\n    </EventData>\n</Event>","severity":"Informational","severity_id":1,"status":"Success","status_id":1,"time":1641946828546,"type_name":"Windows Resource Activity: Access","type_uid":20100301,"unmapped":{"EventData":{"AccessList":"%%4484","AccessMask":"0x10","ObjectServer":"Security"},"Execution":{"ProcessID":"4","ThreadID":"152"},"Opcode":"0","Task":"12802"},"win_resource":{"name":"\\Device\\HarddiskVolume1\\Windows\\System32\\lsass.exe","type":"Process","type_id":20,"uid":"0x8e0"}}
{"activity_id":1,"activity_name":"Access","actor":{"process":{"file":{"name":"MsMpEng.exe","parent_folder":"C:\\ProgramData\\Microsoft\\Windows Defender\\platform\\4.18.2107.4-0","path":"C:\\ProgramData\\Microsoft\\Windows Defender\\platform\\4.18.2107.4-0\\MsMpEng.exe","type":"Regular File","type_id":1},"pid":1316},"session":{"uid":"0x3e7"},"user":{"account":{"name":"IP-0ACA07BA$","type":"Windows Account","type_id":2,"uid":"S-1-5-18"},"domain":"WORKGROUP","name":"IP-0ACA07BA$","uid":"S-1-5-18"}},"category_name":"System Activity","category_uid":1,"class_name":"Windows Resource Activity","class_uid":201003,"device":{"hostname":"IP-0ACA07BA","os":{"name":"Windows","type":"Windows","type_id":100},"type":"Unknown","type_id":0},"metadata":{"event_code":"4663","log_name":"Security","log_provider":"Microsoft-Windows-Security-Auditing","log_version":"1","original_time":"2022-01-12T00:20:17.419349000Z","product":{"feature":{"uid":"{54849625-5478-4994-A5BA-3E3B0328C30D}"},"name":"Microsoft Windows","vendor_name":"Microsoft"},"profiles":["host"],"sequence":283100,"uid":"016aeb55a28730a345d4d57a0e491ae4","version":"1.4.0"},"observables":[{"name":"device","type":"Endpoint","type_id":20},{"name":"device.hostname","type":"Hostname","type_id":1,"value":"IP-0ACA07BA"},{"name":"actor.process","type":"Process","type_id":25},{"name":"actor.process.file","type":"File","type_id":24},{"name":"actor.process.file.name","type":"File Name","type_id":7,"value":"MsMpEng.exe"},{"name":"actor.process.pid","type":"Process ID","type_id":15,"value":"1316"},{"name":"actor.user","type":"User","type_id":21},{"name":"actor.user.account.uid","type":"Account Object: uid","type_id":35,"value":"S-1-5-18"},{"name":"actor.user.account.name","type":"Account Object: name","type_id":34,"value":"IP-0ACA07BA$"},{"name":"actor.user.name","type":"User Name","type_id":4,"value":"IP-0ACA07BA$"},{"name":"actor.user.uid","type":"User Object: uid","type_id":31,"value":"S-1-5-18"}],"raw_data":"<Event xmlns='http://schemas.microsoft.com/win/2004/08/events/event'>\n    <System>\n        <Provider Name='Microsoft-Windows-Security-Auditing' Guid='{54849625-5478-4994-A5BA-3E3B0328C30D}'/>\n        <EventID>4663</EventID>\n        <Version>1</Version>\n        <Level>0</Level>\n        <Task>12802</Task>\n        <Opcode>0</Opcode>\n        <Keywords>0x8020000000000000</Keywords>\n        <TimeCreated SystemTime='2022-01-12T00:20:17.419349000Z'/>\n        <EventRecordID>283100</EventRecordID>\n        <Correlation/>\n        <Execution ProcessID='4' ThreadID='100'/>\n        <Channel>Security</Channel>\n        <Computer>IP-0ACA07BA</Computer>\n        <Security/>\n    </System>\n    <EventData>\n        <Data Name='SubjectUserSid'>S-1-5-18</Data>\n        <Data Name='SubjectUserName'>IP-0ACA07BA$</Data>\n        <Data Name='SubjectDomainName'>WORKGROUP</Data>\n        <Data Name='SubjectLogonId'>0x3e7</Data>\n        <Data Name='ObjectServer'>Security</Data>\n        <Data Name='ObjectType'>Process</Data>\n        <Data Name='ObjectName'>\\Device\\HarddiskVolume1\\Windows\\System32\\lsass.exe</Data>\n        <Data Name='HandleId'>0x8c0</Data>\n        <Data Name='AccessList'>%%4484\n        </Data>\n        <Data Name='AccessMask'>0x10</Data>\n        <Data Name='ProcessId'>0x524</Data>\n        <Data Name='ProcessName'>C:\\ProgramData\\Microsoft\\Windows Defender\\platform\\4.18.2107.4-0\\MsMpEng.exe</Data>\n        <Data Name='ResourceAttributes'>-</Data>\n    </EventData>\n</Event>","severity":"Informational","severity_id":1,"status":"Success","status_id":1,"time":1641946817419,"type_name":"Windows Resource Activity: Access","type_uid":20100301,"unmapped":{"EventData":{"AccessList":"%%4484","AccessMask":"0x10","ObjectServer":"Security"},"Execution":{"ProcessID":"4","ThreadID":"100"},"Opcode":"0","Task":"12802"},"win_resource":{"name":"\\Device\\HarddiskVolume1\\Windows\\System32\\lsass.exe","type":"Process","type_id":20,"uid":"0x8c0"}}
{"activity_id":1,"activity_name":"Access","actor":{"process":{"file":{"name":"Taskmgr.exe","parent_folder":"C:\\Windows\\System32","path":"C:\\Windows\\System32\\Taskmgr.exe","type":"Regular File","type_id":1},"pid":1272},"session":{"uid":"0x6f4a6"},"user":{"account":{"name":"splunker","type":"Windows Account","type_id":2,"uid":"S-1-5-21-785607577-743028967-2307938725-1012"},"domain":"IP-0ACA07BA","name":"splunker","uid":"S-1-5-21-785607577-743028967-2307938725-1012"}},"category_name":"System Activity","category_uid":1,"class_name":"Windows Resource Activity","class_uid":201003,"device":{"hostname":"IP-0ACA07BA","os":{"name":"Windows","type":"Windows","type_id":100},"type":"Unknown","type_id":0},"metadata":{"event_code":"4663","log_name":"Security","log_provider":"Microsoft-Windows-Security-Auditing","log_version":"1","original_time":"2022-01-12T00:13:10.362137600Z","product":{"feature":{"uid":"{54849625-5478-4994-A5BA-3E3B0328C30D}"},"name":"Microsoft Windows","vendor_name":"Microsoft"},"profiles":["host"],"sequence":282972,"uid":"1eab9a46b7eb8c1abe175b630dcc413b","version":"1.4.0"},"observables":[{"name":"device","type":"Endpoint","type_id":20},{"name":"device.hostname","type":"Hostname","type_id":1,"value":"IP-0ACA07BA"},{"name":"actor.process","type":"Process","type_id":25},{"name":"actor.process.file","type":"File","type_id":24},{"name":"actor.process.file.name","type":"File Name","type_id":7,"value":"Taskmgr.exe"},{"name":"actor.process.pid","type":"Process ID","type_id":15,"value":"1272"},{"name":"actor.user","type":"User","type_id":21},{"name":"actor.user.name","type":"User Name","type_id":4,"value":"splunker"},{"name":"actor.user.uid","type":"User Object: uid","type_id":31,"value":"S-1-5-21-785607577-743028967-2307938725-1012"},{"name":"actor.user.account.uid","type":"Account Object: uid","type_id":35,"value":"S-1-5-21-785607577-743028967-2307938725-1012"},{"name":"actor.user.account.name","type":"Account Object: name","type_id":34,"value":"splunker"}],"raw_data":"<Event xmlns='http://schemas.microsoft.com/win/2004/08/events/event'>\n    <System>\n        <Provider Name='Microsoft-Windows-Security-Auditing' Guid='{54849625-5478-4994-A5BA-3E3B0328C30D}'/>\n        <EventID>4663</EventID>\n        <Version>1</Version>\n        <Level>0</Level>\n        <Task>12802</Task>\n        <Opcode>0</Opcode>\n        <Keywords>0x8020000000000000</Keywords>\n        <TimeCreated SystemTime='2022-01-12T00:13:10.362137600Z'/>\n        <EventRecordID>282972</EventRecordID>\n        <Correlation/>\n        <Execution ProcessID='4' ThreadID='1352'/>\n        <Channel>Security</Channel>\n        <Computer>IP-0ACA07BA</Computer>\n        <Security/>\n    </System>\n    <EventData>\n        <Data Name='SubjectUserSid'>S-1-5-21-785607577-743028967-2307938725-1012</Data>\n        <Data Name='SubjectUserName'>splunker</Data>\n        <Data Name='SubjectDomainName'>IP-0ACA07BA</Data>\n        <Data Name='SubjectLogonId'>0x6f4a6</Data>\n        <Data Name='ObjectServer'>Security</Data>\n        <Data Name='ObjectType'>Process</Data>\n        <Data Name='ObjectName'>\\Device\\HarddiskVolume1\\Windows\\System32\\lsass.exe</Data>\n        <Data Name='HandleId'>0x3c0</Data>\n        <Data Name='AccessList'>%%4484\n        </Data>\n        <Data Name='AccessMask'>0x10</Data>\n        <Data Name='ProcessId'>0x4f8</Data>\n        <Data Name='ProcessName'>C:\\Windows\\System32\\Taskmgr.exe</Data>\n        <Data Name='ResourceAttributes'>-</Data>\n    </EventData>\n</Event>","severity":"Informational","severity_id":1,"status":"Success","status_id":1,"time":1641946390362,"type_name":"Windows Resource Activity: Access","type_uid":20100301,"unmapped":{"EventData":{"AccessList":"%%4484","AccessMask":"0x10","ObjectServer":"Security"},"Execution":{"ProcessID":"4","ThreadID":"1352"},"Opcode":"0","Task":"12802"},"win_resource":{"name":"\\Device\\HarddiskVolume1\\Windows\\System32\\lsass.exe","type":"Process","type_id":20,"uid":"0x3c0"}}
{"activity_id":1,"activity_name":"Access","actor":{"process":{"file":{"name":"wevtutil.exe","parent_folder":"C:\\Windows\\System32","path":"C:\\Windows\\System32\\wevtutil.exe","type":"Regular File","type_id":1},"pid":4624},"session":{"uid":"0x3e7"},"user":{"account":{"name":"SESWIN2019DC2$","type":"Windows Account","type_id":2,"uid":"NT AUTHORITY\\SYSTEM"},"domain":"SESTEST","name":"SESWIN2019DC2$","uid":"NT AUTHORITY\\SYSTEM"}},"category_name":"System Activity","category_uid":1,"class_name":"Windows Resource Activity","class_uid":201003,"device":{"hostname":"SesWin2019DC2.SesTest.local","os":{"name":"Windows","type":"Windows","type_id":100},"type":"Unknown","type_id":0},"metadata":{"event_code":"4663","log_name":"Security","log_provider":"Microsoft-Windows-Security-Auditing","log_version":"1","original_time":"2022-01-20T18:51:37.624662200Z","product":{"feature":{"uid":"{54849625-5478-4994-a5ba-3e3b0328c30d}"},"name":"Microsoft Windows","vendor_name":"Microsoft"},"profiles":["host"],"sequence":210588,"uid":"5bc784a487376a223cce0df47eaab232","version":"1.4.0"},"observables":[{"name":"actor.process","type":"Process","type_id":25},{"name":"actor.process.pid","type":"Process ID","type_id":15,"value":"4624"},{"name":"actor.process.file","type":"File","type_id":24},{"name":"actor.process.file.name","type":"File Name","type_id":7,"value":"wevtutil.exe"},{"name":"actor.user","type":"User","type_id":21},{"name":"actor.user.account.uid","type":"Account Object: uid","type_id":35,"value":"NT AUTHORITY\\SYSTEM"},{"name":"actor.user.account.name","type":"Account Object: name","type_id":34,"value":"SESWIN2019DC2$"},{"name":"actor.user.name","type":"User Name","type_id":4,"value":"SESWIN2019DC2$"},{"name":"actor.user.uid","type":"User Object: uid","type_id":31,"value":"NT AUTHORITY\\SYSTEM"},{"name":"device","type":"Endpoint","type_id":20},{"name":"device.hostname","type":"Hostname","type_id":1,"value":"SesWin2019DC2.SesTest.local"}],"raw_data":"<Event xmlns='http://schemas.microsoft.com/win/2004/08/events/event'>\n    <System>\n        <Provider Name='Microsoft-Windows-Security-Auditing' Guid='{54849625-5478-4994-a5ba-3e3b0328c30d}'/>\n        <EventID>4663</EventID>\n        <Version>1</Version>\n        <Level>0</Level>\n        <Task>12801</Task>\n        <Opcode>0</Opcode>\n        <Keywords>0x8020000000000000</Keywords>\n        <TimeCreated SystemTime='2022-01-20T18:51:37.624662200Z'/>\n        <EventRecordID>210588</EventRecordID>\n        <Correlation/>\n        <Execution ProcessID='4' ThreadID='2996'/>\n        <Channel>Security</Channel>\n        <Computer>SesWin2019DC2.SesTest.local</Computer>\n        <Security/>\n    </System>\n    <EventData>\n        <Data Name='SubjectUserSid'>NT AUTHORITY\\SYSTEM</Data>\n        <Data Name='SubjectUserName'>SESWIN2019DC2$</Data>\n        <Data Name='SubjectDomainName'>SESTEST</Data>\n        <Data Name='SubjectLogonId'>0x3e7</Data>\n        <Data Name='ObjectServer'>Security</Data>\n        <Data Name='ObjectType'>Key</Data>\n        <Data Name='ObjectName'>\\REGISTRY\\MACHINE\\SYSTEM\\ControlSet001\\Control\\WMI\\Autologger\\EventLog-System\\{11cd958a-c507-4ef3-b3f2-5fd9dfbd2c78}</Data>\n        <Data Name='HandleId'>0x1c0</Data>\n        <Data Name='AccessList'>%%4433\n        </Data>\n        <Data Name='AccessMask'>0x2</Data>\n        <Data Name='ProcessId'>0x1210</Data>\n        <Data Name='ProcessName'>C:\\Windows\\System32\\wevtutil.exe</Data>\n        <Data Name='ResourceAttributes'>-</Data>\n    </EventData>\n</Event>","severity":"Informational","severity_id":1,"status":"Success","status_id":1,"time":1642704697624,"type_name":"Windows Resource Activity: Access","type_uid":20100301,"unmapped":{"EventData":{"AccessList":"%%4433","AccessMask":"0x2","ObjectServer":"Security"},"Execution":{"ProcessID":"4","ThreadID":"2996"},"Opcode":"0","Task":"12801"},"win_resource":{"name":"\\REGISTRY\\MACHINE\\SYSTEM\\ControlSet001\\Control\\WMI\\Autologger\\EventLog-System\\{11cd958a-c507-4ef3-b3f2-5fd9dfbd2c78}","type":"Key","type_id":25,"uid":"0x1c0"}}
{"activity_id":1,"activity_name":"Assign Privileges","category_name":"Identity & Access Management","category_uid":3,"class_name":"Authorize Session","class_uid":3003,"device":{"hostname":"SesWin2012-2.SesTest.local","os":{"name":"Windows","type":"Windows","type_id":100},"type":"Unknown","type_id":0},"dst_endpoint":{"hostname":"SesWin2012-2.SesTest.local"},"message":"Special privileges assigned to new logon","metadata":{"event_code":"4672","log_name":"Security","log_provider":"Microsoft-Windows-Security-Auditing","log_version":"0","original_time":"2022-01-15T05:54:15.818970300Z","product":{"feature":{"uid":"{54849625-5478-4994-A5BA-3E3B0328C30D}"},"name":"Microsoft Windows","vendor_name":"Microsoft"},"profiles":["host"],"sequence":126790,"uid":"eb3cc27d5d20545505f8619cacff1e9d","version":"1.4.0"},"observables":[{"name":"device","type":"Endpoint","type_id":20},{"name":"device.hostname","type":"Hostname","type_id":1,"value":"SesWin2012-2.SesTest.local"},{"name":"dst_endpoint","type":"Endpoint","type_id":20},{"name":"dst_endpoint.hostname","type":"Hostname","type_id":1,"value":"SesWin2012-2.SesTest.local"},{"name":"user","type":"User","type_id":21},{"name":"user.name","type":"User Name","type_id":4,"value":"SYSTEM"},{"name":"user.uid","type":"User Object: uid","type_id":31,"value":"NT AUTHORITY\\SYSTEM"},{"name":"user.account.name","type":"Account Object: name","type_id":34,"value":"SYSTEM"},{"name":"user.account.uid","type":"Account Object: uid","type_id":35,"value":"NT AUTHORITY\\SYSTEM"}],"privileges":["SeAssignPrimaryTokenPrivilege","SeTcbPrivilege","SeSecurityPrivilege","SeTakeOwnershipPrivilege","SeLoadDriverPrivilege","SeBackupPrivilege","SeRestorePrivilege","SeDebugPrivilege","SeAuditPrivilege","SeSystemEnvironmentPrivilege","SeImpersonatePrivilege"],"raw_data":"<Event xmlns='http://schemas.microsoft.com/win/2004/08/events/event'>\n  <System>\n    <Provider Name='Microsoft-Windows-Security-Auditing' Guid='{54849625-5478-4994-A5BA-3E3B0328C30D}'/>\n    <EventID>4672</EventID>\n    <Version>0</Version>\n    <Level>0</Level>\n    <Task>12548</Task>\n    <Opcode>0</Opcode>\n    <Keywords>0x8020000000000000</Keywords>\n    <TimeCreated SystemTime='2022-01-15T05:54:15.818970300Z'/>\n    <EventRecordID>126790</EventRecordID>\n    <Correlation/>\n    <Execution ProcessID='560' ThreadID='588'/>\n    <Channel>Security</Channel>\n    <Computer>SesWin2012-2.SesTest.local</Computer>\n    <Security/>\n  </System>\n  <EventData>\n    <Data Name='SubjectUserSid'>NT AUTHORITY\\SYSTEM</Data>\n    <Data Name='SubjectUserName'>SYSTEM</Data>\n    <Data Name='SubjectDomainName'>NT AUTHORITY</Data>\n    <Data Name='SubjectLogonId'>0x3e7</Data>\n    <Data Name='PrivilegeList'>SeAssignPrimaryTokenPrivilege\n\t\t\tSeTcbPrivilege\n\t\t\tSeSecurityPrivilege\n\t\t\tSeTakeOwnershipPrivilege\n\t\t\tSeLoadDriverPrivilege\n\t\t\tSeBackupPrivilege\n\t\t\tSeRestorePrivilege\n\t\t\tSeDebugPrivilege\n\t\t\tSeAuditPrivilege\n\t\t\tSeSystemEnvironmentPrivilege\n\t\t\tSeImpersonatePrivilege</Data>\n  </EventData>\n</Event>","session":{"uid":"0x3e7"},"severity":"Informational","severity_id":1,"status":"Success","status_id":1,"time":1642226055818,"type_name":"Authorize Session: Assign Privileges","type_uid":300301,"unmapped":{"EventData":{"SubjectDomainName":"NT AUTHORITY","SubjectLogonId":"0x3e7","SubjectUserName":"SYSTEM","SubjectUserSid":"NT AUTHORITY\\SYSTEM"},"Execution":{"ProcessID":"560","ThreadID":"588"},"Opcode":"0","Task":"12548"},"user":{"account":{"name":"SYSTEM","type":"Windows Account","type_id":2,"uid":"NT AUTHORITY\\SYSTEM"},"domain":"NT AUTHORITY","name":"SYSTEM","uid":"NT AUTHORITY\\SYSTEM"}}
{"activity_id":1,"activity_name":"Assign Privileges","category_name":"Identity & Access Management","category_uid":3,"class_name":"Authorize Session","class_uid":3003,"device":{"hostname":"SesWin2012-2.SesTest.local","os":{"name":"Windows","type":"Windows","type_id":100},"type":"Unknown","type_id":0},"dst_endpoint":{"hostname":"SesWin2012-2.SesTest.local"},"message":"Special privileges assigned to new logon","metadata":{"event_code":"4672","log_name":"Security","log_provider":"Microsoft-Windows-Security-Auditing","log_version":"0","original_time":"2022-01-15T05:54:09.605064900Z","product":{"feature":{"uid":"{54849625-5478-4994-A5BA-3E3B0328C30D}"},"name":"Microsoft Windows","vendor_name":"Microsoft"},"profiles":["host"],"sequence":126786,"uid":"f17ae34485424c9da430afeb452d31b1","version":"1.4.0"},"observables":[{"name":"device","type":"Endpoint","type_id":20},{"name":"device.hostname","type":"Hostname","type_id":1,"value":"SesWin2012-2.SesTest.local"},{"name":"user","type":"User","type_id":21},{"name":"user.account.uid","type":"Account Object: uid","type_id":35,"value":"NT AUTHORITY\\SYSTEM"},{"name":"user.account.name","type":"Account Object: name","type_id":34,"value":"SESWIN2012-2$"},{"name":"user.name","type":"User Name","type_id":4,"value":"SESWIN2012-2$"},{"name":"user.uid","type":"User Object: uid","type_id":31,"value":"NT AUTHORITY\\SYSTEM"},{"name":"dst_endpoint","type":"Endpoint","type_id":20},{"name":"dst_endpoint.hostname","type":"Hostname","type_id":1,"value":"SesWin2012-2.SesTest.local"}],"privileges":["SeSecurityPrivilege","SeBackupPrivilege","SeRestorePrivilege","SeTakeOwnershipPrivilege","SeDebugPrivilege","SeSystemEnvironmentPrivilege","SeLoadDriverPrivilege","SeImpersonatePrivilege"],"raw_data":"<Event xmlns='http://schemas.microsoft.com/win/2004/08/events/event'>\n  <System>\n    <Provider Name='Microsoft-Windows-Security-Auditing' Guid='{54849625-5478-4994-A5BA-3E3B0328C30D}'/>\n    <EventID>4672</EventID>\n    <Version>0</Version>\n    <Level>0</Level>\n    <Task>12548</Task>\n    <Opcode>0</Opcode>\n    <Keywords>0x8020000000000000</Keywords>\n    <TimeCreated SystemTime='2022-01-15T05:54:09.605064900Z'/>\n    <EventRecordID>126786</EventRecordID>\n    <Correlation/>\n    <Execution ProcessID='560' ThreadID='592'/>\n    <Channel>Security</Channel>\n    <Computer>SesWin2012-2.SesTest.local</Computer>\n    <Security/>\n  </System>\n  <EventData>\n    <Data Name='SubjectUserSid'>NT AUTHORITY\\SYSTEM</Data>\n    <Data Name='SubjectUserName'>SESWIN2012-2$</Data>\n    <Data Name='SubjectDomainName'>SESTEST</Data>\n    <Data Name='SubjectLogonId'>0x1f380</Data>\n    <Data Name='PrivilegeList'>SeSecurityPrivilege\n\t\t\tSeBackupPrivilege\n\t\t\tSeRestorePrivilege\n\t\t\tSeTakeOwnershipPrivilege\n\t\t\tSeDebugPrivilege\n\t\t\tSeSystemEnvironmentPrivilege\n\t\t\tSeLoadDriverPrivilege\n\t\t\tSeImpersonatePrivilege</Data>\n  </EventData>\n</Event>","session":{"uid":"0x1f380"},"severity":"Informational","severity_id":1,"status":"Success","status_id":1,"time":1642226049605,"type_name":"Authorize Session: Assign Privileges","type_uid":300301,"unmapped":{"EventData":{"SubjectDomainName":"SESTEST","SubjectLogonId":"0x1f380","SubjectUserName":"SESWIN2012-2$","SubjectUserSid":"NT AUTHORITY\\SYSTEM"},"Execution":{"ProcessID":"560","ThreadID":"592"},"Opcode":"0","Task":"12548"},"user":{"account":{"name":"SESWIN2012-2$","type":"Windows Account","type_id":2,"uid":"NT AUTHORITY\\SYSTEM"},"domain":"SESTEST","name":"SESWIN2012-2$","uid":"NT AUTHORITY\\SYSTEM"}}
{"activity_id":1,"activity_name":"Assign Privileges","category_name":"Identity & Access Management","category_uid":3,"class_name":"Authorize Session","class_uid":3003,"device":{"hostname":"SesWin2012-2.SesTest.local","os":{"name":"Windows","type":"Windows","type_id":100},"type":"Unknown","type_id":0},"dst_endpoint":{"hostname":"SesWin2012-2.SesTest.local"},"message":"Special privileges assigned to new logon","metadata":{"event_code":"4672","log_name":"Security","log_provider":"Microsoft-Windows-Security-Auditing","log_version":"0","original_time":"2022-01-15T05:54:07.404007300Z","product":{"feature":{"uid":"{54849625-5478-4994-A5BA-3E3B0328C30D}"},"name":"Microsoft Windows","vendor_name":"Microsoft"},"profiles":["host"],"sequence":126773,"uid":"be7b45aef9af077f16cd8cad5d251f89","version":"1.4.0"},"observables":[{"name":"user","type":"User","type_id":21},{"name":"user.uid","type":"User Object: uid","type_id":31,"value":"Window Manager\\DWM-1"},{"name":"user.account.uid","type":"Account Object: uid","type_id":35,"value":"Window Manager\\DWM-1"},{"name":"user.account.name","type":"Account Object: name","type_id":34,"value":"DWM-1"},{"name":"user.name","type":"User Name","type_id":4,"value":"DWM-1"},{"name":"dst_endpoint","type":"Endpoint","type_id":20},{"name":"dst_endpoint.hostname","type":"Hostname","type_id":1,"value":"SesWin2012-2.SesTest.local"},{"name":"device","type":"Endpoint","type_id":20},{"name":"device.hostname","type":"Hostname","type_id":1,"value":"SesWin2012-2.SesTest.local"}],"privileges":["SeAssignPrimaryTokenPrivilege","SeAuditPrivilege"],"raw_data":"<Event xmlns='http://schemas.microsoft.com/win/2004/08/events/event'>\n  <System>\n    <Provider Name='Microsoft-Windows-Security-Auditing' Guid='{54849625-5478-4994-A5BA-3E3B0328C30D}'/>\n    <EventID>4672</EventID>\n    <Version>0</Version>\n    <Level>0</Level>\n    <Task>12548</Task>\n    <Opcode>0</Opcode>\n    <Keywords>0x8020000000000000</Keywords>\n    <TimeCreated SystemTime='2022-01-15T05:54:07.404007300Z'/>\n    <EventRecordID>126773</EventRecordID>\n    <Correlation/>\n    <Execution ProcessID='560' ThreadID='592'/>\n    <Channel>Security</Channel>\n    <Computer>SesWin2012-2.SesTest.local</Computer>\n    <Security/>\n  </System>\n  <EventData>\n    <Data Name='SubjectUserSid'>Window Manager\\DWM-1</Data>\n    <Data Name='SubjectUserName'>DWM-1</Data>\n    <Data Name='SubjectDomainName'>Window Manager</Data>\n    <Data Name='SubjectLogonId'>0x14f7d</Data>\n    <Data Name='PrivilegeList'>SeAssignPrimaryTokenPrivilege\n\t\t\tSeAuditPrivilege</Data>\n  </EventData>\n</Event>","session":{"uid":"0x14f7d"},"severity":"Informational","severity_id":1,"status":"Success","status_id":1,"time":1642226047404,"type_name":"Authorize Session: Assign Privileges","type_uid":300301,"unmapped":{"EventData":{"SubjectDomainName":"Window Manager","SubjectLogonId":"0x14f7d","SubjectUserName":"DWM-1","SubjectUserSid":"Window Manager\\DWM-1"},"Execution":{"ProcessID":"560","ThreadID":"592"},"Opcode":"0","Task":"12548"},"user":{"account":{"name":"DWM-1","type":"Windows Account","type_id":2,"uid":"Window Manager\\DWM-1"},"domain":"Window Manager","name":"DWM-1","uid":"Window Manager\\DWM-1"}}
