{"activity_id":1,"activity_name":"Assign Privileges","category_name":"Identity & Access Management","category_uid":3,"class_name":"Authorize Session","class_uid":3003,"device":{"hostname":"ip-0ACA23DB","os":{"name":"Windows","type":"Windows","type_id":100},"type":"Unknown","type_id":0},"dst_endpoint":{"hostname":"ip-0ACA23DB"},"message":"Special privileges assigned to new logon","metadata":{"event_code":"4672","log_name":"Security","log_provider":"Microsoft-Windows-Security-Auditing","log_version":"0","original_time":"2022-01-15T05:36:05.490266000Z","product":{"feature":{"uid":"{54849625-5478-4994-A5BA-3E3B0328C30D}"},"name":"Microsoft Windows","vendor_name":"Microsoft"},"profiles":["host"],"sequence":126722,"uid":"03ef043a8e252e54fa9895609c537ec3","version":"1.4.0"},"observables":[{"name":"device","type":"Endpoint","type_id":20},{"name":"device.hostname","type":"Hostname","type_id":1,"value":"ip-0ACA23DB"},{"name":"user","type":"User","type_id":21},{"name":"user.account.uid","type":"Account Object: uid","type_id":35,"value":"SESWIN2012-2\\splunker"},{"name":"user.account.name","type":"Account Object: name","type_id":34,"value":"splunker"},{"name":"user.name","type":"User Name","type_id":4,"value":"splunker"},{"name":"user.uid","type":"User Object: uid","type_id":31,"value":"SESWIN2012-2\\splunker"},{"name":"dst_endpoint","type":"Endpoint","type_id":20},{"name":"dst_endpoint.hostname","type":"Hostname","type_id":1,"value":"ip-0ACA23DB"}],"privileges":["SeSecurityPrivilege","SeTakeOwnershipPrivilege","SeLoadDriverPrivilege","SeBackupPrivilege","SeRestorePrivilege","SeDebugPrivilege","SeSystemEnvironmentPrivilege","SeImpersonatePrivilege"],"raw_data":"<Event xmlns='http://schemas.microsoft.com/win/2004/08/events/event'>\n  <System>\n    <Provider Name='Microsoft-Windows-Security-Auditing' Guid='{54849625-5478-4994-A5BA-3E3B0328C30D}'/>\n    <EventID>4672</EventID>\n    <Version>0</Version>\n    <Level>0</Level>\n    <Task>12548</Task>\n    <Opcode>0</Opcode>\n    <Keywords>0x8020000000000000</Keywords>\n    <TimeCreated SystemTime='2022-01-15T05:36:05.490266000Z'/>\n    <EventRecordID>126722</EventRecordID>\n    <Correlation/>\n    <Execution ProcessID='556' ThreadID='584'/>\n    <Channel>Security</Channel>\n    <Computer>ip-0ACA23DB</Computer>\n    <Security/>\n  </System>\n  <EventData>\n    <Data Name='SubjectUserSid'>SESWIN2012-2\\splunker</Data>\n    <Data Name='SubjectUserName'>splunker</Data>\n    <Data Name='SubjectDomainName'>IP-0ACA23DB</Data>\n    <Data Name='SubjectLogonId'>0x9940ac</Data>\n    <Data Name='PrivilegeList'>SeSecurityPrivilege\n\t\t\tSeTakeOwnershipPrivilege\n\t\t\tSeLoadDriverPrivilege\n\t\t\tSeBackupPrivilege\n\t\t\tSeRestorePrivilege\n\t\t\tSeDebugPrivilege\n\t\t\tSeSystemEnvironmentPrivilege\n\t\t\tSeImpersonatePrivilege</Data>\n  </EventData>\n</Event>","session":{"uid":"0x9940ac"},"severity":"Informational","severity_id":1,"status":"Success","status_id":1,"time":1642224965490,"type_name":"Authorize Session: Assign Privileges","type_uid":300301,"unmapped":{"EventData":{"SubjectDomainName":"IP-0ACA23DB","SubjectLogonId":"0x9940ac","SubjectUserName":"splunker","SubjectUserSid":"SESWIN2012-2\\splunker"},"Execution":{"ProcessID":"556","ThreadID":"584"},"Opcode":"0","Task":"12548"},"user":{"account":{"name":"splunker","type":"Windows Account","type_id":2,"uid":"SESWIN2012-2\\splunker"},"domain":"IP-0ACA23DB","name":"splunker","uid":"SESWIN2012-2\\splunker"}}
{"activity_id":1,"activity_name":"Assign Privileges","category_name":"Identity & Access Management","category_uid":3,"class_name":"Authorize Session","class_uid":3003,"device":{"hostname":"SesWin2019DC1.SesTest.local","os":{"name":"Windows","type":"Windows","type_id":100},"type":"Unknown","type_id":0},"dst_endpoint":{"hostname":"SesWin2019DC1.SesTest.local"},"message":"Special privileges assigned to new logon","metadata":{"event_code":"4672","log_name":"Security","log_provider":"Microsoft-Windows-Security-Auditing","log_version":"0","original_time":"2022-01-03T19:19:31.130240300Z","product":{"feature":{"uid":"{54849625-5478-4994-a5ba-3e3b0328c30d}"},"name":"Microsoft Windows","vendor_name":"Microsoft"},"profiles":["host"],"sequence":234684,"uid":"5ca914129cb164510a218711de6875ce","version":"1.4.0"},"observables":[{"name":"user","type":"User","type_id":21},{"name":"user.name","type":"User Name","type_id":4,"value":"sshd_7056"},{"name":"user.uid","type":"User Object: uid","type_id":31,"value":"S-1-5-111-3847866527-469524349-687026318-516638107-1125189541-7056"},{"name":"user.account.uid","type":"Account Object: uid","type_id":35,"value":"S-1-5-111-3847866527-469524349-687026318-516638107-1125189541-7056"},{"name":"user.account.name","type":"Account Object: name","type_id":34,"value":"sshd_7056"},{"name":"device","type":"Endpoint","type_id":20},{"name":"device.hostname","type":"Hostname","type_id":1,"value":"SesWin2019DC1.SesTest.local"},{"name":"dst_endpoint","type":"Endpoint","type_id":20},{"name":"dst_endpoint.hostname","type":"Hostname","type_id":1,"value":"SesWin2019DC1.SesTest.local"}],"privileges":["SeImpersonatePrivilege"],"raw_data":"<Event xmlns='http://schemas.microsoft.com/win/2004/08/events/event'>\n  <System>\n    <Provider Name='Microsoft-Windows-Security-Auditing' Guid='{54849625-5478-4994-a5ba-3e3b0328c30d}'/>\n    <EventID>4672</EventID>\n    <Version>0</Version>\n    <Level>0</Level>\n    <Task>12548</Task>\n    <Opcode>0</Opcode>\n    <Keywords>0x8020000000000000</Keywords>\n    <TimeCreated SystemTime='2022-01-03T19:19:31.130240300Z'/>\n    <EventRecordID>234684</EventRecordID>\n    <Correlation ActivityID='{53d6cc77-f6b5-0000-e8cc-d653b5f6d701}'/>\n    <Execution ProcessID='684' ThreadID='3160'/>\n    <Channel>Security</Channel>\n    <Computer>SesWin2019DC1.SesTest.local</Computer>\n    <Security/>\n  </System>\n  <EventData>\n    <Data Name='SubjectUserSid'>S-1-5-111-3847866527-469524349-687026318-516638107-1125189541-7056</Data>\n    <Data Name='SubjectUserName'>sshd_7056</Data>\n    <Data Name='SubjectDomainName'>VIRTUAL USERS</Data>\n    <Data Name='SubjectLogonId'>0x1de52adf</Data>\n    <Data Name='PrivilegeList'>SeImpersonatePrivilege</Data>\n  </EventData>\n</Event>","session":{"uid":"0x1de52adf"},"severity":"Informational","severity_id":1,"status":"Success","status_id":1,"time":1641237571130,"type_name":"Authorize Session: Assign Privileges","type_uid":300301,"unmapped":{"Correlation":{"ActivityID":"{53d6cc77-f6b5-0000-e8cc-d653b5f6d701}"},"EventData":{"SubjectDomainName":"VIRTUAL USERS","SubjectLogonId":"0x1de52adf","SubjectUserName":"sshd_7056","SubjectUserSid":"S-1-5-111-3847866527-469524349-687026318-516638107-1125189541-7056"},"Execution":{"ProcessID":"684","ThreadID":"3160"},"Opcode":"0","Task":"12548"},"user":{"account":{"name":"sshd_7056","type":"Windows Account","type_id":2,"uid":"S-1-5-111-3847866527-469524349-687026318-516638107-1125189541-7056"},"domain":"VIRTUAL USERS","name":"sshd_7056","uid":"S-1-5-111-3847866527-469524349-687026318-516638107-1125189541-7056"}}
{"activity_id":1,"activity_name":"Access","actor":{"process":{"file":{"name":"svchost.exe","parent_folder":"C:\\Windows\\System32","path":"C:\\Windows\\System32\\svchost.exe","type":"Regular File","type_id":1},"pid":6036},"session":{"uid":"0x3e5"},"user":{"account":{"name":"LOCAL SERVICE","type":"Windows Account","type_id":2,"uid":"NT AUTHORITY\\LOCAL SERVICE"},"domain":"NT AUTHORITY","name":"LOCAL SERVICE","uid":"NT AUTHORITY\\LOCAL SERVICE"}},"category_name":"System Activity","category_uid":1,"class_name":"Windows Resource Activity","class_uid":201003,"device":{"hostname":"SesWin2019DC2.SesTest.local","os":{"name":"Windows","type":"Windows","type_id":100},"type":"Unknown","type_id":0},"metadata":{"event_code":"4673","log_name":"Security","log_provider":"Microsoft-Windows-Security-Auditing","log_version":"0","original_time":"2022-01-31T22:06:08.011748500Z","product":{"feature":{"uid":"{54849625-5478-4994-a5ba-3e3b0328c30d}"},"name":"Microsoft Windows","vendor_name":"Microsoft"},"profiles":["host"],"sequence":642678,"uid":"17b5c6085ce232f72633cfe0216e01a7","version":"1.4.0"},"observables":[{"name":"device","type":"Endpoint","type_id":20},{"name":"device.hostname","type":"Hostname","type_id":1,"value":"SesWin2019DC2.SesTest.local"},{"name":"actor.process","type":"Process","type_id":25},{"name":"actor.process.file","type":"File","type_id":24},{"name":"actor.process.file.name","type":"File Name","type_id":7,"value":"svchost.exe"},{"name":"actor.process.pid","type":"Process ID","type_id":15,"value":"6036"},{"name":"actor.user","type":"User","type_id":21},{"name":"actor.user.name","type":"User Name","type_id":4,"value":"LOCAL SERVICE"},{"name":"actor.user.uid","type":"User Object: uid","type_id":31,"value":"NT AUTHORITY\\LOCAL SERVICE"},{"name":"actor.user.account.uid","type":"Account Object: uid","type_id":35,"value":"NT AUTHORITY\\LOCAL SERVICE"},{"name":"actor.user.account.name","type":"Account Object: name","type_id":34,"value":"LOCAL SERVICE"}],"raw_data":"<Event xmlns='http://schemas.microsoft.com/win/2004/08/events/event'>\n  <System>\n    <Provider Name='Microsoft-Windows-Security-Auditing' Guid='{54849625-5478-4994-a5ba-3e3b0328c30d}'/>\n    <EventID>4673</EventID>\n    <Version>0</Version>\n    <Level>0</Level>\n    <Task>13056</Task>\n    <Opcode>0</Opcode>\n    <Keywords>0x8010000000000000</Keywords>\n    <TimeCreated SystemTime='2022-01-31T22:06:08.011748500Z'/>\n    <EventRecordID>642678</EventRecordID>\n    <Correlation/>\n    <Execution ProcessID='4' ThreadID='7132'/>\n    <Channel>Security</Channel>\n    <Computer>SesWin2019DC2.SesTest.local</Computer>\n    <Security/>\n  </System>\n  <EventData>\n    <Data Name='SubjectUserSid'>NT AUTHORITY\\LOCAL SERVICE</Data>\n    <Data Name='SubjectUserName'>LOCAL SERVICE</Data>\n    <Data Name='SubjectDomainName'>NT AUTHORITY</Data>\n    <Data Name='SubjectLogonId'>0x3e5</Data>\n    <Data Name='ObjectServer'>Security</Data>\n    <Data Name='Service'>-</Data>\n    <Data Name='PrivilegeList'>SeProfileSingleProcessPrivilege</Data>\n    <Data Name='ProcessId'>0x1794</Data>\n    <Data Name='ProcessName'>C:\\Windows\\System32\\svchost.exe</Data>\n  </EventData>\n</Event>","severity":"Informational","severity_id":1,"status":"Failure","status_id":2,"time":1643666768011,"type_name":"Windows Resource Activity: Access","type_uid":20100301,"unmapped":{"EventData":{"PrivilegeList":"SeProfileSingleProcessPrivilege"},"Execution":{"ProcessID":"4","ThreadID":"7132"},"Opcode":"0","Task":"13056"},"win_resource":{"name":"-","svc_name":"Security","type":"Unknown","type_id":0}}
{"activity_id":1,"activity_name":"Access","actor":{"process":{"file":{"name":"explorer.exe","parent_folder":"C:\\Windows","path":"C:\\Windows\\explorer.exe","type":"Regular File","type_id":1},"pid":4536},"session":{"uid":"0xe190212"},"user":{"account":{"name":"splunker","type":"Windows Account","type_id":2,"uid":"SESTEST\\splunker"},"domain":"SESTEST","name":"splunker","uid":"SESTEST\\splunker"}},"category_name":"System Activity","category_uid":1,"class_name":"Windows Resource Activity","class_uid":201003,"device":{"hostname":"SesWin2019DC2.SesTest.local","os":{"name":"Windows","type":"Windows","type_id":100},"type":"Unknown","type_id":0},"metadata":{"event_code":"4673","log_name":"Security","log_provider":"Microsoft-Windows-Security-Auditing","log_version":"0","original_time":"2022-01-31T22:04:51.108205600Z","product":{"feature":{"uid":"{54849625-5478-4994-a5ba-3e3b0328c30d}"},"name":"Microsoft Windows","vendor_name":"Microsoft"},"profiles":["host"],"sequence":642673,"uid":"5b267036f1a3bb21476a72ea39395c65","version":"1.4.0"},"observables":[{"name":"device","type":"Endpoint","type_id":20},{"name":"device.hostname","type":"Hostname","type_id":1,"value":"SesWin2019DC2.SesTest.local"},{"name":"actor.process","type":"Process","type_id":25},{"name":"actor.process.file","type":"File","type_id":24},{"name":"actor.process.file.name","type":"File Name","type_id":7,"value":"explorer.exe"},{"name":"actor.process.pid","type":"Process ID","type_id":15,"value":"4536"},{"name":"actor.user","type":"User","type_id":21},{"name":"actor.user.account.name","type":"Account Object: name","type_id":34,"value":"splunker"},{"name":"actor.user.account.uid","type":"Account Object: uid","type_id":35,"value":"SESTEST\\splunker"},{"name":"actor.user.name","type":"User Name","type_id":4,"value":"splunker"},{"name":"actor.user.uid","type":"User Object: uid","type_id":31,"value":"SESTEST\\splunker"}],"raw_data":"<Event xmlns='http://schemas.microsoft.com/win/2004/08/events/event'>\n  <System>\n    <Provider Name='Microsoft-Windows-Security-Auditing' Guid='{54849625-5478-4994-a5ba-3e3b0328c30d}'/>\n    <EventID>4673</EventID>\n    <Version>0</Version>\n    <Level>0</Level>\n    <Task>13056</Task>\n    <Opcode>0</Opcode>\n    <Keywords>0x8010000000000000</Keywords>\n    <TimeCreated SystemTime='2022-01-31T22:04:51.108205600Z'/>\n    <EventRecordID>642673</EventRecordID>\n    <Correlation/>\n    <Execution ProcessID='4' ThreadID='4444'/>\n    <Channel>Security</Channel>\n    <Computer>SesWin2019DC2.SesTest.local</Computer>\n    <Security/>\n  </System>\n  <EventData>\n    <Data Name='SubjectUserSid'>SESTEST\\splunker</Data>\n    <Data Name='SubjectUserName'>splunker</Data>\n    <Data Name='SubjectDomainName'>SESTEST</Data>\n    <Data Name='SubjectLogonId'>0xe190212</Data>\n    <Data Name='ObjectServer'>Security</Data>\n    <Data Name='Service'>-</Data>\n    <Data Name='PrivilegeList'>SeTcbPrivilege</Data>\n    <Data Name='ProcessId'>0x11b8</Data>\n    <Data Name='ProcessName'>C:\\Windows\\explorer.exe</Data>\n  </EventData>\n</Event>","severity":"Informational","severity_id":1,"status":"Failure","status_id":2,"time":1643666691108,"type_name":"Windows Resource Activity: Access","type_uid":20100301,"unmapped":{"EventData":{"PrivilegeList":"SeTcbPrivilege"},"Execution":{"ProcessID":"4","ThreadID":"4444"},"Opcode":"0","Task":"13056"},"win_resource":{"name":"-","svc_name":"Security","type":"Unknown","type_id":0}}
{"activity_id":1,"activity_name":"Access","actor":{"process":{"file":{"name":"WmiPrvSE.exe","parent_folder":"C:\\Windows\\System32\\wbem","path":"C:\\Windows\\System32\\wbem\\WmiPrvSE.exe","type":"Regular File","type_id":1},"pid":2448},"session":{"uid":"0x3e4"},"user":{"account":{"name":"SESWIN2012-2$","type":"Windows Account","type_id":2,"uid":"NT AUTHORITY\\NETWORK SERVICE"},"domain":"SESTEST","name":"SESWIN2012-2$","uid":"NT AUTHORITY\\NETWORK SERVICE"}},"category_name":"System Activity","category_uid":1,"class_name":"Windows Resource Activity","class_uid":201003,"device":{"hostname":"SesWin2012-2.SesTest.local","os":{"name":"Windows","type":"Windows","type_id":100},"type":"Unknown","type_id":0},"metadata":{"event_code":"4673","log_name":"Security","log_provider":"Microsoft-Windows-Security-Auditing","log_version":"0","original_time":"2022-01-31T19:48:29.725272600Z","product":{"feature":{"uid":"{54849625-5478-4994-A5BA-3E3B0328C30D}"},"name":"Microsoft Windows","vendor_name":"Microsoft"},"profiles":["host"],"sequence":134462,"uid":"54da7e05596e260d598402146540216e","version":"1.4.0"},"observables":[{"name":"device","type":"Endpoint","type_id":20},{"name":"device.hostname","type":"Hostname","type_id":1,"value":"SesWin2012-2.SesTest.local"},{"name":"actor.process","type":"Process","type_id":25},{"name":"actor.process.file","type":"File","type_id":24},{"name":"actor.process.file.name","type":"File Name","type_id":7,"value":"WmiPrvSE.exe"},{"name":"actor.process.pid","type":"Process ID","type_id":15,"value":"2448"},{"name":"actor.user","type":"User","type_id":21},{"name":"actor.user.account.uid","type":"Account Object: uid","type_id":35,"value":"NT AUTHORITY\\NETWORK SERVICE"},{"name":"actor.user.account.name","type":"Account Object: name","type_id":34,"value":"SESWIN2012-2$"},{"name":"actor.user.name","type":"User Name","type_id":4,"value":"SESWIN2012-2$"},{"name":"actor.user.uid","type":"User Object: uid","type_id":31,"value":"NT AUTHORITY\\NETWORK SERVICE"}],"raw_data":"<Event xmlns='http://schemas.microsoft.com/win/2004/08/events/event'>\n  <System>\n    <Provider Name='Microsoft-Windows-Security-Auditing' Guid='{54849625-5478-4994-A5BA-3E3B0328C30D}'/>\n    <EventID>4673</EventID>\n    <Version>0</Version>\n    <Level>0</Level>\n    <Task>13056</Task>\n    <Opcode>0</Opcode>\n    <Keywords>0x8010000000000000</Keywords>\n    <TimeCreated SystemTime='2022-01-31T19:48:29.725272600Z'/>\n    <EventRecordID>134462</EventRecordID>\n    <Correlation/>\n    <Execution ProcessID='564' ThreadID='572'/>\n    <Channel>Security</Channel>\n    <Computer>SesWin2012-2.SesTest.local</Computer>\n    <Security/>\n  </System>\n  <EventData>\n    <Data Name='SubjectUserSid'>NT AUTHORITY\\NETWORK SERVICE</Data>\n    <Data Name='SubjectUserName'>SESWIN2012-2$</Data>\n    <Data Name='SubjectDomainName'>SESTEST</Data>\n    <Data Name='SubjectLogonId'>0x3e4</Data>\n    <Data Name='ObjectServer'>Security</Data>\n    <Data Name='Service'>-</Data>\n    <Data Name='PrivilegeList'>SeTcbPrivilege</Data>\n    <Data Name='ProcessId'>0x990</Data>\n    <Data Name='ProcessName'>C:\\Windows\\System32\\wbem\\WmiPrvSE.exe</Data>\n  </EventData>\n</Event>","severity":"Informational","severity_id":1,"status":"Failure","status_id":2,"time":1643658509725,"type_name":"Windows Resource Activity: Access","type_uid":20100301,"unmapped":{"EventData":{"PrivilegeList":"SeTcbPrivilege"},"Execution":{"ProcessID":"564","ThreadID":"572"},"Opcode":"0","Task":"13056"},"win_resource":{"name":"-","svc_name":"Security","type":"Unknown","type_id":0}}
{"activity_id":1,"activity_name":"Access","actor":{"process":{"file":{"name":"SearchUI.exe","parent_folder":"C:\\Windows\\SystemApps\\Microsoft.Windows.Cortana_cw5n1h2txyewy","path":"C:\\Windows\\SystemApps\\Microsoft.Windows.Cortana_cw5n1h2txyewy\\SearchUI.exe","type":"Regular File","type_id":1},"pid":6264},"session":{"uid":"0xe190212"},"user":{"account":{"name":"splunker","type":"Windows Account","type_id":2,"uid":"SESTEST\\splunker"},"domain":"SESTEST","name":"splunker","uid":"SESTEST\\splunker"}},"category_name":"System Activity","category_uid":1,"class_name":"Windows Resource Activity","class_uid":201003,"device":{"hostname":"SesWin2019DC2.SesTest.local","os":{"name":"Windows","type":"Windows","type_id":100},"type":"Unknown","type_id":0},"metadata":{"event_code":"4673","log_name":"Security","log_provider":"Microsoft-Windows-Security-Auditing","log_version":"0","original_time":"2022-01-30T23:06:18.813276600Z","product":{"feature":{"uid":"{54849625-5478-4994-a5ba-3e3b0328c30d}"},"name":"Microsoft Windows","vendor_name":"Microsoft"},"profiles":["host"],"sequence":598157,"uid":"8064d185cbad2980370a02d8cc5afe2f","version":"1.4.0"},"observables":[{"name":"actor.process","type":"Process","type_id":25},{"name":"actor.process.file","type":"File","type_id":24},{"name":"actor.process.file.name","type":"File Name","type_id":7,"value":"SearchUI.exe"},{"name":"actor.process.pid","type":"Process ID","type_id":15,"value":"6264"},{"name":"actor.user","type":"User","type_id":21},{"name":"actor.user.name","type":"User Name","type_id":4,"value":"splunker"},{"name":"actor.user.uid","type":"User Object: uid","type_id":31,"value":"SESTEST\\splunker"},{"name":"actor.user.account.uid","type":"Account Object: uid","type_id":35,"value":"SESTEST\\splunker"},{"name":"actor.user.account.name","type":"Account Object: name","type_id":34,"value":"splunker"},{"name":"device","type":"Endpoint","type_id":20},{"name":"device.hostname","type":"Hostname","type_id":1,"value":"SesWin2019DC2.SesTest.local"}],"raw_data":"<Event xmlns='http://schemas.microsoft.com/win/2004/08/events/event'>\n  <System>\n    <Provider Name='Microsoft-Windows-Security-Auditing' Guid='{54849625-5478-4994-a5ba-3e3b0328c30d}'/>\n    <EventID>4673</EventID>\n    <Version>0</Version>\n    <Level>0</Level>\n    <Task>13056</Task>\n    <Opcode>0</Opcode>\n    <Keywords>0x8010000000000000</Keywords>\n    <TimeCreated SystemTime='2022-01-30T23:06:18.813276600Z'/>\n    <EventRecordID>598157</EventRecordID>\n    <Correlation/>\n    <Execution ProcessID='4' ThreadID='2696'/>\n    <Channel>Security</Channel>\n    <Computer>SesWin2019DC2.SesTest.local</Computer>\n    <Security/>\n  </System>\n  <EventData>\n    <Data Name='SubjectUserSid'>SESTEST\\splunker</Data>\n    <Data Name='SubjectUserName'>splunker</Data>\n    <Data Name='SubjectDomainName'>SESTEST</Data>\n    <Data Name='SubjectLogonId'>0xe190212</Data>\n    <Data Name='ObjectServer'>Security</Data>\n    <Data Name='Service'>-</Data>\n    <Data Name='PrivilegeList'>SeTcbPrivilege</Data>\n    <Data Name='ProcessId'>0x1878</Data>\n    <Data Name='ProcessName'>C:\\Windows\\SystemApps\\Microsoft.Windows.Cortana_cw5n1h2txyewy\\SearchUI.exe</Data>\n  </EventData>\n</Event>","severity":"Informational","severity_id":1,"status":"Failure","status_id":2,"time":1643583978813,"type_name":"Windows Resource Activity: Access","type_uid":20100301,"unmapped":{"EventData":{"PrivilegeList":"SeTcbPrivilege"},"Execution":{"ProcessID":"4","ThreadID":"2696"},"Opcode":"0","Task":"13056"},"win_resource":{"name":"-","svc_name":"Security","type":"Unknown","type_id":0}}
{"activity_id":1,"activity_name":"Access","actor":{"process":{"file":{"name":"taskhostw.exe","parent_folder":"C:\\Windows\\System32","path":"C:\\Windows\\System32\\taskhostw.exe","type":"Regular File","type_id":1},"pid":4952},"session":{"uid":"0xe19015e"},"user":{"account":{"name":"splunker","type":"Windows Account","type_id":2,"uid":"SESTEST\\splunker"},"domain":"SESTEST","name":"splunker","uid":"SESTEST\\splunker"}},"category_name":"System Activity","category_uid":1,"class_name":"Windows Resource Activity","class_uid":201003,"device":{"hostname":"SesWin2019DC2.SesTest.local","os":{"name":"Windows","type":"Windows","type_id":100},"type":"Unknown","type_id":0},"metadata":{"event_code":"4673","log_name":"Security","log_provider":"Microsoft-Windows-Security-Auditing","log_version":"0","original_time":"2022-01-28T23:03:13.097543000Z","product":{"feature":{"uid":"{54849625-5478-4994-a5ba-3e3b0328c30d}"},"name":"Microsoft Windows","vendor_name":"Microsoft"},"profiles":["host"],"sequence":505679,"uid":"fe43fc6acc527be6c7c1fb8e1c33b831","version":"1.4.0"},"observables":[{"name":"device","type":"Endpoint","type_id":20},{"name":"device.hostname","type":"Hostname","type_id":1,"value":"SesWin2019DC2.SesTest.local"},{"name":"actor.process","type":"Process","type_id":25},{"name":"actor.process.file","type":"File","type_id":24},{"name":"actor.process.file.name","type":"File Name","type_id":7,"value":"taskhostw.exe"},{"name":"actor.process.pid","type":"Process ID","type_id":15,"value":"4952"},{"name":"actor.user","type":"User","type_id":21},{"name":"actor.user.account.uid","type":"Account Object: uid","type_id":35,"value":"SESTEST\\splunker"},{"name":"actor.user.account.name","type":"Account Object: name","type_id":34,"value":"splunker"},{"name":"actor.user.name","type":"User Name","type_id":4,"value":"splunker"},{"name":"actor.user.uid","type":"User Object: uid","type_id":31,"value":"SESTEST\\splunker"}],"raw_data":"<Event xmlns='http://schemas.microsoft.com/win/2004/08/events/event'>\n  <System>\n    <Provider Name='Microsoft-Windows-Security-Auditing' Guid='{54849625-5478-4994-a5ba-3e3b0328c30d}'/>\n    <EventID>4673</EventID>\n    <Version>0</Version>\n    <Level>0</Level>\n    <Task>13056</Task>\n    <Opcode>0</Opcode>\n    <Keywords>0x8010000000000000</Keywords>\n    <TimeCreated SystemTime='2022-01-28T23:03:13.097543000Z'/>\n    <EventRecordID>505679</EventRecordID>\n    <Correlation/>\n    <Execution ProcessID='4' ThreadID='764'/>\n    <Channel>Security</Channel>\n    <Computer>SesWin2019DC2.SesTest.local</Computer>\n    <Security/>\n  </System>\n  <EventData>\n    <Data Name='SubjectUserSid'>SESTEST\\splunker</Data>\n    <Data Name='SubjectUserName'>splunker</Data>\n    <Data Name='SubjectDomainName'>SESTEST</Data>\n    <Data Name='SubjectLogonId'>0xe19015e</Data>\n    <Data Name='ObjectServer'>Security</Data>\n    <Data Name='Service'>-</Data>\n    <Data Name='PrivilegeList'>SeTcbPrivilege</Data>\n    <Data Name='ProcessId'>0x1358</Data>\n    <Data Name='ProcessName'>C:\\Windows\\System32\\taskhostw.exe</Data>\n  </EventData>\n</Event>","severity":"Informational","severity_id":1,"status":"Failure","status_id":2,"time":1643410993097,"type_name":"Windows Resource Activity: Access","type_uid":20100301,"unmapped":{"EventData":{"PrivilegeList":"SeTcbPrivilege"},"Execution":{"ProcessID":"4","ThreadID":"764"},"Opcode":"0","Task":"13056"},"win_resource":{"name":"-","svc_name":"Security","type":"Unknown","type_id":0}}
{"activity_id":1,"activity_name":"Access","actor":{"process":{"file":{"name":"lsass.exe","parent_folder":"C:\\Windows\\System32","path":"C:\\Windows\\System32\\lsass.exe","type":"Regular File","type_id":1},"pid":692},"session":{"uid":"0x3e7"},"user":{"account":{"name":"SESWIN2019DC2$","type":"Windows Account","type_id":2,"uid":"NT AUTHORITY\\SYSTEM"},"domain":"SESTEST","name":"SESWIN2019DC2$","uid":"NT AUTHORITY\\SYSTEM"}},"category_name":"System Activity","category_uid":1,"class_name":"Windows Resource Activity","class_uid":201003,"device":{"hostname":"SesWin2019DC2.SesTest.local","os":{"name":"Windows","type":"Windows","type_id":100},"type":"Unknown","type_id":0},"metadata":{"event_code":"4673","log_name":"Security","log_provider":"Microsoft-Windows-Security-Auditing","log_version":"0","original_time":"2022-02-02T16:56:56.065076300Z","product":{"feature":{"uid":"{54849625-5478-4994-a5ba-3e3b0328c30d}"},"name":"Microsoft Windows","vendor_name":"Microsoft"},"profiles":["host"],"sequence":732224,"uid":"eadac0c7daf6a32606a57c6a7852135c","version":"1.4.0"},"observables":[{"name":"device","type":"Endpoint","type_id":20},{"name":"device.hostname","type":"Hostname","type_id":1,"value":"SesWin2019DC2.SesTest.local"},{"name":"actor.process","type":"Process","type_id":25},{"name":"actor.process.file","type":"File","type_id":24},{"name":"actor.process.file.name","type":"File Name","type_id":7,"value":"lsass.exe"},{"name":"actor.process.pid","type":"Process ID","type_id":15,"value":"692"},{"name":"actor.user","type":"User","type_id":21},{"name":"actor.user.account.uid","type":"Account Object: uid","type_id":35,"value":"NT AUTHORITY\\SYSTEM"},{"name":"actor.user.account.name","type":"Account Object: name","type_id":34,"value":"SESWIN2019DC2$"},{"name":"actor.user.name","type":"User Name","type_id":4,"value":"SESWIN2019DC2$"},{"name":"actor.user.uid","type":"User Object: uid","type_id":31,"value":"NT AUTHORITY\\SYSTEM"}],"raw_data":"<Event xmlns='http://schemas.microsoft.com/win/2004/08/events/event'>\n  <System>\n    <Provider Name='Microsoft-Windows-Security-Auditing' Guid='{54849625-5478-4994-a5ba-3e3b0328c30d}'/>\n    <EventID>4673</EventID>\n    <Version>0</Version>\n    <Level>0</Level>\n    <Task>13056</Task>\n    <Opcode>0</Opcode>\n    <Keywords>0x8020000000000000</Keywords>\n    <TimeCreated SystemTime='2022-02-02T16:56:56.065076300Z'/>\n    <EventRecordID>732224</EventRecordID>\n    <Correlation/>\n    <Execution ProcessID='4' ThreadID='2444'/>\n    <Channel>Security</Channel>\n    <Computer>SesWin2019DC2.SesTest.local</Computer>\n    <Security/>\n  </System>\n  <EventData>\n    <Data Name='SubjectUserSid'>NT AUTHORITY\\SYSTEM</Data>\n    <Data Name='SubjectUserName'>SESWIN2019DC2$</Data>\n    <Data Name='SubjectDomainName'>SESTEST</Data>\n    <Data Name='SubjectLogonId'>0x3e7</Data>\n    <Data Name='ObjectServer'>NT Local Security Authority / Authentication Service</Data>\n    <Data Name='Service'>LsaRegisterLogonProcess()</Data>\n    <Data Name='PrivilegeList'>SeTcbPrivilege</Data>\n    <Data Name='ProcessId'>0x2b4</Data>\n    <Data Name='ProcessName'>C:\\Windows\\System32\\lsass.exe</Data>\n  </EventData>\n</Event>","severity":"Informational","severity_id":1,"status":"Success","status_id":1,"time":1643821016065,"type_name":"Windows Resource Activity: Access","type_uid":20100301,"unmapped":{"EventData":{"PrivilegeList":"SeTcbPrivilege"},"Execution":{"ProcessID":"4","ThreadID":"2444"},"Opcode":"0","Task":"13056"},"win_resource":{"name":"LsaRegisterLogonProcess()","svc_name":"NT Local Security Authority / Authentication Service","type":"Unknown","type_id":0}}
{"activity_id":1,"activity_name":"Access","actor":{"process":{"file":{"name":"mmc.exe","parent_folder":"C:\\Windows\\System32","path":"C:\\Windows\\System32\\mmc.exe","type":"Regular File","type_id":1},"pid":2172},"session":{"uid":"0x3ad926cc"},"user":{"account":{"name":"splunker","type":"Windows Account","type_id":2,"uid":"SESWIN2012-2\\splunker"},"domain":"SESWIN2012-2","name":"splunker","uid":"SESWIN2012-2\\splunker"}},"category_name":"System Activity","category_uid":1,"class_name":"Windows Resource Activity","class_uid":201003,"device":{"hostname":"SesWin2012-2.SesTest.local","os":{"name":"Windows","type":"Windows","type_id":100},"type":"Unknown","type_id":0},"metadata":{"event_code":"4673","log_name":"Security","log_provider":"Microsoft-Windows-Security-Auditing","log_version":"0","original_time":"2022-02-02T16:25:10.854606100Z","product":{"feature":{"uid":"{54849625-5478-4994-A5BA-3E3B0328C30D}"},"name":"Microsoft Windows","vendor_name":"Microsoft"},"profiles":["host"],"sequence":139169,"uid":"d6a1f936c63d119ba047c871441a7cef","version":"1.4.0"},"observables":[{"name":"device","type":"Endpoint","type_id":20},{"name":"device.hostname","type":"Hostname","type_id":1,"value":"SesWin2012-2.SesTest.local"},{"name":"actor.process","type":"Process","type_id":25},{"name":"actor.process.file","type":"File","type_id":24},{"name":"actor.process.file.name","type":"File Name","type_id":7,"value":"mmc.exe"},{"name":"actor.process.pid","type":"Process ID","type_id":15,"value":"2172"},{"name":"actor.user","type":"User","type_id":21},{"name":"actor.user.account.uid","type":"Account Object: uid","type_id":35,"value":"SESWIN2012-2\\splunker"},{"name":"actor.user.account.name","type":"Account Object: name","type_id":34,"value":"splunker"},{"name":"actor.user.name","type":"User Name","type_id":4,"value":"splunker"},{"name":"actor.user.uid","type":"User Object: uid","type_id":31,"value":"SESWIN2012-2\\splunker"}],"raw_data":"<Event xmlns='http://schemas.microsoft.com/win/2004/08/events/event'>\n  <System>\n    <Provider Name='Microsoft-Windows-Security-Auditing' Guid='{54849625-5478-4994-A5BA-3E3B0328C30D}'/>\n    <EventID>4673</EventID>\n    <Version>0</Version>\n    <Level>0</Level>\n    <Task>13056</Task>\n    <Opcode>0</Opcode>\n    <Keywords>0x8020000000000000</Keywords>\n    <TimeCreated SystemTime='2022-02-02T16:25:10.854606100Z'/>\n    <EventRecordID>139169</EventRecordID>\n    <Correlation/>\n    <Execution ProcessID='564' ThreadID='572'/>\n    <Channel>Security</Channel>\n    <Computer>SesWin2012-2.SesTest.local</Computer>\n    <Security/>\n  </System>\n  <EventData>\n    <Data Name='SubjectUserSid'>SESWIN2012-2\\splunker</Data>\n    <Data Name='SubjectUserName'>splunker</Data>\n    <Data Name='SubjectDomainName'>SESWIN2012-2</Data>\n    <Data Name='SubjectLogonId'>0x3ad926cc</Data>\n    <Data Name='ObjectServer'>Security</Data>\n    <Data Name='Service'>-</Data>\n    <Data Name='PrivilegeList'>SeCreateGlobalPrivilege</Data>\n    <Data Name='ProcessId'>0x87c</Data>\n    <Data Name='ProcessName'>C:\\Windows\\System32\\mmc.exe</Data>\n  </EventData>\n</Event>","severity":"Informational","severity_id":1,"status":"Success","status_id":1,"time":1643819110854,"type_name":"Windows Resource Activity: Access","type_uid":20100301,"unmapped":{"EventData":{"PrivilegeList":"SeCreateGlobalPrivilege"},"Execution":{"ProcessID":"564","ThreadID":"572"},"Opcode":"0","Task":"13056"},"win_resource":{"name":"-","svc_name":"Security","type":"Unknown","type_id":0}}
{"activity_id":1,"activity_name":"Access","actor":{"process":{"file":{"name":"cleanmgr.exe","parent_folder":"C:\\Windows\\System32","path":"C:\\Windows\\System32\\cleanmgr.exe","type":"Regular File","type_id":1},"pid":3964},"session":{"uid":"0xe19015e"},"user":{"account":{"name":"splunker","type":"Windows Account","type_id":2,"uid":"SESTEST\\splunker"},"domain":"SESTEST","name":"splunker","uid":"SESTEST\\splunker"}},"category_name":"System Activity","category_uid":1,"class_name":"Windows Resource Activity","class_uid":201003,"device":{"hostname":"SesWin2019DC2.SesTest.local","os":{"name":"Windows","type":"Windows","type_id":100},"type":"Unknown","type_id":0},"metadata":{"event_code":"4673","log_name":"Security","log_provider":"Microsoft-Windows-Security-Auditing","log_version":"0","original_time":"2022-02-02T07:03:13.226898200Z","product":{"feature":{"uid":"{54849625-5478-4994-a5ba-3e3b0328c30d}"},"name":"Microsoft Windows","vendor_name":"Microsoft"},"profiles":["host"],"sequence":711993,"uid":"4b0d44715d2e148c1d5bddf6e12f3fda","version":"1.4.0"},"observables":[{"name":"device","type":"Endpoint","type_id":20},{"name":"device.hostname","type":"Hostname","type_id":1,"value":"SesWin2019DC2.SesTest.local"},{"name":"actor.user","type":"User","type_id":21},{"name":"actor.user.uid","type":"User Object: uid","type_id":31,"value":"SESTEST\\splunker"},{"name":"actor.user.account.name","type":"Account Object: name","type_id":34,"value":"splunker"},{"name":"actor.user.account.uid","type":"Account Object: uid","type_id":35,"value":"SESTEST\\splunker"},{"name":"actor.user.name","type":"User Name","type_id":4,"value":"splunker"},{"name":"actor.process","type":"Process","type_id":25},{"name":"actor.process.file","type":"File","type_id":24},{"name":"actor.process.file.name","type":"File Name","type_id":7,"value":"cleanmgr.exe"},{"name":"actor.process.pid","type":"Process ID","type_id":15,"value":"3964"}],"raw_data":"<Event xmlns='http://schemas.microsoft.com/win/2004/08/events/event'>\n  <System>\n    <Provider Name='Microsoft-Windows-Security-Auditing' Guid='{54849625-5478-4994-a5ba-3e3b0328c30d}'/>\n    <EventID>4673</EventID>\n    <Version>0</Version>\n    <Level>0</Level>\n    <Task>13056</Task>\n    <Opcode>0</Opcode>\n    <Keywords>0x8020000000000000</Keywords>\n    <TimeCreated SystemTime='2022-02-02T07:03:13.226898200Z'/>\n    <EventRecordID>711993</EventRecordID>\n    <Correlation/>\n    <Execution ProcessID='4' ThreadID='4308'/>\n    <Channel>Security</Channel>\n    <Computer>SesWin2019DC2.SesTest.local</Computer>\n    <Security/>\n  </System>\n  <EventData>\n    <Data Name='SubjectUserSid'>SESTEST\\splunker</Data>\n    <Data Name='SubjectUserName'>splunker</Data>\n    <Data Name='SubjectDomainName'>SESTEST</Data>\n    <Data Name='SubjectLogonId'>0xe19015e</Data>\n    <Data Name='ObjectServer'>Security</Data>\n    <Data Name='Service'>-</Data>\n    <Data Name='PrivilegeList'>SeCreateGlobalPrivilege</Data>\n    <Data Name='ProcessId'>0xf7c</Data>\n    <Data Name='ProcessName'>C:\\Windows\\System32\\cleanmgr.exe</Data>\n  </EventData>\n</Event>","severity":"Informational","severity_id":1,"status":"Success","status_id":1,"time":1643785393226,"type_name":"Windows Resource Activity: Access","type_uid":20100301,"unmapped":{"EventData":{"PrivilegeList":"SeCreateGlobalPrivilege"},"Execution":{"ProcessID":"4","ThreadID":"4308"},"Opcode":"0","Task":"13056"},"win_resource":{"name":"-","svc_name":"Security","type":"Unknown","type_id":0}}
{"activity_id":1,"activity_name":"Access","actor":{"process":{"file":{"name":"sdiagnhost.exe","parent_folder":"C:\\Windows\\System32","path":"C:\\Windows\\System32\\sdiagnhost.exe","type":"Regular File","type_id":1},"pid":3000},"session":{"uid":"0xe19015e"},"user":{"account":{"name":"splunker","type":"Windows Account","type_id":2,"uid":"SESTEST\\splunker"},"domain":"SESTEST","name":"splunker","uid":"SESTEST\\splunker"}},"category_name":"System Activity","category_uid":1,"class_name":"Windows Resource Activity","class_uid":201003,"device":{"hostname":"SesWin2019DC2.SesTest.local","os":{"name":"Windows","type":"Windows","type_id":100},"type":"Unknown","type_id":0},"metadata":{"event_code":"4673","log_name":"Security","log_provider":"Microsoft-Windows-Security-Auditing","log_version":"0","original_time":"2022-01-28T23:03:17.514392300Z","product":{"feature":{"uid":"{54849625-5478-4994-a5ba-3e3b0328c30d}"},"name":"Microsoft Windows","vendor_name":"Microsoft"},"profiles":["host"],"sequence":505718,"uid":"1efe318e53af11ff121ec195c9e0735f","version":"1.4.0"},"observables":[{"name":"device","type":"Endpoint","type_id":20},{"name":"device.hostname","type":"Hostname","type_id":1,"value":"SesWin2019DC2.SesTest.local"},{"name":"actor.process","type":"Process","type_id":25},{"name":"actor.process.file","type":"File","type_id":24},{"name":"actor.process.file.name","type":"File Name","type_id":7,"value":"sdiagnhost.exe"},{"name":"actor.process.pid","type":"Process ID","type_id":15,"value":"3000"},{"name":"actor.user","type":"User","type_id":21},{"name":"actor.user.account.uid","type":"Account Object: uid","type_id":35,"value":"SESTEST\\splunker"},{"name":"actor.user.account.name","type":"Account Object: name","type_id":34,"value":"splunker"},{"name":"actor.user.name","type":"User Name","type_id":4,"value":"splunker"},{"name":"actor.user.uid","type":"User Object: uid","type_id":31,"value":"SESTEST\\splunker"}],"raw_data":"<Event xmlns='http://schemas.microsoft.com/win/2004/08/events/event'>\n  <System>\n    <Provider Name='Microsoft-Windows-Security-Auditing' Guid='{54849625-5478-4994-a5ba-3e3b0328c30d}'/>\n    <EventID>4673</EventID>\n    <Version>0</Version>\n    <Level>0</Level>\n    <Task>13056</Task>\n    <Opcode>0</Opcode>\n    <Keywords>0x8020000000000000</Keywords>\n    <TimeCreated SystemTime='2022-01-28T23:03:17.514392300Z'/>\n    <EventRecordID>505718</EventRecordID>\n    <Correlation/>\n    <Execution ProcessID='4' ThreadID='6052'/>\n    <Channel>Security</Channel>\n    <Computer>SesWin2019DC2.SesTest.local</Computer>\n    <Security/>\n  </System>\n  <EventData>\n    <Data Name='SubjectUserSid'>SESTEST\\splunker</Data>\n    <Data Name='SubjectUserName'>splunker</Data>\n    <Data Name='SubjectDomainName'>SESTEST</Data>\n    <Data Name='SubjectLogonId'>0xe19015e</Data>\n    <Data Name='ObjectServer'>Security</Data>\n    <Data Name='Service'>-</Data>\n    <Data Name='PrivilegeList'>SeCreateGlobalPrivilege</Data>\n    <Data Name='ProcessId'>0xbb8</Data>\n    <Data Name='ProcessName'>C:\\Windows\\System32\\sdiagnhost.exe</Data>\n  </EventData>\n</Event>","severity":"Informational","severity_id":1,"status":"Success","status_id":1,"time":1643410997514,"type_name":"Windows Resource Activity: Access","type_uid":20100301,"unmapped":{"EventData":{"PrivilegeList":"SeCreateGlobalPrivilege"},"Execution":{"ProcessID":"4","ThreadID":"6052"},"Opcode":"0","Task":"13056"},"win_resource":{"name":"-","svc_name":"Security","type":"Unknown","type_id":0}}
{"activity_id":1,"activity_name":"Access","actor":{"process":{"file":{"name":"taskhostw.exe","parent_folder":"C:\\Windows\\System32","path":"C:\\Windows\\System32\\taskhostw.exe","type":"Regular File","type_id":1},"pid":4952},"session":{"uid":"0xe19015e"},"user":{"account":{"name":"splunker","type":"Windows Account","type_id":2,"uid":"SESTEST\\splunker"},"domain":"SESTEST","name":"splunker","uid":"SESTEST\\splunker"}},"category_name":"System Activity","category_uid":1,"class_name":"Windows Resource Activity","class_uid":201003,"device":{"hostname":"SesWin2019DC2.SesTest.local","os":{"name":"Windows","type":"Windows","type_id":100},"type":"Unknown","type_id":0},"metadata":{"event_code":"4673","log_name":"Security","log_provider":"Microsoft-Windows-Security-Auditing","log_version":"0","original_time":"2022-01-28T23:03:12.848592700Z","product":{"feature":{"uid":"{54849625-5478-4994-a5ba-3e3b0328c30d}"},"name":"Microsoft Windows","vendor_name":"Microsoft"},"profiles":["host"],"sequence":505619,"uid":"daaed9173d24e627878a15cec76b05f6","version":"1.4.0"},"observables":[{"name":"actor.process","type":"Process","type_id":25},{"name":"actor.process.file","type":"File","type_id":24},{"name":"actor.process.file.name","type":"File Name","type_id":7,"value":"taskhostw.exe"},{"name":"actor.process.pid","type":"Process ID","type_id":15,"value":"4952"},{"name":"actor.user","type":"User","type_id":21},{"name":"actor.user.name","type":"User Name","type_id":4,"value":"splunker"},{"name":"actor.user.uid","type":"User Object: uid","type_id":31,"value":"SESTEST\\splunker"},{"name":"actor.user.account.uid","type":"Account Object: uid","type_id":35,"value":"SESTEST\\splunker"},{"name":"actor.user.account.name","type":"Account Object: name","type_id":34,"value":"splunker"},{"name":"device","type":"Endpoint","type_id":20},{"name":"device.hostname","type":"Hostname","type_id":1,"value":"SesWin2019DC2.SesTest.local"}],"raw_data":"<Event xmlns='http://schemas.microsoft.com/win/2004/08/events/event'>\n  <System>\n    <Provider Name='Microsoft-Windows-Security-Auditing' Guid='{54849625-5478-4994-a5ba-3e3b0328c30d}'/>\n    <EventID>4673</EventID>\n    <Version>0</Version>\n    <Level>0</Level>\n    <Task>13056</Task>\n    <Opcode>0</Opcode>\n    <Keywords>0x8020000000000000</Keywords>\n    <TimeCreated SystemTime='2022-01-28T23:03:12.848592700Z'/>\n    <EventRecordID>505619</EventRecordID>\n    <Correlation/>\n    <Execution ProcessID='4' ThreadID='1420'/>\n    <Channel>Security</Channel>\n    <Computer>SesWin2019DC2.SesTest.local</Computer>\n    <Security/>\n  </System>\n  <EventData>\n    <Data Name='SubjectUserSid'>SESTEST\\splunker</Data>\n    <Data Name='SubjectUserName'>splunker</Data>\n    <Data Name='SubjectDomainName'>SESTEST</Data>\n    <Data Name='SubjectLogonId'>0xe19015e</Data>\n    <Data Name='ObjectServer'>Security</Data>\n    <Data Name='Service'>-</Data>\n    <Data Name='PrivilegeList'>SeCreateGlobalPrivilege</Data>\n    <Data Name='ProcessId'>0x1358</Data>\n    <Data Name='ProcessName'>C:\\Windows\\System32\\taskhostw.exe</Data>\n  </EventData>\n</Event>","severity":"Informational","severity_id":1,"status":"Success","status_id":1,"time":1643410992848,"type_name":"Windows Resource Activity: Access","type_uid":20100301,"unmapped":{"EventData":{"PrivilegeList":"SeCreateGlobalPrivilege"},"Execution":{"ProcessID":"4","ThreadID":"1420"},"Opcode":"0","Task":"13056"},"win_resource":{"name":"-","svc_name":"Security","type":"Unknown","type_id":0}}
{"activity_id":1,"activity_name":"Launch","actor":{"process":{"file":{"name":"explorer.exe","parent_folder":"C:\\Windows","path":"C:\\Windows\\explorer.exe","type":"Regular File","type_id":1},"pid":3700},"session":{"uid":"0x3e7"},"user":{"account":{"name":"WIN-GG82ULGC9GO$","type":"Windows Account","type_id":2,"uid":"S-1-5-18"},"domain":"CONTOSO","name":"WIN-GG82ULGC9GO$","uid":"S-1-5-18"}},"category_name":"System Activity","category_uid":1,"class_name":"Process Activity","class_uid":1007,"device":{"hostname":"WIN-GG82ULGC9GO.contoso.local","os":{"name":"Windows","type":"Windows","type_id":100},"type":"Unknown","type_id":0},"message":"A new process has been created.","metadata":{"event_code":"4688","log_name":"Security","log_provider":"Microsoft-Windows-Security-Auditing","log_version":"2","original_time":"2015-11-12T02:24:52.377352500Z","product":{"feature":{"uid":"{54849625-5478-4994-A5BA-3E3B0328C30D}"},"name":"Microsoft Windows","vendor_name":"Microsoft"},"profiles":["host"],"sequence":2814,"uid":"9b2ce3e409f91b920636624ff1379df8","version":"1.4.0"},"observables":[{"name":"actor.process","type":"Process","type_id":25},{"name":"actor.process.file","type":"File","type_id":24},{"name":"actor.process.file.name","type":"File Name","type_id":7,"value":"explorer.exe"},{"name":"actor.process.pid","type":"Process ID","type_id":15,"value":"3700"},{"name":"actor.user","type":"User","type_id":21},{"name":"actor.user.account.uid","type":"Account Object: uid","type_id":35,"value":"S-1-5-18"},{"name":"actor.user.account.name","type":"Account Object: name","type_id":34,"value":"WIN-GG82ULGC9GO$"},{"name":"actor.user.name","type":"User Name","type_id":4,"value":"WIN-GG82ULGC9GO$"},{"name":"actor.user.uid","type":"User Object: uid","type_id":31,"value":"S-1-5-18"},{"name":"process","type":"Process","type_id":25},{"name":"process.file","type":"File","type_id":24},{"name":"process.file.name","type":"File Name","type_id":7,"value":"rundll32.exe"},{"name":"process.pid","type":"Process ID","type_id":15,"value":"700"},{"name":"process.user","type":"User","type_id":21},{"name":"process.user.name","type":"User Name","type_id":4,"value":"dadmin"},{"name":"process.user.uid","type":"User Object: uid","type_id":31,"value":"S-1-5-21-1377283216-344919071-3415362939-1104"},{"name":"process.cmd_line","type":"Command Line","type_id":13,"value":"C:\\Windows\\System32\\rundll32.exe c:\\sys\\junk.txt"},{"name":"device","type":"Endpoint","type_id":20},{"name":"device.hostname","type":"Hostname","type_id":1,"value":"WIN-GG82ULGC9GO.contoso.local"}],"process":{"cmd_line":"C:\\Windows\\System32\\rundll32.exe c:\\sys\\junk.txt","file":{"name":"rundll32.exe","parent_folder":"C:\\Windows\\System32","path":"C:\\Windows\\System32\\rundll32.exe","type":"Regular File","type_id":1},"pid":700,"session":{"uid":"0x4a5af0"},"user":{"domain":"CONTOSO","name":"dadmin","uid":"S-1-5-21-1377283216-344919071-3415362939-1104"}},"raw_data":"<?xml version=\"1.0\" encoding=\"UTF-8\"?>\n<Event xmlns=\"http://schemas.microsoft.com/win/2004/08/events/event\">\n   <System>\n      <Provider Name=\"Microsoft-Windows-Security-Auditing\" Guid=\"{54849625-5478-4994-A5BA-3E3B0328C30D}\" />\n      <EventID>4688</EventID>\n      <Version>2</Version>\n      <Level>0</Level>\n      <Task>13312</Task>\n      <Opcode>0</Opcode>\n      <Keywords>0x8020000000000000</Keywords>\n      <TimeCreated SystemTime=\"2015-11-12T02:24:52.377352500Z\" />\n      <EventRecordID>2814</EventRecordID>\n      <Correlation />\n      <Execution ProcessID=\"4\" ThreadID=\"400\" />\n      <Channel>Security</Channel>\n      <Computer>WIN-GG82ULGC9GO.contoso.local</Computer>\n      <Security />\n   </System>\n   <EventData>\n      <Data Name=\"SubjectUserSid\">S-1-5-18</Data>\n      <Data Name=\"SubjectUserName\">WIN-GG82ULGC9GO$</Data>\n      <Data Name=\"SubjectDomainName\">CONTOSO</Data>\n      <Data Name=\"SubjectLogonId\">0x3e7</Data>\n      <Data Name=\"NewProcessId\">0x2bc</Data>\n      <Data Name=\"NewProcessName\">C:\\Windows\\System32\\rundll32.exe</Data>\n      <Data Name=\"TokenElevationType\">%%1938</Data>\n      <Data Name=\"ProcessId\">0xe74</Data>\n      <Data Name=\"CommandLine\">C:\\Windows\\System32\\rundll32.exe c:\\sys\\junk.txt</Data>\n      <Data Name=\"TargetUserSid\">S-1-5-21-1377283216-344919071-3415362939-1104</Data>\n      <Data Name=\"TargetUserName\">dadmin</Data>\n      <Data Name=\"TargetDomainName\">CONTOSO</Data>\n      <Data Name=\"TargetLogonId\">0x4a5af0</Data>\n      <Data Name=\"ParentProcessName\">C:\\Windows\\explorer.exe</Data>\n      <Data Name=\"MandatoryLabel\">S-1-16-8192</Data>\n   </EventData>\n</Event>","severity":"Informational","severity_id":1,"status":"Success","status_id":1,"time":1447295092377,"type_name":"Process Activity: Launch","type_uid":100701,"unmapped":{"EventData":{"MandatoryLabel":"S-1-16-8192","TokenElevationType":"%%1938"},"Execution":{"ProcessID":"4","ThreadID":"400"},"Opcode":"0","Task":"13312"}}
