{"activity_id":2,"activity_name":"Logoff","category_name":"Identity & Access Management","category_uid":3,"class_name":"Authentication","class_uid":3002,"device":{"hostname":"SesWin2019DC2.SesTest.local","os":{"name":"Windows","type":"Windows","type_id":100},"type":"Unknown","type_id":0},"dst_endpoint":{"hostname":"SesWin2019DC2.SesTest.local"},"logon_type":"Network","logon_type_id":3,"metadata":{"event_code":"4634","log_name":"Security","log_provider":"Microsoft-Windows-Security-Auditing","log_version":"0","original_time":"2022-01-25T13:56:04.558784700Z","product":{"feature":{"uid":"{54849625-5478-4994-a5ba-3e3b0328c30d}"},"name":"Microsoft Windows","vendor_name":"Microsoft"},"profiles":["host"],"sequence":381264,"uid":"5f5853905d31dac95b38d3b6c129fa8f","version":"1.4.0"},"observables":[{"name":"device","type":"Endpoint","type_id":20},{"name":"device.hostname","type":"Hostname","type_id":1,"value":"SesWin2019DC2.SesTest.local"},{"name":"user","type":"User","type_id":21},{"name":"user.account.uid","type":"Account Object: uid","type_id":35,"value":"NT AUTHORITY\\SYSTEM"},{"name":"user.account.name","type":"Account Object: name","type_id":34,"value":"SESWIN2019DC2$"},{"name":"user.name","type":"User Name","type_id":4,"value":"SESWIN2019DC2$"},{"name":"user.uid","type":"User Object: uid","type_id":31,"value":"NT AUTHORITY\\SYSTEM"},{"name":"dst_endpoint","type":"Endpoint","type_id":20},{"name":"dst_endpoint.hostname","type":"Hostname","type_id":1,"value":"SesWin2019DC2.SesTest.local"}],"raw_data":"<Event xmlns='http://schemas.microsoft.com/win/2004/08/events/event'>\n  <System>\n    <Provider Name='Microsoft-Windows-Security-Auditing' Guid='{54849625-5478-4994-a5ba-3e3b0328c30d}'/>\n    <EventID>4634</EventID>\n    <Version>0</Version>\n    <Level>0</Level>\n    <Task>12545</Task>\n    <Opcode>0</Opcode>\n    <Keywords>0x8020000000000000</Keywords>\n    <TimeCreated SystemTime='2022-01-25T13:56:04.558784700Z'/>\n    <EventRecordID>381264</EventRecordID>\n    <Correlation/>\n    <Execution ProcessID='692' ThreadID='3904'/>\n    <Channel>Security</Channel>\n    <Computer>SesWin2019DC2.SesTest.local</Computer>\n    <Security/>\n  </System>\n  <EventData>\n    <Data Name='TargetUserSid'>NT AUTHORITY\\SYSTEM</Data>\n    <Data Name='TargetUserName'>SESWIN2019DC2$</Data>\n    <Data Name='TargetDomainName'>SESTEST</Data>\n    <Data Name='TargetLogonId'>0x828ae93</Data>\n    <Data Name='LogonType'>3</Data>\n  </EventData>\n</Event>","session":{"uid":"0x828ae93"},"severity":"Informational","severity_id":1,"status":"Success","status_id":1,"time":1643118964558,"type_name":"Authentication: Logoff","type_uid":300202,"unmapped":{"Execution":{"ProcessID":"692","ThreadID":"3904"},"Opcode":"0","Task":"12545"},"user":{"account":{"name":"SESWIN2019DC2$","type":"Windows Account","type_id":2,"uid":"NT AUTHORITY\\SYSTEM"},"domain":"SESTEST","name":"SESWIN2019DC2$","uid":"NT AUTHORITY\\SYSTEM"}}
{"activity_id":2,"activity_name":"Logoff","category_name":"Identity & Access Management","category_uid":3,"class_name":"Authentication","class_uid":3002,"device":{"hostname":"SesWin2019DC2.SesTest.local","os":{"name":"Windows","type":"Windows","type_id":100},"type":"Unknown","type_id":0},"dst_endpoint":{"hostname":"SesWin2019DC2.SesTest.local"},"logon_type":"Network","logon_type_id":3,"metadata":{"event_code":"4634","log_name":"Security","log_provider":"Microsoft-Windows-Security-Auditing","log_version":"0","original_time":"2022-01-25T13:55:39.863949000Z","product":{"feature":{"uid":"{54849625-5478-4994-a5ba-3e3b0328c30d}"},"name":"Microsoft Windows","vendor_name":"Microsoft"},"profiles":["host"],"sequence":381262,"uid":"3b52eb4ae47fac9a528462bebebccf33","version":"1.4.0"},"observables":[{"name":"device","type":"Endpoint","type_id":20},{"name":"device.hostname","type":"Hostname","type_id":1,"value":"SesWin2019DC2.SesTest.local"},{"name":"dst_endpoint","type":"Endpoint","type_id":20},{"name":"dst_endpoint.hostname","type":"Hostname","type_id":1,"value":"SesWin2019DC2.SesTest.local"},{"name":"user","type":"User","type_id":21},{"name":"user.uid","type":"User Object: uid","type_id":31,"value":"NT AUTHORITY\\SYSTEM"},{"name":"user.account.uid","type":"Account Object: uid","type_id":35,"value":"NT AUTHORITY\\SYSTEM"},{"name":"user.account.name","type":"Account Object: name","type_id":34,"value":"SESWIN2019DC2$"},{"name":"user.name","type":"User Name","type_id":4,"value":"SESWIN2019DC2$"}],"raw_data":"<Event xmlns='http://schemas.microsoft.com/win/2004/08/events/event'>\n  <System>\n    <Provider Name='Microsoft-Windows-Security-Auditing' Guid='{54849625-5478-4994-a5ba-3e3b0328c30d}'/>\n    <EventID>4634</EventID>\n    <Version>0</Version>\n    <Level>0</Level>\n    <Task>12545</Task>\n    <Opcode>0</Opcode>\n    <Keywords>0x8020000000000000</Keywords>\n    <TimeCreated SystemTime='2022-01-25T13:55:39.863949000Z'/>\n    <EventRecordID>381262</EventRecordID>\n    <Correlation/>\n    <Execution ProcessID='692' ThreadID='1708'/>\n    <Channel>Security</Channel>\n    <Computer>SesWin2019DC2.SesTest.local</Computer>\n    <Security/>\n  </System>\n  <EventData>\n    <Data Name='TargetUserSid'>NT AUTHORITY\\SYSTEM</Data>\n    <Data Name='TargetUserName'>SESWIN2019DC2$</Data>\n    <Data Name='TargetDomainName'>SESTEST</Data>\n    <Data Name='TargetLogonId'>0x8286b4d</Data>\n    <Data Name='LogonType'>3</Data>\n  </EventData>\n</Event>","session":{"uid":"0x8286b4d"},"severity":"Informational","severity_id":1,"status":"Success","status_id":1,"time":1643118939863,"type_name":"Authentication: Logoff","type_uid":300202,"unmapped":{"Execution":{"ProcessID":"692","ThreadID":"1708"},"Opcode":"0","Task":"12545"},"user":{"account":{"name":"SESWIN2019DC2$","type":"Windows Account","type_id":2,"uid":"NT AUTHORITY\\SYSTEM"},"domain":"SESTEST","name":"SESWIN2019DC2$","uid":"NT AUTHORITY\\SYSTEM"}}
{"activity_id":2,"activity_name":"Logoff","category_name":"Identity & Access Management","category_uid":3,"class_name":"Authentication","class_uid":3002,"device":{"hostname":"SesWin2019DC2.SesTest.local","os":{"name":"Windows","type":"Windows","type_id":100},"type":"Unknown","type_id":0},"dst_endpoint":{"hostname":"SesWin2019DC2.SesTest.local"},"logon_type":"Network","logon_type_id":3,"metadata":{"event_code":"4634","log_name":"Security","log_provider":"Microsoft-Windows-Security-Auditing","log_version":"0","original_time":"2022-01-25T13:55:29.123232100Z","product":{"feature":{"uid":"{54849625-5478-4994-a5ba-3e3b0328c30d}"},"name":"Microsoft Windows","vendor_name":"Microsoft"},"profiles":["host"],"sequence":381261,"uid":"9bc4bff0e1d0169e413b18c7778e7dc9","version":"1.4.0"},"observables":[{"name":"device","type":"Endpoint","type_id":20},{"name":"device.hostname","type":"Hostname","type_id":1,"value":"SesWin2019DC2.SesTest.local"},{"name":"user","type":"User","type_id":21},{"name":"user.account.uid","type":"Account Object: uid","type_id":35,"value":"NT AUTHORITY\\SYSTEM"},{"name":"user.account.name","type":"Account Object: name","type_id":34,"value":"SESWIN2019DC2$"},{"name":"user.name","type":"User Name","type_id":4,"value":"SESWIN2019DC2$"},{"name":"user.uid","type":"User Object: uid","type_id":31,"value":"NT AUTHORITY\\SYSTEM"},{"name":"dst_endpoint","type":"Endpoint","type_id":20},{"name":"dst_endpoint.hostname","type":"Hostname","type_id":1,"value":"SesWin2019DC2.SesTest.local"}],"raw_data":"<Event xmlns='http://schemas.microsoft.com/win/2004/08/events/event'>\n  <System>\n    <Provider Name='Microsoft-Windows-Security-Auditing' Guid='{54849625-5478-4994-a5ba-3e3b0328c30d}'/>\n    <EventID>4634</EventID>\n    <Version>0</Version>\n    <Level>0</Level>\n    <Task>12545</Task>\n    <Opcode>0</Opcode>\n    <Keywords>0x8020000000000000</Keywords>\n    <TimeCreated SystemTime='2022-01-25T13:55:29.123232100Z'/>\n    <EventRecordID>381261</EventRecordID>\n    <Correlation/>\n    <Execution ProcessID='692' ThreadID='3112'/>\n    <Channel>Security</Channel>\n    <Computer>SesWin2019DC2.SesTest.local</Computer>\n    <Security/>\n  </System>\n  <EventData>\n    <Data Name='TargetUserSid'>NT AUTHORITY\\SYSTEM</Data>\n    <Data Name='TargetUserName'>SESWIN2019DC2$</Data>\n    <Data Name='TargetDomainName'>SESTEST</Data>\n    <Data Name='TargetLogonId'>0x8286921</Data>\n    <Data Name='LogonType'>3</Data>\n  </EventData>\n</Event>","session":{"uid":"0x8286921"},"severity":"Informational","severity_id":1,"status":"Success","status_id":1,"time":1643118929123,"type_name":"Authentication: Logoff","type_uid":300202,"unmapped":{"Execution":{"ProcessID":"692","ThreadID":"3112"},"Opcode":"0","Task":"12545"},"user":{"account":{"name":"SESWIN2019DC2$","type":"Windows Account","type_id":2,"uid":"NT AUTHORITY\\SYSTEM"},"domain":"SESTEST","name":"SESWIN2019DC2$","uid":"NT AUTHORITY\\SYSTEM"}}
{"activity_id":1,"activity_name":"Logon","actor":{"process":{"file":{"name":"svchost.exe","parent_folder":"C:\\Windows\\System32","path":"C:\\Windows\\System32\\svchost.exe","type":"Regular File","type_id":1},"pid":1096},"session":{"uid":"0x3e4","uuid":"{00000000-0000-0000-0000-000000000000}"},"user":{"account":{"name":"WIN-DC-MRADKA-4$","type":"Windows Account","type_id":2,"uid":"NT AUTHORITY\\NETWORK SERVICE"},"domain":"ATTACKRANGE","name":"WIN-DC-MRADKA-4$","uid":"NT AUTHORITY\\NETWORK SERVICE"}},"category_name":"Identity & Access Management","category_uid":3,"class_name":"Authentication","class_uid":3002,"device":{"hostname":"win-dc-mradka-46070-659.attackrange.local","os":{"name":"Windows","type":"Windows","type_id":100},"type":"Unknown","type_id":0},"dst_endpoint":{"hostname":"localhost"},"metadata":{"event_code":"4648","log_name":"Security","log_provider":"Microsoft-Windows-Security-Auditing","log_version":"0","original_time":"2022-07-29T20:57:06.739257800Z","product":{"feature":{"uid":"{54849625-5478-4994-A5BA-3E3B0328C30D}"},"name":"Microsoft Windows","vendor_name":"Microsoft"},"profiles":["host"],"sequence":327559,"uid":"b47d9e1054f5034e0aa5185f322843e1","version":"1.4.0"},"observables":[{"name":"dst_endpoint","type":"Endpoint","type_id":20},{"name":"dst_endpoint.hostname","type":"Hostname","type_id":1,"value":"localhost"},{"name":"user","type":"User","type_id":21},{"name":"user.account.uid","type":"Account Object: uid","type_id":35,"value":"{638A68C2-14C4-D0B3-3287-2F44371BB1A1}"},{"name":"user.account.name","type":"Account Object: name","type_id":34,"value":"Administrator"},{"name":"user.name","type":"User Name","type_id":4,"value":"Administrator"},{"name":"user.uid","type":"User Object: uid","type_id":31,"value":"{638A68C2-14C4-D0B3-3287-2F44371BB1A1}"},{"name":"actor.process","type":"Process","type_id":25},{"name":"actor.process.pid","type":"Process ID","type_id":15,"value":"1096"},{"name":"actor.process.file","type":"File","type_id":24},{"name":"actor.process.file.name","type":"File Name","type_id":7,"value":"svchost.exe"},{"name":"actor.user","type":"User","type_id":21},{"name":"actor.user.uid","type":"User Object: uid","type_id":31,"value":"NT AUTHORITY\\NETWORK SERVICE"},{"name":"actor.user.name","type":"User Name","type_id":4,"value":"WIN-DC-MRADKA-4$"},{"name":"actor.user.account.uid","type":"Account Object: uid","type_id":35,"value":"NT AUTHORITY\\NETWORK SERVICE"},{"name":"actor.user.account.name","type":"Account Object: name","type_id":34,"value":"WIN-DC-MRADKA-4$"},{"name":"device","type":"Endpoint","type_id":20},{"name":"device.hostname","type":"Hostname","type_id":1,"value":"win-dc-mradka-46070-659.attackrange.local"}],"raw_data":"<Event xmlns='http://schemas.microsoft.com/win/2004/08/events/event'>\n  <System>\n    <Provider Name='Microsoft-Windows-Security-Auditing' Guid='{54849625-5478-4994-A5BA-3E3B0328C30D}'/>\n    <EventID>4648</EventID>\n    <Version>0</Version>\n    <Level>0</Level>\n    <Task>12544</Task>\n    <Opcode>0</Opcode>\n    <Keywords>0x8020000000000000</Keywords>\n    <TimeCreated SystemTime='2022-07-29T20:57:06.739257800Z'/>\n    <EventRecordID>327559</EventRecordID>\n    <Correlation/>\n    <Execution ProcessID='632' ThreadID='796'/>\n    <Channel>Security</Channel>\n    <Computer>win-dc-mradka-46070-659.attackrange.local</Computer>\n    <Security/>\n  </System>\n  <EventData>\n    <Data Name='SubjectUserSid'>NT AUTHORITY\\NETWORK SERVICE</Data>\n    <Data Name='SubjectUserName'>WIN-DC-MRADKA-4$</Data>\n    <Data Name='SubjectDomainName'>ATTACKRANGE</Data>\n    <Data Name='SubjectLogonId'>0x3e4</Data>\n    <Data Name='LogonGuid'>{00000000-0000-0000-0000-000000000000}</Data>\n    <Data Name='TargetUserName'>Administrator</Data>\n    <Data Name='TargetDomainName'>ATTACKRANGE</Data>\n    <Data Name='TargetLogonGuid'>{638A68C2-14C4-D0B3-3287-2F44371BB1A1}</Data>\n    <Data Name='TargetServerName'>localhost</Data>\n    <Data Name='TargetInfo'>localhost</Data>\n    <Data Name='ProcessId'>0x448</Data>\n    <Data Name='ProcessName'>C:\\Windows\\System32\\svchost.exe</Data>\n    <Data Name='IpAddress'>-</Data>\n    <Data Name='IpPort'>-</Data>\n  </EventData>\n</Event>","severity":"Informational","severity_id":1,"status":"Success","status_id":1,"time":1659128226739,"type_name":"Authentication: Logon","type_uid":300201,"unmapped":{"EventData":{"TargetInfo":"localhost"},"Execution":{"ProcessID":"632","ThreadID":"796"},"Opcode":"0","Task":"12544"},"user":{"account":{"name":"Administrator","type":"Windows Account","type_id":2,"uid":"{638A68C2-14C4-D0B3-3287-2F44371BB1A1}"},"domain":"ATTACKRANGE","name":"Administrator","uid":"{638A68C2-14C4-D0B3-3287-2F44371BB1A1}"}}
{"activity_id":1,"activity_name":"Logon","actor":{"process":{"file":{"name":"svchost.exe","parent_folder":"C:\\Windows\\System32","path":"C:\\Windows\\System32\\svchost.exe","type":"Regular File","type_id":1},"pid":1096},"session":{"uid":"0x3e4","uuid":"{00000000-0000-0000-0000-000000000000}"},"user":{"account":{"name":"WIN-DC-MRADKA-4$","type":"Windows Account","type_id":2,"uid":"NT AUTHORITY\\NETWORK SERVICE"},"domain":"ATTACKRANGE","name":"WIN-DC-MRADKA-4$","uid":"NT AUTHORITY\\NETWORK SERVICE"}},"category_name":"Identity & Access Management","category_uid":3,"class_name":"Authentication","class_uid":3002,"device":{"hostname":"win-dc-mradka-46070-659.attackrange.local","os":{"name":"Windows","type":"Windows","type_id":100},"type":"Unknown","type_id":0},"dst_endpoint":{"hostname":"localhost"},"metadata":{"event_code":"4648","log_name":"Security","log_provider":"Microsoft-Windows-Security-Auditing","log_version":"0","original_time":"2022-07-29T20:57:15.505728800Z","product":{"feature":{"uid":"{54849625-5478-4994-A5BA-3E3B0328C30D}"},"name":"Microsoft Windows","vendor_name":"Microsoft"},"profiles":["host"],"sequence":327708,"uid":"da4cc63c857df0797ec94a8c9cde1b15","version":"1.4.0"},"observables":[{"name":"device","type":"Endpoint","type_id":20},{"name":"device.hostname","type":"Hostname","type_id":1,"value":"win-dc-mradka-46070-659.attackrange.local"},{"name":"user","type":"User","type_id":21},{"name":"user.account.uid","type":"Account Object: uid","type_id":35,"value":"{D6F65A0A-BB04-D7DE-99A4-F2FE926F7254}"},{"name":"user.account.name","type":"Account Object: name","type_id":34,"value":"Administrator"},{"name":"user.name","type":"User Name","type_id":4,"value":"Administrator"},{"name":"user.uid","type":"User Object: uid","type_id":31,"value":"{D6F65A0A-BB04-D7DE-99A4-F2FE926F7254}"},{"name":"dst_endpoint","type":"Endpoint","type_id":20},{"name":"dst_endpoint.hostname","type":"Hostname","type_id":1,"value":"localhost"},{"name":"actor.user","type":"User","type_id":21},{"name":"actor.user.account.uid","type":"Account Object: uid","type_id":35,"value":"NT AUTHORITY\\NETWORK SERVICE"},{"name":"actor.user.account.name","type":"Account Object: name","type_id":34,"value":"WIN-DC-MRADKA-4$"},{"name":"actor.user.uid","type":"User Object: uid","type_id":31,"value":"NT AUTHORITY\\NETWORK SERVICE"},{"name":"actor.user.name","type":"User Name","type_id":4,"value":"WIN-DC-MRADKA-4$"},{"name":"actor.process","type":"Process","type_id":25},{"name":"actor.process.pid","type":"Process ID","type_id":15,"value":"1096"},{"name":"actor.process.file","type":"File","type_id":24},{"name":"actor.process.file.name","type":"File Name","type_id":7,"value":"svchost.exe"}],"raw_data":"<Event xmlns='http://schemas.microsoft.com/win/2004/08/events/event'>\n  <System>\n    <Provider Name='Microsoft-Windows-Security-Auditing' Guid='{54849625-5478-4994-A5BA-3E3B0328C30D}'/>\n    <EventID>4648</EventID>\n    <Version>0</Version>\n    <Level>0</Level>\n    <Task>12544</Task>\n    <Opcode>0</Opcode>\n    <Keywords>0x8020000000000000</Keywords>\n    <TimeCreated SystemTime='2022-07-29T20:57:15.505728800Z'/>\n    <EventRecordID>327708</EventRecordID>\n    <Correlation/>\n    <Execution ProcessID='632' ThreadID='828'/>\n    <Channel>Security</Channel>\n    <Computer>win-dc-mradka-46070-659.attackrange.local</Computer>\n    <Security/>\n  </System>\n  <EventData>\n    <Data Name='SubjectUserSid'>NT AUTHORITY\\NETWORK SERVICE</Data>\n    <Data Name='SubjectUserName'>WIN-DC-MRADKA-4$</Data>\n    <Data Name='SubjectDomainName'>ATTACKRANGE</Data>\n    <Data Name='SubjectLogonId'>0x3e4</Data>\n    <Data Name='LogonGuid'>{00000000-0000-0000-0000-000000000000}</Data>\n    <Data Name='TargetUserName'>Administrator</Data>\n    <Data Name='TargetDomainName'>ATTACKRANGE</Data>\n    <Data Name='TargetLogonGuid'>{D6F65A0A-BB04-D7DE-99A4-F2FE926F7254}</Data>\n    <Data Name='TargetServerName'>localhost</Data>\n    <Data Name='TargetInfo'>localhost</Data>\n    <Data Name='ProcessId'>0x448</Data>\n    <Data Name='ProcessName'>C:\\Windows\\System32\\svchost.exe</Data>\n    <Data Name='IpAddress'>-</Data>\n    <Data Name='IpPort'>-</Data>\n  </EventData>\n</Event>","severity":"Informational","severity_id":1,"status":"Success","status_id":1,"time":1659128235505,"type_name":"Authentication: Logon","type_uid":300201,"unmapped":{"EventData":{"TargetInfo":"localhost"},"Execution":{"ProcessID":"632","ThreadID":"828"},"Opcode":"0","Task":"12544"},"user":{"account":{"name":"Administrator","type":"Windows Account","type_id":2,"uid":"{D6F65A0A-BB04-D7DE-99A4-F2FE926F7254}"},"domain":"ATTACKRANGE","name":"Administrator","uid":"{D6F65A0A-BB04-D7DE-99A4-F2FE926F7254}"}}
{"activity_id":1,"activity_name":"Logon","actor":{"process":{"file":{"name":"svchost.exe","parent_folder":"C:\\Windows\\System32","path":"C:\\Windows\\System32\\svchost.exe","type":"Regular File","type_id":1},"pid":1096},"session":{"uid":"0x3e4","uuid":"{00000000-0000-0000-0000-000000000000}"},"user":{"account":{"name":"WIN-DC-MRADKA-4$","type":"Windows Account","type_id":2,"uid":"NT AUTHORITY\\NETWORK SERVICE"},"domain":"ATTACKRANGE","name":"WIN-DC-MRADKA-4$","uid":"NT AUTHORITY\\NETWORK SERVICE"}},"category_name":"Identity & Access Management","category_uid":3,"class_name":"Authentication","class_uid":3002,"device":{"hostname":"win-dc-mradka-46070-659.attackrange.local","os":{"name":"Windows","type":"Windows","type_id":100},"type":"Unknown","type_id":0},"dst_endpoint":{"hostname":"localhost"},"metadata":{"event_code":"4648","log_name":"Security","log_provider":"Microsoft-Windows-Security-Auditing","log_version":"0","original_time":"2022-07-29T20:57:15.082435500Z","product":{"feature":{"uid":"{54849625-5478-4994-A5BA-3E3B0328C30D}"},"name":"Microsoft Windows","vendor_name":"Microsoft"},"profiles":["host"],"sequence":327701,"uid":"2d61c71f8dd2575a9ed9f7fb076c1594","version":"1.4.0"},"observables":[{"name":"dst_endpoint","type":"Endpoint","type_id":20},{"name":"dst_endpoint.hostname","type":"Hostname","type_id":1,"value":"localhost"},{"name":"user","type":"User","type_id":21},{"name":"user.account.uid","type":"Account Object: uid","type_id":35,"value":"{D6F65A0A-BB04-D7DE-99A4-F2FE926F7254}"},{"name":"user.account.name","type":"Account Object: name","type_id":34,"value":"Administrator"},{"name":"user.name","type":"User Name","type_id":4,"value":"Administrator"},{"name":"user.uid","type":"User Object: uid","type_id":31,"value":"{D6F65A0A-BB04-D7DE-99A4-F2FE926F7254}"},{"name":"actor.process","type":"Process","type_id":25},{"name":"actor.process.pid","type":"Process ID","type_id":15,"value":"1096"},{"name":"actor.process.file","type":"File","type_id":24},{"name":"actor.process.file.name","type":"File Name","type_id":7,"value":"svchost.exe"},{"name":"actor.user","type":"User","type_id":21},{"name":"actor.user.account.uid","type":"Account Object: uid","type_id":35,"value":"NT AUTHORITY\\NETWORK SERVICE"},{"name":"actor.user.account.name","type":"Account Object: name","type_id":34,"value":"WIN-DC-MRADKA-4$"},{"name":"actor.user.uid","type":"User Object: uid","type_id":31,"value":"NT AUTHORITY\\NETWORK SERVICE"},{"name":"actor.user.name","type":"User Name","type_id":4,"value":"WIN-DC-MRADKA-4$"},{"name":"device","type":"Endpoint","type_id":20},{"name":"device.hostname","type":"Hostname","type_id":1,"value":"win-dc-mradka-46070-659.attackrange.local"}],"raw_data":"<Event xmlns='http://schemas.microsoft.com/win/2004/08/events/event'>\n  <System>\n    <Provider Name='Microsoft-Windows-Security-Auditing' Guid='{54849625-5478-4994-A5BA-3E3B0328C30D}'/>\n    <EventID>4648</EventID>\n    <Version>0</Version>\n    <Level>0</Level>\n    <Task>12544</Task>\n    <Opcode>0</Opcode>\n    <Keywords>0x8020000000000000</Keywords>\n    <TimeCreated SystemTime='2022-07-29T20:57:15.082435500Z'/>\n    <EventRecordID>327701</EventRecordID>\n    <Correlation/>\n    <Execution ProcessID='632' ThreadID='828'/>\n    <Channel>Security</Channel>\n    <Computer>win-dc-mradka-46070-659.attackrange.local</Computer>\n    <Security/>\n  </System>\n  <EventData>\n    <Data Name='SubjectUserSid'>NT AUTHORITY\\NETWORK SERVICE</Data>\n    <Data Name='SubjectUserName'>WIN-DC-MRADKA-4$</Data>\n    <Data Name='SubjectDomainName'>ATTACKRANGE</Data>\n    <Data Name='SubjectLogonId'>0x3e4</Data>\n    <Data Name='LogonGuid'>{00000000-0000-0000-0000-000000000000}</Data>\n    <Data Name='TargetUserName'>Administrator</Data>\n    <Data Name='TargetDomainName'>ATTACKRANGE</Data>\n    <Data Name='TargetLogonGuid'>{D6F65A0A-BB04-D7DE-99A4-F2FE926F7254}</Data>\n    <Data Name='TargetServerName'>localhost</Data>\n    <Data Name='TargetInfo'>localhost</Data>\n    <Data Name='ProcessId'>0x448</Data>\n    <Data Name='ProcessName'>C:\\Windows\\System32\\svchost.exe</Data>\n    <Data Name='IpAddress'>-</Data>\n    <Data Name='IpPort'>-</Data>\n  </EventData>\n</Event>","severity":"Informational","severity_id":1,"status":"Success","status_id":1,"time":1659128235082,"type_name":"Authentication: Logon","type_uid":300201,"unmapped":{"EventData":{"TargetInfo":"localhost"},"Execution":{"ProcessID":"632","ThreadID":"828"},"Opcode":"0","Task":"12544"},"user":{"account":{"name":"Administrator","type":"Windows Account","type_id":2,"uid":"{D6F65A0A-BB04-D7DE-99A4-F2FE926F7254}"},"domain":"ATTACKRANGE","name":"Administrator","uid":"{D6F65A0A-BB04-D7DE-99A4-F2FE926F7254}"}}
{"activity_id":1,"activity_name":"Logon","actor":{"process":{"file":{"name":"svchost.exe","parent_folder":"C:\\Windows\\System32","path":"C:\\Windows\\System32\\svchost.exe","type":"Regular File","type_id":1},"pid":1096},"session":{"uid":"0x3e4","uuid":"{00000000-0000-0000-0000-000000000000}"},"user":{"account":{"name":"WIN-DC-MRADKA-4$","type":"Windows Account","type_id":2,"uid":"NT AUTHORITY\\NETWORK SERVICE"},"domain":"ATTACKRANGE","name":"WIN-DC-MRADKA-4$","uid":"NT AUTHORITY\\NETWORK SERVICE"}},"category_name":"Identity & Access Management","category_uid":3,"class_name":"Authentication","class_uid":3002,"device":{"hostname":"win-dc-mradka-46070-659.attackrange.local","os":{"name":"Windows","type":"Windows","type_id":100},"type":"Unknown","type_id":0},"dst_endpoint":{"hostname":"localhost"},"metadata":{"event_code":"4648","log_name":"Security","log_provider":"Microsoft-Windows-Security-Auditing","log_version":"0","original_time":"2022-07-29T20:57:15.047837800Z","product":{"feature":{"uid":"{54849625-5478-4994-A5BA-3E3B0328C30D}"},"name":"Microsoft Windows","vendor_name":"Microsoft"},"profiles":["host"],"sequence":327694,"uid":"49fd61c3f7ab7cbf6150cef30b19f8de","version":"1.4.0"},"observables":[{"name":"device","type":"Endpoint","type_id":20},{"name":"device.hostname","type":"Hostname","type_id":1,"value":"win-dc-mradka-46070-659.attackrange.local"},{"name":"dst_endpoint","type":"Endpoint","type_id":20},{"name":"dst_endpoint.hostname","type":"Hostname","type_id":1,"value":"localhost"},{"name":"user","type":"User","type_id":21},{"name":"user.name","type":"User Name","type_id":4,"value":"Administrator"},{"name":"user.uid","type":"User Object: uid","type_id":31,"value":"{D6F65A0A-BB04-D7DE-99A4-F2FE926F7254}"},{"name":"user.account.uid","type":"Account Object: uid","type_id":35,"value":"{D6F65A0A-BB04-D7DE-99A4-F2FE926F7254}"},{"name":"user.account.name","type":"Account Object: name","type_id":34,"value":"Administrator"},{"name":"actor.user","type":"User","type_id":21},{"name":"actor.user.uid","type":"User Object: uid","type_id":31,"value":"NT AUTHORITY\\NETWORK SERVICE"},{"name":"actor.user.name","type":"User Name","type_id":4,"value":"WIN-DC-MRADKA-4$"},{"name":"actor.user.account.uid","type":"Account Object: uid","type_id":35,"value":"NT AUTHORITY\\NETWORK SERVICE"},{"name":"actor.user.account.name","type":"Account Object: name","type_id":34,"value":"WIN-DC-MRADKA-4$"},{"name":"actor.process","type":"Process","type_id":25},{"name":"actor.process.pid","type":"Process ID","type_id":15,"value":"1096"},{"name":"actor.process.file","type":"File","type_id":24},{"name":"actor.process.file.name","type":"File Name","type_id":7,"value":"svchost.exe"}],"raw_data":"<Event xmlns='http://schemas.microsoft.com/win/2004/08/events/event'>\n  <System>\n    <Provider Name='Microsoft-Windows-Security-Auditing' Guid='{54849625-5478-4994-A5BA-3E3B0328C30D}'/>\n    <EventID>4648</EventID>\n    <Version>0</Version>\n    <Level>0</Level>\n    <Task>12544</Task>\n    <Opcode>0</Opcode>\n    <Keywords>0x8020000000000000</Keywords>\n    <TimeCreated SystemTime='2022-07-29T20:57:15.047837800Z'/>\n    <EventRecordID>327694</EventRecordID>\n    <Correlation/>\n    <Execution ProcessID='632' ThreadID='828'/>\n    <Channel>Security</Channel>\n    <Computer>win-dc-mradka-46070-659.attackrange.local</Computer>\n    <Security/>\n  </System>\n  <EventData>\n    <Data Name='SubjectUserSid'>NT AUTHORITY\\NETWORK SERVICE</Data>\n    <Data Name='SubjectUserName'>WIN-DC-MRADKA-4$</Data>\n    <Data Name='SubjectDomainName'>ATTACKRANGE</Data>\n    <Data Name='SubjectLogonId'>0x3e4</Data>\n    <Data Name='LogonGuid'>{00000000-0000-0000-0000-000000000000}</Data>\n    <Data Name='TargetUserName'>Administrator</Data>\n    <Data Name='TargetDomainName'>ATTACKRANGE</Data>\n    <Data Name='TargetLogonGuid'>{D6F65A0A-BB04-D7DE-99A4-F2FE926F7254}</Data>\n    <Data Name='TargetServerName'>localhost</Data>\n    <Data Name='TargetInfo'>localhost</Data>\n    <Data Name='ProcessId'>0x448</Data>\n    <Data Name='ProcessName'>C:\\Windows\\System32\\svchost.exe</Data>\n    <Data Name='IpAddress'>-</Data>\n    <Data Name='IpPort'>-</Data>\n  </EventData>\n</Event>","severity":"Informational","severity_id":1,"status":"Success","status_id":1,"time":1659128235047,"type_name":"Authentication: Logon","type_uid":300201,"unmapped":{"EventData":{"TargetInfo":"localhost"},"Execution":{"ProcessID":"632","ThreadID":"828"},"Opcode":"0","Task":"12544"},"user":{"account":{"name":"Administrator","type":"Windows Account","type_id":2,"uid":"{D6F65A0A-BB04-D7DE-99A4-F2FE926F7254}"},"domain":"ATTACKRANGE","name":"Administrator","uid":"{D6F65A0A-BB04-D7DE-99A4-F2FE926F7254}"}}
{"activity_id":1,"activity_name":"Logon","actor":{"process":{"file":{"name":"svchost.exe","parent_folder":"C:\\Windows\\System32","path":"C:\\Windows\\System32\\svchost.exe","type":"Regular File","type_id":1},"pid":1096},"session":{"uid":"0x3e4","uuid":"{00000000-0000-0000-0000-000000000000}"},"user":{"account":{"name":"WIN-DC-MRADKA-4$","type":"Windows Account","type_id":2,"uid":"NT AUTHORITY\\NETWORK SERVICE"},"domain":"ATTACKRANGE","name":"WIN-DC-MRADKA-4$","uid":"NT AUTHORITY\\NETWORK SERVICE"}},"category_name":"Identity & Access Management","category_uid":3,"class_name":"Authentication","class_uid":3002,"device":{"hostname":"win-dc-mradka-46070-659.attackrange.local","os":{"name":"Windows","type":"Windows","type_id":100},"type":"Unknown","type_id":0},"dst_endpoint":{"hostname":"localhost"},"metadata":{"event_code":"4648","log_name":"Security","log_provider":"Microsoft-Windows-Security-Auditing","log_version":"0","original_time":"2022-07-29T20:57:14.957040900Z","product":{"feature":{"uid":"{54849625-5478-4994-A5BA-3E3B0328C30D}"},"name":"Microsoft Windows","vendor_name":"Microsoft"},"profiles":["host"],"sequence":327687,"uid":"f2a5a2856c5aa23ec6a1c297d015e235","version":"1.4.0"},"observables":[{"name":"actor.process","type":"Process","type_id":25},{"name":"actor.process.file","type":"File","type_id":24},{"name":"actor.process.file.name","type":"File Name","type_id":7,"value":"svchost.exe"},{"name":"actor.process.pid","type":"Process ID","type_id":15,"value":"1096"},{"name":"actor.user","type":"User","type_id":21},{"name":"actor.user.account.uid","type":"Account Object: uid","type_id":35,"value":"NT AUTHORITY\\NETWORK SERVICE"},{"name":"actor.user.account.name","type":"Account Object: name","type_id":34,"value":"WIN-DC-MRADKA-4$"},{"name":"actor.user.uid","type":"User Object: uid","type_id":31,"value":"NT AUTHORITY\\NETWORK SERVICE"},{"name":"actor.user.name","type":"User Name","type_id":4,"value":"WIN-DC-MRADKA-4$"},{"name":"device","type":"Endpoint","type_id":20},{"name":"device.hostname","type":"Hostname","type_id":1,"value":"win-dc-mradka-46070-659.attackrange.local"},{"name":"dst_endpoint","type":"Endpoint","type_id":20},{"name":"dst_endpoint.hostname","type":"Hostname","type_id":1,"value":"localhost"},{"name":"user","type":"User","type_id":21},{"name":"user.account.uid","type":"Account Object: uid","type_id":35,"value":"{02B831A0-7F25-D554-0FC1-06361513C028}"},{"name":"user.account.name","type":"Account Object: name","type_id":34,"value":"Administrator"},{"name":"user.name","type":"User Name","type_id":4,"value":"Administrator"},{"name":"user.uid","type":"User Object: uid","type_id":31,"value":"{02B831A0-7F25-D554-0FC1-06361513C028}"}],"raw_data":"<Event xmlns='http://schemas.microsoft.com/win/2004/08/events/event'>\n  <System>\n    <Provider Name='Microsoft-Windows-Security-Auditing' Guid='{54849625-5478-4994-A5BA-3E3B0328C30D}'/>\n    <EventID>4648</EventID>\n    <Version>0</Version>\n    <Level>0</Level>\n    <Task>12544</Task>\n    <Opcode>0</Opcode>\n    <Keywords>0x8020000000000000</Keywords>\n    <TimeCreated SystemTime='2022-07-29T20:57:14.957040900Z'/>\n    <EventRecordID>327687</EventRecordID>\n    <Correlation/>\n    <Execution ProcessID='632' ThreadID='828'/>\n    <Channel>Security</Channel>\n    <Computer>win-dc-mradka-46070-659.attackrange.local</Computer>\n    <Security/>\n  </System>\n  <EventData>\n    <Data Name='SubjectUserSid'>NT AUTHORITY\\NETWORK SERVICE</Data>\n    <Data Name='SubjectUserName'>WIN-DC-MRADKA-4$</Data>\n    <Data Name='SubjectDomainName'>ATTACKRANGE</Data>\n    <Data Name='SubjectLogonId'>0x3e4</Data>\n    <Data Name='LogonGuid'>{00000000-0000-0000-0000-000000000000}</Data>\n    <Data Name='TargetUserName'>Administrator</Data>\n    <Data Name='TargetDomainName'>ATTACKRANGE</Data>\n    <Data Name='TargetLogonGuid'>{02B831A0-7F25-D554-0FC1-06361513C028}</Data>\n    <Data Name='TargetServerName'>localhost</Data>\n    <Data Name='TargetInfo'>localhost</Data>\n    <Data Name='ProcessId'>0x448</Data>\n    <Data Name='ProcessName'>C:\\Windows\\System32\\svchost.exe</Data>\n    <Data Name='IpAddress'>-</Data>\n    <Data Name='IpPort'>-</Data>\n  </EventData>\n</Event>","severity":"Informational","severity_id":1,"status":"Success","status_id":1,"time":1659128234957,"type_name":"Authentication: Logon","type_uid":300201,"unmapped":{"EventData":{"TargetInfo":"localhost"},"Execution":{"ProcessID":"632","ThreadID":"828"},"Opcode":"0","Task":"12544"},"user":{"account":{"name":"Administrator","type":"Windows Account","type_id":2,"uid":"{02B831A0-7F25-D554-0FC1-06361513C028}"},"domain":"ATTACKRANGE","name":"Administrator","uid":"{02B831A0-7F25-D554-0FC1-06361513C028}"}}
{"activity_id":1,"activity_name":"Logon","actor":{"process":{"file":{"name":"svchost.exe","parent_folder":"C:\\Windows\\System32","path":"C:\\Windows\\System32\\svchost.exe","type":"Regular File","type_id":1},"pid":1096},"session":{"uid":"0x3e4","uuid":"{00000000-0000-0000-0000-000000000000}"},"user":{"account":{"name":"WIN-DC-MRADKA-4$","type":"Windows Account","type_id":2,"uid":"NT AUTHORITY\\NETWORK SERVICE"},"domain":"ATTACKRANGE","name":"WIN-DC-MRADKA-4$","uid":"NT AUTHORITY\\NETWORK SERVICE"}},"category_name":"Identity & Access Management","category_uid":3,"class_name":"Authentication","class_uid":3002,"device":{"hostname":"win-dc-mradka-46070-659.attackrange.local","os":{"name":"Windows","type":"Windows","type_id":100},"type":"Unknown","type_id":0},"dst_endpoint":{"hostname":"localhost"},"metadata":{"event_code":"4648","log_name":"Security","log_provider":"Microsoft-Windows-Security-Auditing","log_version":"0","original_time":"2022-07-29T20:57:14.752124800Z","product":{"feature":{"uid":"{54849625-5478-4994-A5BA-3E3B0328C30D}"},"name":"Microsoft Windows","vendor_name":"Microsoft"},"profiles":["host"],"sequence":327678,"uid":"63f08f158e29d4082ba3c63ecd597029","version":"1.4.0"},"observables":[{"name":"actor.user","type":"User","type_id":21},{"name":"actor.user.account.uid","type":"Account Object: uid","type_id":35,"value":"NT AUTHORITY\\NETWORK SERVICE"},{"name":"actor.user.account.name","type":"Account Object: name","type_id":34,"value":"WIN-DC-MRADKA-4$"},{"name":"actor.user.uid","type":"User Object: uid","type_id":31,"value":"NT AUTHORITY\\NETWORK SERVICE"},{"name":"actor.user.name","type":"User Name","type_id":4,"value":"WIN-DC-MRADKA-4$"},{"name":"actor.process","type":"Process","type_id":25},{"name":"actor.process.pid","type":"Process ID","type_id":15,"value":"1096"},{"name":"actor.process.file","type":"File","type_id":24},{"name":"actor.process.file.name","type":"File Name","type_id":7,"value":"svchost.exe"},{"name":"device","type":"Endpoint","type_id":20},{"name":"device.hostname","type":"Hostname","type_id":1,"value":"win-dc-mradka-46070-659.attackrange.local"},{"name":"dst_endpoint","type":"Endpoint","type_id":20},{"name":"dst_endpoint.hostname","type":"Hostname","type_id":1,"value":"localhost"},{"name":"user","type":"User","type_id":21},{"name":"user.account.name","type":"Account Object: name","type_id":34,"value":"Administrator"},{"name":"user.account.uid","type":"Account Object: uid","type_id":35,"value":"{02B831A0-7F25-D554-0FC1-06361513C028}"},{"name":"user.name","type":"User Name","type_id":4,"value":"Administrator"},{"name":"user.uid","type":"User Object: uid","type_id":31,"value":"{02B831A0-7F25-D554-0FC1-06361513C028}"}],"raw_data":"<Event xmlns='http://schemas.microsoft.com/win/2004/08/events/event'>\n  <System>\n    <Provider Name='Microsoft-Windows-Security-Auditing' Guid='{54849625-5478-4994-A5BA-3E3B0328C30D}'/>\n    <EventID>4648</EventID>\n    <Version>0</Version>\n    <Level>0</Level>\n    <Task>12544</Task>\n    <Opcode>0</Opcode>\n    <Keywords>0x8020000000000000</Keywords>\n    <TimeCreated SystemTime='2022-07-29T20:57:14.752124800Z'/>\n    <EventRecordID>327678</EventRecordID>\n    <Correlation/>\n    <Execution ProcessID='632' ThreadID='828'/>\n    <Channel>Security</Channel>\n    <Computer>win-dc-mradka-46070-659.attackrange.local</Computer>\n    <Security/>\n  </System>\n  <EventData>\n    <Data Name='SubjectUserSid'>NT AUTHORITY\\NETWORK SERVICE</Data>\n    <Data Name='SubjectUserName'>WIN-DC-MRADKA-4$</Data>\n    <Data Name='SubjectDomainName'>ATTACKRANGE</Data>\n    <Data Name='SubjectLogonId'>0x3e4</Data>\n    <Data Name='LogonGuid'>{00000000-0000-0000-0000-000000000000}</Data>\n    <Data Name='TargetUserName'>Administrator</Data>\n    <Data Name='TargetDomainName'>ATTACKRANGE</Data>\n    <Data Name='TargetLogonGuid'>{02B831A0-7F25-D554-0FC1-06361513C028}</Data>\n    <Data Name='TargetServerName'>localhost</Data>\n    <Data Name='TargetInfo'>localhost</Data>\n    <Data Name='ProcessId'>0x448</Data>\n    <Data Name='ProcessName'>C:\\Windows\\System32\\svchost.exe</Data>\n    <Data Name='IpAddress'>-</Data>\n    <Data Name='IpPort'>-</Data>\n  </EventData>\n</Event>","severity":"Informational","severity_id":1,"status":"Success","status_id":1,"time":1659128234752,"type_name":"Authentication: Logon","type_uid":300201,"unmapped":{"EventData":{"TargetInfo":"localhost"},"Execution":{"ProcessID":"632","ThreadID":"828"},"Opcode":"0","Task":"12544"},"user":{"account":{"name":"Administrator","type":"Windows Account","type_id":2,"uid":"{02B831A0-7F25-D554-0FC1-06361513C028}"},"domain":"ATTACKRANGE","name":"Administrator","uid":"{02B831A0-7F25-D554-0FC1-06361513C028}"}}
{"activity_id":1,"activity_name":"Logon","actor":{"process":{"file":{"name":"svchost.exe","parent_folder":"C:\\Windows\\System32","path":"C:\\Windows\\System32\\svchost.exe","type":"Regular File","type_id":1},"pid":1096},"session":{"uid":"0x3e4","uuid":"{00000000-0000-0000-0000-000000000000}"},"user":{"account":{"name":"WIN-DC-MRADKA-4$","type":"Windows Account","type_id":2,"uid":"NT AUTHORITY\\NETWORK SERVICE"},"domain":"ATTACKRANGE","name":"WIN-DC-MRADKA-4$","uid":"NT AUTHORITY\\NETWORK SERVICE"}},"category_name":"Identity & Access Management","category_uid":3,"class_name":"Authentication","class_uid":3002,"device":{"hostname":"win-dc-mradka-46070-659.attackrange.local","os":{"name":"Windows","type":"Windows","type_id":100},"type":"Unknown","type_id":0},"dst_endpoint":{"hostname":"localhost"},"metadata":{"event_code":"4648","log_name":"Security","log_provider":"Microsoft-Windows-Security-Auditing","log_version":"0","original_time":"2022-07-29T20:57:14.716172000Z","product":{"feature":{"uid":"{54849625-5478-4994-A5BA-3E3B0328C30D}"},"name":"Microsoft Windows","vendor_name":"Microsoft"},"profiles":["host"],"sequence":327672,"uid":"c698c7d8787ccc846dddf9d0022b9ec9","version":"1.4.0"},"observables":[{"name":"device","type":"Endpoint","type_id":20},{"name":"device.hostname","type":"Hostname","type_id":1,"value":"win-dc-mradka-46070-659.attackrange.local"},{"name":"dst_endpoint","type":"Endpoint","type_id":20},{"name":"dst_endpoint.hostname","type":"Hostname","type_id":1,"value":"localhost"},{"name":"user","type":"User","type_id":21},{"name":"user.name","type":"User Name","type_id":4,"value":"Administrator"},{"name":"user.uid","type":"User Object: uid","type_id":31,"value":"{02B831A0-7F25-D554-0FC1-06361513C028}"},{"name":"user.account.uid","type":"Account Object: uid","type_id":35,"value":"{02B831A0-7F25-D554-0FC1-06361513C028}"},{"name":"user.account.name","type":"Account Object: name","type_id":34,"value":"Administrator"},{"name":"actor.process","type":"Process","type_id":25},{"name":"actor.process.pid","type":"Process ID","type_id":15,"value":"1096"},{"name":"actor.process.file","type":"File","type_id":24},{"name":"actor.process.file.name","type":"File Name","type_id":7,"value":"svchost.exe"},{"name":"actor.user","type":"User","type_id":21},{"name":"actor.user.account.uid","type":"Account Object: uid","type_id":35,"value":"NT AUTHORITY\\NETWORK SERVICE"},{"name":"actor.user.account.name","type":"Account Object: name","type_id":34,"value":"WIN-DC-MRADKA-4$"},{"name":"actor.user.uid","type":"User Object: uid","type_id":31,"value":"NT AUTHORITY\\NETWORK SERVICE"},{"name":"actor.user.name","type":"User Name","type_id":4,"value":"WIN-DC-MRADKA-4$"}],"raw_data":"<Event xmlns='http://schemas.microsoft.com/win/2004/08/events/event'>\n  <System>\n    <Provider Name='Microsoft-Windows-Security-Auditing' Guid='{54849625-5478-4994-A5BA-3E3B0328C30D}'/>\n    <EventID>4648</EventID>\n    <Version>0</Version>\n    <Level>0</Level>\n    <Task>12544</Task>\n    <Opcode>0</Opcode>\n    <Keywords>0x8020000000000000</Keywords>\n    <TimeCreated SystemTime='2022-07-29T20:57:14.716172000Z'/>\n    <EventRecordID>327672</EventRecordID>\n    <Correlation/>\n    <Execution ProcessID='632' ThreadID='828'/>\n    <Channel>Security</Channel>\n    <Computer>win-dc-mradka-46070-659.attackrange.local</Computer>\n    <Security/>\n  </System>\n  <EventData>\n    <Data Name='SubjectUserSid'>NT AUTHORITY\\NETWORK SERVICE</Data>\n    <Data Name='SubjectUserName'>WIN-DC-MRADKA-4$</Data>\n    <Data Name='SubjectDomainName'>ATTACKRANGE</Data>\n    <Data Name='SubjectLogonId'>0x3e4</Data>\n    <Data Name='LogonGuid'>{00000000-0000-0000-0000-000000000000}</Data>\n    <Data Name='TargetUserName'>Administrator</Data>\n    <Data Name='TargetDomainName'>ATTACKRANGE</Data>\n    <Data Name='TargetLogonGuid'>{02B831A0-7F25-D554-0FC1-06361513C028}</Data>\n    <Data Name='TargetServerName'>localhost</Data>\n    <Data Name='TargetInfo'>localhost</Data>\n    <Data Name='ProcessId'>0x448</Data>\n    <Data Name='ProcessName'>C:\\Windows\\System32\\svchost.exe</Data>\n    <Data Name='IpAddress'>-</Data>\n    <Data Name='IpPort'>-</Data>\n  </EventData>\n</Event>","severity":"Informational","severity_id":1,"status":"Success","status_id":1,"time":1659128234716,"type_name":"Authentication: Logon","type_uid":300201,"unmapped":{"EventData":{"TargetInfo":"localhost"},"Execution":{"ProcessID":"632","ThreadID":"828"},"Opcode":"0","Task":"12544"},"user":{"account":{"name":"Administrator","type":"Windows Account","type_id":2,"uid":"{02B831A0-7F25-D554-0FC1-06361513C028}"},"domain":"ATTACKRANGE","name":"Administrator","uid":"{02B831A0-7F25-D554-0FC1-06361513C028}"}}
{"activity_id":1,"activity_name":"Logon","actor":{"process":{"file":{"name":"svchost.exe","parent_folder":"C:\\Windows\\System32","path":"C:\\Windows\\System32\\svchost.exe","type":"Regular File","type_id":1},"pid":1096},"session":{"uid":"0x3e4","uuid":"{00000000-0000-0000-0000-000000000000}"},"user":{"account":{"name":"WIN-DC-MRADKA-4$","type":"Windows Account","type_id":2,"uid":"NT AUTHORITY\\NETWORK SERVICE"},"domain":"ATTACKRANGE","name":"WIN-DC-MRADKA-4$","uid":"NT AUTHORITY\\NETWORK SERVICE"}},"category_name":"Identity & Access Management","category_uid":3,"class_name":"Authentication","class_uid":3002,"device":{"hostname":"win-dc-mradka-46070-659.attackrange.local","os":{"name":"Windows","type":"Windows","type_id":100},"type":"Unknown","type_id":0},"dst_endpoint":{"hostname":"localhost"},"metadata":{"event_code":"4648","log_name":"Security","log_provider":"Microsoft-Windows-Security-Auditing","log_version":"0","original_time":"2022-07-29T20:57:14.008071100Z","product":{"feature":{"uid":"{54849625-5478-4994-A5BA-3E3B0328C30D}"},"name":"Microsoft Windows","vendor_name":"Microsoft"},"profiles":["host"],"sequence":327663,"uid":"24b762f97ea89f9b4768fc0e4be0188f","version":"1.4.0"},"observables":[{"name":"device","type":"Endpoint","type_id":20},{"name":"device.hostname","type":"Hostname","type_id":1,"value":"win-dc-mradka-46070-659.attackrange.local"},{"name":"dst_endpoint","type":"Endpoint","type_id":20},{"name":"dst_endpoint.hostname","type":"Hostname","type_id":1,"value":"localhost"},{"name":"user","type":"User","type_id":21},{"name":"user.account.uid","type":"Account Object: uid","type_id":35,"value":"{91D4DC3D-BA79-BB72-D680-480670C69C20}"},{"name":"user.account.name","type":"Account Object: name","type_id":34,"value":"Administrator"},{"name":"user.name","type":"User Name","type_id":4,"value":"Administrator"},{"name":"user.uid","type":"User Object: uid","type_id":31,"value":"{91D4DC3D-BA79-BB72-D680-480670C69C20}"},{"name":"actor.process","type":"Process","type_id":25},{"name":"actor.process.pid","type":"Process ID","type_id":15,"value":"1096"},{"name":"actor.process.file","type":"File","type_id":24},{"name":"actor.process.file.name","type":"File Name","type_id":7,"value":"svchost.exe"},{"name":"actor.user","type":"User","type_id":21},{"name":"actor.user.uid","type":"User Object: uid","type_id":31,"value":"NT AUTHORITY\\NETWORK SERVICE"},{"name":"actor.user.name","type":"User Name","type_id":4,"value":"WIN-DC-MRADKA-4$"},{"name":"actor.user.account.uid","type":"Account Object: uid","type_id":35,"value":"NT AUTHORITY\\NETWORK SERVICE"},{"name":"actor.user.account.name","type":"Account Object: name","type_id":34,"value":"WIN-DC-MRADKA-4$"}],"raw_data":"<Event xmlns='http://schemas.microsoft.com/win/2004/08/events/event'>\n  <System>\n    <Provider Name='Microsoft-Windows-Security-Auditing' Guid='{54849625-5478-4994-A5BA-3E3B0328C30D}'/>\n    <EventID>4648</EventID>\n    <Version>0</Version>\n    <Level>0</Level>\n    <Task>12544</Task>\n    <Opcode>0</Opcode>\n    <Keywords>0x8020000000000000</Keywords>\n    <TimeCreated SystemTime='2022-07-29T20:57:14.008071100Z'/>\n    <EventRecordID>327663</EventRecordID>\n    <Correlation/>\n    <Execution ProcessID='632' ThreadID='828'/>\n    <Channel>Security</Channel>\n    <Computer>win-dc-mradka-46070-659.attackrange.local</Computer>\n    <Security/>\n  </System>\n  <EventData>\n    <Data Name='SubjectUserSid'>NT AUTHORITY\\NETWORK SERVICE</Data>\n    <Data Name='SubjectUserName'>WIN-DC-MRADKA-4$</Data>\n    <Data Name='SubjectDomainName'>ATTACKRANGE</Data>\n    <Data Name='SubjectLogonId'>0x3e4</Data>\n    <Data Name='LogonGuid'>{00000000-0000-0000-0000-000000000000}</Data>\n    <Data Name='TargetUserName'>Administrator</Data>\n    <Data Name='TargetDomainName'>ATTACKRANGE</Data>\n    <Data Name='TargetLogonGuid'>{91D4DC3D-BA79-BB72-D680-480670C69C20}</Data>\n    <Data Name='TargetServerName'>localhost</Data>\n    <Data Name='TargetInfo'>localhost</Data>\n    <Data Name='ProcessId'>0x448</Data>\n    <Data Name='ProcessName'>C:\\Windows\\System32\\svchost.exe</Data>\n    <Data Name='IpAddress'>-</Data>\n    <Data Name='IpPort'>-</Data>\n  </EventData>\n</Event>","severity":"Informational","severity_id":1,"status":"Success","status_id":1,"time":1659128234008,"type_name":"Authentication: Logon","type_uid":300201,"unmapped":{"EventData":{"TargetInfo":"localhost"},"Execution":{"ProcessID":"632","ThreadID":"828"},"Opcode":"0","Task":"12544"},"user":{"account":{"name":"Administrator","type":"Windows Account","type_id":2,"uid":"{91D4DC3D-BA79-BB72-D680-480670C69C20}"},"domain":"ATTACKRANGE","name":"Administrator","uid":"{91D4DC3D-BA79-BB72-D680-480670C69C20}"}}
