{"activity_id":3,"activity_name":"Add User","actor":{"session":{"uid":"0x884bb"},"user":{"account":{"name":"Administrator","type":"Windows Account","type_id":2,"uid":"S-1-5-21-405064170-846588972-3451157811-500"},"domain":"TAF","name":"Administrator","uid":"S-1-5-21-405064170-846588972-3451157811-500"}},"category_name":"Identity & Access Management","category_uid":3,"class_name":"Group Management","class_uid":3006,"device":{"hostname":"WIN-9A3SFCUS26U.taf.local","os":{"name":"Windows","type":"Windows","type_id":100},"type":"Unknown","type_id":0},"group":{"domain":"TAF","name":"DnsAdmins","uid":"S-1-5-21-405064170-846588972-3451157811-1101"},"metadata":{"event_code":"4732","log_name":"Security","log_provider":"Microsoft-Windows-Security-Auditing","log_version":"0","original_time":"2022-04-06T18:49:23.0369314Z","product":{"feature":{"uid":"{54849625-5478-4994-a5ba-3e3b0328c30d}"},"name":"Microsoft Windows","vendor_name":"Microsoft"},"profiles":["host"],"sequence":9003866,"uid":"47e17972af5138590204c95fccad85fa","version":"1.4.0"},"observables":[{"name":"user","type":"User","type_id":21},{"name":"user.account.uid","type":"Account Object: uid","type_id":35,"value":"S-1-5-21-405064170-846588972-3451157811-1605"},{"name":"user.account.name","type":"Account Object: name","type_id":34,"value":"dsurti"},{"name":"user.uid","type":"User Object: uid","type_id":31,"value":"S-1-5-21-405064170-846588972-3451157811-1605"},{"name":"user.name","type":"User Name","type_id":4,"value":"dsurti"},{"name":"group.name","type":"Group Object: name","type_id":32,"value":"DnsAdmins"},{"name":"group.uid","type":"Group Object: uid","type_id":33,"value":"S-1-5-21-405064170-846588972-3451157811-1101"},{"name":"device","type":"Endpoint","type_id":20},{"name":"device.hostname","type":"Hostname","type_id":1,"value":"WIN-9A3SFCUS26U.taf.local"},{"name":"actor.user","type":"User","type_id":21},{"name":"actor.user.account.uid","type":"Account Object: uid","type_id":35,"value":"S-1-5-21-405064170-846588972-3451157811-500"},{"name":"actor.user.account.name","type":"Account Object: name","type_id":34,"value":"Administrator"},{"name":"actor.user.name","type":"User Name","type_id":4,"value":"Administrator"},{"name":"actor.user.uid","type":"User Object: uid","type_id":31,"value":"S-1-5-21-405064170-846588972-3451157811-500"}],"raw_data":"<?xml version=\"1.0\" ?>\n<Event xmlns=\"http://schemas.microsoft.com/win/2004/08/events/event\">\n   <System>\n      <Provider Name=\"Microsoft-Windows-Security-Auditing\" Guid=\"{54849625-5478-4994-a5ba-3e3b0328c30d}\"/>\n      <EventID>4732</EventID>\n      <Version>0</Version>\n      <Level>0</Level>\n      <Task>13826</Task>\n      <Opcode>0</Opcode>\n      <Keywords>0x8020000000000000</Keywords>\n      <TimeCreated SystemTime=\"2022-04-06T18:49:23.0369314Z\"/>\n      <EventRecordID>9003866</EventRecordID>\n      <Correlation/>\n      <Execution ProcessID=\"728\" ThreadID=\"2452\"/>\n      <Channel>Security</Channel>\n      <Computer>WIN-9A3SFCUS26U.taf.local</Computer>\n      <Security/>\n   </System>\n   <EventData>\n      <Data Name=\"MemberName\">CN=dsurti,CN=Users,DC=taf,DC=local</Data>\n      <Data Name=\"MemberSid\">S-1-5-21-405064170-846588972-3451157811-1605</Data>\n      <Data Name=\"TargetUserName\">DnsAdmins</Data>\n      <Data Name=\"TargetDomainName\">TAF</Data>\n      <Data Name=\"TargetSid\">S-1-5-21-405064170-846588972-3451157811-1101</Data>\n      <Data Name=\"SubjectUserSid\">S-1-5-21-405064170-846588972-3451157811-500</Data>\n      <Data Name=\"SubjectUserName\">Administrator</Data>\n      <Data Name=\"SubjectDomainName\">TAF</Data>\n      <Data Name=\"SubjectLogonId\">0x884bb</Data>\n      <Data Name=\"PrivilegeList\">-</Data>\n   </EventData>\n</Event>","severity":"Informational","severity_id":1,"status":"Success","status_id":1,"time":1649270963036,"type_name":"Group Management: Add User","type_uid":300603,"unmapped":{"EventData":{"MemberName":"CN=dsurti,CN=Users,DC=taf,DC=local"},"Execution":{"ProcessID":"728","ThreadID":"2452"},"Opcode":"0","Task":"13826","event_data":{"toplevel":"local","usergroup":"Users"}},"user":{"account":{"name":"dsurti","type":"Windows Account","type_id":2,"uid":"S-1-5-21-405064170-846588972-3451157811-1605"},"domain":"taf","name":"dsurti","uid":"S-1-5-21-405064170-846588972-3451157811-1605"}}
{"activity_id":3,"activity_name":"Add User","actor":{"session":{"uid":"0x884bb"},"user":{"account":{"name":"Administrator","type":"Windows Account","type_id":2,"uid":"S-1-5-21-405064170-846588972-3451157811-500"},"domain":"TAF","name":"Administrator","uid":"S-1-5-21-405064170-846588972-3451157811-500"}},"category_name":"Identity & Access Management","category_uid":3,"class_name":"Group Management","class_uid":3006,"device":{"hostname":"WIN-9A3SFCUS26U.taf.local","os":{"name":"Windows","type":"Windows","type_id":100},"type":"Unknown","type_id":0},"group":{"domain":"Builtin","name":"Administrators","uid":"S-1-5-32-544"},"metadata":{"event_code":"4732","log_name":"Security","log_provider":"Microsoft-Windows-Security-Auditing","log_version":"0","original_time":"2022-04-06T18:54:27.6724772Z","product":{"feature":{"uid":"{54849625-5478-4994-a5ba-3e3b0328c30d}"},"name":"Microsoft Windows","vendor_name":"Microsoft"},"profiles":["host"],"sequence":9007105,"uid":"0de442591e38813aebd6888f5b6e3a2f","version":"1.4.0"},"observables":[{"name":"actor.user","type":"User","type_id":21},{"name":"actor.user.account.uid","type":"Account Object: uid","type_id":35,"value":"S-1-5-21-405064170-846588972-3451157811-500"},{"name":"actor.user.account.name","type":"Account Object: name","type_id":34,"value":"Administrator"},{"name":"actor.user.name","type":"User Name","type_id":4,"value":"Administrator"},{"name":"actor.user.uid","type":"User Object: uid","type_id":31,"value":"S-1-5-21-405064170-846588972-3451157811-500"},{"name":"group.name","type":"Group Object: name","type_id":32,"value":"Administrators"},{"name":"group.uid","type":"Group Object: uid","type_id":33,"value":"S-1-5-32-544"},{"name":"device","type":"Endpoint","type_id":20},{"name":"device.hostname","type":"Hostname","type_id":1,"value":"WIN-9A3SFCUS26U.taf.local"},{"name":"user","type":"User","type_id":21},{"name":"user.name","type":"User Name","type_id":4,"value":"milan\\, aghera"},{"name":"user.account.uid","type":"Account Object: uid","type_id":35,"value":"S-1-5-21-405064170-846588972-3451157811-2608"},{"name":"user.account.name","type":"Account Object: name","type_id":34,"value":"milan\\, aghera"},{"name":"user.uid","type":"User Object: uid","type_id":31,"value":"S-1-5-21-405064170-846588972-3451157811-2608"}],"raw_data":"<?xml version=\"1.0\" ?>\n<Event xmlns=\"http://schemas.microsoft.com/win/2004/08/events/event\">\n   <System>\n      <Provider Name=\"Microsoft-Windows-Security-Auditing\" Guid=\"{54849625-5478-4994-a5ba-3e3b0328c30d}\"/>\n      <EventID>4732</EventID>\n      <Version>0</Version>\n      <Level>0</Level>\n      <Task>13826</Task>\n      <Opcode>0</Opcode>\n      <Keywords>0x8020000000000000</Keywords>\n      <TimeCreated SystemTime=\"2022-04-06T18:54:27.6724772Z\"/>\n      <EventRecordID>9007105</EventRecordID>\n      <Correlation/>\n      <Execution ProcessID=\"728\" ThreadID=\"3312\"/>\n      <Channel>Security</Channel>\n      <Computer>WIN-9A3SFCUS26U.taf.local</Computer>\n      <Security/>\n   </System>\n   <EventData>\n      <Data Name=\"MemberName\">CN=milan\\, aghera,CN=Users,DC=taf,DC=local</Data>\n      <Data Name=\"MemberSid\">S-1-5-21-405064170-846588972-3451157811-2608</Data>\n      <Data Name=\"TargetUserName\">Administrators</Data>\n      <Data Name=\"TargetDomainName\">Builtin</Data>\n      <Data Name=\"TargetSid\">S-1-5-32-544</Data>\n      <Data Name=\"SubjectUserSid\">S-1-5-21-405064170-846588972-3451157811-500</Data>\n      <Data Name=\"SubjectUserName\">Administrator</Data>\n      <Data Name=\"SubjectDomainName\">TAF</Data>\n      <Data Name=\"SubjectLogonId\">0x884bb</Data>\n      <Data Name=\"PrivilegeList\">-</Data>\n   </EventData>\n</Event>","severity":"Informational","severity_id":1,"status":"Success","status_id":1,"time":1649271267672,"type_name":"Group Management: Add User","type_uid":300603,"unmapped":{"EventData":{"MemberName":"CN=milan\\, aghera,CN=Users,DC=taf,DC=local"},"Execution":{"ProcessID":"728","ThreadID":"3312"},"Opcode":"0","Task":"13826","event_data":{"toplevel":"local","usergroup":"Users"}},"user":{"account":{"name":"milan\\, aghera","type":"Windows Account","type_id":2,"uid":"S-1-5-21-405064170-846588972-3451157811-2608"},"domain":"taf","name":"milan\\, aghera","uid":"S-1-5-21-405064170-846588972-3451157811-2608"}}
{"activity_id":4,"activity_name":"Remove User","actor":{"session":{"uid":"0x87b2d"},"user":{"account":{"name":"Administrator","type":"Windows Account","type_id":2,"uid":"C5672481682\\Administrator"},"domain":"C5672481682","name":"Administrator","uid":"C5672481682\\Administrator"}},"category_name":"Identity & Access Management","category_uid":3,"class_name":"Group Management","class_uid":3006,"device":{"hostname":"C5672481682","os":{"name":"Windows","type":"Windows","type_id":100},"type":"Unknown","type_id":0},"group":{"domain":"Builtin","name":"Administrators","uid":"BUILTIN\\Administrators"},"metadata":{"event_code":"4733","log_name":"Security","log_provider":"Microsoft-Windows-Security-Auditing","log_version":"0","original_time":"2022-11-10T12:03:23.1223369Z","product":{"feature":{"uid":"{54849625-5478-4994-a5ba-3e3b0328c30d}"},"name":"Microsoft Windows","vendor_name":"Microsoft"},"profiles":["host"],"sequence":23952,"uid":"49e0a1e30baebe057adb21c40c8fbeeb","version":"1.4.0"},"observables":[{"name":"actor.user","type":"User","type_id":21},{"name":"actor.user.account.uid","type":"Account Object: uid","type_id":35,"value":"C5672481682\\Administrator"},{"name":"actor.user.account.name","type":"Account Object: name","type_id":34,"value":"Administrator"},{"name":"actor.user.name","type":"User Name","type_id":4,"value":"Administrator"},{"name":"actor.user.uid","type":"User Object: uid","type_id":31,"value":"C5672481682\\Administrator"},{"name":"user","type":"User","type_id":21},{"name":"user.account.uid","type":"Account Object: uid","type_id":35,"value":"C5672481682\\testuser"},{"name":"user.account.name","type":"Account Object: name","type_id":34,"value":"testuser"},{"name":"user.uid","type":"User Object: uid","type_id":31,"value":"C5672481682\\testuser"},{"name":"user.name","type":"User Name","type_id":4,"value":"testuser"},{"name":"group.name","type":"Group Object: name","type_id":32,"value":"Administrators"},{"name":"group.uid","type":"Group Object: uid","type_id":33,"value":"BUILTIN\\Administrators"},{"name":"device","type":"Endpoint","type_id":20},{"name":"device.hostname","type":"Hostname","type_id":1,"value":"C5672481682"}],"raw_data":"<?xml version=\"1.0\" ?>\n<Event xmlns=\"http://schemas.microsoft.com/win/2004/08/events/event\">\n   <System>\n      <Provider Name=\"Microsoft-Windows-Security-Auditing\" Guid=\"{54849625-5478-4994-a5ba-3e3b0328c30d}\"/>\n      <EventID>4733</EventID>\n      <Version>0</Version>\n      <Level>0</Level>\n      <Task>13826</Task>\n      <Opcode>0</Opcode>\n      <Keywords>0x8020000000000000</Keywords>\n      <TimeCreated SystemTime=\"2022-11-10T12:03:23.1223369Z\"/>\n      <EventRecordID>23952</EventRecordID>\n      <Correlation ActivityID=\"{9c2312b6-f4f8-0001-f412-239cf8f4d801}\"/>\n      <Execution ProcessID=\"664\" ThreadID=\"712\"/>\n      <Channel>Security</Channel>\n      <Computer>C5672481682</Computer>\n      <Security/>\n   </System>\n   <EventData>\n      <Data Name=\"MemberName\">-</Data>\n      <Data Name=\"MemberSid\">C5672481682\\testuser</Data>\n      <Data Name=\"TargetUserName\">Administrators</Data>\n      <Data Name=\"TargetDomainName\">Builtin</Data>\n      <Data Name=\"TargetSid\">BUILTIN\\Administrators</Data>\n      <Data Name=\"SubjectUserSid\">C5672481682\\Administrator</Data>\n      <Data Name=\"SubjectUserName\">Administrator</Data>\n      <Data Name=\"SubjectDomainName\">C5672481682</Data>\n      <Data Name=\"SubjectLogonId\">0x87b2d</Data>\n      <Data Name=\"PrivilegeList\">-</Data>\n   </EventData>\n</Event>","severity":"Informational","severity_id":1,"status":"Success","status_id":1,"time":1668081803122,"type_name":"Group Management: Remove User","type_uid":300604,"unmapped":{"Correlation":{"ActivityID":"{9c2312b6-f4f8-0001-f412-239cf8f4d801}"},"Execution":{"ProcessID":"664","ThreadID":"712"},"Opcode":"0","Task":"13826"},"user":{"account":{"name":"testuser","type":"Windows Account","type_id":2,"uid":"C5672481682\\testuser"},"domain":"C5672481682","name":"testuser","uid":"C5672481682\\testuser"}}
{"activity_id":4,"activity_name":"Remove User","actor":{"session":{"uid":"0x3e7"},"user":{"account":{"name":"C3748226038$","type":"Windows Account","type_id":2,"uid":"S-1-5-18"},"domain":"SPLUNK","name":"C3748226038$","uid":"S-1-5-18"}},"category_name":"Identity & Access Management","category_uid":3,"class_name":"Group Management","class_uid":3006,"device":{"hostname":"C3748226038.local.domain","os":{"name":"Windows","type":"Windows","type_id":100},"type":"Unknown","type_id":0},"group":{"domain":"Builtin","name":"IIS_IUSRS","uid":"S-1-5-32-568"},"metadata":{"event_code":"4733","log_name":"Security","log_provider":"Microsoft-Windows-Security-Auditing","log_version":"0","original_time":"2022-12-29T12:58:55.146946900Z","product":{"feature":{"uid":"{54849625-5478-4994-a5ba-3e3b0328c30d}"},"name":"Microsoft Windows","vendor_name":"Microsoft"},"profiles":["host"],"sequence":37619,"uid":"c0aaf4dd955a6b2d3508536d445550f3","version":"1.4.0"},"observables":[{"name":"actor.user","type":"User","type_id":21},{"name":"actor.user.account.uid","type":"Account Object: uid","type_id":35,"value":"S-1-5-18"},{"name":"actor.user.account.name","type":"Account Object: name","type_id":34,"value":"C3748226038$"},{"name":"actor.user.name","type":"User Name","type_id":4,"value":"C3748226038$"},{"name":"actor.user.uid","type":"User Object: uid","type_id":31,"value":"S-1-5-18"},{"name":"group.name","type":"Group Object: name","type_id":32,"value":"IIS_IUSRS"},{"name":"group.uid","type":"Group Object: uid","type_id":33,"value":"S-1-5-32-568"},{"name":"device","type":"Endpoint","type_id":20},{"name":"device.hostname","type":"Hostname","type_id":1,"value":"C3748226038.local.domain"},{"name":"user","type":"User","type_id":21},{"name":"user.account.uid","type":"Account Object: uid","type_id":35,"value":"S-1-5-17"},{"name":"user.uid","type":"User Object: uid","type_id":31,"value":"S-1-5-17"}],"raw_data":"<?xml version=\"1.0\" ?>\n<Event xmlns=\"http://schemas.microsoft.com/win/2004/08/events/event\">\n   <System>\n      <Provider Name=\"Microsoft-Windows-Security-Auditing\" Guid=\"{54849625-5478-4994-a5ba-3e3b0328c30d}\"/>\n      <EventID>4733</EventID>\n      <Version>0</Version>\n      <Level>0</Level>\n      <Task>13826</Task>\n      <Opcode>0</Opcode>\n      <Keywords>0x8020000000000000</Keywords>\n      <TimeCreated SystemTime=\"2022-12-29T12:58:55.146946900Z\"/>\n      <EventRecordID>37619</EventRecordID>\n      <Correlation/>\n      <Execution ProcessID=\"612\" ThreadID=\"804\"/>\n      <Channel>Security</Channel>\n      <Computer>C3748226038.local.domain</Computer>\n      <Security/>\n   </System>\n   <EventData>\n      <Data Name=\"MemberName\">-</Data>\n      <Data Name=\"MemberSid\">S-1-5-17</Data>\n      <Data Name=\"TargetUserName\">IIS_IUSRS</Data>\n      <Data Name=\"TargetDomainName\">Builtin</Data>\n      <Data Name=\"TargetSid\">S-1-5-32-568</Data>\n      <Data Name=\"SubjectUserSid\">S-1-5-18</Data>\n      <Data Name=\"SubjectUserName\">C3748226038$</Data>\n      <Data Name=\"SubjectDomainName\">SPLUNK</Data>\n      <Data Name=\"SubjectLogonId\">0x3e7</Data>\n      <Data Name=\"PrivilegeList\">-</Data>\n   </EventData>\n</Event>","severity":"Informational","severity_id":1,"status":"Success","status_id":1,"time":1672318735146,"type_name":"Group Management: Remove User","type_uid":300604,"unmapped":{"Execution":{"ProcessID":"612","ThreadID":"804"},"Opcode":"0","Task":"13826"},"user":{"account":{"type":"Windows Account","type_id":2,"uid":"S-1-5-17"},"uid":"S-1-5-17"}}
{"activity_id":9,"activity_name":"Lock","actor":{"session":{"uid":"0x3e7"},"user":{"account":{"name":"WIN-9A3SFCUS26U$","type":"Windows Account","type_id":2,"uid":"NT AUTHORITY\\SYSTEM"},"domain":"TAF","name":"WIN-9A3SFCUS26U$","uid":"NT AUTHORITY\\SYSTEM"}},"category_name":"Identity & Access Management","category_uid":3,"class_name":"Account Change","class_uid":3001,"device":{"hostname":"WIN-9A3SFCUS26U.taf.local","os":{"name":"Windows","type":"Windows","type_id":100},"type":"Unknown","type_id":0},"metadata":{"event_code":"4740","log_name":"Security","log_provider":"Microsoft-Windows-Security-Auditing","log_version":"0","original_time":"2022-02-18T18:21:48.1426299Z","product":{"feature":{"uid":"{54849625-5478-4994-a5ba-3e3b0328c30d}"},"name":"Microsoft Windows","vendor_name":"Microsoft"},"profiles":["host"],"sequence":5277814,"uid":"f015447614d0a49fba5d1e93bac83745","version":"1.4.0"},"observables":[{"name":"actor.user","type":"User","type_id":21},{"name":"actor.user.account.uid","type":"Account Object: uid","type_id":35,"value":"NT AUTHORITY\\SYSTEM"},{"name":"actor.user.account.name","type":"Account Object: name","type_id":34,"value":"WIN-9A3SFCUS26U$"},{"name":"actor.user.name","type":"User Name","type_id":4,"value":"WIN-9A3SFCUS26U$"},{"name":"actor.user.uid","type":"User Object: uid","type_id":31,"value":"NT AUTHORITY\\SYSTEM"},{"name":"user","type":"User","type_id":21},{"name":"user.account.uid","type":"Account Object: uid","type_id":35,"value":"TAF\\user1"},{"name":"user.account.name","type":"Account Object: name","type_id":34,"value":"user1"},{"name":"user.name","type":"User Name","type_id":4,"value":"user1"},{"name":"user.uid","type":"User Object: uid","type_id":31,"value":"TAF\\user1"},{"name":"device","type":"Endpoint","type_id":20},{"name":"device.hostname","type":"Hostname","type_id":1,"value":"WIN-9A3SFCUS26U.taf.local"}],"raw_data":"<?xml version=\"1.0\" ?>\n<Event xmlns=\"http://schemas.microsoft.com/win/2004/08/events/event\">\n   <System>\n      <Provider Name=\"Microsoft-Windows-Security-Auditing\" Guid=\"{54849625-5478-4994-a5ba-3e3b0328c30d}\"/>\n      <EventID>4740</EventID>\n      <Version>0</Version>\n      <Level>0</Level>\n      <Task>13824</Task>\n      <Opcode>0</Opcode>\n      <Keywords>0x8020000000000000</Keywords>\n      <TimeCreated SystemTime=\"2022-02-18T18:21:48.1426299Z\"/>\n      <EventRecordID>5277814</EventRecordID>\n      <Correlation/>\n      <Execution ProcessID=\"720\" ThreadID=\"5992\"/>\n      <Channel>Security</Channel>\n      <Computer>WIN-9A3SFCUS26U.taf.local</Computer>\n      <Security/>\n   </System>\n   <EventData>\n      <Data Name=\"TargetUserName\">user1</Data>\n      <Data Name=\"TargetDomainName\">Remmina</Data>\n      <Data Name=\"TargetSid\">TAF\\user1</Data>\n      <Data Name=\"SubjectUserSid\">NT AUTHORITY\\SYSTEM</Data>\n      <Data Name=\"SubjectUserName\">WIN-9A3SFCUS26U$</Data>\n      <Data Name=\"SubjectDomainName\">TAF</Data>\n      <Data Name=\"SubjectLogonId\">0x3e7</Data>\n   </EventData>\n</Event>","severity":"Informational","severity_id":1,"status":"Success","status_id":1,"time":1645208508142,"type_name":"Account Change: Lock","type_uid":300109,"unmapped":{"Execution":{"ProcessID":"720","ThreadID":"5992"},"Opcode":"0","Task":"13824"},"user":{"account":{"name":"user1","type":"Windows Account","type_id":2,"uid":"TAF\\user1"},"domain":"Remmina","name":"user1","uid":"TAF\\user1"}}
{"activity_id":3,"activity_name":"Add User","actor":{"session":{"uid":"0x1b7ef8b"},"user":{"account":{"name":"administrator","type":"Windows Account","type_id":2,"uid":"TAF\\Administrator"},"domain":"TAF","name":"administrator","uid":"TAF\\Administrator"}},"category_name":"Identity & Access Management","category_uid":3,"class_name":"Group Management","class_uid":3006,"device":{"hostname":"C5672481682.taf.local","os":{"name":"Windows","type":"Windows","type_id":100},"type":"Unknown","type_id":0},"group":{"domain":"TAF","name":"ABC","uid":"TAF\\ABC"},"metadata":{"event_code":"4756","log_name":"Security","log_provider":"Microsoft-Windows-Security-Auditing","log_version":"0","original_time":"2022-11-11T10:32:39.8830705Z","product":{"feature":{"uid":"{54849625-5478-4994-a5ba-3e3b0328c30d}"},"name":"Microsoft Windows","vendor_name":"Microsoft"},"profiles":["host"],"sequence":28920,"uid":"5efb6f8865983a750c62f8b673eca777","version":"1.4.0"},"observables":[{"name":"device","type":"Endpoint","type_id":20},{"name":"device.hostname","type":"Hostname","type_id":1,"value":"C5672481682.taf.local"},{"name":"user","type":"User","type_id":21},{"name":"user.account.uid","type":"Account Object: uid","type_id":35,"value":"TAF\\Guest"},{"name":"user.account.name","type":"Account Object: name","type_id":34,"value":"Guest"},{"name":"user.uid","type":"User Object: uid","type_id":31,"value":"TAF\\Guest"},{"name":"user.name","type":"User Name","type_id":4,"value":"Guest"},{"name":"group.name","type":"Group Object: name","type_id":32,"value":"ABC"},{"name":"group.uid","type":"Group Object: uid","type_id":33,"value":"TAF\\ABC"},{"name":"actor.user","type":"User","type_id":21},{"name":"actor.user.account.uid","type":"Account Object: uid","type_id":35,"value":"TAF\\Administrator"},{"name":"actor.user.account.name","type":"Account Object: name","type_id":34,"value":"administrator"},{"name":"actor.user.name","type":"User Name","type_id":4,"value":"administrator"},{"name":"actor.user.uid","type":"User Object: uid","type_id":31,"value":"TAF\\Administrator"}],"raw_data":"<?xml version=\"1.0\" ?>\n<Event xmlns=\"http://schemas.microsoft.com/win/2004/08/events/event\">\n   <System>\n      <Provider Name=\"Microsoft-Windows-Security-Auditing\" Guid=\"{54849625-5478-4994-a5ba-3e3b0328c30d}\"/>\n      <EventID>4756</EventID>\n      <Version>0</Version>\n      <Level>0</Level>\n      <Task>13826</Task>\n      <Opcode>0</Opcode>\n      <Keywords>0x8020000000000000</Keywords>\n      <TimeCreated SystemTime=\"2022-11-11T10:32:39.8830705Z\"/>\n      <EventRecordID>28920</EventRecordID>\n      <Correlation/>\n      <Execution ProcessID=\"648\" ThreadID=\"3044\"/>\n      <Channel>Security</Channel>\n      <Computer>C5672481682.taf.local</Computer>\n      <Security/>\n   </System>\n   <EventData>\n      <Data Name=\"MemberName\">CN=Guest,CN=Users,DC=taf,DC=local</Data>\n      <Data Name=\"MemberSid\">TAF\\Guest</Data>\n      <Data Name=\"TargetUserName\">ABC</Data>\n      <Data Name=\"TargetDomainName\">TAF</Data>\n      <Data Name=\"TargetSid\">TAF\\ABC</Data>\n      <Data Name=\"SubjectUserSid\">TAF\\Administrator</Data>\n      <Data Name=\"SubjectUserName\">administrator</Data>\n      <Data Name=\"SubjectDomainName\">TAF</Data>\n      <Data Name=\"SubjectLogonId\">0x1b7ef8b</Data>\n      <Data Name=\"PrivilegeList\">-</Data>\n   </EventData>\n</Event>","severity":"Informational","severity_id":1,"status":"Success","status_id":1,"time":1668162759883,"type_name":"Group Management: Add User","type_uid":300603,"unmapped":{"EventData":{"MemberName":"CN=Guest,CN=Users,DC=taf,DC=local"},"Execution":{"ProcessID":"648","ThreadID":"3044"},"Opcode":"0","Task":"13826","event_data":{"toplevel":"local","usergroup":"Users"}},"user":{"account":{"name":"Guest","type":"Windows Account","type_id":2,"uid":"TAF\\Guest"},"domain":"TAF","name":"Guest","uid":"TAF\\Guest"}}
{"activity_id":3,"activity_name":"Add User","actor":{"session":{"uid":"0x13d5e027"},"user":{"account":{"name":"ravi","type":"Windows Account","type_id":2,"uid":"S-1-5-21-1406531526-4149269749-34710086-1104"},"domain":"SPLUNK","name":"ravi","uid":"S-1-5-21-1406531526-4149269749-34710086-1104"}},"category_name":"Identity & Access Management","category_uid":3,"class_name":"Group Management","class_uid":3006,"device":{"hostname":"C3748226038.local.domain","os":{"name":"Windows","type":"Windows","type_id":100},"type":"Unknown","type_id":0},"group":{"domain":"SPLUNK","name":"crest-universal","uid":"S-1-5-21-1406531526-4149269749-34710086-1107"},"metadata":{"event_code":"4756","log_name":"Security","log_provider":"Microsoft-Windows-Security-Auditing","log_version":"0","original_time":"2022-12-30T05:53:20.056267800Z","product":{"feature":{"uid":"{54849625-5478-4994-a5ba-3e3b0328c30d}"},"name":"Microsoft Windows","vendor_name":"Microsoft"},"profiles":["host"],"sequence":41177,"uid":"94223ea40b7ceda64ad75882cae0dbf9","version":"1.4.0"},"observables":[{"name":"device","type":"Endpoint","type_id":20},{"name":"device.hostname","type":"Hostname","type_id":1,"value":"C3748226038.local.domain"},{"name":"user","type":"User","type_id":21},{"name":"user.account.name","type":"Account Object: name","type_id":34,"value":"ravi3"},{"name":"user.account.uid","type":"Account Object: uid","type_id":35,"value":"S-1-5-21-1406531526-4149269749-34710086-1109"},{"name":"user.uid","type":"User Object: uid","type_id":31,"value":"S-1-5-21-1406531526-4149269749-34710086-1109"},{"name":"user.name","type":"User Name","type_id":4,"value":"ravi3"},{"name":"group.name","type":"Group Object: name","type_id":32,"value":"crest-universal"},{"name":"group.uid","type":"Group Object: uid","type_id":33,"value":"S-1-5-21-1406531526-4149269749-34710086-1107"},{"name":"actor.user","type":"User","type_id":21},{"name":"actor.user.uid","type":"User Object: uid","type_id":31,"value":"S-1-5-21-1406531526-4149269749-34710086-1104"},{"name":"actor.user.account.uid","type":"Account Object: uid","type_id":35,"value":"S-1-5-21-1406531526-4149269749-34710086-1104"},{"name":"actor.user.account.name","type":"Account Object: name","type_id":34,"value":"ravi"},{"name":"actor.user.name","type":"User Name","type_id":4,"value":"ravi"}],"raw_data":"<?xml version=\"1.0\" ?>\n<Event xmlns=\"http://schemas.microsoft.com/win/2004/08/events/event\">\n   <System>\n      <Provider Name=\"Microsoft-Windows-Security-Auditing\" Guid=\"{54849625-5478-4994-a5ba-3e3b0328c30d}\"/>\n      <EventID>4756</EventID>\n      <Version>0</Version>\n      <Level>0</Level>\n      <Task>13826</Task>\n      <Opcode>0</Opcode>\n      <Keywords>0x8020000000000000</Keywords>\n      <TimeCreated SystemTime=\"2022-12-30T05:53:20.056267800Z\"/>\n      <EventRecordID>41177</EventRecordID>\n      <Correlation/>\n      <Execution ProcessID=\"612\" ThreadID=\"3736\"/>\n      <Channel>Security</Channel>\n      <Computer>C3748226038.local.domain</Computer>\n      <Security/>\n   </System>\n   <EventData>\n      <Data Name=\"MemberName\">cn=ravi3,CN=Users,DC=local,DC=domain</Data>\n      <Data Name=\"MemberSid\">S-1-5-21-1406531526-4149269749-34710086-1109</Data>\n      <Data Name=\"TargetUserName\">crest-universal</Data>\n      <Data Name=\"TargetDomainName\">SPLUNK</Data>\n      <Data Name=\"TargetSid\">S-1-5-21-1406531526-4149269749-34710086-1107</Data>\n      <Data Name=\"SubjectUserSid\">S-1-5-21-1406531526-4149269749-34710086-1104</Data>\n      <Data Name=\"SubjectUserName\">ravi</Data>\n      <Data Name=\"SubjectDomainName\">SPLUNK</Data>\n      <Data Name=\"SubjectLogonId\">0x13d5e027</Data>\n      <Data Name=\"PrivilegeList\">-</Data>\n   </EventData>\n</Event>","severity":"Informational","severity_id":1,"status":"Success","status_id":1,"time":1672379600056,"type_name":"Group Management: Add User","type_uid":300603,"unmapped":{"EventData":{"MemberName":"cn=ravi3,CN=Users,DC=local,DC=domain"},"Execution":{"ProcessID":"612","ThreadID":"3736"},"Opcode":"0","Task":"13826","event_data":{"toplevel":"domain","usergroup":"Users"}},"user":{"account":{"name":"ravi3","type":"Windows Account","type_id":2,"uid":"S-1-5-21-1406531526-4149269749-34710086-1109"},"domain":"local","name":"ravi3","uid":"S-1-5-21-1406531526-4149269749-34710086-1109"}}
{"activity_id":4,"activity_name":"Remove User","actor":{"session":{"uid":"0x1b7ef8b"},"user":{"account":{"name":"administrator","type":"Windows Account","type_id":2,"uid":"TAF\\Administrator"},"domain":"TAF","name":"administrator","uid":"TAF\\Administrator"}},"category_name":"Identity & Access Management","category_uid":3,"class_name":"Group Management","class_uid":3006,"device":{"hostname":"C5672481682.taf.local","os":{"name":"Windows","type":"Windows","type_id":100},"type":"Unknown","type_id":0},"group":{"domain":"TAF","name":"ABC","uid":"TAF\\ABC"},"metadata":{"event_code":"4757","log_name":"Security","log_provider":"Microsoft-Windows-Security-Auditing","log_version":"0","original_time":"2022-11-11T10:32:58.6292679Z","product":{"feature":{"uid":"{54849625-5478-4994-a5ba-3e3b0328c30d}"},"name":"Microsoft Windows","vendor_name":"Microsoft"},"profiles":["host"],"sequence":28922,"uid":"f29757b793c959e944222227a0bba2eb","version":"1.4.0"},"observables":[{"name":"actor.user","type":"User","type_id":21},{"name":"actor.user.account.name","type":"Account Object: name","type_id":34,"value":"administrator"},{"name":"actor.user.account.uid","type":"Account Object: uid","type_id":35,"value":"TAF\\Administrator"},{"name":"actor.user.name","type":"User Name","type_id":4,"value":"administrator"},{"name":"actor.user.uid","type":"User Object: uid","type_id":31,"value":"TAF\\Administrator"},{"name":"group.name","type":"Group Object: name","type_id":32,"value":"ABC"},{"name":"group.uid","type":"Group Object: uid","type_id":33,"value":"TAF\\ABC"},{"name":"device","type":"Endpoint","type_id":20},{"name":"device.hostname","type":"Hostname","type_id":1,"value":"C5672481682.taf.local"},{"name":"user","type":"User","type_id":21},{"name":"user.uid","type":"User Object: uid","type_id":31,"value":"TAF\\Guest"},{"name":"user.name","type":"User Name","type_id":4,"value":"Guest"},{"name":"user.account.uid","type":"Account Object: uid","type_id":35,"value":"TAF\\Guest"},{"name":"user.account.name","type":"Account Object: name","type_id":34,"value":"Guest"}],"raw_data":"<?xml version=\"1.0\" ?>\n<Event xmlns=\"http://schemas.microsoft.com/win/2004/08/events/event\">\n   <System>\n      <Provider Name=\"Microsoft-Windows-Security-Auditing\" Guid=\"{54849625-5478-4994-a5ba-3e3b0328c30d}\"/>\n      <EventID>4757</EventID>\n      <Version>0</Version>\n      <Level>0</Level>\n      <Task>13826</Task>\n      <Opcode>0</Opcode>\n      <Keywords>0x8020000000000000</Keywords>\n      <TimeCreated SystemTime=\"2022-11-11T10:32:58.6292679Z\"/>\n      <EventRecordID>28922</EventRecordID>\n      <Correlation/>\n      <Execution ProcessID=\"648\" ThreadID=\"2168\"/>\n      <Channel>Security</Channel>\n      <Computer>C5672481682.taf.local</Computer>\n      <Security/>\n   </System>\n   <EventData>\n      <Data Name=\"MemberName\">CN=Guest,CN=Users,DC=taf,DC=local</Data>\n      <Data Name=\"MemberSid\">TAF\\Guest</Data>\n      <Data Name=\"TargetUserName\">ABC</Data>\n      <Data Name=\"TargetDomainName\">TAF</Data>\n      <Data Name=\"TargetSid\">TAF\\ABC</Data>\n      <Data Name=\"SubjectUserSid\">TAF\\Administrator</Data>\n      <Data Name=\"SubjectUserName\">administrator</Data>\n      <Data Name=\"SubjectDomainName\">TAF</Data>\n      <Data Name=\"SubjectLogonId\">0x1b7ef8b</Data>\n      <Data Name=\"PrivilegeList\">-</Data>\n   </EventData>\n</Event>","severity":"Informational","severity_id":1,"status":"Success","status_id":1,"time":1668162778629,"type_name":"Group Management: Remove User","type_uid":300604,"unmapped":{"EventData":{"MemberName":"CN=Guest,CN=Users,DC=taf,DC=local"},"Execution":{"ProcessID":"648","ThreadID":"2168"},"Opcode":"0","Task":"13826","event_data":{"toplevel":"local","usergroup":"Users"}},"user":{"account":{"name":"Guest","type":"Windows Account","type_id":2,"uid":"TAF\\Guest"},"domain":"TAF","name":"Guest","uid":"TAF\\Guest"}}
{"activity_id":4,"activity_name":"Remove User","actor":{"session":{"uid":"0x13d5e027"},"user":{"account":{"name":"ravi","type":"Windows Account","type_id":2,"uid":"S-1-5-21-1406531526-4149269749-34710086-1104"},"domain":"SPLUNK","name":"ravi","uid":"S-1-5-21-1406531526-4149269749-34710086-1104"}},"category_name":"Identity & Access Management","category_uid":3,"class_name":"Group Management","class_uid":3006,"device":{"hostname":"C3748226038.local.domain","os":{"name":"Windows","type":"Windows","type_id":100},"type":"Unknown","type_id":0},"group":{"domain":"SPLUNK","name":"crest-grlobal","uid":"S-1-5-21-1406531526-4149269749-34710086-1106"},"metadata":{"event_code":"4757","log_name":"Security","log_provider":"Microsoft-Windows-Security-Auditing","log_version":"0","original_time":"2022-12-30T06:38:41.305053300Z","product":{"feature":{"uid":"{54849625-5478-4994-a5ba-3e3b0328c30d}"},"name":"Microsoft Windows","vendor_name":"Microsoft"},"profiles":["host"],"sequence":41255,"uid":"b4ed894b2561ed2d123e2cf2171eacb7","version":"1.4.0"},"observables":[{"name":"actor.user","type":"User","type_id":21},{"name":"actor.user.account.uid","type":"Account Object: uid","type_id":35,"value":"S-1-5-21-1406531526-4149269749-34710086-1104"},{"name":"actor.user.account.name","type":"Account Object: name","type_id":34,"value":"ravi"},{"name":"actor.user.name","type":"User Name","type_id":4,"value":"ravi"},{"name":"actor.user.uid","type":"User Object: uid","type_id":31,"value":"S-1-5-21-1406531526-4149269749-34710086-1104"},{"name":"device","type":"Endpoint","type_id":20},{"name":"device.hostname","type":"Hostname","type_id":1,"value":"C3748226038.local.domain"},{"name":"user","type":"User","type_id":21},{"name":"user.uid","type":"User Object: uid","type_id":31,"value":"S-1-5-21-1406531526-4149269749-34710086-1104"},{"name":"user.name","type":"User Name","type_id":4,"value":"ravi"},{"name":"user.account.uid","type":"Account Object: uid","type_id":35,"value":"S-1-5-21-1406531526-4149269749-34710086-1104"},{"name":"user.account.name","type":"Account Object: name","type_id":34,"value":"ravi"},{"name":"group.name","type":"Group Object: name","type_id":32,"value":"crest-grlobal"},{"name":"group.uid","type":"Group Object: uid","type_id":33,"value":"S-1-5-21-1406531526-4149269749-34710086-1106"}],"raw_data":"<?xml version=\"1.0\" ?>\n<Event xmlns=\"http://schemas.microsoft.com/win/2004/08/events/event\">\n   <System>\n      <Provider Name=\"Microsoft-Windows-Security-Auditing\" Guid=\"{54849625-5478-4994-a5ba-3e3b0328c30d}\"/>\n      <EventID>4757</EventID>\n      <Version>0</Version>\n      <Level>0</Level>\n      <Task>13826</Task>\n      <Opcode>0</Opcode>\n      <Keywords>0x8020000000000000</Keywords>\n      <TimeCreated SystemTime=\"2022-12-30T06:38:41.305053300Z\"/>\n      <EventRecordID>41255</EventRecordID>\n      <Correlation/>\n      <Execution ProcessID=\"612\" ThreadID=\"2624\"/>\n      <Channel>Security</Channel>\n      <Computer>C3748226038.local.domain</Computer>\n      <Security/>\n   </System>\n   <EventData>\n      <Data Name=\"MemberName\">CN=ravi,CN=Users,DC=local,DC=domain</Data>\n      <Data Name=\"MemberSid\">S-1-5-21-1406531526-4149269749-34710086-1104</Data>\n      <Data Name=\"TargetUserName\">crest-grlobal</Data>\n      <Data Name=\"TargetDomainName\">SPLUNK</Data>\n      <Data Name=\"TargetSid\">S-1-5-21-1406531526-4149269749-34710086-1106</Data>\n      <Data Name=\"SubjectUserSid\">S-1-5-21-1406531526-4149269749-34710086-1104</Data>\n      <Data Name=\"SubjectUserName\">ravi</Data>\n      <Data Name=\"SubjectDomainName\">SPLUNK</Data>\n      <Data Name=\"SubjectLogonId\">0x13d5e027</Data>\n      <Data Name=\"PrivilegeList\">-</Data>\n   </EventData>\n</Event>","severity":"Informational","severity_id":1,"status":"Success","status_id":1,"time":1672382321305,"type_name":"Group Management: Remove User","type_uid":300604,"unmapped":{"EventData":{"MemberName":"CN=ravi,CN=Users,DC=local,DC=domain"},"Execution":{"ProcessID":"612","ThreadID":"2624"},"Opcode":"0","Task":"13826","event_data":{"toplevel":"domain","usergroup":"Users"}},"user":{"account":{"name":"ravi","type":"Windows Account","type_id":2,"uid":"S-1-5-21-1406531526-4149269749-34710086-1104"},"domain":"local","name":"ravi","uid":"S-1-5-21-1406531526-4149269749-34710086-1104"}}
{"activity_id":3,"activity_name":"Authentication Ticket","auth_protocol":"Kerberos","auth_protocol_id":2,"category_name":"Identity & Access Management","category_uid":3,"class_name":"Authentication","class_uid":3002,"device":{"hostname":"uba-win11.UBA_DSlab_DOMAIN.local","os":{"name":"Windows","type":"Windows","type_id":100},"type":"Unknown","type_id":0},"dst_endpoint":{"hostname":"uba-win11.UBA_DSlab_DOMAIN.local"},"metadata":{"event_code":"4768","log_name":"Security","log_provider":"Microsoft-Windows-Security-Auditing","log_version":"0","original_time":"2017-08-07T18:13:46.074535600Z","product":{"feature":{"uid":"{54849625-5478-4994-A5BA-3E3B0328C30D}"},"name":"Microsoft Windows","vendor_name":"Microsoft"},"profiles":["host"],"sequence":796211636,"uid":"2fea2c7c42c73c1e62abb5f814839d81","version":"1.4.0"},"observables":[{"name":"user","type":"User","type_id":21},{"name":"user.account.uid","type":"Account Object: uid","type_id":35,"value":"UBA_DSLAB_DOMAI\\ad_user1"},{"name":"user.account.name","type":"Account Object: name","type_id":34,"value":"ad_user1"},{"name":"user.name","type":"User Name","type_id":4,"value":"ad_user1"},{"name":"user.uid","type":"User Object: uid","type_id":31,"value":"UBA_DSLAB_DOMAI\\ad_user1"},{"name":"dst_endpoint","type":"Endpoint","type_id":20},{"name":"dst_endpoint.hostname","type":"Hostname","type_id":1,"value":"uba-win11.UBA_DSlab_DOMAIN.local"},{"name":"src_endpoint","type":"Endpoint","type_id":20},{"name":"src_endpoint.ip","type":"IP Address","type_id":2,"value":"::ffff:10.141.38.82"},{"name":"src_endpoint.port","type":"Port","type_id":11,"value":"49235"},{"name":"device","type":"Endpoint","type_id":20},{"name":"device.hostname","type":"Hostname","type_id":1,"value":"uba-win11.UBA_DSlab_DOMAIN.local"}],"raw_data":"<?xml version=\"1.0\" encoding=\"UTF-8\"?>\n<Event xmlns=\"http://schemas.microsoft.com/win/2004/08/events/event\">\n   <System>\n      <Provider Name=\"Microsoft-Windows-Security-Auditing\" Guid=\"{54849625-5478-4994-A5BA-3E3B0328C30D}\" />\n      <EventID>4768</EventID>\n      <Version>0</Version>\n      <Level>0</Level>\n      <Task>14339</Task>\n      <Opcode>0</Opcode>\n      <Keywords>0x8020000000000000</Keywords>\n      <TimeCreated SystemTime=\"2017-08-07T18:13:46.074535600Z\" />\n      <EventRecordID>796211636</EventRecordID>\n      <Correlation />\n      <Execution ProcessID=\"520\" ThreadID=\"1496\" />\n      <Channel>Security</Channel>\n      <Computer>uba-win11.UBA_DSlab_DOMAIN.local</Computer>\n      <Security />\n   </System>\n   <EventData>\n      <Data Name=\"TargetUserName\">ad_user1</Data>\n      <Data Name=\"TargetDomainName\">UBA_DSLAB_DOMAIN.LOCAL</Data>\n      <Data Name=\"TargetSid\">UBA_DSLAB_DOMAI\\ad_user1</Data>\n      <Data Name=\"ServiceName\">krbtgt</Data>\n      <Data Name=\"ServiceSid\">UBA_DSLAB_DOMAI\\krbtgt</Data>\n      <Data Name=\"TicketOptions\">0x40810010</Data>\n      <Data Name=\"Status\">0x0</Data>\n      <Data Name=\"TicketEncryptionType\">0x12</Data>\n      <Data Name=\"PreAuthType\">2</Data>\n      <Data Name=\"IpAddress\">::ffff:10.141.38.82</Data>\n      <Data Name=\"IpPort\">49235</Data>\n      <Data Name=\"CertIssuerName\">contoso-DC01-CA-1</Data>\n      <Data Name=\"CertSerialNumber\">1D0000000D292FBE3C6CDDAFA200020000000D</Data>\n      <Data Name=\"CertThumbprint\">564DFAEE99C71D62ABC553E695BD8DBC46669413</Data>\n   </EventData>\n</Event>\n","severity":"Informational","severity_id":1,"src_endpoint":{"ip":"::ffff:10.141.38.82","port":49235},"status":"Success","status_id":1,"time":1502129626074,"type_name":"Authentication: Authentication Ticket","type_uid":300203,"unmapped":{"EventData":{"CertIssuerName":"contoso-DC01-CA-1","CertSerialNumber":"1D0000000D292FBE3C6CDDAFA200020000000D","CertThumbprint":"564DFAEE99C71D62ABC553E695BD8DBC46669413","PreAuthType":"2","ServiceName":"krbtgt","ServiceSid":"UBA_DSLAB_DOMAI\\krbtgt","Status":"0x0","TicketEncryptionType":"0x12","TicketOptions":"0x40810010"},"Execution":{"ProcessID":"520","ThreadID":"1496"},"Opcode":"0","Task":"14339"},"user":{"account":{"name":"ad_user1","type":"Windows Account","type_id":2,"uid":"UBA_DSLAB_DOMAI\\ad_user1"},"domain":"UBA_DSLAB_DOMAIN.LOCAL","name":"ad_user1","uid":"UBA_DSLAB_DOMAI\\ad_user1"}}
{"activity_id":3,"activity_name":"Authentication Ticket","auth_protocol":"Kerberos","auth_protocol_id":2,"category_name":"Identity & Access Management","category_uid":3,"class_name":"Authentication","class_uid":3002,"device":{"hostname":"domainController.domainY.com","os":{"name":"Windows","type":"Windows","type_id":100},"type":"Unknown","type_id":0},"dst_endpoint":{"hostname":"domainController.domainY.com"},"metadata":{"event_code":"4768","log_name":"Security","log_provider":"Microsoft-Windows-Security-Auditing","log_version":"0","original_time":"2018-10-15T03:21:23.074535600Z","product":{"feature":{"uid":"{54849625-5478-4994-A5BA-3E3B0328C30D}"},"name":"Microsoft Windows","vendor_name":"Microsoft"},"profiles":["host"],"sequence":906793793,"uid":"c0c10af95c1f6e6e89328232cb1445b9","version":"1.4.0"},"observables":[{"name":"src_endpoint","type":"Endpoint","type_id":20},{"name":"src_endpoint.ip","type":"IP Address","type_id":2,"value":"10.23.23.23"},{"name":"src_endpoint.port","type":"Port","type_id":11,"value":"47002"},{"name":"user","type":"User","type_id":21},{"name":"user.name","type":"User Name","type_id":4,"value":"device1$"},{"name":"user.uid","type":"User Object: uid","type_id":31,"value":"DOMAINY\\device1$"},{"name":"user.account.uid","type":"Account Object: uid","type_id":35,"value":"DOMAINY\\device1$"},{"name":"user.account.name","type":"Account Object: name","type_id":34,"value":"device1$"},{"name":"dst_endpoint","type":"Endpoint","type_id":20},{"name":"dst_endpoint.hostname","type":"Hostname","type_id":1,"value":"domainController.domainY.com"},{"name":"device","type":"Endpoint","type_id":20},{"name":"device.hostname","type":"Hostname","type_id":1,"value":"domainController.domainY.com"}],"raw_data":"<?xml version=\"1.0\" encoding=\"UTF-8\"?>\n<Event xmlns=\"http://schemas.microsoft.com/win/2004/08/events/event\">\n   <System>\n      <Provider Name=\"Microsoft-Windows-Security-Auditing\" Guid=\"{54849625-5478-4994-A5BA-3E3B0328C30D}\" />\n      <EventID>4768</EventID>\n      <Version>0</Version>\n      <Level>0</Level>\n      <Task>14339</Task>\n      <Opcode>0</Opcode>\n      <Keywords>0x8020000000000000</Keywords>\n      <TimeCreated SystemTime=\"2018-10-15T03:21:23.074535600Z\" />\n      <EventRecordID>906793793</EventRecordID>\n      <Correlation />\n      <Execution ProcessID=\"520\" ThreadID=\"1496\" />\n      <Channel>Security</Channel>\n      <Computer>domainController.domainY.com</Computer>\n      <Security />\n   </System>\n   <EventData>\n      <Data Name=\"TargetUserName\">device1$</Data>\n      <Data Name=\"TargetDomainName\">DOMAINY.COM</Data>\n      <Data Name=\"TargetSid\">DOMAINY\\device1$</Data>\n      <Data Name=\"ServiceName\">krbtgt</Data>\n      <Data Name=\"ServiceSid\">DOMAINY\\krbtgt</Data>\n      <Data Name=\"TicketOptions\">0x40800000</Data>\n      <Data Name=\"Status\">0x0</Data>\n      <Data Name=\"TicketEncryptionType\">0x17</Data>\n      <Data Name=\"PreAuthType\">2</Data>\n      <Data Name=\"IpAddress\">10.23.23.23</Data>\n      <Data Name=\"IpPort\">47002</Data>\n      <Data Name=\"CertIssuerName\">contoso-DC01-CA-1</Data>\n      <Data Name=\"CertSerialNumber\">1D0000000D292FBE3C6CDDAFA200020000000D</Data>\n      <Data Name=\"CertThumbprint\">564DFAEE99C71D62ABC553E695BD8DBC46669413</Data>\n   </EventData>\n</Event>\n","severity":"Informational","severity_id":1,"src_endpoint":{"ip":"10.23.23.23","port":47002},"status":"Success","status_id":1,"time":1539573683074,"type_name":"Authentication: Authentication Ticket","type_uid":300203,"unmapped":{"EventData":{"CertIssuerName":"contoso-DC01-CA-1","CertSerialNumber":"1D0000000D292FBE3C6CDDAFA200020000000D","CertThumbprint":"564DFAEE99C71D62ABC553E695BD8DBC46669413","PreAuthType":"2","ServiceName":"krbtgt","ServiceSid":"DOMAINY\\krbtgt","Status":"0x0","TicketEncryptionType":"0x17","TicketOptions":"0x40800000"},"Execution":{"ProcessID":"520","ThreadID":"1496"},"Opcode":"0","Task":"14339"},"user":{"account":{"name":"device1$","type":"Windows Account","type_id":2,"uid":"DOMAINY\\device1$"},"domain":"DOMAINY.COM","name":"device1$","uid":"DOMAINY\\device1$"}}
{"activity_id":3,"activity_name":"Authentication Ticket","auth_protocol":"Kerberos","auth_protocol_id":2,"category_name":"Identity & Access Management","category_uid":3,"class_name":"Authentication","class_uid":3002,"device":{"hostname":"domainController.domainY.com","os":{"name":"Windows","type":"Windows","type_id":100},"type":"Unknown","type_id":0},"dst_endpoint":{"hostname":"domainController.domainY.com"},"metadata":{"event_code":"4768","log_name":"Security","log_provider":"Microsoft-Windows-Security-Auditing","log_version":"0","original_time":"2018-10-15T03:21:23.074535600Z","product":{"feature":{"uid":"{54849625-5478-4994-A5BA-3E3B0328C30D}"},"name":"Microsoft Windows","vendor_name":"Microsoft"},"profiles":["host"],"sequence":906793793,"uid":"52cb7940f0f1782dc1068afd4f1a2a5f","version":"1.4.0"},"observables":[{"name":"dst_endpoint","type":"Endpoint","type_id":20},{"name":"dst_endpoint.hostname","type":"Hostname","type_id":1,"value":"domainController.domainY.com"},{"name":"user","type":"User","type_id":21},{"name":"user.account.uid","type":"Account Object: uid","type_id":35,"value":"DOMAINY\\device1$"},{"name":"user.account.name","type":"Account Object: name","type_id":34,"value":"device1$@domainY.com"},{"name":"user.name","type":"User Name","type_id":4,"value":"device1$@domainY.com"},{"name":"user.uid","type":"User Object: uid","type_id":31,"value":"DOMAINY\\device1$"},{"name":"src_endpoint","type":"Endpoint","type_id":20},{"name":"src_endpoint.port","type":"Port","type_id":11,"value":"47002"},{"name":"src_endpoint.ip","type":"IP Address","type_id":2,"value":"10.23.23.23"},{"name":"device","type":"Endpoint","type_id":20},{"name":"device.hostname","type":"Hostname","type_id":1,"value":"domainController.domainY.com"}],"raw_data":"<?xml version=\"1.0\" encoding=\"UTF-8\"?>\n<Event xmlns=\"http://schemas.microsoft.com/win/2004/08/events/event\">\n   <System>\n      <Provider Name=\"Microsoft-Windows-Security-Auditing\" Guid=\"{54849625-5478-4994-A5BA-3E3B0328C30D}\" />\n      <EventID>4768</EventID>\n      <Version>0</Version>\n      <Level>0</Level>\n      <Task>14339</Task>\n      <Opcode>0</Opcode>\n      <Keywords>0x8020000000000000</Keywords>\n      <TimeCreated SystemTime=\"2018-10-15T03:21:23.074535600Z\" />\n      <EventRecordID>906793793</EventRecordID>\n      <Correlation />\n      <Execution ProcessID=\"520\" ThreadID=\"1496\" />\n      <Channel>Security</Channel>\n      <Computer>domainController.domainY.com</Computer>\n      <Security />\n   </System>\n   <EventData>\n      <Data Name=\"TargetUserName\">device1$@domainY.com</Data>\n      <Data Name=\"TargetDomainName\">DOMAINY.COM</Data>\n      <Data Name=\"TargetSid\">DOMAINY\\device1$</Data>\n      <Data Name=\"ServiceName\">krbtgt</Data>\n      <Data Name=\"ServiceSid\">DOMAINY\\krbtgt</Data>\n      <Data Name=\"TicketOptions\">0x40800000</Data>\n      <Data Name=\"Status\">0x0</Data>\n      <Data Name=\"TicketEncryptionType\">0x17</Data>\n      <Data Name=\"PreAuthType\">2</Data>\n      <Data Name=\"IpAddress\">10.23.23.23</Data>\n      <Data Name=\"IpPort\">47002</Data>\n      <Data Name=\"CertIssuerName\">contoso-DC01-CA-1</Data>\n      <Data Name=\"CertSerialNumber\">1D0000000D292FBE3C6CDDAFA200020000000D</Data>\n      <Data Name=\"CertThumbprint\">564DFAEE99C71D62ABC553E695BD8DBC46669413</Data>\n   </EventData>\n</Event>","severity":"Informational","severity_id":1,"src_endpoint":{"ip":"10.23.23.23","port":47002},"status":"Success","status_id":1,"time":1539573683074,"type_name":"Authentication: Authentication Ticket","type_uid":300203,"unmapped":{"EventData":{"CertIssuerName":"contoso-DC01-CA-1","CertSerialNumber":"1D0000000D292FBE3C6CDDAFA200020000000D","CertThumbprint":"564DFAEE99C71D62ABC553E695BD8DBC46669413","PreAuthType":"2","ServiceName":"krbtgt","ServiceSid":"DOMAINY\\krbtgt","Status":"0x0","TicketEncryptionType":"0x17","TicketOptions":"0x40800000"},"Execution":{"ProcessID":"520","ThreadID":"1496"},"Opcode":"0","Task":"14339"},"user":{"account":{"name":"device1$@domainY.com","type":"Windows Account","type_id":2,"uid":"DOMAINY\\device1$"},"domain":"DOMAINY.COM","name":"device1$@domainY.com","uid":"DOMAINY\\device1$"}}
