{"activity_id":1,"activity_name":"Logon","actor":{"process":{"pid":0},"session":{"uid":"0x0"},"user":{"account":{"name":"","type":"Windows Account","type_id":2,"uid":"NULL SID"},"name":"","uid":"NULL SID"}},"auth_protocol":"Kerberos","auth_protocol_id":2,"category_name":"Identity & Access Management","category_uid":3,"class_name":"Authentication","class_uid":3002,"device":{"hostname":"SesTestWin2019DC.SesTestDomain.local","os":{"name":"Windows","type":"Windows","type_id":100},"type":"Unknown","type_id":0},"dst_endpoint":{"hostname":"SesTestWin2019DC.SesTestDomain.local"},"logon_process":{"name":"Kerberos","pid":-1},"logon_type":"Network","logon_type_id":3,"message":"An account was successfully logged on.","metadata":{"event_code":"4624","log_name":"Security","log_provider":"Microsoft-Windows-Security-Auditing","log_version":"2","original_time":"2021-12-03T22:56:11.600740200Z","product":{"feature":{"uid":"{54849625-5478-4994-a5ba-3e3b0328c30d}"},"name":"Microsoft Windows","vendor_name":"Microsoft"},"profiles":["host"],"sequence":82100,"uid":"49327decd869297f7412387f248bcb89","version":"1.4.0"},"observables":[{"name":"dst_endpoint","type":"Endpoint","type_id":20},{"name":"dst_endpoint.hostname","type":"Hostname","type_id":1,"value":"SesTestWin2019DC.SesTestDomain.local"},{"name":"actor.process","type":"Process","type_id":25},{"name":"actor.process.pid","type":"Process ID","type_id":15,"value":"0"},{"name":"actor.user","type":"User","type_id":21},{"name":"actor.user.uid","type":"User Object: uid","type_id":31,"value":"NULL SID"},{"name":"actor.user.account.uid","type":"Account Object: uid","type_id":35,"value":"NULL SID"},{"name":"device","type":"Endpoint","type_id":20},{"name":"device.hostname","type":"Hostname","type_id":1,"value":"SesTestWin2019DC.SesTestDomain.local"},{"name":"logon_process","type":"Process","type_id":25},{"name":"logon_process.pid","type":"Process ID","type_id":15,"value":"-1"},{"name":"logon_process.name","type":"Process Name","type_id":9,"value":"Kerberos"},{"name":"src_endpoint","type":"Endpoint","type_id":20},{"name":"src_endpoint.ip","type":"IP Address","type_id":2,"value":"10.202.38.180"},{"name":"src_endpoint.port","type":"Port","type_id":11,"value":"0"},{"name":"user","type":"User","type_id":21},{"name":"user.account.uid","type":"Account Object: uid","type_id":35,"value":"SESTESTDOMAIN\\SesTestUser"},{"name":"user.account.name","type":"Account Object: name","type_id":34,"value":"SesTestUser"},{"name":"user.name","type":"User Name","type_id":4,"value":"SesTestUser"},{"name":"user.uid","type":"User Object: uid","type_id":31,"value":"SESTESTDOMAIN\\SesTestUser"}],"raw_data":"<Event xmlns='http: //schemas.microsoft.com/win/2004/08/events/event'>\n    <System>\n        <Provider Name='Microsoft-Windows-Security-Auditing' Guid='{54849625-5478-4994-a5ba-3e3b0328c30d}'/>\n        <EventID>4624</EventID>\n        <Version>2</Version>\n        <Level>0</Level>\n        <Task>12544</Task>\n        <Opcode>0</Opcode>\n        <Keywords>0x8020000000000000</Keywords>\n        <TimeCreated SystemTime='2021-12-03T22:56:11.600740200Z'/>\n        <EventRecordID>82100</EventRecordID>\n        <Correlation ActivityID='{b0a4de32-e88a-0001-8ede-a4b08ae8d701}'/>\n        <Execution ProcessID='612' ThreadID='4232'/>\n        <Channel>Security</Channel>\n        <Computer>SesTestWin2019DC.SesTestDomain.local</Computer>\n        <Security/>\n    </System>\n    <EventData>\n        <Data Name='SubjectUserSid'>NULL SID</Data>\n        <Data Name='SubjectUserName'>-</Data>\n        <Data Name='SubjectDomainName'>-</Data>\n        <Data Name='SubjectLogonId'>0x0</Data>\n        <Data Name='TargetUserSid'>SESTESTDOMAIN\\SesTestUser</Data>\n        <Data Name='TargetUserName'>SesTestUser</Data>\n        <Data Name='TargetDomainName'>SESTESTDOMAIN.LOCAL</Data>\n        <Data Name='TargetLogonId'>0x1104cc7</Data>\n        <Data Name='LogonType'>3</Data>\n        <Data Name='LogonProcessName'>Kerberos</Data>\n        <Data Name='AuthenticationPackageName'>Kerberos</Data>\n        <Data Name='WorkstationName'>-</Data>\n        <Data Name='LogonGuid'>{f9f263c0-e0f9-2c14-7570-c1dc8105680b}</Data>\n        <Data Name='TransmittedServices'>-</Data>\n        <Data Name='LmPackageName'>-</Data>\n        <Data Name='KeyLength'>0</Data>\n        <Data Name='ProcessId'>0x0</Data>\n        <Data Name='ProcessName'>-</Data>\n        <Data Name='IpAddress'>10.202.38.180</Data>\n        <Data Name='IpPort'>0</Data>\n        <Data Name='ImpersonationLevel'>%%1833</Data>\n        <Data Name='RestrictedAdminMode'>-</Data>\n        <Data Name='TargetOutboundUserName'>-</Data>\n        <Data Name='TargetOutboundDomainName'>-</Data>\n        <Data Name='VirtualAccount'>%%1843</Data>\n        <Data Name='TargetLinkedLogonId'>0x0</Data>\n        <Data Name='ElevatedToken'>%%1842</Data>\n    </EventData>\n</Event>","session":{"uid":"0x1104cc7","uuid":"{f9f263c0-e0f9-2c14-7570-c1dc8105680b}"},"severity":"Informational","severity_id":1,"src_endpoint":{"ip":"10.202.38.180","port":0},"status":"Success","status_id":1,"time":1638572171600,"type_name":"Authentication: Logon","type_uid":300201,"unmapped":{"Correlation":{"ActivityID":"{b0a4de32-e88a-0001-8ede-a4b08ae8d701}"},"EventData":{"ElevatedToken":"%%1842","ImpersonationLevel":"%%1833","KeyLength":"0","TargetLinkedLogonId":"0x0","VirtualAccount":"%%1843"},"Execution":{"ProcessID":"612","ThreadID":"4232"},"Opcode":"0","Task":"12544"},"user":{"account":{"name":"SesTestUser","type":"Windows Account","type_id":2,"uid":"SESTESTDOMAIN\\SesTestUser"},"domain":"SESTESTDOMAIN.LOCAL","name":"SesTestUser","uid":"SESTESTDOMAIN\\SesTestUser"}}
{"activity_id":1,"activity_name":"Logon","actor":{"process":{"pid":0},"session":{"uid":"0x0"},"user":{"account":{"name":"","type":"Windows Account","type_id":2,"uid":"NULL SID"},"name":"","uid":"NULL SID"}},"auth_protocol":"Kerberos","auth_protocol_id":2,"category_name":"Identity & Access Management","category_uid":3,"class_name":"Authentication","class_uid":3002,"device":{"hostname":"SesTestWin2016.SesTestDomain.local","os":{"name":"Windows","type":"Windows","type_id":100},"type":"Unknown","type_id":0},"dst_endpoint":{"hostname":"SesTestWin2016.SesTestDomain.local"},"logon_process":{"name":"Kerberos","pid":-1},"logon_type":"Network","logon_type_id":3,"message":"An account was successfully logged on.","metadata":{"event_code":"4624","log_name":"Security","log_provider":"Microsoft-Windows-Security-Auditing","log_version":"2","original_time":"2021-12-06T18:45:49.723729500Z","product":{"feature":{"uid":"{54849625-5478-4994-A5BA-3E3B0328C30D}"},"name":"Microsoft Windows","vendor_name":"Microsoft"},"profiles":["host"],"sequence":281223,"uid":"c3234150c2fe5a4e9f5672761dcfd16e","version":"1.4.0"},"observables":[{"name":"src_endpoint","type":"Endpoint","type_id":20},{"name":"src_endpoint.ip","type":"IP Address","type_id":2,"value":"10.202.6.99"},{"name":"src_endpoint.port","type":"Port","type_id":11,"value":"0"},{"name":"dst_endpoint","type":"Endpoint","type_id":20},{"name":"dst_endpoint.hostname","type":"Hostname","type_id":1,"value":"SesTestWin2016.SesTestDomain.local"},{"name":"actor.process","type":"Process","type_id":25},{"name":"actor.process.pid","type":"Process ID","type_id":15,"value":"0"},{"name":"actor.user","type":"User","type_id":21},{"name":"actor.user.uid","type":"User Object: uid","type_id":31,"value":"NULL SID"},{"name":"actor.user.account.uid","type":"Account Object: uid","type_id":35,"value":"NULL SID"},{"name":"user","type":"User","type_id":21},{"name":"user.uid","type":"User Object: uid","type_id":31,"value":"SESTESTDOMAIN\\SesTestUser"},{"name":"user.account.uid","type":"Account Object: uid","type_id":35,"value":"SESTESTDOMAIN\\SesTestUser"},{"name":"user.account.name","type":"Account Object: name","type_id":34,"value":"SesTestUser"},{"name":"user.name","type":"User Name","type_id":4,"value":"SesTestUser"},{"name":"device","type":"Endpoint","type_id":20},{"name":"device.hostname","type":"Hostname","type_id":1,"value":"SesTestWin2016.SesTestDomain.local"},{"name":"logon_process","type":"Process","type_id":25},{"name":"logon_process.name","type":"Process Name","type_id":9,"value":"Kerberos"},{"name":"logon_process.pid","type":"Process ID","type_id":15,"value":"-1"}],"raw_data":"<Event xmlns='http://schemas.microsoft.com/win/2004/08/events/event'>\n    <System>\n        <Provider Name='Microsoft-Windows-Security-Auditing' Guid='{54849625-5478-4994-A5BA-3E3B0328C30D}'/>\n        <EventID>4624</EventID>\n        <Version>2</Version>\n        <Level>0</Level>\n        <Task>12544</Task>\n        <Opcode>0</Opcode>\n        <Keywords>0x8020000000000000</Keywords>\n        <TimeCreated SystemTime='2021-12-06T18:45:49.723729500Z'/>\n        <EventRecordID>281223</EventRecordID>\n        <Correlation ActivityID='{5616F5AF-EA9F-0001-BFF5-16569FEAD701}'/>\n        <Execution ProcessID='576' ThreadID='3920'/>\n        <Channel>Security</Channel>\n        <Computer>SesTestWin2016.SesTestDomain.local</Computer>\n        <Security/>\n    </System>\n    <EventData>\n        <Data Name='SubjectUserSid'>NULL SID</Data>\n        <Data Name='SubjectUserName'>-</Data>\n        <Data Name='SubjectDomainName'>-</Data>\n        <Data Name='SubjectLogonId'>0x0</Data>\n        <Data Name='TargetUserSid'>SESTESTDOMAIN\\SesTestUser</Data>\n        <Data Name='TargetUserName'>SesTestUser</Data>\n        <Data Name='TargetDomainName'>SESTESTDOMAIN.LOCAL</Data>\n        <Data Name='TargetLogonId'>0x412986b</Data>\n        <Data Name='LogonType'>3</Data>\n        <Data Name='LogonProcessName'>Kerberos</Data>\n        <Data Name='AuthenticationPackageName'>Kerberos</Data>\n        <Data Name='WorkstationName'>-</Data>\n        <Data Name='LogonGuid'>{11CB0E5A-4A33-2CAB-DB78-B848418D8224}</Data>\n        <Data Name='TransmittedServices'>-</Data>\n        <Data Name='LmPackageName'>-</Data>\n        <Data Name='KeyLength'>0</Data>\n        <Data Name='ProcessId'>0x0</Data>\n        <Data Name='ProcessName'>-</Data>\n        <Data Name='IpAddress'>10.202.6.99</Data>\n        <Data Name='IpPort'>0</Data>\n        <Data Name='ImpersonationLevel'>%%1833</Data>\n        <Data Name='RestrictedAdminMode'>-</Data>\n        <Data Name='TargetOutboundUserName'>-</Data>\n        <Data Name='TargetOutboundDomainName'>-</Data>\n        <Data Name='VirtualAccount'>%%1843</Data>\n        <Data Name='TargetLinkedLogonId'>0x0</Data>\n        <Data Name='ElevatedToken'>%%1843</Data>\n    </EventData>\n</Event>","session":{"uid":"0x412986b","uuid":"{11CB0E5A-4A33-2CAB-DB78-B848418D8224}"},"severity":"Informational","severity_id":1,"src_endpoint":{"ip":"10.202.6.99","port":0},"status":"Success","status_id":1,"time":1638816349723,"type_name":"Authentication: Logon","type_uid":300201,"unmapped":{"Correlation":{"ActivityID":"{5616F5AF-EA9F-0001-BFF5-16569FEAD701}"},"EventData":{"ElevatedToken":"%%1843","ImpersonationLevel":"%%1833","KeyLength":"0","TargetLinkedLogonId":"0x0","VirtualAccount":"%%1843"},"Execution":{"ProcessID":"576","ThreadID":"3920"},"Opcode":"0","Task":"12544"},"user":{"account":{"name":"SesTestUser","type":"Windows Account","type_id":2,"uid":"SESTESTDOMAIN\\SesTestUser"},"domain":"SESTESTDOMAIN.LOCAL","name":"SesTestUser","uid":"SESTESTDOMAIN\\SesTestUser"}}
{"activity_id":1,"activity_name":"Logon","actor":{"process":{"file":{"name":"svchost.exe","parent_folder":"C:\\Windows\\System32","path":"C:\\Windows\\System32\\svchost.exe","type":"Regular File","type_id":1},"pid":448},"session":{"uid":"0x3e7"},"user":{"account":{"name":"IP-0ACA0AA5$","type":"Windows Account","type_id":2,"uid":"NT AUTHORITY\\SYSTEM"},"domain":"WORKGROUP","name":"IP-0ACA0AA5$","uid":"NT AUTHORITY\\SYSTEM"}},"auth_protocol":"Negotiate","auth_protocol_id":99,"category_name":"Identity & Access Management","category_uid":3,"class_name":"Authentication","class_uid":3002,"device":{"hostname":"IP-0ACA0AA5","os":{"name":"Windows","type":"Windows","type_id":100},"type":"Unknown","type_id":0},"dst_endpoint":{"hostname":"IP-0ACA0AA5"},"logon_process":{"name":"Advapi","pid":-1},"logon_type":"Batch","logon_type_id":4,"message":"An account was successfully logged on.","metadata":{"event_code":"4624","log_name":"Security","log_provider":"Microsoft-Windows-Security-Auditing","log_version":"2","original_time":"2021-12-02T12:46:44.060578800Z","product":{"feature":{"uid":"{54849625-5478-4994-A5BA-3E3B0328C30D}"},"name":"Microsoft Windows","vendor_name":"Microsoft"},"profiles":["host"],"sequence":280494,"uid":"abd1729864cd8bdd7df052fac2d5942a","version":"1.4.0"},"observables":[{"name":"dst_endpoint","type":"Endpoint","type_id":20},{"name":"dst_endpoint.hostname","type":"Hostname","type_id":1,"value":"IP-0ACA0AA5"},{"name":"device","type":"Endpoint","type_id":20},{"name":"device.hostname","type":"Hostname","type_id":1,"value":"IP-0ACA0AA5"},{"name":"logon_process","type":"Process","type_id":25},{"name":"logon_process.pid","type":"Process ID","type_id":15,"value":"-1"},{"name":"logon_process.name","type":"Process Name","type_id":9,"value":"Advapi"},{"name":"user","type":"User","type_id":21},{"name":"user.account.uid","type":"Account Object: uid","type_id":35,"value":"IP-0ACA0AA5\\s4udummy"},{"name":"user.account.name","type":"Account Object: name","type_id":34,"value":"s4udummy"},{"name":"user.name","type":"User Name","type_id":4,"value":"s4udummy"},{"name":"user.uid","type":"User Object: uid","type_id":31,"value":"IP-0ACA0AA5\\s4udummy"},{"name":"actor.user","type":"User","type_id":21},{"name":"actor.user.name","type":"User Name","type_id":4,"value":"IP-0ACA0AA5$"},{"name":"actor.user.uid","type":"User Object: uid","type_id":31,"value":"NT AUTHORITY\\SYSTEM"},{"name":"actor.user.account.uid","type":"Account Object: uid","type_id":35,"value":"NT AUTHORITY\\SYSTEM"},{"name":"actor.user.account.name","type":"Account Object: name","type_id":34,"value":"IP-0ACA0AA5$"},{"name":"actor.process","type":"Process","type_id":25},{"name":"actor.process.file","type":"File","type_id":24},{"name":"actor.process.file.name","type":"File Name","type_id":7,"value":"svchost.exe"},{"name":"actor.process.pid","type":"Process ID","type_id":15,"value":"448"},{"name":"src_endpoint","type":"Endpoint","type_id":20}],"raw_data":"<Event xmlns='http://schemas.microsoft.com/win/2004/08/events/event'>\n    <System>\n        <Provider Name='Microsoft-Windows-Security-Auditing' Guid='{54849625-5478-4994-A5BA-3E3B0328C30D}'/>\n        <EventID>4624</EventID>\n        <Version>2</Version>\n        <Level>0</Level>\n        <Task>12544</Task>\n        <Opcode>0</Opcode>\n        <Keywords>0x8020000000000000</Keywords>\n        <TimeCreated SystemTime='2021-12-02T12:46:44.060578800Z'/>\n        <EventRecordID>280494</EventRecordID>\n        <Correlation ActivityID='{A712B501-E77A-0000-13B5-12A77AE7D701}'/>\n        <Execution ProcessID='572' ThreadID='612'/>\n        <Channel>Security</Channel>\n        <Computer>IP-0ACA0AA5</Computer>\n        <Security/>\n    </System>\n    <EventData>\n        <Data Name='SubjectUserSid'>NT AUTHORITY\\SYSTEM</Data>\n        <Data Name='SubjectUserName'>IP-0ACA0AA5$</Data>\n        <Data Name='SubjectDomainName'>WORKGROUP</Data>\n        <Data Name='SubjectLogonId'>0x3e7</Data>\n        <Data Name='TargetUserSid'>IP-0ACA0AA5\\s4udummy</Data>\n        <Data Name='TargetUserName'>s4udummy</Data>\n        <Data Name='TargetDomainName'>IP-0ACA0AA5</Data>\n        <Data Name='TargetLogonId'>0x118f5</Data>\n        <Data Name='LogonType'>4</Data>\n        <Data Name='LogonProcessName'>Advapi  </Data>\n        <Data Name='AuthenticationPackageName'>Negotiate</Data>\n        <Data Name='WorkstationName'>IP-0ACA0AA5</Data>\n        <Data Name='LogonGuid'>{00000000-0000-0000-0000-000000000000}</Data>\n        <Data Name='TransmittedServices'>-</Data>\n        <Data Name='LmPackageName'>-</Data>\n        <Data Name='KeyLength'>0</Data>\n        <Data Name='ProcessId'>0x1c0</Data>\n        <Data Name='ProcessName'>C:\\Windows\\System32\\svchost.exe</Data>\n        <Data Name='IpAddress'>-</Data>\n        <Data Name='IpPort'>-</Data>\n        <Data Name='ImpersonationLevel'>%%1833</Data>\n        <Data Name='RestrictedAdminMode'>-</Data>\n        <Data Name='TargetOutboundUserName'>-</Data>\n        <Data Name='TargetOutboundDomainName'>-</Data>\n        <Data Name='VirtualAccount'>%%1843</Data>\n        <Data Name='TargetLinkedLogonId'>0x0</Data>\n        <Data Name='ElevatedToken'>%%1843</Data>\n    </EventData>\n</Event>","session":{"uid":"0x118f5","uuid":"{00000000-0000-0000-0000-000000000000}"},"severity":"Informational","severity_id":1,"src_endpoint":{"name":"IP-0ACA0AA5"},"status":"Success","status_id":1,"time":1638449204060,"type_name":"Authentication: Logon","type_uid":300201,"unmapped":{"Correlation":{"ActivityID":"{A712B501-E77A-0000-13B5-12A77AE7D701}"},"EventData":{"ElevatedToken":"%%1843","ImpersonationLevel":"%%1833","KeyLength":"0","TargetLinkedLogonId":"0x0","VirtualAccount":"%%1843"},"Execution":{"ProcessID":"572","ThreadID":"612"},"Opcode":"0","Task":"12544"},"user":{"account":{"name":"s4udummy","type":"Windows Account","type_id":2,"uid":"IP-0ACA0AA5\\s4udummy"},"domain":"IP-0ACA0AA5","name":"s4udummy","uid":"IP-0ACA0AA5\\s4udummy"}}
{"activity_id":1,"activity_name":"Logon","actor":{"process":{"file":{"name":"services.exe","parent_folder":"C:\\Windows\\System32","path":"C:\\Windows\\System32\\services.exe","type":"Regular File","type_id":1},"pid":564},"session":{"uid":"0x3e7"},"user":{"account":{"name":"IP-0ACA0AA5$","type":"Windows Account","type_id":2,"uid":"NT AUTHORITY\\SYSTEM"},"domain":"WORKGROUP","name":"IP-0ACA0AA5$","uid":"NT AUTHORITY\\SYSTEM"}},"auth_protocol":"Negotiate","auth_protocol_id":99,"category_name":"Identity & Access Management","category_uid":3,"class_name":"Authentication","class_uid":3002,"device":{"hostname":"IP-0ACA0AA5","os":{"name":"Windows","type":"Windows","type_id":100},"type":"Unknown","type_id":0},"dst_endpoint":{"hostname":"IP-0ACA0AA5"},"logon_process":{"name":"Advapi","pid":-1},"logon_type":"OS Service","logon_type_id":5,"message":"An account was successfully logged on.","metadata":{"event_code":"4624","log_name":"Security","log_provider":"Microsoft-Windows-Security-Auditing","log_version":"2","original_time":"2021-12-02T19:27:20.580679000Z","product":{"feature":{"uid":"{54849625-5478-4994-A5BA-3E3B0328C30D}"},"name":"Microsoft Windows","vendor_name":"Microsoft"},"profiles":["host"],"sequence":280542,"uid":"041111174555be17147ac6d9d88f5397","version":"1.4.0"},"observables":[{"name":"device","type":"Endpoint","type_id":20},{"name":"device.hostname","type":"Hostname","type_id":1,"value":"IP-0ACA0AA5"},{"name":"dst_endpoint","type":"Endpoint","type_id":20},{"name":"dst_endpoint.hostname","type":"Hostname","type_id":1,"value":"IP-0ACA0AA5"},{"name":"user","type":"User","type_id":21},{"name":"user.uid","type":"User Object: uid","type_id":31,"value":"NT AUTHORITY\\SYSTEM"},{"name":"user.account.uid","type":"Account Object: uid","type_id":35,"value":"NT AUTHORITY\\SYSTEM"},{"name":"user.account.name","type":"Account Object: name","type_id":34,"value":"SYSTEM"},{"name":"user.name","type":"User Name","type_id":4,"value":"SYSTEM"},{"name":"actor.process","type":"Process","type_id":25},{"name":"actor.process.file","type":"File","type_id":24},{"name":"actor.process.file.name","type":"File Name","type_id":7,"value":"services.exe"},{"name":"actor.process.pid","type":"Process ID","type_id":15,"value":"564"},{"name":"actor.user","type":"User","type_id":21},{"name":"actor.user.account.uid","type":"Account Object: uid","type_id":35,"value":"NT AUTHORITY\\SYSTEM"},{"name":"actor.user.account.name","type":"Account Object: name","type_id":34,"value":"IP-0ACA0AA5$"},{"name":"actor.user.name","type":"User Name","type_id":4,"value":"IP-0ACA0AA5$"},{"name":"actor.user.uid","type":"User Object: uid","type_id":31,"value":"NT AUTHORITY\\SYSTEM"},{"name":"logon_process","type":"Process","type_id":25},{"name":"logon_process.name","type":"Process Name","type_id":9,"value":"Advapi"},{"name":"logon_process.pid","type":"Process ID","type_id":15,"value":"-1"}],"raw_data":"<Event xmlns='http://schemas.microsoft.com/win/2004/08/events/event'>\n    <System>\n        <Provider Name='Microsoft-Windows-Security-Auditing' Guid='{54849625-5478-4994-A5BA-3E3B0328C30D}'/>\n        <EventID>4624</EventID>\n        <Version>2</Version>\n        <Level>0</Level>\n        <Task>12544</Task>\n        <Opcode>0</Opcode>\n        <Keywords>0x8020000000000000</Keywords>\n        <TimeCreated SystemTime='2021-12-02T19:27:20.580679000Z'/>\n        <EventRecordID>280542</EventRecordID>\n        <Correlation ActivityID='{A712B501-E77A-0000-13B5-12A77AE7D701}'/>\n        <Execution ProcessID='572' ThreadID='4884'/>\n        <Channel>Security</Channel>\n        <Computer>IP-0ACA0AA5</Computer>\n        <Security/>\n    </System>\n    <EventData>\n        <Data Name='SubjectUserSid'>NT AUTHORITY\\SYSTEM</Data>\n        <Data Name='SubjectUserName'>IP-0ACA0AA5$</Data>\n        <Data Name='SubjectDomainName'>WORKGROUP</Data>\n        <Data Name='SubjectLogonId'>0x3e7</Data>\n        <Data Name='TargetUserSid'>NT AUTHORITY\\SYSTEM</Data>\n        <Data Name='TargetUserName'>SYSTEM</Data>\n        <Data Name='TargetDomainName'>NT AUTHORITY</Data>\n        <Data Name='TargetLogonId'>0x3e7</Data>\n        <Data Name='LogonType'>5</Data>\n        <Data Name='LogonProcessName'>Advapi  </Data>\n        <Data Name='AuthenticationPackageName'>Negotiate</Data>\n        <Data Name='WorkstationName'>-</Data>\n        <Data Name='LogonGuid'>{00000000-0000-0000-0000-000000000000}</Data>\n        <Data Name='TransmittedServices'>-</Data>\n        <Data Name='LmPackageName'>-</Data>\n        <Data Name='KeyLength'>0</Data>\n        <Data Name='ProcessId'>0x234</Data>\n        <Data Name='ProcessName'>C:\\Windows\\System32\\services.exe</Data>\n        <Data Name='IpAddress'>-</Data>\n        <Data Name='IpPort'>-</Data>\n        <Data Name='ImpersonationLevel'>%%1833</Data>\n        <Data Name='RestrictedAdminMode'>-</Data>\n        <Data Name='TargetOutboundUserName'>-</Data>\n        <Data Name='TargetOutboundDomainName'>-</Data>\n        <Data Name='VirtualAccount'>%%1843</Data>\n        <Data Name='TargetLinkedLogonId'>0x0</Data>\n        <Data Name='ElevatedToken'>%%1842</Data>\n    </EventData>\n</Event>","session":{"uid":"0x3e7","uuid":"{00000000-0000-0000-0000-000000000000}"},"severity":"Informational","severity_id":1,"status":"Success","status_id":1,"time":1638473240580,"type_name":"Authentication: Logon","type_uid":300201,"unmapped":{"Correlation":{"ActivityID":"{A712B501-E77A-0000-13B5-12A77AE7D701}"},"EventData":{"ElevatedToken":"%%1842","ImpersonationLevel":"%%1833","KeyLength":"0","TargetLinkedLogonId":"0x0","VirtualAccount":"%%1843"},"Execution":{"ProcessID":"572","ThreadID":"4884"},"Opcode":"0","Task":"12544"},"user":{"account":{"name":"SYSTEM","type":"Windows Account","type_id":2,"uid":"NT AUTHORITY\\SYSTEM"},"domain":"NT AUTHORITY","name":"SYSTEM","uid":"NT AUTHORITY\\SYSTEM"}}
{"activity_id":1,"activity_name":"Logon","actor":{"process":{"file":{"name":"svchost.exe","parent_folder":"C:\\Windows\\System32","path":"C:\\Windows\\System32\\svchost.exe","type":"Regular File","type_id":1},"pid":448},"session":{"uid":"0x3e7"},"user":{"account":{"name":"IP-0ACA0AA5$","type":"Windows Account","type_id":2,"uid":"NT AUTHORITY\\SYSTEM"},"domain":"WORKGROUP","name":"IP-0ACA0AA5$","uid":"NT AUTHORITY\\SYSTEM"}},"auth_protocol":"Negotiate","auth_protocol_id":99,"category_name":"Identity & Access Management","category_uid":3,"class_name":"Authentication","class_uid":3002,"device":{"hostname":"IP-0ACA0AA5","os":{"name":"Windows","type":"Windows","type_id":100},"type":"Unknown","type_id":0},"dst_endpoint":{"hostname":"IP-0ACA0AA5"},"logon_process":{"name":"User32","pid":-1},"logon_type":"Unlock","logon_type_id":7,"message":"An account was successfully logged on.","metadata":{"event_code":"4624","log_name":"Security","log_provider":"Microsoft-Windows-Security-Auditing","log_version":"2","original_time":"2021-12-02T20:15:37.167330900Z","product":{"feature":{"uid":"{54849625-5478-4994-A5BA-3E3B0328C30D}"},"name":"Microsoft Windows","vendor_name":"Microsoft"},"profiles":["host"],"sequence":280583,"uid":"139fae1254dcca84be197365a2430b8a","version":"1.4.0"},"observables":[{"name":"device","type":"Endpoint","type_id":20},{"name":"device.hostname","type":"Hostname","type_id":1,"value":"IP-0ACA0AA5"},{"name":"dst_endpoint","type":"Endpoint","type_id":20},{"name":"dst_endpoint.hostname","type":"Hostname","type_id":1,"value":"IP-0ACA0AA5"},{"name":"src_endpoint","type":"Endpoint","type_id":20},{"name":"src_endpoint.ip","type":"IP Address","type_id":2,"value":"10.136.158.250"},{"name":"src_endpoint.port","type":"Port","type_id":11,"value":"0"},{"name":"logon_process","type":"Process","type_id":25},{"name":"logon_process.name","type":"Process Name","type_id":9,"value":"User32"},{"name":"logon_process.pid","type":"Process ID","type_id":15,"value":"-1"},{"name":"actor.process","type":"Process","type_id":25},{"name":"actor.process.file","type":"File","type_id":24},{"name":"actor.process.file.name","type":"File Name","type_id":7,"value":"svchost.exe"},{"name":"actor.process.pid","type":"Process ID","type_id":15,"value":"448"},{"name":"actor.user","type":"User","type_id":21},{"name":"actor.user.account.name","type":"Account Object: name","type_id":34,"value":"IP-0ACA0AA5$"},{"name":"actor.user.account.uid","type":"Account Object: uid","type_id":35,"value":"NT AUTHORITY\\SYSTEM"},{"name":"actor.user.name","type":"User Name","type_id":4,"value":"IP-0ACA0AA5$"},{"name":"actor.user.uid","type":"User Object: uid","type_id":31,"value":"NT AUTHORITY\\SYSTEM"},{"name":"user","type":"User","type_id":21},{"name":"user.uid","type":"User Object: uid","type_id":31,"value":"IP-0ACA0AA5\\splunker"},{"name":"user.account.uid","type":"Account Object: uid","type_id":35,"value":"IP-0ACA0AA5\\splunker"},{"name":"user.account.name","type":"Account Object: name","type_id":34,"value":"splunker"},{"name":"user.name","type":"User Name","type_id":4,"value":"splunker"}],"raw_data":"<Event xmlns='http://schemas.microsoft.com/win/2004/08/events/event'>\n    <System>\n        <Provider Name='Microsoft-Windows-Security-Auditing' Guid='{54849625-5478-4994-A5BA-3E3B0328C30D}'/>\n        <EventID>4624</EventID>\n        <Version>2</Version>\n        <Level>0</Level>\n        <Task>12544</Task>\n        <Opcode>0</Opcode>\n        <Keywords>0x8020000000000000</Keywords>\n        <TimeCreated SystemTime='2021-12-02T20:15:37.167330900Z'/>\n        <EventRecordID>280583</EventRecordID>\n        <Correlation ActivityID='{A712B501-E77A-0000-13B5-12A77AE7D701}'/>\n        <Execution ProcessID='572' ThreadID='3444'/>\n        <Channel>Security</Channel>\n        <Computer>IP-0ACA0AA5</Computer>\n        <Security/>\n    </System>\n    <EventData>\n        <Data Name='SubjectUserSid'>NT AUTHORITY\\SYSTEM</Data>\n        <Data Name='SubjectUserName'>IP-0ACA0AA5$</Data>\n        <Data Name='SubjectDomainName'>WORKGROUP</Data>\n        <Data Name='SubjectLogonId'>0x3e7</Data>\n        <Data Name='TargetUserSid'>IP-0ACA0AA5\\splunker</Data>\n        <Data Name='TargetUserName'>splunker</Data>\n        <Data Name='TargetDomainName'>IP-0ACA0AA5</Data>\n        <Data Name='TargetLogonId'>0x427a605</Data>\n        <Data Name='LogonType'>7</Data>\n        <Data Name='LogonProcessName'>User32 </Data>\n        <Data Name='AuthenticationPackageName'>Negotiate</Data>\n        <Data Name='WorkstationName'>IP-0ACA0AA5</Data>\n        <Data Name='LogonGuid'>{00000000-0000-0000-0000-000000000000}</Data>\n        <Data Name='TransmittedServices'>-</Data>\n        <Data Name='LmPackageName'>-</Data>\n        <Data Name='KeyLength'>0</Data>\n        <Data Name='ProcessId'>0x1c0</Data>\n        <Data Name='ProcessName'>C:\\Windows\\System32\\svchost.exe</Data>\n        <Data Name='IpAddress'>10.136.158.250</Data>\n        <Data Name='IpPort'>0</Data>\n        <Data Name='ImpersonationLevel'>%%1833</Data>\n        <Data Name='RestrictedAdminMode'>-</Data>\n        <Data Name='TargetOutboundUserName'>-</Data>\n        <Data Name='TargetOutboundDomainName'>-</Data>\n        <Data Name='VirtualAccount'>%%1843</Data>\n        <Data Name='TargetLinkedLogonId'>0x427a5e5</Data>\n        <Data Name='ElevatedToken'>%%1843</Data>\n    </EventData>\n</Event>","session":{"uid":"0x427a605","uuid":"{00000000-0000-0000-0000-000000000000}"},"severity":"Informational","severity_id":1,"src_endpoint":{"ip":"10.136.158.250","name":"IP-0ACA0AA5","port":0},"status":"Success","status_id":1,"time":1638476137167,"type_name":"Authentication: Logon","type_uid":300201,"unmapped":{"Correlation":{"ActivityID":"{A712B501-E77A-0000-13B5-12A77AE7D701}"},"EventData":{"ElevatedToken":"%%1843","ImpersonationLevel":"%%1833","KeyLength":"0","TargetLinkedLogonId":"0x427a5e5","VirtualAccount":"%%1843"},"Execution":{"ProcessID":"572","ThreadID":"3444"},"Opcode":"0","Task":"12544"},"user":{"account":{"name":"splunker","type":"Windows Account","type_id":2,"uid":"IP-0ACA0AA5\\splunker"},"domain":"IP-0ACA0AA5","name":"splunker","uid":"IP-0ACA0AA5\\splunker"}}
{"activity_id":1,"activity_name":"Logon","actor":{"process":{"file":{"name":"w3wp.exe","parent_folder":"C:\\Windows\\System32\\inetsrv","path":"C:\\Windows\\System32\\inetsrv\\w3wp.exe","type":"Regular File","type_id":1},"pid":1868},"session":{"uid":"0x454d284"},"user":{"account":{"name":"DefaultAppPool","type":"Windows Account","type_id":2,"uid":"IIS APPPOOL\\DefaultAppPool"},"domain":"IIS APPPOOL","name":"DefaultAppPool","uid":"IIS APPPOOL\\DefaultAppPool"}},"auth_protocol":"Negotiate","auth_protocol_id":99,"category_name":"Identity & Access Management","category_uid":3,"class_name":"Authentication","class_uid":3002,"device":{"hostname":"IP-0ACA0AA5","os":{"name":"Windows","type":"Windows","type_id":100},"type":"Unknown","type_id":0},"dst_endpoint":{"hostname":"IP-0ACA0AA5"},"logon_process":{"name":"Advapi","pid":-1},"logon_type":"Network Cleartext","logon_type_id":8,"message":"An account was successfully logged on.","metadata":{"event_code":"4624","log_name":"Security","log_provider":"Microsoft-Windows-Security-Auditing","log_version":"2","original_time":"2021-12-02T20:31:10.112679200Z","product":{"feature":{"uid":"{54849625-5478-4994-A5BA-3E3B0328C30D}"},"name":"Microsoft Windows","vendor_name":"Microsoft"},"profiles":["host"],"sequence":280864,"uid":"90b5e1aac54e94fe8276f4f410042572","version":"1.4.0"},"observables":[{"name":"dst_endpoint","type":"Endpoint","type_id":20},{"name":"dst_endpoint.hostname","type":"Hostname","type_id":1,"value":"IP-0ACA0AA5"},{"name":"actor.process","type":"Process","type_id":25},{"name":"actor.process.file","type":"File","type_id":24},{"name":"actor.process.file.name","type":"File Name","type_id":7,"value":"w3wp.exe"},{"name":"actor.process.pid","type":"Process ID","type_id":15,"value":"1868"},{"name":"actor.user","type":"User","type_id":21},{"name":"actor.user.account.uid","type":"Account Object: uid","type_id":35,"value":"IIS APPPOOL\\DefaultAppPool"},{"name":"actor.user.account.name","type":"Account Object: name","type_id":34,"value":"DefaultAppPool"},{"name":"actor.user.name","type":"User Name","type_id":4,"value":"DefaultAppPool"},{"name":"actor.user.uid","type":"User Object: uid","type_id":31,"value":"IIS APPPOOL\\DefaultAppPool"},{"name":"logon_process","type":"Process","type_id":25},{"name":"logon_process.name","type":"Process Name","type_id":9,"value":"Advapi"},{"name":"logon_process.pid","type":"Process ID","type_id":15,"value":"-1"},{"name":"device","type":"Endpoint","type_id":20},{"name":"device.hostname","type":"Hostname","type_id":1,"value":"IP-0ACA0AA5"},{"name":"src_endpoint","type":"Endpoint","type_id":20},{"name":"src_endpoint.ip","type":"IP Address","type_id":2,"value":"::1"},{"name":"src_endpoint.port","type":"Port","type_id":11,"value":"57260"},{"name":"user","type":"User","type_id":21},{"name":"user.account.uid","type":"Account Object: uid","type_id":35,"value":"IP-0ACA0AA5\\splunker"},{"name":"user.account.name","type":"Account Object: name","type_id":34,"value":"splunker"},{"name":"user.name","type":"User Name","type_id":4,"value":"splunker"},{"name":"user.uid","type":"User Object: uid","type_id":31,"value":"IP-0ACA0AA5\\splunker"}],"raw_data":"<Event xmlns='http://schemas.microsoft.com/win/2004/08/events/event'>\n    <System>\n        <Provider Name='Microsoft-Windows-Security-Auditing' Guid='{54849625-5478-4994-A5BA-3E3B0328C30D}'/>\n        <EventID>4624</EventID>\n        <Version>2</Version>\n        <Level>0</Level>\n        <Task>12544</Task>\n        <Opcode>0</Opcode>\n        <Keywords>0x8020000000000000</Keywords>\n        <TimeCreated SystemTime='2021-12-02T20:31:10.112679200Z'/>\n        <EventRecordID>280864</EventRecordID>\n        <Correlation ActivityID='{A712B501-E77A-0000-13B5-12A77AE7D701}'/>\n        <Execution ProcessID='572' ThreadID='6720'/>\n        <Channel>Security</Channel>\n        <Computer>IP-0ACA0AA5</Computer>\n        <Security/>\n    </System>\n    <EventData>\n        <Data Name='SubjectUserSid'>IIS APPPOOL\\DefaultAppPool</Data>\n        <Data Name='SubjectUserName'>DefaultAppPool</Data>\n        <Data Name='SubjectDomainName'>IIS APPPOOL</Data>\n        <Data Name='SubjectLogonId'>0x454d284</Data>\n        <Data Name='TargetUserSid'>IP-0ACA0AA5\\splunker</Data>\n        <Data Name='TargetUserName'>splunker</Data>\n        <Data Name='TargetDomainName'>IP-0ACA0AA5</Data>\n        <Data Name='TargetLogonId'>0x458eda0</Data>\n        <Data Name='LogonType'>8</Data>\n        <Data Name='LogonProcessName'>Advapi  </Data>\n        <Data Name='AuthenticationPackageName'>Negotiate</Data>\n        <Data Name='WorkstationName'>IP-0ACA0AA5</Data>\n        <Data Name='LogonGuid'>{00000000-0000-0000-0000-000000000000}</Data>\n        <Data Name='TransmittedServices'>-</Data>\n        <Data Name='LmPackageName'>-</Data>\n        <Data Name='KeyLength'>0</Data>\n        <Data Name='ProcessId'>0x74c</Data>\n        <Data Name='ProcessName'>C:\\Windows\\System32\\inetsrv\\w3wp.exe</Data>\n        <Data Name='IpAddress'>::1</Data>\n        <Data Name='IpPort'>57260</Data>\n        <Data Name='ImpersonationLevel'>%%1833</Data>\n        <Data Name='RestrictedAdminMode'>-</Data>\n        <Data Name='TargetOutboundUserName'>-</Data>\n        <Data Name='TargetOutboundDomainName'>-</Data>\n        <Data Name='VirtualAccount'>%%1843</Data>\n        <Data Name='TargetLinkedLogonId'>0x0</Data>\n        <Data Name='ElevatedToken'>%%1842</Data>\n    </EventData>\n</Event>","session":{"uid":"0x458eda0","uuid":"{00000000-0000-0000-0000-000000000000}"},"severity":"Informational","severity_id":1,"src_endpoint":{"ip":"::1","name":"IP-0ACA0AA5","port":57260},"status":"Success","status_id":1,"time":1638477070112,"type_name":"Authentication: Logon","type_uid":300201,"unmapped":{"Correlation":{"ActivityID":"{A712B501-E77A-0000-13B5-12A77AE7D701}"},"EventData":{"ElevatedToken":"%%1842","ImpersonationLevel":"%%1833","KeyLength":"0","TargetLinkedLogonId":"0x0","VirtualAccount":"%%1843"},"Execution":{"ProcessID":"572","ThreadID":"6720"},"Opcode":"0","Task":"12544"},"user":{"account":{"name":"splunker","type":"Windows Account","type_id":2,"uid":"IP-0ACA0AA5\\splunker"},"domain":"IP-0ACA0AA5","name":"splunker","uid":"IP-0ACA0AA5\\splunker"}}
{"activity_id":1,"activity_name":"Logon","actor":{"process":{"file":{"name":"svchost.exe","parent_folder":"C:\\Windows\\System32","path":"C:\\Windows\\System32\\svchost.exe","type":"Regular File","type_id":1},"pid":632},"session":{"uid":"0x237cc89"},"user":{"account":{"name":"splunker","type":"Windows Account","type_id":2,"uid":"IP-0ACA0AA5\\splunker"},"domain":"IP-0ACA0AA5","name":"splunker","uid":"IP-0ACA0AA5\\splunker"}},"auth_protocol":"Negotiate","auth_protocol_id":99,"category_name":"Identity & Access Management","category_uid":3,"class_name":"Authentication","class_uid":3002,"device":{"hostname":"IP-0ACA0AA5","os":{"name":"Windows","type":"Windows","type_id":100},"type":"Unknown","type_id":0},"dst_endpoint":{"hostname":"IP-0ACA0AA5"},"logon_process":{"name":"seclogo","pid":-1},"logon_type":"New Credentials","logon_type_id":9,"message":"An account was successfully logged on.","metadata":{"event_code":"4624","log_name":"Security","log_provider":"Microsoft-Windows-Security-Auditing","log_version":"2","original_time":"2021-12-03T19:17:54.688809600Z","product":{"feature":{"uid":"{54849625-5478-4994-A5BA-3E3B0328C30D}"},"name":"Microsoft Windows","vendor_name":"Microsoft"},"profiles":["host"],"sequence":281143,"uid":"c6aaec3e5cd875215a0eba515d52c051","version":"1.4.0"},"observables":[{"name":"dst_endpoint","type":"Endpoint","type_id":20},{"name":"dst_endpoint.hostname","type":"Hostname","type_id":1,"value":"IP-0ACA0AA5"},{"name":"logon_process","type":"Process","type_id":25},{"name":"logon_process.pid","type":"Process ID","type_id":15,"value":"-1"},{"name":"logon_process.name","type":"Process Name","type_id":9,"value":"seclogo"},{"name":"actor.process","type":"Process","type_id":25},{"name":"actor.process.file","type":"File","type_id":24},{"name":"actor.process.file.name","type":"File Name","type_id":7,"value":"svchost.exe"},{"name":"actor.process.pid","type":"Process ID","type_id":15,"value":"632"},{"name":"actor.user","type":"User","type_id":21},{"name":"actor.user.account.name","type":"Account Object: name","type_id":34,"value":"splunker"},{"name":"actor.user.account.uid","type":"Account Object: uid","type_id":35,"value":"IP-0ACA0AA5\\splunker"},{"name":"actor.user.name","type":"User Name","type_id":4,"value":"splunker"},{"name":"actor.user.uid","type":"User Object: uid","type_id":31,"value":"IP-0ACA0AA5\\splunker"},{"name":"user","type":"User","type_id":21},{"name":"user.account.uid","type":"Account Object: uid","type_id":35,"value":"IP-0ACA0AA5\\splunker"},{"name":"user.account.name","type":"Account Object: name","type_id":34,"value":"splunker"},{"name":"user.name","type":"User Name","type_id":4,"value":"splunker"},{"name":"user.uid","type":"User Object: uid","type_id":31,"value":"IP-0ACA0AA5\\splunker"},{"name":"src_endpoint","type":"Endpoint","type_id":20},{"name":"src_endpoint.ip","type":"IP Address","type_id":2,"value":"::1"},{"name":"src_endpoint.port","type":"Port","type_id":11,"value":"0"},{"name":"device","type":"Endpoint","type_id":20},{"name":"device.hostname","type":"Hostname","type_id":1,"value":"IP-0ACA0AA5"}],"raw_data":"<Event xmlns='http://schemas.microsoft.com/win/2004/08/events/event'>\n    <System>\n        <Provider Name='Microsoft-Windows-Security-Auditing' Guid='{54849625-5478-4994-A5BA-3E3B0328C30D}'/>\n        <EventID>4624</EventID>\n        <Version>2</Version>\n        <Level>0</Level>\n        <Task>12544</Task>\n        <Opcode>0</Opcode>\n        <Keywords>0x8020000000000000</Keywords>\n        <TimeCreated SystemTime='2021-12-03T19:17:54.688809600Z'/>\n        <EventRecordID>281143</EventRecordID>\n        <Correlation ActivityID='{D4776606-E843-0001-1B66-77D443E8D701}'/>\n        <Execution ProcessID='560' ThreadID='1056'/>\n        <Channel>Security</Channel>\n        <Computer>IP-0ACA0AA5</Computer>\n        <Security/>\n    </System>\n    <EventData>\n        <Data Name='SubjectUserSid'>IP-0ACA0AA5\\splunker</Data>\n        <Data Name='SubjectUserName'>splunker</Data>\n        <Data Name='SubjectDomainName'>IP-0ACA0AA5</Data>\n        <Data Name='SubjectLogonId'>0x237cc89</Data>\n        <Data Name='TargetUserSid'>IP-0ACA0AA5\\splunker</Data>\n        <Data Name='TargetUserName'>splunker</Data>\n        <Data Name='TargetDomainName'>IP-0ACA0AA5</Data>\n        <Data Name='TargetLogonId'>0x2f27612</Data>\n        <Data Name='LogonType'>9</Data>\n        <Data Name='LogonProcessName'>seclogo</Data>\n        <Data Name='AuthenticationPackageName'>Negotiate</Data>\n        <Data Name='WorkstationName'>-</Data>\n        <Data Name='LogonGuid'>{00000000-0000-0000-0000-000000000000}</Data>\n        <Data Name='TransmittedServices'>-</Data>\n        <Data Name='LmPackageName'>-</Data>\n        <Data Name='KeyLength'>0</Data>\n        <Data Name='ProcessId'>0x278</Data>\n        <Data Name='ProcessName'>C:\\Windows\\System32\\svchost.exe</Data>\n        <Data Name='IpAddress'>::1</Data>\n        <Data Name='IpPort'>0</Data>\n        <Data Name='ImpersonationLevel'>%%1833</Data>\n        <Data Name='RestrictedAdminMode'>-</Data>\n        <Data Name='TargetOutboundUserName'>mike</Data>\n        <Data Name='TargetOutboundDomainName'>IP-0ACA028F</Data>\n        <Data Name='VirtualAccount'>%%1843</Data>\n        <Data Name='TargetLinkedLogonId'>0x0</Data>\n        <Data Name='ElevatedToken'>%%1843</Data>\n    </EventData>\n</Event>","session":{"uid":"0x2f27612","uuid":"{00000000-0000-0000-0000-000000000000}"},"severity":"Informational","severity_id":1,"src_endpoint":{"ip":"::1","port":0},"status":"Success","status_id":1,"time":1638559074688,"type_name":"Authentication: Logon","type_uid":300201,"unmapped":{"Correlation":{"ActivityID":"{D4776606-E843-0001-1B66-77D443E8D701}"},"EventData":{"ElevatedToken":"%%1843","ImpersonationLevel":"%%1833","KeyLength":"0","TargetLinkedLogonId":"0x0","TargetOutboundDomainName":"IP-0ACA028F","TargetOutboundUserName":"mike","VirtualAccount":"%%1843"},"Execution":{"ProcessID":"560","ThreadID":"1056"},"Opcode":"0","Task":"12544"},"user":{"account":{"name":"splunker","type":"Windows Account","type_id":2,"uid":"IP-0ACA0AA5\\splunker"},"domain":"IP-0ACA0AA5","name":"splunker","uid":"IP-0ACA0AA5\\splunker"}}
{"activity_id":1,"activity_name":"Logon","actor":{"process":{"pid":0},"session":{"uid":"0x0"},"user":{"account":{"name":"Aa-Bb","type":"Windows Account","type_id":2,"uid":"NULL SID"},"name":"Aa-Bb","uid":"NULL SID"}},"auth_protocol":"Kerberos","auth_protocol_id":2,"category_name":"Identity & Access Management","category_uid":3,"class_name":"Authentication","class_uid":3002,"device":{"hostname":"ta-dc-w2016.crest-2012r2.com","os":{"name":"Windows","type":"Windows","type_id":100},"type":"Unknown","type_id":0},"dst_endpoint":{"hostname":"ta-dc-w2016.crest-2012r2.com"},"logon_process":{"name":"Kerberos","pid":-1},"logon_type":"Network","logon_type_id":3,"message":"An account was successfully logged on.","metadata":{"event_code":"4624","log_name":"Security","log_provider":"Microsoft-Windows-Security-Auditing","log_version":"2","original_time":"2020-09-22T09:22:54.268295200Z","product":{"feature":{"uid":"{54849625-5478-4994-A5BA-3E3B0328C30D}"},"name":"Microsoft Windows","vendor_name":"Microsoft"},"profiles":["host"],"sequence":12138030,"uid":"093318700d5ed2f65cd88f6e81a40b48","version":"1.4.0"},"observables":[{"name":"logon_process","type":"Process","type_id":25},{"name":"logon_process.name","type":"Process Name","type_id":9,"value":"Kerberos"},{"name":"logon_process.pid","type":"Process ID","type_id":15,"value":"-1"},{"name":"user","type":"User","type_id":21},{"name":"user.account.uid","type":"Account Object: uid","type_id":35,"value":"CREST-2012R2\\TA-DC-W2012R2$"},{"name":"user.account.name","type":"Account Object: name","type_id":34,"value":"TA-DC-W2012R2$"},{"name":"user.name","type":"User Name","type_id":4,"value":"TA-DC-W2012R2$"},{"name":"user.uid","type":"User Object: uid","type_id":31,"value":"CREST-2012R2\\TA-DC-W2012R2$"},{"name":"dst_endpoint","type":"Endpoint","type_id":20},{"name":"dst_endpoint.hostname","type":"Hostname","type_id":1,"value":"ta-dc-w2016.crest-2012r2.com"},{"name":"device","type":"Endpoint","type_id":20},{"name":"device.hostname","type":"Hostname","type_id":1,"value":"ta-dc-w2016.crest-2012r2.com"},{"name":"actor.process","type":"Process","type_id":25},{"name":"actor.process.pid","type":"Process ID","type_id":15,"value":"0"},{"name":"actor.user","type":"User","type_id":21},{"name":"actor.user.account.uid","type":"Account Object: uid","type_id":35,"value":"NULL SID"},{"name":"actor.user.account.name","type":"Account Object: name","type_id":34,"value":"Aa-Bb"},{"name":"actor.user.name","type":"User Name","type_id":4,"value":"Aa-Bb"},{"name":"actor.user.uid","type":"User Object: uid","type_id":31,"value":"NULL SID"},{"name":"src_endpoint","type":"Endpoint","type_id":20},{"name":"src_endpoint.ip","type":"IP Address","type_id":2,"value":"10.141.36.87"},{"name":"src_endpoint.port","type":"Port","type_id":11,"value":"59116"}],"raw_data":"<?xml version=\"1.0\" encoding=\"UTF-8\"?>\n<Event xmlns=\"http://schemas.microsoft.com/win/2004/08/events/event\">\n   <System>\n      <Provider Name=\"Microsoft-Windows-Security-Auditing\" Guid=\"{54849625-5478-4994-A5BA-3E3B0328C30D}\" />\n      <EventID>4624</EventID>\n      <Version>2</Version>\n      <Level>0</Level>\n      <Task>12544</Task>\n      <Opcode>0</Opcode>\n      <Keywords>0x8020000000000000</Keywords>\n      <TimeCreated SystemTime=\"2020-09-22T09:22:54.268295200Z\" />\n      <EventRecordID>12138030</EventRecordID>\n      <Correlation ActivityID=\"{C31DFEBE-8DAB-000B-BFFE-1DC3AB8DD601}\" />\n      <Execution ProcessID=\"724\" ThreadID=\"3656\" />\n      <Channel>Security</Channel>\n      <Computer>ta-dc-w2016.crest-2012r2.com</Computer>\n      <Security />\n      <TargetUserSid>test</TargetUserSid>\n   </System>\n   <EventData>\n      <Data Name=\"SubjectUserSid\">NULL SID</Data>\n      <Data Name=\"SubjectUserName\">Aa-Bb</Data>\n      <Data Name=\"SubjectDomainName\">-</Data>\n      <Data Name=\"SubjectLogonId\">0x0</Data>\n      <Data Name=\"TargetUserSid\">CREST-2012R2\\TA-DC-W2012R2$</Data>\n      <Data Name=\"TargetUserName\">TA-DC-W2012R2$</Data>\n      <Data Name=\"TargetDomainName\">CREST-2012R2.COM</Data>\n      <Data Name=\"TargetLogonId\">0x19b0004d</Data>\n      <Data Name=\"LogonType\">3</Data>\n      <Data Name=\"LogonProcessName\">Kerberos</Data>\n      <Data Name=\"AuthenticationPackageName\">Kerberos</Data>\n      <Data Name=\"WorkstationName\" />\n      <Data Name=\"LogonGuid\">{88A766D5-5207-DBD6-8A42-FBEF1D9BB821}</Data>\n      <Data Name=\"TransmittedServices\">-</Data>\n      <Data Name=\"LmPackageName\">-</Data>\n      <Data Name=\"KeyLength\">0</Data>\n      <Data Name=\"ProcessId\">0x0</Data>\n      <Data Name=\"ProcessName\">-</Data>\n      <Data Name=\"IpAddress\">10.141.36.87</Data>\n      <Data Name=\"IpPort\">59116</Data>\n      <Data Name=\"ImpersonationLevel\">%%1833</Data>\n      <Data Name=\"RestrictedAdminMode\">-</Data>\n      <Data Name=\"TargetOutboundUserName\">-</Data>\n      <Data Name=\"TargetOutboundDomainName\">-</Data>\n      <Data Name=\"VirtualAccount\">%%1843</Data>\n      <Data Name=\"TargetLinkedLogonId\">0x0</Data>\n      <Data Name=\"ElevatedToken\">%%1842</Data>\n   </EventData>\n</Event>","session":{"uid":"0x19b0004d","uuid":"{88A766D5-5207-DBD6-8A42-FBEF1D9BB821}"},"severity":"Informational","severity_id":1,"src_endpoint":{"ip":"10.141.36.87","port":59116},"status":"Success","status_id":1,"time":1600766574268,"type_name":"Authentication: Logon","type_uid":300201,"unmapped":{"Correlation":{"ActivityID":"{C31DFEBE-8DAB-000B-BFFE-1DC3AB8DD601}"},"EventData":{"ElevatedToken":"%%1842","ImpersonationLevel":"%%1833","KeyLength":"0","TargetLinkedLogonId":"0x0","VirtualAccount":"%%1843"},"Execution":{"ProcessID":"724","ThreadID":"3656"},"Opcode":"0","TargetUserSid":"test","Task":"12544"},"user":{"account":{"name":"TA-DC-W2012R2$","type":"Windows Account","type_id":2,"uid":"CREST-2012R2\\TA-DC-W2012R2$"},"domain":"CREST-2012R2.COM","name":"TA-DC-W2012R2$","uid":"CREST-2012R2\\TA-DC-W2012R2$"}}
