{"activity_id":1,"activity_name":"Logon","actor":{"process":{"file":{"name":"winlogon.exe","parent_folder":"C:\\Windows\\System32","path":"C:\\Windows\\System32\\winlogon.exe","type":"Regular File","type_id":1},"pid":444},"session":{"uid":"0x3e7"},"user":{"account":{"name":"DC01$","type":"Windows Account","type_id":2,"uid":"S-1-5-18"},"domain":"CONTOSO","name":"DC01$","uid":"S-1-5-18"}},"auth_protocol":"Negotiate","auth_protocol_id":99,"category_name":"Identity & Access Management","category_uid":3,"class_name":"Authentication","class_uid":3002,"device":{"hostname":"DC01.contoso.local","os":{"name":"Windows","type":"Windows","type_id":100},"type":"Unknown","type_id":0},"dst_endpoint":{"hostname":"DC01.contoso.local"},"logon_process":{"name":"User32","pid":-1},"logon_type":"Interactive","logon_type_id":2,"message":"An account failed to log on.","metadata":{"event_code":"4625","log_name":"Security","log_provider":"Microsoft-Windows-Security-Auditing","log_version":"0","original_time":"2015-09-08T22:54:54.962511700Z","product":{"feature":{"uid":"{54849625-5478-4994-A5BA-3E3B0328C30D}"},"name":"Microsoft Windows","vendor_name":"Microsoft"},"profiles":["host"],"sequence":229977,"uid":"9a4cc442436e4382b527ad6c44b7ec05","version":"1.4.0"},"observables":[{"name":"logon_process","type":"Process","type_id":25},{"name":"logon_process.pid","type":"Process ID","type_id":15,"value":"-1"},{"name":"logon_process.name","type":"Process Name","type_id":9,"value":"User32"},{"name":"src_endpoint","type":"Endpoint","type_id":20},{"name":"src_endpoint.ip","type":"IP Address","type_id":2,"value":"127.0.0.1"},{"name":"src_endpoint.port","type":"Port","type_id":11,"value":"0"},{"name":"user","type":"User","type_id":21},{"name":"user.account.uid","type":"Account Object: uid","type_id":35,"value":"S-1-0-0"},{"name":"user.account.name","type":"Account Object: name","type_id":34,"value":"Auditor"},{"name":"user.name","type":"User Name","type_id":4,"value":"Auditor"},{"name":"user.uid","type":"User Object: uid","type_id":31,"value":"S-1-0-0"},{"name":"dst_endpoint","type":"Endpoint","type_id":20},{"name":"dst_endpoint.hostname","type":"Hostname","type_id":1,"value":"DC01.contoso.local"},{"name":"actor.process","type":"Process","type_id":25},{"name":"actor.process.file","type":"File","type_id":24},{"name":"actor.process.file.name","type":"File Name","type_id":7,"value":"winlogon.exe"},{"name":"actor.process.pid","type":"Process ID","type_id":15,"value":"444"},{"name":"actor.user","type":"User","type_id":21},{"name":"actor.user.account.uid","type":"Account Object: uid","type_id":35,"value":"S-1-5-18"},{"name":"actor.user.account.name","type":"Account Object: name","type_id":34,"value":"DC01$"},{"name":"actor.user.name","type":"User Name","type_id":4,"value":"DC01$"},{"name":"actor.user.uid","type":"User Object: uid","type_id":31,"value":"S-1-5-18"},{"name":"device","type":"Endpoint","type_id":20},{"name":"device.hostname","type":"Hostname","type_id":1,"value":"DC01.contoso.local"}],"raw_data":"<Event xmlns=\"http://schemas.microsoft.com/win/2004/08/events/event\">\n   <System>\n      <Provider Name=\"Microsoft-Windows-Security-Auditing\" Guid=\"{54849625-5478-4994-A5BA-3E3B0328C30D}\" />\n      <EventID>4625</EventID>\n      <Version>0</Version>\n      <Level>0</Level>\n      <Task>12546</Task>\n      <Opcode>0</Opcode>\n      <Keywords>0x8010000000000000</Keywords>\n      <TimeCreated SystemTime=\"2015-09-08T22:54:54.962511700Z\" />\n      <EventRecordID>229977</EventRecordID>\n      <Correlation />\n      <Execution ProcessID=\"516\" ThreadID=\"3240\" />\n      <Channel>Security</Channel>\n      <Computer>DC01.contoso.local</Computer>\n      <Security />\n   </System>\n   <EventData>\n      <Data Name=\"SubjectUserSid\">S-1-5-18</Data>\n      <Data Name=\"SubjectUserName\">DC01$</Data>\n      <Data Name=\"SubjectDomainName\">CONTOSO</Data>\n      <Data Name=\"SubjectLogonId\">0x3e7</Data>\n      <Data Name=\"TargetUserSid\">S-1-0-0</Data>\n      <Data Name=\"TargetUserName\">Auditor</Data>\n      <Data Name=\"TargetDomainName\">CONTOSO</Data>\n      <Data Name=\"Status\">0xc0000234</Data>\n      <Data Name=\"FailureReason\">%%2307</Data>\n      <Data Name=\"SubStatus\">0x0</Data>\n      <Data Name=\"LogonType\">2</Data>\n      <Data Name=\"LogonProcessName\">User32</Data>\n      <Data Name=\"AuthenticationPackageName\">Negotiate</Data>\n      <Data Name=\"WorkstationName\">DC01</Data>\n      <Data Name=\"TransmittedServices\">-</Data>\n      <Data Name=\"LmPackageName\">-</Data>\n      <Data Name=\"KeyLength\">0</Data>\n      <Data Name=\"ProcessId\">0x1bc</Data>\n      <Data Name=\"ProcessName\">C:\\Windows\\System32\\winlogon.exe</Data>\n      <Data Name=\"IpAddress\">127.0.0.1</Data>\n      <Data Name=\"IpPort\">0</Data>\n   </EventData>\n</Event>","severity":"Informational","severity_id":1,"src_endpoint":{"ip":"127.0.0.1","name":"DC01","port":0},"status":"Failure","status_code":"0xc0000234","status_detail":"%%2307","status_id":2,"time":1441752894962,"type_name":"Authentication: Logon","type_uid":300201,"unmapped":{"EventData":{"KeyLength":"0","SubStatus":"0x0"},"Execution":{"ProcessID":"516","ThreadID":"3240"},"Opcode":"0","Task":"12546"},"user":{"account":{"name":"Auditor","type":"Windows Account","type_id":2,"uid":"S-1-0-0"},"domain":"CONTOSO","name":"Auditor","uid":"S-1-0-0"}}
{"activity_id":1,"activity_name":"Logon","actor":{"process":{"file":{"name":"synchronous.exe","parent_folder":"C:\\NonZero\\SumGame","path":"C:\\NonZero\\SumGame\\synchronous.exe","type":"Regular File","type_id":1},"pid":444},"session":{"uid":"0x3e7"},"user":{"account":{"name":"LAGRANGIAN5$","type":"Windows Account","type_id":2,"uid":"S-1-5-18"},"domain":"LAGRANGIAN","name":"LAGRANGIAN5$","uid":"S-1-5-18"}},"auth_protocol":"Negotiate","auth_protocol_id":99,"category_name":"Identity & Access Management","category_uid":3,"class_name":"Authentication","class_uid":3002,"device":{"hostname":"LagrangianMechanics5.Lagrangian.local","os":{"name":"Windows","type":"Windows","type_id":100},"type":"Unknown","type_id":0},"dst_endpoint":{"hostname":"LagrangianMechanics5.Lagrangian.local"},"logon_process":{"name":"User32","pid":-1},"logon_type":"Interactive","logon_type_id":2,"message":"An account failed to log on.","metadata":{"event_code":"4625","log_name":"Security","log_provider":"Microsoft-Windows-Security-Auditing","log_version":"0","original_time":"2015-09-08T22:54:54.962511700Z","product":{"feature":{"uid":"{54849625-5478-4994-A5BA-3E3B0328C30D}"},"name":"Microsoft Windows","vendor_name":"Microsoft"},"profiles":["host"],"sequence":229977,"uid":"3873a347bae8d016c30f9b534f79ed3a","version":"1.4.0"},"observables":[{"name":"device","type":"Endpoint","type_id":20},{"name":"device.hostname","type":"Hostname","type_id":1,"value":"LagrangianMechanics5.Lagrangian.local"},{"name":"src_endpoint","type":"Endpoint","type_id":20},{"name":"src_endpoint.ip","type":"IP Address","type_id":2,"value":"127.0.0.1"},{"name":"src_endpoint.port","type":"Port","type_id":11,"value":"0"},{"name":"dst_endpoint","type":"Endpoint","type_id":20},{"name":"dst_endpoint.hostname","type":"Hostname","type_id":1,"value":"LagrangianMechanics5.Lagrangian.local"},{"name":"actor.process","type":"Process","type_id":25},{"name":"actor.process.file","type":"File","type_id":24},{"name":"actor.process.file.name","type":"File Name","type_id":7,"value":"synchronous.exe"},{"name":"actor.process.pid","type":"Process ID","type_id":15,"value":"444"},{"name":"actor.user","type":"User","type_id":21},{"name":"actor.user.account.name","type":"Account Object: name","type_id":34,"value":"LAGRANGIAN5$"},{"name":"actor.user.account.uid","type":"Account Object: uid","type_id":35,"value":"S-1-5-18"},{"name":"actor.user.name","type":"User Name","type_id":4,"value":"LAGRANGIAN5$"},{"name":"actor.user.uid","type":"User Object: uid","type_id":31,"value":"S-1-5-18"},{"name":"logon_process","type":"Process","type_id":25},{"name":"logon_process.name","type":"Process Name","type_id":9,"value":"User32"},{"name":"logon_process.pid","type":"Process ID","type_id":15,"value":"-1"},{"name":"user","type":"User","type_id":21},{"name":"user.uid","type":"User Object: uid","type_id":31,"value":"S-1-0-0"},{"name":"user.account.uid","type":"Account Object: uid","type_id":35,"value":"S-1-0-0"},{"name":"user.account.name","type":"Account Object: name","type_id":34,"value":"Heptapod"},{"name":"user.name","type":"User Name","type_id":4,"value":"Heptapod"}],"raw_data":"<Event xmlns=\"http://schemas.microsoft.com/win/2004/08/events/event\">\n   <System>\n      <Provider Name=\"Microsoft-Windows-Security-Auditing\" Guid=\"{54849625-5478-4994-A5BA-3E3B0328C30D}\" />\n      <EventID>4625</EventID>\n      <Version>0</Version>\n      <Level>0</Level>\n      <Task>12546</Task>\n      <Opcode>0</Opcode>\n      <Keywords>0x8010000000000000</Keywords>\n      <TimeCreated SystemTime=\"2015-09-08T22:54:54.962511700Z\" />\n      <EventRecordID>229977</EventRecordID>\n      <Correlation />\n      <Execution ProcessID=\"516\" ThreadID=\"3240\" />\n      <Channel>Security</Channel>\n      <Computer>LagrangianMechanics5.Lagrangian.local</Computer>\n      <Security />\n   </System>\n   <EventData>\n      <Data Name=\"SubjectUserSid\">S-1-5-18</Data>\n      <Data Name=\"SubjectUserName\">LAGRANGIAN5$</Data>\n      <Data Name=\"SubjectDomainName\">LAGRANGIAN</Data>\n      <Data Name=\"SubjectLogonId\">0x3e7</Data>\n      <Data Name=\"TargetUserSid\">S-1-0-0</Data>\n      <Data Name=\"TargetUserName\">Heptapod</Data>\n      <Data Name=\"TargetDomainName\">LAGRANGIAN5</Data>\n      <Data Name=\"Status\">0xc0000234</Data>\n      <Data Name=\"FailureReason\">%%2307</Data>\n      <Data Name=\"SubStatus\">0x0</Data>\n      <Data Name=\"LogonType\">2</Data>\n      <Data Name=\"LogonProcessName\">User32</Data>\n      <Data Name=\"AuthenticationPackageName\">Negotiate</Data>\n      <Data Name=\"WorkstationName\">LAGRANGIAN5</Data>\n      <Data Name=\"TransmittedServices\">-</Data>\n      <Data Name=\"LmPackageName\">-</Data>\n      <Data Name=\"KeyLength\">0</Data>\n      <Data Name=\"ProcessId\">0x1bc</Data>\n      <Data Name=\"ProcessName\">C:\\NonZero\\SumGame\\synchronous.exe</Data>\n      <Data Name=\"IpAddress\">127.0.0.1</Data>\n      <Data Name=\"IpPort\">0</Data>\n   </EventData>\n</Event>","severity":"Informational","severity_id":1,"src_endpoint":{"ip":"127.0.0.1","name":"LAGRANGIAN5","port":0},"status":"Failure","status_code":"0xc0000234","status_detail":"%%2307","status_id":2,"time":1441752894962,"type_name":"Authentication: Logon","type_uid":300201,"unmapped":{"EventData":{"KeyLength":"0","SubStatus":"0x0"},"Execution":{"ProcessID":"516","ThreadID":"3240"},"Opcode":"0","Task":"12546"},"user":{"account":{"name":"Heptapod","type":"Windows Account","type_id":2,"uid":"S-1-0-0"},"domain":"LAGRANGIAN5","name":"Heptapod","uid":"S-1-0-0"}}
{"activity_id":1,"activity_name":"Logon","actor":{"process":{"file":{"name":"winlogon.exe","parent_folder":"C:\\Windows\\System32","path":"C:\\Windows\\System32\\winlogon.exe","type":"Regular File","type_id":1},"pid":4980},"session":{"uid":"0x3e7"},"user":{"account":{"name":"SESTESTWIN2012$","type":"Windows Account","type_id":2,"uid":"NT AUTHORITY\\SYSTEM"},"domain":"SESTESTDOMAIN","name":"SESTESTWIN2012$","uid":"NT AUTHORITY\\SYSTEM"}},"auth_protocol":"Negotiate","auth_protocol_id":99,"category_name":"Identity & Access Management","category_uid":3,"class_name":"Authentication","class_uid":3002,"device":{"hostname":"SesTestWin2012.SesTestDomain.local","os":{"name":"Windows","type":"Windows","type_id":100},"type":"Unknown","type_id":0},"dst_endpoint":{"hostname":"SesTestWin2012.SesTestDomain.local"},"logon_process":{"name":"User32","pid":-1},"logon_type":"Remote Interactive","logon_type_id":10,"message":"An account failed to log on.","metadata":{"event_code":"4625","log_name":"Security","log_provider":"Microsoft-Windows-Security-Auditing","log_version":"0","original_time":"2021-12-09T21:47:55.218277900Z","product":{"feature":{"uid":"{54849625-5478-4994-A5BA-3E3B0328C30D}"},"name":"Microsoft Windows","vendor_name":"Microsoft"},"profiles":["host"],"sequence":126678,"uid":"004ce1c175e53ce092b79266f50b0303","version":"1.4.0"},"observables":[{"name":"dst_endpoint","type":"Endpoint","type_id":20},{"name":"dst_endpoint.hostname","type":"Hostname","type_id":1,"value":"SesTestWin2012.SesTestDomain.local"},{"name":"actor.process","type":"Process","type_id":25},{"name":"actor.process.file","type":"File","type_id":24},{"name":"actor.process.file.name","type":"File Name","type_id":7,"value":"winlogon.exe"},{"name":"actor.process.pid","type":"Process ID","type_id":15,"value":"4980"},{"name":"actor.user","type":"User","type_id":21},{"name":"actor.user.uid","type":"User Object: uid","type_id":31,"value":"NT AUTHORITY\\SYSTEM"},{"name":"actor.user.account.uid","type":"Account Object: uid","type_id":35,"value":"NT AUTHORITY\\SYSTEM"},{"name":"actor.user.account.name","type":"Account Object: name","type_id":34,"value":"SESTESTWIN2012$"},{"name":"actor.user.name","type":"User Name","type_id":4,"value":"SESTESTWIN2012$"},{"name":"logon_process","type":"Process","type_id":25},{"name":"logon_process.pid","type":"Process ID","type_id":15,"value":"-1"},{"name":"logon_process.name","type":"Process Name","type_id":9,"value":"User32"},{"name":"device","type":"Endpoint","type_id":20},{"name":"device.hostname","type":"Hostname","type_id":1,"value":"SesTestWin2012.SesTestDomain.local"},{"name":"src_endpoint","type":"Endpoint","type_id":20},{"name":"src_endpoint.ip","type":"IP Address","type_id":2,"value":"10.136.158.211"},{"name":"src_endpoint.port","type":"Port","type_id":11,"value":"0"},{"name":"user","type":"User","type_id":21},{"name":"user.uid","type":"User Object: uid","type_id":31,"value":"NULL SID"},{"name":"user.account.uid","type":"Account Object: uid","type_id":35,"value":"NULL SID"},{"name":"user.account.name","type":"Account Object: name","type_id":34,"value":"splunker"},{"name":"user.name","type":"User Name","type_id":4,"value":"splunker"}],"raw_data":"<Event xmlns='http://schemas.microsoft.com/win/2004/08/events/event'>\n   <System>\n      <Provider Name='Microsoft-Windows-Security-Auditing' Guid='{54849625-5478-4994-A5BA-3E3B0328C30D}'/>\n      <EventID>4625</EventID>\n      <Version>0</Version>\n      <Level>0</Level>\n      <Task>12544</Task>\n      <Opcode>0</Opcode>\n      <Keywords>0x8010000000000000</Keywords>\n      <TimeCreated SystemTime='2021-12-09T21:47:55.218277900Z'/>\n      <EventRecordID>126678</EventRecordID>\n      <Correlation/>\n      <Execution ProcessID='480' ThreadID='4884'/>\n      <Channel>Security</Channel>\n      <Computer>SesTestWin2012.SesTestDomain.local</Computer>\n      <Security/>\n   </System>\n   <EventData>\n      <Data Name='SubjectUserSid'>NT AUTHORITY\\SYSTEM</Data>\n      <Data Name='SubjectUserName'>SESTESTWIN2012$</Data>\n      <Data Name='SubjectDomainName'>SESTESTDOMAIN</Data>\n      <Data Name='SubjectLogonId'>0x3e7</Data>\n      <Data Name='TargetUserSid'>NULL SID</Data>\n      <Data Name='TargetUserName'>splunker</Data>\n      <Data Name='TargetDomainName'>SESTESTWIN2012</Data>\n      <Data Name='Status'>0xc000006d</Data>\n      <Data Name='FailureReason'>%%2313</Data>\n      <Data Name='SubStatus'>0xc000006a</Data>\n      <Data Name='LogonType'>10</Data>\n      <Data Name='LogonProcessName'>User32 </Data>\n      <Data Name='AuthenticationPackageName'>Negotiate</Data>\n      <Data Name='WorkstationName'>SESTESTWIN2012</Data>\n      <Data Name='TransmittedServices'>-</Data>\n      <Data Name='LmPackageName'>-</Data>\n      <Data Name='KeyLength'>0</Data>\n      <Data Name='ProcessId'>0x1374</Data>\n      <Data Name='ProcessName'>C:\\Windows\\System32\\winlogon.exe</Data>\n      <Data Name='IpAddress'>10.136.158.211</Data>\n      <Data Name='IpPort'>0</Data>\n   </EventData>\n</Event>","severity":"Informational","severity_id":1,"src_endpoint":{"ip":"10.136.158.211","name":"SESTESTWIN2012","port":0},"status":"Failure","status_code":"0xc000006d","status_detail":"%%2313","status_id":2,"time":1639086475218,"type_name":"Authentication: Logon","type_uid":300201,"unmapped":{"EventData":{"KeyLength":"0","SubStatus":"0xc000006a"},"Execution":{"ProcessID":"480","ThreadID":"4884"},"Opcode":"0","Task":"12544"},"user":{"account":{"name":"splunker","type":"Windows Account","type_id":2,"uid":"NULL SID"},"domain":"SESTESTWIN2012","name":"splunker","uid":"NULL SID"}}
{"activity_id":1,"activity_name":"Logon","actor":{"process":{"file":{"name":"svchost.exe","parent_folder":"C:\\Windows\\System32","path":"C:\\Windows\\System32\\svchost.exe","type":"Regular File","type_id":1},"pid":720},"session":{"uid":"0xaaa9d"},"user":{"account":{"name":"splunker","type":"Windows Account","type_id":2,"uid":"SESTESTWIN2012\\splunker"},"domain":"SESTESTWIN2012","name":"splunker","uid":"SESTESTWIN2012\\splunker"}},"auth_protocol":"Negotiate","auth_protocol_id":99,"category_name":"Identity & Access Management","category_uid":3,"class_name":"Authentication","class_uid":3002,"device":{"hostname":"SesTestWin2012.SesTestDomain.local","os":{"name":"Windows","type":"Windows","type_id":100},"type":"Unknown","type_id":0},"dst_endpoint":{"hostname":"SesTestWin2012.SesTestDomain.local"},"logon_process":{"name":"seclogo","pid":-1},"logon_type":"Interactive","logon_type_id":2,"message":"An account failed to log on.","metadata":{"event_code":"4625","log_name":"Security","log_provider":"Microsoft-Windows-Security-Auditing","log_version":"0","original_time":"2021-12-06T21:54:06.969987100Z","product":{"feature":{"uid":"{54849625-5478-4994-A5BA-3E3B0328C30D}"},"name":"Microsoft Windows","vendor_name":"Microsoft"},"profiles":["host"],"sequence":125949,"uid":"3e91659376c31cd37069344d61f31d04","version":"1.4.0"},"observables":[{"name":"logon_process","type":"Process","type_id":25},{"name":"logon_process.name","type":"Process Name","type_id":9,"value":"seclogo"},{"name":"logon_process.pid","type":"Process ID","type_id":15,"value":"-1"},{"name":"user","type":"User","type_id":21},{"name":"user.account.uid","type":"Account Object: uid","type_id":35,"value":"NULL SID"},{"name":"user.account.name","type":"Account Object: name","type_id":34,"value":"newuser"},{"name":"user.name","type":"User Name","type_id":4,"value":"newuser"},{"name":"user.uid","type":"User Object: uid","type_id":31,"value":"NULL SID"},{"name":"src_endpoint","type":"Endpoint","type_id":20},{"name":"src_endpoint.ip","type":"IP Address","type_id":2,"value":"::1"},{"name":"src_endpoint.port","type":"Port","type_id":11,"value":"0"},{"name":"device","type":"Endpoint","type_id":20},{"name":"device.hostname","type":"Hostname","type_id":1,"value":"SesTestWin2012.SesTestDomain.local"},{"name":"dst_endpoint","type":"Endpoint","type_id":20},{"name":"dst_endpoint.hostname","type":"Hostname","type_id":1,"value":"SesTestWin2012.SesTestDomain.local"},{"name":"actor.process","type":"Process","type_id":25},{"name":"actor.process.file","type":"File","type_id":24},{"name":"actor.process.file.name","type":"File Name","type_id":7,"value":"svchost.exe"},{"name":"actor.process.pid","type":"Process ID","type_id":15,"value":"720"},{"name":"actor.user","type":"User","type_id":21},{"name":"actor.user.account.uid","type":"Account Object: uid","type_id":35,"value":"SESTESTWIN2012\\splunker"},{"name":"actor.user.account.name","type":"Account Object: name","type_id":34,"value":"splunker"},{"name":"actor.user.name","type":"User Name","type_id":4,"value":"splunker"},{"name":"actor.user.uid","type":"User Object: uid","type_id":31,"value":"SESTESTWIN2012\\splunker"}],"raw_data":"<Event xmlns='http://schemas.microsoft.com/win/2004/08/events/event'>\n   <System>\n      <Provider Name='Microsoft-Windows-Security-Auditing' Guid='{54849625-5478-4994-A5BA-3E3B0328C30D}'/>\n      <EventID>4625</EventID>\n      <Version>0</Version>\n      <Level>0</Level>\n      <Task>12544</Task>\n      <Opcode>0</Opcode>\n      <Keywords>0x8010000000000000</Keywords>\n      <TimeCreated SystemTime='2021-12-06T21:54:06.969987100Z'/>\n      <EventRecordID>125949</EventRecordID>\n      <Correlation/>\n      <Execution ProcessID='476' ThreadID='4708'/>\n      <Channel>Security</Channel>\n      <Computer>SesTestWin2012.SesTestDomain.local</Computer>\n      <Security/>\n   </System>\n   <EventData>\n      <Data Name='SubjectUserSid'>SESTESTWIN2012\\splunker</Data>\n      <Data Name='SubjectUserName'>splunker</Data>\n      <Data Name='SubjectDomainName'>SESTESTWIN2012</Data>\n      <Data Name='SubjectLogonId'>0xaaa9d</Data>\n      <Data Name='TargetUserSid'>NULL SID</Data>\n      <Data Name='TargetUserName'>newuser</Data>\n      <Data Name='TargetDomainName'>sestestwin2016</Data>\n      <Data Name='Status'>0xc000006d</Data>\n      <Data Name='FailureReason'>%%2313</Data>\n      <Data Name='SubStatus'>0xc0000064</Data>\n      <Data Name='LogonType'>2</Data>\n      <Data Name='LogonProcessName'>seclogo</Data>\n      <Data Name='AuthenticationPackageName'>Negotiate</Data>\n      <Data Name='WorkstationName'>SESTESTWIN2012</Data>\n      <Data Name='TransmittedServices'>-</Data>\n      <Data Name='LmPackageName'>-</Data>\n      <Data Name='KeyLength'>0</Data>\n      <Data Name='ProcessId'>0x2d0</Data>\n      <Data Name='ProcessName'>C:\\Windows\\System32\\svchost.exe</Data>\n      <Data Name='IpAddress'>::1</Data>\n      <Data Name='IpPort'>0</Data>\n   </EventData>\n</Event>","severity":"Informational","severity_id":1,"src_endpoint":{"ip":"::1","name":"SESTESTWIN2012","port":0},"status":"Failure","status_code":"0xc000006d","status_detail":"%%2313","status_id":2,"time":1638827646969,"type_name":"Authentication: Logon","type_uid":300201,"unmapped":{"EventData":{"KeyLength":"0","SubStatus":"0xc0000064"},"Execution":{"ProcessID":"476","ThreadID":"4708"},"Opcode":"0","Task":"12544"},"user":{"account":{"name":"newuser","type":"Windows Account","type_id":2,"uid":"NULL SID"},"domain":"sestestwin2016","name":"newuser","uid":"NULL SID"}}
{"activity_id":1,"activity_name":"Logon","actor":{"process":{"pid":0},"session":{"uid":"0x0"},"user":{"account":{"name":"","type":"Windows Account","type_id":2,"uid":"NULL SID"},"name":"","uid":"NULL SID"}},"auth_protocol":"NTLM","auth_protocol_id":1,"category_name":"Identity & Access Management","category_uid":3,"class_name":"Authentication","class_uid":3002,"device":{"hostname":"SesTestWin2012.SesTestDomain.local","os":{"name":"Windows","type":"Windows","type_id":100},"type":"Unknown","type_id":0},"dst_endpoint":{"hostname":"SesTestWin2012.SesTestDomain.local"},"logon_process":{"name":"NtLmSsp","pid":-1},"logon_type":"Network","logon_type_id":3,"message":"An account failed to log on.","metadata":{"event_code":"4625","log_name":"Security","log_provider":"Microsoft-Windows-Security-Auditing","log_version":"0","original_time":"2021-12-06T21:44:17.121894600Z","product":{"feature":{"uid":"{54849625-5478-4994-A5BA-3E3B0328C30D}"},"name":"Microsoft Windows","vendor_name":"Microsoft"},"profiles":["host"],"sequence":125936,"uid":"fea2329c2c5597fe26c7b50629b20c46","version":"1.4.0"},"observables":[{"name":"logon_process","type":"Process","type_id":25},{"name":"logon_process.name","type":"Process Name","type_id":9,"value":"NtLmSsp"},{"name":"logon_process.pid","type":"Process ID","type_id":15,"value":"-1"},{"name":"src_endpoint","type":"Endpoint","type_id":20},{"name":"src_endpoint.ip","type":"IP Address","type_id":2,"value":"10.202.38.180"},{"name":"src_endpoint.port","type":"Port","type_id":11,"value":"51098"},{"name":"actor.process","type":"Process","type_id":25},{"name":"actor.process.pid","type":"Process ID","type_id":15,"value":"0"},{"name":"actor.user","type":"User","type_id":21},{"name":"actor.user.account.uid","type":"Account Object: uid","type_id":35,"value":"NULL SID"},{"name":"actor.user.uid","type":"User Object: uid","type_id":31,"value":"NULL SID"},{"name":"user","type":"User","type_id":21},{"name":"user.account.uid","type":"Account Object: uid","type_id":35,"value":"NULL SID"},{"name":"user.account.name","type":"Account Object: name","type_id":34,"value":"NewTestUser"},{"name":"user.name","type":"User Name","type_id":4,"value":"NewTestUser"},{"name":"user.uid","type":"User Object: uid","type_id":31,"value":"NULL SID"},{"name":"device","type":"Endpoint","type_id":20},{"name":"device.hostname","type":"Hostname","type_id":1,"value":"SesTestWin2012.SesTestDomain.local"},{"name":"dst_endpoint","type":"Endpoint","type_id":20},{"name":"dst_endpoint.hostname","type":"Hostname","type_id":1,"value":"SesTestWin2012.SesTestDomain.local"}],"raw_data":"<Event xmlns='http://schemas.microsoft.com/win/2004/08/events/event'>\n   <System>\n      <Provider Name='Microsoft-Windows-Security-Auditing' Guid='{54849625-5478-4994-A5BA-3E3B0328C30D}'/>\n      <EventID>4625</EventID>\n      <Version>0</Version>\n      <Level>0</Level>\n      <Task>12544</Task>\n      <Opcode>0</Opcode>\n      <Keywords>0x8010000000000000</Keywords>\n      <TimeCreated SystemTime='2021-12-06T21:44:17.121894600Z'/>\n      <EventRecordID>125936</EventRecordID>\n      <Correlation/>\n      <Execution ProcessID='476' ThreadID='4056'/>\n      <Channel>Security</Channel>\n      <Computer>SesTestWin2012.SesTestDomain.local</Computer>\n      <Security/>\n   </System>\n   <EventData>\n      <Data Name='SubjectUserSid'>NULL SID</Data>\n      <Data Name='SubjectUserName'>-</Data>\n      <Data Name='SubjectDomainName'>-</Data>\n      <Data Name='SubjectLogonId'>0x0</Data>\n      <Data Name='TargetUserSid'>NULL SID</Data>\n      <Data Name='TargetUserName'>NewTestUser</Data>\n      <Data Name='TargetDomainName'>SESTESTWIN2012</Data>\n      <Data Name='Status'>0xc000006d</Data>\n      <Data Name='FailureReason'>%%2313</Data>\n      <Data Name='SubStatus'>0xc0000064</Data>\n      <Data Name='LogonType'>3</Data>\n      <Data Name='LogonProcessName'>NtLmSsp </Data>\n      <Data Name='AuthenticationPackageName'>NTLM</Data>\n      <Data Name='WorkstationName'>SESTESTWIN2016</Data>\n      <Data Name='TransmittedServices'>-</Data>\n      <Data Name='LmPackageName'>-</Data>\n      <Data Name='KeyLength'>0</Data>\n      <Data Name='ProcessId'>0x0</Data>\n      <Data Name='ProcessName'>-</Data>\n      <Data Name='IpAddress'>10.202.38.180</Data>\n      <Data Name='IpPort'>51098</Data>\n   </EventData>\n</Event>","severity":"Informational","severity_id":1,"src_endpoint":{"ip":"10.202.38.180","name":"SESTESTWIN2016","port":51098},"status":"Failure","status_code":"0xc000006d","status_detail":"%%2313","status_id":2,"time":1638827057121,"type_name":"Authentication: Logon","type_uid":300201,"unmapped":{"EventData":{"KeyLength":"0","SubStatus":"0xc0000064"},"Execution":{"ProcessID":"476","ThreadID":"4056"},"Opcode":"0","Task":"12544"},"user":{"account":{"name":"NewTestUser","type":"Windows Account","type_id":2,"uid":"NULL SID"},"domain":"SESTESTWIN2012","name":"NewTestUser","uid":"NULL SID"}}
{"activity_id":1,"activity_name":"Logon","actor":{"process":{"file":{"name":"svchost.exe","parent_folder":"C:\\Windows\\System32","path":"C:\\Windows\\System32\\svchost.exe","type":"Regular File","type_id":1},"pid":1172},"session":{"uid":"0x3e7"},"user":{"account":{"name":"SESTESTWIN2016$","type":"Windows Account","type_id":2,"uid":"NT AUTHORITY\\SYSTEM"},"domain":"SESTESTDOMAIN","name":"SESTESTWIN2016$","uid":"NT AUTHORITY\\SYSTEM"}},"auth_protocol":"Negotiate","auth_protocol_id":99,"category_name":"Identity & Access Management","category_uid":3,"class_name":"Authentication","class_uid":3002,"device":{"hostname":"SesTestWin2016.SesTestDomain.local","os":{"name":"Windows","type":"Windows","type_id":100},"type":"Unknown","type_id":0},"dst_endpoint":{"hostname":"SesTestWin2016.SesTestDomain.local"},"logon_process":{"name":"Advapi","pid":-1},"logon_type":"Batch","logon_type_id":4,"message":"An account failed to log on.","metadata":{"event_code":"4625","log_name":"Security","log_provider":"Microsoft-Windows-Security-Auditing","log_version":"0","original_time":"2021-12-08T12:47:10.947230500Z","product":{"feature":{"uid":"{54849625-5478-4994-A5BA-3E3B0328C30D}"},"name":"Microsoft Windows","vendor_name":"Microsoft"},"profiles":["host"],"sequence":281846,"uid":"7b00ee2c34b8974ca0b0a3790c8c988c","version":"1.4.0"},"observables":[{"name":"device","type":"Endpoint","type_id":20},{"name":"device.hostname","type":"Hostname","type_id":1,"value":"SesTestWin2016.SesTestDomain.local"},{"name":"actor.process","type":"Process","type_id":25},{"name":"actor.process.file","type":"File","type_id":24},{"name":"actor.process.file.name","type":"File Name","type_id":7,"value":"svchost.exe"},{"name":"actor.process.pid","type":"Process ID","type_id":15,"value":"1172"},{"name":"actor.user","type":"User","type_id":21},{"name":"actor.user.account.uid","type":"Account Object: uid","type_id":35,"value":"NT AUTHORITY\\SYSTEM"},{"name":"actor.user.account.name","type":"Account Object: name","type_id":34,"value":"SESTESTWIN2016$"},{"name":"actor.user.name","type":"User Name","type_id":4,"value":"SESTESTWIN2016$"},{"name":"actor.user.uid","type":"User Object: uid","type_id":31,"value":"NT AUTHORITY\\SYSTEM"},{"name":"user","type":"User","type_id":21},{"name":"user.account.uid","type":"Account Object: uid","type_id":35,"value":"NULL SID"},{"name":"user.account.name","type":"Account Object: name","type_id":34,"value":"s4udummy"},{"name":"user.name","type":"User Name","type_id":4,"value":"s4udummy"},{"name":"user.uid","type":"User Object: uid","type_id":31,"value":"NULL SID"},{"name":"src_endpoint","type":"Endpoint","type_id":20},{"name":"dst_endpoint","type":"Endpoint","type_id":20},{"name":"dst_endpoint.hostname","type":"Hostname","type_id":1,"value":"SesTestWin2016.SesTestDomain.local"},{"name":"logon_process","type":"Process","type_id":25},{"name":"logon_process.name","type":"Process Name","type_id":9,"value":"Advapi"},{"name":"logon_process.pid","type":"Process ID","type_id":15,"value":"-1"}],"raw_data":"<Event xmlns='http://schemas.microsoft.com/win/2004/08/events/event'>\n   <System>\n      <Provider Name='Microsoft-Windows-Security-Auditing' Guid='{54849625-5478-4994-A5BA-3E3B0328C30D}'/>\n      <EventID>4625</EventID>\n      <Version>0</Version>\n      <Level>0</Level>\n      <Task>12544</Task>\n      <Opcode>0</Opcode>\n      <Keywords>0x8010000000000000</Keywords>\n      <TimeCreated SystemTime='2021-12-08T12:47:10.947230500Z'/>\n      <EventRecordID>281846</EventRecordID>\n      <Correlation ActivityID='{AD4CD7CD-EC31-0001-E2D7-4CAD31ECD701}'/>\n      <Execution ProcessID='572' ThreadID='2016'/>\n      <Channel>Security</Channel>\n      <Computer>SesTestWin2016.SesTestDomain.local</Computer>\n      <Security/>\n   </System>\n   <EventData>\n      <Data Name='SubjectUserSid'>NT AUTHORITY\\SYSTEM</Data>\n      <Data Name='SubjectUserName'>SESTESTWIN2016$</Data>\n      <Data Name='SubjectDomainName'>SESTESTDOMAIN</Data>\n      <Data Name='SubjectLogonId'>0x3e7</Data>\n      <Data Name='TargetUserSid'>NULL SID</Data>\n      <Data Name='TargetUserName'>s4udummy</Data>\n      <Data Name='TargetDomainName'>IP-AC1F06FB</Data>\n      <Data Name='Status'>0xc000006d</Data>\n      <Data Name='FailureReason'>%%2313</Data>\n      <Data Name='SubStatus'>0xc0000064</Data>\n      <Data Name='LogonType'>4</Data>\n      <Data Name='LogonProcessName'>Advapi  </Data>\n      <Data Name='AuthenticationPackageName'>Negotiate</Data>\n      <Data Name='WorkstationName'>SESTESTWIN2016</Data>\n      <Data Name='TransmittedServices'>-</Data>\n      <Data Name='LmPackageName'>-</Data>\n      <Data Name='KeyLength'>0</Data>\n      <Data Name='ProcessId'>0x494</Data>\n      <Data Name='ProcessName'>C:\\Windows\\System32\\svchost.exe</Data>\n      <Data Name='IpAddress'>-</Data>\n      <Data Name='IpPort'>-</Data>\n   </EventData>\n</Event>","severity":"Informational","severity_id":1,"src_endpoint":{"name":"SESTESTWIN2016"},"status":"Failure","status_code":"0xc000006d","status_detail":"%%2313","status_id":2,"time":1638967630947,"type_name":"Authentication: Logon","type_uid":300201,"unmapped":{"Correlation":{"ActivityID":"{AD4CD7CD-EC31-0001-E2D7-4CAD31ECD701}"},"EventData":{"KeyLength":"0","SubStatus":"0xc0000064"},"Execution":{"ProcessID":"572","ThreadID":"2016"},"Opcode":"0","Task":"12544"},"user":{"account":{"name":"s4udummy","type":"Windows Account","type_id":2,"uid":"NULL SID"},"domain":"IP-AC1F06FB","name":"s4udummy","uid":"NULL SID"}}
{"activity_id":1,"activity_name":"Logon","actor":{"process":{"file":{"name":"winlogon.exe","parent_folder":"C:\\Windows\\System32","path":"C:\\Windows\\System32\\winlogon.exe","type":"Regular File","type_id":1},"pid":2080},"session":{"uid":"0x3e7"},"user":{"account":{"name":"SESTESTWIN2012$","type":"Windows Account","type_id":2,"uid":"NT AUTHORITY\\SYSTEM"},"domain":"SESTESTDOMAIN","name":"SESTESTWIN2012$","uid":"NT AUTHORITY\\SYSTEM"}},"auth_protocol":"Negotiate","auth_protocol_id":99,"category_name":"Identity & Access Management","category_uid":3,"class_name":"Authentication","class_uid":3002,"device":{"hostname":"SesTestWin2012.SesTestDomain.local","os":{"name":"Windows","type":"Windows","type_id":100},"type":"Unknown","type_id":0},"dst_endpoint":{"hostname":"SesTestWin2012.SesTestDomain.local"},"logon_process":{"name":"User32","pid":-1},"logon_type":"Unlock","logon_type_id":7,"message":"An account failed to log on.","metadata":{"event_code":"4625","log_name":"Security","log_provider":"Microsoft-Windows-Security-Auditing","log_version":"0","original_time":"2021-12-09T20:40:34.289952900Z","product":{"feature":{"uid":"{54849625-5478-4994-A5BA-3E3B0328C30D}"},"name":"Microsoft Windows","vendor_name":"Microsoft"},"profiles":["host"],"sequence":126266,"uid":"15a3fdba0fd46ee4da65ec70c93dc5f8","version":"1.4.0"},"observables":[{"name":"device","type":"Endpoint","type_id":20},{"name":"device.hostname","type":"Hostname","type_id":1,"value":"SesTestWin2012.SesTestDomain.local"},{"name":"dst_endpoint","type":"Endpoint","type_id":20},{"name":"dst_endpoint.hostname","type":"Hostname","type_id":1,"value":"SesTestWin2012.SesTestDomain.local"},{"name":"user","type":"User","type_id":21},{"name":"user.name","type":"User Name","type_id":4,"value":"splunker"},{"name":"user.uid","type":"User Object: uid","type_id":31,"value":"NULL SID"},{"name":"user.account.name","type":"Account Object: name","type_id":34,"value":"splunker"},{"name":"user.account.uid","type":"Account Object: uid","type_id":35,"value":"NULL SID"},{"name":"src_endpoint","type":"Endpoint","type_id":20},{"name":"src_endpoint.ip","type":"IP Address","type_id":2,"value":"10.136.158.211"},{"name":"src_endpoint.port","type":"Port","type_id":11,"value":"0"},{"name":"actor.process","type":"Process","type_id":25},{"name":"actor.process.file","type":"File","type_id":24},{"name":"actor.process.file.name","type":"File Name","type_id":7,"value":"winlogon.exe"},{"name":"actor.process.pid","type":"Process ID","type_id":15,"value":"2080"},{"name":"actor.user","type":"User","type_id":21},{"name":"actor.user.account.uid","type":"Account Object: uid","type_id":35,"value":"NT AUTHORITY\\SYSTEM"},{"name":"actor.user.account.name","type":"Account Object: name","type_id":34,"value":"SESTESTWIN2012$"},{"name":"actor.user.name","type":"User Name","type_id":4,"value":"SESTESTWIN2012$"},{"name":"actor.user.uid","type":"User Object: uid","type_id":31,"value":"NT AUTHORITY\\SYSTEM"},{"name":"logon_process","type":"Process","type_id":25},{"name":"logon_process.name","type":"Process Name","type_id":9,"value":"User32"},{"name":"logon_process.pid","type":"Process ID","type_id":15,"value":"-1"}],"raw_data":"<Event xmlns='http://schemas.microsoft.com/win/2004/08/events/event'>\n   <System>\n      <Provider Name='Microsoft-Windows-Security-Auditing' Guid='{54849625-5478-4994-A5BA-3E3B0328C30D}'/>\n      <EventID>4625</EventID>\n      <Version>0</Version>\n      <Level>0</Level>\n      <Task>12544</Task>\n      <Opcode>0</Opcode>\n      <Keywords>0x8010000000000000</Keywords>\n      <TimeCreated SystemTime='2021-12-09T20:40:34.289952900Z'/>\n      <EventRecordID>126266</EventRecordID>\n      <Correlation/>\n      <Execution ProcessID='480' ThreadID='656'/>\n      <Channel>Security</Channel>\n      <Computer>SesTestWin2012.SesTestDomain.local</Computer>\n      <Security/>\n   </System>\n   <EventData>\n      <Data Name='SubjectUserSid'>NT AUTHORITY\\SYSTEM</Data>\n      <Data Name='SubjectUserName'>SESTESTWIN2012$</Data>\n      <Data Name='SubjectDomainName'>SESTESTDOMAIN</Data>\n      <Data Name='SubjectLogonId'>0x3e7</Data>\n      <Data Name='TargetUserSid'>NULL SID</Data>\n      <Data Name='TargetUserName'>splunker</Data>\n      <Data Name='TargetDomainName'>SESTESTWIN2012</Data>\n      <Data Name='Status'>0xc000006d</Data>\n      <Data Name='FailureReason'>%%2313</Data>\n      <Data Name='SubStatus'>0xc000006a</Data>\n      <Data Name='LogonType'>7</Data>\n      <Data Name='LogonProcessName'>User32 </Data>\n      <Data Name='AuthenticationPackageName'>Negotiate</Data>\n      <Data Name='WorkstationName'>SESTESTWIN2012</Data>\n      <Data Name='TransmittedServices'>-</Data>\n      <Data Name='LmPackageName'>-</Data>\n      <Data Name='KeyLength'>0</Data>\n      <Data Name='ProcessId'>0x820</Data>\n      <Data Name='ProcessName'>C:\\Windows\\System32\\winlogon.exe</Data>\n      <Data Name='IpAddress'>10.136.158.211</Data>\n      <Data Name='IpPort'>0</Data>\n   </EventData>\n</Event>","severity":"Informational","severity_id":1,"src_endpoint":{"ip":"10.136.158.211","name":"SESTESTWIN2012","port":0},"status":"Failure","status_code":"0xc000006d","status_detail":"%%2313","status_id":2,"time":1639082434289,"type_name":"Authentication: Logon","type_uid":300201,"unmapped":{"EventData":{"KeyLength":"0","SubStatus":"0xc000006a"},"Execution":{"ProcessID":"480","ThreadID":"656"},"Opcode":"0","Task":"12544"},"user":{"account":{"name":"splunker","type":"Windows Account","type_id":2,"uid":"NULL SID"},"domain":"SESTESTWIN2012","name":"splunker","uid":"NULL SID"}}
{"activity_id":1,"activity_name":"Logon","actor":{"process":{"file":{"name":"w3wp.exe","parent_folder":"C:\\Windows\\System32\\inetsrv","path":"C:\\Windows\\System32\\inetsrv\\w3wp.exe","type":"Regular File","type_id":1},"pid":4892},"session":{"uid":"0x19ce491"},"user":{"account":{"name":"DefaultAppPool","type":"Windows Account","type_id":2,"uid":"IIS APPPOOL\\DefaultAppPool"},"domain":"IIS APPPOOL","name":"DefaultAppPool","uid":"IIS APPPOOL\\DefaultAppPool"}},"auth_protocol":"Negotiate","auth_protocol_id":99,"category_name":"Identity & Access Management","category_uid":3,"class_name":"Authentication","class_uid":3002,"device":{"hostname":"SesTestWin2012.SesTestDomain.local","os":{"name":"Windows","type":"Windows","type_id":100},"type":"Unknown","type_id":0},"dst_endpoint":{"hostname":"SesTestWin2012.SesTestDomain.local"},"logon_process":{"name":"Advapi","pid":-1},"logon_type":"Network Cleartext","logon_type_id":8,"message":"An account failed to log on.","metadata":{"event_code":"4625","log_name":"Security","log_provider":"Microsoft-Windows-Security-Auditing","log_version":"0","original_time":"2021-12-09T21:16:30.692489900Z","product":{"feature":{"uid":"{54849625-5478-4994-A5BA-3E3B0328C30D}"},"name":"Microsoft Windows","vendor_name":"Microsoft"},"profiles":["host"],"sequence":126425,"uid":"44612b3713bcb0a6057d3edb44086d4f","version":"1.4.0"},"observables":[{"name":"device","type":"Endpoint","type_id":20},{"name":"device.hostname","type":"Hostname","type_id":1,"value":"SesTestWin2012.SesTestDomain.local"},{"name":"logon_process","type":"Process","type_id":25},{"name":"logon_process.name","type":"Process Name","type_id":9,"value":"Advapi"},{"name":"logon_process.pid","type":"Process ID","type_id":15,"value":"-1"},{"name":"actor.process","type":"Process","type_id":25},{"name":"actor.process.file","type":"File","type_id":24},{"name":"actor.process.file.name","type":"File Name","type_id":7,"value":"w3wp.exe"},{"name":"actor.process.pid","type":"Process ID","type_id":15,"value":"4892"},{"name":"actor.user","type":"User","type_id":21},{"name":"actor.user.account.uid","type":"Account Object: uid","type_id":35,"value":"IIS APPPOOL\\DefaultAppPool"},{"name":"actor.user.account.name","type":"Account Object: name","type_id":34,"value":"DefaultAppPool"},{"name":"actor.user.name","type":"User Name","type_id":4,"value":"DefaultAppPool"},{"name":"actor.user.uid","type":"User Object: uid","type_id":31,"value":"IIS APPPOOL\\DefaultAppPool"},{"name":"dst_endpoint","type":"Endpoint","type_id":20},{"name":"dst_endpoint.hostname","type":"Hostname","type_id":1,"value":"SesTestWin2012.SesTestDomain.local"},{"name":"src_endpoint","type":"Endpoint","type_id":20},{"name":"src_endpoint.ip","type":"IP Address","type_id":2,"value":"10.136.158.211"},{"name":"src_endpoint.port","type":"Port","type_id":11,"value":"54094"},{"name":"user","type":"User","type_id":21},{"name":"user.account.uid","type":"Account Object: uid","type_id":35,"value":"NULL SID"},{"name":"user.account.name","type":"Account Object: name","type_id":34,"value":"sestestuser"},{"name":"user.name","type":"User Name","type_id":4,"value":"sestestuser"},{"name":"user.uid","type":"User Object: uid","type_id":31,"value":"NULL SID"}],"raw_data":"<Event xmlns='http://schemas.microsoft.com/win/2004/08/events/event'>\n   <System>\n      <Provider Name='Microsoft-Windows-Security-Auditing' Guid='{54849625-5478-4994-A5BA-3E3B0328C30D}'/>\n      <EventID>4625</EventID>\n      <Version>0</Version>\n      <Level>0</Level>\n      <Task>12544</Task>\n      <Opcode>0</Opcode>\n      <Keywords>0x8010000000000000</Keywords>\n      <TimeCreated SystemTime='2021-12-09T21:16:30.692489900Z'/>\n      <EventRecordID>126425</EventRecordID>\n      <Correlation/>\n      <Execution ProcessID='480' ThreadID='4160'/>\n      <Channel>Security</Channel>\n      <Computer>SesTestWin2012.SesTestDomain.local</Computer>\n      <Security/>\n   </System>\n   <EventData>\n      <Data Name='SubjectUserSid'>IIS APPPOOL\\DefaultAppPool</Data>\n      <Data Name='SubjectUserName'>DefaultAppPool</Data>\n      <Data Name='SubjectDomainName'>IIS APPPOOL</Data>\n      <Data Name='SubjectLogonId'>0x19ce491</Data>\n      <Data Name='TargetUserSid'>NULL SID</Data>\n      <Data Name='TargetUserName'>sestestuser</Data>\n      <Data Name='TargetDomainName'>SESTESTWIN2012</Data>\n      <Data Name='Status'>0xc000006d</Data>\n      <Data Name='FailureReason'>%%2313</Data>\n      <Data Name='SubStatus'>0xc0000064</Data>\n      <Data Name='LogonType'>8</Data>\n      <Data Name='LogonProcessName'>Advapi  </Data>\n      <Data Name='AuthenticationPackageName'>Negotiate</Data>\n      <Data Name='WorkstationName'>SESTESTWIN2012</Data>\n      <Data Name='TransmittedServices'>-</Data>\n      <Data Name='LmPackageName'>-</Data>\n      <Data Name='KeyLength'>0</Data>\n      <Data Name='ProcessId'>0x131c</Data>\n      <Data Name='ProcessName'>C:\\Windows\\System32\\inetsrv\\w3wp.exe</Data>\n      <Data Name='IpAddress'>10.136.158.211</Data>\n      <Data Name='IpPort'>54094</Data>\n   </EventData>\n</Event>","severity":"Informational","severity_id":1,"src_endpoint":{"ip":"10.136.158.211","name":"SESTESTWIN2012","port":54094},"status":"Failure","status_code":"0xc000006d","status_detail":"%%2313","status_id":2,"time":1639084590692,"type_name":"Authentication: Logon","type_uid":300201,"unmapped":{"EventData":{"KeyLength":"0","SubStatus":"0xc0000064"},"Execution":{"ProcessID":"480","ThreadID":"4160"},"Opcode":"0","Task":"12544"},"user":{"account":{"name":"sestestuser","type":"Windows Account","type_id":2,"uid":"NULL SID"},"domain":"SESTESTWIN2012","name":"sestestuser","uid":"NULL SID"}}
{"activity_id":2,"activity_name":"Logoff","category_name":"Identity & Access Management","category_uid":3,"class_name":"Authentication","class_uid":3002,"device":{"hostname":"SesWin2019DC2.SesTest.local","os":{"name":"Windows","type":"Windows","type_id":100},"type":"Unknown","type_id":0},"dst_endpoint":{"hostname":"SesWin2019DC2.SesTest.local"},"logon_type":"Network","logon_type_id":3,"metadata":{"event_code":"4634","log_name":"Security","log_provider":"Microsoft-Windows-Security-Auditing","log_version":"0","original_time":"2022-01-25T13:56:05.109976800Z","product":{"feature":{"uid":"{54849625-5478-4994-a5ba-3e3b0328c30d}"},"name":"Microsoft Windows","vendor_name":"Microsoft"},"profiles":["host"],"sequence":381268,"uid":"2a35fce9c060e77c581a25352e541c79","version":"1.4.0"},"observables":[{"name":"dst_endpoint","type":"Endpoint","type_id":20},{"name":"dst_endpoint.hostname","type":"Hostname","type_id":1,"value":"SesWin2019DC2.SesTest.local"},{"name":"user","type":"User","type_id":21},{"name":"user.account.uid","type":"Account Object: uid","type_id":35,"value":"NT AUTHORITY\\SYSTEM"},{"name":"user.account.name","type":"Account Object: name","type_id":34,"value":"SESWIN2019DC2$"},{"name":"user.name","type":"User Name","type_id":4,"value":"SESWIN2019DC2$"},{"name":"user.uid","type":"User Object: uid","type_id":31,"value":"NT AUTHORITY\\SYSTEM"},{"name":"device","type":"Endpoint","type_id":20},{"name":"device.hostname","type":"Hostname","type_id":1,"value":"SesWin2019DC2.SesTest.local"}],"raw_data":"<Event xmlns='http://schemas.microsoft.com/win/2004/08/events/event'>\n  <System>\n    <Provider Name='Microsoft-Windows-Security-Auditing' Guid='{54849625-5478-4994-a5ba-3e3b0328c30d}'/>\n    <EventID>4634</EventID>\n    <Version>0</Version>\n    <Level>0</Level>\n    <Task>12545</Task>\n    <Opcode>0</Opcode>\n    <Keywords>0x8020000000000000</Keywords>\n    <TimeCreated SystemTime='2022-01-25T13:56:05.109976800Z'/>\n    <EventRecordID>381268</EventRecordID>\n    <Correlation/>\n    <Execution ProcessID='692' ThreadID='3904'/>\n    <Channel>Security</Channel>\n    <Computer>SesWin2019DC2.SesTest.local</Computer>\n    <Security/>\n  </System>\n  <EventData>\n    <Data Name='TargetUserSid'>NT AUTHORITY\\SYSTEM</Data>\n    <Data Name='TargetUserName'>SESWIN2019DC2$</Data>\n    <Data Name='TargetDomainName'>SESTEST</Data>\n    <Data Name='TargetLogonId'>0x828af82</Data>\n    <Data Name='LogonType'>3</Data>\n  </EventData>\n</Event>","session":{"uid":"0x828af82"},"severity":"Informational","severity_id":1,"status":"Success","status_id":1,"time":1643118965109,"type_name":"Authentication: Logoff","type_uid":300202,"unmapped":{"Execution":{"ProcessID":"692","ThreadID":"3904"},"Opcode":"0","Task":"12545"},"user":{"account":{"name":"SESWIN2019DC2$","type":"Windows Account","type_id":2,"uid":"NT AUTHORITY\\SYSTEM"},"domain":"SESTEST","name":"SESWIN2019DC2$","uid":"NT AUTHORITY\\SYSTEM"}}
{"activity_id":2,"activity_name":"Logoff","category_name":"Identity & Access Management","category_uid":3,"class_name":"Authentication","class_uid":3002,"device":{"hostname":"SesWin2019DC2.SesTest.local","os":{"name":"Windows","type":"Windows","type_id":100},"type":"Unknown","type_id":0},"dst_endpoint":{"hostname":"SesWin2019DC2.SesTest.local"},"logon_type":"Network","logon_type_id":3,"metadata":{"event_code":"4634","log_name":"Security","log_provider":"Microsoft-Windows-Security-Auditing","log_version":"0","original_time":"2022-01-25T13:56:04.565931800Z","product":{"feature":{"uid":"{54849625-5478-4994-a5ba-3e3b0328c30d}"},"name":"Microsoft Windows","vendor_name":"Microsoft"},"profiles":["host"],"sequence":381266,"uid":"1ccf071062376b672f21402b26814dac","version":"1.4.0"},"observables":[{"name":"device","type":"Endpoint","type_id":20},{"name":"device.hostname","type":"Hostname","type_id":1,"value":"SesWin2019DC2.SesTest.local"},{"name":"dst_endpoint","type":"Endpoint","type_id":20},{"name":"dst_endpoint.hostname","type":"Hostname","type_id":1,"value":"SesWin2019DC2.SesTest.local"},{"name":"user","type":"User","type_id":21},{"name":"user.account.uid","type":"Account Object: uid","type_id":35,"value":"NT AUTHORITY\\SYSTEM"},{"name":"user.account.name","type":"Account Object: name","type_id":34,"value":"SESWIN2019DC2$"},{"name":"user.name","type":"User Name","type_id":4,"value":"SESWIN2019DC2$"},{"name":"user.uid","type":"User Object: uid","type_id":31,"value":"NT AUTHORITY\\SYSTEM"}],"raw_data":"<Event xmlns='http://schemas.microsoft.com/win/2004/08/events/event'>\n  <System>\n    <Provider Name='Microsoft-Windows-Security-Auditing' Guid='{54849625-5478-4994-a5ba-3e3b0328c30d}'/>\n    <EventID>4634</EventID>\n    <Version>0</Version>\n    <Level>0</Level>\n    <Task>12545</Task>\n    <Opcode>0</Opcode>\n    <Keywords>0x8020000000000000</Keywords>\n    <TimeCreated SystemTime='2022-01-25T13:56:04.565931800Z'/>\n    <EventRecordID>381266</EventRecordID>\n    <Correlation/>\n    <Execution ProcessID='692' ThreadID='1708'/>\n    <Channel>Security</Channel>\n    <Computer>SesWin2019DC2.SesTest.local</Computer>\n    <Security/>\n  </System>\n  <EventData>\n    <Data Name='TargetUserSid'>NT AUTHORITY\\SYSTEM</Data>\n    <Data Name='TargetUserName'>SESWIN2019DC2$</Data>\n    <Data Name='TargetDomainName'>SESTEST</Data>\n    <Data Name='TargetLogonId'>0x828aeff</Data>\n    <Data Name='LogonType'>3</Data>\n  </EventData>\n</Event>","session":{"uid":"0x828aeff"},"severity":"Informational","severity_id":1,"status":"Success","status_id":1,"time":1643118964565,"type_name":"Authentication: Logoff","type_uid":300202,"unmapped":{"Execution":{"ProcessID":"692","ThreadID":"1708"},"Opcode":"0","Task":"12545"},"user":{"account":{"name":"SESWIN2019DC2$","type":"Windows Account","type_id":2,"uid":"NT AUTHORITY\\SYSTEM"},"domain":"SESTEST","name":"SESWIN2019DC2$","uid":"NT AUTHORITY\\SYSTEM"}}
