{"activity_id":2,"activity_name":"Terminate","actor":{"process":{"file":{"name":"python3.exe","parent_folder":"C:\\opt\\splunk\\bin","path":"C:\\opt\\splunk\\bin\\python3.exe","type":"Regular File","type_id":1},"pid":3300},"session":{"uid":"0x3e7"},"user":{"account":{"name":"SESTESTWIN2012$","type":"Windows Account","type_id":2,"uid":"NT AUTHORITY\\SYSTEM"},"domain":"SESTESTDOMAIN","name":"SESTESTWIN2012$","uid":"NT AUTHORITY\\SYSTEM"}},"category_name":"System Activity","category_uid":1,"class_name":"Process Activity","class_uid":1007,"device":{"hostname":"SesTestWin2012.SesTestDomain.local","os":{"name":"Windows","type":"Windows","type_id":100},"type":"Unknown","type_id":0},"exit_code":0,"message":"A process has exited.","metadata":{"event_code":"4689","log_name":"Security","log_provider":"Microsoft-Windows-Security-Auditing","log_version":"0","original_time":"2021-12-13T18:52:24.918181000Z","product":{"feature":{"uid":"{54849625-5478-4994-A5BA-3E3B0328C30D}"},"name":"Microsoft Windows","vendor_name":"Microsoft"},"profiles":["host"],"sequence":159134,"uid":"1103ae78fef6b3dbb7760ced3f27680a","version":"1.4.0"},"observables":[{"name":"process","type":"Process","type_id":25},{"name":"process.pid","type":"Process ID","type_id":15,"value":"3300"},{"name":"process.file","type":"File","type_id":24},{"name":"process.file.name","type":"File Name","type_id":7,"value":"python3.exe"},{"name":"actor.process","type":"Process","type_id":25},{"name":"actor.process.pid","type":"Process ID","type_id":15,"value":"3300"},{"name":"actor.process.file","type":"File","type_id":24},{"name":"actor.process.file.name","type":"File Name","type_id":7,"value":"python3.exe"},{"name":"actor.user","type":"User","type_id":21},{"name":"actor.user.account.uid","type":"Account Object: uid","type_id":35,"value":"NT AUTHORITY\\SYSTEM"},{"name":"actor.user.account.name","type":"Account Object: name","type_id":34,"value":"SESTESTWIN2012$"},{"name":"actor.user.name","type":"User Name","type_id":4,"value":"SESTESTWIN2012$"},{"name":"actor.user.uid","type":"User Object: uid","type_id":31,"value":"NT AUTHORITY\\SYSTEM"},{"name":"device","type":"Endpoint","type_id":20},{"name":"device.hostname","type":"Hostname","type_id":1,"value":"SesTestWin2012.SesTestDomain.local"}],"process":{"file":{"name":"python3.exe","parent_folder":"C:\\opt\\splunk\\bin","path":"C:\\opt\\splunk\\bin\\python3.exe","type":"Regular File","type_id":1},"pid":3300},"raw_data":"<Event xmlns='http://schemas.microsoft.com/win/2004/08/events/event'>\n    <System>\n        <Provider Name='Microsoft-Windows-Security-Auditing' Guid='{54849625-5478-4994-A5BA-3E3B0328C30D}'/>\n        <EventID>4689</EventID>\n        <Version>0</Version>\n        <Level>0</Level>\n        <Task>13313</Task>\n        <Opcode>0</Opcode>\n        <Keywords>0x8020000000000000</Keywords>\n        <TimeCreated SystemTime='2021-12-13T18:52:24.918181000Z'/>\n        <EventRecordID>159134</EventRecordID>\n        <Correlation/>\n        <Execution ProcessID='4' ThreadID='2368'/>\n        <Channel>Security</Channel>\n        <Computer>SesTestWin2012.SesTestDomain.local</Computer>\n        <Security/>\n    </System>\n    <EventData>\n        <Data Name='SubjectUserSid'>NT AUTHORITY\\SYSTEM</Data>\n        <Data Name='SubjectUserName'>SESTESTWIN2012$</Data>\n        <Data Name='SubjectDomainName'>SESTESTDOMAIN</Data>\n        <Data Name='SubjectLogonId'>0x3e7</Data>\n        <Data Name='Status'>0x0</Data>\n        <Data Name='ProcessId'>0xce4</Data>\n        <Data Name='ProcessName'>C:\\opt\\splunk\\bin\\python3.exe</Data>\n    </EventData>\n</Event>","severity":"Informational","severity_id":1,"status":"Success","status_id":1,"time":1639421544918,"type_name":"Process Activity: Terminate","type_uid":100702,"unmapped":{"Execution":{"ProcessID":"4","ThreadID":"2368"},"Opcode":"0","Task":"13313"}}
{"activity_id":2,"activity_name":"Terminate","actor":{"process":{"file":{"name":"runas.exe","parent_folder":"C:\\Windows\\System32","path":"C:\\Windows\\System32\\runas.exe","type":"Regular File","type_id":1},"pid":4532},"session":{"uid":"0x10bc0a7"},"user":{"account":{"name":"splunker","type":"Windows Account","type_id":2,"uid":"SESTESTWIN2012\\splunker"},"domain":"SESTESTWIN2012","name":"splunker","uid":"SESTESTWIN2012\\splunker"}},"category_name":"System Activity","category_uid":1,"class_name":"Process Activity","class_uid":1007,"device":{"hostname":"SesTestWin2012.SesTestDomain.local","os":{"name":"Windows","type":"Windows","type_id":100},"type":"Unknown","type_id":0},"exit_code":0,"message":"A process has exited.","metadata":{"event_code":"4689","log_name":"Security","log_provider":"Microsoft-Windows-Security-Auditing","log_version":"0","original_time":"2021-12-13T18:55:19.298995100Z","product":{"feature":{"uid":"{54849625-5478-4994-A5BA-3E3B0328C30D}"},"name":"Microsoft Windows","vendor_name":"Microsoft"},"profiles":["host"],"sequence":159272,"uid":"91a8de674d890819cd2858da0431e1ba","version":"1.4.0"},"observables":[{"name":"device","type":"Endpoint","type_id":20},{"name":"device.hostname","type":"Hostname","type_id":1,"value":"SesTestWin2012.SesTestDomain.local"},{"name":"process","type":"Process","type_id":25},{"name":"process.pid","type":"Process ID","type_id":15,"value":"4532"},{"name":"process.file","type":"File","type_id":24},{"name":"process.file.name","type":"File Name","type_id":7,"value":"runas.exe"},{"name":"actor.process","type":"Process","type_id":25},{"name":"actor.process.pid","type":"Process ID","type_id":15,"value":"4532"},{"name":"actor.process.file","type":"File","type_id":24},{"name":"actor.process.file.name","type":"File Name","type_id":7,"value":"runas.exe"},{"name":"actor.user","type":"User","type_id":21},{"name":"actor.user.account.uid","type":"Account Object: uid","type_id":35,"value":"SESTESTWIN2012\\splunker"},{"name":"actor.user.account.name","type":"Account Object: name","type_id":34,"value":"splunker"},{"name":"actor.user.name","type":"User Name","type_id":4,"value":"splunker"},{"name":"actor.user.uid","type":"User Object: uid","type_id":31,"value":"SESTESTWIN2012\\splunker"}],"process":{"file":{"name":"runas.exe","parent_folder":"C:\\Windows\\System32","path":"C:\\Windows\\System32\\runas.exe","type":"Regular File","type_id":1},"pid":4532},"raw_data":"<Event xmlns='http://schemas.microsoft.com/win/2004/08/events/event'>\n    <System>\n        <Provider Name='Microsoft-Windows-Security-Auditing' Guid='{54849625-5478-4994-A5BA-3E3B0328C30D}'/>\n        <EventID>4689</EventID>\n        <Version>0</Version>\n        <Level>0</Level>\n        <Task>13313</Task>\n        <Opcode>0</Opcode>\n        <Keywords>0x8020000000000000</Keywords>\n        <TimeCreated SystemTime='2021-12-13T18:55:19.298995100Z'/>\n        <EventRecordID>159272</EventRecordID>\n        <Correlation/>\n        <Execution ProcessID='4' ThreadID='3292'/>\n        <Channel>Security</Channel>\n        <Computer>SesTestWin2012.SesTestDomain.local</Computer>\n        <Security/>\n    </System>\n    <EventData>\n        <Data Name='SubjectUserSid'>SESTESTWIN2012\\splunker</Data>\n        <Data Name='SubjectUserName'>splunker</Data>\n        <Data Name='SubjectDomainName'>SESTESTWIN2012</Data>\n        <Data Name='SubjectLogonId'>0x10bc0a7</Data>\n        <Data Name='Status'>0x0</Data>\n        <Data Name='ProcessId'>0x11b4</Data>\n        <Data Name='ProcessName'>C:\\Windows\\System32\\runas.exe</Data>\n    </EventData>\n</Event>","severity":"Informational","severity_id":1,"status":"Success","status_id":1,"time":1639421719298,"type_name":"Process Activity: Terminate","type_uid":100702,"unmapped":{"Execution":{"ProcessID":"4","ThreadID":"3292"},"Opcode":"0","Task":"13313"}}
{"activity_id":1,"activity_name":"Create","actor":{"session":{"uid":"0x219ba5"},"user":{"account":{"name":"administrator","type":"Windows Account","type_id":2,"uid":"TAF\\Administrator"},"domain":"TAF","name":"administrator","uid":"TAF\\Administrator"}},"category_name":"Identity & Access Management","category_uid":3,"class_name":"Account Change","class_uid":3001,"device":{"hostname":"WIN-9A3SFCUS26U.taf.local","os":{"name":"Windows","type":"Windows","type_id":100},"type":"Unknown","type_id":0},"metadata":{"event_code":"4720","log_name":"Security","log_provider":"Microsoft-Windows-Security-Auditing","log_version":"0","original_time":"2021-12-27T15:20:29.4210298Z","product":{"feature":{"uid":"{54849625-5478-4994-a5ba-3e3b0328c30d}"},"name":"Microsoft Windows","vendor_name":"Microsoft"},"profiles":["host"],"sequence":4242983,"uid":"dd70d43cd9ad843c7b60bb71ff007432","version":"1.4.0"},"observables":[{"name":"device","type":"Endpoint","type_id":20},{"name":"device.hostname","type":"Hostname","type_id":1,"value":"WIN-9A3SFCUS26U.taf.local"},{"name":"actor.user","type":"User","type_id":21},{"name":"actor.user.uid","type":"User Object: uid","type_id":31,"value":"TAF\\Administrator"},{"name":"actor.user.account.uid","type":"Account Object: uid","type_id":35,"value":"TAF\\Administrator"},{"name":"actor.user.account.name","type":"Account Object: name","type_id":34,"value":"administrator"},{"name":"actor.user.name","type":"User Name","type_id":4,"value":"administrator"},{"name":"user","type":"User","type_id":21},{"name":"user.name","type":"User Name","type_id":4,"value":"dsurti_test"},{"name":"user.email_addr","type":"Email Address","type_id":5,"value":"dsurti_test@taf.local"},{"name":"user.uid","type":"User Object: uid","type_id":31,"value":"TAF\\dsurti_test"},{"name":"user.account.uid","type":"Account Object: uid","type_id":35,"value":"TAF\\dsurti_test"},{"name":"user.account.name","type":"Account Object: name","type_id":34,"value":"dsurti_test"}],"raw_data":"<?xml version=\"1.0\" ?>\n<Event xmlns=\"http://schemas.microsoft.com/win/2004/08/events/event\">\n   <System>\n      <Provider Name=\"Microsoft-Windows-Security-Auditing\" Guid=\"{54849625-5478-4994-a5ba-3e3b0328c30d}\"/>\n      <EventID>4720</EventID>\n      <Version>0</Version>\n      <Level>0</Level>\n      <Task>13824</Task>\n      <Opcode>0</Opcode>\n      <Keywords>0x8020000000000000</Keywords>\n      <TimeCreated SystemTime=\"2021-12-27T15:20:29.4210298Z\"/>\n      <EventRecordID>4242983</EventRecordID>\n      <Correlation/>\n      <Execution ProcessID=\"704\" ThreadID=\"4984\"/>\n      <Channel>Security</Channel>\n      <Computer>WIN-9A3SFCUS26U.taf.local</Computer>\n      <Security/>\n   </System>\n   <EventData>\n      <Data Name=\"TargetUserName\">dsurti_test</Data>\n      <Data Name=\"TargetDomainName\">TAF</Data>\n      <Data Name=\"TargetSid\">TAF\\dsurti_test</Data>\n      <Data Name=\"SubjectUserSid\">TAF\\Administrator</Data>\n      <Data Name=\"SubjectUserName\">administrator</Data>\n      <Data Name=\"SubjectDomainName\">TAF</Data>\n      <Data Name=\"SubjectLogonId\">0x219ba5</Data>\n      <Data Name=\"PrivilegeList\">-</Data>\n      <Data Name=\"SamAccountName\">dsurti_test</Data>\n      <Data Name=\"DisplayName\">dsurti_test</Data>\n      <Data Name=\"UserPrincipalName\">dsurti_test@taf.local</Data>\n      <Data Name=\"HomeDirectory\">-</Data>\n      <Data Name=\"HomePath\">-</Data>\n      <Data Name=\"ScriptPath\">-</Data>\n      <Data Name=\"ProfilePath\">-</Data>\n      <Data Name=\"UserWorkstations\">-</Data>\n      <Data Name=\"PasswordLastSet\">%%1794</Data>\n      <Data Name=\"AccountExpires\">%%1794</Data>\n      <Data Name=\"PrimaryGroupId\">513</Data>\n      <Data Name=\"AllowedToDelegateTo\">-</Data>\n      <Data Name=\"OldUacValue\">0x0</Data>\n      <Data Name=\"NewUacValue\">0x15</Data>\n      <Data Name=\"UserAccountControl\">\n\t\t%%2080\n\t\t%%2082\n\t\t%%2084</Data>\n      <Data Name=\"UserParameters\">-</Data>\n      <Data Name=\"SidHistory\">-</Data>\n      <Data Name=\"LogonHours\">%%1793</Data>\n   </EventData>\n</Event>","severity":"Informational","severity_id":1,"status":"Success","status_id":1,"time":1640618429421,"type_name":"Account Change: Create","type_uid":300101,"unmapped":{"EventData":{"AccountExpires":"%%1794","DisplayName":"dsurti_test","LogonHours":"%%1793","NewUacValue":"0x15","OldUacValue":"0x0","PasswordLastSet":"%%1794","PrimaryGroupId":"513","SamAccountName":"dsurti_test","UserAccountControl":"%%2080\n\t\t%%2082\n\t\t%%2084"},"Execution":{"ProcessID":"704","ThreadID":"4984"},"Opcode":"0","Task":"13824"},"user":{"account":{"name":"dsurti_test","type":"Windows Account","type_id":2,"uid":"TAF\\dsurti_test"},"domain":"TAF","email_addr":"dsurti_test@taf.local","name":"dsurti_test","uid":"TAF\\dsurti_test"}}
{"activity_id":2,"activity_name":"Enable","actor":{"session":{"uid":"0x219ba5"},"user":{"account":{"name":"administrator","type":"Windows Account","type_id":2,"uid":"TAF\\Administrator"},"domain":"TAF","name":"administrator","uid":"TAF\\Administrator"}},"category_name":"Identity & Access Management","category_uid":3,"class_name":"Account Change","class_uid":3001,"device":{"hostname":"WIN-9A3SFCUS26U.taf.local","os":{"name":"Windows","type":"Windows","type_id":100},"type":"Unknown","type_id":0},"metadata":{"event_code":"4722","log_name":"Security","log_provider":"Microsoft-Windows-Security-Auditing","log_version":"0","original_time":"2021-12-27T15:20:29.5176095Z","product":{"feature":{"uid":"{54849625-5478-4994-a5ba-3e3b0328c30d}"},"name":"Microsoft Windows","vendor_name":"Microsoft"},"profiles":["host"],"sequence":4243004,"uid":"b188dd0c0e38ee7ae2ce4d973cfac29d","version":"1.4.0"},"observables":[{"name":"actor.user","type":"User","type_id":21},{"name":"actor.user.account.uid","type":"Account Object: uid","type_id":35,"value":"TAF\\Administrator"},{"name":"actor.user.account.name","type":"Account Object: name","type_id":34,"value":"administrator"},{"name":"actor.user.name","type":"User Name","type_id":4,"value":"administrator"},{"name":"actor.user.uid","type":"User Object: uid","type_id":31,"value":"TAF\\Administrator"},{"name":"user","type":"User","type_id":21},{"name":"user.account.uid","type":"Account Object: uid","type_id":35,"value":"TAF\\dsurti_test"},{"name":"user.account.name","type":"Account Object: name","type_id":34,"value":"dsurti_test"},{"name":"user.name","type":"User Name","type_id":4,"value":"dsurti_test"},{"name":"user.uid","type":"User Object: uid","type_id":31,"value":"TAF\\dsurti_test"},{"name":"device","type":"Endpoint","type_id":20},{"name":"device.hostname","type":"Hostname","type_id":1,"value":"WIN-9A3SFCUS26U.taf.local"}],"raw_data":"<?xml version=\"1.0\" ?>\n<Event xmlns=\"http://schemas.microsoft.com/win/2004/08/events/event\">\n   <System>\n      <Provider Name=\"Microsoft-Windows-Security-Auditing\" Guid=\"{54849625-5478-4994-a5ba-3e3b0328c30d}\"/>\n      <EventID>4722</EventID>\n      <Version>0</Version>\n      <Level>0</Level>\n      <Task>13824</Task>\n      <Opcode>0</Opcode>\n      <Keywords>0x8020000000000000</Keywords>\n      <TimeCreated SystemTime=\"2021-12-27T15:20:29.5176095Z\"/>\n      <EventRecordID>4243004</EventRecordID>\n      <Correlation/>\n      <Execution ProcessID=\"704\" ThreadID=\"8512\"/>\n      <Channel>Security</Channel>\n      <Computer>WIN-9A3SFCUS26U.taf.local</Computer>\n      <Security/>\n   </System>\n   <EventData>\n      <Data Name=\"TargetUserName\">dsurti_test</Data>\n      <Data Name=\"TargetDomainName\">TAF</Data>\n      <Data Name=\"TargetSid\">TAF\\dsurti_test</Data>\n      <Data Name=\"SubjectUserSid\">TAF\\Administrator</Data>\n      <Data Name=\"SubjectUserName\">administrator</Data>\n      <Data Name=\"SubjectDomainName\">TAF</Data>\n      <Data Name=\"SubjectLogonId\">0x219ba5</Data>\n   </EventData>\n</Event>","severity":"Informational","severity_id":1,"status":"Success","status_id":1,"time":1640618429517,"type_name":"Account Change: Enable","type_uid":300102,"unmapped":{"Execution":{"ProcessID":"704","ThreadID":"8512"},"Opcode":"0","Task":"13824"},"user":{"account":{"name":"dsurti_test","type":"Windows Account","type_id":2,"uid":"TAF\\dsurti_test"},"domain":"TAF","name":"dsurti_test","uid":"TAF\\dsurti_test"}}
{"activity_id":3,"activity_name":"Password Change","actor":{"session":{"uid":"0x16eec6a4"},"user":{"account":{"name":"dsurti_user2","type":"Windows Account","type_id":2,"uid":"TAF\\dsurti_user2"},"domain":"TAF","name":"dsurti_user2","uid":"TAF\\dsurti_user2"}},"category_name":"Identity & Access Management","category_uid":3,"class_name":"Account Change","class_uid":3001,"device":{"hostname":"WIN-9A3SFCUS26U.taf.local","os":{"name":"Windows","type":"Windows","type_id":100},"type":"Unknown","type_id":0},"metadata":{"event_code":"4723","log_name":"Security","log_provider":"Microsoft-Windows-Security-Auditing","log_version":"0","original_time":"2021-12-27T21:37:12.5427663Z","product":{"feature":{"uid":"{54849625-5478-4994-a5ba-3e3b0328c30d}"},"name":"Microsoft Windows","vendor_name":"Microsoft"},"profiles":["host"],"sequence":4335581,"uid":"901ddaa005c024b54e6c94880649c3a6","version":"1.4.0"},"observables":[{"name":"actor.user","type":"User","type_id":21},{"name":"actor.user.uid","type":"User Object: uid","type_id":31,"value":"TAF\\dsurti_user2"},{"name":"actor.user.account.uid","type":"Account Object: uid","type_id":35,"value":"TAF\\dsurti_user2"},{"name":"actor.user.account.name","type":"Account Object: name","type_id":34,"value":"dsurti_user2"},{"name":"actor.user.name","type":"User Name","type_id":4,"value":"dsurti_user2"},{"name":"user","type":"User","type_id":21},{"name":"user.account.uid","type":"Account Object: uid","type_id":35,"value":"TAF\\dsurti_user2"},{"name":"user.account.name","type":"Account Object: name","type_id":34,"value":"dsurti_user2"},{"name":"user.name","type":"User Name","type_id":4,"value":"dsurti_user2"},{"name":"user.uid","type":"User Object: uid","type_id":31,"value":"TAF\\dsurti_user2"},{"name":"device","type":"Endpoint","type_id":20},{"name":"device.hostname","type":"Hostname","type_id":1,"value":"WIN-9A3SFCUS26U.taf.local"}],"raw_data":"<?xml version=\"1.0\" ?>\n<Event xmlns=\"http://schemas.microsoft.com/win/2004/08/events/event\">\n   <System>\n      <Provider Name=\"Microsoft-Windows-Security-Auditing\" Guid=\"{54849625-5478-4994-a5ba-3e3b0328c30d}\"/>\n      <EventID>4723</EventID>\n      <Version>0</Version>\n      <Level>0</Level>\n      <Task>13824</Task>\n      <Opcode>0</Opcode>\n      <Keywords>0x8020000000000000</Keywords>\n      <TimeCreated SystemTime=\"2021-12-27T21:37:12.5427663Z\"/>\n      <EventRecordID>4335581</EventRecordID>\n      <Correlation/>\n      <Execution ProcessID=\"704\" ThreadID=\"8268\"/>\n      <Channel>Security</Channel>\n      <Computer>WIN-9A3SFCUS26U.taf.local</Computer>\n      <Security/>\n   </System>\n   <EventData>\n      <Data Name=\"TargetUserName\">dsurti_user2</Data>\n      <Data Name=\"TargetDomainName\">TAF</Data>\n      <Data Name=\"TargetSid\">TAF\\dsurti_user2</Data>\n      <Data Name=\"SubjectUserSid\">TAF\\dsurti_user2</Data>\n      <Data Name=\"SubjectUserName\">dsurti_user2</Data>\n      <Data Name=\"SubjectDomainName\">TAF</Data>\n      <Data Name=\"SubjectLogonId\">0x16eec6a4</Data>\n      <Data Name=\"PrivilegeList\">-</Data>\n   </EventData>\n</Event>","severity":"Informational","severity_id":1,"status":"Success","status_id":1,"time":1640641032542,"type_name":"Account Change: Password Change","type_uid":300103,"unmapped":{"Execution":{"ProcessID":"704","ThreadID":"8268"},"Opcode":"0","Task":"13824"},"user":{"account":{"name":"dsurti_user2","type":"Windows Account","type_id":2,"uid":"TAF\\dsurti_user2"},"domain":"TAF","name":"dsurti_user2","uid":"TAF\\dsurti_user2"}}
{"activity_id":4,"activity_name":"Password Reset","actor":{"session":{"uid":"0x16e4ddbc"},"user":{"account":{"name":"Administrator","type":"Windows Account","type_id":2,"uid":"TAF\\Administrator"},"domain":"TAF","name":"Administrator","uid":"TAF\\Administrator"}},"category_name":"Identity & Access Management","category_uid":3,"class_name":"Account Change","class_uid":3001,"device":{"hostname":"WIN-9A3SFCUS26U.taf.local","os":{"name":"Windows","type":"Windows","type_id":100},"type":"Unknown","type_id":0},"metadata":{"event_code":"4724","log_name":"Security","log_provider":"Microsoft-Windows-Security-Auditing","log_version":"0","original_time":"2021-12-27T21:33:24.8172675Z","product":{"feature":{"uid":"{54849625-5478-4994-a5ba-3e3b0328c30d}"},"name":"Microsoft Windows","vendor_name":"Microsoft"},"profiles":["host"],"sequence":4334323,"uid":"6e6f230562d012c208499aa1cf694c91","version":"1.4.0"},"observables":[{"name":"actor.user","type":"User","type_id":21},{"name":"actor.user.name","type":"User Name","type_id":4,"value":"Administrator"},{"name":"actor.user.uid","type":"User Object: uid","type_id":31,"value":"TAF\\Administrator"},{"name":"actor.user.account.uid","type":"Account Object: uid","type_id":35,"value":"TAF\\Administrator"},{"name":"actor.user.account.name","type":"Account Object: name","type_id":34,"value":"Administrator"},{"name":"device","type":"Endpoint","type_id":20},{"name":"device.hostname","type":"Hostname","type_id":1,"value":"WIN-9A3SFCUS26U.taf.local"},{"name":"user","type":"User","type_id":21},{"name":"user.name","type":"User Name","type_id":4,"value":"dsurti_user2"},{"name":"user.uid","type":"User Object: uid","type_id":31,"value":"TAF\\dsurti_user2"},{"name":"user.account.uid","type":"Account Object: uid","type_id":35,"value":"TAF\\dsurti_user2"},{"name":"user.account.name","type":"Account Object: name","type_id":34,"value":"dsurti_user2"}],"raw_data":"<?xml version=\"1.0\" ?>\n<Event xmlns=\"http://schemas.microsoft.com/win/2004/08/events/event\">\n   <System>\n      <Provider Name=\"Microsoft-Windows-Security-Auditing\" Guid=\"{54849625-5478-4994-a5ba-3e3b0328c30d}\"/>\n      <EventID>4724</EventID>\n      <Version>0</Version>\n      <Level>0</Level>\n      <Task>13824</Task>\n      <Opcode>0</Opcode>\n      <Keywords>0x8020000000000000</Keywords>\n      <TimeCreated SystemTime=\"2021-12-27T21:33:24.8172675Z\"/>\n      <EventRecordID>4334323</EventRecordID>\n      <Correlation/>\n      <Execution ProcessID=\"704\" ThreadID=\"4980\"/>\n      <Channel>Security</Channel>\n      <Computer>WIN-9A3SFCUS26U.taf.local</Computer>\n      <Security/>\n   </System>\n   <EventData>\n      <Data Name=\"TargetUserName\">dsurti_user2</Data>\n      <Data Name=\"TargetDomainName\">TAF</Data>\n      <Data Name=\"TargetSid\">TAF\\dsurti_user2</Data>\n      <Data Name=\"SubjectUserSid\">TAF\\Administrator</Data>\n      <Data Name=\"SubjectUserName\">Administrator</Data>\n      <Data Name=\"SubjectDomainName\">TAF</Data>\n      <Data Name=\"SubjectLogonId\">0x16e4ddbc</Data>\n   </EventData>\n</Event>","severity":"Informational","severity_id":1,"status":"Success","status_id":1,"time":1640640804817,"type_name":"Account Change: Password Reset","type_uid":300104,"unmapped":{"Execution":{"ProcessID":"704","ThreadID":"4980"},"Opcode":"0","Task":"13824"},"user":{"account":{"name":"dsurti_user2","type":"Windows Account","type_id":2,"uid":"TAF\\dsurti_user2"},"domain":"TAF","name":"dsurti_user2","uid":"TAF\\dsurti_user2"}}
{"activity_id":6,"activity_name":"Delete","actor":{"session":{"uid":"0x219ba5"},"user":{"account":{"name":"administrator","type":"Windows Account","type_id":2,"uid":"TAF\\Administrator"},"domain":"TAF","name":"administrator","uid":"TAF\\Administrator"}},"category_name":"Identity & Access Management","category_uid":3,"class_name":"Account Change","class_uid":3001,"device":{"hostname":"WIN-9A3SFCUS26U.taf.local","os":{"name":"Windows","type":"Windows","type_id":100},"type":"Unknown","type_id":0},"metadata":{"event_code":"4726","log_name":"Security","log_provider":"Microsoft-Windows-Security-Auditing","log_version":"0","original_time":"2021-12-27T18:41:37.0509607Z","product":{"feature":{"uid":"{54849625-5478-4994-a5ba-3e3b0328c30d}"},"name":"Microsoft Windows","vendor_name":"Microsoft"},"profiles":["host"],"sequence":4292184,"uid":"2ad43e7df9bc7271f11e7dcaf5368fe7","version":"1.4.0"},"observables":[{"name":"actor.user","type":"User","type_id":21},{"name":"actor.user.account.uid","type":"Account Object: uid","type_id":35,"value":"TAF\\Administrator"},{"name":"actor.user.account.name","type":"Account Object: name","type_id":34,"value":"administrator"},{"name":"actor.user.name","type":"User Name","type_id":4,"value":"administrator"},{"name":"actor.user.uid","type":"User Object: uid","type_id":31,"value":"TAF\\Administrator"},{"name":"user","type":"User","type_id":21},{"name":"user.name","type":"User Name","type_id":4,"value":"dsurti_test"},{"name":"user.uid","type":"User Object: uid","type_id":31,"value":"TAF\\dsurti_test"},{"name":"user.account.uid","type":"Account Object: uid","type_id":35,"value":"TAF\\dsurti_test"},{"name":"user.account.name","type":"Account Object: name","type_id":34,"value":"dsurti_test"},{"name":"device","type":"Endpoint","type_id":20},{"name":"device.hostname","type":"Hostname","type_id":1,"value":"WIN-9A3SFCUS26U.taf.local"}],"raw_data":"<?xml version=\"1.0\" ?>\n<Event xmlns=\"http://schemas.microsoft.com/win/2004/08/events/event\">\n   <System>\n      <Provider Name=\"Microsoft-Windows-Security-Auditing\" Guid=\"{54849625-5478-4994-a5ba-3e3b0328c30d}\"/>\n      <EventID>4726</EventID>\n      <Version>0</Version>\n      <Level>0</Level>\n      <Task>13824</Task>\n      <Opcode>0</Opcode>\n      <Keywords>0x8020000000000000</Keywords>\n      <TimeCreated SystemTime=\"2021-12-27T18:41:37.0509607Z\"/>\n      <EventRecordID>4292184</EventRecordID>\n      <Correlation/>\n      <Execution ProcessID=\"704\" ThreadID=\"8512\"/>\n      <Channel>Security</Channel>\n      <Computer>WIN-9A3SFCUS26U.taf.local</Computer>\n      <Security/>\n   </System>\n   <EventData>\n      <Data Name=\"TargetUserName\">dsurti_test</Data>\n      <Data Name=\"TargetDomainName\">TAF</Data>\n      <Data Name=\"TargetSid\">TAF\\dsurti_test</Data>\n      <Data Name=\"SubjectUserSid\">TAF\\Administrator</Data>\n      <Data Name=\"SubjectUserName\">administrator</Data>\n      <Data Name=\"SubjectDomainName\">TAF</Data>\n      <Data Name=\"SubjectLogonId\">0x219ba5</Data>\n      <Data Name=\"PrivilegeList\">-</Data>\n   </EventData>\n</Event>","severity":"Informational","severity_id":1,"status":"Success","status_id":1,"time":1640630497050,"type_name":"Account Change: Delete","type_uid":300106,"unmapped":{"Execution":{"ProcessID":"704","ThreadID":"8512"},"Opcode":"0","Task":"13824"},"user":{"account":{"name":"dsurti_test","type":"Windows Account","type_id":2,"uid":"TAF\\dsurti_test"},"domain":"TAF","name":"dsurti_test","uid":"TAF\\dsurti_test"}}
{"activity_id":3,"activity_name":"Add User","actor":{"session":{"uid":"0x3e6"},"user":{"account":{"name":"ANONYMOUS LOGON","type":"Windows Account","type_id":2,"uid":"NT AUTHORITY\\ANONYMOUS LOGON"},"domain":"NT AUTHORITY","name":"ANONYMOUS LOGON","uid":"NT AUTHORITY\\ANONYMOUS LOGON"}},"category_name":"Identity & Access Management","category_uid":3,"class_name":"Group Management","class_uid":3006,"device":{"hostname":"C5672481682.taf.local","os":{"name":"Windows","type":"Windows","type_id":100},"type":"Unknown","type_id":0},"group":{"domain":"C5672481682","name":"None","uid":"C5672481682\\None"},"metadata":{"event_code":"4728","log_name":"Security","log_provider":"Microsoft-Windows-Security-Auditing","log_version":"0","original_time":"2022-11-11T07:07:25.5791670Z","product":{"feature":{"uid":"{54849625-5478-4994-a5ba-3e3b0328c30d}"},"name":"Microsoft Windows","vendor_name":"Microsoft"},"profiles":["host"],"sequence":24925,"uid":"a4b821d3424847e6bedef60c203a1c74","version":"1.4.0"},"observables":[{"name":"device","type":"Endpoint","type_id":20},{"name":"device.hostname","type":"Hostname","type_id":1,"value":"C5672481682.taf.local"},{"name":"user","type":"User","type_id":21},{"name":"user.account.uid","type":"Account Object: uid","type_id":35,"value":"C5672481682\\WDAGUtilityAccount"},{"name":"user.account.name","type":"Account Object: name","type_id":34,"value":"WDAGUtilityAccount"},{"name":"user.uid","type":"User Object: uid","type_id":31,"value":"C5672481682\\WDAGUtilityAccount"},{"name":"user.name","type":"User Name","type_id":4,"value":"WDAGUtilityAccount"},{"name":"group.name","type":"Group Object: name","type_id":32,"value":"None"},{"name":"group.uid","type":"Group Object: uid","type_id":33,"value":"C5672481682\\None"},{"name":"actor.user","type":"User","type_id":21},{"name":"actor.user.account.uid","type":"Account Object: uid","type_id":35,"value":"NT AUTHORITY\\ANONYMOUS LOGON"},{"name":"actor.user.account.name","type":"Account Object: name","type_id":34,"value":"ANONYMOUS LOGON"},{"name":"actor.user.name","type":"User Name","type_id":4,"value":"ANONYMOUS LOGON"},{"name":"actor.user.uid","type":"User Object: uid","type_id":31,"value":"NT AUTHORITY\\ANONYMOUS LOGON"}],"raw_data":"<?xml version=\"1.0\" ?>\n<Event xmlns=\"http://schemas.microsoft.com/win/2004/08/events/event\">\n   <System>\n      <Provider Name=\"Microsoft-Windows-Security-Auditing\" Guid=\"{54849625-5478-4994-a5ba-3e3b0328c30d}\"/>\n      <EventID>4728</EventID>\n      <Version>0</Version>\n      <Level>0</Level>\n      <Task>13826</Task>\n      <Opcode>0</Opcode>\n      <Keywords>0x8020000000000000</Keywords>\n      <TimeCreated SystemTime=\"2022-11-11T07:07:25.5791670Z\"/>\n      <EventRecordID>24925</EventRecordID>\n      <Correlation/>\n      <Execution ProcessID=\"648\" ThreadID=\"652\"/>\n      <Channel>Security</Channel>\n      <Computer>C5672481682.taf.local</Computer>\n      <Security/>\n   </System>\n   <EventData>\n      <Data Name=\"MemberName\">-</Data>\n      <Data Name=\"MemberSid\">C5672481682\\WDAGUtilityAccount</Data>\n      <Data Name=\"TargetUserName\">None</Data>\n      <Data Name=\"TargetDomainName\">C5672481682</Data>\n      <Data Name=\"TargetSid\">C5672481682\\None</Data>\n      <Data Name=\"SubjectUserSid\">NT AUTHORITY\\ANONYMOUS LOGON</Data>\n      <Data Name=\"SubjectUserName\">ANONYMOUS LOGON</Data>\n      <Data Name=\"SubjectDomainName\">NT AUTHORITY</Data>\n      <Data Name=\"SubjectLogonId\">0x3e6</Data>\n      <Data Name=\"PrivilegeList\">-</Data>\n   </EventData>\n</Event>","severity":"Informational","severity_id":1,"status":"Success","status_id":1,"time":1668150445579,"type_name":"Group Management: Add User","type_uid":300603,"unmapped":{"Execution":{"ProcessID":"648","ThreadID":"652"},"Opcode":"0","Task":"13826"},"user":{"account":{"name":"WDAGUtilityAccount","type":"Windows Account","type_id":2,"uid":"C5672481682\\WDAGUtilityAccount"},"domain":"C5672481682","name":"WDAGUtilityAccount","uid":"C5672481682\\WDAGUtilityAccount"}}
{"activity_id":3,"activity_name":"Add User","actor":{"session":{"uid":"0x13d5e027"},"user":{"account":{"name":"ravi","type":"Windows Account","type_id":2,"uid":"S-1-5-21-1406531526-4149269749-34710086-1104"},"domain":"SPLUNK","name":"ravi","uid":"S-1-5-21-1406531526-4149269749-34710086-1104"}},"category_name":"Identity & Access Management","category_uid":3,"class_name":"Group Management","class_uid":3006,"device":{"hostname":"C3748226038.local.domain","os":{"name":"Windows","type":"Windows","type_id":100},"type":"Unknown","type_id":0},"group":{"domain":"SPLUNK","name":"crest-global1","uid":"S-1-5-21-1406531526-4149269749-34710086-1110"},"metadata":{"event_code":"4728","log_name":"Security","log_provider":"Microsoft-Windows-Security-Auditing","log_version":"0","original_time":"2022-12-30T06:41:32.376198100Z","product":{"feature":{"uid":"{54849625-5478-4994-a5ba-3e3b0328c30d}"},"name":"Microsoft Windows","vendor_name":"Microsoft"},"profiles":["host"],"sequence":41258,"uid":"07e088287bef8fb333dad938e260860e","version":"1.4.0"},"observables":[{"name":"user","type":"User","type_id":21},{"name":"user.name","type":"User Name","type_id":4,"value":"new user"},{"name":"user.account.uid","type":"Account Object: uid","type_id":35,"value":"S-1-5-21-1406531526-4149269749-34710086-1103"},{"name":"user.account.name","type":"Account Object: name","type_id":34,"value":"new user"},{"name":"user.uid","type":"User Object: uid","type_id":31,"value":"S-1-5-21-1406531526-4149269749-34710086-1103"},{"name":"actor.user","type":"User","type_id":21},{"name":"actor.user.name","type":"User Name","type_id":4,"value":"ravi"},{"name":"actor.user.uid","type":"User Object: uid","type_id":31,"value":"S-1-5-21-1406531526-4149269749-34710086-1104"},{"name":"actor.user.account.uid","type":"Account Object: uid","type_id":35,"value":"S-1-5-21-1406531526-4149269749-34710086-1104"},{"name":"actor.user.account.name","type":"Account Object: name","type_id":34,"value":"ravi"},{"name":"group.name","type":"Group Object: name","type_id":32,"value":"crest-global1"},{"name":"group.uid","type":"Group Object: uid","type_id":33,"value":"S-1-5-21-1406531526-4149269749-34710086-1110"},{"name":"device","type":"Endpoint","type_id":20},{"name":"device.hostname","type":"Hostname","type_id":1,"value":"C3748226038.local.domain"}],"raw_data":"<?xml version=\"1.0\" ?>\n<Event xmlns=\"http://schemas.microsoft.com/win/2004/08/events/event\">\n   <System>\n      <Provider Name=\"Microsoft-Windows-Security-Auditing\" Guid=\"{54849625-5478-4994-a5ba-3e3b0328c30d}\"/>\n      <EventID>4728</EventID>\n      <Version>0</Version>\n      <Level>0</Level>\n      <Task>13826</Task>\n      <Opcode>0</Opcode>\n      <Keywords>0x8020000000000000</Keywords>\n      <TimeCreated SystemTime=\"2022-12-30T06:41:32.376198100Z\"/>\n      <EventRecordID>41258</EventRecordID>\n      <Correlation/>\n      <Execution ProcessID=\"612\" ThreadID=\"2624\"/>\n      <Channel>Security</Channel>\n      <Computer>C3748226038.local.domain</Computer>\n      <Security/>\n   </System>\n   <EventData>\n      <Data Name=\"MemberName\">CN=new user,CN=Users,DC=local,DC=domain</Data>\n      <Data Name=\"MemberSid\">S-1-5-21-1406531526-4149269749-34710086-1103</Data>\n      <Data Name=\"TargetUserName\">crest-global1</Data>\n      <Data Name=\"TargetDomainName\">SPLUNK</Data>\n      <Data Name=\"TargetSid\">S-1-5-21-1406531526-4149269749-34710086-1110</Data>\n      <Data Name=\"SubjectUserSid\">S-1-5-21-1406531526-4149269749-34710086-1104</Data>\n      <Data Name=\"SubjectUserName\">ravi</Data>\n      <Data Name=\"SubjectDomainName\">SPLUNK</Data>\n      <Data Name=\"SubjectLogonId\">0x13d5e027</Data>\n      <Data Name=\"PrivilegeList\">-</Data>\n   </EventData>\n</Event>","severity":"Informational","severity_id":1,"status":"Success","status_id":1,"time":1672382492376,"type_name":"Group Management: Add User","type_uid":300603,"unmapped":{"EventData":{"MemberName":"CN=new user,CN=Users,DC=local,DC=domain"},"Execution":{"ProcessID":"612","ThreadID":"2624"},"Opcode":"0","Task":"13826","event_data":{"toplevel":"domain","usergroup":"Users"}},"user":{"account":{"name":"new user","type":"Windows Account","type_id":2,"uid":"S-1-5-21-1406531526-4149269749-34710086-1103"},"domain":"local","name":"new user","uid":"S-1-5-21-1406531526-4149269749-34710086-1103"}}
{"activity_id":4,"activity_name":"Remove User","actor":{"session":{"uid":"0x1406fe"},"user":{"account":{"name":"administrator","type":"Windows Account","type_id":2,"uid":"LOCAL\\Administrator"},"domain":"LOCAL","name":"administrator","uid":"LOCAL\\Administrator"}},"category_name":"Identity & Access Management","category_uid":3,"class_name":"Group Management","class_uid":3006,"device":{"hostname":"C9154492706.local.domain","os":{"name":"Windows","type":"Windows","type_id":100},"type":"Unknown","type_id":0},"group":{"domain":"LOCAL","name":"glb","uid":"LOCAL\\glb"},"metadata":{"event_code":"4729","log_name":"Security","log_provider":"Microsoft-Windows-Security-Auditing","log_version":"0","original_time":"2023-01-06T13:18:27.0107865Z","product":{"feature":{"uid":"{54849625-5478-4994-a5ba-3e3b0328c30d}"},"name":"Microsoft Windows","vendor_name":"Microsoft"},"profiles":["host"],"sequence":25516,"uid":"9e643529aa46740cfbe6e0ac16c99744","version":"1.4.0"},"observables":[{"name":"user","type":"User","type_id":21},{"name":"user.account.uid","type":"Account Object: uid","type_id":35,"value":"LOCAL\\ddd"},{"name":"user.account.name","type":"Account Object: name","type_id":34,"value":"ddd"},{"name":"user.uid","type":"User Object: uid","type_id":31,"value":"LOCAL\\ddd"},{"name":"user.name","type":"User Name","type_id":4,"value":"ddd"},{"name":"actor.user","type":"User","type_id":21},{"name":"actor.user.name","type":"User Name","type_id":4,"value":"administrator"},{"name":"actor.user.uid","type":"User Object: uid","type_id":31,"value":"LOCAL\\Administrator"},{"name":"actor.user.account.uid","type":"Account Object: uid","type_id":35,"value":"LOCAL\\Administrator"},{"name":"actor.user.account.name","type":"Account Object: name","type_id":34,"value":"administrator"},{"name":"group.name","type":"Group Object: name","type_id":32,"value":"glb"},{"name":"group.uid","type":"Group Object: uid","type_id":33,"value":"LOCAL\\glb"},{"name":"device","type":"Endpoint","type_id":20},{"name":"device.hostname","type":"Hostname","type_id":1,"value":"C9154492706.local.domain"}],"raw_data":"<?xml version=\"1.0\" ?>\n<Event xmlns=\"http://schemas.microsoft.com/win/2004/08/events/event\">\n   <System>\n      <Provider Name=\"Microsoft-Windows-Security-Auditing\" Guid=\"{54849625-5478-4994-a5ba-3e3b0328c30d}\"/>\n      <EventID>4729</EventID>\n      <Version>0</Version>\n      <Level>0</Level>\n      <Task>13826</Task>\n      <Opcode>0</Opcode>\n      <Keywords>0x8020000000000000</Keywords>\n      <TimeCreated SystemTime=\"2023-01-06T13:18:27.0107865Z\"/>\n      <EventRecordID>25516</EventRecordID>\n      <Correlation/>\n      <Execution ProcessID=\"696\" ThreadID=\"2788\"/>\n      <Channel>Security</Channel>\n      <Computer>C9154492706.local.domain</Computer>\n      <Security/>\n   </System>\n   <EventData>\n      <Data Name=\"MemberName\">CN=ddd daas.,CN=Users,DC=local,DC=domain</Data>\n      <Data Name=\"MemberSid\">LOCAL\\ddd</Data>\n      <Data Name=\"TargetUserName\">glb</Data>\n      <Data Name=\"TargetDomainName\">LOCAL</Data>\n      <Data Name=\"TargetSid\">LOCAL\\glb</Data>\n      <Data Name=\"SubjectUserSid\">LOCAL\\Administrator</Data>\n      <Data Name=\"SubjectUserName\">administrator</Data>\n      <Data Name=\"SubjectDomainName\">LOCAL</Data>\n      <Data Name=\"SubjectLogonId\">0x1406fe</Data>\n      <Data Name=\"PrivilegeList\">-</Data>\n   </EventData>\n</Event>","severity":"Informational","severity_id":1,"status":"Success","status_id":1,"time":1673011107010,"type_name":"Group Management: Remove User","type_uid":300604,"unmapped":{"EventData":{"MemberName":"CN=ddd daas.,CN=Users,DC=local,DC=domain"},"Execution":{"ProcessID":"696","ThreadID":"2788"},"Opcode":"0","Task":"13826","event_data":{"toplevel":"domain","usergroup":"Users"}},"user":{"account":{"name":"ddd","type":"Windows Account","type_id":2,"uid":"LOCAL\\ddd"},"domain":"LOCAL","name":"ddd","uid":"LOCAL\\ddd"}}
{"activity_id":4,"activity_name":"Remove User","actor":{"session":{"uid":"0x13d5e027"},"user":{"account":{"name":"ravi","type":"Windows Account","type_id":2,"uid":"S-1-5-21-1406531526-4149269749-34710086-1104"},"domain":"SPLUNK","name":"ravi","uid":"S-1-5-21-1406531526-4149269749-34710086-1104"}},"category_name":"Identity & Access Management","category_uid":3,"class_name":"Group Management","class_uid":3006,"device":{"hostname":"C3748226038.local.domain","os":{"name":"Windows","type":"Windows","type_id":100},"type":"Unknown","type_id":0},"group":{"domain":"SPLUNK","name":"crest-global1","uid":"S-1-5-21-1406531526-4149269749-34710086-1110"},"metadata":{"event_code":"4729","log_name":"Security","log_provider":"Microsoft-Windows-Security-Auditing","log_version":"0","original_time":"2022-12-30T06:41:59.980197900Z","product":{"feature":{"uid":"{54849625-5478-4994-a5ba-3e3b0328c30d}"},"name":"Microsoft Windows","vendor_name":"Microsoft"},"profiles":["host"],"sequence":41260,"uid":"563659be6bb4b5e915e345ff533f7418","version":"1.4.0"},"observables":[{"name":"user","type":"User","type_id":21},{"name":"user.account.uid","type":"Account Object: uid","type_id":35,"value":"S-1-5-21-1406531526-4149269749-34710086-1103"},{"name":"user.account.name","type":"Account Object: name","type_id":34,"value":"new user"},{"name":"user.uid","type":"User Object: uid","type_id":31,"value":"S-1-5-21-1406531526-4149269749-34710086-1103"},{"name":"user.name","type":"User Name","type_id":4,"value":"new user"},{"name":"group.name","type":"Group Object: name","type_id":32,"value":"crest-global1"},{"name":"group.uid","type":"Group Object: uid","type_id":33,"value":"S-1-5-21-1406531526-4149269749-34710086-1110"},{"name":"device","type":"Endpoint","type_id":20},{"name":"device.hostname","type":"Hostname","type_id":1,"value":"C3748226038.local.domain"},{"name":"actor.user","type":"User","type_id":21},{"name":"actor.user.account.uid","type":"Account Object: uid","type_id":35,"value":"S-1-5-21-1406531526-4149269749-34710086-1104"},{"name":"actor.user.account.name","type":"Account Object: name","type_id":34,"value":"ravi"},{"name":"actor.user.name","type":"User Name","type_id":4,"value":"ravi"},{"name":"actor.user.uid","type":"User Object: uid","type_id":31,"value":"S-1-5-21-1406531526-4149269749-34710086-1104"}],"raw_data":"<?xml version=\"1.0\" ?>\n<Event xmlns=\"http://schemas.microsoft.com/win/2004/08/events/event\">\n   <System>\n      <Provider Name=\"Microsoft-Windows-Security-Auditing\" Guid=\"{54849625-5478-4994-a5ba-3e3b0328c30d}\"/>\n      <EventID>4729</EventID>\n      <Version>0</Version>\n      <Level>0</Level>\n      <Task>13826</Task>\n      <Opcode>0</Opcode>\n      <Keywords>0x8020000000000000</Keywords>\n      <TimeCreated SystemTime=\"2022-12-30T06:41:59.980197900Z\"/>\n      <EventRecordID>41260</EventRecordID>\n      <Correlation/>\n      <Execution ProcessID=\"612\" ThreadID=\"3736\"/>\n      <Channel>Security</Channel>\n      <Computer>C3748226038.local.domain</Computer>\n      <Security/>\n   </System>\n   <EventData>\n      <Data Name=\"MemberName\">CN=new user,CN=Users,DC=local,DC=domain</Data>\n      <Data Name=\"MemberSid\">S-1-5-21-1406531526-4149269749-34710086-1103</Data>\n      <Data Name=\"TargetUserName\">crest-global1</Data>\n      <Data Name=\"TargetDomainName\">SPLUNK</Data>\n      <Data Name=\"TargetSid\">S-1-5-21-1406531526-4149269749-34710086-1110</Data>\n      <Data Name=\"SubjectUserSid\">S-1-5-21-1406531526-4149269749-34710086-1104</Data>\n      <Data Name=\"SubjectUserName\">ravi</Data>\n      <Data Name=\"SubjectDomainName\">SPLUNK</Data>\n      <Data Name=\"SubjectLogonId\">0x13d5e027</Data>\n      <Data Name=\"PrivilegeList\">-</Data>\n   </EventData>\n</Event>","severity":"Informational","severity_id":1,"status":"Success","status_id":1,"time":1672382519980,"type_name":"Group Management: Remove User","type_uid":300604,"unmapped":{"EventData":{"MemberName":"CN=new user,CN=Users,DC=local,DC=domain"},"Execution":{"ProcessID":"612","ThreadID":"3736"},"Opcode":"0","Task":"13826","event_data":{"toplevel":"domain","usergroup":"Users"}},"user":{"account":{"name":"new user","type":"Windows Account","type_id":2,"uid":"S-1-5-21-1406531526-4149269749-34710086-1103"},"domain":"local","name":"new user","uid":"S-1-5-21-1406531526-4149269749-34710086-1103"}}
{"activity_id":3,"activity_name":"Add User","actor":{"session":{"uid":"0x219ba5"},"user":{"account":{"name":"administrator","type":"Windows Account","type_id":2,"uid":"TAF\\Administrator"},"domain":"TAF","name":"administrator","uid":"TAF\\Administrator"}},"category_name":"Identity & Access Management","category_uid":3,"class_name":"Group Management","class_uid":3006,"device":{"hostname":"WIN-9A3SFCUS26U.taf.local","os":{"name":"Windows","type":"Windows","type_id":100},"type":"Unknown","type_id":0},"group":{"domain":"Builtin","name":"Administrators","uid":"BUILTIN\\Administrators"},"metadata":{"event_code":"4732","log_name":"Security","log_provider":"Microsoft-Windows-Security-Auditing","log_version":"0","original_time":"2021-12-27T21:43:07.0154566Z","product":{"feature":{"uid":"{54849625-5478-4994-a5ba-3e3b0328c30d}"},"name":"Microsoft Windows","vendor_name":"Microsoft"},"profiles":["host"],"sequence":4337129,"uid":"c3d3a4b375a241f9cbb155eec9e264c1","version":"1.4.0"},"observables":[{"name":"actor.user","type":"User","type_id":21},{"name":"actor.user.account.uid","type":"Account Object: uid","type_id":35,"value":"TAF\\Administrator"},{"name":"actor.user.account.name","type":"Account Object: name","type_id":34,"value":"administrator"},{"name":"actor.user.name","type":"User Name","type_id":4,"value":"administrator"},{"name":"actor.user.uid","type":"User Object: uid","type_id":31,"value":"TAF\\Administrator"},{"name":"user","type":"User","type_id":21},{"name":"user.name","type":"User Name","type_id":4,"value":"dsurti_user2"},{"name":"user.account.uid","type":"Account Object: uid","type_id":35,"value":"TAF\\dsurti_user2"},{"name":"user.account.name","type":"Account Object: name","type_id":34,"value":"dsurti_user2"},{"name":"user.uid","type":"User Object: uid","type_id":31,"value":"TAF\\dsurti_user2"},{"name":"device","type":"Endpoint","type_id":20},{"name":"device.hostname","type":"Hostname","type_id":1,"value":"WIN-9A3SFCUS26U.taf.local"},{"name":"group.name","type":"Group Object: name","type_id":32,"value":"Administrators"},{"name":"group.uid","type":"Group Object: uid","type_id":33,"value":"BUILTIN\\Administrators"}],"raw_data":"<?xml version=\"1.0\" ?>\n<Event xmlns=\"http://schemas.microsoft.com/win/2004/08/events/event\">\n   <System>\n      <Provider Name=\"Microsoft-Windows-Security-Auditing\" Guid=\"{54849625-5478-4994-a5ba-3e3b0328c30d}\"/>\n      <EventID>4732</EventID>\n      <Version>0</Version>\n      <Level>0</Level>\n      <Task>13826</Task>\n      <Opcode>0</Opcode>\n      <Keywords>0x8020000000000000</Keywords>\n      <TimeCreated SystemTime=\"2021-12-27T21:43:07.0154566Z\"/>\n      <EventRecordID>4337129</EventRecordID>\n      <Correlation/>\n      <Execution ProcessID=\"704\" ThreadID=\"8512\"/>\n      <Channel>Security</Channel>\n      <Computer>WIN-9A3SFCUS26U.taf.local</Computer>\n      <Security/>\n   </System>\n   <EventData>\n      <Data Name=\"MemberName\">CN=dsurti_user2,CN=Users,DC=taf,DC=local</Data>\n      <Data Name=\"MemberSid\">TAF\\dsurti_user2</Data>\n      <Data Name=\"TargetUserName\">Administrators</Data>\n      <Data Name=\"TargetDomainName\">Builtin</Data>\n      <Data Name=\"TargetSid\">BUILTIN\\Administrators</Data>\n      <Data Name=\"SubjectUserSid\">TAF\\Administrator</Data>\n      <Data Name=\"SubjectUserName\">administrator</Data>\n      <Data Name=\"SubjectDomainName\">TAF</Data>\n      <Data Name=\"SubjectLogonId\">0x219ba5</Data>\n      <Data Name=\"PrivilegeList\">-</Data>\n   </EventData>\n</Event>","severity":"Informational","severity_id":1,"status":"Success","status_id":1,"time":1640641387015,"type_name":"Group Management: Add User","type_uid":300603,"unmapped":{"EventData":{"MemberName":"CN=dsurti_user2,CN=Users,DC=taf,DC=local"},"Execution":{"ProcessID":"704","ThreadID":"8512"},"Opcode":"0","Task":"13826","event_data":{"toplevel":"local","usergroup":"Users"}},"user":{"account":{"name":"dsurti_user2","type":"Windows Account","type_id":2,"uid":"TAF\\dsurti_user2"},"domain":"TAF","name":"dsurti_user2","uid":"TAF\\dsurti_user2"}}
